Graph file: /home/ubuntu/MLC/repos/local/cache/get-ml-model-mobilenet_4af24827/mobilenet_v1_1.0_224_quant.tflite
Image dir: /home/ubuntu/MLC/repos/local/cache/get-preprocessed-dataset-imagenet_ca6f82f0
Image list: /home/ubuntu/MLC/repos/local/cache/get-preprocessed-dataset-imagenet_ca6f82f0/preprocessed_files.txt
Image size: 224
Image channels: 3
Prediction classes: 1000
Result dir: /home/mlcuser/MLC/repos/local/cache/get-mlperf-inference-results-dir_e3f7a2f6/valid_results/e9425ea7bef3-tflite_cpp-cpu-tflite-vmaster-default_config/mobilenet-v1-precision_uint8-1.0-224/singlestream/accuracy
How many images fit in memory buffer: 1024
Normalize: 1
Subtract mean: 0
Run time preprocessing: 1
Number of Threads: 6
Number of available imagefiles: 50000

Loading graph...
INFO: Created TensorFlow Lite XNNPACK delegate for CPU.
Input tensor dimensions (NHWC): 1*224*224*3
Output tensor dimensions: 1*1001
Path to user.conf : /home/ubuntu/MLC/repos/mlcommons@mlperf-automations/script/generate-mlperf-inference-user-conf/tmp/151963c7ec8b4b28a5098897ff45ba3c.conf
Model Name: mobilenet
LoadGen Scenario: SingleStream
LoadGen Mode: accuracy
