client 2025-02-27 20:29:16,345 [INFO] Creating output directory '/home/arjun/MLC/repos/local/cache/get-mlperf-inference-results-dir_e3f7a2f6/valid_results/mini-tflite_cpp-cpu-tflite-vmaster-with_live_preprocessing/mobilenet-v1-precision_float-0.5-160/singlestream/performance/tmp_power'
client 2025-02-27 20:29:16,354 [INFO] Sending command to the server: 'mlcommons/power client v3'
client 2025-02-27 20:29:16,364 [INFO] Got response: 'mlcommons/power server v3'
client 2025-02-27 20:29:16,365 [INFO] Synchronizing with the server and with time.google.com...
client 2025-02-27 20:29:16,402 [INFO] NTP:offset = -0.004 s, delay = 0.020 s 
client 2025-02-27 20:29:16,402 [INFO] Sending command to the server: 'time'
client 2025-02-27 20:29:16,414 [INFO] Got response: '1740688156.3063977'
client 2025-02-27 20:29:16,414 [INFO] The time difference between the client and the server is within range 95.820 ms..107.825 ms
client 2025-02-27 20:29:16,414 [INFO] Sending command to the server: 'new,,45ceea2c-98e5-487f-bd1b-77b4c1a33acc'
client 2025-02-27 20:29:16,428 [INFO] Got response: 'OK 2025-02-27_20-29-16,ec3cd3dd-ee20-49bc-a421-7cdfc434a0a8'
client 2025-02-27 20:29:16,428 [INFO] Session id is '2025-02-27_20-29-16'
client 2025-02-27 20:29:16,429 [INFO] Sources: {"sources": {"__init__.py": "da39a3ee5e6b4b0d3255bfef95601890afd80709", "client.py": "33ca4f26368777ac06e01f9567b714a4b8063886", "lib/__init__.py": "da39a3ee5e6b4b0d3255bfef95601890afd80709", "lib/client.py": "ac2aa093c8e8bbc9569b9e2a3471bc64e58a2258", "lib/common.py": "611d8b29633d331eb19c9455ea3b5fa3284ed6df", "lib/external/__init__.py": "da39a3ee5e6b4b0d3255bfef95601890afd80709", "lib/external/ntplib.py": "4da8f970656505a40483206ef2b5d3dd5e81711d", "lib/server.py": "9bc9a3b6b9b716520658ac175913bcbbdb354336", "lib/source_hashes.py": "60a2e02193209e8d392803326208d5466342da18", "lib/summary.py": "602a9fedfa503e5544d27ab3b0067f235047efc3", "lib/time_sync.py": "80894ef2389e540781ff78de94db16aa4203a14e", "server.py": "c3f90f2f7eeb4db30727556d0c815ebc89b3d28b", "tests/unit/__init__.py": "da39a3ee5e6b4b0d3255bfef95601890afd80709", "tests/unit/test_server.py": "948c1995d4008bc2aa6c4046a34ffa3858d6d671", "tests/unit/test_source_hashes.py": "00468a2907583c593e6574a1f6b404e4651c221a"}, "modules": {"ptd_client_server.lib.client": "lib/client.py", "ptd_client_server.lib.common": "lib/common.py", "ptd_client_server.lib.external.ntplib": "lib/external/ntplib.py", "ptd_client_server.lib.source_hashes": "lib/source_hashes.py", "ptd_client_server.lib.summary": "lib/summary.py", "ptd_client_server.lib.time_sync": "lib/time_sync.py"}}
client 2025-02-27 20:29:16,429 [INFO] Running workload in ranging mode
client 2025-02-27 20:29:16,429 [INFO] Synchronizing with the server and with time.google.com...
client 2025-02-27 20:29:16,448 [INFO] NTP:offset = -0.004 s, delay = 0.018 s 
client 2025-02-27 20:29:16,449 [INFO] Sending command to the server: 'time'
client 2025-02-27 20:29:16,466 [INFO] Got response: '1740688156.3584318'
client 2025-02-27 20:29:16,467 [INFO] The time difference between the client and the server is within range 90.720 ms..108.700 ms
client 2025-02-27 20:29:16,467 [INFO] Sending command to the server: 'session,2025-02-27_20-29-16,start,ranging'
client 2025-02-27 20:29:41,272 [INFO] Got response: 'OK'
client 2025-02-27 20:29:41,272 [INFO] Sending command to the server: 'time'
client 2025-02-27 20:29:41,282 [INFO] Got response: '1740688181.1753337'
client 2025-02-27 20:29:41,282 [INFO] The time difference between the client and the server is within range 97.460 ms..107.146 ms
client 2025-02-27 20:29:41,282 [INFO] Running the workload ' MLC_MLPERF_RUN_COUNT=$(cat ${MLC_RUN_DIR}/count.txt); echo ${MLC_MLPERF_RUN_COUNT}; MLC_MLPERF_RUN_COUNT=$((MLC_MLPERF_RUN_COUNT+1)); echo ${MLC_MLPERF_RUN_COUNT} > ${MLC_RUN_DIR}/count.txt; if [ ${MLC_MLPERF_RUN_COUNT} -eq 1 ]; then export MLC_MLPERF_USER_CONF="${MLC_MLPERF_RANGING_USER_CONF}"; else export MLC_MLPERF_USER_CONF="${MLC_MLPERF_TESTING_USER_CONF}"; fi ; /home/arjun/MLC/repos/gateoverflow@mlperf-automations/script/run-all-mlperf-models/run.out'
client 2025-02-27 20:34:42,534 [INFO] Sending command to the server: 'time'
client 2025-02-27 20:34:42,548 [INFO] Got response: '1740688482.43791'
client 2025-02-27 20:34:42,548 [INFO] The time difference between the client and the server is within range 96.292 ms..111.041 ms
client 2025-02-27 20:34:42,549 [INFO] Sending command to the server: 'session,2025-02-27_20-29-16,stop,ranging'
client 2025-02-27 20:34:54,105 [INFO] Got response: 'OK'
client 2025-02-27 20:34:54,105 [INFO] Sending command to the server: 'time'
client 2025-02-27 20:34:54,123 [INFO] Got response: '1740688494.012736'
client 2025-02-27 20:34:54,123 [INFO] The time difference between the client and the server is within range 93.001 ms..111.123 ms
client 2025-02-27 20:34:54,127 [INFO] Copying loadgen logs from '/home/arjun/MLC/repos/local/cache/get-mlperf-inference-results-dir_e3f7a2f6/valid_results/mini-tflite_cpp-cpu-tflite-vmaster-with_live_preprocessing/mobilenet-v1-precision_float-0.5-160/singlestream/performance/run_1' to '/home/arjun/MLC/repos/local/cache/get-mlperf-inference-results-dir_e3f7a2f6/valid_results/mini-tflite_cpp-cpu-tflite-vmaster-with_live_preprocessing/mobilenet-v1-precision_float-0.5-160/singlestream/performance/tmp_power/ranging'
client 2025-02-27 20:34:54,128 [INFO] Running workload in testing mode
client 2025-02-27 20:34:54,128 [INFO] Synchronizing with the server and with time.google.com...
client 2025-02-27 20:34:54,151 [INFO] NTP:offset = -0.002 s, delay = 0.022 s 
client 2025-02-27 20:34:54,151 [INFO] Sending command to the server: 'time'
client 2025-02-27 20:34:54,171 [INFO] Got response: '1740688494.0605984'
client 2025-02-27 20:34:54,171 [INFO] The time difference between the client and the server is within range 91.322 ms..111.259 ms
client 2025-02-27 20:34:54,171 [INFO] Sending command to the server: 'session,2025-02-27_20-29-16,start,testing'
client 2025-02-27 20:35:07,419 [INFO] Got response: 'OK'
client 2025-02-27 20:35:07,420 [INFO] Sending command to the server: 'time'
client 2025-02-27 20:35:07,432 [INFO] Got response: '1740688507.3204265'
client 2025-02-27 20:35:07,432 [INFO] The time difference between the client and the server is within range 99.716 ms..111.901 ms
client 2025-02-27 20:35:07,432 [INFO] Running the workload ' MLC_MLPERF_RUN_COUNT=$(cat ${MLC_RUN_DIR}/count.txt); echo ${MLC_MLPERF_RUN_COUNT}; MLC_MLPERF_RUN_COUNT=$((MLC_MLPERF_RUN_COUNT+1)); echo ${MLC_MLPERF_RUN_COUNT} > ${MLC_RUN_DIR}/count.txt; if [ ${MLC_MLPERF_RUN_COUNT} -eq 1 ]; then export MLC_MLPERF_USER_CONF="${MLC_MLPERF_RANGING_USER_CONF}"; else export MLC_MLPERF_USER_CONF="${MLC_MLPERF_TESTING_USER_CONF}"; fi ; /home/arjun/MLC/repos/gateoverflow@mlperf-automations/script/run-all-mlperf-models/run.out'
client 2025-02-27 20:45:09,380 [INFO] Sending command to the server: 'time'
client 2025-02-27 20:45:09,395 [INFO] Got response: '1740689109.2784002'
client 2025-02-27 20:45:09,395 [INFO] The time difference between the client and the server is within range 102.252 ms..116.983 ms
client 2025-02-27 20:45:09,395 [INFO] Sending command to the server: 'session,2025-02-27_20-29-16,stop,testing'
client 2025-02-27 20:45:20,603 [INFO] Got response: 'OK'
client 2025-02-27 20:45:20,604 [INFO] Sending command to the server: 'time'
client 2025-02-27 20:45:20,616 [INFO] Got response: '1740689120.4992304'
client 2025-02-27 20:45:20,616 [INFO] The time difference between the client and the server is within range 104.799 ms..116.977 ms
client 2025-02-27 20:45:20,617 [INFO] Copying loadgen logs from '/home/arjun/MLC/repos/local/cache/get-mlperf-inference-results-dir_e3f7a2f6/valid_results/mini-tflite_cpp-cpu-tflite-vmaster-with_live_preprocessing/mobilenet-v1-precision_float-0.5-160/singlestream/performance/run_1' to '/home/arjun/MLC/repos/local/cache/get-mlperf-inference-results-dir_e3f7a2f6/valid_results/mini-tflite_cpp-cpu-tflite-vmaster-with_live_preprocessing/mobilenet-v1-precision_float-0.5-160/singlestream/performance/tmp_power/run_1'
client 2025-02-27 20:45:20,617 [INFO] Done runs
