client 2025-02-27 08:44:12,772 [INFO] Creating output directory '/home/arjun/MLC/repos/local/cache/get-mlperf-inference-results-dir_e3f7a2f6/valid_results/mini-tflite_cpp-cpu-tflite-vmaster-default_config/mobilenet-v2-precision_uint8-1.0-224/singlestream/performance/tmp_power'
client 2025-02-27 08:44:12,781 [INFO] Sending command to the server: 'mlcommons/power client v3'
client 2025-02-27 08:44:12,792 [INFO] Got response: 'mlcommons/power server v3'
client 2025-02-27 08:44:12,792 [INFO] Synchronizing with the server and with time.google.com...
client 2025-02-27 08:44:12,816 [INFO] NTP:offset = -0.012 s, delay = 0.020 s 
client 2025-02-27 08:44:12,816 [INFO] Sending command to the server: 'time'
client 2025-02-27 08:44:12,831 [INFO] Got response: '1740645852.7495985'
client 2025-02-27 08:44:12,831 [INFO] The time difference between the client and the server is within range 66.568 ms..81.707 ms
client 2025-02-27 08:44:12,831 [INFO] Sending command to the server: 'new,,0f00a5c5-e500-4155-80bb-7d03f75393f1'
client 2025-02-27 08:44:12,847 [INFO] Got response: 'OK 2025-02-27_08-44-12,da559595-a92a-45da-80be-32b8656b7bb8'
client 2025-02-27 08:44:12,847 [INFO] Session id is '2025-02-27_08-44-12'
client 2025-02-27 08:44:12,847 [INFO] Sources: {"sources": {"__init__.py": "da39a3ee5e6b4b0d3255bfef95601890afd80709", "client.py": "33ca4f26368777ac06e01f9567b714a4b8063886", "lib/__init__.py": "da39a3ee5e6b4b0d3255bfef95601890afd80709", "lib/client.py": "ac2aa093c8e8bbc9569b9e2a3471bc64e58a2258", "lib/common.py": "611d8b29633d331eb19c9455ea3b5fa3284ed6df", "lib/external/__init__.py": "da39a3ee5e6b4b0d3255bfef95601890afd80709", "lib/external/ntplib.py": "4da8f970656505a40483206ef2b5d3dd5e81711d", "lib/server.py": "9bc9a3b6b9b716520658ac175913bcbbdb354336", "lib/source_hashes.py": "60a2e02193209e8d392803326208d5466342da18", "lib/summary.py": "602a9fedfa503e5544d27ab3b0067f235047efc3", "lib/time_sync.py": "80894ef2389e540781ff78de94db16aa4203a14e", "server.py": "c3f90f2f7eeb4db30727556d0c815ebc89b3d28b", "tests/unit/__init__.py": "da39a3ee5e6b4b0d3255bfef95601890afd80709", "tests/unit/test_server.py": "948c1995d4008bc2aa6c4046a34ffa3858d6d671", "tests/unit/test_source_hashes.py": "00468a2907583c593e6574a1f6b404e4651c221a"}, "modules": {"ptd_client_server.lib.client": "lib/client.py", "ptd_client_server.lib.common": "lib/common.py", "ptd_client_server.lib.external.ntplib": "lib/external/ntplib.py", "ptd_client_server.lib.source_hashes": "lib/source_hashes.py", "ptd_client_server.lib.summary": "lib/summary.py", "ptd_client_server.lib.time_sync": "lib/time_sync.py"}}
client 2025-02-27 08:44:12,847 [INFO] Running workload in ranging mode
client 2025-02-27 08:44:12,847 [INFO] Synchronizing with the server and with time.google.com...
client 2025-02-27 08:44:12,867 [INFO] NTP:offset = -0.012 s, delay = 0.018 s 
client 2025-02-27 08:44:12,867 [INFO] Sending command to the server: 'time'
client 2025-02-27 08:44:12,881 [INFO] Got response: '1740645852.800149'
client 2025-02-27 08:44:12,882 [INFO] The time difference between the client and the server is within range 67.561 ms..82.020 ms
client 2025-02-27 08:44:12,882 [INFO] Sending command to the server: 'session,2025-02-27_08-44-12,start,ranging'
client 2025-02-27 08:44:37,408 [INFO] Got response: 'OK'
client 2025-02-27 08:44:37,408 [INFO] Sending command to the server: 'time'
client 2025-02-27 08:44:37,418 [INFO] Got response: '1740645877.3385158'
client 2025-02-27 08:44:37,418 [INFO] The time difference between the client and the server is within range 70.259 ms..80.424 ms
client 2025-02-27 08:44:37,419 [INFO] Running the workload ' MLC_MLPERF_RUN_COUNT=$(cat ${MLC_RUN_DIR}/count.txt); echo ${MLC_MLPERF_RUN_COUNT}; MLC_MLPERF_RUN_COUNT=$((MLC_MLPERF_RUN_COUNT+1)); echo ${MLC_MLPERF_RUN_COUNT} > ${MLC_RUN_DIR}/count.txt; if [ ${MLC_MLPERF_RUN_COUNT} -eq 1 ]; then export MLC_MLPERF_USER_CONF="${MLC_MLPERF_RANGING_USER_CONF}"; else export MLC_MLPERF_USER_CONF="${MLC_MLPERF_TESTING_USER_CONF}"; fi ; /home/arjun/MLC/repos/gateoverflow@mlperf-automations/script/run-all-mlperf-models/run.out'
client 2025-02-27 08:49:37,987 [INFO] Sending command to the server: 'time'
client 2025-02-27 08:49:38,002 [INFO] Got response: '1740646177.9133646'
client 2025-02-27 08:49:38,002 [INFO] The time difference between the client and the server is within range 73.617 ms..89.124 ms
client 2025-02-27 08:49:38,002 [INFO] Sending command to the server: 'session,2025-02-27_08-44-12,stop,ranging'
client 2025-02-27 08:49:49,135 [INFO] Got response: 'OK'
client 2025-02-27 08:49:49,135 [INFO] Sending command to the server: 'time'
client 2025-02-27 08:49:49,149 [INFO] Got response: '1740646189.0600715'
client 2025-02-27 08:49:49,149 [INFO] The time difference between the client and the server is within range 75.452 ms..89.384 ms
client 2025-02-27 08:49:49,153 [INFO] Copying loadgen logs from '/home/arjun/MLC/repos/local/cache/get-mlperf-inference-results-dir_e3f7a2f6/valid_results/mini-tflite_cpp-cpu-tflite-vmaster-default_config/mobilenet-v2-precision_uint8-1.0-224/singlestream/performance/run_1' to '/home/arjun/MLC/repos/local/cache/get-mlperf-inference-results-dir_e3f7a2f6/valid_results/mini-tflite_cpp-cpu-tflite-vmaster-default_config/mobilenet-v2-precision_uint8-1.0-224/singlestream/performance/tmp_power/ranging'
client 2025-02-27 08:49:49,154 [INFO] Running workload in testing mode
client 2025-02-27 08:49:49,154 [INFO] Synchronizing with the server and with time.google.com...
client 2025-02-27 08:49:49,174 [INFO] NTP:offset = -0.014 s, delay = 0.019 s 
client 2025-02-27 08:49:49,174 [INFO] Sending command to the server: 'time'
client 2025-02-27 08:49:49,190 [INFO] Got response: '1740646189.098158'
client 2025-02-27 08:49:49,190 [INFO] The time difference between the client and the server is within range 76.332 ms..92.469 ms
client 2025-02-27 08:49:49,190 [INFO] Sending command to the server: 'session,2025-02-27_08-44-12,start,testing'
client 2025-02-27 08:50:02,447 [INFO] Got response: 'OK'
client 2025-02-27 08:50:02,447 [INFO] Sending command to the server: 'time'
client 2025-02-27 08:50:02,459 [INFO] Got response: '1740646202.37072'
client 2025-02-27 08:50:02,460 [INFO] The time difference between the client and the server is within range 76.973 ms..89.288 ms
client 2025-02-27 08:50:02,460 [INFO] Running the workload ' MLC_MLPERF_RUN_COUNT=$(cat ${MLC_RUN_DIR}/count.txt); echo ${MLC_MLPERF_RUN_COUNT}; MLC_MLPERF_RUN_COUNT=$((MLC_MLPERF_RUN_COUNT+1)); echo ${MLC_MLPERF_RUN_COUNT} > ${MLC_RUN_DIR}/count.txt; if [ ${MLC_MLPERF_RUN_COUNT} -eq 1 ]; then export MLC_MLPERF_USER_CONF="${MLC_MLPERF_RANGING_USER_CONF}"; else export MLC_MLPERF_USER_CONF="${MLC_MLPERF_TESTING_USER_CONF}"; fi ; /home/arjun/MLC/repos/gateoverflow@mlperf-automations/script/run-all-mlperf-models/run.out'
client 2025-02-27 09:00:02,829 [INFO] Sending command to the server: 'time'
client 2025-02-27 09:00:02,845 [INFO] Got response: '1740646802.7424798'
client 2025-02-27 09:00:02,845 [INFO] The time difference between the client and the server is within range 87.189 ms..103.302 ms
client 2025-02-27 09:00:02,845 [INFO] Sending command to the server: 'session,2025-02-27_08-44-12,stop,testing'
client 2025-02-27 09:00:13,982 [INFO] Got response: 'OK'
client 2025-02-27 09:00:13,982 [INFO] Sending command to the server: 'time'
client 2025-02-27 09:00:14,001 [INFO] Got response: '1740646813.8973875'
client 2025-02-27 09:00:14,001 [INFO] The time difference between the client and the server is within range 85.438 ms..103.894 ms
client 2025-02-27 09:00:14,002 [INFO] Copying loadgen logs from '/home/arjun/MLC/repos/local/cache/get-mlperf-inference-results-dir_e3f7a2f6/valid_results/mini-tflite_cpp-cpu-tflite-vmaster-default_config/mobilenet-v2-precision_uint8-1.0-224/singlestream/performance/run_1' to '/home/arjun/MLC/repos/local/cache/get-mlperf-inference-results-dir_e3f7a2f6/valid_results/mini-tflite_cpp-cpu-tflite-vmaster-default_config/mobilenet-v2-precision_uint8-1.0-224/singlestream/performance/tmp_power/run_1'
client 2025-02-27 09:00:14,002 [INFO] Done runs
