Graph file: /home/arjun/MLC/repos/local/cache/get-ml-model-efficientnet-lite_b757925e/efficientnet-lite0/efficientnet-lite0-fp32.tflite
Image dir: /home/arjun/MLC/repos/local/cache/get-preprocessed-dataset-imagenet_8d63b7b4
Image list: /home/arjun/MLC/repos/local/cache/get-preprocessed-dataset-imagenet_8d63b7b4/preprocessed_files.txt
Image size: 224
Image channels: 3
Prediction classes: 1000
Result dir: /home/arjun/MLC/repos/local/cache/get-mlperf-inference-results-dir_efb60c2c/valid_results/phoenix_Amd_Am5-tflite_cpp-cpu-tflite-vmaster-default_config/efficientnet-fp32-lite0/singlestream/performance/run_1
How many images fit in memory buffer: 1024
Normalize: 1
Subtract mean: 0
Run time preprocessing: 0
Number of Threads: 16
Number of available imagefiles: 50000

Loading graph...
INFO: Created TensorFlow Lite XNNPACK delegate for CPU.
Input tensor dimensions (NHWC): 1*224*224*3
Output tensor dimensions: 1*1000
Path to user.conf : /home/arjun/MLC/repos/gateoverflow@mlperf-automations/script/generate-mlperf-inference-user-conf/tmp/965e801faa4544ceb1879fb358f73ff1.conf
Model Name: efficientnet
LoadGen Scenario: SingleStream
LoadGen Mode: performance
