DeepSparse, Copyright 2021-present / Neuralmagic, Inc. version: 1.8.0 COMMUNITY | (e3778e93) (release) (optimized) (system=avx2, binary=avx2)
2025-02-23 12:12:50 deepsparse.utils.onnx INFO     Generating input 'input_ids', type = int64, shape = [64, 384]
2025-02-23 12:12:50 deepsparse.utils.onnx INFO     Generating input 'attention_mask', type = int64, shape = [64, 384]
2025-02-23 12:12:50 deepsparse.utils.onnx INFO     Generating input 'token_type_ids', type = int64, shape = [64, 384]
================================================
MLPerf Results Summary
================================================
SUT name : PySUT
Scenario : Offline
Mode     : PerformanceOnly
Samples per second: 19.5205
Result is : VALID
  Min duration satisfied : Yes
  Min queries satisfied : Yes
  Early stopping satisfied: Yes

================================================
Additional Stats
================================================
Min latency (ns)                : 2166487168
Max latency (ns)                : 966879846672
Mean latency (ns)               : 368156084553
50.00 percentile latency (ns)   : 310480022124
90.00 percentile latency (ns)   : 800955042006
95.00 percentile latency (ns)   : 887467245946
97.00 percentile latency (ns)   : 921608326209
99.00 percentile latency (ns)   : 955468688929
99.90 percentile latency (ns)   : 966879709359

================================================
Test Parameters Used
================================================
samples_per_query : 18874
target_qps : 28.597
target_latency (ns): 0
max_async_queries : 1
min_duration (ms): 600000
max_duration (ms): 0
min_query_count : 1
max_query_count : 0
qsl_rng_seed : 6023615788873153749
sample_index_rng_seed : 15036839855038426416
schedule_rng_seed : 9933818062894767841
accuracy_log_rng_seed : 0
accuracy_log_probability : 0
accuracy_log_sampling_target : 0
print_timestamps : 0
performance_issue_unique : 0
performance_issue_same : 0
performance_issue_same_index : 0
performance_sample_count : 10833

No warnings encountered during test.

No errors encountered during test.
Loading ONNX model... /home/sujith/.cache/sparsezoo/neuralmagic/mobilebert-squad_wikipedia_bookcorpus-base_quantized/model.onnx
Constructing SUT...
Finished constructing SUT.
Constructing QSL...
Loading cached features from 'eval_features.pickle'...
Finished constructing QSL.
Warming up engine...
Running LoadGen test...
Done!
Destroying SUT...
Destroying QSL...
Finished destroying SUT.
Finished destroying QSL.
