client 2025-02-28 11:21:16,864 [INFO] Creating output directory '/home/arjun/MLC/repos/local/cache/get-mlperf-inference-results-dir_e3f7a2f6/valid_results/mini-tflite_cpp-cpu-tflite-vmaster-with_live_preprocessing/efficientnet-fp32-lite0/singlestream/performance/tmp_power'
client 2025-02-28 11:21:16,872 [INFO] Sending command to the server: 'mlcommons/power client v3'
client 2025-02-28 11:21:16,884 [INFO] Got response: 'mlcommons/power server v3'
client 2025-02-28 11:21:16,884 [INFO] Synchronizing with the server and with time.google.com...
client 2025-02-28 11:21:16,913 [INFO] NTP:offset = -0.004 s, delay = 0.024 s 
client 2025-02-28 11:21:16,913 [INFO] Sending command to the server: 'time'
client 2025-02-28 11:21:16,925 [INFO] Got response: '1740741676.7648032'
client 2025-02-28 11:21:16,925 [INFO] The time difference between the client and the server is within range 148.771 ms..161.138 ms
client 2025-02-28 11:21:16,926 [INFO] Sending command to the server: 'new,,7834cbec-1e57-405b-bbe6-e45815160ac6'
client 2025-02-28 11:21:16,950 [INFO] Got response: 'OK 2025-02-28_11-21-16,e8a4159b-8cfd-49d7-8a17-31fc11c380fc'
client 2025-02-28 11:21:16,950 [INFO] Session id is '2025-02-28_11-21-16'
client 2025-02-28 11:21:16,950 [INFO] Sources: {"sources": {"__init__.py": "da39a3ee5e6b4b0d3255bfef95601890afd80709", "client.py": "33ca4f26368777ac06e01f9567b714a4b8063886", "lib/__init__.py": "da39a3ee5e6b4b0d3255bfef95601890afd80709", "lib/client.py": "ac2aa093c8e8bbc9569b9e2a3471bc64e58a2258", "lib/common.py": "611d8b29633d331eb19c9455ea3b5fa3284ed6df", "lib/external/__init__.py": "da39a3ee5e6b4b0d3255bfef95601890afd80709", "lib/external/ntplib.py": "4da8f970656505a40483206ef2b5d3dd5e81711d", "lib/server.py": "9bc9a3b6b9b716520658ac175913bcbbdb354336", "lib/source_hashes.py": "60a2e02193209e8d392803326208d5466342da18", "lib/summary.py": "602a9fedfa503e5544d27ab3b0067f235047efc3", "lib/time_sync.py": "80894ef2389e540781ff78de94db16aa4203a14e", "server.py": "c3f90f2f7eeb4db30727556d0c815ebc89b3d28b", "tests/unit/__init__.py": "da39a3ee5e6b4b0d3255bfef95601890afd80709", "tests/unit/test_server.py": "948c1995d4008bc2aa6c4046a34ffa3858d6d671", "tests/unit/test_source_hashes.py": "00468a2907583c593e6574a1f6b404e4651c221a"}, "modules": {"ptd_client_server.lib.client": "lib/client.py", "ptd_client_server.lib.common": "lib/common.py", "ptd_client_server.lib.external.ntplib": "lib/external/ntplib.py", "ptd_client_server.lib.source_hashes": "lib/source_hashes.py", "ptd_client_server.lib.summary": "lib/summary.py", "ptd_client_server.lib.time_sync": "lib/time_sync.py"}}
client 2025-02-28 11:21:16,951 [INFO] Running workload in ranging mode
client 2025-02-28 11:21:16,951 [INFO] Synchronizing with the server and with time.google.com...
client 2025-02-28 11:21:16,974 [INFO] NTP:offset = -0.005 s, delay = 0.022 s 
client 2025-02-28 11:21:16,974 [INFO] Sending command to the server: 'time'
client 2025-02-28 11:21:16,985 [INFO] Got response: '1740741676.8253999'
client 2025-02-28 11:21:16,985 [INFO] The time difference between the client and the server is within range 149.271 ms..160.300 ms
client 2025-02-28 11:21:16,985 [INFO] Sending command to the server: 'session,2025-02-28_11-21-16,start,ranging'
client 2025-02-28 11:21:41,535 [INFO] Got response: 'OK'
client 2025-02-28 11:21:41,535 [INFO] Sending command to the server: 'time'
client 2025-02-28 11:21:41,547 [INFO] Got response: '1740741701.3862891'
client 2025-02-28 11:21:41,548 [INFO] The time difference between the client and the server is within range 149.587 ms..161.792 ms
client 2025-02-28 11:21:41,548 [INFO] Running the workload ' MLC_MLPERF_RUN_COUNT=$(cat ${MLC_RUN_DIR}/count.txt); echo ${MLC_MLPERF_RUN_COUNT}; MLC_MLPERF_RUN_COUNT=$((MLC_MLPERF_RUN_COUNT+1)); echo ${MLC_MLPERF_RUN_COUNT} > ${MLC_RUN_DIR}/count.txt; if [ ${MLC_MLPERF_RUN_COUNT} -eq 1 ]; then export MLC_MLPERF_USER_CONF="${MLC_MLPERF_RANGING_USER_CONF}"; else export MLC_MLPERF_USER_CONF="${MLC_MLPERF_TESTING_USER_CONF}"; fi ; /home/arjun/MLC/repos/gateoverflow@mlperf-automations/script/run-all-mlperf-models/run.out'
client 2025-02-28 11:26:42,943 [INFO] Sending command to the server: 'time'
client 2025-02-28 11:26:42,958 [INFO] Got response: '1740742002.794954'
client 2025-02-28 11:26:42,958 [INFO] The time difference between the client and the server is within range 148.209 ms..163.796 ms
client 2025-02-28 11:26:42,958 [INFO] Sending command to the server: 'session,2025-02-28_11-21-16,stop,ranging'
client 2025-02-28 11:26:54,333 [INFO] Got response: 'OK'
client 2025-02-28 11:26:54,333 [INFO] Sending command to the server: 'time'
client 2025-02-28 11:26:54,348 [INFO] Got response: '1740742014.185084'
client 2025-02-28 11:26:54,349 [INFO] The time difference between the client and the server is within range 148.581 ms..164.067 ms
client 2025-02-28 11:26:54,353 [INFO] Copying loadgen logs from '/home/arjun/MLC/repos/local/cache/get-mlperf-inference-results-dir_e3f7a2f6/valid_results/mini-tflite_cpp-cpu-tflite-vmaster-with_live_preprocessing/efficientnet-fp32-lite0/singlestream/performance/run_1' to '/home/arjun/MLC/repos/local/cache/get-mlperf-inference-results-dir_e3f7a2f6/valid_results/mini-tflite_cpp-cpu-tflite-vmaster-with_live_preprocessing/efficientnet-fp32-lite0/singlestream/performance/tmp_power/ranging'
client 2025-02-28 11:26:54,353 [INFO] Running workload in testing mode
client 2025-02-28 11:26:54,353 [INFO] Synchronizing with the server and with time.google.com...
client 2025-02-28 11:26:54,405 [INFO] NTP:offset = 0.001 s, delay = 0.035 s 
client 2025-02-28 11:26:54,405 [INFO] Sending command to the server: 'time'
client 2025-02-28 11:26:54,416 [INFO] Got response: '1740742014.2526267'
client 2025-02-28 11:26:54,417 [INFO] The time difference between the client and the server is within range 152.716 ms..164.440 ms
client 2025-02-28 11:26:54,417 [INFO] Sending command to the server: 'session,2025-02-28_11-21-16,start,testing'
client 2025-02-28 11:27:07,645 [INFO] Got response: 'OK'
client 2025-02-28 11:27:07,645 [INFO] Sending command to the server: 'time'
client 2025-02-28 11:27:07,658 [INFO] Got response: '1740742027.493193'
client 2025-02-28 11:27:07,658 [INFO] The time difference between the client and the server is within range 152.378 ms..165.567 ms
client 2025-02-28 11:27:07,658 [INFO] Running the workload ' MLC_MLPERF_RUN_COUNT=$(cat ${MLC_RUN_DIR}/count.txt); echo ${MLC_MLPERF_RUN_COUNT}; MLC_MLPERF_RUN_COUNT=$((MLC_MLPERF_RUN_COUNT+1)); echo ${MLC_MLPERF_RUN_COUNT} > ${MLC_RUN_DIR}/count.txt; if [ ${MLC_MLPERF_RUN_COUNT} -eq 1 ]; then export MLC_MLPERF_USER_CONF="${MLC_MLPERF_RANGING_USER_CONF}"; else export MLC_MLPERF_USER_CONF="${MLC_MLPERF_TESTING_USER_CONF}"; fi ; /home/arjun/MLC/repos/gateoverflow@mlperf-automations/script/run-all-mlperf-models/run.out'
client 2025-02-28 11:37:09,587 [INFO] Sending command to the server: 'time'
client 2025-02-28 11:37:09,603 [INFO] Got response: '1740742629.433069'
client 2025-02-28 11:37:09,603 [INFO] The time difference between the client and the server is within range 154.225 ms..170.532 ms
client 2025-02-28 11:37:09,603 [INFO] Sending command to the server: 'session,2025-02-28_11-21-16,stop,testing'
client 2025-02-28 11:37:20,919 [INFO] Got response: 'OK'
client 2025-02-28 11:37:20,919 [INFO] Sending command to the server: 'time'
client 2025-02-28 11:37:20,940 [INFO] Got response: '1740742640.7716353'
client 2025-02-28 11:37:20,940 [INFO] The time difference between the client and the server is within range 148.153 ms..169.325 ms
client 2025-02-28 11:37:20,942 [INFO] Copying loadgen logs from '/home/arjun/MLC/repos/local/cache/get-mlperf-inference-results-dir_e3f7a2f6/valid_results/mini-tflite_cpp-cpu-tflite-vmaster-with_live_preprocessing/efficientnet-fp32-lite0/singlestream/performance/run_1' to '/home/arjun/MLC/repos/local/cache/get-mlperf-inference-results-dir_e3f7a2f6/valid_results/mini-tflite_cpp-cpu-tflite-vmaster-with_live_preprocessing/efficientnet-fp32-lite0/singlestream/performance/tmp_power/run_1'
client 2025-02-28 11:37:20,942 [INFO] Done runs
