Graph file: /home/mlcuser/MLC/repos/local/cache/get-ml-model-mobilenet_208d3f91/mobilenet_v1_1.0_192.tflite
Image dir: /home/mlcuser/MLC/repos/local/cache/get-preprocessed-dataset-imagenet_3dcf0fd0
Image list: /home/mlcuser/MLC/repos/local/cache/get-preprocessed-dataset-imagenet_3dcf0fd0/preprocessed_files.txt
Image size: 192
Image channels: 3
Prediction classes: 1000
Result dir: /home/mlcuser/MLC/repos/local/cache/get-mlperf-inference-results-dir_338d2055/valid_results/640b615ae987-tflite_cpp-cpu-tflite-vmaster-default_config/mobilenet-v1-precision_float-1.0-192/singlestream/accuracy
How many images fit in memory buffer: 1024
Normalize: 1
Subtract mean: 0
Run time preprocessing: 0
Number of Threads: 24
Number of available imagefiles: 50000

Loading graph...
INFO: Created TensorFlow Lite XNNPACK delegate for CPU.
Input tensor dimensions (NHWC): 1*192*192*3
Output tensor dimensions: 1*1001
Path to user.conf : /home/mlcuser/MLC/repos/mlcommons@mlperf-automations/script/generate-mlperf-inference-user-conf/tmp/6a30a0cbfb6d428cb6ff7c35f8e531f2.conf
Model Name: mobilenet
LoadGen Scenario: SingleStream
LoadGen Mode: accuracy
