client 2025-02-26 19:15:39,670 [INFO] Creating output directory '/home/arjun/MLC/repos/local/cache/get-mlperf-inference-results-dir_e3f7a2f6/valid_results/mini-tflite_cpp-cpu-tflite-vmaster-default_config/mobilenet-v2-precision_float-1.0-128/singlestream/performance/tmp_power'
client 2025-02-26 19:15:39,678 [INFO] Sending command to the server: 'mlcommons/power client v3'
client 2025-02-26 19:15:39,689 [INFO] Got response: 'mlcommons/power server v3'
client 2025-02-26 19:15:39,689 [INFO] Synchronizing with the server and with time.google.com...
client 2025-02-26 19:15:39,713 [INFO] NTP:offset = -0.001 s, delay = 0.020 s 
client 2025-02-26 19:15:39,713 [INFO] Sending command to the server: 'time'
client 2025-02-26 19:15:39,726 [INFO] Got response: '1740597339.4755006'
client 2025-02-26 19:15:39,726 [INFO] The time difference between the client and the server is within range 238.171 ms..251.020 ms
client 2025-02-26 19:15:39,726 [INFO] Sending command to the server: 'new,,3039bd0d-65bb-4bf8-8849-793c305c304a'
client 2025-02-26 19:15:39,743 [INFO] Got response: 'OK 2025-02-26_19-15-39,8cb2f55a-c403-401d-a543-149c97641df9'
client 2025-02-26 19:15:39,743 [INFO] Session id is '2025-02-26_19-15-39'
client 2025-02-26 19:15:39,743 [INFO] Sources: {"sources": {"__init__.py": "da39a3ee5e6b4b0d3255bfef95601890afd80709", "client.py": "33ca4f26368777ac06e01f9567b714a4b8063886", "lib/__init__.py": "da39a3ee5e6b4b0d3255bfef95601890afd80709", "lib/client.py": "ac2aa093c8e8bbc9569b9e2a3471bc64e58a2258", "lib/common.py": "611d8b29633d331eb19c9455ea3b5fa3284ed6df", "lib/external/__init__.py": "da39a3ee5e6b4b0d3255bfef95601890afd80709", "lib/external/ntplib.py": "4da8f970656505a40483206ef2b5d3dd5e81711d", "lib/server.py": "9bc9a3b6b9b716520658ac175913bcbbdb354336", "lib/source_hashes.py": "60a2e02193209e8d392803326208d5466342da18", "lib/summary.py": "602a9fedfa503e5544d27ab3b0067f235047efc3", "lib/time_sync.py": "80894ef2389e540781ff78de94db16aa4203a14e", "server.py": "c3f90f2f7eeb4db30727556d0c815ebc89b3d28b", "tests/unit/__init__.py": "da39a3ee5e6b4b0d3255bfef95601890afd80709", "tests/unit/test_server.py": "948c1995d4008bc2aa6c4046a34ffa3858d6d671", "tests/unit/test_source_hashes.py": "00468a2907583c593e6574a1f6b404e4651c221a"}, "modules": {"ptd_client_server.lib.client": "lib/client.py", "ptd_client_server.lib.common": "lib/common.py", "ptd_client_server.lib.external.ntplib": "lib/external/ntplib.py", "ptd_client_server.lib.source_hashes": "lib/source_hashes.py", "ptd_client_server.lib.summary": "lib/summary.py", "ptd_client_server.lib.time_sync": "lib/time_sync.py"}}
client 2025-02-26 19:15:39,743 [INFO] Running workload in ranging mode
client 2025-02-26 19:15:39,743 [INFO] Synchronizing with the server and with time.google.com...
client 2025-02-26 19:15:39,764 [INFO] NTP:offset = -0.001 s, delay = 0.019 s 
client 2025-02-26 19:15:39,764 [INFO] Sending command to the server: 'time'
client 2025-02-26 19:15:39,777 [INFO] Got response: '1740597339.525539'
client 2025-02-26 19:15:39,777 [INFO] The time difference between the client and the server is within range 238.672 ms..252.070 ms
client 2025-02-26 19:15:39,777 [INFO] Sending command to the server: 'session,2025-02-26_19-15-39,start,ranging'
client 2025-02-26 19:16:04,585 [INFO] Got response: 'OK'
client 2025-02-26 19:16:04,585 [INFO] Sending command to the server: 'time'
client 2025-02-26 19:16:04,594 [INFO] Got response: '1740597364.3450172'
client 2025-02-26 19:16:04,594 [INFO] The time difference between the client and the server is within range 240.214 ms..249.284 ms
client 2025-02-26 19:16:04,594 [INFO] Running the workload ' MLC_MLPERF_RUN_COUNT=$(cat ${MLC_RUN_DIR}/count.txt); echo ${MLC_MLPERF_RUN_COUNT}; MLC_MLPERF_RUN_COUNT=$((MLC_MLPERF_RUN_COUNT+1)); echo ${MLC_MLPERF_RUN_COUNT} > ${MLC_RUN_DIR}/count.txt; if [ ${MLC_MLPERF_RUN_COUNT} -eq 1 ]; then export MLC_MLPERF_USER_CONF="${MLC_MLPERF_RANGING_USER_CONF}"; else export MLC_MLPERF_USER_CONF="${MLC_MLPERF_TESTING_USER_CONF}"; fi ; /home/arjun/MLC/repos/gateoverflow@mlperf-automations/script/run-all-mlperf-models/run.out'
client 2025-02-26 19:21:05,615 [INFO] Sending command to the server: 'time'
client 2025-02-26 19:21:05,628 [INFO] Got response: '1740597665.3730958'
client 2025-02-26 19:21:05,628 [INFO] The time difference between the client and the server is within range 242.168 ms..255.836 ms
client 2025-02-26 19:21:05,629 [INFO] Sending command to the server: 'session,2025-02-26_19-15-39,stop,ranging'
client 2025-02-26 19:21:17,116 [INFO] Got response: 'OK'
client 2025-02-26 19:21:17,116 [INFO] Sending command to the server: 'time'
client 2025-02-26 19:21:17,132 [INFO] Got response: '1740597676.8715935'
client 2025-02-26 19:21:17,132 [INFO] The time difference between the client and the server is within range 244.787 ms..260.695 ms
client 2025-02-26 19:21:17,136 [INFO] Copying loadgen logs from '/home/arjun/MLC/repos/local/cache/get-mlperf-inference-results-dir_e3f7a2f6/valid_results/mini-tflite_cpp-cpu-tflite-vmaster-default_config/mobilenet-v2-precision_float-1.0-128/singlestream/performance/run_1' to '/home/arjun/MLC/repos/local/cache/get-mlperf-inference-results-dir_e3f7a2f6/valid_results/mini-tflite_cpp-cpu-tflite-vmaster-default_config/mobilenet-v2-precision_float-1.0-128/singlestream/performance/tmp_power/ranging'
client 2025-02-26 19:21:17,136 [INFO] Running workload in testing mode
client 2025-02-26 19:21:17,137 [INFO] Synchronizing with the server and with time.google.com...
client 2025-02-26 19:21:17,161 [INFO] NTP:offset = 0.001 s, delay = 0.023 s 
client 2025-02-26 19:21:17,161 [INFO] Sending command to the server: 'time'
client 2025-02-26 19:21:17,174 [INFO] Got response: '1740597676.9164436'
client 2025-02-26 19:21:17,175 [INFO] The time difference between the client and the server is within range 245.030 ms..258.612 ms
client 2025-02-26 19:21:17,175 [INFO] Sending command to the server: 'session,2025-02-26_19-15-39,start,testing'
client 2025-02-26 19:21:30,422 [INFO] Got response: 'OK'
client 2025-02-26 19:21:30,422 [INFO] Sending command to the server: 'time'
client 2025-02-26 19:21:30,439 [INFO] Got response: '1740597690.1810148'
client 2025-02-26 19:21:30,439 [INFO] The time difference between the client and the server is within range 241.330 ms..258.299 ms
client 2025-02-26 19:21:30,439 [INFO] Running the workload ' MLC_MLPERF_RUN_COUNT=$(cat ${MLC_RUN_DIR}/count.txt); echo ${MLC_MLPERF_RUN_COUNT}; MLC_MLPERF_RUN_COUNT=$((MLC_MLPERF_RUN_COUNT+1)); echo ${MLC_MLPERF_RUN_COUNT} > ${MLC_RUN_DIR}/count.txt; if [ ${MLC_MLPERF_RUN_COUNT} -eq 1 ]; then export MLC_MLPERF_USER_CONF="${MLC_MLPERF_RANGING_USER_CONF}"; else export MLC_MLPERF_USER_CONF="${MLC_MLPERF_TESTING_USER_CONF}"; fi ; /home/arjun/MLC/repos/gateoverflow@mlperf-automations/script/run-all-mlperf-models/run.out'
client 2025-02-26 19:31:31,530 [INFO] Sending command to the server: 'time'
client 2025-02-26 19:31:31,548 [INFO] Got response: '1740598291.2743073'
client 2025-02-26 19:31:31,549 [INFO] The time difference between the client and the server is within range 255.672 ms..274.771 ms
client 2025-02-26 19:31:31,549 [INFO] Sending command to the server: 'session,2025-02-26_19-15-39,stop,testing'
client 2025-02-26 19:31:42,777 [INFO] Got response: 'OK'
client 2025-02-26 19:31:42,778 [INFO] Sending command to the server: 'time'
client 2025-02-26 19:31:42,790 [INFO] Got response: '1740598302.5189934'
client 2025-02-26 19:31:42,790 [INFO] The time difference between the client and the server is within range 259.088 ms..271.250 ms
client 2025-02-26 19:31:42,791 [INFO] Copying loadgen logs from '/home/arjun/MLC/repos/local/cache/get-mlperf-inference-results-dir_e3f7a2f6/valid_results/mini-tflite_cpp-cpu-tflite-vmaster-default_config/mobilenet-v2-precision_float-1.0-128/singlestream/performance/run_1' to '/home/arjun/MLC/repos/local/cache/get-mlperf-inference-results-dir_e3f7a2f6/valid_results/mini-tflite_cpp-cpu-tflite-vmaster-default_config/mobilenet-v2-precision_float-1.0-128/singlestream/performance/tmp_power/run_1'
client 2025-02-26 19:31:42,791 [INFO] Done runs
