Couldn't find any of the following OpenCL library: libOpenCL.so libGLES_mali.so libmali.so 
Graph file: /home/ubuntu/MLC/repos/local/cache/get-ml-model-efficientnet-lite_782212cb/efficientnet-lite1/efficientnet-lite1-fp32.tflite
Image dir: /home/ubuntu/MLC/repos/local/cache/get-preprocessed-dataset-imagenet_02af9def
Image list: /home/ubuntu/MLC/repos/local/cache/get-preprocessed-dataset-imagenet_02af9def/preprocessed_files.txt
Image size: 240
Image channels: 3
Prediction classes: 1000
Result dir: /home/ubuntu/MLC/repos/local/cache/get-mlperf-inference-results-dir_fcfaf3d8/valid_results/i_0a716b830339a23f1-tflite_armnn_cpp-cpu-armnn_tflite-v23.11-using_neon_with_live_preprocessing/efficientnet-fp32-lite1/singlestream/performance/run_1
How many images fit in memory buffer: 1024
Normalize: 1
Subtract mean: 0
Run time preprocessing: 1
Number of Threads: 8
Number of available imagefiles: 50000

Loading graph...
************* Type 2
Output tensor dimensions: 1*1000
Path to mlperf.conf : /home/ubuntu/MLC/repos/local/cache/get-git-repo_66e84eba/inference/mlperf.conf
Path to user.conf : /home/ubuntu/MLC/repos/gateoverflow@mlperf-automations/script/generate-mlperf-inference-user-conf/tmp/b899262d889846ad8caa88d906559b5b.conf
Model Name: efficientnet
LoadGen Scenario: SingleStream
LoadGen Mode: performance
