client 2025-02-27 03:59:57,809 [INFO] Creating output directory '/home/arjun/MLC/repos/local/cache/get-mlperf-inference-results-dir_e3f7a2f6/valid_results/mini-tflite_cpp-cpu-tflite-vmaster-default_config/mobilenet-v1-precision_uint8-0.75-224/singlestream/performance/tmp_power'
client 2025-02-27 03:59:57,818 [INFO] Sending command to the server: 'mlcommons/power client v3'
client 2025-02-27 03:59:57,829 [INFO] Got response: 'mlcommons/power server v3'
client 2025-02-27 03:59:57,829 [INFO] Synchronizing with the server and with time.google.com...
client 2025-02-27 03:59:57,853 [INFO] NTP:offset = -0.004 s, delay = 0.020 s 
client 2025-02-27 03:59:57,853 [INFO] Sending command to the server: 'time'
client 2025-02-27 03:59:57,863 [INFO] Got response: '1740628797.659371'
client 2025-02-27 03:59:57,864 [INFO] The time difference between the client and the server is within range 193.921 ms..204.715 ms
client 2025-02-27 03:59:57,864 [INFO] Sending command to the server: 'new,,badca9b0-d13f-4f31-bd27-712ded6c7543'
client 2025-02-27 03:59:57,883 [INFO] Got response: 'OK 2025-02-27_03-59-57,53678c29-6869-4eac-942a-e42cc6c97496'
client 2025-02-27 03:59:57,883 [INFO] Session id is '2025-02-27_03-59-57'
client 2025-02-27 03:59:57,883 [INFO] Sources: {"sources": {"__init__.py": "da39a3ee5e6b4b0d3255bfef95601890afd80709", "client.py": "33ca4f26368777ac06e01f9567b714a4b8063886", "lib/__init__.py": "da39a3ee5e6b4b0d3255bfef95601890afd80709", "lib/client.py": "ac2aa093c8e8bbc9569b9e2a3471bc64e58a2258", "lib/common.py": "611d8b29633d331eb19c9455ea3b5fa3284ed6df", "lib/external/__init__.py": "da39a3ee5e6b4b0d3255bfef95601890afd80709", "lib/external/ntplib.py": "4da8f970656505a40483206ef2b5d3dd5e81711d", "lib/server.py": "9bc9a3b6b9b716520658ac175913bcbbdb354336", "lib/source_hashes.py": "60a2e02193209e8d392803326208d5466342da18", "lib/summary.py": "602a9fedfa503e5544d27ab3b0067f235047efc3", "lib/time_sync.py": "80894ef2389e540781ff78de94db16aa4203a14e", "server.py": "c3f90f2f7eeb4db30727556d0c815ebc89b3d28b", "tests/unit/__init__.py": "da39a3ee5e6b4b0d3255bfef95601890afd80709", "tests/unit/test_server.py": "948c1995d4008bc2aa6c4046a34ffa3858d6d671", "tests/unit/test_source_hashes.py": "00468a2907583c593e6574a1f6b404e4651c221a"}, "modules": {"ptd_client_server.lib.client": "lib/client.py", "ptd_client_server.lib.common": "lib/common.py", "ptd_client_server.lib.external.ntplib": "lib/external/ntplib.py", "ptd_client_server.lib.source_hashes": "lib/source_hashes.py", "ptd_client_server.lib.summary": "lib/summary.py", "ptd_client_server.lib.time_sync": "lib/time_sync.py"}}
client 2025-02-27 03:59:57,884 [INFO] Running workload in ranging mode
client 2025-02-27 03:59:57,884 [INFO] Synchronizing with the server and with time.google.com...
client 2025-02-27 03:59:57,904 [INFO] NTP:offset = -0.004 s, delay = 0.019 s 
client 2025-02-27 03:59:57,904 [INFO] Sending command to the server: 'time'
client 2025-02-27 03:59:57,919 [INFO] Got response: '1740628797.712022'
client 2025-02-27 03:59:57,919 [INFO] The time difference between the client and the server is within range 192.864 ms..207.433 ms
client 2025-02-27 03:59:57,919 [INFO] Sending command to the server: 'session,2025-02-27_03-59-57,start,ranging'
client 2025-02-27 04:00:22,469 [INFO] Got response: 'OK'
client 2025-02-27 04:00:22,469 [INFO] Sending command to the server: 'time'
client 2025-02-27 04:00:22,480 [INFO] Got response: '1740628822.2753456'
client 2025-02-27 04:00:22,480 [INFO] The time difference between the client and the server is within range 194.015 ms..205.561 ms
client 2025-02-27 04:00:22,480 [INFO] Running the workload ' MLC_MLPERF_RUN_COUNT=$(cat ${MLC_RUN_DIR}/count.txt); echo ${MLC_MLPERF_RUN_COUNT}; MLC_MLPERF_RUN_COUNT=$((MLC_MLPERF_RUN_COUNT+1)); echo ${MLC_MLPERF_RUN_COUNT} > ${MLC_RUN_DIR}/count.txt; if [ ${MLC_MLPERF_RUN_COUNT} -eq 1 ]; then export MLC_MLPERF_USER_CONF="${MLC_MLPERF_RANGING_USER_CONF}"; else export MLC_MLPERF_USER_CONF="${MLC_MLPERF_TESTING_USER_CONF}"; fi ; /home/arjun/MLC/repos/gateoverflow@mlperf-automations/script/run-all-mlperf-models/run.out'
client 2025-02-27 04:05:23,051 [INFO] Sending command to the server: 'time'
client 2025-02-27 04:05:23,067 [INFO] Got response: '1740629122.8549416'
client 2025-02-27 04:05:23,067 [INFO] The time difference between the client and the server is within range 196.264 ms..212.216 ms
client 2025-02-27 04:05:23,067 [INFO] Sending command to the server: 'session,2025-02-27_03-59-57,stop,ranging'
client 2025-02-27 04:05:34,091 [INFO] Got response: 'OK'
client 2025-02-27 04:05:34,092 [INFO] Sending command to the server: 'time'
client 2025-02-27 04:05:34,106 [INFO] Got response: '1740629133.8949368'
client 2025-02-27 04:05:34,106 [INFO] The time difference between the client and the server is within range 197.077 ms..211.878 ms
client 2025-02-27 04:05:34,110 [INFO] Copying loadgen logs from '/home/arjun/MLC/repos/local/cache/get-mlperf-inference-results-dir_e3f7a2f6/valid_results/mini-tflite_cpp-cpu-tflite-vmaster-default_config/mobilenet-v1-precision_uint8-0.75-224/singlestream/performance/run_1' to '/home/arjun/MLC/repos/local/cache/get-mlperf-inference-results-dir_e3f7a2f6/valid_results/mini-tflite_cpp-cpu-tflite-vmaster-default_config/mobilenet-v1-precision_uint8-0.75-224/singlestream/performance/tmp_power/ranging'
client 2025-02-27 04:05:34,111 [INFO] Running workload in testing mode
client 2025-02-27 04:05:34,111 [INFO] Synchronizing with the server and with time.google.com...
client 2025-02-27 04:05:34,131 [INFO] NTP:offset = -0.004 s, delay = 0.019 s 
client 2025-02-27 04:05:34,132 [INFO] Sending command to the server: 'time'
client 2025-02-27 04:05:34,152 [INFO] Got response: '1740629133.9402528'
client 2025-02-27 04:05:34,152 [INFO] The time difference between the client and the server is within range 191.846 ms..212.190 ms
client 2025-02-27 04:05:34,152 [INFO] Sending command to the server: 'session,2025-02-27_03-59-57,start,testing'
client 2025-02-27 04:05:47,400 [INFO] Got response: 'OK'
client 2025-02-27 04:05:47,400 [INFO] Sending command to the server: 'time'
client 2025-02-27 04:05:47,413 [INFO] Got response: '1740629147.2013502'
client 2025-02-27 04:05:47,413 [INFO] The time difference between the client and the server is within range 199.278 ms..212.436 ms
client 2025-02-27 04:05:47,413 [INFO] Running the workload ' MLC_MLPERF_RUN_COUNT=$(cat ${MLC_RUN_DIR}/count.txt); echo ${MLC_MLPERF_RUN_COUNT}; MLC_MLPERF_RUN_COUNT=$((MLC_MLPERF_RUN_COUNT+1)); echo ${MLC_MLPERF_RUN_COUNT} > ${MLC_RUN_DIR}/count.txt; if [ ${MLC_MLPERF_RUN_COUNT} -eq 1 ]; then export MLC_MLPERF_USER_CONF="${MLC_MLPERF_RANGING_USER_CONF}"; else export MLC_MLPERF_USER_CONF="${MLC_MLPERF_TESTING_USER_CONF}"; fi ; /home/arjun/MLC/repos/gateoverflow@mlperf-automations/script/run-all-mlperf-models/run.out'
client 2025-02-27 04:15:47,789 [INFO] Sending command to the server: 'time'
client 2025-02-27 04:15:47,803 [INFO] Got response: '1740629747.582383'
client 2025-02-27 04:15:47,804 [INFO] The time difference between the client and the server is within range 207.162 ms..221.688 ms
client 2025-02-27 04:15:47,804 [INFO] Sending command to the server: 'session,2025-02-27_03-59-57,stop,testing'
client 2025-02-27 04:15:58,629 [INFO] Got response: 'OK'
client 2025-02-27 04:15:58,629 [INFO] Sending command to the server: 'time'
client 2025-02-27 04:15:58,640 [INFO] Got response: '1740629758.4189658'
client 2025-02-27 04:15:58,640 [INFO] The time difference between the client and the server is within range 210.710 ms..221.933 ms
client 2025-02-27 04:15:58,641 [INFO] Copying loadgen logs from '/home/arjun/MLC/repos/local/cache/get-mlperf-inference-results-dir_e3f7a2f6/valid_results/mini-tflite_cpp-cpu-tflite-vmaster-default_config/mobilenet-v1-precision_uint8-0.75-224/singlestream/performance/run_1' to '/home/arjun/MLC/repos/local/cache/get-mlperf-inference-results-dir_e3f7a2f6/valid_results/mini-tflite_cpp-cpu-tflite-vmaster-default_config/mobilenet-v1-precision_uint8-0.75-224/singlestream/performance/tmp_power/run_1'
client 2025-02-27 04:15:58,642 [INFO] Done runs
