Couldn't find any of the following OpenCL library: libOpenCL.so libGLES_mali.so libmali.so 
Graph file: /home/ubuntu/MLC/repos/local/cache/get-ml-model-mobilenet_2f427b3e/v3-large-minimalistic_224_1.0_float/v3-large-minimalistic_224_1.0_float.tflite
Image dir: /home/ubuntu/MLC/repos/local/cache/get-preprocessed-dataset-imagenet_2f124ebd
Image list: /home/ubuntu/MLC/repos/local/cache/get-preprocessed-dataset-imagenet_2f124ebd/preprocessed_files.txt
Image size: 224
Image channels: 3
Prediction classes: 1000
Result dir: /home/ubuntu/MLC/repos/local/cache/get-mlperf-inference-results-dir_4c2d172b/valid_results/i_028009bc970f9cd9c-tflite_armnn_cpp-cpu-armnn_tflite-v23.11-using_neon/mobilenet-v3-precision_float-large-minimalistic-224/singlestream/accuracy
How many images fit in memory buffer: 1024
Normalize: 1
Subtract mean: 0
Run time preprocessing: 0
Number of Threads: 8
Number of available imagefiles: 50000

Loading graph...
************* Type 1
Output tensor dimensions: 1*1001
Path to mlperf.conf : /home/ubuntu/MLC/repos/local/cache/get-git-repo_7f49fa1f/inference/mlperf.conf
Path to user.conf : /home/ubuntu/MLC/repos/gateoverflow@mlperf-automations/script/generate-mlperf-inference-user-conf/tmp/71d28f2bfbd043ee871f37bf075d45af.conf
Model Name: mobilenet
LoadGen Scenario: SingleStream
LoadGen Mode: accuracy
