Couldn't find any of the following OpenCL library: libOpenCL.so libGLES_mali.so libmali.so 
Graph file: /home/ubuntu/MLC/repos/local/cache/get-ml-model-mobilenet_97e827b3/mobilenet_v1_0.25_192.tflite
Image dir: /home/ubuntu/MLC/repos/local/cache/get-preprocessed-dataset-imagenet_54e9162f
Image list: /home/ubuntu/MLC/repos/local/cache/get-preprocessed-dataset-imagenet_54e9162f/preprocessed_files.txt
Image size: 192
Image channels: 3
Prediction classes: 1000
Result dir: /home/ubuntu/MLC/repos/local/cache/get-mlperf-inference-results-dir_01f3a574/valid_results/i_052a879cc37a64c97-tflite_armnn_cpp-cpu-armnn_tflite-v23.11-using_neon_with_live_preprocessing/mobilenet-v1-precision_float-0.25-192/singlestream/performance/run_1
How many images fit in memory buffer: 1024
Normalize: 1
Subtract mean: 0
Run time preprocessing: 1
Number of Threads: 8
Number of available imagefiles: 50000

Loading graph...
************* Type 2
Output tensor dimensions: 1*1001
Path to mlperf.conf : /home/ubuntu/MLC/repos/local/cache/get-git-repo_64884f69/inference/mlperf.conf
Path to user.conf : /home/ubuntu/MLC/repos/gateoverflow@mlperf-automations/script/generate-mlperf-inference-user-conf/tmp/c0334b05d7fb4905b26b1e6395666542.conf
Model Name: mobilenet
LoadGen Scenario: SingleStream
LoadGen Mode: performance
