Graph file: /home/ubuntu/MLC/repos/local/cache/get-ml-model-efficientnet-lite_77acc813/efficientnet-lite1/efficientnet-lite1-fp32.tflite
Image dir: /home/ubuntu/MLC/repos/local/cache/get-preprocessed-dataset-imagenet_6dfc1d2b
Image list: /home/ubuntu/MLC/repos/local/cache/get-preprocessed-dataset-imagenet_6dfc1d2b/preprocessed_files.txt
Image size: 240
Image channels: 3
Prediction classes: 1000
Result dir: /home/ubuntu/MLC/repos/local/cache/get-mlperf-inference-results-dir_4228e285/valid_results/i_0f5d227488e14170d-tflite_cpp-cpu-tflite-vmaster-default_config/efficientnet-fp32-lite1/singlestream/performance/run_1
How many images fit in memory buffer: 1024
Normalize: 1
Subtract mean: 0
Run time preprocessing: 0
Number of Threads: 8
Number of available imagefiles: 50000

Loading graph...
INFO: Created TensorFlow Lite XNNPACK delegate for CPU.
Input tensor dimensions (NHWC): 1*240*240*3
Output tensor dimensions: 1*1000
Path to user.conf : /home/ubuntu/MLC/repos/gateoverflow@mlperf-automations/script/generate-mlperf-inference-user-conf/tmp/85678f9385194b749002c1a9f5f3c848.conf
Model Name: efficientnet
LoadGen Scenario: SingleStream
LoadGen Mode: performance
