Graph file: /home/mlcuser/MLC/repos/local/cache/get-ml-model-mobilenet_338f4aab/mobilenet_v1_0.25_128.tflite
Image dir: /home/mlcuser/MLC/repos/local/cache/get-preprocessed-dataset-imagenet_e8b5c1de
Image list: /home/mlcuser/MLC/repos/local/cache/get-preprocessed-dataset-imagenet_e8b5c1de/preprocessed_files.txt
Image size: 128
Image channels: 3
Prediction classes: 1000
Result dir: /home/mlcuser/MLC/repos/local/cache/get-mlperf-inference-results-dir_338d2055/valid_results/640b615ae987-tflite_cpp-cpu-tflite-vmaster-with_live_preprocessing/mobilenet-v1-precision_float-0.25-128/singlestream/performance/run_1
How many images fit in memory buffer: 1024
Normalize: 1
Subtract mean: 0
Run time preprocessing: 1
Number of Threads: 48
Number of available imagefiles: 50000

Loading graph...
INFO: Created TensorFlow Lite XNNPACK delegate for CPU.
Input tensor dimensions (NHWC): 1*128*128*3
Output tensor dimensions: 1*1001
Path to user.conf : /home/mlcuser/MLC/repos/mlcommons@mlperf-automations/script/generate-mlperf-inference-user-conf/tmp/1b17a209e6dd48d581435f5c4ae79c95.conf
Model Name: mobilenet
LoadGen Scenario: SingleStream
LoadGen Mode: performance
