Graph file: /home/mlcuser/MLC/repos/local/cache/get-ml-model-mobilenet_fa7fe93f/v3-large_224_1.0_uint8/v3-large_224_1.0_uint8.tflite
Image dir: /home/mlcuser/MLC/repos/local/cache/get-preprocessed-dataset-imagenet_4819cfbc
Image list: /home/mlcuser/MLC/repos/local/cache/get-preprocessed-dataset-imagenet_4819cfbc/preprocessed_files.txt
Image size: 224
Image channels: 3
Prediction classes: 1000
Result dir: /home/mlcuser/MLC/repos/local/cache/get-mlperf-inference-results-dir_efb60c2c/valid_results/8a15d68f4cec-tflite_cpp-cpu-tflite-vmaster-default_config/mobilenet-v3-precision_uint8-large-224/singlestream/performance/run_1
How many images fit in memory buffer: 1024
Normalize: 1
Subtract mean: 0
Run time preprocessing: 1
Number of Threads: 16
Number of available imagefiles: 50000

Loading graph...
INFO: Created TensorFlow Lite XNNPACK delegate for CPU.
Input tensor dimensions (NHWC): 1*224*224*3
Output tensor dimensions: 1*1001
Path to user.conf : /home/mlcuser/MLC/repos/gateoverflow@mlperf-automations/script/generate-mlperf-inference-user-conf/tmp/c265ab13a3df4f5f89c1d072bb1e4907.conf
Model Name: mobilenet
LoadGen Scenario: SingleStream
LoadGen Mode: performance
