Graph file: /home/ubuntu/MLC/repos/local/cache/get-ml-model-efficientnet-lite_720efa0b/efficientnet-lite2/efficientnet-lite2-fp32.tflite
Image dir: /home/ubuntu/MLC/repos/local/cache/get-preprocessed-dataset-imagenet_a0b3ad72
Image list: /home/ubuntu/MLC/repos/local/cache/get-preprocessed-dataset-imagenet_a0b3ad72/preprocessed_files.txt
Image size: 260
Image channels: 3
Prediction classes: 1000
Result dir: /home/ubuntu/MLC/repos/local/cache/get-mlperf-inference-results-dir_9f8445db/valid_results/i_06a0fc1c2eadb7d9f-tflite_cpp-cpu-tflite-vmaster-with_live_preprocessing/efficientnet-fp32-lite2/singlestream/accuracy
How many images fit in memory buffer: 1024
Normalize: 1
Subtract mean: 0
Run time preprocessing: 1
Number of Threads: 2
Number of available imagefiles: 50000

Loading graph...
INFO: Created TensorFlow Lite XNNPACK delegate for CPU.
Input tensor dimensions (NHWC): 1*260*260*3
Output tensor dimensions: 1*1000
Path to user.conf : /home/ubuntu/MLC/repos/gateoverflow@mlperf-automations/script/generate-mlperf-inference-user-conf/tmp/d9ddf83ee7ff4fae8dc3a6149c77191c.conf
Model Name: efficientnet
LoadGen Scenario: SingleStream
LoadGen Mode: accuracy
