client 2025-02-26 14:54:41,892 [INFO] Creating output directory '/home/arjun/MLC/repos/local/cache/get-mlperf-inference-results-dir_e3f7a2f6/valid_results/mini-tflite_cpp-cpu-tflite-vmaster-default_config/mobilenet-v1-precision_float-0.75-192/singlestream/performance/tmp_power'
client 2025-02-26 14:54:41,902 [INFO] Sending command to the server: 'mlcommons/power client v3'
client 2025-02-26 14:54:41,915 [INFO] Got response: 'mlcommons/power server v3'
client 2025-02-26 14:54:41,915 [INFO] Synchronizing with the server and with time.google.com...
client 2025-02-26 14:54:41,939 [INFO] NTP:offset = -0.024 s, delay = 0.019 s 
client 2025-02-26 14:54:41,939 [INFO] Sending command to the server: 'time'
client 2025-02-26 14:54:41,952 [INFO] Got response: '1740581681.8310072'
client 2025-02-26 14:54:41,953 [INFO] The time difference between the client and the server is within range 108.872 ms..122.092 ms
client 2025-02-26 14:54:41,953 [INFO] Sending command to the server: 'new,,d74cc2f1-d69d-4eed-997b-bb87d44d9f3f'
client 2025-02-26 14:54:41,967 [INFO] Got response: 'OK 2025-02-26_14-54-41,50a4c752-4905-4afa-9068-1d94b2c24dee'
client 2025-02-26 14:54:41,967 [INFO] Session id is '2025-02-26_14-54-41'
client 2025-02-26 14:54:41,968 [INFO] Sources: {"sources": {"__init__.py": "da39a3ee5e6b4b0d3255bfef95601890afd80709", "client.py": "33ca4f26368777ac06e01f9567b714a4b8063886", "lib/__init__.py": "da39a3ee5e6b4b0d3255bfef95601890afd80709", "lib/client.py": "ac2aa093c8e8bbc9569b9e2a3471bc64e58a2258", "lib/common.py": "611d8b29633d331eb19c9455ea3b5fa3284ed6df", "lib/external/__init__.py": "da39a3ee5e6b4b0d3255bfef95601890afd80709", "lib/external/ntplib.py": "4da8f970656505a40483206ef2b5d3dd5e81711d", "lib/server.py": "9bc9a3b6b9b716520658ac175913bcbbdb354336", "lib/source_hashes.py": "60a2e02193209e8d392803326208d5466342da18", "lib/summary.py": "602a9fedfa503e5544d27ab3b0067f235047efc3", "lib/time_sync.py": "80894ef2389e540781ff78de94db16aa4203a14e", "server.py": "c3f90f2f7eeb4db30727556d0c815ebc89b3d28b", "tests/unit/__init__.py": "da39a3ee5e6b4b0d3255bfef95601890afd80709", "tests/unit/test_server.py": "948c1995d4008bc2aa6c4046a34ffa3858d6d671", "tests/unit/test_source_hashes.py": "00468a2907583c593e6574a1f6b404e4651c221a"}, "modules": {"ptd_client_server.lib.client": "lib/client.py", "ptd_client_server.lib.common": "lib/common.py", "ptd_client_server.lib.external.ntplib": "lib/external/ntplib.py", "ptd_client_server.lib.source_hashes": "lib/source_hashes.py", "ptd_client_server.lib.summary": "lib/summary.py", "ptd_client_server.lib.time_sync": "lib/time_sync.py"}}
client 2025-02-26 14:54:41,968 [INFO] Running workload in ranging mode
client 2025-02-26 14:54:41,968 [INFO] Synchronizing with the server and with time.google.com...
client 2025-02-26 14:54:41,990 [INFO] NTP:offset = -0.024 s, delay = 0.021 s 
client 2025-02-26 14:54:41,990 [INFO] Sending command to the server: 'time'
client 2025-02-26 14:54:42,003 [INFO] Got response: '1740581681.881991'
client 2025-02-26 14:54:42,004 [INFO] The time difference between the client and the server is within range 108.847 ms..122.071 ms
client 2025-02-26 14:54:42,004 [INFO] Sending command to the server: 'session,2025-02-26_14-54-41,start,ranging'
client 2025-02-26 14:55:06,487 [INFO] Got response: 'OK'
client 2025-02-26 14:55:06,488 [INFO] Sending command to the server: 'time'
client 2025-02-26 14:55:06,498 [INFO] Got response: '1740581706.3769493'
client 2025-02-26 14:55:06,498 [INFO] The time difference between the client and the server is within range 111.038 ms..121.722 ms
client 2025-02-26 14:55:06,498 [INFO] Running the workload ' MLC_MLPERF_RUN_COUNT=$(cat ${MLC_RUN_DIR}/count.txt); echo ${MLC_MLPERF_RUN_COUNT}; MLC_MLPERF_RUN_COUNT=$((MLC_MLPERF_RUN_COUNT+1)); echo ${MLC_MLPERF_RUN_COUNT} > ${MLC_RUN_DIR}/count.txt; if [ ${MLC_MLPERF_RUN_COUNT} -eq 1 ]; then export MLC_MLPERF_USER_CONF="${MLC_MLPERF_RANGING_USER_CONF}"; else export MLC_MLPERF_USER_CONF="${MLC_MLPERF_TESTING_USER_CONF}"; fi ; /home/arjun/MLC/repos/gateoverflow@mlperf-automations/script/run-all-mlperf-models/run.out'
client 2025-02-26 15:00:07,517 [INFO] Sending command to the server: 'time'
client 2025-02-26 15:00:07,530 [INFO] Got response: '1740582007.3984005'
client 2025-02-26 15:00:07,530 [INFO] The time difference between the client and the server is within range 118.941 ms..132.155 ms
client 2025-02-26 15:00:07,530 [INFO] Sending command to the server: 'session,2025-02-26_14-54-41,stop,ranging'
client 2025-02-26 15:00:18,838 [INFO] Got response: 'OK'
client 2025-02-26 15:00:18,838 [INFO] Sending command to the server: 'time'
client 2025-02-26 15:00:18,849 [INFO] Got response: '1740582018.7177846'
client 2025-02-26 15:00:18,849 [INFO] The time difference between the client and the server is within range 121.011 ms..131.857 ms
client 2025-02-26 15:00:18,853 [INFO] Copying loadgen logs from '/home/arjun/MLC/repos/local/cache/get-mlperf-inference-results-dir_e3f7a2f6/valid_results/mini-tflite_cpp-cpu-tflite-vmaster-default_config/mobilenet-v1-precision_float-0.75-192/singlestream/performance/run_1' to '/home/arjun/MLC/repos/local/cache/get-mlperf-inference-results-dir_e3f7a2f6/valid_results/mini-tflite_cpp-cpu-tflite-vmaster-default_config/mobilenet-v1-precision_float-0.75-192/singlestream/performance/tmp_power/ranging'
client 2025-02-26 15:00:18,854 [INFO] Running workload in testing mode
client 2025-02-26 15:00:18,854 [INFO] Synchronizing with the server and with time.google.com...
client 2025-02-26 15:00:18,874 [INFO] NTP:offset = -0.029 s, delay = 0.019 s 
client 2025-02-26 15:00:18,874 [INFO] Sending command to the server: 'time'
client 2025-02-26 15:00:18,886 [INFO] Got response: '1740582018.7545633'
client 2025-02-26 15:00:18,887 [INFO] The time difference between the client and the server is within range 120.096 ms..132.561 ms
client 2025-02-26 15:00:18,887 [INFO] Sending command to the server: 'session,2025-02-26_14-54-41,start,testing'
client 2025-02-26 15:00:32,040 [INFO] Got response: 'OK'
client 2025-02-26 15:00:32,040 [INFO] Sending command to the server: 'time'
client 2025-02-26 15:00:32,050 [INFO] Got response: '1740582031.9183974'
client 2025-02-26 15:00:32,050 [INFO] The time difference between the client and the server is within range 121.821 ms..132.132 ms
client 2025-02-26 15:00:32,050 [INFO] Running the workload ' MLC_MLPERF_RUN_COUNT=$(cat ${MLC_RUN_DIR}/count.txt); echo ${MLC_MLPERF_RUN_COUNT}; MLC_MLPERF_RUN_COUNT=$((MLC_MLPERF_RUN_COUNT+1)); echo ${MLC_MLPERF_RUN_COUNT} > ${MLC_RUN_DIR}/count.txt; if [ ${MLC_MLPERF_RUN_COUNT} -eq 1 ]; then export MLC_MLPERF_USER_CONF="${MLC_MLPERF_RANGING_USER_CONF}"; else export MLC_MLPERF_USER_CONF="${MLC_MLPERF_TESTING_USER_CONF}"; fi ; /home/arjun/MLC/repos/gateoverflow@mlperf-automations/script/run-all-mlperf-models/run.out'
client 2025-02-26 15:10:32,849 [INFO] Sending command to the server: 'time'
client 2025-02-26 15:10:32,865 [INFO] Got response: '1740582632.7121944'
client 2025-02-26 15:10:32,866 [INFO] The time difference between the client and the server is within range 137.130 ms..153.833 ms
client 2025-02-26 15:10:32,866 [INFO] Sending command to the server: 'session,2025-02-26_14-54-41,stop,testing'
client 2025-02-26 15:10:43,517 [INFO] Got response: 'OK'
client 2025-02-26 15:10:43,517 [INFO] Sending command to the server: 'time'
client 2025-02-26 15:10:43,528 [INFO] Got response: '1740582643.3764174'
client 2025-02-26 15:10:43,529 [INFO] The time difference between the client and the server is within range 141.267 ms..152.649 ms
client 2025-02-26 15:10:43,529 [INFO] Copying loadgen logs from '/home/arjun/MLC/repos/local/cache/get-mlperf-inference-results-dir_e3f7a2f6/valid_results/mini-tflite_cpp-cpu-tflite-vmaster-default_config/mobilenet-v1-precision_float-0.75-192/singlestream/performance/run_1' to '/home/arjun/MLC/repos/local/cache/get-mlperf-inference-results-dir_e3f7a2f6/valid_results/mini-tflite_cpp-cpu-tflite-vmaster-default_config/mobilenet-v1-precision_float-0.75-192/singlestream/performance/tmp_power/run_1'
client 2025-02-26 15:10:43,530 [INFO] Done runs
