[2025-02-15 08:22:14,892 main.py:229 INFO] Detected system ID: KnownSystem.Nvidia_3201fd46e43b
[2025-02-15 08:22:15,208 generate_conf_files.py:107 INFO] Generated measurements/ entries for Nvidia_3201fd46e43b_TRT/bert-99.9/SingleStream
[2025-02-15 08:22:15,209 __init__.py:46 INFO] Running command: ./build/bin/harness_bert --logfile_outdir="/mlc-mount/home/arjun/gh_action_results/valid_results/RTX4090x1-nvidia_original-gpu-tensorrt-vdefault-default_config/bert-99.9/singlestream/performance/run_1" --logfile_prefix="mlperf_log_" --performance_sample_count=10833 --test_mode="PerformanceOnly" --gpu_batch_size=1 --mlperf_conf_path="/home/mlcuser/MLC/repos/local/cache/get-git-repo_9ff91aae/inference/mlperf.conf" --tensor_path="build/preprocessed_data/squad_tokenized/input_ids.npy,build/preprocessed_data/squad_tokenized/segment_ids.npy,build/preprocessed_data/squad_tokenized/input_mask.npy" --use_graphs=true --user_conf_path="/home/mlcuser/MLC/repos/mlcommons@mlperf-automations/script/generate-mlperf-inference-user-conf/tmp/7f00980a57af49adb20443241c5e1fe1.conf" --gpu_inference_streams=1 --gpu_copy_streams=1 --gpu_engines="./build/engines/Nvidia_3201fd46e43b/bert/SingleStream/bert-SingleStream-gpu-fp16_S_384_B_1_P_1_vs.custom_k_99_9_MaxP.plan" --scenario SingleStream --model bert
[2025-02-15 08:22:15,209 __init__.py:53 INFO] Overriding Environment
benchmark : Benchmark.BERT
buffer_manager_thread_count : 0
coalesced_tensor : True
data_dir : /home/mlcuser/MLC/repos/local/cache/get-mlperf-inference-nvidia-scratch-space_fe95ede4/data
gpu_batch_size : 1
gpu_copy_streams : 1
gpu_inference_streams : 1
input_dtype : int32
input_format : linear
log_dir : /home/mlcuser/MLC/repos/local/cache/get-git-repo_e7fa5107/repo/closed/NVIDIA/build/logs/2025.02.15-08.22.14
mlperf_conf_path : /home/mlcuser/MLC/repos/local/cache/get-git-repo_9ff91aae/inference/mlperf.conf
precision : fp16
preprocessed_data_dir : /home/mlcuser/MLC/repos/local/cache/get-mlperf-inference-nvidia-scratch-space_fe95ede4/preprocessed_data
scenario : Scenario.SingleStream
single_stream_expected_latency_ns : 0
system : SystemConfiguration(host_cpu_conf=CPUConfiguration(layout={CPU(name='AMD Ryzen 9 7950X 16-Core Processor', architecture=<CPUArchitecture.x86_64: AliasedName(name='x86_64', aliases=(), patterns=())>, core_count=16, threads_per_core=2): 1}), host_mem_conf=MemoryConfiguration(host_memory_capacity=Memory(quantity=131.08007199999997, byte_suffix=<ByteSuffix.GB: (1000, 3)>, _num_bytes=131080072000), comparison_tolerance=0.05), accelerator_conf=AcceleratorConfiguration(layout=defaultdict(<class 'int'>, {GPU(name='NVIDIA GeForce RTX 4090', accelerator_type=<AcceleratorType.Discrete: AliasedName(name='Discrete', aliases=(), patterns=())>, vram=Memory(quantity=23.98828125, byte_suffix=<ByteSuffix.GiB: (1024, 3)>, _num_bytes=25757220864), max_power_limit=450.0, pci_id='0x268410DE', compute_sm=89): 1})), numa_conf=None, system_id='Nvidia_3201fd46e43b')
tensor_path : build/preprocessed_data/squad_tokenized/input_ids.npy,build/preprocessed_data/squad_tokenized/segment_ids.npy,build/preprocessed_data/squad_tokenized/input_mask.npy
test_mode : PerformanceOnly
use_graphs : True
use_small_tile_gemm_plugin : False
user_conf_path : /home/mlcuser/MLC/repos/mlcommons@mlperf-automations/script/generate-mlperf-inference-user-conf/tmp/7f00980a57af49adb20443241c5e1fe1.conf
system_id : Nvidia_3201fd46e43b
config_name : Nvidia_3201fd46e43b_bert_SingleStream
workload_setting : WorkloadSetting(HarnessType.Custom, AccuracyTarget.k_99_9, PowerSetting.MaxP)
optimization_level : plugin-enabled
num_profiles : 1
config_ver : custom_k_99_9_MaxP
accuracy_level : 99.9%
inference_server : custom
skip_file_checks : True
power_limit : None
cpu_freq : None
&&&& RUNNING BERT_HARNESS # ./build/bin/harness_bert
I0215 08:22:15.268118 10250 main_bert.cc:164] Found 1 GPUs
I0215 08:22:15.672909 10250 bert_server.cc:147] Engine Path: ./build/engines/Nvidia_3201fd46e43b/bert/SingleStream/bert-SingleStream-gpu-fp16_S_384_B_1_P_1_vs.custom_k_99_9_MaxP.plan
[I] [TRT] Loaded engine size: 638 MiB
[I] [TRT] [MemUsageChange] Init cuBLAS/cuBLASLt: CPU +6, GPU +10, now: CPU 740, GPU 1456 (MiB)
[I] [TRT] [MemUsageChange] Init cuDNN: CPU +2, GPU +10, now: CPU 742, GPU 1466 (MiB)
[I] [TRT] [MemUsageChange] TensorRT-managed allocation in engine deserialization: CPU +0, GPU +576, now: CPU 0, GPU 576 (MiB)
I0215 08:22:16.093379 10250 bert_server.cc:208] Engines Creation Completed
I0215 08:22:16.131028 10250 bert_server.cc:213] Use CUDA graphs
I0215 08:22:16.131233 10250 bert_core_vs.cc:385] Engine - Device Memory requirements: 8652288
I0215 08:22:16.131239 10250 bert_core_vs.cc:393] Engine - Number of Optimization Profiles: 1
I0215 08:22:16.131244 10250 bert_core_vs.cc:415] Engine - Profile 0 maxDims 384 Bmax=1 Smax=384
[I] [TRT] [MemUsageChange] Init cuBLAS/cuBLASLt: CPU +0, GPU +8, now: CPU 104, GPU 1468 (MiB)
[I] [TRT] [MemUsageChange] Init cuDNN: CPU +0, GPU +8, now: CPU 104, GPU 1476 (MiB)
I0215 08:22:16.161347 10250 bert_core_vs.cc:426] Setting Opt.Prof. to 0
[I] [TRT] [MemUsageChange] TensorRT-managed allocation in IExecutionContext creation: CPU +1, GPU +0, now: CPU 1, GPU 576 (MiB)
I0215 08:22:16.161370 10250 bert_core_vs.cc:444] Context creation complete. Max supported batchSize: 1
I0215 08:22:16.161415 10250 bert_core_vs.cc:476] Setup complete
I0215 08:22:16.403476 10257 bert_core_vs.cc:352] Created 96 CUDA graphs
I0215 08:22:16.405653 10250 main_bert.cc:185] Starting running actual test.
I0215 08:32:17.814402 10250 main_bert.cc:191] Finished running actual test.
================================================
MLPerf Results Summary
================================================
SUT name : BERT SERVER
Scenario : SingleStream
Mode     : PerformanceOnly
90th percentile latency (ns) : 2165207
Result is : VALID
  Min duration satisfied : Yes
  Min queries satisfied : Yes
  Early stopping satisfied: Yes
Early Stopping Result:
 * Processed at least 64 queries (392635).
 * Would discard 38825 highest latency queries.
 * Early stopping 90th percentile estimate: 2165830
 * Early stopping 99th percentile estimate: 2624734

================================================
Additional Stats
================================================
QPS w/ loadgen overhead         : 654.39
QPS w/o loadgen overhead        : 658.04

Min latency (ns)                : 1163609
Max latency (ns)                : 2836541
Mean latency (ns)               : 1519664
50.00 percentile latency (ns)   : 1435667
90.00 percentile latency (ns)   : 2165207
95.00 percentile latency (ns)   : 2294999
97.00 percentile latency (ns)   : 2602246
99.00 percentile latency (ns)   : 2624638
99.90 percentile latency (ns)   : 2638992

================================================
Test Parameters Used
================================================
samples_per_query : 1
target_qps : 2000
target_latency (ns): 0
max_async_queries : 1
min_duration (ms): 600000
max_duration (ms): 660000
min_query_count : 100
max_query_count : 0
qsl_rng_seed : 6023615788873153749
sample_index_rng_seed : 15036839855038426416
schedule_rng_seed : 9933818062894767841
accuracy_log_rng_seed : 0
accuracy_log_probability : 0
accuracy_log_sampling_target : 0
print_timestamps : 0
performance_issue_unique : 0
performance_issue_same : 0
performance_issue_same_index : 0
performance_sample_count : 10833

No warnings encountered during test.

No errors encountered during test.
[2025-02-15 08:32:18,095 run_harness.py:166 INFO] Result: result_90.00_percentile_latency_ns: 2165207, Result is VALID
 
======================== Result summaries: ========================

