Graph file: /home/arjun/MLC/repos/local/cache/get-ml-model-mobilenet_1faf9aae/mobilenet_v2_0.5_224.tflite
Image dir: /home/arjun/MLC/repos/local/cache/get-preprocessed-dataset-imagenet_50c9a20c
Image list: /home/arjun/MLC/repos/local/cache/get-preprocessed-dataset-imagenet_50c9a20c/preprocessed_files.txt
Image size: 224
Image channels: 3
Prediction classes: 1000
Result dir: /home/arjun/MLC/repos/local/cache/get-mlperf-inference-results-dir_e3f7a2f6/valid_results/mini-tflite_cpp-cpu-tflite-vmaster-default_config/mobilenet-v2-precision_float-0.5-224/singlestream/performance/run_1
How many images fit in memory buffer: 1024
Normalize: 1
Subtract mean: 0
Run time preprocessing: 0
Number of Threads: 6
Number of available imagefiles: 50000

Loading graph...
INFO: Created TensorFlow Lite XNNPACK delegate for CPU.
Input tensor dimensions (NHWC): 1*224*224*3
Output tensor dimensions: 1*1001
Path to user.conf : /home/arjun/MLC/repos/gateoverflow@mlperf-automations/script/generate-mlperf-inference-user-conf/tmp/1ef708f6696348dcbcd88986aedbcbbf.conf
Model Name: mobilenet
LoadGen Scenario: SingleStream
LoadGen Mode: performance
