Graph file: /home/arjun/MLC/repos/local/cache/get-ml-model-efficientnet-lite_fb2f2fa0/efficientnet-lite3/efficientnet-lite3-int8.tflite
Image dir: /mnt/arjun/MLC/repos/local/cache/get-preprocessed-dataset-imagenet_7a66d543
Image list: /mnt/arjun/MLC/repos/local/cache/get-preprocessed-dataset-imagenet_7a66d543/preprocessed_files.txt
Image size: 280
Image channels: 3
Prediction classes: 1000
Result dir: /home/arjun/MLC/repos/local/cache/get-mlperf-inference-results-dir_37516274/valid_results/intel_spr_i9-tflite_cpp-cpu-tflite-vmaster-default_config/efficientnet-int8-lite3/singlestream/performance/run_1
How many images fit in memory buffer: 1024
Normalize: 1
Subtract mean: 0
Run time preprocessing: 1
Number of Threads: 16
Number of available imagefiles: 50000

Loading graph...
INFO: Created TensorFlow Lite XNNPACK delegate for CPU.
Input tensor dimensions (NHWC): 1*280*280*3
Output tensor dimensions: 1*1000
Path to user.conf : /home/arjun/MLC/repos/gateoverflow@mlperf-automations/script/generate-mlperf-inference-user-conf/tmp/c2fcd61fe0bf483eb9329245cb37b07e.conf
Model Name: efficientnet
LoadGen Scenario: SingleStream
LoadGen Mode: performance
