client 2025-02-26 18:19:30,809 [INFO] Creating output directory '/home/arjun/MLC/repos/local/cache/get-mlperf-inference-results-dir_e3f7a2f6/valid_results/mini-tflite_cpp-cpu-tflite-vmaster-default_config/mobilenet-v2-precision_float-1.0-224/singlestream/performance/tmp_power'
client 2025-02-26 18:19:30,820 [INFO] Sending command to the server: 'mlcommons/power client v3'
client 2025-02-26 18:19:30,831 [INFO] Got response: 'mlcommons/power server v3'
client 2025-02-26 18:19:30,831 [INFO] Synchronizing with the server and with time.google.com...
client 2025-02-26 18:19:30,853 [INFO] NTP:offset = -0.004 s, delay = 0.018 s 
client 2025-02-26 18:19:30,853 [INFO] Sending command to the server: 'time'
client 2025-02-26 18:19:30,865 [INFO] Got response: '1740593970.6739545'
client 2025-02-26 18:19:30,865 [INFO] The time difference between the client and the server is within range 179.940 ms..191.389 ms
client 2025-02-26 18:19:30,865 [INFO] Sending command to the server: 'new,,27efd5c2-5b58-47c2-8e7d-1f8050126588'
client 2025-02-26 18:19:30,882 [INFO] Got response: 'OK 2025-02-26_18-19-30,dfbd0b68-0322-45f9-8e98-36a1e3f47e49'
client 2025-02-26 18:19:30,882 [INFO] Session id is '2025-02-26_18-19-30'
client 2025-02-26 18:19:30,882 [INFO] Sources: {"sources": {"__init__.py": "da39a3ee5e6b4b0d3255bfef95601890afd80709", "client.py": "33ca4f26368777ac06e01f9567b714a4b8063886", "lib/__init__.py": "da39a3ee5e6b4b0d3255bfef95601890afd80709", "lib/client.py": "ac2aa093c8e8bbc9569b9e2a3471bc64e58a2258", "lib/common.py": "611d8b29633d331eb19c9455ea3b5fa3284ed6df", "lib/external/__init__.py": "da39a3ee5e6b4b0d3255bfef95601890afd80709", "lib/external/ntplib.py": "4da8f970656505a40483206ef2b5d3dd5e81711d", "lib/server.py": "9bc9a3b6b9b716520658ac175913bcbbdb354336", "lib/source_hashes.py": "60a2e02193209e8d392803326208d5466342da18", "lib/summary.py": "602a9fedfa503e5544d27ab3b0067f235047efc3", "lib/time_sync.py": "80894ef2389e540781ff78de94db16aa4203a14e", "server.py": "c3f90f2f7eeb4db30727556d0c815ebc89b3d28b", "tests/unit/__init__.py": "da39a3ee5e6b4b0d3255bfef95601890afd80709", "tests/unit/test_server.py": "948c1995d4008bc2aa6c4046a34ffa3858d6d671", "tests/unit/test_source_hashes.py": "00468a2907583c593e6574a1f6b404e4651c221a"}, "modules": {"ptd_client_server.lib.client": "lib/client.py", "ptd_client_server.lib.common": "lib/common.py", "ptd_client_server.lib.external.ntplib": "lib/external/ntplib.py", "ptd_client_server.lib.source_hashes": "lib/source_hashes.py", "ptd_client_server.lib.summary": "lib/summary.py", "ptd_client_server.lib.time_sync": "lib/time_sync.py"}}
client 2025-02-26 18:19:30,882 [INFO] Running workload in ranging mode
client 2025-02-26 18:19:30,882 [INFO] Synchronizing with the server and with time.google.com...
client 2025-02-26 18:19:30,902 [INFO] NTP:offset = -0.004 s, delay = 0.019 s 
client 2025-02-26 18:19:30,903 [INFO] Sending command to the server: 'time'
client 2025-02-26 18:19:30,916 [INFO] Got response: '1740593970.721942'
client 2025-02-26 18:19:30,917 [INFO] The time difference between the client and the server is within range 181.101 ms..195.011 ms
client 2025-02-26 18:19:30,917 [INFO] Sending command to the server: 'session,2025-02-26_18-19-30,start,ranging'
client 2025-02-26 18:19:55,450 [INFO] Got response: 'OK'
client 2025-02-26 18:19:55,450 [INFO] Sending command to the server: 'time'
client 2025-02-26 18:19:55,462 [INFO] Got response: '1740593995.268722'
client 2025-02-26 18:19:55,462 [INFO] The time difference between the client and the server is within range 182.056 ms..193.619 ms
client 2025-02-26 18:19:55,462 [INFO] Running the workload ' MLC_MLPERF_RUN_COUNT=$(cat ${MLC_RUN_DIR}/count.txt); echo ${MLC_MLPERF_RUN_COUNT}; MLC_MLPERF_RUN_COUNT=$((MLC_MLPERF_RUN_COUNT+1)); echo ${MLC_MLPERF_RUN_COUNT} > ${MLC_RUN_DIR}/count.txt; if [ ${MLC_MLPERF_RUN_COUNT} -eq 1 ]; then export MLC_MLPERF_USER_CONF="${MLC_MLPERF_RANGING_USER_CONF}"; else export MLC_MLPERF_USER_CONF="${MLC_MLPERF_TESTING_USER_CONF}"; fi ; /home/arjun/MLC/repos/gateoverflow@mlperf-automations/script/run-all-mlperf-models/run.out'
client 2025-02-26 18:24:56,820 [INFO] Sending command to the server: 'time'
client 2025-02-26 18:24:56,833 [INFO] Got response: '1740594296.6350386'
client 2025-02-26 18:24:56,833 [INFO] The time difference between the client and the server is within range 185.015 ms..198.263 ms
client 2025-02-26 18:24:56,833 [INFO] Sending command to the server: 'session,2025-02-26_18-19-30,stop,ranging'
client 2025-02-26 18:25:07,719 [INFO] Got response: 'OK'
client 2025-02-26 18:25:07,719 [INFO] Sending command to the server: 'time'
client 2025-02-26 18:25:07,732 [INFO] Got response: '1740594307.534059'
client 2025-02-26 18:25:07,732 [INFO] The time difference between the client and the server is within range 185.794 ms..198.232 ms
client 2025-02-26 18:25:07,736 [INFO] Copying loadgen logs from '/home/arjun/MLC/repos/local/cache/get-mlperf-inference-results-dir_e3f7a2f6/valid_results/mini-tflite_cpp-cpu-tflite-vmaster-default_config/mobilenet-v2-precision_float-1.0-224/singlestream/performance/run_1' to '/home/arjun/MLC/repos/local/cache/get-mlperf-inference-results-dir_e3f7a2f6/valid_results/mini-tflite_cpp-cpu-tflite-vmaster-default_config/mobilenet-v2-precision_float-1.0-224/singlestream/performance/tmp_power/ranging'
client 2025-02-26 18:25:07,737 [INFO] Running workload in testing mode
client 2025-02-26 18:25:07,737 [INFO] Synchronizing with the server and with time.google.com...
client 2025-02-26 18:25:07,757 [INFO] NTP:offset = -0.004 s, delay = 0.019 s 
client 2025-02-26 18:25:07,757 [INFO] Sending command to the server: 'time'
client 2025-02-26 18:25:07,770 [INFO] Got response: '1740594307.570539'
client 2025-02-26 18:25:07,770 [INFO] The time difference between the client and the server is within range 186.627 ms..200.313 ms
client 2025-02-26 18:25:07,771 [INFO] Sending command to the server: 'session,2025-02-26_18-19-30,start,testing'
client 2025-02-26 18:25:21,000 [INFO] Got response: 'OK'
client 2025-02-26 18:25:21,000 [INFO] Sending command to the server: 'time'
client 2025-02-26 18:25:21,014 [INFO] Got response: '1740594320.8145163'
client 2025-02-26 18:25:21,014 [INFO] The time difference between the client and the server is within range 186.320 ms..199.739 ms
client 2025-02-26 18:25:21,014 [INFO] Running the workload ' MLC_MLPERF_RUN_COUNT=$(cat ${MLC_RUN_DIR}/count.txt); echo ${MLC_MLPERF_RUN_COUNT}; MLC_MLPERF_RUN_COUNT=$((MLC_MLPERF_RUN_COUNT+1)); echo ${MLC_MLPERF_RUN_COUNT} > ${MLC_RUN_DIR}/count.txt; if [ ${MLC_MLPERF_RUN_COUNT} -eq 1 ]; then export MLC_MLPERF_USER_CONF="${MLC_MLPERF_RANGING_USER_CONF}"; else export MLC_MLPERF_USER_CONF="${MLC_MLPERF_TESTING_USER_CONF}"; fi ; /home/arjun/MLC/repos/gateoverflow@mlperf-automations/script/run-all-mlperf-models/run.out'
client 2025-02-26 18:35:21,691 [INFO] Sending command to the server: 'time'
client 2025-02-26 18:35:21,707 [INFO] Got response: '1740594921.4987304'
client 2025-02-26 18:35:21,707 [INFO] The time difference between the client and the server is within range 193.104 ms..208.894 ms
client 2025-02-26 18:35:21,707 [INFO] Sending command to the server: 'session,2025-02-26_18-19-30,stop,testing'
client 2025-02-26 18:35:32,257 [INFO] Got response: 'OK'
client 2025-02-26 18:35:32,257 [INFO] Sending command to the server: 'time'
client 2025-02-26 18:35:32,268 [INFO] Got response: '1740594932.060706'
client 2025-02-26 18:35:32,268 [INFO] The time difference between the client and the server is within range 196.522 ms..207.647 ms
client 2025-02-26 18:35:32,269 [INFO] Copying loadgen logs from '/home/arjun/MLC/repos/local/cache/get-mlperf-inference-results-dir_e3f7a2f6/valid_results/mini-tflite_cpp-cpu-tflite-vmaster-default_config/mobilenet-v2-precision_float-1.0-224/singlestream/performance/run_1' to '/home/arjun/MLC/repos/local/cache/get-mlperf-inference-results-dir_e3f7a2f6/valid_results/mini-tflite_cpp-cpu-tflite-vmaster-default_config/mobilenet-v2-precision_float-1.0-224/singlestream/performance/tmp_power/run_1'
client 2025-02-26 18:35:32,269 [INFO] Done runs
