Graph file: /home/kingjuno/MLC/repos/local/cache/get-ml-model-mobilenet_7d6f9c48/mobilenet_v2_1.0_224.tflite
Image dir: /home/kingjuno/MLC/repos/local/cache/get-preprocessed-dataset-imagenet_2dd9c7cb
Image list: /home/kingjuno/MLC/repos/local/cache/get-preprocessed-dataset-imagenet_2dd9c7cb/preprocessed_files.txt
Image size: 224
Image channels: 3
Prediction classes: 1000
Result dir: /home/kingjuno/MLC/repos/local/cache/get-mlperf-inference-results-dir_69aa4cf9/valid_results/MLC-tflite_cpp-cpu-tflite-vmaster-default_config/mobilenet-v2-precision_float-1.0-224/singlestream/performance/run_1
How many images fit in memory buffer: 1024
Normalize: 1
Subtract mean: 0
Run time preprocessing: 0
Number of Threads: 1
Number of available imagefiles: 50000

Loading graph...
INFO: Created TensorFlow Lite XNNPACK delegate for CPU.
Input tensor dimensions (NHWC): 1*224*224*3
Output tensor dimensions: 1*1001
Path to user.conf : /home/kingjuno/MLC/repos/mlcommons@mlperf-automations/script/generate-mlperf-inference-user-conf/tmp/aaa56642be144c818777a0695c44b1a1.conf
Model Name: mobilenet
LoadGen Scenario: SingleStream
LoadGen Mode: performance
