client 2025-02-27 00:22:47,266 [INFO] Creating output directory '/home/arjun/MLC/repos/local/cache/get-mlperf-inference-results-dir_e3f7a2f6/valid_results/mini-tflite_cpp-cpu-tflite-vmaster-default_config/mobilenet-v3-precision_float-small-224/singlestream/performance/tmp_power'
client 2025-02-27 00:22:47,274 [INFO] Sending command to the server: 'mlcommons/power client v3'
client 2025-02-27 00:22:47,288 [INFO] Got response: 'mlcommons/power server v3'
client 2025-02-27 00:22:47,288 [INFO] Synchronizing with the server and with time.google.com...
client 2025-02-27 00:22:47,317 [INFO] NTP:offset = -0.009 s, delay = 0.025 s 
client 2025-02-27 00:22:47,317 [INFO] Sending command to the server: 'time'
client 2025-02-27 00:22:47,328 [INFO] Got response: '1740615767.246968'
client 2025-02-27 00:22:47,328 [INFO] The time difference between the client and the server is within range 70.864 ms..81.578 ms
client 2025-02-27 00:22:47,328 [INFO] Sending command to the server: 'new,,0a3c7ea8-3f15-4bc9-b937-5e93bf7824de'
client 2025-02-27 00:22:47,342 [INFO] Got response: 'OK 2025-02-27_00-22-47,591e9644-98a0-4448-aa2d-73fa95e2474a'
client 2025-02-27 00:22:47,343 [INFO] Session id is '2025-02-27_00-22-47'
client 2025-02-27 00:22:47,343 [INFO] Sources: {"sources": {"__init__.py": "da39a3ee5e6b4b0d3255bfef95601890afd80709", "client.py": "33ca4f26368777ac06e01f9567b714a4b8063886", "lib/__init__.py": "da39a3ee5e6b4b0d3255bfef95601890afd80709", "lib/client.py": "ac2aa093c8e8bbc9569b9e2a3471bc64e58a2258", "lib/common.py": "611d8b29633d331eb19c9455ea3b5fa3284ed6df", "lib/external/__init__.py": "da39a3ee5e6b4b0d3255bfef95601890afd80709", "lib/external/ntplib.py": "4da8f970656505a40483206ef2b5d3dd5e81711d", "lib/server.py": "9bc9a3b6b9b716520658ac175913bcbbdb354336", "lib/source_hashes.py": "60a2e02193209e8d392803326208d5466342da18", "lib/summary.py": "602a9fedfa503e5544d27ab3b0067f235047efc3", "lib/time_sync.py": "80894ef2389e540781ff78de94db16aa4203a14e", "server.py": "c3f90f2f7eeb4db30727556d0c815ebc89b3d28b", "tests/unit/__init__.py": "da39a3ee5e6b4b0d3255bfef95601890afd80709", "tests/unit/test_server.py": "948c1995d4008bc2aa6c4046a34ffa3858d6d671", "tests/unit/test_source_hashes.py": "00468a2907583c593e6574a1f6b404e4651c221a"}, "modules": {"ptd_client_server.lib.client": "lib/client.py", "ptd_client_server.lib.common": "lib/common.py", "ptd_client_server.lib.external.ntplib": "lib/external/ntplib.py", "ptd_client_server.lib.source_hashes": "lib/source_hashes.py", "ptd_client_server.lib.summary": "lib/summary.py", "ptd_client_server.lib.time_sync": "lib/time_sync.py"}}
client 2025-02-27 00:22:47,343 [INFO] Running workload in ranging mode
client 2025-02-27 00:22:47,343 [INFO] Synchronizing with the server and with time.google.com...
client 2025-02-27 00:22:47,363 [INFO] NTP:offset = -0.012 s, delay = 0.019 s 
client 2025-02-27 00:22:47,364 [INFO] Sending command to the server: 'time'
client 2025-02-27 00:22:47,383 [INFO] Got response: '1740615767.296177'
client 2025-02-27 00:22:47,384 [INFO] The time difference between the client and the server is within range 67.866 ms..87.839 ms
client 2025-02-27 00:22:47,384 [INFO] Sending command to the server: 'session,2025-02-27_00-22-47,start,ranging'
client 2025-02-27 00:23:13,021 [INFO] Got response: 'OK'
client 2025-02-27 00:23:13,021 [INFO] Sending command to the server: 'time'
client 2025-02-27 00:23:13,032 [INFO] Got response: '1740615792.949973'
client 2025-02-27 00:23:13,033 [INFO] The time difference between the client and the server is within range 71.864 ms..83.038 ms
client 2025-02-27 00:23:13,033 [INFO] Running the workload ' MLC_MLPERF_RUN_COUNT=$(cat ${MLC_RUN_DIR}/count.txt); echo ${MLC_MLPERF_RUN_COUNT}; MLC_MLPERF_RUN_COUNT=$((MLC_MLPERF_RUN_COUNT+1)); echo ${MLC_MLPERF_RUN_COUNT} > ${MLC_RUN_DIR}/count.txt; if [ ${MLC_MLPERF_RUN_COUNT} -eq 1 ]; then export MLC_MLPERF_USER_CONF="${MLC_MLPERF_RANGING_USER_CONF}"; else export MLC_MLPERF_USER_CONF="${MLC_MLPERF_TESTING_USER_CONF}"; fi ; /home/arjun/MLC/repos/gateoverflow@mlperf-automations/script/run-all-mlperf-models/run.out'
client 2025-02-27 00:28:14,728 [INFO] Sending command to the server: 'time'
client 2025-02-27 00:28:14,744 [INFO] Got response: '1740616094.652459'
client 2025-02-27 00:28:14,744 [INFO] The time difference between the client and the server is within range 75.964 ms..91.765 ms
client 2025-02-27 00:28:14,744 [INFO] Sending command to the server: 'session,2025-02-27_00-22-47,stop,ranging'
client 2025-02-27 00:28:25,342 [INFO] Got response: 'OK'
client 2025-02-27 00:28:25,342 [INFO] Sending command to the server: 'time'
client 2025-02-27 00:28:25,404 [INFO] Got response: '1740616105.2630746'
client 2025-02-27 00:28:25,404 [INFO] The time difference between the client and the server is within range 79.467 ms..141.468 ms
client 2025-02-27 00:28:25,408 [INFO] Copying loadgen logs from '/home/arjun/MLC/repos/local/cache/get-mlperf-inference-results-dir_e3f7a2f6/valid_results/mini-tflite_cpp-cpu-tflite-vmaster-default_config/mobilenet-v3-precision_float-small-224/singlestream/performance/run_1' to '/home/arjun/MLC/repos/local/cache/get-mlperf-inference-results-dir_e3f7a2f6/valid_results/mini-tflite_cpp-cpu-tflite-vmaster-default_config/mobilenet-v3-precision_float-small-224/singlestream/performance/tmp_power/ranging'
client 2025-02-27 00:28:25,409 [INFO] Running workload in testing mode
client 2025-02-27 00:28:25,409 [INFO] Synchronizing with the server and with time.google.com...
client 2025-02-27 00:28:25,428 [INFO] NTP:offset = -0.013 s, delay = 0.018 s 
client 2025-02-27 00:28:25,428 [INFO] Sending command to the server: 'time'
client 2025-02-27 00:28:25,439 [INFO] Got response: '1740616105.3485043'
client 2025-02-27 00:28:25,439 [INFO] The time difference between the client and the server is within range 80.326 ms..91.027 ms
client 2025-02-27 00:28:25,439 [INFO] Sending command to the server: 'session,2025-02-27_00-22-47,start,testing'
client 2025-02-27 00:28:38,552 [INFO] Got response: 'OK'
client 2025-02-27 00:28:38,552 [INFO] Sending command to the server: 'time'
client 2025-02-27 00:28:38,591 [INFO] Got response: '1740616118.4786508'
client 2025-02-27 00:28:38,592 [INFO] The time difference between the client and the server is within range 74.269 ms..113.434 ms
client 2025-02-27 00:28:38,592 [INFO] Running the workload ' MLC_MLPERF_RUN_COUNT=$(cat ${MLC_RUN_DIR}/count.txt); echo ${MLC_MLPERF_RUN_COUNT}; MLC_MLPERF_RUN_COUNT=$((MLC_MLPERF_RUN_COUNT+1)); echo ${MLC_MLPERF_RUN_COUNT} > ${MLC_RUN_DIR}/count.txt; if [ ${MLC_MLPERF_RUN_COUNT} -eq 1 ]; then export MLC_MLPERF_USER_CONF="${MLC_MLPERF_RANGING_USER_CONF}"; else export MLC_MLPERF_USER_CONF="${MLC_MLPERF_TESTING_USER_CONF}"; fi ; /home/arjun/MLC/repos/gateoverflow@mlperf-automations/script/run-all-mlperf-models/run.out'
client 2025-02-27 00:38:40,082 [INFO] Sending command to the server: 'time'
client 2025-02-27 00:38:40,096 [INFO] Got response: '1740616719.9905272'
client 2025-02-27 00:38:40,096 [INFO] The time difference between the client and the server is within range 92.189 ms..106.275 ms
client 2025-02-27 00:38:40,096 [INFO] Sending command to the server: 'session,2025-02-27_00-22-47,stop,testing'
client 2025-02-27 00:38:51,218 [INFO] Got response: 'OK'
client 2025-02-27 00:38:51,218 [INFO] Sending command to the server: 'time'
client 2025-02-27 00:38:51,228 [INFO] Got response: '1740616731.1227012'
client 2025-02-27 00:38:51,228 [INFO] The time difference between the client and the server is within range 96.005 ms..105.994 ms
client 2025-02-27 00:38:51,229 [INFO] Copying loadgen logs from '/home/arjun/MLC/repos/local/cache/get-mlperf-inference-results-dir_e3f7a2f6/valid_results/mini-tflite_cpp-cpu-tflite-vmaster-default_config/mobilenet-v3-precision_float-small-224/singlestream/performance/run_1' to '/home/arjun/MLC/repos/local/cache/get-mlperf-inference-results-dir_e3f7a2f6/valid_results/mini-tflite_cpp-cpu-tflite-vmaster-default_config/mobilenet-v3-precision_float-small-224/singlestream/performance/tmp_power/run_1'
client 2025-02-27 00:38:51,230 [INFO] Done runs
