client 2025-02-26 16:08:36,744 [INFO] Creating output directory '/home/arjun/MLC/repos/local/cache/get-mlperf-inference-results-dir_e3f7a2f6/valid_results/mini-tflite_cpp-cpu-tflite-vmaster-default_config/mobilenet-v1-precision_float-0.5-192/singlestream/performance/tmp_power'
client 2025-02-26 16:08:36,752 [INFO] Sending command to the server: 'mlcommons/power client v3'
client 2025-02-26 16:08:36,762 [INFO] Got response: 'mlcommons/power server v3'
client 2025-02-26 16:08:36,762 [INFO] Synchronizing with the server and with time.google.com...
client 2025-02-26 16:08:36,794 [INFO] NTP:offset = -0.004 s, delay = 0.027 s 
client 2025-02-26 16:08:36,794 [INFO] Sending command to the server: 'time'
client 2025-02-26 16:08:36,805 [INFO] Got response: '1740586116.6356914'
client 2025-02-26 16:08:36,805 [INFO] The time difference between the client and the server is within range 158.758 ms..169.854 ms
client 2025-02-26 16:08:36,805 [INFO] Sending command to the server: 'new,,304c9045-bf61-4c3b-812c-56007e5d1607'
client 2025-02-26 16:08:36,824 [INFO] Got response: 'OK 2025-02-26_16-08-36,72cc69e6-aa12-4cae-8b33-8ff77f3893bb'
client 2025-02-26 16:08:36,824 [INFO] Session id is '2025-02-26_16-08-36'
client 2025-02-26 16:08:36,824 [INFO] Sources: {"sources": {"__init__.py": "da39a3ee5e6b4b0d3255bfef95601890afd80709", "client.py": "33ca4f26368777ac06e01f9567b714a4b8063886", "lib/__init__.py": "da39a3ee5e6b4b0d3255bfef95601890afd80709", "lib/client.py": "ac2aa093c8e8bbc9569b9e2a3471bc64e58a2258", "lib/common.py": "611d8b29633d331eb19c9455ea3b5fa3284ed6df", "lib/external/__init__.py": "da39a3ee5e6b4b0d3255bfef95601890afd80709", "lib/external/ntplib.py": "4da8f970656505a40483206ef2b5d3dd5e81711d", "lib/server.py": "9bc9a3b6b9b716520658ac175913bcbbdb354336", "lib/source_hashes.py": "60a2e02193209e8d392803326208d5466342da18", "lib/summary.py": "602a9fedfa503e5544d27ab3b0067f235047efc3", "lib/time_sync.py": "80894ef2389e540781ff78de94db16aa4203a14e", "server.py": "c3f90f2f7eeb4db30727556d0c815ebc89b3d28b", "tests/unit/__init__.py": "da39a3ee5e6b4b0d3255bfef95601890afd80709", "tests/unit/test_server.py": "948c1995d4008bc2aa6c4046a34ffa3858d6d671", "tests/unit/test_source_hashes.py": "00468a2907583c593e6574a1f6b404e4651c221a"}, "modules": {"ptd_client_server.lib.client": "lib/client.py", "ptd_client_server.lib.common": "lib/common.py", "ptd_client_server.lib.external.ntplib": "lib/external/ntplib.py", "ptd_client_server.lib.source_hashes": "lib/source_hashes.py", "ptd_client_server.lib.summary": "lib/summary.py", "ptd_client_server.lib.time_sync": "lib/time_sync.py"}}
client 2025-02-26 16:08:36,824 [INFO] Running workload in ranging mode
client 2025-02-26 16:08:36,824 [INFO] Synchronizing with the server and with time.google.com...
client 2025-02-26 16:08:36,846 [INFO] NTP:offset = -0.001 s, delay = 0.020 s 
client 2025-02-26 16:08:36,846 [INFO] Sending command to the server: 'time'
client 2025-02-26 16:08:36,856 [INFO] Got response: '1740586116.6873467'
client 2025-02-26 16:08:36,856 [INFO] The time difference between the client and the server is within range 159.206 ms..169.621 ms
client 2025-02-26 16:08:36,857 [INFO] Sending command to the server: 'session,2025-02-26_16-08-36,start,ranging'
client 2025-02-26 16:09:01,366 [INFO] Got response: 'OK'
client 2025-02-26 16:09:01,366 [INFO] Sending command to the server: 'time'
client 2025-02-26 16:09:01,377 [INFO] Got response: '1740586141.2087693'
client 2025-02-26 16:09:01,377 [INFO] The time difference between the client and the server is within range 157.808 ms..168.886 ms
client 2025-02-26 16:09:01,377 [INFO] Running the workload ' MLC_MLPERF_RUN_COUNT=$(cat ${MLC_RUN_DIR}/count.txt); echo ${MLC_MLPERF_RUN_COUNT}; MLC_MLPERF_RUN_COUNT=$((MLC_MLPERF_RUN_COUNT+1)); echo ${MLC_MLPERF_RUN_COUNT} > ${MLC_RUN_DIR}/count.txt; if [ ${MLC_MLPERF_RUN_COUNT} -eq 1 ]; then export MLC_MLPERF_USER_CONF="${MLC_MLPERF_RANGING_USER_CONF}"; else export MLC_MLPERF_USER_CONF="${MLC_MLPERF_TESTING_USER_CONF}"; fi ; /home/arjun/MLC/repos/gateoverflow@mlperf-automations/script/run-all-mlperf-models/run.out'
client 2025-02-26 16:14:02,722 [INFO] Sending command to the server: 'time'
client 2025-02-26 16:14:02,735 [INFO] Got response: '1740586442.5761907'
client 2025-02-26 16:14:02,735 [INFO] The time difference between the client and the server is within range 145.908 ms..159.673 ms
client 2025-02-26 16:14:02,736 [INFO] Sending command to the server: 'session,2025-02-26_16-08-36,stop,ranging'
client 2025-02-26 16:14:13,687 [INFO] Got response: 'OK'
client 2025-02-26 16:14:13,687 [INFO] Sending command to the server: 'time'
client 2025-02-26 16:14:13,700 [INFO] Got response: '1740586453.5402153'
client 2025-02-26 16:14:13,700 [INFO] The time difference between the client and the server is within range 147.682 ms..160.477 ms
client 2025-02-26 16:14:13,704 [INFO] Copying loadgen logs from '/home/arjun/MLC/repos/local/cache/get-mlperf-inference-results-dir_e3f7a2f6/valid_results/mini-tflite_cpp-cpu-tflite-vmaster-default_config/mobilenet-v1-precision_float-0.5-192/singlestream/performance/run_1' to '/home/arjun/MLC/repos/local/cache/get-mlperf-inference-results-dir_e3f7a2f6/valid_results/mini-tflite_cpp-cpu-tflite-vmaster-default_config/mobilenet-v1-precision_float-0.5-192/singlestream/performance/tmp_power/ranging'
client 2025-02-26 16:14:13,705 [INFO] Running workload in testing mode
client 2025-02-26 16:14:13,705 [INFO] Synchronizing with the server and with time.google.com...
client 2025-02-26 16:14:13,726 [INFO] NTP:offset = -0.001 s, delay = 0.020 s 
client 2025-02-26 16:14:13,726 [INFO] Sending command to the server: 'time'
client 2025-02-26 16:14:13,740 [INFO] Got response: '1740586453.5796113'
client 2025-02-26 16:14:13,740 [INFO] The time difference between the client and the server is within range 146.882 ms..161.144 ms
client 2025-02-26 16:14:13,740 [INFO] Sending command to the server: 'session,2025-02-26_16-08-36,start,testing'
client 2025-02-26 16:14:26,999 [INFO] Got response: 'OK'
client 2025-02-26 16:14:27,000 [INFO] Sending command to the server: 'time'
client 2025-02-26 16:14:27,012 [INFO] Got response: '1740586466.8522527'
client 2025-02-26 16:14:27,012 [INFO] The time difference between the client and the server is within range 147.771 ms..160.224 ms
client 2025-02-26 16:14:27,012 [INFO] Running the workload ' MLC_MLPERF_RUN_COUNT=$(cat ${MLC_RUN_DIR}/count.txt); echo ${MLC_MLPERF_RUN_COUNT}; MLC_MLPERF_RUN_COUNT=$((MLC_MLPERF_RUN_COUNT+1)); echo ${MLC_MLPERF_RUN_COUNT} > ${MLC_RUN_DIR}/count.txt; if [ ${MLC_MLPERF_RUN_COUNT} -eq 1 ]; then export MLC_MLPERF_USER_CONF="${MLC_MLPERF_RANGING_USER_CONF}"; else export MLC_MLPERF_USER_CONF="${MLC_MLPERF_TESTING_USER_CONF}"; fi ; /home/arjun/MLC/repos/gateoverflow@mlperf-automations/script/run-all-mlperf-models/run.out'
client 2025-02-26 16:24:28,273 [INFO] Sending command to the server: 'time'
client 2025-02-26 16:24:28,289 [INFO] Got response: '1740587068.1412122'
client 2025-02-26 16:24:28,290 [INFO] The time difference between the client and the server is within range 131.929 ms..148.870 ms
client 2025-02-26 16:24:28,290 [INFO] Sending command to the server: 'session,2025-02-26_16-08-36,stop,testing'
client 2025-02-26 16:24:39,353 [INFO] Got response: 'OK'
client 2025-02-26 16:24:39,353 [INFO] Sending command to the server: 'time'
client 2025-02-26 16:24:39,367 [INFO] Got response: '1740587079.2180305'
client 2025-02-26 16:24:39,367 [INFO] The time difference between the client and the server is within range 135.422 ms..149.540 ms
client 2025-02-26 16:24:39,368 [INFO] Copying loadgen logs from '/home/arjun/MLC/repos/local/cache/get-mlperf-inference-results-dir_e3f7a2f6/valid_results/mini-tflite_cpp-cpu-tflite-vmaster-default_config/mobilenet-v1-precision_float-0.5-192/singlestream/performance/run_1' to '/home/arjun/MLC/repos/local/cache/get-mlperf-inference-results-dir_e3f7a2f6/valid_results/mini-tflite_cpp-cpu-tflite-vmaster-default_config/mobilenet-v1-precision_float-0.5-192/singlestream/performance/tmp_power/run_1'
client 2025-02-26 16:24:39,369 [INFO] Done runs
