User Conf path: /Users/arjunsuresh/MLC/repos/gateoverflow@mlperf-automations/script/generate-mlperf-inference-user-conf/tmp/fc586a7cfafb41cb8e5d83cb6fc4fc57.conf
Dataset Preprocessed path: /Users/arjunsuresh/MLC/repos/local/cache/get-preprocessed-dataset-imagenet_2ec85d16
Dataset List filepath: 
Scenario: MultiStream
Mode: AccuracyOnly
Batch size: 8
Query count override: 0
Performance sample count override in application: 0
loaded imagenet with 50000 samples
starting benchmark
loading samples to ram with total sample size: 1031
loading samples to ram with total sample size: 1031
loading samples to ram with total sample size: 1031
loading samples to ram with total sample size: 1031
loading samples to ram with total sample size: 1031
loading samples to ram with total sample size: 1031
loading samples to ram with total sample size: 1031
loading samples to ram with total sample size: 1031
loading samples to ram with total sample size: 1031
loading samples to ram with total sample size: 1031
loading samples to ram with total sample size: 1031
loading samples to ram with total sample size: 1031
loading samples to ram with total sample size: 1031
loading samples to ram with total sample size: 1031
loading samples to ram with total sample size: 1031
loading samples to ram with total sample size: 1031
loading samples to ram with total sample size: 1031
loading samples to ram with total sample size: 1031
loading samples to ram with total sample size: 1031
loading samples to ram with total sample size: 1031
loading samples to ram with total sample size: 1031
loading samples to ram with total sample size: 1031
loading samples to ram with total sample size: 1031
loading samples to ram with total sample size: 1031
loading samples to ram with total sample size: 1031
loading samples to ram with total sample size: 1031
loading samples to ram with total sample size: 1031
loading samples to ram with total sample size: 1031
loading samples to ram with total sample size: 1031
loading samples to ram with total sample size: 1031
loading samples to ram with total sample size: 1031
loading samples to ram with total sample size: 1031
loading samples to ram with total sample size: 1031
loading samples to ram with total sample size: 1031
loading samples to ram with total sample size: 1031
loading samples to ram with total sample size: 1031
loading samples to ram with total sample size: 1031
loading samples to ram with total sample size: 1031
loading samples to ram with total sample size: 1031
loading samples to ram with total sample size: 1031
loading samples to ram with total sample size: 1031
loading samples to ram with total sample size: 1031
loading samples to ram with total sample size: 1031
loading samples to ram with total sample size: 1031
loading samples to ram with total sample size: 1031
loading samples to ram with total sample size: 1031
loading samples to ram with total sample size: 1031
loading samples to ram with total sample size: 1031
loading samples to ram with total sample size: 855
