client 2025-02-28 08:48:32,225 [INFO] Creating output directory '/home/arjun/MLC/repos/local/cache/get-mlperf-inference-results-dir_e3f7a2f6/valid_results/mini-tflite_cpp-cpu-tflite-vmaster-with_live_preprocessing/mobilenet-v2-precision_float-0.35-192/singlestream/performance/tmp_power'
client 2025-02-28 08:48:32,235 [INFO] Sending command to the server: 'mlcommons/power client v3'
client 2025-02-28 08:48:32,246 [INFO] Got response: 'mlcommons/power server v3'
client 2025-02-28 08:48:32,246 [INFO] Synchronizing with the server and with time.google.com...
client 2025-02-28 08:48:32,274 [INFO] NTP:offset = -0.005 s, delay = 0.024 s 
client 2025-02-28 08:48:32,274 [INFO] Sending command to the server: 'time'
client 2025-02-28 08:48:32,289 [INFO] Got response: '1740732512.2259078'
client 2025-02-28 08:48:32,289 [INFO] The time difference between the client and the server is within range 48.762 ms..63.818 ms
client 2025-02-28 08:48:32,289 [INFO] Sending command to the server: 'new,,e7b5190c-8ef6-4568-87e4-b7032d521e62'
client 2025-02-28 08:48:32,305 [INFO] Got response: 'OK 2025-02-28_08-48-32,fe6a694c-cd21-4d1b-9d5c-bf8ecaf0c7e2'
client 2025-02-28 08:48:32,305 [INFO] Session id is '2025-02-28_08-48-32'
client 2025-02-28 08:48:32,305 [INFO] Sources: {"sources": {"__init__.py": "da39a3ee5e6b4b0d3255bfef95601890afd80709", "client.py": "33ca4f26368777ac06e01f9567b714a4b8063886", "lib/__init__.py": "da39a3ee5e6b4b0d3255bfef95601890afd80709", "lib/client.py": "ac2aa093c8e8bbc9569b9e2a3471bc64e58a2258", "lib/common.py": "611d8b29633d331eb19c9455ea3b5fa3284ed6df", "lib/external/__init__.py": "da39a3ee5e6b4b0d3255bfef95601890afd80709", "lib/external/ntplib.py": "4da8f970656505a40483206ef2b5d3dd5e81711d", "lib/server.py": "9bc9a3b6b9b716520658ac175913bcbbdb354336", "lib/source_hashes.py": "60a2e02193209e8d392803326208d5466342da18", "lib/summary.py": "602a9fedfa503e5544d27ab3b0067f235047efc3", "lib/time_sync.py": "80894ef2389e540781ff78de94db16aa4203a14e", "server.py": "c3f90f2f7eeb4db30727556d0c815ebc89b3d28b", "tests/unit/__init__.py": "da39a3ee5e6b4b0d3255bfef95601890afd80709", "tests/unit/test_server.py": "948c1995d4008bc2aa6c4046a34ffa3858d6d671", "tests/unit/test_source_hashes.py": "00468a2907583c593e6574a1f6b404e4651c221a"}, "modules": {"ptd_client_server.lib.client": "lib/client.py", "ptd_client_server.lib.common": "lib/common.py", "ptd_client_server.lib.external.ntplib": "lib/external/ntplib.py", "ptd_client_server.lib.source_hashes": "lib/source_hashes.py", "ptd_client_server.lib.summary": "lib/summary.py", "ptd_client_server.lib.time_sync": "lib/time_sync.py"}}
client 2025-02-28 08:48:32,306 [INFO] Running workload in ranging mode
client 2025-02-28 08:48:32,306 [INFO] Synchronizing with the server and with time.google.com...
client 2025-02-28 08:48:32,331 [INFO] NTP:offset = -0.005 s, delay = 0.024 s 
client 2025-02-28 08:48:32,331 [INFO] Sending command to the server: 'time'
client 2025-02-28 08:48:32,344 [INFO] Got response: '1740732512.2824748'
client 2025-02-28 08:48:32,344 [INFO] The time difference between the client and the server is within range 49.057 ms..62.232 ms
client 2025-02-28 08:48:32,344 [INFO] Sending command to the server: 'session,2025-02-28_08-48-32,start,ranging'
client 2025-02-28 08:48:56,928 [INFO] Got response: 'OK'
client 2025-02-28 08:48:56,928 [INFO] Sending command to the server: 'time'
client 2025-02-28 08:48:56,940 [INFO] Got response: '1740732536.8781178'
client 2025-02-28 08:48:56,940 [INFO] The time difference between the client and the server is within range 50.789 ms..62.068 ms
client 2025-02-28 08:48:56,940 [INFO] Running the workload ' MLC_MLPERF_RUN_COUNT=$(cat ${MLC_RUN_DIR}/count.txt); echo ${MLC_MLPERF_RUN_COUNT}; MLC_MLPERF_RUN_COUNT=$((MLC_MLPERF_RUN_COUNT+1)); echo ${MLC_MLPERF_RUN_COUNT} > ${MLC_RUN_DIR}/count.txt; if [ ${MLC_MLPERF_RUN_COUNT} -eq 1 ]; then export MLC_MLPERF_USER_CONF="${MLC_MLPERF_RANGING_USER_CONF}"; else export MLC_MLPERF_USER_CONF="${MLC_MLPERF_TESTING_USER_CONF}"; fi ; /home/arjun/MLC/repos/gateoverflow@mlperf-automations/script/run-all-mlperf-models/run.out'
client 2025-02-28 08:53:58,207 [INFO] Sending command to the server: 'time'
client 2025-02-28 08:53:58,220 [INFO] Got response: '1740732838.1570306'
client 2025-02-28 08:53:58,220 [INFO] The time difference between the client and the server is within range 49.952 ms..63.839 ms
client 2025-02-28 08:53:58,220 [INFO] Sending command to the server: 'session,2025-02-28_08-48-32,stop,ranging'
client 2025-02-28 08:54:09,781 [INFO] Got response: 'OK'
client 2025-02-28 08:54:09,781 [INFO] Sending command to the server: 'time'
client 2025-02-28 08:54:09,802 [INFO] Got response: '1740732849.7336414'
client 2025-02-28 08:54:09,803 [INFO] The time difference between the client and the server is within range 47.660 ms..69.409 ms
client 2025-02-28 08:54:09,807 [INFO] Copying loadgen logs from '/home/arjun/MLC/repos/local/cache/get-mlperf-inference-results-dir_e3f7a2f6/valid_results/mini-tflite_cpp-cpu-tflite-vmaster-with_live_preprocessing/mobilenet-v2-precision_float-0.35-192/singlestream/performance/run_1' to '/home/arjun/MLC/repos/local/cache/get-mlperf-inference-results-dir_e3f7a2f6/valid_results/mini-tflite_cpp-cpu-tflite-vmaster-with_live_preprocessing/mobilenet-v2-precision_float-0.35-192/singlestream/performance/tmp_power/ranging'
client 2025-02-28 08:54:09,807 [INFO] Running workload in testing mode
client 2025-02-28 08:54:09,807 [INFO] Synchronizing with the server and with time.google.com...
client 2025-02-28 08:54:09,834 [INFO] NTP:offset = -0.005 s, delay = 0.025 s 
client 2025-02-28 08:54:09,834 [INFO] Sending command to the server: 'time'
client 2025-02-28 08:54:09,845 [INFO] Got response: '1740732849.7813158'
client 2025-02-28 08:54:09,845 [INFO] The time difference between the client and the server is within range 53.238 ms..64.479 ms
client 2025-02-28 08:54:09,845 [INFO] Sending command to the server: 'session,2025-02-28_08-48-32,start,testing'
client 2025-02-28 08:54:23,095 [INFO] Got response: 'OK'
client 2025-02-28 08:54:23,096 [INFO] Sending command to the server: 'time'
client 2025-02-28 08:54:23,115 [INFO] Got response: '1740732863.043819'
client 2025-02-28 08:54:23,115 [INFO] The time difference between the client and the server is within range 52.307 ms..71.636 ms
client 2025-02-28 08:54:23,115 [INFO] Running the workload ' MLC_MLPERF_RUN_COUNT=$(cat ${MLC_RUN_DIR}/count.txt); echo ${MLC_MLPERF_RUN_COUNT}; MLC_MLPERF_RUN_COUNT=$((MLC_MLPERF_RUN_COUNT+1)); echo ${MLC_MLPERF_RUN_COUNT} > ${MLC_RUN_DIR}/count.txt; if [ ${MLC_MLPERF_RUN_COUNT} -eq 1 ]; then export MLC_MLPERF_USER_CONF="${MLC_MLPERF_RANGING_USER_CONF}"; else export MLC_MLPERF_USER_CONF="${MLC_MLPERF_TESTING_USER_CONF}"; fi ; /home/arjun/MLC/repos/gateoverflow@mlperf-automations/script/run-all-mlperf-models/run.out'
client 2025-02-28 09:04:25,131 [INFO] Sending command to the server: 'time'
client 2025-02-28 09:04:25,149 [INFO] Got response: '1740733465.0774028'
client 2025-02-28 09:04:25,150 [INFO] The time difference between the client and the server is within range 54.092 ms..72.691 ms
client 2025-02-28 09:04:25,150 [INFO] Sending command to the server: 'session,2025-02-28_08-48-32,stop,testing'
client 2025-02-28 09:04:36,478 [INFO] Got response: 'OK'
client 2025-02-28 09:04:36,478 [INFO] Sending command to the server: 'time'
client 2025-02-28 09:04:36,491 [INFO] Got response: '1740733476.4186378'
client 2025-02-28 09:04:36,491 [INFO] The time difference between the client and the server is within range 60.333 ms..72.873 ms
client 2025-02-28 09:04:36,492 [INFO] Copying loadgen logs from '/home/arjun/MLC/repos/local/cache/get-mlperf-inference-results-dir_e3f7a2f6/valid_results/mini-tflite_cpp-cpu-tflite-vmaster-with_live_preprocessing/mobilenet-v2-precision_float-0.35-192/singlestream/performance/run_1' to '/home/arjun/MLC/repos/local/cache/get-mlperf-inference-results-dir_e3f7a2f6/valid_results/mini-tflite_cpp-cpu-tflite-vmaster-with_live_preprocessing/mobilenet-v2-precision_float-0.35-192/singlestream/performance/tmp_power/run_1'
client 2025-02-28 09:04:36,492 [INFO] Done runs
