client 2025-02-27 01:01:04,092 [INFO] Creating output directory '/home/arjun/MLC/repos/local/cache/get-mlperf-inference-results-dir_e3f7a2f6/valid_results/mini-tflite_cpp-cpu-tflite-vmaster-default_config/efficientnet-fp32-lite0/singlestream/performance/tmp_power'
client 2025-02-27 01:01:04,101 [INFO] Sending command to the server: 'mlcommons/power client v3'
client 2025-02-27 01:01:04,112 [INFO] Got response: 'mlcommons/power server v3'
client 2025-02-27 01:01:04,112 [INFO] Synchronizing with the server and with time.google.com...
client 2025-02-27 01:01:04,135 [INFO] NTP:offset = -0.007 s, delay = 0.020 s 
client 2025-02-27 01:01:04,135 [INFO] Sending command to the server: 'time'
client 2025-02-27 01:01:04,150 [INFO] Got response: '1740618064.0232165'
client 2025-02-27 01:01:04,150 [INFO] The time difference between the client and the server is within range 112.005 ms..126.990 ms
client 2025-02-27 01:01:04,150 [INFO] Sending command to the server: 'new,,0f9d0001-cde1-4e64-b254-c8fefebb83c8'
client 2025-02-27 01:01:04,170 [INFO] Got response: 'OK 2025-02-27_01-01-04,463de6e9-bcef-43e2-8e93-5981ccf6100f'
client 2025-02-27 01:01:04,170 [INFO] Session id is '2025-02-27_01-01-04'
client 2025-02-27 01:01:04,170 [INFO] Sources: {"sources": {"__init__.py": "da39a3ee5e6b4b0d3255bfef95601890afd80709", "client.py": "33ca4f26368777ac06e01f9567b714a4b8063886", "lib/__init__.py": "da39a3ee5e6b4b0d3255bfef95601890afd80709", "lib/client.py": "ac2aa093c8e8bbc9569b9e2a3471bc64e58a2258", "lib/common.py": "611d8b29633d331eb19c9455ea3b5fa3284ed6df", "lib/external/__init__.py": "da39a3ee5e6b4b0d3255bfef95601890afd80709", "lib/external/ntplib.py": "4da8f970656505a40483206ef2b5d3dd5e81711d", "lib/server.py": "9bc9a3b6b9b716520658ac175913bcbbdb354336", "lib/source_hashes.py": "60a2e02193209e8d392803326208d5466342da18", "lib/summary.py": "602a9fedfa503e5544d27ab3b0067f235047efc3", "lib/time_sync.py": "80894ef2389e540781ff78de94db16aa4203a14e", "server.py": "c3f90f2f7eeb4db30727556d0c815ebc89b3d28b", "tests/unit/__init__.py": "da39a3ee5e6b4b0d3255bfef95601890afd80709", "tests/unit/test_server.py": "948c1995d4008bc2aa6c4046a34ffa3858d6d671", "tests/unit/test_source_hashes.py": "00468a2907583c593e6574a1f6b404e4651c221a"}, "modules": {"ptd_client_server.lib.client": "lib/client.py", "ptd_client_server.lib.common": "lib/common.py", "ptd_client_server.lib.external.ntplib": "lib/external/ntplib.py", "ptd_client_server.lib.source_hashes": "lib/source_hashes.py", "ptd_client_server.lib.summary": "lib/summary.py", "ptd_client_server.lib.time_sync": "lib/time_sync.py"}}
client 2025-02-27 01:01:04,171 [INFO] Running workload in ranging mode
client 2025-02-27 01:01:04,171 [INFO] Synchronizing with the server and with time.google.com...
client 2025-02-27 01:01:04,191 [INFO] NTP:offset = -0.008 s, delay = 0.019 s 
client 2025-02-27 01:01:04,191 [INFO] Sending command to the server: 'time'
client 2025-02-27 01:01:04,208 [INFO] Got response: '1740618064.082095'
client 2025-02-27 01:01:04,208 [INFO] The time difference between the client and the server is within range 109.153 ms..126.716 ms
client 2025-02-27 01:01:04,208 [INFO] Sending command to the server: 'session,2025-02-27_01-01-04,start,ranging'
client 2025-02-27 01:01:28,739 [INFO] Got response: 'OK'
client 2025-02-27 01:01:28,739 [INFO] Sending command to the server: 'time'
client 2025-02-27 01:01:28,756 [INFO] Got response: '1740618088.631487'
client 2025-02-27 01:01:28,756 [INFO] The time difference between the client and the server is within range 108.073 ms..125.025 ms
client 2025-02-27 01:01:28,756 [INFO] Running the workload ' MLC_MLPERF_RUN_COUNT=$(cat ${MLC_RUN_DIR}/count.txt); echo ${MLC_MLPERF_RUN_COUNT}; MLC_MLPERF_RUN_COUNT=$((MLC_MLPERF_RUN_COUNT+1)); echo ${MLC_MLPERF_RUN_COUNT} > ${MLC_RUN_DIR}/count.txt; if [ ${MLC_MLPERF_RUN_COUNT} -eq 1 ]; then export MLC_MLPERF_USER_CONF="${MLC_MLPERF_RANGING_USER_CONF}"; else export MLC_MLPERF_USER_CONF="${MLC_MLPERF_TESTING_USER_CONF}"; fi ; /home/arjun/MLC/repos/gateoverflow@mlperf-automations/script/run-all-mlperf-models/run.out'
client 2025-02-27 01:06:29,986 [INFO] Sending command to the server: 'time'
client 2025-02-27 01:06:30,001 [INFO] Got response: '1740618389.8708904'
client 2025-02-27 01:06:30,001 [INFO] The time difference between the client and the server is within range 115.647 ms..131.053 ms
client 2025-02-27 01:06:30,002 [INFO] Sending command to the server: 'session,2025-02-27_01-01-04,stop,ranging'
client 2025-02-27 01:06:41,271 [INFO] Got response: 'OK'
client 2025-02-27 01:06:41,271 [INFO] Sending command to the server: 'time'
client 2025-02-27 01:06:41,282 [INFO] Got response: '1740618401.1518252'
client 2025-02-27 01:06:41,282 [INFO] The time difference between the client and the server is within range 119.654 ms..130.470 ms
client 2025-02-27 01:06:41,286 [INFO] Copying loadgen logs from '/home/arjun/MLC/repos/local/cache/get-mlperf-inference-results-dir_e3f7a2f6/valid_results/mini-tflite_cpp-cpu-tflite-vmaster-default_config/efficientnet-fp32-lite0/singlestream/performance/run_1' to '/home/arjun/MLC/repos/local/cache/get-mlperf-inference-results-dir_e3f7a2f6/valid_results/mini-tflite_cpp-cpu-tflite-vmaster-default_config/efficientnet-fp32-lite0/singlestream/performance/tmp_power/ranging'
client 2025-02-27 01:06:41,286 [INFO] Running workload in testing mode
client 2025-02-27 01:06:41,286 [INFO] Synchronizing with the server and with time.google.com...
client 2025-02-27 01:06:41,306 [INFO] NTP:offset = -0.008 s, delay = 0.018 s 
client 2025-02-27 01:06:41,306 [INFO] Sending command to the server: 'time'
client 2025-02-27 01:06:41,318 [INFO] Got response: '1740618401.1883538'
client 2025-02-27 01:06:41,318 [INFO] The time difference between the client and the server is within range 118.232 ms..130.541 ms
client 2025-02-27 01:06:41,319 [INFO] Sending command to the server: 'session,2025-02-27_01-01-04,start,testing'
client 2025-02-27 01:06:54,583 [INFO] Got response: 'OK'
client 2025-02-27 01:06:54,583 [INFO] Sending command to the server: 'time'
client 2025-02-27 01:06:54,595 [INFO] Got response: '1740618414.465525'
client 2025-02-27 01:06:54,595 [INFO] The time difference between the client and the server is within range 118.409 ms..129.743 ms
client 2025-02-27 01:06:54,595 [INFO] Running the workload ' MLC_MLPERF_RUN_COUNT=$(cat ${MLC_RUN_DIR}/count.txt); echo ${MLC_MLPERF_RUN_COUNT}; MLC_MLPERF_RUN_COUNT=$((MLC_MLPERF_RUN_COUNT+1)); echo ${MLC_MLPERF_RUN_COUNT} > ${MLC_RUN_DIR}/count.txt; if [ ${MLC_MLPERF_RUN_COUNT} -eq 1 ]; then export MLC_MLPERF_USER_CONF="${MLC_MLPERF_RANGING_USER_CONF}"; else export MLC_MLPERF_USER_CONF="${MLC_MLPERF_TESTING_USER_CONF}"; fi ; /home/arjun/MLC/repos/gateoverflow@mlperf-automations/script/run-all-mlperf-models/run.out'
client 2025-02-27 01:16:55,245 [INFO] Sending command to the server: 'time'
client 2025-02-27 01:16:55,261 [INFO] Got response: '1740619015.1418886'
client 2025-02-27 01:16:55,261 [INFO] The time difference between the client and the server is within range 103.624 ms..119.321 ms
client 2025-02-27 01:16:55,261 [INFO] Sending command to the server: 'session,2025-02-27_01-01-04,stop,testing'
client 2025-02-27 01:17:05,603 [INFO] Got response: 'OK'
client 2025-02-27 01:17:05,603 [INFO] Sending command to the server: 'time'
client 2025-02-27 01:17:05,613 [INFO] Got response: '1740619025.495649'
client 2025-02-27 01:17:05,614 [INFO] The time difference between the client and the server is within range 108.324 ms..118.459 ms
client 2025-02-27 01:17:05,615 [INFO] Copying loadgen logs from '/home/arjun/MLC/repos/local/cache/get-mlperf-inference-results-dir_e3f7a2f6/valid_results/mini-tflite_cpp-cpu-tflite-vmaster-default_config/efficientnet-fp32-lite0/singlestream/performance/run_1' to '/home/arjun/MLC/repos/local/cache/get-mlperf-inference-results-dir_e3f7a2f6/valid_results/mini-tflite_cpp-cpu-tflite-vmaster-default_config/efficientnet-fp32-lite0/singlestream/performance/tmp_power/run_1'
client 2025-02-27 01:17:05,615 [INFO] Done runs
