client 2025-02-27 12:32:20,159 [INFO] Creating output directory '/home/arjun/MLC/repos/local/cache/get-mlperf-inference-results-dir_e3f7a2f6/valid_results/mini-tflite_cpp-cpu-tflite-vmaster-default_config/mobilenet-v2-precision_uint8-0.35-224/singlestream/performance/tmp_power'
client 2025-02-27 12:32:20,167 [INFO] Sending command to the server: 'mlcommons/power client v3'
client 2025-02-27 12:32:20,184 [INFO] Got response: 'mlcommons/power server v3'
client 2025-02-27 12:32:20,184 [INFO] Synchronizing with the server and with time.google.com...
client 2025-02-27 12:32:20,207 [INFO] NTP:offset = -0.003 s, delay = 0.019 s 
client 2025-02-27 12:32:20,207 [INFO] Sending command to the server: 'time'
client 2025-02-27 12:32:20,220 [INFO] Got response: '1740659540.0694237'
client 2025-02-27 12:32:20,220 [INFO] The time difference between the client and the server is within range 138.323 ms..151.418 ms
client 2025-02-27 12:32:20,220 [INFO] Sending command to the server: 'new,,ff6782ce-11e7-4a10-95db-8aa555ad47c5'
client 2025-02-27 12:32:20,236 [INFO] Got response: 'OK 2025-02-27_12-32-20,80672d26-6870-45d9-9729-bc38f713f725'
client 2025-02-27 12:32:20,237 [INFO] Session id is '2025-02-27_12-32-20'
client 2025-02-27 12:32:20,237 [INFO] Sources: {"sources": {"__init__.py": "da39a3ee5e6b4b0d3255bfef95601890afd80709", "client.py": "33ca4f26368777ac06e01f9567b714a4b8063886", "lib/__init__.py": "da39a3ee5e6b4b0d3255bfef95601890afd80709", "lib/client.py": "ac2aa093c8e8bbc9569b9e2a3471bc64e58a2258", "lib/common.py": "611d8b29633d331eb19c9455ea3b5fa3284ed6df", "lib/external/__init__.py": "da39a3ee5e6b4b0d3255bfef95601890afd80709", "lib/external/ntplib.py": "4da8f970656505a40483206ef2b5d3dd5e81711d", "lib/server.py": "9bc9a3b6b9b716520658ac175913bcbbdb354336", "lib/source_hashes.py": "60a2e02193209e8d392803326208d5466342da18", "lib/summary.py": "602a9fedfa503e5544d27ab3b0067f235047efc3", "lib/time_sync.py": "80894ef2389e540781ff78de94db16aa4203a14e", "server.py": "c3f90f2f7eeb4db30727556d0c815ebc89b3d28b", "tests/unit/__init__.py": "da39a3ee5e6b4b0d3255bfef95601890afd80709", "tests/unit/test_server.py": "948c1995d4008bc2aa6c4046a34ffa3858d6d671", "tests/unit/test_source_hashes.py": "00468a2907583c593e6574a1f6b404e4651c221a"}, "modules": {"ptd_client_server.lib.client": "lib/client.py", "ptd_client_server.lib.common": "lib/common.py", "ptd_client_server.lib.external.ntplib": "lib/external/ntplib.py", "ptd_client_server.lib.source_hashes": "lib/source_hashes.py", "ptd_client_server.lib.summary": "lib/summary.py", "ptd_client_server.lib.time_sync": "lib/time_sync.py"}}
client 2025-02-27 12:32:20,237 [INFO] Running workload in ranging mode
client 2025-02-27 12:32:20,238 [INFO] Synchronizing with the server and with time.google.com...
client 2025-02-27 12:32:20,258 [INFO] NTP:offset = -0.004 s, delay = 0.019 s 
client 2025-02-27 12:32:20,258 [INFO] Sending command to the server: 'time'
client 2025-02-27 12:32:20,271 [INFO] Got response: '1740659540.1194925'
client 2025-02-27 12:32:20,271 [INFO] The time difference between the client and the server is within range 139.467 ms..152.389 ms
client 2025-02-27 12:32:20,271 [INFO] Sending command to the server: 'session,2025-02-27_12-32-20,start,ranging'
client 2025-02-27 12:32:44,898 [INFO] Got response: 'OK'
client 2025-02-27 12:32:44,898 [INFO] Sending command to the server: 'time'
client 2025-02-27 12:32:44,909 [INFO] Got response: '1740659564.7585824'
client 2025-02-27 12:32:44,909 [INFO] The time difference between the client and the server is within range 139.796 ms..151.096 ms
client 2025-02-27 12:32:44,909 [INFO] Running the workload ' MLC_MLPERF_RUN_COUNT=$(cat ${MLC_RUN_DIR}/count.txt); echo ${MLC_MLPERF_RUN_COUNT}; MLC_MLPERF_RUN_COUNT=$((MLC_MLPERF_RUN_COUNT+1)); echo ${MLC_MLPERF_RUN_COUNT} > ${MLC_RUN_DIR}/count.txt; if [ ${MLC_MLPERF_RUN_COUNT} -eq 1 ]; then export MLC_MLPERF_USER_CONF="${MLC_MLPERF_RANGING_USER_CONF}"; else export MLC_MLPERF_USER_CONF="${MLC_MLPERF_TESTING_USER_CONF}"; fi ; /home/arjun/MLC/repos/gateoverflow@mlperf-automations/script/run-all-mlperf-models/run.out'
client 2025-02-27 12:37:45,751 [INFO] Sending command to the server: 'time'
client 2025-02-27 12:37:45,768 [INFO] Got response: '1740659865.6106598'
client 2025-02-27 12:37:45,768 [INFO] The time difference between the client and the server is within range 140.378 ms..158.007 ms
client 2025-02-27 12:37:45,768 [INFO] Sending command to the server: 'session,2025-02-27_12-32-20,stop,ranging'
client 2025-02-27 12:37:56,604 [INFO] Got response: 'OK'
client 2025-02-27 12:37:56,604 [INFO] Sending command to the server: 'time'
client 2025-02-27 12:37:56,622 [INFO] Got response: '1740659876.4665303'
client 2025-02-27 12:37:56,623 [INFO] The time difference between the client and the server is within range 137.727 ms..156.495 ms
client 2025-02-27 12:37:56,627 [INFO] Copying loadgen logs from '/home/arjun/MLC/repos/local/cache/get-mlperf-inference-results-dir_e3f7a2f6/valid_results/mini-tflite_cpp-cpu-tflite-vmaster-default_config/mobilenet-v2-precision_uint8-0.35-224/singlestream/performance/run_1' to '/home/arjun/MLC/repos/local/cache/get-mlperf-inference-results-dir_e3f7a2f6/valid_results/mini-tflite_cpp-cpu-tflite-vmaster-default_config/mobilenet-v2-precision_uint8-0.35-224/singlestream/performance/tmp_power/ranging'
client 2025-02-27 12:37:56,627 [INFO] Running workload in testing mode
client 2025-02-27 12:37:56,627 [INFO] Synchronizing with the server and with time.google.com...
client 2025-02-27 12:37:56,660 [INFO] NTP:offset = -0.003 s, delay = 0.020 s 
client 2025-02-27 12:37:56,660 [INFO] Sending command to the server: 'time'
client 2025-02-27 12:37:56,670 [INFO] Got response: '1740659876.515142'
client 2025-02-27 12:37:56,671 [INFO] The time difference between the client and the server is within range 145.383 ms..155.860 ms
client 2025-02-27 12:37:56,671 [INFO] Sending command to the server: 'session,2025-02-27_12-32-20,start,testing'
client 2025-02-27 12:38:09,915 [INFO] Got response: 'OK'
client 2025-02-27 12:38:09,916 [INFO] Sending command to the server: 'time'
client 2025-02-27 12:38:09,930 [INFO] Got response: '1740659889.7735767'
client 2025-02-27 12:38:09,930 [INFO] The time difference between the client and the server is within range 142.460 ms..157.149 ms
client 2025-02-27 12:38:09,930 [INFO] Running the workload ' MLC_MLPERF_RUN_COUNT=$(cat ${MLC_RUN_DIR}/count.txt); echo ${MLC_MLPERF_RUN_COUNT}; MLC_MLPERF_RUN_COUNT=$((MLC_MLPERF_RUN_COUNT+1)); echo ${MLC_MLPERF_RUN_COUNT} > ${MLC_RUN_DIR}/count.txt; if [ ${MLC_MLPERF_RUN_COUNT} -eq 1 ]; then export MLC_MLPERF_USER_CONF="${MLC_MLPERF_RANGING_USER_CONF}"; else export MLC_MLPERF_USER_CONF="${MLC_MLPERF_TESTING_USER_CONF}"; fi ; /home/arjun/MLC/repos/gateoverflow@mlperf-automations/script/run-all-mlperf-models/run.out'
client 2025-02-27 12:48:10,690 [INFO] Sending command to the server: 'time'
client 2025-02-27 12:48:10,707 [INFO] Got response: '1740660490.54144'
client 2025-02-27 12:48:10,707 [INFO] The time difference between the client and the server is within range 149.419 ms..166.062 ms
client 2025-02-27 12:48:10,707 [INFO] Sending command to the server: 'session,2025-02-27_12-32-20,stop,testing'
client 2025-02-27 12:48:21,024 [INFO] Got response: 'OK'
client 2025-02-27 12:48:21,024 [INFO] Sending command to the server: 'time'
client 2025-02-27 12:48:21,034 [INFO] Got response: '1740660500.8701072'
client 2025-02-27 12:48:21,034 [INFO] The time difference between the client and the server is within range 154.310 ms..164.494 ms
client 2025-02-27 12:48:21,035 [INFO] Copying loadgen logs from '/home/arjun/MLC/repos/local/cache/get-mlperf-inference-results-dir_e3f7a2f6/valid_results/mini-tflite_cpp-cpu-tflite-vmaster-default_config/mobilenet-v2-precision_uint8-0.35-224/singlestream/performance/run_1' to '/home/arjun/MLC/repos/local/cache/get-mlperf-inference-results-dir_e3f7a2f6/valid_results/mini-tflite_cpp-cpu-tflite-vmaster-default_config/mobilenet-v2-precision_uint8-0.35-224/singlestream/performance/tmp_power/run_1'
client 2025-02-27 12:48:21,036 [INFO] Done runs
