Graph file: /home/ubuntu/MLC/repos/local/cache/get-ml-model-mobilenet_2bd05805/v2_224_100/model.tflite
Image dir: /home/ubuntu/MLC/repos/local/cache/get-preprocessed-dataset-imagenet_ef1f5044
Image list: /home/ubuntu/MLC/repos/local/cache/get-preprocessed-dataset-imagenet_ef1f5044/preprocessed_files.txt
Image size: 224
Image channels: 3
Prediction classes: 1000
Result dir: /home/ubuntu/MLC/repos/local/cache/get-mlperf-inference-results-dir_f4d6bb17/valid_results/i_0b9e300bccc1f9040-tflite_cpp-cpu-tflite-vmaster-default_config/mobilenet-v2-precision_uint8-1.0-224/singlestream/performance/run_1
How many images fit in memory buffer: 1024
Normalize: 1
Subtract mean: 0
Run time preprocessing: 1
Number of Threads: 8
Number of available imagefiles: 50000

Loading graph...
INFO: Created TensorFlow Lite XNNPACK delegate for CPU.
Input tensor dimensions (NHWC): 1*224*224*3
Output tensor dimensions: 1*1001
Path to user.conf : /home/ubuntu/MLC/repos/gateoverflow@mlperf-automations/script/generate-mlperf-inference-user-conf/tmp/72ef651eea1745d08bd0748aaf8e6cad.conf
Model Name: mobilenet
LoadGen Scenario: SingleStream
LoadGen Mode: performance
