client 2025-02-26 14:17:40,438 [INFO] Creating output directory '/home/arjun/MLC/repos/local/cache/get-mlperf-inference-results-dir_e3f7a2f6/valid_results/mini-tflite_cpp-cpu-tflite-vmaster-default_config/mobilenet-v1-precision_float-1.0-128/singlestream/performance/tmp_power'
client 2025-02-26 14:17:40,446 [INFO] Sending command to the server: 'mlcommons/power client v3'
client 2025-02-26 14:17:40,458 [INFO] Got response: 'mlcommons/power server v3'
client 2025-02-26 14:17:40,458 [INFO] Synchronizing with the server and with time.google.com...
client 2025-02-26 14:17:40,483 [INFO] NTP:offset = -0.028 s, delay = 0.021 s 
client 2025-02-26 14:17:40,484 [INFO] Sending command to the server: 'time'
client 2025-02-26 14:17:40,494 [INFO] Got response: '1740579460.4220474'
client 2025-02-26 14:17:40,494 [INFO] The time difference between the client and the server is within range 62.159 ms..72.430 ms
client 2025-02-26 14:17:40,494 [INFO] Sending command to the server: 'new,,021bd3d2-853d-4da0-96d0-12b33f1f1aa8'
client 2025-02-26 14:17:40,505 [INFO] Got response: 'OK 2025-02-26_14-17-40,3510f0f6-b141-4b05-9e1e-295b855f14a8'
client 2025-02-26 14:17:40,506 [INFO] Session id is '2025-02-26_14-17-40'
client 2025-02-26 14:17:40,506 [INFO] Sources: {"sources": {"__init__.py": "da39a3ee5e6b4b0d3255bfef95601890afd80709", "client.py": "33ca4f26368777ac06e01f9567b714a4b8063886", "lib/__init__.py": "da39a3ee5e6b4b0d3255bfef95601890afd80709", "lib/client.py": "ac2aa093c8e8bbc9569b9e2a3471bc64e58a2258", "lib/common.py": "611d8b29633d331eb19c9455ea3b5fa3284ed6df", "lib/external/__init__.py": "da39a3ee5e6b4b0d3255bfef95601890afd80709", "lib/external/ntplib.py": "4da8f970656505a40483206ef2b5d3dd5e81711d", "lib/server.py": "9bc9a3b6b9b716520658ac175913bcbbdb354336", "lib/source_hashes.py": "60a2e02193209e8d392803326208d5466342da18", "lib/summary.py": "602a9fedfa503e5544d27ab3b0067f235047efc3", "lib/time_sync.py": "80894ef2389e540781ff78de94db16aa4203a14e", "server.py": "c3f90f2f7eeb4db30727556d0c815ebc89b3d28b", "tests/unit/__init__.py": "da39a3ee5e6b4b0d3255bfef95601890afd80709", "tests/unit/test_server.py": "948c1995d4008bc2aa6c4046a34ffa3858d6d671", "tests/unit/test_source_hashes.py": "00468a2907583c593e6574a1f6b404e4651c221a"}, "modules": {"ptd_client_server.lib.client": "lib/client.py", "ptd_client_server.lib.common": "lib/common.py", "ptd_client_server.lib.external.ntplib": "lib/external/ntplib.py", "ptd_client_server.lib.source_hashes": "lib/source_hashes.py", "ptd_client_server.lib.summary": "lib/summary.py", "ptd_client_server.lib.time_sync": "lib/time_sync.py"}}
client 2025-02-26 14:17:40,506 [INFO] Running workload in ranging mode
client 2025-02-26 14:17:40,506 [INFO] Synchronizing with the server and with time.google.com...
client 2025-02-26 14:17:40,525 [INFO] NTP:offset = -0.029 s, delay = 0.018 s 
client 2025-02-26 14:17:40,526 [INFO] Sending command to the server: 'time'
client 2025-02-26 14:17:40,539 [INFO] Got response: '1740579460.4637353'
client 2025-02-26 14:17:40,539 [INFO] The time difference between the client and the server is within range 62.245 ms..76.064 ms
client 2025-02-26 14:17:40,539 [INFO] Sending command to the server: 'session,2025-02-26_14-17-40,start,ranging'
client 2025-02-26 14:18:05,134 [INFO] Got response: 'OK'
client 2025-02-26 14:18:05,134 [INFO] Sending command to the server: 'time'
client 2025-02-26 14:18:05,147 [INFO] Got response: '1740579485.0723557'
client 2025-02-26 14:18:05,147 [INFO] The time difference between the client and the server is within range 62.529 ms..74.895 ms
client 2025-02-26 14:18:05,147 [INFO] Running the workload ' MLC_MLPERF_RUN_COUNT=$(cat ${MLC_RUN_DIR}/count.txt); echo ${MLC_MLPERF_RUN_COUNT}; MLC_MLPERF_RUN_COUNT=$((MLC_MLPERF_RUN_COUNT+1)); echo ${MLC_MLPERF_RUN_COUNT} > ${MLC_RUN_DIR}/count.txt; if [ ${MLC_MLPERF_RUN_COUNT} -eq 1 ]; then export MLC_MLPERF_USER_CONF="${MLC_MLPERF_RANGING_USER_CONF}"; else export MLC_MLPERF_USER_CONF="${MLC_MLPERF_TESTING_USER_CONF}"; fi ; /home/arjun/MLC/repos/gateoverflow@mlperf-automations/script/run-all-mlperf-models/run.out'
client 2025-02-26 14:23:05,820 [INFO] Sending command to the server: 'time'
client 2025-02-26 14:23:05,835 [INFO] Got response: '1740579785.7599688'
client 2025-02-26 14:23:05,835 [INFO] The time difference between the client and the server is within range 60.615 ms..75.643 ms
client 2025-02-26 14:23:05,835 [INFO] Sending command to the server: 'session,2025-02-26_14-17-40,stop,ranging'
client 2025-02-26 14:23:16,322 [INFO] Got response: 'OK'
client 2025-02-26 14:23:16,322 [INFO] Sending command to the server: 'time'
client 2025-02-26 14:23:16,336 [INFO] Got response: '1740579796.2591786'
client 2025-02-26 14:23:16,336 [INFO] The time difference between the client and the server is within range 63.262 ms..77.568 ms
client 2025-02-26 14:23:16,341 [INFO] Copying loadgen logs from '/home/arjun/MLC/repos/local/cache/get-mlperf-inference-results-dir_e3f7a2f6/valid_results/mini-tflite_cpp-cpu-tflite-vmaster-default_config/mobilenet-v1-precision_float-1.0-128/singlestream/performance/run_1' to '/home/arjun/MLC/repos/local/cache/get-mlperf-inference-results-dir_e3f7a2f6/valid_results/mini-tflite_cpp-cpu-tflite-vmaster-default_config/mobilenet-v1-precision_float-1.0-128/singlestream/performance/tmp_power/ranging'
client 2025-02-26 14:23:16,341 [INFO] Running workload in testing mode
client 2025-02-26 14:23:16,341 [INFO] Synchronizing with the server and with time.google.com...
client 2025-02-26 14:23:16,362 [INFO] NTP:offset = -0.022 s, delay = 0.019 s 
client 2025-02-26 14:23:16,362 [INFO] Sending command to the server: 'time'
client 2025-02-26 14:23:16,375 [INFO] Got response: '1740579796.2994738'
client 2025-02-26 14:23:16,375 [INFO] The time difference between the client and the server is within range 62.964 ms..75.684 ms
client 2025-02-26 14:23:16,375 [INFO] Sending command to the server: 'session,2025-02-26_14-17-40,start,testing'
client 2025-02-26 14:23:29,531 [INFO] Got response: 'OK'
client 2025-02-26 14:23:29,531 [INFO] Sending command to the server: 'time'
client 2025-02-26 14:23:29,542 [INFO] Got response: '1740579809.4686606'
client 2025-02-26 14:23:29,542 [INFO] The time difference between the client and the server is within range 63.071 ms..73.659 ms
client 2025-02-26 14:23:29,542 [INFO] Running the workload ' MLC_MLPERF_RUN_COUNT=$(cat ${MLC_RUN_DIR}/count.txt); echo ${MLC_MLPERF_RUN_COUNT}; MLC_MLPERF_RUN_COUNT=$((MLC_MLPERF_RUN_COUNT+1)); echo ${MLC_MLPERF_RUN_COUNT} > ${MLC_RUN_DIR}/count.txt; if [ ${MLC_MLPERF_RUN_COUNT} -eq 1 ]; then export MLC_MLPERF_USER_CONF="${MLC_MLPERF_RANGING_USER_CONF}"; else export MLC_MLPERF_USER_CONF="${MLC_MLPERF_TESTING_USER_CONF}"; fi ; /home/arjun/MLC/repos/gateoverflow@mlperf-automations/script/run-all-mlperf-models/run.out'
client 2025-02-26 14:33:30,215 [INFO] Sending command to the server: 'time'
client 2025-02-26 14:33:30,229 [INFO] Got response: '1740580410.144953'
client 2025-02-26 14:33:30,229 [INFO] The time difference between the client and the server is within range 70.990 ms..84.909 ms
client 2025-02-26 14:33:30,230 [INFO] Sending command to the server: 'session,2025-02-26_14-17-40,stop,testing'
client 2025-02-26 14:33:40,713 [INFO] Got response: 'OK'
client 2025-02-26 14:33:40,713 [INFO] Sending command to the server: 'time'
client 2025-02-26 14:33:40,721 [INFO] Got response: '1740580420.639364'
client 2025-02-26 14:33:40,722 [INFO] The time difference between the client and the server is within range 74.005 ms..82.673 ms
client 2025-02-26 14:33:40,723 [INFO] Copying loadgen logs from '/home/arjun/MLC/repos/local/cache/get-mlperf-inference-results-dir_e3f7a2f6/valid_results/mini-tflite_cpp-cpu-tflite-vmaster-default_config/mobilenet-v1-precision_float-1.0-128/singlestream/performance/run_1' to '/home/arjun/MLC/repos/local/cache/get-mlperf-inference-results-dir_e3f7a2f6/valid_results/mini-tflite_cpp-cpu-tflite-vmaster-default_config/mobilenet-v1-precision_float-1.0-128/singlestream/performance/tmp_power/run_1'
client 2025-02-26 14:33:40,723 [INFO] Done runs
