Couldn't find any of the following OpenCL library: libOpenCL.so libGLES_mali.so libmali.so 
Graph file: /home/ubuntu/MLC/repos/local/cache/get-ml-model-efficientnet-lite_293e7315/efficientnet-lite3/efficientnet-lite3-int8.tflite
Image dir: /home/ubuntu/MLC/repos/local/cache/get-preprocessed-dataset-imagenet_303e6e3d
Image list: /home/ubuntu/MLC/repos/local/cache/get-preprocessed-dataset-imagenet_303e6e3d/preprocessed_files.txt
Image size: 280
Image channels: 3
Prediction classes: 1000
Result dir: /home/ubuntu/MLC/repos/local/cache/get-mlperf-inference-results-dir_fcc76f3a/valid_results/i_0533a5946176cef45-tflite_armnn_cpp-cpu-armnn_tflite-v23.11-using_neon/efficientnet-int8-lite3/singlestream/accuracy
How many images fit in memory buffer: 1024
Normalize: 1
Subtract mean: 0
Run time preprocessing: 1
Number of Threads: 2
Number of available imagefiles: 50000

Loading graph...
Output tensor dimensions: 1*1000
Path to mlperf.conf : /home/ubuntu/MLC/repos/local/cache/get-git-repo_383b791e/inference/mlperf.conf
Path to user.conf : /home/ubuntu/MLC/repos/gateoverflow@mlperf-automations/script/generate-mlperf-inference-user-conf/tmp/6b32370867434297814d9f854befd7f5.conf
Model Name: efficientnet
LoadGen Scenario: SingleStream
LoadGen Mode: accuracy
