Graph file: /home/ubuntu/MLC/repos/local/cache/get-ml-model-efficientnet-lite_dcf9fa45/efficientnet-lite2/efficientnet-lite2-fp32.tflite
Image dir: /home/ubuntu/MLC/repos/local/cache/get-preprocessed-dataset-imagenet_0e873202
Image list: /home/ubuntu/MLC/repos/local/cache/get-preprocessed-dataset-imagenet_0e873202/preprocessed_files.txt
Image size: 260
Image channels: 3
Prediction classes: 1000
Result dir: /home/ubuntu/MLC/repos/local/cache/get-mlperf-inference-results-dir_fcc76f3a/valid_results/i_0533a5946176cef45-tflite_cpp-cpu-tflite-vmaster-default_config/efficientnet-fp32-lite2/singlestream/performance/run_1
How many images fit in memory buffer: 1024
Normalize: 1
Subtract mean: 0
Run time preprocessing: 0
Number of Threads: 2
Number of available imagefiles: 50000

Loading graph...
INFO: Created TensorFlow Lite XNNPACK delegate for CPU.
Input tensor dimensions (NHWC): 1*260*260*3
Output tensor dimensions: 1*1000
Path to user.conf : /home/ubuntu/MLC/repos/gateoverflow@mlperf-automations/script/generate-mlperf-inference-user-conf/tmp/b6e6cb892d3a4ac3851259b4ece611d6.conf
Model Name: efficientnet
LoadGen Scenario: SingleStream
LoadGen Mode: performance
