User Conf path: /home/arjun/MLC/repos/gateoverflow@mlperf-automations/script/generate-mlperf-inference-user-conf/tmp/86ee6a47128c48e1b4b61840d105384e.conf
Dataset Preprocessed path: /home/arjun/MLC/repos/local/cache/get-preprocessed-dataset-openimages_43599549
Dataset List filepath: /home/arjun/MLC/repos/local/cache/get-preprocessed-dataset-openimages_43599549/annotations/openimages-mlperf.json
Scenario: SingleStream
Mode: AccuracyOnly
Batch size: 1
Query count override: 0
Performance sample count override in application: 0
loaded openimages with 24781 samples
starting benchmark
loading samples to ram with total sample size: 64
loading samples to ram with total sample size: 64
loading samples to ram with total sample size: 64
loading samples to ram with total sample size: 64
loading samples to ram with total sample size: 64
loading samples to ram with total sample size: 64
loading samples to ram with total sample size: 64
loading samples to ram with total sample size: 64
loading samples to ram with total sample size: 64
loading samples to ram with total sample size: 64
loading samples to ram with total sample size: 64
loading samples to ram with total sample size: 64
loading samples to ram with total sample size: 64
loading samples to ram with total sample size: 64
loading samples to ram with total sample size: 64
loading samples to ram with total sample size: 64
loading samples to ram with total sample size: 64
loading samples to ram with total sample size: 64
loading samples to ram with total sample size: 64
loading samples to ram with total sample size: 64
loading samples to ram with total sample size: 64
loading samples to ram with total sample size: 64
loading samples to ram with total sample size: 64
loading samples to ram with total sample size: 64
loading samples to ram with total sample size: 64
loading samples to ram with total sample size: 64
loading samples to ram with total sample size: 64
loading samples to ram with total sample size: 64
loading samples to ram with total sample size: 64
loading samples to ram with total sample size: 64
loading samples to ram with total sample size: 64
loading samples to ram with total sample size: 64
loading samples to ram with total sample size: 64
loading samples to ram with total sample size: 64
loading samples to ram with total sample size: 64
loading samples to ram with total sample size: 64
loading samples to ram with total sample size: 64
loading samples to ram with total sample size: 64
loading samples to ram with total sample size: 64
loading samples to ram with total sample size: 64
loading samples to ram with total sample size: 64
loading samples to ram with total sample size: 64
loading samples to ram with total sample size: 64
loading samples to ram with total sample size: 64
loading samples to ram with total sample size: 64
loading samples to ram with total sample size: 64
loading samples to ram with total sample size: 64
loading samples to ram with total sample size: 64
loading samples to ram with total sample size: 64
loading samples to ram with total sample size: 64
loading samples to ram with total sample size: 64
loading samples to ram with total sample size: 64
loading samples to ram with total sample size: 64
loading samples to ram with total sample size: 64
loading samples to ram with total sample size: 64
loading samples to ram with total sample size: 64
loading samples to ram with total sample size: 64
loading samples to ram with total sample size: 64
loading samples to ram with total sample size: 64
loading samples to ram with total sample size: 64
loading samples to ram with total sample size: 64
loading samples to ram with total sample size: 64
loading samples to ram with total sample size: 64
loading samples to ram with total sample size: 64
loading samples to ram with total sample size: 64
loading samples to ram with total sample size: 64
loading samples to ram with total sample size: 64
loading samples to ram with total sample size: 64
loading samples to ram with total sample size: 64
loading samples to ram with total sample size: 64
loading samples to ram with total sample size: 64
loading samples to ram with total sample size: 64
loading samples to ram with total sample size: 64
loading samples to ram with total sample size: 64
loading samples to ram with total sample size: 64
loading samples to ram with total sample size: 64
loading samples to ram with total sample size: 64
loading samples to ram with total sample size: 64
loading samples to ram with total sample size: 64
loading samples to ram with total sample size: 64
loading samples to ram with total sample size: 64
loading samples to ram with total sample size: 64
loading samples to ram with total sample size: 64
loading samples to ram with total sample size: 64
loading samples to ram with total sample size: 64
loading samples to ram with total sample size: 64
loading samples to ram with total sample size: 64
loading samples to ram with total sample size: 64
loading samples to ram with total sample size: 64
loading samples to ram with total sample size: 64
loading samples to ram with total sample size: 64
loading samples to ram with total sample size: 64
loading samples to ram with total sample size: 64
loading samples to ram with total sample size: 64
loading samples to ram with total sample size: 64
loading samples to ram with total sample size: 64
loading samples to ram with total sample size: 64
loading samples to ram with total sample size: 64
loading samples to ram with total sample size: 64
loading samples to ram with total sample size: 64
loading samples to ram with total sample size: 64
loading samples to ram with total sample size: 64
loading samples to ram with total sample size: 64
loading samples to ram with total sample size: 64
loading samples to ram with total sample size: 64
loading samples to ram with total sample size: 64
loading samples to ram with total sample size: 64
loading samples to ram with total sample size: 64
loading samples to ram with total sample size: 64
loading samples to ram with total sample size: 64
loading samples to ram with total sample size: 64
loading samples to ram with total sample size: 64
loading samples to ram with total sample size: 64
loading samples to ram with total sample size: 64
loading samples to ram with total sample size: 64
loading samples to ram with total sample size: 64
loading samples to ram with total sample size: 64
loading samples to ram with total sample size: 64
loading samples to ram with total sample size: 64
loading samples to ram with total sample size: 64
loading samples to ram with total sample size: 64
loading samples to ram with total sample size: 64
loading samples to ram with total sample size: 64
loading samples to ram with total sample size: 64
loading samples to ram with total sample size: 64
loading samples to ram with total sample size: 64
loading samples to ram with total sample size: 64
loading samples to ram with total sample size: 64
loading samples to ram with total sample size: 64
loading samples to ram with total sample size: 64
loading samples to ram with total sample size: 64
loading samples to ram with total sample size: 64
loading samples to ram with total sample size: 64
loading samples to ram with total sample size: 64
loading samples to ram with total sample size: 64
loading samples to ram with total sample size: 64
loading samples to ram with total sample size: 64
loading samples to ram with total sample size: 64
loading samples to ram with total sample size: 64
loading samples to ram with total sample size: 64
loading samples to ram with total sample size: 64
loading samples to ram with total sample size: 64
loading samples to ram with total sample size: 64
loading samples to ram with total sample size: 64
loading samples to ram with total sample size: 64
loading samples to ram with total sample size: 64
loading samples to ram with total sample size: 64
loading samples to ram with total sample size: 64
loading samples to ram with total sample size: 64
loading samples to ram with total sample size: 64
loading samples to ram with total sample size: 64
loading samples to ram with total sample size: 64
loading samples to ram with total sample size: 64
loading samples to ram with total sample size: 64
loading samples to ram with total sample size: 64
loading samples to ram with total sample size: 64
loading samples to ram with total sample size: 64
loading samples to ram with total sample size: 64
loading samples to ram with total sample size: 64
loading samples to ram with total sample size: 64
loading samples to ram with total sample size: 64
loading samples to ram with total sample size: 64
loading samples to ram with total sample size: 64
loading samples to ram with total sample size: 64
loading samples to ram with total sample size: 64
loading samples to ram with total sample size: 64
loading samples to ram with total sample size: 64
loading samples to ram with total sample size: 64
loading samples to ram with total sample size: 64
loading samples to ram with total sample size: 64
loading samples to ram with total sample size: 64
loading samples to ram with total sample size: 64
loading samples to ram with total sample size: 64
loading samples to ram with total sample size: 64
loading samples to ram with total sample size: 64
loading samples to ram with total sample size: 64
loading samples to ram with total sample size: 64
loading samples to ram with total sample size: 64
loading samples to ram with total sample size: 64
loading samples to ram with total sample size: 64
loading samples to ram with total sample size: 64
loading samples to ram with total sample size: 64
loading samples to ram with total sample size: 64
loading samples to ram with total sample size: 64
loading samples to ram with total sample size: 64
loading samples to ram with total sample size: 64
loading samples to ram with total sample size: 64
loading samples to ram with total sample size: 64
loading samples to ram with total sample size: 64
loading samples to ram with total sample size: 64
loading samples to ram with total sample size: 64
loading samples to ram with total sample size: 64
loading samples to ram with total sample size: 64
loading samples to ram with total sample size: 64
loading samples to ram with total sample size: 64
loading samples to ram with total sample size: 64
loading samples to ram with total sample size: 64
loading samples to ram with total sample size: 64
loading samples to ram with total sample size: 64
loading samples to ram with total sample size: 64
loading samples to ram with total sample size: 64
loading samples to ram with total sample size: 64
loading samples to ram with total sample size: 64
loading samples to ram with total sample size: 64
loading samples to ram with total sample size: 64
loading samples to ram with total sample size: 64
loading samples to ram with total sample size: 64
loading samples to ram with total sample size: 64
loading samples to ram with total sample size: 64
loading samples to ram with total sample size: 64
loading samples to ram with total sample size: 64
loading samples to ram with total sample size: 64
loading samples to ram with total sample size: 64
loading samples to ram with total sample size: 64
loading samples to ram with total sample size: 64
loading samples to ram with total sample size: 64
loading samples to ram with total sample size: 64
loading samples to ram with total sample size: 64
loading samples to ram with total sample size: 64
loading samples to ram with total sample size: 64
loading samples to ram with total sample size: 64
loading samples to ram with total sample size: 64
loading samples to ram with total sample size: 64
loading samples to ram with total sample size: 64
loading samples to ram with total sample size: 64
loading samples to ram with total sample size: 64
loading samples to ram with total sample size: 64
loading samples to ram with total sample size: 64
loading samples to ram with total sample size: 64
loading samples to ram with total sample size: 64
loading samples to ram with total sample size: 64
loading samples to ram with total sample size: 64
loading samples to ram with total sample size: 64
loading samples to ram with total sample size: 64
loading samples to ram with total sample size: 64
loading samples to ram with total sample size: 64
loading samples to ram with total sample size: 64
loading samples to ram with total sample size: 64
loading samples to ram with total sample size: 64
loading samples to ram with total sample size: 64
loading samples to ram with total sample size: 64
loading samples to ram with total sample size: 64
loading samples to ram with total sample size: 64
loading samples to ram with total sample size: 64
loading samples to ram with total sample size: 64
loading samples to ram with total sample size: 64
loading samples to ram with total sample size: 64
loading samples to ram with total sample size: 64
loading samples to ram with total sample size: 64
loading samples to ram with total sample size: 64
loading samples to ram with total sample size: 64
loading samples to ram with total sample size: 64
loading samples to ram with total sample size: 64
loading samples to ram with total sample size: 64
loading samples to ram with total sample size: 64
loading samples to ram with total sample size: 64
loading samples to ram with total sample size: 64
loading samples to ram with total sample size: 64
loading samples to ram with total sample size: 64
loading samples to ram with total sample size: 64
loading samples to ram with total sample size: 64
loading samples to ram with total sample size: 64
loading samples to ram with total sample size: 64
loading samples to ram with total sample size: 64
loading samples to ram with total sample size: 64
loading samples to ram with total sample size: 64
loading samples to ram with total sample size: 64
loading samples to ram with total sample size: 64
loading samples to ram with total sample size: 64
loading samples to ram with total sample size: 64
loading samples to ram with total sample size: 64
loading samples to ram with total sample size: 64
loading samples to ram with total sample size: 64
loading samples to ram with total sample size: 64
loading samples to ram with total sample size: 64
loading samples to ram with total sample size: 64
loading samples to ram with total sample size: 64
loading samples to ram with total sample size: 64
loading samples to ram with total sample size: 64
loading samples to ram with total sample size: 64
loading samples to ram with total sample size: 64
loading samples to ram with total sample size: 64
loading samples to ram with total sample size: 64
loading samples to ram with total sample size: 64
loading samples to ram with total sample size: 64
loading samples to ram with total sample size: 64
loading samples to ram with total sample size: 64
loading samples to ram with total sample size: 64
loading samples to ram with total sample size: 64
loading samples to ram with total sample size: 64
loading samples to ram with total sample size: 64
loading samples to ram with total sample size: 64
loading samples to ram with total sample size: 64
loading samples to ram with total sample size: 64
loading samples to ram with total sample size: 64
loading samples to ram with total sample size: 64
loading samples to ram with total sample size: 64
loading samples to ram with total sample size: 64
loading samples to ram with total sample size: 64
loading samples to ram with total sample size: 64
loading samples to ram with total sample size: 64
loading samples to ram with total sample size: 64
loading samples to ram with total sample size: 64
loading samples to ram with total sample size: 64
loading samples to ram with total sample size: 64
loading samples to ram with total sample size: 64
loading samples to ram with total sample size: 64
loading samples to ram with total sample size: 64
loading samples to ram with total sample size: 64
loading samples to ram with total sample size: 64
loading samples to ram with total sample size: 64
loading samples to ram with total sample size: 64
loading samples to ram with total sample size: 64
loading samples to ram with total sample size: 64
loading samples to ram with total sample size: 64
loading samples to ram with total sample size: 64
loading samples to ram with total sample size: 64
loading samples to ram with total sample size: 64
loading samples to ram with total sample size: 64
loading samples to ram with total sample size: 64
loading samples to ram with total sample size: 64
loading samples to ram with total sample size: 64
loading samples to ram with total sample size: 64
loading samples to ram with total sample size: 64
loading samples to ram with total sample size: 64
loading samples to ram with total sample size: 64
loading samples to ram with total sample size: 64
loading samples to ram with total sample size: 64
loading samples to ram with total sample size: 64
loading samples to ram with total sample size: 64
loading samples to ram with total sample size: 64
loading samples to ram with total sample size: 64
loading samples to ram with total sample size: 64
loading samples to ram with total sample size: 64
loading samples to ram with total sample size: 64
loading samples to ram with total sample size: 64
loading samples to ram with total sample size: 64
loading samples to ram with total sample size: 64
loading samples to ram with total sample size: 64
loading samples to ram with total sample size: 64
loading samples to ram with total sample size: 64
loading samples to ram with total sample size: 64
loading samples to ram with total sample size: 64
loading samples to ram with total sample size: 64
loading samples to ram with total sample size: 64
loading samples to ram with total sample size: 64
loading samples to ram with total sample size: 64
loading samples to ram with total sample size: 64
loading samples to ram with total sample size: 64
loading samples to ram with total sample size: 64
loading samples to ram with total sample size: 64
loading samples to ram with total sample size: 64
loading samples to ram with total sample size: 64
loading samples to ram with total sample size: 64
loading samples to ram with total sample size: 64
loading samples to ram with total sample size: 64
loading samples to ram with total sample size: 64
loading samples to ram with total sample size: 64
loading samples to ram with total sample size: 64
loading samples to ram with total sample size: 64
loading samples to ram with total sample size: 64
loading samples to ram with total sample size: 64
loading samples to ram with total sample size: 64
loading samples to ram with total sample size: 64
loading samples to ram with total sample size: 64
loading samples to ram with total sample size: 64
loading samples to ram with total sample size: 64
loading samples to ram with total sample size: 64
loading samples to ram with total sample size: 64
loading samples to ram with total sample size: 64
loading samples to ram with total sample size: 64
loading samples to ram with total sample size: 64
loading samples to ram with total sample size: 64
loading samples to ram with total sample size: 64
loading samples to ram with total sample size: 64
loading samples to ram with total sample size: 64
loading samples to ram with total sample size: 64
loading samples to ram with total sample size: 64
loading samples to ram with total sample size: 64
loading samples to ram with total sample size: 64
loading samples to ram with total sample size: 64
loading samples to ram with total sample size: 64
loading samples to ram with total sample size: 64
loading samples to ram with total sample size: 64
loading samples to ram with total sample size: 64
loading samples to ram with total sample size: 64
loading samples to ram with total sample size: 64
loading samples to ram with total sample size: 13
