client 2025-02-27 07:47:11,607 [INFO] Creating output directory '/home/arjun/MLC/repos/local/cache/get-mlperf-inference-results-dir_e3f7a2f6/valid_results/mini-tflite_cpp-cpu-tflite-vmaster-default_config/mobilenet-v1-precision_uint8-0.25-192/singlestream/performance/tmp_power'
client 2025-02-27 07:47:11,615 [INFO] Sending command to the server: 'mlcommons/power client v3'
client 2025-02-27 07:47:11,624 [INFO] Got response: 'mlcommons/power server v3'
client 2025-02-27 07:47:11,624 [INFO] Synchronizing with the server and with time.google.com...
client 2025-02-27 07:47:11,647 [INFO] NTP:offset = -0.003 s, delay = 0.019 s 
client 2025-02-27 07:47:11,647 [INFO] Sending command to the server: 'time'
client 2025-02-27 07:47:11,664 [INFO] Got response: '1740642431.2065449'
client 2025-02-27 07:47:11,664 [INFO] The time difference between the client and the server is within range 441.239 ms..458.123 ms
client 2025-02-27 07:47:11,664 [WARNING] The time difference between the client and the server is more than 400 ms
client 2025-02-27 07:47:11,664 [INFO] Sending command to the server: 'set_ntp'
client 2025-02-27 07:47:12,858 [INFO] Got response: 'OK'
client 2025-02-27 07:47:12,858 [INFO] Synchronizing with time.google.com time using NTP...
client 2025-02-27 07:47:14,085 [INFO] Set system time at 2025-02-27 07:47:14.085141
client 2025-02-27 07:47:14,115 [INFO] NTP:offset = -0.001 s, delay = 0.020 s 
client 2025-02-27 07:47:14,116 [INFO] Sending command to the server: 'time'
client 2025-02-27 07:47:14,128 [INFO] Got response: '1740642434.1212645'
client 2025-02-27 07:47:14,129 [INFO] The time difference between the client and the server is within range -5.247 ms..7.781 ms
client 2025-02-27 07:47:14,129 [INFO] Sending command to the server: 'new,,e83dba2d-6cf7-4f8a-92ab-03d8c76378d6'
client 2025-02-27 07:47:14,146 [INFO] Got response: 'OK 2025-02-27_07-47-14,fe1fe67c-8179-4824-b455-debcd52c7be3'
client 2025-02-27 07:47:14,146 [INFO] Session id is '2025-02-27_07-47-14'
client 2025-02-27 07:47:14,146 [INFO] Sources: {"sources": {"__init__.py": "da39a3ee5e6b4b0d3255bfef95601890afd80709", "client.py": "33ca4f26368777ac06e01f9567b714a4b8063886", "lib/__init__.py": "da39a3ee5e6b4b0d3255bfef95601890afd80709", "lib/client.py": "ac2aa093c8e8bbc9569b9e2a3471bc64e58a2258", "lib/common.py": "611d8b29633d331eb19c9455ea3b5fa3284ed6df", "lib/external/__init__.py": "da39a3ee5e6b4b0d3255bfef95601890afd80709", "lib/external/ntplib.py": "4da8f970656505a40483206ef2b5d3dd5e81711d", "lib/server.py": "9bc9a3b6b9b716520658ac175913bcbbdb354336", "lib/source_hashes.py": "60a2e02193209e8d392803326208d5466342da18", "lib/summary.py": "602a9fedfa503e5544d27ab3b0067f235047efc3", "lib/time_sync.py": "80894ef2389e540781ff78de94db16aa4203a14e", "server.py": "c3f90f2f7eeb4db30727556d0c815ebc89b3d28b", "tests/unit/__init__.py": "da39a3ee5e6b4b0d3255bfef95601890afd80709", "tests/unit/test_server.py": "948c1995d4008bc2aa6c4046a34ffa3858d6d671", "tests/unit/test_source_hashes.py": "00468a2907583c593e6574a1f6b404e4651c221a"}, "modules": {"ptd_client_server.lib.client": "lib/client.py", "ptd_client_server.lib.common": "lib/common.py", "ptd_client_server.lib.external.ntplib": "lib/external/ntplib.py", "ptd_client_server.lib.source_hashes": "lib/source_hashes.py", "ptd_client_server.lib.summary": "lib/summary.py", "ptd_client_server.lib.time_sync": "lib/time_sync.py"}}
client 2025-02-27 07:47:14,146 [INFO] Running workload in ranging mode
client 2025-02-27 07:47:14,147 [INFO] Synchronizing with the server and with time.google.com...
client 2025-02-27 07:47:14,165 [INFO] NTP:offset = -0.001 s, delay = 0.017 s 
client 2025-02-27 07:47:14,166 [INFO] Sending command to the server: 'time'
client 2025-02-27 07:47:14,185 [INFO] Got response: '1740642434.1728172'
client 2025-02-27 07:47:14,186 [INFO] The time difference between the client and the server is within range -6.707 ms..13.277 ms
client 2025-02-27 07:47:14,186 [INFO] Sending command to the server: 'session,2025-02-27_07-47-14,start,ranging'
client 2025-02-27 07:47:39,893 [INFO] Got response: 'OK'
client 2025-02-27 07:47:39,894 [INFO] Sending command to the server: 'time'
client 2025-02-27 07:47:39,904 [INFO] Got response: '1740642459.8940265'
client 2025-02-27 07:47:39,905 [INFO] The time difference between the client and the server is within range 0.057 ms..11.056 ms
client 2025-02-27 07:47:39,905 [INFO] Running the workload ' MLC_MLPERF_RUN_COUNT=$(cat ${MLC_RUN_DIR}/count.txt); echo ${MLC_MLPERF_RUN_COUNT}; MLC_MLPERF_RUN_COUNT=$((MLC_MLPERF_RUN_COUNT+1)); echo ${MLC_MLPERF_RUN_COUNT} > ${MLC_RUN_DIR}/count.txt; if [ ${MLC_MLPERF_RUN_COUNT} -eq 1 ]; then export MLC_MLPERF_USER_CONF="${MLC_MLPERF_RANGING_USER_CONF}"; else export MLC_MLPERF_USER_CONF="${MLC_MLPERF_TESTING_USER_CONF}"; fi ; /home/arjun/MLC/repos/gateoverflow@mlperf-automations/script/run-all-mlperf-models/run.out'
client 2025-02-27 07:52:41,115 [INFO] Sending command to the server: 'time'
client 2025-02-27 07:52:41,134 [INFO] Got response: '1740642761.1124904'
client 2025-02-27 07:52:41,134 [INFO] The time difference between the client and the server is within range 2.767 ms..22.444 ms
client 2025-02-27 07:52:41,135 [INFO] Sending command to the server: 'session,2025-02-27_07-47-14,stop,ranging'
client 2025-02-27 07:52:52,626 [INFO] Got response: 'OK'
client 2025-02-27 07:52:52,626 [INFO] Sending command to the server: 'time'
client 2025-02-27 07:52:52,635 [INFO] Got response: '1740642772.620067'
client 2025-02-27 07:52:52,635 [INFO] The time difference between the client and the server is within range 6.773 ms..15.848 ms
client 2025-02-27 07:52:52,640 [INFO] Copying loadgen logs from '/home/arjun/MLC/repos/local/cache/get-mlperf-inference-results-dir_e3f7a2f6/valid_results/mini-tflite_cpp-cpu-tflite-vmaster-default_config/mobilenet-v1-precision_uint8-0.25-192/singlestream/performance/run_1' to '/home/arjun/MLC/repos/local/cache/get-mlperf-inference-results-dir_e3f7a2f6/valid_results/mini-tflite_cpp-cpu-tflite-vmaster-default_config/mobilenet-v1-precision_uint8-0.25-192/singlestream/performance/tmp_power/ranging'
client 2025-02-27 07:52:52,640 [INFO] Running workload in testing mode
client 2025-02-27 07:52:52,640 [INFO] Synchronizing with the server and with time.google.com...
client 2025-02-27 07:52:52,667 [INFO] NTP:offset = -0.009 s, delay = 0.026 s 
client 2025-02-27 07:52:52,668 [INFO] Sending command to the server: 'time'
client 2025-02-27 07:52:52,683 [INFO] Got response: '1740642772.6642687'
client 2025-02-27 07:52:52,683 [INFO] The time difference between the client and the server is within range 3.719 ms..18.998 ms
client 2025-02-27 07:52:52,683 [INFO] Sending command to the server: 'session,2025-02-27_07-47-14,start,testing'
client 2025-02-27 07:53:05,937 [INFO] Got response: 'OK'
client 2025-02-27 07:53:05,938 [INFO] Sending command to the server: 'time'
client 2025-02-27 07:53:05,951 [INFO] Got response: '1740642785.9311357'
client 2025-02-27 07:53:05,951 [INFO] The time difference between the client and the server is within range 6.911 ms..20.149 ms
client 2025-02-27 07:53:05,951 [INFO] Running the workload ' MLC_MLPERF_RUN_COUNT=$(cat ${MLC_RUN_DIR}/count.txt); echo ${MLC_MLPERF_RUN_COUNT}; MLC_MLPERF_RUN_COUNT=$((MLC_MLPERF_RUN_COUNT+1)); echo ${MLC_MLPERF_RUN_COUNT} > ${MLC_RUN_DIR}/count.txt; if [ ${MLC_MLPERF_RUN_COUNT} -eq 1 ]; then export MLC_MLPERF_USER_CONF="${MLC_MLPERF_RANGING_USER_CONF}"; else export MLC_MLPERF_USER_CONF="${MLC_MLPERF_TESTING_USER_CONF}"; fi ; /home/arjun/MLC/repos/gateoverflow@mlperf-automations/script/run-all-mlperf-models/run.out'
client 2025-02-27 08:03:07,944 [INFO] Sending command to the server: 'time'
client 2025-02-27 08:03:07,960 [INFO] Got response: '1740643387.9330199'
client 2025-02-27 08:03:07,960 [INFO] The time difference between the client and the server is within range 11.589 ms..27.878 ms
client 2025-02-27 08:03:07,961 [INFO] Sending command to the server: 'session,2025-02-27_07-47-14,stop,testing'
client 2025-02-27 08:03:19,269 [INFO] Got response: 'OK'
client 2025-02-27 08:03:19,269 [INFO] Sending command to the server: 'time'
client 2025-02-27 08:03:19,281 [INFO] Got response: '1740643399.2542207'
client 2025-02-27 08:03:19,281 [INFO] The time difference between the client and the server is within range 15.452 ms..27.508 ms
client 2025-02-27 08:03:19,282 [INFO] Copying loadgen logs from '/home/arjun/MLC/repos/local/cache/get-mlperf-inference-results-dir_e3f7a2f6/valid_results/mini-tflite_cpp-cpu-tflite-vmaster-default_config/mobilenet-v1-precision_uint8-0.25-192/singlestream/performance/run_1' to '/home/arjun/MLC/repos/local/cache/get-mlperf-inference-results-dir_e3f7a2f6/valid_results/mini-tflite_cpp-cpu-tflite-vmaster-default_config/mobilenet-v1-precision_uint8-0.25-192/singlestream/performance/tmp_power/run_1'
client 2025-02-27 08:03:19,282 [INFO] Done runs
