Graph file: /home/ubuntu/MLC/repos/local/cache/get-ml-model-efficientnet-lite_ab9ec4e0/efficientnet-lite0/efficientnet-lite0-fp32.tflite
Image dir: /home/ubuntu/MLC/repos/local/cache/get-preprocessed-dataset-imagenet_322b6172
Image list: /home/ubuntu/MLC/repos/local/cache/get-preprocessed-dataset-imagenet_322b6172/preprocessed_files.txt
Image size: 224
Image channels: 3
Prediction classes: 1000
Result dir: /home/ubuntu/MLC/repos/local/cache/get-mlperf-inference-results-dir_ec3d359d/valid_results/i_00c09798a21359d07-tflite_cpp-cpu-tflite-vmaster-default_config/efficientnet-fp32-lite0/singlestream/performance/run_1
How many images fit in memory buffer: 1024
Normalize: 1
Subtract mean: 0
Run time preprocessing: 0
Number of Threads: 4
Number of available imagefiles: 50000

Loading graph...
INFO: Created TensorFlow Lite XNNPACK delegate for CPU.
Input tensor dimensions (NHWC): 1*224*224*3
Output tensor dimensions: 1*1000
Path to user.conf : /home/ubuntu/MLC/repos/gateoverflow@mlperf-automations/script/generate-mlperf-inference-user-conf/tmp/7b6ef50842484e498284522bd2dad8e8.conf
Model Name: efficientnet
LoadGen Scenario: SingleStream
LoadGen Mode: performance
