client 2025-02-26 18:56:55,193 [INFO] Creating output directory '/home/arjun/MLC/repos/local/cache/get-mlperf-inference-results-dir_e3f7a2f6/valid_results/mini-tflite_cpp-cpu-tflite-vmaster-default_config/mobilenet-v2-precision_float-1.0-160/singlestream/performance/tmp_power'
client 2025-02-26 18:56:55,202 [INFO] Sending command to the server: 'mlcommons/power client v3'
client 2025-02-26 18:56:55,214 [INFO] Got response: 'mlcommons/power server v3'
client 2025-02-26 18:56:55,214 [INFO] Synchronizing with the server and with time.google.com...
client 2025-02-26 18:56:55,239 [INFO] NTP:offset = -0.003 s, delay = 0.021 s 
client 2025-02-26 18:56:55,239 [INFO] Sending command to the server: 'time'
client 2025-02-26 18:56:55,251 [INFO] Got response: '1740596215.020875'
client 2025-02-26 18:56:55,252 [INFO] The time difference between the client and the server is within range 218.574 ms..231.125 ms
client 2025-02-26 18:56:55,252 [INFO] Sending command to the server: 'new,,dda821cc-c7af-4d9d-9715-67505f39b1dc'
client 2025-02-26 18:56:55,266 [INFO] Got response: 'OK 2025-02-26_18-56-55,916aa14e-06b2-4b52-853d-555490de979a'
client 2025-02-26 18:56:55,267 [INFO] Session id is '2025-02-26_18-56-55'
client 2025-02-26 18:56:55,267 [INFO] Sources: {"sources": {"__init__.py": "da39a3ee5e6b4b0d3255bfef95601890afd80709", "client.py": "33ca4f26368777ac06e01f9567b714a4b8063886", "lib/__init__.py": "da39a3ee5e6b4b0d3255bfef95601890afd80709", "lib/client.py": "ac2aa093c8e8bbc9569b9e2a3471bc64e58a2258", "lib/common.py": "611d8b29633d331eb19c9455ea3b5fa3284ed6df", "lib/external/__init__.py": "da39a3ee5e6b4b0d3255bfef95601890afd80709", "lib/external/ntplib.py": "4da8f970656505a40483206ef2b5d3dd5e81711d", "lib/server.py": "9bc9a3b6b9b716520658ac175913bcbbdb354336", "lib/source_hashes.py": "60a2e02193209e8d392803326208d5466342da18", "lib/summary.py": "602a9fedfa503e5544d27ab3b0067f235047efc3", "lib/time_sync.py": "80894ef2389e540781ff78de94db16aa4203a14e", "server.py": "c3f90f2f7eeb4db30727556d0c815ebc89b3d28b", "tests/unit/__init__.py": "da39a3ee5e6b4b0d3255bfef95601890afd80709", "tests/unit/test_server.py": "948c1995d4008bc2aa6c4046a34ffa3858d6d671", "tests/unit/test_source_hashes.py": "00468a2907583c593e6574a1f6b404e4651c221a"}, "modules": {"ptd_client_server.lib.client": "lib/client.py", "ptd_client_server.lib.common": "lib/common.py", "ptd_client_server.lib.external.ntplib": "lib/external/ntplib.py", "ptd_client_server.lib.source_hashes": "lib/source_hashes.py", "ptd_client_server.lib.summary": "lib/summary.py", "ptd_client_server.lib.time_sync": "lib/time_sync.py"}}
client 2025-02-26 18:56:55,267 [INFO] Running workload in ranging mode
client 2025-02-26 18:56:55,267 [INFO] Synchronizing with the server and with time.google.com...
client 2025-02-26 18:56:55,287 [INFO] NTP:offset = -0.003 s, delay = 0.018 s 
client 2025-02-26 18:56:55,287 [INFO] Sending command to the server: 'time'
client 2025-02-26 18:56:55,299 [INFO] Got response: '1740596215.0687563'
client 2025-02-26 18:56:55,300 [INFO] The time difference between the client and the server is within range 218.690 ms..231.355 ms
client 2025-02-26 18:56:55,300 [INFO] Sending command to the server: 'session,2025-02-26_18-56-55,start,ranging'
client 2025-02-26 18:57:19,848 [INFO] Got response: 'OK'
client 2025-02-26 18:57:19,848 [INFO] Sending command to the server: 'time'
client 2025-02-26 18:57:19,860 [INFO] Got response: '1740596239.6292288'
client 2025-02-26 18:57:19,860 [INFO] The time difference between the client and the server is within range 219.424 ms..231.000 ms
client 2025-02-26 18:57:19,860 [INFO] Running the workload ' MLC_MLPERF_RUN_COUNT=$(cat ${MLC_RUN_DIR}/count.txt); echo ${MLC_MLPERF_RUN_COUNT}; MLC_MLPERF_RUN_COUNT=$((MLC_MLPERF_RUN_COUNT+1)); echo ${MLC_MLPERF_RUN_COUNT} > ${MLC_RUN_DIR}/count.txt; if [ ${MLC_MLPERF_RUN_COUNT} -eq 1 ]; then export MLC_MLPERF_USER_CONF="${MLC_MLPERF_RANGING_USER_CONF}"; else export MLC_MLPERF_USER_CONF="${MLC_MLPERF_TESTING_USER_CONF}"; fi ; /home/arjun/MLC/repos/gateoverflow@mlperf-automations/script/run-all-mlperf-models/run.out'
client 2025-02-26 19:02:20,920 [INFO] Sending command to the server: 'time'
client 2025-02-26 19:02:20,935 [INFO] Got response: '1740596540.7016935'
client 2025-02-26 19:02:20,936 [INFO] The time difference between the client and the server is within range 218.557 ms..234.434 ms
client 2025-02-26 19:02:20,936 [INFO] Sending command to the server: 'session,2025-02-26_18-56-55,stop,ranging'
client 2025-02-26 19:02:32,537 [INFO] Got response: 'OK'
client 2025-02-26 19:02:32,537 [INFO] Sending command to the server: 'time'
client 2025-02-26 19:02:32,550 [INFO] Got response: '1740596552.3132124'
client 2025-02-26 19:02:32,550 [INFO] The time difference between the client and the server is within range 224.477 ms..237.316 ms
client 2025-02-26 19:02:32,554 [INFO] Copying loadgen logs from '/home/arjun/MLC/repos/local/cache/get-mlperf-inference-results-dir_e3f7a2f6/valid_results/mini-tflite_cpp-cpu-tflite-vmaster-default_config/mobilenet-v2-precision_float-1.0-160/singlestream/performance/run_1' to '/home/arjun/MLC/repos/local/cache/get-mlperf-inference-results-dir_e3f7a2f6/valid_results/mini-tflite_cpp-cpu-tflite-vmaster-default_config/mobilenet-v2-precision_float-1.0-160/singlestream/performance/tmp_power/ranging'
client 2025-02-26 19:02:32,555 [INFO] Running workload in testing mode
client 2025-02-26 19:02:32,555 [INFO] Synchronizing with the server and with time.google.com...
client 2025-02-26 19:02:32,576 [INFO] NTP:offset = -0.001 s, delay = 0.020 s 
client 2025-02-26 19:02:32,576 [INFO] Sending command to the server: 'time'
client 2025-02-26 19:02:32,588 [INFO] Got response: '1740596552.3525844'
client 2025-02-26 19:02:32,588 [INFO] The time difference between the client and the server is within range 224.100 ms..236.104 ms
client 2025-02-26 19:02:32,588 [INFO] Sending command to the server: 'session,2025-02-26_18-56-55,start,testing'
client 2025-02-26 19:02:45,683 [INFO] Got response: 'OK'
client 2025-02-26 19:02:45,683 [INFO] Sending command to the server: 'time'
client 2025-02-26 19:02:45,693 [INFO] Got response: '1740596565.459384'
client 2025-02-26 19:02:45,694 [INFO] The time difference between the client and the server is within range 224.099 ms..234.723 ms
client 2025-02-26 19:02:45,694 [INFO] Running the workload ' MLC_MLPERF_RUN_COUNT=$(cat ${MLC_RUN_DIR}/count.txt); echo ${MLC_MLPERF_RUN_COUNT}; MLC_MLPERF_RUN_COUNT=$((MLC_MLPERF_RUN_COUNT+1)); echo ${MLC_MLPERF_RUN_COUNT} > ${MLC_RUN_DIR}/count.txt; if [ ${MLC_MLPERF_RUN_COUNT} -eq 1 ]; then export MLC_MLPERF_USER_CONF="${MLC_MLPERF_RANGING_USER_CONF}"; else export MLC_MLPERF_USER_CONF="${MLC_MLPERF_TESTING_USER_CONF}"; fi ; /home/arjun/MLC/repos/gateoverflow@mlperf-automations/script/run-all-mlperf-models/run.out'
client 2025-02-26 19:12:46,462 [INFO] Sending command to the server: 'time'
client 2025-02-26 19:12:46,477 [INFO] Got response: '1740597166.229107'
client 2025-02-26 19:12:46,477 [INFO] The time difference between the client and the server is within range 233.060 ms..248.458 ms
client 2025-02-26 19:12:46,477 [INFO] Sending command to the server: 'session,2025-02-26_18-56-55,stop,testing'
client 2025-02-26 19:12:56,985 [INFO] Got response: 'OK'
client 2025-02-26 19:12:56,985 [INFO] Sending command to the server: 'time'
client 2025-02-26 19:12:56,998 [INFO] Got response: '1740597176.7490659'
client 2025-02-26 19:12:56,998 [INFO] The time difference between the client and the server is within range 236.256 ms..249.384 ms
client 2025-02-26 19:12:56,999 [INFO] Copying loadgen logs from '/home/arjun/MLC/repos/local/cache/get-mlperf-inference-results-dir_e3f7a2f6/valid_results/mini-tflite_cpp-cpu-tflite-vmaster-default_config/mobilenet-v2-precision_float-1.0-160/singlestream/performance/run_1' to '/home/arjun/MLC/repos/local/cache/get-mlperf-inference-results-dir_e3f7a2f6/valid_results/mini-tflite_cpp-cpu-tflite-vmaster-default_config/mobilenet-v2-precision_float-1.0-160/singlestream/performance/tmp_power/run_1'
client 2025-02-26 19:12:56,999 [INFO] Done runs
