Graph file: /home/ubuntu/MLC/repos/local/cache/get-ml-model-efficientnet-lite_293e7315/efficientnet-lite3/efficientnet-lite3-int8.tflite
Image dir: /home/ubuntu/MLC/repos/local/cache/get-preprocessed-dataset-imagenet_cb1b47ff
Image list: /home/ubuntu/MLC/repos/local/cache/get-preprocessed-dataset-imagenet_cb1b47ff/preprocessed_files.txt
Image size: 280
Image channels: 3
Prediction classes: 1000
Result dir: /home/ubuntu/MLC/repos/local/cache/get-mlperf-inference-results-dir_fcc76f3a/valid_results/i_0533a5946176cef45-tflite_cpp-cpu-tflite-vmaster-default_config/efficientnet-int8-lite3/singlestream/performance/run_1
How many images fit in memory buffer: 1024
Normalize: 1
Subtract mean: 0
Run time preprocessing: 1
Number of Threads: 2
Number of available imagefiles: 50000

Loading graph...
INFO: Created TensorFlow Lite XNNPACK delegate for CPU.
Input tensor dimensions (NHWC): 1*280*280*3
Output tensor dimensions: 1*1000
Path to user.conf : /home/ubuntu/MLC/repos/gateoverflow@mlperf-automations/script/generate-mlperf-inference-user-conf/tmp/afd0c21be4834414b9cc68af8fa2f193.conf
Model Name: efficientnet
LoadGen Scenario: SingleStream
LoadGen Mode: performance
