Graph file: /home/mlcuser/MLC/repos/local/cache/get-ml-model-efficientnet-lite_866b2f4d/efficientnet-lite0/efficientnet-lite0-int8.tflite
Image dir: /home/mlcuser/MLC/repos/local/cache/get-preprocessed-dataset-imagenet_4c3eeac9
Image list: /home/mlcuser/MLC/repos/local/cache/get-preprocessed-dataset-imagenet_4c3eeac9/preprocessed_files.txt
Image size: 224
Image channels: 3
Prediction classes: 1000
Result dir: /home/mlcuser/MLC/repos/local/cache/get-mlperf-inference-results-dir_338d2055/valid_results/640b615ae987-tflite_cpp-cpu-tflite-vmaster-default_config/efficientnet-int8-lite0/singlestream/performance/run_1
How many images fit in memory buffer: 1024
Normalize: 1
Subtract mean: 0
Run time preprocessing: 1
Number of Threads: 24
Number of available imagefiles: 50000

Loading graph...
INFO: Created TensorFlow Lite XNNPACK delegate for CPU.
Input tensor dimensions (NHWC): 1*224*224*3
Output tensor dimensions: 1*1000
Path to user.conf : /home/mlcuser/MLC/repos/mlcommons@mlperf-automations/script/generate-mlperf-inference-user-conf/tmp/bc7ba3cd4f8d4199ad98f780c54a6ccc.conf
Model Name: efficientnet
LoadGen Scenario: SingleStream
LoadGen Mode: performance
