client 2025-02-27 09:03:19,586 [INFO] Creating output directory '/home/arjun/MLC/repos/local/cache/get-mlperf-inference-results-dir_e3f7a2f6/valid_results/mini-tflite_cpp-cpu-tflite-vmaster-default_config/mobilenet-v2-precision_uint8-1.0-192/singlestream/performance/tmp_power'
client 2025-02-27 09:03:19,595 [INFO] Sending command to the server: 'mlcommons/power client v3'
client 2025-02-27 09:03:19,606 [INFO] Got response: 'mlcommons/power server v3'
client 2025-02-27 09:03:19,606 [INFO] Synchronizing with the server and with time.google.com...
client 2025-02-27 09:03:19,630 [INFO] NTP:offset = -0.018 s, delay = 0.019 s 
client 2025-02-27 09:03:19,630 [INFO] Sending command to the server: 'time'
client 2025-02-27 09:03:19,644 [INFO] Got response: '1740646999.5359645'
client 2025-02-27 09:03:19,644 [INFO] The time difference between the client and the server is within range 94.762 ms..108.837 ms
client 2025-02-27 09:03:19,645 [INFO] Sending command to the server: 'new,,fd03f61f-aada-4337-ae01-6487cf6ed691'
client 2025-02-27 09:03:19,659 [INFO] Got response: 'OK 2025-02-27_09-03-19,52181f31-8f22-4c63-850c-6460beb4b407'
client 2025-02-27 09:03:19,659 [INFO] Session id is '2025-02-27_09-03-19'
client 2025-02-27 09:03:19,660 [INFO] Sources: {"sources": {"__init__.py": "da39a3ee5e6b4b0d3255bfef95601890afd80709", "client.py": "33ca4f26368777ac06e01f9567b714a4b8063886", "lib/__init__.py": "da39a3ee5e6b4b0d3255bfef95601890afd80709", "lib/client.py": "ac2aa093c8e8bbc9569b9e2a3471bc64e58a2258", "lib/common.py": "611d8b29633d331eb19c9455ea3b5fa3284ed6df", "lib/external/__init__.py": "da39a3ee5e6b4b0d3255bfef95601890afd80709", "lib/external/ntplib.py": "4da8f970656505a40483206ef2b5d3dd5e81711d", "lib/server.py": "9bc9a3b6b9b716520658ac175913bcbbdb354336", "lib/source_hashes.py": "60a2e02193209e8d392803326208d5466342da18", "lib/summary.py": "602a9fedfa503e5544d27ab3b0067f235047efc3", "lib/time_sync.py": "80894ef2389e540781ff78de94db16aa4203a14e", "server.py": "c3f90f2f7eeb4db30727556d0c815ebc89b3d28b", "tests/unit/__init__.py": "da39a3ee5e6b4b0d3255bfef95601890afd80709", "tests/unit/test_server.py": "948c1995d4008bc2aa6c4046a34ffa3858d6d671", "tests/unit/test_source_hashes.py": "00468a2907583c593e6574a1f6b404e4651c221a"}, "modules": {"ptd_client_server.lib.client": "lib/client.py", "ptd_client_server.lib.common": "lib/common.py", "ptd_client_server.lib.external.ntplib": "lib/external/ntplib.py", "ptd_client_server.lib.source_hashes": "lib/source_hashes.py", "ptd_client_server.lib.summary": "lib/summary.py", "ptd_client_server.lib.time_sync": "lib/time_sync.py"}}
client 2025-02-27 09:03:19,660 [INFO] Running workload in ranging mode
client 2025-02-27 09:03:19,660 [INFO] Synchronizing with the server and with time.google.com...
client 2025-02-27 09:03:19,681 [INFO] NTP:offset = -0.018 s, delay = 0.020 s 
client 2025-02-27 09:03:19,681 [INFO] Sending command to the server: 'time'
client 2025-02-27 09:03:19,696 [INFO] Got response: '1740646999.5860076'
client 2025-02-27 09:03:19,696 [INFO] The time difference between the client and the server is within range 95.901 ms..110.545 ms
client 2025-02-27 09:03:19,696 [INFO] Sending command to the server: 'session,2025-02-27_09-03-19,start,ranging'
client 2025-02-27 09:03:44,288 [INFO] Got response: 'OK'
client 2025-02-27 09:03:44,288 [INFO] Sending command to the server: 'time'
client 2025-02-27 09:03:44,299 [INFO] Got response: '1740647024.1916225'
client 2025-02-27 09:03:44,299 [INFO] The time difference between the client and the server is within range 96.553 ms..107.526 ms
client 2025-02-27 09:03:44,299 [INFO] Running the workload ' MLC_MLPERF_RUN_COUNT=$(cat ${MLC_RUN_DIR}/count.txt); echo ${MLC_MLPERF_RUN_COUNT}; MLC_MLPERF_RUN_COUNT=$((MLC_MLPERF_RUN_COUNT+1)); echo ${MLC_MLPERF_RUN_COUNT} > ${MLC_RUN_DIR}/count.txt; if [ ${MLC_MLPERF_RUN_COUNT} -eq 1 ]; then export MLC_MLPERF_USER_CONF="${MLC_MLPERF_RANGING_USER_CONF}"; else export MLC_MLPERF_USER_CONF="${MLC_MLPERF_TESTING_USER_CONF}"; fi ; /home/arjun/MLC/repos/gateoverflow@mlperf-automations/script/run-all-mlperf-models/run.out'
client 2025-02-27 09:08:44,799 [INFO] Sending command to the server: 'time'
client 2025-02-27 09:08:44,819 [INFO] Got response: '1740647324.7022445'
client 2025-02-27 09:08:44,819 [INFO] The time difference between the client and the server is within range 97.107 ms..117.000 ms
client 2025-02-27 09:08:44,819 [INFO] Sending command to the server: 'session,2025-02-27_09-03-19,stop,ranging'
client 2025-02-27 09:08:55,612 [INFO] Got response: 'OK'
client 2025-02-27 09:08:55,612 [INFO] Sending command to the server: 'time'
client 2025-02-27 09:08:55,626 [INFO] Got response: '1740647335.5100384'
client 2025-02-27 09:08:55,627 [INFO] The time difference between the client and the server is within range 102.391 ms..117.052 ms
client 2025-02-27 09:08:55,631 [INFO] Copying loadgen logs from '/home/arjun/MLC/repos/local/cache/get-mlperf-inference-results-dir_e3f7a2f6/valid_results/mini-tflite_cpp-cpu-tflite-vmaster-default_config/mobilenet-v2-precision_uint8-1.0-192/singlestream/performance/run_1' to '/home/arjun/MLC/repos/local/cache/get-mlperf-inference-results-dir_e3f7a2f6/valid_results/mini-tflite_cpp-cpu-tflite-vmaster-default_config/mobilenet-v2-precision_uint8-1.0-192/singlestream/performance/tmp_power/ranging'
client 2025-02-27 09:08:55,631 [INFO] Running workload in testing mode
client 2025-02-27 09:08:55,631 [INFO] Synchronizing with the server and with time.google.com...
client 2025-02-27 09:08:55,671 [INFO] NTP:offset = -0.023 s, delay = 0.029 s 
client 2025-02-27 09:08:55,672 [INFO] Sending command to the server: 'time'
client 2025-02-27 09:08:55,686 [INFO] Got response: '1740647335.5687163'
client 2025-02-27 09:08:55,686 [INFO] The time difference between the client and the server is within range 103.300 ms..118.045 ms
client 2025-02-27 09:08:55,686 [INFO] Sending command to the server: 'session,2025-02-27_09-03-19,start,testing'
client 2025-02-27 09:09:08,930 [INFO] Got response: 'OK'
client 2025-02-27 09:09:08,930 [INFO] Sending command to the server: 'time'
client 2025-02-27 09:09:08,943 [INFO] Got response: '1740647348.8263416'
client 2025-02-27 09:09:08,943 [INFO] The time difference between the client and the server is within range 103.914 ms..117.407 ms
client 2025-02-27 09:09:08,943 [INFO] Running the workload ' MLC_MLPERF_RUN_COUNT=$(cat ${MLC_RUN_DIR}/count.txt); echo ${MLC_MLPERF_RUN_COUNT}; MLC_MLPERF_RUN_COUNT=$((MLC_MLPERF_RUN_COUNT+1)); echo ${MLC_MLPERF_RUN_COUNT} > ${MLC_RUN_DIR}/count.txt; if [ ${MLC_MLPERF_RUN_COUNT} -eq 1 ]; then export MLC_MLPERF_USER_CONF="${MLC_MLPERF_RANGING_USER_CONF}"; else export MLC_MLPERF_USER_CONF="${MLC_MLPERF_TESTING_USER_CONF}"; fi ; /home/arjun/MLC/repos/gateoverflow@mlperf-automations/script/run-all-mlperf-models/run.out'
client 2025-02-27 09:19:09,327 [INFO] Sending command to the server: 'time'
client 2025-02-27 09:19:09,344 [INFO] Got response: '1740647949.2115183'
client 2025-02-27 09:19:09,344 [INFO] The time difference between the client and the server is within range 115.702 ms..132.828 ms
client 2025-02-27 09:19:09,344 [INFO] Sending command to the server: 'session,2025-02-27_09-03-19,stop,testing'
client 2025-02-27 09:19:20,095 [INFO] Got response: 'OK'
client 2025-02-27 09:19:20,096 [INFO] Sending command to the server: 'time'
client 2025-02-27 09:19:20,105 [INFO] Got response: '1740647959.9748232'
client 2025-02-27 09:19:20,105 [INFO] The time difference between the client and the server is within range 121.187 ms..130.887 ms
client 2025-02-27 09:19:20,106 [INFO] Copying loadgen logs from '/home/arjun/MLC/repos/local/cache/get-mlperf-inference-results-dir_e3f7a2f6/valid_results/mini-tflite_cpp-cpu-tflite-vmaster-default_config/mobilenet-v2-precision_uint8-1.0-192/singlestream/performance/run_1' to '/home/arjun/MLC/repos/local/cache/get-mlperf-inference-results-dir_e3f7a2f6/valid_results/mini-tflite_cpp-cpu-tflite-vmaster-default_config/mobilenet-v2-precision_uint8-1.0-192/singlestream/performance/tmp_power/run_1'
client 2025-02-27 09:19:20,107 [INFO] Done runs
