Graph file: /home/ubuntu/MLC/repos/local/cache/get-ml-model-mobilenet_86c49116/mobilenet_v1_0.75_160_quant.tflite
Image dir: /home/ubuntu/MLC/repos/local/cache/get-preprocessed-dataset-imagenet_906d1427
Image list: /home/ubuntu/MLC/repos/local/cache/get-preprocessed-dataset-imagenet_906d1427/preprocessed_files.txt
Image size: 160
Image channels: 3
Prediction classes: 1000
Result dir: /home/ubuntu/MLC/repos/local/cache/get-mlperf-inference-results-dir_de2f0e35/valid_results/i_070922abe23ae532f-tflite_cpp-cpu-tflite-vmaster-default_config/mobilenet-v1-precision_uint8-0.75-160/singlestream/accuracy
How many images fit in memory buffer: 1024
Normalize: 1
Subtract mean: 0
Run time preprocessing: 1
Number of Threads: 4
Number of available imagefiles: 50000

Loading graph...
INFO: Created TensorFlow Lite XNNPACK delegate for CPU.
Input tensor dimensions (NHWC): 1*160*160*3
Output tensor dimensions: 1*1001
Path to user.conf : /home/ubuntu/MLC/repos/gateoverflow@mlperf-automations/script/generate-mlperf-inference-user-conf/tmp/4dbaec45f3e346528cd43dd0f2ef678f.conf
Model Name: mobilenet
LoadGen Scenario: SingleStream
LoadGen Mode: accuracy
