Graph file: /home/arjun/MLC/repos/local/cache/get-ml-model-mobilenet_34a28034/v3-small_224_1.0_uint8/v3-small_224_1.0_uint8.tflite
Image dir: /home/arjun/MLC/repos/local/cache/get-preprocessed-dataset-imagenet_32f4c8bb
Image list: /home/arjun/MLC/repos/local/cache/get-preprocessed-dataset-imagenet_32f4c8bb/preprocessed_files.txt
Image size: 224
Image channels: 3
Prediction classes: 1000
Result dir: /home/arjun/MLC/repos/local/cache/get-mlperf-inference-results-dir_37516274/valid_results/intel_spr_i9-tflite_cpp-cpu-tflite-vmaster-default_config/mobilenet-v3-precision_uint8-small-224/singlestream/performance/run_1
How many images fit in memory buffer: 1024
Normalize: 1
Subtract mean: 0
Run time preprocessing: 1
Number of Threads: 16
Number of available imagefiles: 50000

Loading graph...
INFO: Created TensorFlow Lite XNNPACK delegate for CPU.
Input tensor dimensions (NHWC): 1*224*224*3
Output tensor dimensions: 1*1001
Path to user.conf : /home/arjun/MLC/repos/gateoverflow@mlperf-automations/script/generate-mlperf-inference-user-conf/tmp/81564c05b4bb48819792f796e3caccfc.conf
Model Name: mobilenet
LoadGen Scenario: SingleStream
LoadGen Mode: performance
