Couldn't find any of the following OpenCL library: libOpenCL.so libGLES_mali.so libmali.so 
Graph file: /home/ubuntu/MLC/repos/local/cache/get-ml-model-mobilenet_48f4e49e/v2_192_35/model.tflite
Image dir: /home/ubuntu/MLC/repos/local/cache/get-preprocessed-dataset-imagenet_e0d6edbe
Image list: /home/ubuntu/MLC/repos/local/cache/get-preprocessed-dataset-imagenet_e0d6edbe/preprocessed_files.txt
Image size: 192
Image channels: 3
Prediction classes: 1000
Result dir: /home/ubuntu/MLC/repos/local/cache/get-mlperf-inference-results-dir_3bb22953/valid_results/i_0edb25def56914101-tflite_armnn_cpp-cpu-armnn_tflite-v23.11-using_neon/mobilenet-v2-precision_uint8-0.35-192/singlestream/accuracy
How many images fit in memory buffer: 1024
Normalize: 1
Subtract mean: 0
Run time preprocessing: 1
Number of Threads: 16
Number of available imagefiles: 50000

Loading graph...
Output tensor dimensions: 1*1001
Path to mlperf.conf : /home/ubuntu/MLC/repos/local/cache/get-git-repo_529eefcf/inference/mlperf.conf
Path to user.conf : /home/ubuntu/MLC/repos/gateoverflow@mlperf-automations/script/generate-mlperf-inference-user-conf/tmp/fc93fc9477164dd8a6e844da366f1f60.conf
Model Name: mobilenet
LoadGen Scenario: SingleStream
LoadGen Mode: accuracy
