[2025-02-14 04:48:12,005 main.py:229 INFO] Detected system ID: KnownSystem.Nvidia_3d93c88614da
[2025-02-14 04:48:12,339 generate_conf_files.py:107 INFO] Generated measurements/ entries for Nvidia_3d93c88614da_TRT/bert-99/SingleStream
[2025-02-14 04:48:12,339 __init__.py:46 INFO] Running command: ./build/bin/harness_bert --logfile_outdir="/mlc-mount/home/arjun/gh_action_results/valid_results/RTX4090x2-nvidia_original-gpu-tensorrt-vdefault-default_config/bert-99/singlestream/performance/run_1" --logfile_prefix="mlperf_log_" --performance_sample_count=10833 --test_mode="PerformanceOnly" --gpu_batch_size=1 --mlperf_conf_path="/home/mlcuser/MLC/repos/local/cache/get-git-repo_14157262/inference/mlperf.conf" --tensor_path="build/preprocessed_data/squad_tokenized/input_ids.npy,build/preprocessed_data/squad_tokenized/segment_ids.npy,build/preprocessed_data/squad_tokenized/input_mask.npy" --use_graphs=true --user_conf_path="/home/mlcuser/MLC/repos/mlcommons@mlperf-automations/script/generate-mlperf-inference-user-conf/tmp/9b5df823353142cfabafe7066f82d377.conf" --gpu_inference_streams=1 --gpu_copy_streams=1 --gpu_engines="./build/engines/Nvidia_3d93c88614da/bert/SingleStream/bert-SingleStream-gpu-int8_S_384_B_1_P_1_vs.custom_k_99_MaxP.plan" --scenario SingleStream --model bert
[2025-02-14 04:48:12,339 __init__.py:53 INFO] Overriding Environment
benchmark : Benchmark.BERT
buffer_manager_thread_count : 0
coalesced_tensor : True
data_dir : /home/mlcuser/MLC/repos/local/cache/get-mlperf-inference-nvidia-scratch-space_5aab030f/data
gpu_batch_size : 1
gpu_copy_streams : 1
gpu_inference_streams : 1
input_dtype : int32
input_format : linear
log_dir : /home/mlcuser/MLC/repos/local/cache/get-git-repo_0ab377fc/repo/closed/NVIDIA/build/logs/2025.02.14-04.48.10
mlperf_conf_path : /home/mlcuser/MLC/repos/local/cache/get-git-repo_14157262/inference/mlperf.conf
precision : int8
preprocessed_data_dir : /home/mlcuser/MLC/repos/local/cache/get-mlperf-inference-nvidia-scratch-space_5aab030f/preprocessed_data
scenario : Scenario.SingleStream
single_stream_expected_latency_ns : 0
system : SystemConfiguration(host_cpu_conf=CPUConfiguration(layout={CPU(name='Intel(R) Xeon(R) w7-2495X', architecture=<CPUArchitecture.x86_64: AliasedName(name='x86_64', aliases=(), patterns=())>, core_count=24, threads_per_core=2): 1}), host_mem_conf=MemoryConfiguration(host_memory_capacity=Memory(quantity=197.33452799999998, byte_suffix=<ByteSuffix.GB: (1000, 3)>, _num_bytes=197334528000), comparison_tolerance=0.05), accelerator_conf=AcceleratorConfiguration(layout=defaultdict(<class 'int'>, {GPU(name='NVIDIA GeForce RTX 4090', accelerator_type=<AcceleratorType.Discrete: AliasedName(name='Discrete', aliases=(), patterns=())>, vram=Memory(quantity=23.98828125, byte_suffix=<ByteSuffix.GiB: (1024, 3)>, _num_bytes=25757220864), max_power_limit=450.0, pci_id='0x268410DE', compute_sm=89): 1, GPU(name='NVIDIA GeForce RTX 4090', accelerator_type=<AcceleratorType.Discrete: AliasedName(name='Discrete', aliases=(), patterns=())>, vram=Memory(quantity=23.98828125, byte_suffix=<ByteSuffix.GiB: (1024, 3)>, _num_bytes=25757220864), max_power_limit=500.0, pci_id='0x268410DE', compute_sm=89): 1})), numa_conf=None, system_id='Nvidia_3d93c88614da')
tensor_path : build/preprocessed_data/squad_tokenized/input_ids.npy,build/preprocessed_data/squad_tokenized/segment_ids.npy,build/preprocessed_data/squad_tokenized/input_mask.npy
test_mode : PerformanceOnly
use_graphs : True
use_small_tile_gemm_plugin : False
user_conf_path : /home/mlcuser/MLC/repos/mlcommons@mlperf-automations/script/generate-mlperf-inference-user-conf/tmp/9b5df823353142cfabafe7066f82d377.conf
system_id : Nvidia_3d93c88614da
config_name : Nvidia_3d93c88614da_bert_SingleStream
workload_setting : WorkloadSetting(HarnessType.Custom, AccuracyTarget.k_99, PowerSetting.MaxP)
optimization_level : plugin-enabled
num_profiles : 1
config_ver : custom_k_99_MaxP
accuracy_level : 99%
inference_server : custom
skip_file_checks : True
power_limit : None
cpu_freq : None
&&&& RUNNING BERT_HARNESS # ./build/bin/harness_bert
I0214 04:48:12.390977  9476 main_bert.cc:164] Found 2 GPUs
I0214 04:48:12.520017  9476 bert_server.cc:147] Engine Path: ./build/engines/Nvidia_3d93c88614da/bert/SingleStream/bert-SingleStream-gpu-int8_S_384_B_1_P_1_vs.custom_k_99_MaxP.plan
[I] [TRT] Loaded engine size: 352 MiB
[I] [TRT] Loaded engine size: 352 MiB
[W] [TRT] Using an engine plan file across different models of devices is not recommended and is likely to affect performance or even cause errors.
[I] [TRT] [MemUsageChange] Init cuBLAS/cuBLASLt: CPU +7, GPU +8, now: CPU 480, GPU 1173 (MiB)
[I] [TRT] [MemUsageChange] Init cuDNN: CPU +62, GPU +10, now: CPU 542, GPU 1183 (MiB)
[I] [TRT] [MemUsageChange] TensorRT-managed allocation in engine deserialization: CPU +0, GPU +581, now: CPU 0, GPU 581 (MiB)
[I] [TRT] [MemUsageChange] Init cuBLAS/cuBLASLt: CPU +6, GPU +8, now: CPU 551, GPU 1030 (MiB)
[I] [TRT] [MemUsageChange] Init cuDNN: CPU +2, GPU +10, now: CPU 553, GPU 1040 (MiB)
[I] [TRT] [MemUsageChange] TensorRT-managed allocation in engine deserialization: CPU +0, GPU +291, now: CPU 0, GPU 581 (MiB)
I0214 04:48:12.930239  9476 bert_server.cc:208] Engines Creation Completed
I0214 04:48:12.946177  9476 bert_server.cc:213] Use CUDA graphs
I0214 04:48:12.946316  9476 bert_core_vs.cc:385] Engine - Device Memory requirements: 2753024
I0214 04:48:12.946319  9476 bert_core_vs.cc:393] Engine - Number of Optimization Profiles: 1
I0214 04:48:12.946324  9476 bert_core_vs.cc:415] Engine - Profile 0 maxDims 384 Bmax=1 Smax=384
[I] [TRT] [MemUsageChange] Init cuBLAS/cuBLASLt: CPU +0, GPU +8, now: CPU 200, GPU 1179 (MiB)
[I] [TRT] [MemUsageChange] Init cuDNN: CPU +0, GPU +8, now: CPU 200, GPU 1187 (MiB)
I0214 04:48:12.981638  9476 bert_core_vs.cc:426] Setting Opt.Prof. to 0
I0214 04:48:12.981663  9476 bert_core_vs.cc:444] Context creation complete. Max supported batchSize: 1
I0214 04:48:12.981726  9476 bert_core_vs.cc:476] Setup complete
[I] [TRT] [MemUsageChange] TensorRT-managed allocation in IExecutionContext creation: CPU +1, GPU +0, now: CPU 1, GPU 581 (MiB)
I0214 04:48:12.981865  9476 bert_core_vs.cc:385] Engine - Device Memory requirements: 2753024
I0214 04:48:12.981868  9476 bert_core_vs.cc:393] Engine - Number of Optimization Profiles: 1
I0214 04:48:12.981871  9476 bert_core_vs.cc:415] Engine - Profile 0 maxDims 384 Bmax=1 Smax=384
[I] [TRT] [MemUsageChange] Init cuBLAS/cuBLASLt: CPU +0, GPU +8, now: CPU 262, GPU 1036 (MiB)
[I] [TRT] [MemUsageChange] Init cuDNN: CPU +0, GPU +8, now: CPU 262, GPU 1044 (MiB)
I0214 04:48:13.018232  9476 bert_core_vs.cc:426] Setting Opt.Prof. to 0
I0214 04:48:13.018244  9476 bert_core_vs.cc:444] Context creation complete. Max supported batchSize: 1
I0214 04:48:13.018303  9476 bert_core_vs.cc:476] Setup complete
[I] [TRT] [MemUsageChange] TensorRT-managed allocation in IExecutionContext creation: CPU +0, GPU +0, now: CPU 1, GPU 581 (MiB)
I0214 04:48:13.199751  9486 bert_core_vs.cc:352] Created 96 CUDA graphs
I0214 04:48:13.230254  9488 bert_core_vs.cc:352] Created 96 CUDA graphs
I0214 04:48:13.232878  9476 main_bert.cc:185] Starting running actual test.
I0214 04:58:15.062844  9476 main_bert.cc:191] Finished running actual test.
================================================
MLPerf Results Summary
================================================
SUT name : BERT SERVER
Scenario : SingleStream
Mode     : PerformanceOnly
90th percentile latency (ns) : 1029896
Result is : VALID
  Min duration satisfied : Yes
  Min queries satisfied : Yes
  Early stopping satisfied: Yes
Early Stopping Result:
 * Processed at least 64 queries (634403).
 * Would discard 62883 highest latency queries.
 * Early stopping 90th percentile estimate: 1030422
 * Early stopping 99th percentile estimate: 1210659

================================================
Additional Stats
================================================
QPS w/ loadgen overhead         : 1057.34
QPS w/o loadgen overhead        : 1063.98

Min latency (ns)                : 854159
Max latency (ns)                : 1457699
Mean latency (ns)               : 939869
50.00 percentile latency (ns)   : 920886
90.00 percentile latency (ns)   : 1029896
95.00 percentile latency (ns)   : 1130650
97.00 percentile latency (ns)   : 1187810
99.00 percentile latency (ns)   : 1210284
99.90 percentile latency (ns)   : 1222763

================================================
Test Parameters Used
================================================
samples_per_query : 1
target_qps : 2000
target_latency (ns): 0
max_async_queries : 1
min_duration (ms): 600000
max_duration (ms): 660000
min_query_count : 100
max_query_count : 0
qsl_rng_seed : 6023615788873153749
sample_index_rng_seed : 15036839855038426416
schedule_rng_seed : 9933818062894767841
accuracy_log_rng_seed : 0
accuracy_log_probability : 0
accuracy_log_sampling_target : 0
print_timestamps : 0
performance_issue_unique : 0
performance_issue_same : 0
performance_issue_same_index : 0
performance_sample_count : 10833

No warnings encountered during test.

No errors encountered during test.
[2025-02-14 04:58:15,279 run_harness.py:166 INFO] Result: result_90.00_percentile_latency_ns: 1029896, Result is VALID
 
======================== Result summaries: ========================

