Couldn't find any of the following OpenCL library: libOpenCL.so libGLES_mali.so libmali.so 
Graph file: /home/ubuntu/MLC/repos/local/cache/get-ml-model-efficientnet-lite_7a261512/efficientnet-lite1/efficientnet-lite1-fp32.tflite
Image dir: /home/ubuntu/MLC/repos/local/cache/get-preprocessed-dataset-imagenet_fca9166e
Image list: /home/ubuntu/MLC/repos/local/cache/get-preprocessed-dataset-imagenet_fca9166e/preprocessed_files.txt
Image size: 240
Image channels: 3
Prediction classes: 1000
Result dir: /home/ubuntu/MLC/repos/local/cache/get-mlperf-inference-results-dir_646e40e7/valid_results/i_083f576de692b0df9-tflite_armnn_cpp-cpu-armnn_tflite-v23.11-using_neon/efficientnet-fp32-lite1/singlestream/performance/run_1
How many images fit in memory buffer: 1024
Normalize: 1
Subtract mean: 0
Run time preprocessing: 0
Number of Threads: 8
Number of available imagefiles: 50000

Loading graph...
************* Type 1
Output tensor dimensions: 1*1000
Path to mlperf.conf : /home/ubuntu/MLC/repos/local/cache/get-git-repo_aea9b330/inference/mlperf.conf
Path to user.conf : /home/ubuntu/MLC/repos/gateoverflow@mlperf-automations/script/generate-mlperf-inference-user-conf/tmp/e0b33f292d8d4b97975cca680084052c.conf
Model Name: efficientnet
LoadGen Scenario: SingleStream
LoadGen Mode: performance
