[2025-02-15 10:27:23,205 main.py:229 INFO] Detected system ID: KnownSystem.c14e3c754a57
[2025-02-15 10:27:23,379 generate_conf_files.py:107 INFO] Generated measurements/ entries for c14e3c754a57_TRT/resnet50/MultiStream
[2025-02-15 10:27:23,379 __init__.py:46 INFO] Running command: ./build/bin/harness_default --logfile_outdir="/mlc-mount/home/arjun/gh_action_results/valid_results/RTX4090x1-nvidia_original-gpu-tensorrt-vdefault-default_config/resnet50/multistream/performance/run_1" --logfile_prefix="mlperf_log_" --performance_sample_count=2048 --test_mode="PerformanceOnly" --gpu_copy_streams=1 --gpu_inference_streams=1 --use_deque_limit=true --gpu_batch_size=8 --map_path="data_maps/imagenet/val_map.txt" --mlperf_conf_path="/home/mlcuser/MLC/repos/local/cache/get-git-repo_02ea1bfc/inference/mlperf.conf" --tensor_path="build/preprocessed_data/imagenet/ResNet50/int8_linear" --use_graphs=true --user_conf_path="/home/mlcuser/MLC/repos/mlcommons@mlperf-automations/script/generate-mlperf-inference-user-conf/tmp/8ca571f2ee51474a8c1dfbe9af1a7f29.conf" --gpu_engines="./build/engines/c14e3c754a57/resnet50/MultiStream/resnet50-MultiStream-gpu-b8-int8.lwis_k_99_MaxP.plan" --max_dlas=0 --scenario MultiStream --model resnet50
[2025-02-15 10:27:23,379 __init__.py:53 INFO] Overriding Environment
benchmark : Benchmark.ResNet50
buffer_manager_thread_count : 0
data_dir : /home/mlcuser/MLC/repos/local/cache/get-mlperf-inference-nvidia-scratch-space_fe95ede4/data
disable_beta1_smallk : True
gpu_batch_size : 8
gpu_copy_streams : 1
gpu_inference_streams : 1
input_dtype : int8
input_format : linear
log_dir : /home/mlcuser/MLC/repos/local/cache/get-git-repo_e7fa5107/repo/closed/NVIDIA/build/logs/2025.02.15-10.27.22
map_path : data_maps/imagenet/val_map.txt
mlperf_conf_path : /home/mlcuser/MLC/repos/local/cache/get-git-repo_02ea1bfc/inference/mlperf.conf
multi_stream_expected_latency_ns : 0
multi_stream_samples_per_query : 8
multi_stream_target_latency_percentile : 99
precision : int8
preprocessed_data_dir : /home/mlcuser/MLC/repos/local/cache/get-mlperf-inference-nvidia-scratch-space_fe95ede4/preprocessed_data
scenario : Scenario.MultiStream
system : SystemConfiguration(host_cpu_conf=CPUConfiguration(layout={CPU(name='AMD Ryzen 9 7950X 16-Core Processor', architecture=<CPUArchitecture.x86_64: AliasedName(name='x86_64', aliases=(), patterns=())>, core_count=16, threads_per_core=2): 1}), host_mem_conf=MemoryConfiguration(host_memory_capacity=Memory(quantity=131.08007199999997, byte_suffix=<ByteSuffix.GB: (1000, 3)>, _num_bytes=131080072000), comparison_tolerance=0.05), accelerator_conf=AcceleratorConfiguration(layout=defaultdict(<class 'int'>, {GPU(name='NVIDIA GeForce RTX 4090', accelerator_type=<AcceleratorType.Discrete: AliasedName(name='Discrete', aliases=(), patterns=())>, vram=Memory(quantity=23.98828125, byte_suffix=<ByteSuffix.GiB: (1024, 3)>, _num_bytes=25757220864), max_power_limit=450.0, pci_id='0x268410DE', compute_sm=89): 1})), numa_conf=None, system_id='c14e3c754a57')
tensor_path : build/preprocessed_data/imagenet/ResNet50/int8_linear
test_mode : PerformanceOnly
use_deque_limit : True
use_graphs : True
user_conf_path : /home/mlcuser/MLC/repos/mlcommons@mlperf-automations/script/generate-mlperf-inference-user-conf/tmp/8ca571f2ee51474a8c1dfbe9af1a7f29.conf
system_id : c14e3c754a57
config_name : c14e3c754a57_resnet50_MultiStream
workload_setting : WorkloadSetting(HarnessType.LWIS, AccuracyTarget.k_99, PowerSetting.MaxP)
optimization_level : plugin-enabled
num_profiles : 1
config_ver : lwis_k_99_MaxP
accuracy_level : 99%
inference_server : lwis
skip_file_checks : False
power_limit : None
cpu_freq : None
&&&& RUNNING Default_Harness # ./build/bin/harness_default
[I] mlperf.conf path: /home/mlcuser/MLC/repos/local/cache/get-git-repo_02ea1bfc/inference/mlperf.conf
[I] user.conf path: /home/mlcuser/MLC/repos/mlcommons@mlperf-automations/script/generate-mlperf-inference-user-conf/tmp/8ca571f2ee51474a8c1dfbe9af1a7f29.conf
Creating QSL.
Finished Creating QSL.
Setting up SUT.
[I] [TRT] Loaded engine size: 26 MiB
[I] [TRT] [MemUsageChange] Init cuBLAS/cuBLASLt: CPU +6, GPU +10, now: CPU 76, GPU 844 (MiB)
[I] [TRT] [MemUsageChange] Init cuDNN: CPU +2, GPU +10, now: CPU 78, GPU 854 (MiB)
[I] [TRT] [MemUsageChange] TensorRT-managed allocation in engine deserialization: CPU +0, GPU +24, now: CPU 0, GPU 24 (MiB)
[I] Device:0.GPU: [0] ./build/engines/c14e3c754a57/resnet50/MultiStream/resnet50-MultiStream-gpu-b8-int8.lwis_k_99_MaxP.plan has been successfully loaded.
[E] [TRT] 3: [runtime.cpp::~Runtime::401] Error Code 3: API Usage Error (Parameter check failed at: runtime/rt/runtime.cpp::~Runtime::401, condition: mEngineCounter.use_count() == 1 Destroying a runtime before destroying deserialized engines created by the runtime leads to undefined behavior.)
[I] [TRT] [MemUsageChange] Init cuBLAS/cuBLASLt: CPU +0, GPU +10, now: CPU 51, GPU 846 (MiB)
[I] [TRT] [MemUsageChange] Init cuDNN: CPU +0, GPU +8, now: CPU 51, GPU 854 (MiB)
[I] [TRT] [MemUsageChange] TensorRT-managed allocation in IExecutionContext creation: CPU +0, GPU +17, now: CPU 0, GPU 41 (MiB)
[I] Start creating CUDA graphs
[I] Capture 8 CUDA graphs
[I] Finish creating CUDA graphs
[I] Creating batcher thread: 0 EnableBatcherThreadPerDevice: false
Finished setting up SUT.
Starting warmup. Running for a minimum of 5 seconds.
Finished warmup. Ran for 5.02415s.
Starting running actual test.
================================================
MLPerf Results Summary
================================================
SUT name : LWIS_Server
Scenario : MultiStream
Mode     : PerformanceOnly
99th percentile latency (ns) : 455313
Result is : VALID
  Min duration satisfied : Yes
  Min queries satisfied : Yes
  Early stopping satisfied: Yes
Early Stopping Result:
 * Processed at least 662 queries (1336942).
 * Would discard 13101 highest latency queries.
 * Early stopping 99th percentile estimate: 455370

================================================
Additional Stats
================================================
Per-query latency:  
Min latency (ns)                : 433680
Max latency (ns)                : 786790
Mean latency (ns)               : 444385
50.00 percentile latency (ns)   : 443709
90.00 percentile latency (ns)   : 447906
95.00 percentile latency (ns)   : 449880
97.00 percentile latency (ns)   : 451243
99.00 percentile latency (ns)   : 455313
99.90 percentile latency (ns)   : 465980

================================================
Test Parameters Used
================================================
samples_per_query : 8
target_qps : 2000
target_latency (ns): 0
max_async_queries : 1
min_duration (ms): 600000
max_duration (ms): 660000
min_query_count : 662
max_query_count : 0
qsl_rng_seed : 6023615788873153749
sample_index_rng_seed : 15036839855038426416
schedule_rng_seed : 9933818062894767841
accuracy_log_rng_seed : 0
accuracy_log_probability : 0
accuracy_log_sampling_target : 0
print_timestamps : 0
performance_issue_unique : 0
performance_issue_same : 0
performance_issue_same_index : 0
performance_sample_count : 1024

No warnings encountered during test.

No errors encountered during test.
Finished running actual test.
Device Device:0.GPU processed:
  1336942 batches of size 8
  Memcpy Calls: 0
  PerSampleCudaMemcpy Calls: 0
  BatchedCudaMemcpy Calls: 1336942
&&&& PASSED Default_Harness # ./build/bin/harness_default
[2025-02-15 10:37:31,807 run_harness.py:166 INFO] Result: result_99.00_percentile_per_query_latency_ns: 455313, Result is VALID
 
======================== Result summaries: ========================

