client 2025-02-27 08:06:03,416 [INFO] Creating output directory '/home/arjun/MLC/repos/local/cache/get-mlperf-inference-results-dir_e3f7a2f6/valid_results/mini-tflite_cpp-cpu-tflite-vmaster-default_config/mobilenet-v1-precision_uint8-0.25-160/singlestream/performance/tmp_power'
client 2025-02-27 08:06:03,426 [INFO] Sending command to the server: 'mlcommons/power client v3'
client 2025-02-27 08:06:03,437 [INFO] Got response: 'mlcommons/power server v3'
client 2025-02-27 08:06:03,438 [INFO] Synchronizing with the server and with time.google.com...
client 2025-02-27 08:06:03,463 [INFO] NTP:offset = -0.004 s, delay = 0.021 s 
client 2025-02-27 08:06:03,463 [INFO] Sending command to the server: 'time'
client 2025-02-27 08:06:03,477 [INFO] Got response: '1740643563.4452212'
client 2025-02-27 08:06:03,477 [INFO] The time difference between the client and the server is within range 18.265 ms..32.190 ms
client 2025-02-27 08:06:03,477 [INFO] Sending command to the server: 'new,,42f179d3-e6bd-4569-ba79-2eb238b4b60d'
client 2025-02-27 08:06:03,491 [INFO] Got response: 'OK 2025-02-27_08-06-03,6c6b3b6e-80e0-49c7-a59a-d4c283ffe559'
client 2025-02-27 08:06:03,491 [INFO] Session id is '2025-02-27_08-06-03'
client 2025-02-27 08:06:03,491 [INFO] Sources: {"sources": {"__init__.py": "da39a3ee5e6b4b0d3255bfef95601890afd80709", "client.py": "33ca4f26368777ac06e01f9567b714a4b8063886", "lib/__init__.py": "da39a3ee5e6b4b0d3255bfef95601890afd80709", "lib/client.py": "ac2aa093c8e8bbc9569b9e2a3471bc64e58a2258", "lib/common.py": "611d8b29633d331eb19c9455ea3b5fa3284ed6df", "lib/external/__init__.py": "da39a3ee5e6b4b0d3255bfef95601890afd80709", "lib/external/ntplib.py": "4da8f970656505a40483206ef2b5d3dd5e81711d", "lib/server.py": "9bc9a3b6b9b716520658ac175913bcbbdb354336", "lib/source_hashes.py": "60a2e02193209e8d392803326208d5466342da18", "lib/summary.py": "602a9fedfa503e5544d27ab3b0067f235047efc3", "lib/time_sync.py": "80894ef2389e540781ff78de94db16aa4203a14e", "server.py": "c3f90f2f7eeb4db30727556d0c815ebc89b3d28b", "tests/unit/__init__.py": "da39a3ee5e6b4b0d3255bfef95601890afd80709", "tests/unit/test_server.py": "948c1995d4008bc2aa6c4046a34ffa3858d6d671", "tests/unit/test_source_hashes.py": "00468a2907583c593e6574a1f6b404e4651c221a"}, "modules": {"ptd_client_server.lib.client": "lib/client.py", "ptd_client_server.lib.common": "lib/common.py", "ptd_client_server.lib.external.ntplib": "lib/external/ntplib.py", "ptd_client_server.lib.source_hashes": "lib/source_hashes.py", "ptd_client_server.lib.summary": "lib/summary.py", "ptd_client_server.lib.time_sync": "lib/time_sync.py"}}
client 2025-02-27 08:06:03,491 [INFO] Running workload in ranging mode
client 2025-02-27 08:06:03,492 [INFO] Synchronizing with the server and with time.google.com...
client 2025-02-27 08:06:03,511 [INFO] NTP:offset = -0.004 s, delay = 0.019 s 
client 2025-02-27 08:06:03,512 [INFO] Sending command to the server: 'time'
client 2025-02-27 08:06:03,525 [INFO] Got response: '1740643563.491903'
client 2025-02-27 08:06:03,526 [INFO] The time difference between the client and the server is within range 20.246 ms..34.118 ms
client 2025-02-27 08:06:03,526 [INFO] Sending command to the server: 'session,2025-02-27_08-06-03,start,ranging'
client 2025-02-27 08:06:28,127 [INFO] Got response: 'OK'
client 2025-02-27 08:06:28,127 [INFO] Sending command to the server: 'time'
client 2025-02-27 08:06:28,142 [INFO] Got response: '1740643588.10924'
client 2025-02-27 08:06:28,142 [INFO] The time difference between the client and the server is within range 18.706 ms..33.260 ms
client 2025-02-27 08:06:28,142 [INFO] Running the workload ' MLC_MLPERF_RUN_COUNT=$(cat ${MLC_RUN_DIR}/count.txt); echo ${MLC_MLPERF_RUN_COUNT}; MLC_MLPERF_RUN_COUNT=$((MLC_MLPERF_RUN_COUNT+1)); echo ${MLC_MLPERF_RUN_COUNT} > ${MLC_RUN_DIR}/count.txt; if [ ${MLC_MLPERF_RUN_COUNT} -eq 1 ]; then export MLC_MLPERF_USER_CONF="${MLC_MLPERF_RANGING_USER_CONF}"; else export MLC_MLPERF_USER_CONF="${MLC_MLPERF_TESTING_USER_CONF}"; fi ; /home/arjun/MLC/repos/gateoverflow@mlperf-automations/script/run-all-mlperf-models/run.out'
client 2025-02-27 08:11:29,538 [INFO] Sending command to the server: 'time'
client 2025-02-27 08:11:29,557 [INFO] Got response: '1740643889.518266'
client 2025-02-27 08:11:29,557 [INFO] The time difference between the client and the server is within range 20.255 ms..39.692 ms
client 2025-02-27 08:11:29,558 [INFO] Sending command to the server: 'session,2025-02-27_08-06-03,stop,ranging'
client 2025-02-27 08:11:40,464 [INFO] Got response: 'OK'
client 2025-02-27 08:11:40,464 [INFO] Sending command to the server: 'time'
client 2025-02-27 08:11:40,481 [INFO] Got response: '1740643900.4427829'
client 2025-02-27 08:11:40,481 [INFO] The time difference between the client and the server is within range 21.765 ms..38.686 ms
client 2025-02-27 08:11:40,485 [INFO] Copying loadgen logs from '/home/arjun/MLC/repos/local/cache/get-mlperf-inference-results-dir_e3f7a2f6/valid_results/mini-tflite_cpp-cpu-tflite-vmaster-default_config/mobilenet-v1-precision_uint8-0.25-160/singlestream/performance/run_1' to '/home/arjun/MLC/repos/local/cache/get-mlperf-inference-results-dir_e3f7a2f6/valid_results/mini-tflite_cpp-cpu-tflite-vmaster-default_config/mobilenet-v1-precision_uint8-0.25-160/singlestream/performance/tmp_power/ranging'
client 2025-02-27 08:11:40,485 [INFO] Running workload in testing mode
client 2025-02-27 08:11:40,485 [INFO] Synchronizing with the server and with time.google.com...
client 2025-02-27 08:11:40,516 [INFO] NTP:offset = -0.000 s, delay = 0.029 s 
client 2025-02-27 08:11:40,516 [INFO] Sending command to the server: 'time'
client 2025-02-27 08:11:40,533 [INFO] Got response: '1740643900.494436'
client 2025-02-27 08:11:40,533 [INFO] The time difference between the client and the server is within range 21.796 ms..38.713 ms
client 2025-02-27 08:11:40,533 [INFO] Sending command to the server: 'session,2025-02-27_08-06-03,start,testing'
client 2025-02-27 08:11:53,777 [INFO] Got response: 'OK'
client 2025-02-27 08:11:53,778 [INFO] Sending command to the server: 'time'
client 2025-02-27 08:11:53,800 [INFO] Got response: '1740643913.7516773'
client 2025-02-27 08:11:53,801 [INFO] The time difference between the client and the server is within range 26.364 ms..49.346 ms
client 2025-02-27 08:11:53,801 [INFO] Running the workload ' MLC_MLPERF_RUN_COUNT=$(cat ${MLC_RUN_DIR}/count.txt); echo ${MLC_MLPERF_RUN_COUNT}; MLC_MLPERF_RUN_COUNT=$((MLC_MLPERF_RUN_COUNT+1)); echo ${MLC_MLPERF_RUN_COUNT} > ${MLC_RUN_DIR}/count.txt; if [ ${MLC_MLPERF_RUN_COUNT} -eq 1 ]; then export MLC_MLPERF_USER_CONF="${MLC_MLPERF_RANGING_USER_CONF}"; else export MLC_MLPERF_USER_CONF="${MLC_MLPERF_TESTING_USER_CONF}"; fi ; /home/arjun/MLC/repos/gateoverflow@mlperf-automations/script/run-all-mlperf-models/run.out'
client 2025-02-27 08:21:56,106 [INFO] Sending command to the server: 'time'
client 2025-02-27 08:21:56,126 [INFO] Got response: '1740644516.0712302'
client 2025-02-27 08:21:56,126 [INFO] The time difference between the client and the server is within range 35.267 ms..55.103 ms
client 2025-02-27 08:21:56,126 [INFO] Sending command to the server: 'session,2025-02-27_08-06-03,stop,testing'
client 2025-02-27 08:22:06,951 [INFO] Got response: 'OK'
client 2025-02-27 08:22:06,951 [INFO] Sending command to the server: 'time'
client 2025-02-27 08:22:06,968 [INFO] Got response: '1740644526.912681'
client 2025-02-27 08:22:06,968 [INFO] The time difference between the client and the server is within range 39.264 ms..56.130 ms
client 2025-02-27 08:22:06,969 [INFO] Copying loadgen logs from '/home/arjun/MLC/repos/local/cache/get-mlperf-inference-results-dir_e3f7a2f6/valid_results/mini-tflite_cpp-cpu-tflite-vmaster-default_config/mobilenet-v1-precision_uint8-0.25-160/singlestream/performance/run_1' to '/home/arjun/MLC/repos/local/cache/get-mlperf-inference-results-dir_e3f7a2f6/valid_results/mini-tflite_cpp-cpu-tflite-vmaster-default_config/mobilenet-v1-precision_uint8-0.25-160/singlestream/performance/tmp_power/run_1'
client 2025-02-27 08:22:06,970 [INFO] Done runs
