Graph file: /home/kingjuno/MLC/repos/local/cache/get-ml-model-efficientnet-lite_175cd72f/efficientnet-lite2/efficientnet-lite2-int8.tflite
Image dir: /home/kingjuno/MLC/repos/local/cache/get-preprocessed-dataset-imagenet_1e7591a2
Image list: /home/kingjuno/MLC/repos/local/cache/get-preprocessed-dataset-imagenet_1e7591a2/preprocessed_files.txt
Image size: 260
Image channels: 3
Prediction classes: 1000
Result dir: /home/kingjuno/MLC/repos/local/cache/get-mlperf-inference-results-dir_69aa4cf9/valid_results/MLC-tflite_cpp-cpu-tflite-vmaster-default_config/efficientnet-int8-lite2/singlestream/accuracy
How many images fit in memory buffer: 1024
Normalize: 1
Subtract mean: 0
Run time preprocessing: 1
Number of Threads: 1
Number of available imagefiles: 50000

Loading graph...
INFO: Created TensorFlow Lite XNNPACK delegate for CPU.
Input tensor dimensions (NHWC): 1*260*260*3
Output tensor dimensions: 1*1000
Path to user.conf : /home/kingjuno/MLC/repos/mlcommons@mlperf-automations/script/generate-mlperf-inference-user-conf/tmp/846b7014e8b34d3e848f950d83110b0d.conf
Model Name: efficientnet
LoadGen Scenario: SingleStream
LoadGen Mode: accuracy
