client 2025-02-27 01:20:46,668 [INFO] Creating output directory '/home/arjun/MLC/repos/local/cache/get-mlperf-inference-results-dir_e3f7a2f6/valid_results/mini-tflite_cpp-cpu-tflite-vmaster-default_config/efficientnet-fp32-lite1/singlestream/performance/tmp_power'
client 2025-02-27 01:20:46,680 [INFO] Sending command to the server: 'mlcommons/power client v3'
client 2025-02-27 01:20:46,694 [INFO] Got response: 'mlcommons/power server v3'
client 2025-02-27 01:20:46,694 [INFO] Synchronizing with the server and with time.google.com...
client 2025-02-27 01:20:46,720 [INFO] NTP:offset = -0.004 s, delay = 0.022 s 
client 2025-02-27 01:20:46,720 [INFO] Sending command to the server: 'time'
client 2025-02-27 01:20:46,730 [INFO] Got response: '1740619246.6173532'
client 2025-02-27 01:20:46,730 [INFO] The time difference between the client and the server is within range 103.119 ms..112.762 ms
client 2025-02-27 01:20:46,730 [INFO] Sending command to the server: 'new,,d5ee17ce-e66f-4ac5-9475-be3b2772023a'
client 2025-02-27 01:20:46,744 [INFO] Got response: 'OK 2025-02-27_01-20-46,9bc9ecbc-ab68-4c11-b5aa-a5f98604aa9d'
client 2025-02-27 01:20:46,744 [INFO] Session id is '2025-02-27_01-20-46'
client 2025-02-27 01:20:46,744 [INFO] Sources: {"sources": {"__init__.py": "da39a3ee5e6b4b0d3255bfef95601890afd80709", "client.py": "33ca4f26368777ac06e01f9567b714a4b8063886", "lib/__init__.py": "da39a3ee5e6b4b0d3255bfef95601890afd80709", "lib/client.py": "ac2aa093c8e8bbc9569b9e2a3471bc64e58a2258", "lib/common.py": "611d8b29633d331eb19c9455ea3b5fa3284ed6df", "lib/external/__init__.py": "da39a3ee5e6b4b0d3255bfef95601890afd80709", "lib/external/ntplib.py": "4da8f970656505a40483206ef2b5d3dd5e81711d", "lib/server.py": "9bc9a3b6b9b716520658ac175913bcbbdb354336", "lib/source_hashes.py": "60a2e02193209e8d392803326208d5466342da18", "lib/summary.py": "602a9fedfa503e5544d27ab3b0067f235047efc3", "lib/time_sync.py": "80894ef2389e540781ff78de94db16aa4203a14e", "server.py": "c3f90f2f7eeb4db30727556d0c815ebc89b3d28b", "tests/unit/__init__.py": "da39a3ee5e6b4b0d3255bfef95601890afd80709", "tests/unit/test_server.py": "948c1995d4008bc2aa6c4046a34ffa3858d6d671", "tests/unit/test_source_hashes.py": "00468a2907583c593e6574a1f6b404e4651c221a"}, "modules": {"ptd_client_server.lib.client": "lib/client.py", "ptd_client_server.lib.common": "lib/common.py", "ptd_client_server.lib.external.ntplib": "lib/external/ntplib.py", "ptd_client_server.lib.source_hashes": "lib/source_hashes.py", "ptd_client_server.lib.summary": "lib/summary.py", "ptd_client_server.lib.time_sync": "lib/time_sync.py"}}
client 2025-02-27 01:20:46,744 [INFO] Running workload in ranging mode
client 2025-02-27 01:20:46,744 [INFO] Synchronizing with the server and with time.google.com...
client 2025-02-27 01:20:46,763 [INFO] NTP:offset = -0.006 s, delay = 0.018 s 
client 2025-02-27 01:20:46,763 [INFO] Sending command to the server: 'time'
client 2025-02-27 01:20:46,775 [INFO] Got response: '1740619246.6601288'
client 2025-02-27 01:20:46,775 [INFO] The time difference between the client and the server is within range 103.366 ms..115.275 ms
client 2025-02-27 01:20:46,775 [INFO] Sending command to the server: 'session,2025-02-27_01-20-46,start,ranging'
client 2025-02-27 01:21:11,274 [INFO] Got response: 'OK'
client 2025-02-27 01:21:11,274 [INFO] Sending command to the server: 'time'
client 2025-02-27 01:21:11,287 [INFO] Got response: '1740619271.1737177'
client 2025-02-27 01:21:11,287 [INFO] The time difference between the client and the server is within range 100.876 ms..113.797 ms
client 2025-02-27 01:21:11,287 [INFO] Running the workload ' MLC_MLPERF_RUN_COUNT=$(cat ${MLC_RUN_DIR}/count.txt); echo ${MLC_MLPERF_RUN_COUNT}; MLC_MLPERF_RUN_COUNT=$((MLC_MLPERF_RUN_COUNT+1)); echo ${MLC_MLPERF_RUN_COUNT} > ${MLC_RUN_DIR}/count.txt; if [ ${MLC_MLPERF_RUN_COUNT} -eq 1 ]; then export MLC_MLPERF_USER_CONF="${MLC_MLPERF_RANGING_USER_CONF}"; else export MLC_MLPERF_USER_CONF="${MLC_MLPERF_TESTING_USER_CONF}"; fi ; /home/arjun/MLC/repos/gateoverflow@mlperf-automations/script/run-all-mlperf-models/run.out'
client 2025-02-27 01:26:13,063 [INFO] Sending command to the server: 'time'
client 2025-02-27 01:26:13,080 [INFO] Got response: '1740619572.9677148'
client 2025-02-27 01:26:13,081 [INFO] The time difference between the client and the server is within range 96.119 ms..113.263 ms
client 2025-02-27 01:26:13,081 [INFO] Sending command to the server: 'session,2025-02-27_01-20-46,stop,ranging'
client 2025-02-27 01:26:24,195 [INFO] Got response: 'OK'
client 2025-02-27 01:26:24,195 [INFO] Sending command to the server: 'time'
client 2025-02-27 01:26:24,208 [INFO] Got response: '1740619584.0954356'
client 2025-02-27 01:26:24,209 [INFO] The time difference between the client and the server is within range 100.455 ms..113.667 ms
client 2025-02-27 01:26:24,213 [INFO] Copying loadgen logs from '/home/arjun/MLC/repos/local/cache/get-mlperf-inference-results-dir_e3f7a2f6/valid_results/mini-tflite_cpp-cpu-tflite-vmaster-default_config/efficientnet-fp32-lite1/singlestream/performance/run_1' to '/home/arjun/MLC/repos/local/cache/get-mlperf-inference-results-dir_e3f7a2f6/valid_results/mini-tflite_cpp-cpu-tflite-vmaster-default_config/efficientnet-fp32-lite1/singlestream/performance/tmp_power/ranging'
client 2025-02-27 01:26:24,213 [INFO] Running workload in testing mode
client 2025-02-27 01:26:24,214 [INFO] Synchronizing with the server and with time.google.com...
client 2025-02-27 01:26:24,236 [INFO] NTP:offset = -0.005 s, delay = 0.021 s 
client 2025-02-27 01:26:24,236 [INFO] Sending command to the server: 'time'
client 2025-02-27 01:26:24,250 [INFO] Got response: '1740619584.1373038'
client 2025-02-27 01:26:24,250 [INFO] The time difference between the client and the server is within range 99.457 ms..113.430 ms
client 2025-02-27 01:26:24,250 [INFO] Sending command to the server: 'session,2025-02-27_01-20-46,start,testing'
client 2025-02-27 01:26:37,473 [INFO] Got response: 'OK'
client 2025-02-27 01:26:37,474 [INFO] Sending command to the server: 'time'
client 2025-02-27 01:26:37,486 [INFO] Got response: '1740619597.3734639'
client 2025-02-27 01:26:37,486 [INFO] The time difference between the client and the server is within range 100.627 ms..113.213 ms
client 2025-02-27 01:26:37,486 [INFO] Running the workload ' MLC_MLPERF_RUN_COUNT=$(cat ${MLC_RUN_DIR}/count.txt); echo ${MLC_MLPERF_RUN_COUNT}; MLC_MLPERF_RUN_COUNT=$((MLC_MLPERF_RUN_COUNT+1)); echo ${MLC_MLPERF_RUN_COUNT} > ${MLC_RUN_DIR}/count.txt; if [ ${MLC_MLPERF_RUN_COUNT} -eq 1 ]; then export MLC_MLPERF_USER_CONF="${MLC_MLPERF_RANGING_USER_CONF}"; else export MLC_MLPERF_USER_CONF="${MLC_MLPERF_TESTING_USER_CONF}"; fi ; /home/arjun/MLC/repos/gateoverflow@mlperf-automations/script/run-all-mlperf-models/run.out'
client 2025-02-27 01:36:38,099 [INFO] Sending command to the server: 'time'
client 2025-02-27 01:36:38,113 [INFO] Got response: '1740620198.00407'
client 2025-02-27 01:36:38,113 [INFO] The time difference between the client and the server is within range 95.331 ms..109.448 ms
client 2025-02-27 01:36:38,113 [INFO] Sending command to the server: 'session,2025-02-27_01-20-46,stop,testing'
client 2025-02-27 01:36:48,632 [INFO] Got response: 'OK'
client 2025-02-27 01:36:48,632 [INFO] Sending command to the server: 'time'
client 2025-02-27 01:36:48,641 [INFO] Got response: '1740620208.5350108'
client 2025-02-27 01:36:48,641 [INFO] The time difference between the client and the server is within range 97.855 ms..106.955 ms
client 2025-02-27 01:36:48,642 [INFO] Copying loadgen logs from '/home/arjun/MLC/repos/local/cache/get-mlperf-inference-results-dir_e3f7a2f6/valid_results/mini-tflite_cpp-cpu-tflite-vmaster-default_config/efficientnet-fp32-lite1/singlestream/performance/run_1' to '/home/arjun/MLC/repos/local/cache/get-mlperf-inference-results-dir_e3f7a2f6/valid_results/mini-tflite_cpp-cpu-tflite-vmaster-default_config/efficientnet-fp32-lite1/singlestream/performance/tmp_power/run_1'
client 2025-02-27 01:36:48,643 [INFO] Done runs
