Graph file: /home/mlcuser/MLC/repos/local/cache/get-ml-model-mobilenet_2eaada86/v3-large_224_1.0_float/v3-large_224_1.0_float.tflite
Image dir: /home/mlcuser/MLC/repos/local/cache/get-preprocessed-dataset-imagenet_ed2eab23
Image list: /home/mlcuser/MLC/repos/local/cache/get-preprocessed-dataset-imagenet_ed2eab23/preprocessed_files.txt
Image size: 224
Image channels: 3
Prediction classes: 1000
Result dir: /home/mlcuser/MLC/repos/local/cache/get-mlperf-inference-results-dir_338d2055/valid_results/640b615ae987-tflite_cpp-cpu-tflite-vmaster-with_live_preprocessing/mobilenet-v3-precision_float-large-224/singlestream/performance/run_1
How many images fit in memory buffer: 1024
Normalize: 1
Subtract mean: 0
Run time preprocessing: 1
Number of Threads: 48
Number of available imagefiles: 50000

Loading graph...
INFO: Created TensorFlow Lite XNNPACK delegate for CPU.
Input tensor dimensions (NHWC): 1*224*224*3
Output tensor dimensions: 1*1001
Path to user.conf : /home/mlcuser/MLC/repos/mlcommons@mlperf-automations/script/generate-mlperf-inference-user-conf/tmp/7eec731d436e480493d4d4d7f5c17c60.conf
Model Name: mobilenet
LoadGen Scenario: SingleStream
LoadGen Mode: performance
