client 2025-02-28 11:49:40,463 [INFO] Creating output directory '/home/arjun/MLC/repos/local/cache/get-mlperf-inference-results-dir_e3f7a2f6/valid_results/mini-tflite_cpp-cpu-tflite-vmaster-with_live_preprocessing/efficientnet-fp32-lite1/singlestream/performance/tmp_power'
client 2025-02-28 11:49:40,472 [INFO] Sending command to the server: 'mlcommons/power client v3'
client 2025-02-28 11:49:40,482 [INFO] Got response: 'mlcommons/power server v3'
client 2025-02-28 11:49:40,482 [INFO] Synchronizing with the server and with time.google.com...
client 2025-02-28 11:49:40,522 [INFO] NTP:offset = -0.001 s, delay = 0.024 s 
client 2025-02-28 11:49:40,522 [INFO] Sending command to the server: 'time'
client 2025-02-28 11:49:40,535 [INFO] Got response: '1740743380.3582637'
client 2025-02-28 11:49:40,535 [INFO] The time difference between the client and the server is within range 164.316 ms..177.108 ms
client 2025-02-28 11:49:40,535 [INFO] Sending command to the server: 'new,,a66472bc-0f32-4c19-8ffb-91f6b9f74517'
client 2025-02-28 11:49:40,549 [INFO] Got response: 'OK 2025-02-28_11-49-40,91a04716-d21b-45e8-9c77-ae46d1588217'
client 2025-02-28 11:49:40,549 [INFO] Session id is '2025-02-28_11-49-40'
client 2025-02-28 11:49:40,550 [INFO] Sources: {"sources": {"__init__.py": "da39a3ee5e6b4b0d3255bfef95601890afd80709", "client.py": "33ca4f26368777ac06e01f9567b714a4b8063886", "lib/__init__.py": "da39a3ee5e6b4b0d3255bfef95601890afd80709", "lib/client.py": "ac2aa093c8e8bbc9569b9e2a3471bc64e58a2258", "lib/common.py": "611d8b29633d331eb19c9455ea3b5fa3284ed6df", "lib/external/__init__.py": "da39a3ee5e6b4b0d3255bfef95601890afd80709", "lib/external/ntplib.py": "4da8f970656505a40483206ef2b5d3dd5e81711d", "lib/server.py": "9bc9a3b6b9b716520658ac175913bcbbdb354336", "lib/source_hashes.py": "60a2e02193209e8d392803326208d5466342da18", "lib/summary.py": "602a9fedfa503e5544d27ab3b0067f235047efc3", "lib/time_sync.py": "80894ef2389e540781ff78de94db16aa4203a14e", "server.py": "c3f90f2f7eeb4db30727556d0c815ebc89b3d28b", "tests/unit/__init__.py": "da39a3ee5e6b4b0d3255bfef95601890afd80709", "tests/unit/test_server.py": "948c1995d4008bc2aa6c4046a34ffa3858d6d671", "tests/unit/test_source_hashes.py": "00468a2907583c593e6574a1f6b404e4651c221a"}, "modules": {"ptd_client_server.lib.client": "lib/client.py", "ptd_client_server.lib.common": "lib/common.py", "ptd_client_server.lib.external.ntplib": "lib/external/ntplib.py", "ptd_client_server.lib.source_hashes": "lib/source_hashes.py", "ptd_client_server.lib.summary": "lib/summary.py", "ptd_client_server.lib.time_sync": "lib/time_sync.py"}}
client 2025-02-28 11:49:40,550 [INFO] Running workload in ranging mode
client 2025-02-28 11:49:40,550 [INFO] Synchronizing with the server and with time.google.com...
client 2025-02-28 11:49:40,574 [INFO] NTP:offset = -0.002 s, delay = 0.023 s 
client 2025-02-28 11:49:40,574 [INFO] Sending command to the server: 'time'
client 2025-02-28 11:49:40,590 [INFO] Got response: '1740743380.4133732'
client 2025-02-28 11:49:40,590 [INFO] The time difference between the client and the server is within range 161.477 ms..177.324 ms
client 2025-02-28 11:49:40,590 [INFO] Sending command to the server: 'session,2025-02-28_11-49-40,start,ranging'
client 2025-02-28 11:50:05,336 [INFO] Got response: 'OK'
client 2025-02-28 11:50:05,336 [INFO] Sending command to the server: 'time'
client 2025-02-28 11:50:05,350 [INFO] Got response: '1740743405.1702917'
client 2025-02-28 11:50:05,350 [INFO] The time difference between the client and the server is within range 166.129 ms..180.198 ms
client 2025-02-28 11:50:05,350 [INFO] Running the workload ' MLC_MLPERF_RUN_COUNT=$(cat ${MLC_RUN_DIR}/count.txt); echo ${MLC_MLPERF_RUN_COUNT}; MLC_MLPERF_RUN_COUNT=$((MLC_MLPERF_RUN_COUNT+1)); echo ${MLC_MLPERF_RUN_COUNT} > ${MLC_RUN_DIR}/count.txt; if [ ${MLC_MLPERF_RUN_COUNT} -eq 1 ]; then export MLC_MLPERF_USER_CONF="${MLC_MLPERF_RANGING_USER_CONF}"; else export MLC_MLPERF_USER_CONF="${MLC_MLPERF_TESTING_USER_CONF}"; fi ; /home/arjun/MLC/repos/gateoverflow@mlperf-automations/script/run-all-mlperf-models/run.out'
client 2025-02-28 11:55:06,713 [INFO] Sending command to the server: 'time'
client 2025-02-28 11:55:06,725 [INFO] Got response: '1740743706.547213'
client 2025-02-28 11:55:06,726 [INFO] The time difference between the client and the server is within range 166.283 ms..178.827 ms
client 2025-02-28 11:55:06,726 [INFO] Sending command to the server: 'session,2025-02-28_11-49-40,stop,ranging'
client 2025-02-28 11:55:18,273 [INFO] Got response: 'OK'
client 2025-02-28 11:55:18,273 [INFO] Sending command to the server: 'time'
client 2025-02-28 11:55:18,293 [INFO] Got response: '1740743718.1041791'
client 2025-02-28 11:55:18,293 [INFO] The time difference between the client and the server is within range 169.431 ms..189.469 ms
client 2025-02-28 11:55:18,297 [INFO] Copying loadgen logs from '/home/arjun/MLC/repos/local/cache/get-mlperf-inference-results-dir_e3f7a2f6/valid_results/mini-tflite_cpp-cpu-tflite-vmaster-with_live_preprocessing/efficientnet-fp32-lite1/singlestream/performance/run_1' to '/home/arjun/MLC/repos/local/cache/get-mlperf-inference-results-dir_e3f7a2f6/valid_results/mini-tflite_cpp-cpu-tflite-vmaster-with_live_preprocessing/efficientnet-fp32-lite1/singlestream/performance/tmp_power/ranging'
client 2025-02-28 11:55:18,298 [INFO] Running workload in testing mode
client 2025-02-28 11:55:18,298 [INFO] Synchronizing with the server and with time.google.com...
client 2025-02-28 11:55:18,325 [INFO] NTP:offset = -0.001 s, delay = 0.025 s 
client 2025-02-28 11:55:18,325 [INFO] Sending command to the server: 'time'
client 2025-02-28 11:55:18,335 [INFO] Got response: '1740743718.1568341'
client 2025-02-28 11:55:18,335 [INFO] The time difference between the client and the server is within range 168.554 ms..179.116 ms
client 2025-02-28 11:55:18,336 [INFO] Sending command to the server: 'session,2025-02-28_11-49-40,start,testing'
client 2025-02-28 11:55:31,584 [INFO] Got response: 'OK'
client 2025-02-28 11:55:31,585 [INFO] Sending command to the server: 'time'
client 2025-02-28 11:55:31,600 [INFO] Got response: '1740743731.4175472'
client 2025-02-28 11:55:31,600 [INFO] The time difference between the client and the server is within range 167.639 ms..182.971 ms
client 2025-02-28 11:55:31,600 [INFO] Running the workload ' MLC_MLPERF_RUN_COUNT=$(cat ${MLC_RUN_DIR}/count.txt); echo ${MLC_MLPERF_RUN_COUNT}; MLC_MLPERF_RUN_COUNT=$((MLC_MLPERF_RUN_COUNT+1)); echo ${MLC_MLPERF_RUN_COUNT} > ${MLC_RUN_DIR}/count.txt; if [ ${MLC_MLPERF_RUN_COUNT} -eq 1 ]; then export MLC_MLPERF_USER_CONF="${MLC_MLPERF_RANGING_USER_CONF}"; else export MLC_MLPERF_USER_CONF="${MLC_MLPERF_TESTING_USER_CONF}"; fi ; /home/arjun/MLC/repos/gateoverflow@mlperf-automations/script/run-all-mlperf-models/run.out'
client 2025-02-28 12:05:33,559 [INFO] Sending command to the server: 'time'
client 2025-02-28 12:05:33,575 [INFO] Got response: '1740744333.3873248'
client 2025-02-28 12:05:33,576 [INFO] The time difference between the client and the server is within range 172.522 ms..188.805 ms
client 2025-02-28 12:05:33,576 [INFO] Sending command to the server: 'session,2025-02-28_11-49-40,stop,testing'
client 2025-02-28 12:05:44,962 [INFO] Got response: 'OK'
client 2025-02-28 12:05:44,962 [INFO] Sending command to the server: 'time'
client 2025-02-28 12:05:44,979 [INFO] Got response: '1740744344.787106'
client 2025-02-28 12:05:44,979 [INFO] The time difference between the client and the server is within range 175.845 ms..192.377 ms
client 2025-02-28 12:05:44,980 [INFO] Copying loadgen logs from '/home/arjun/MLC/repos/local/cache/get-mlperf-inference-results-dir_e3f7a2f6/valid_results/mini-tflite_cpp-cpu-tflite-vmaster-with_live_preprocessing/efficientnet-fp32-lite1/singlestream/performance/run_1' to '/home/arjun/MLC/repos/local/cache/get-mlperf-inference-results-dir_e3f7a2f6/valid_results/mini-tflite_cpp-cpu-tflite-vmaster-with_live_preprocessing/efficientnet-fp32-lite1/singlestream/performance/tmp_power/run_1'
client 2025-02-28 12:05:44,981 [INFO] Done runs
