User Conf path: /home/mlcuser/MLC/repos/mlcommons@mlperf-automations/script/generate-mlperf-inference-user-conf/tmp/e1a4b324c230464e8bc5c88f6f9fce43.conf
Dataset Preprocessed path: /home/mlcuser/MLC/repos/local/cache/get-preprocessed-dataset-imagenet_5a14f49b
Dataset List filepath: 
Scenario: MultiStream
Mode: AccuracyOnly
Batch size: 8
Query count override: 0
Performance sample count override in application: 0
loaded imagenet with 50000 samples
starting benchmark
loading samples to ram with total sample size: 1031
loading samples to ram with total sample size: 1031
loading samples to ram with total sample size: 1031
loading samples to ram with total sample size: 1031
loading samples to ram with total sample size: 1031
loading samples to ram with total sample size: 1031
loading samples to ram with total sample size: 1031
loading samples to ram with total sample size: 1031
loading samples to ram with total sample size: 1031
loading samples to ram with total sample size: 1031
loading samples to ram with total sample size: 1031
loading samples to ram with total sample size: 1031
loading samples to ram with total sample size: 1031
loading samples to ram with total sample size: 1031
loading samples to ram with total sample size: 1031
loading samples to ram with total sample size: 1031
loading samples to ram with total sample size: 1031
loading samples to ram with total sample size: 1031
loading samples to ram with total sample size: 1031
loading samples to ram with total sample size: 1031
loading samples to ram with total sample size: 1031
loading samples to ram with total sample size: 1031
loading samples to ram with total sample size: 1031
loading samples to ram with total sample size: 1031
loading samples to ram with total sample size: 1031
loading samples to ram with total sample size: 1031
loading samples to ram with total sample size: 1031
loading samples to ram with total sample size: 1031
loading samples to ram with total sample size: 1031
loading samples to ram with total sample size: 1031
loading samples to ram with total sample size: 1031
loading samples to ram with total sample size: 1031
loading samples to ram with total sample size: 1031
loading samples to ram with total sample size: 1031
loading samples to ram with total sample size: 1031
loading samples to ram with total sample size: 1031
loading samples to ram with total sample size: 1031
loading samples to ram with total sample size: 1031
loading samples to ram with total sample size: 1031
loading samples to ram with total sample size: 1031
loading samples to ram with total sample size: 1031
loading samples to ram with total sample size: 1031
loading samples to ram with total sample size: 1031
loading samples to ram with total sample size: 1031
loading samples to ram with total sample size: 1031
loading samples to ram with total sample size: 1031
loading samples to ram with total sample size: 1031
loading samples to ram with total sample size: 1031
loading samples to ram with total sample size: 855
