client 2025-02-26 15:31:18,429 [INFO] Creating output directory '/home/arjun/MLC/repos/local/cache/get-mlperf-inference-results-dir_e3f7a2f6/valid_results/mini-tflite_cpp-cpu-tflite-vmaster-default_config/mobilenet-v1-precision_float-0.75-128/singlestream/performance/tmp_power'
client 2025-02-26 15:31:18,438 [INFO] Sending command to the server: 'mlcommons/power client v3'
client 2025-02-26 15:31:18,450 [INFO] Got response: 'mlcommons/power server v3'
client 2025-02-26 15:31:18,450 [INFO] Synchronizing with the server and with time.google.com...
client 2025-02-26 15:31:18,502 [INFO] NTP:offset = -0.014 s, delay = 0.048 s 
client 2025-02-26 15:31:18,502 [INFO] Sending command to the server: 'time'
client 2025-02-26 15:31:18,514 [INFO] Got response: '1740583878.3379223'
client 2025-02-26 15:31:18,514 [INFO] The time difference between the client and the server is within range 164.674 ms..176.394 ms
client 2025-02-26 15:31:18,514 [INFO] Sending command to the server: 'new,,49bc9bcb-f2a5-43be-b410-5e51dd760379'
client 2025-02-26 15:31:18,527 [INFO] Got response: 'OK 2025-02-26_15-31-18,3b8f8ad7-74e4-40d4-ba7f-457e1614fa24'
client 2025-02-26 15:31:18,528 [INFO] Session id is '2025-02-26_15-31-18'
client 2025-02-26 15:31:18,528 [INFO] Sources: {"sources": {"__init__.py": "da39a3ee5e6b4b0d3255bfef95601890afd80709", "client.py": "33ca4f26368777ac06e01f9567b714a4b8063886", "lib/__init__.py": "da39a3ee5e6b4b0d3255bfef95601890afd80709", "lib/client.py": "ac2aa093c8e8bbc9569b9e2a3471bc64e58a2258", "lib/common.py": "611d8b29633d331eb19c9455ea3b5fa3284ed6df", "lib/external/__init__.py": "da39a3ee5e6b4b0d3255bfef95601890afd80709", "lib/external/ntplib.py": "4da8f970656505a40483206ef2b5d3dd5e81711d", "lib/server.py": "9bc9a3b6b9b716520658ac175913bcbbdb354336", "lib/source_hashes.py": "60a2e02193209e8d392803326208d5466342da18", "lib/summary.py": "602a9fedfa503e5544d27ab3b0067f235047efc3", "lib/time_sync.py": "80894ef2389e540781ff78de94db16aa4203a14e", "server.py": "c3f90f2f7eeb4db30727556d0c815ebc89b3d28b", "tests/unit/__init__.py": "da39a3ee5e6b4b0d3255bfef95601890afd80709", "tests/unit/test_server.py": "948c1995d4008bc2aa6c4046a34ffa3858d6d671", "tests/unit/test_source_hashes.py": "00468a2907583c593e6574a1f6b404e4651c221a"}, "modules": {"ptd_client_server.lib.client": "lib/client.py", "ptd_client_server.lib.common": "lib/common.py", "ptd_client_server.lib.external.ntplib": "lib/external/ntplib.py", "ptd_client_server.lib.source_hashes": "lib/source_hashes.py", "ptd_client_server.lib.summary": "lib/summary.py", "ptd_client_server.lib.time_sync": "lib/time_sync.py"}}
client 2025-02-26 15:31:18,528 [INFO] Running workload in ranging mode
client 2025-02-26 15:31:18,528 [INFO] Synchronizing with the server and with time.google.com...
client 2025-02-26 15:31:18,549 [INFO] NTP:offset = -0.029 s, delay = 0.019 s 
client 2025-02-26 15:31:18,549 [INFO] Sending command to the server: 'time'
client 2025-02-26 15:31:18,561 [INFO] Got response: '1740583878.3845603'
client 2025-02-26 15:31:18,562 [INFO] The time difference between the client and the server is within range 164.839 ms..177.558 ms
client 2025-02-26 15:31:18,562 [INFO] Sending command to the server: 'session,2025-02-26_15-31-18,start,ranging'
client 2025-02-26 15:31:43,033 [INFO] Got response: 'OK'
client 2025-02-26 15:31:43,033 [INFO] Sending command to the server: 'time'
client 2025-02-26 15:31:43,043 [INFO] Got response: '1740583902.869699'
client 2025-02-26 15:31:43,043 [INFO] The time difference between the client and the server is within range 163.658 ms..173.957 ms
client 2025-02-26 15:31:43,043 [INFO] Running the workload ' MLC_MLPERF_RUN_COUNT=$(cat ${MLC_RUN_DIR}/count.txt); echo ${MLC_MLPERF_RUN_COUNT}; MLC_MLPERF_RUN_COUNT=$((MLC_MLPERF_RUN_COUNT+1)); echo ${MLC_MLPERF_RUN_COUNT} > ${MLC_RUN_DIR}/count.txt; if [ ${MLC_MLPERF_RUN_COUNT} -eq 1 ]; then export MLC_MLPERF_USER_CONF="${MLC_MLPERF_RANGING_USER_CONF}"; else export MLC_MLPERF_USER_CONF="${MLC_MLPERF_TESTING_USER_CONF}"; fi ; /home/arjun/MLC/repos/gateoverflow@mlperf-automations/script/run-all-mlperf-models/run.out'
client 2025-02-26 15:36:44,025 [INFO] Sending command to the server: 'time'
client 2025-02-26 15:36:44,040 [INFO] Got response: '1740584203.868434'
client 2025-02-26 15:36:44,041 [INFO] The time difference between the client and the server is within range 156.592 ms..172.665 ms
client 2025-02-26 15:36:44,041 [INFO] Sending command to the server: 'session,2025-02-26_15-31-18,stop,ranging'
client 2025-02-26 15:36:55,331 [INFO] Got response: 'OK'
client 2025-02-26 15:36:55,332 [INFO] Sending command to the server: 'time'
client 2025-02-26 15:36:55,344 [INFO] Got response: '1740584215.1730008'
client 2025-02-26 15:36:55,344 [INFO] The time difference between the client and the server is within range 158.988 ms..171.705 ms
client 2025-02-26 15:36:55,348 [INFO] Copying loadgen logs from '/home/arjun/MLC/repos/local/cache/get-mlperf-inference-results-dir_e3f7a2f6/valid_results/mini-tflite_cpp-cpu-tflite-vmaster-default_config/mobilenet-v1-precision_float-0.75-128/singlestream/performance/run_1' to '/home/arjun/MLC/repos/local/cache/get-mlperf-inference-results-dir_e3f7a2f6/valid_results/mini-tflite_cpp-cpu-tflite-vmaster-default_config/mobilenet-v1-precision_float-0.75-128/singlestream/performance/tmp_power/ranging'
client 2025-02-26 15:36:55,349 [INFO] Running workload in testing mode
client 2025-02-26 15:36:55,349 [INFO] Synchronizing with the server and with time.google.com...
client 2025-02-26 15:36:55,371 [INFO] NTP:offset = -0.015 s, delay = 0.022 s 
client 2025-02-26 15:36:55,372 [INFO] Sending command to the server: 'time'
client 2025-02-26 15:36:55,381 [INFO] Got response: '1740584215.21062'
client 2025-02-26 15:36:55,381 [INFO] The time difference between the client and the server is within range 161.403 ms..170.919 ms
client 2025-02-26 15:36:55,381 [INFO] Sending command to the server: 'session,2025-02-26_15-31-18,start,testing'
client 2025-02-26 15:37:08,481 [INFO] Got response: 'OK'
client 2025-02-26 15:37:08,481 [INFO] Sending command to the server: 'time'
client 2025-02-26 15:37:08,493 [INFO] Got response: '1740584228.3217828'
client 2025-02-26 15:37:08,493 [INFO] The time difference between the client and the server is within range 159.433 ms..171.720 ms
client 2025-02-26 15:37:08,493 [INFO] Running the workload ' MLC_MLPERF_RUN_COUNT=$(cat ${MLC_RUN_DIR}/count.txt); echo ${MLC_MLPERF_RUN_COUNT}; MLC_MLPERF_RUN_COUNT=$((MLC_MLPERF_RUN_COUNT+1)); echo ${MLC_MLPERF_RUN_COUNT} > ${MLC_RUN_DIR}/count.txt; if [ ${MLC_MLPERF_RUN_COUNT} -eq 1 ]; then export MLC_MLPERF_USER_CONF="${MLC_MLPERF_RANGING_USER_CONF}"; else export MLC_MLPERF_USER_CONF="${MLC_MLPERF_TESTING_USER_CONF}"; fi ; /home/arjun/MLC/repos/gateoverflow@mlperf-automations/script/run-all-mlperf-models/run.out'
client 2025-02-26 15:47:09,601 [INFO] Sending command to the server: 'time'
client 2025-02-26 15:47:09,613 [INFO] Got response: '1740584829.4391327'
client 2025-02-26 15:47:09,613 [INFO] The time difference between the client and the server is within range 162.497 ms..174.803 ms
client 2025-02-26 15:47:09,614 [INFO] Sending command to the server: 'session,2025-02-26_15-31-18,stop,testing'
client 2025-02-26 15:47:20,868 [INFO] Got response: 'OK'
client 2025-02-26 15:47:20,868 [INFO] Sending command to the server: 'time'
client 2025-02-26 15:47:20,877 [INFO] Got response: '1740584840.704275'
client 2025-02-26 15:47:20,877 [INFO] The time difference between the client and the server is within range 164.677 ms..173.625 ms
client 2025-02-26 15:47:20,878 [INFO] Copying loadgen logs from '/home/arjun/MLC/repos/local/cache/get-mlperf-inference-results-dir_e3f7a2f6/valid_results/mini-tflite_cpp-cpu-tflite-vmaster-default_config/mobilenet-v1-precision_float-0.75-128/singlestream/performance/run_1' to '/home/arjun/MLC/repos/local/cache/get-mlperf-inference-results-dir_e3f7a2f6/valid_results/mini-tflite_cpp-cpu-tflite-vmaster-default_config/mobilenet-v1-precision_float-0.75-128/singlestream/performance/tmp_power/run_1'
client 2025-02-26 15:47:20,879 [INFO] Done runs
