client 2025-02-27 09:22:03,954 [INFO] Creating output directory '/home/arjun/MLC/repos/local/cache/get-mlperf-inference-results-dir_e3f7a2f6/valid_results/mini-tflite_cpp-cpu-tflite-vmaster-default_config/mobilenet-v2-precision_uint8-1.0-160/singlestream/performance/tmp_power'
client 2025-02-27 09:22:03,962 [INFO] Sending command to the server: 'mlcommons/power client v3'
client 2025-02-27 09:22:03,981 [INFO] Got response: 'mlcommons/power server v3'
client 2025-02-27 09:22:03,981 [INFO] Synchronizing with the server and with time.google.com...
client 2025-02-27 09:22:04,004 [INFO] NTP:offset = -0.024 s, delay = 0.019 s 
client 2025-02-27 09:22:04,004 [INFO] Sending command to the server: 'time'
client 2025-02-27 09:22:04,018 [INFO] Got response: '1740648123.8822868'
client 2025-02-27 09:22:04,018 [INFO] The time difference between the client and the server is within range 121.988 ms..136.384 ms
client 2025-02-27 09:22:04,018 [INFO] Sending command to the server: 'new,,5fd1e068-60f5-4f20-af5f-4377c8422f34'
client 2025-02-27 09:22:04,035 [INFO] Got response: 'OK 2025-02-27_09-22-03,d5b7d870-e433-4b75-895b-939cb55a4aed'
client 2025-02-27 09:22:04,035 [INFO] Session id is '2025-02-27_09-22-03'
client 2025-02-27 09:22:04,035 [INFO] Sources: {"sources": {"__init__.py": "da39a3ee5e6b4b0d3255bfef95601890afd80709", "client.py": "33ca4f26368777ac06e01f9567b714a4b8063886", "lib/__init__.py": "da39a3ee5e6b4b0d3255bfef95601890afd80709", "lib/client.py": "ac2aa093c8e8bbc9569b9e2a3471bc64e58a2258", "lib/common.py": "611d8b29633d331eb19c9455ea3b5fa3284ed6df", "lib/external/__init__.py": "da39a3ee5e6b4b0d3255bfef95601890afd80709", "lib/external/ntplib.py": "4da8f970656505a40483206ef2b5d3dd5e81711d", "lib/server.py": "9bc9a3b6b9b716520658ac175913bcbbdb354336", "lib/source_hashes.py": "60a2e02193209e8d392803326208d5466342da18", "lib/summary.py": "602a9fedfa503e5544d27ab3b0067f235047efc3", "lib/time_sync.py": "80894ef2389e540781ff78de94db16aa4203a14e", "server.py": "c3f90f2f7eeb4db30727556d0c815ebc89b3d28b", "tests/unit/__init__.py": "da39a3ee5e6b4b0d3255bfef95601890afd80709", "tests/unit/test_server.py": "948c1995d4008bc2aa6c4046a34ffa3858d6d671", "tests/unit/test_source_hashes.py": "00468a2907583c593e6574a1f6b404e4651c221a"}, "modules": {"ptd_client_server.lib.client": "lib/client.py", "ptd_client_server.lib.common": "lib/common.py", "ptd_client_server.lib.external.ntplib": "lib/external/ntplib.py", "ptd_client_server.lib.source_hashes": "lib/source_hashes.py", "ptd_client_server.lib.summary": "lib/summary.py", "ptd_client_server.lib.time_sync": "lib/time_sync.py"}}
client 2025-02-27 09:22:04,035 [INFO] Running workload in ranging mode
client 2025-02-27 09:22:04,035 [INFO] Synchronizing with the server and with time.google.com...
client 2025-02-27 09:22:04,056 [INFO] NTP:offset = -0.024 s, delay = 0.019 s 
client 2025-02-27 09:22:04,056 [INFO] Sending command to the server: 'time'
client 2025-02-27 09:22:04,068 [INFO] Got response: '1740648123.9341872'
client 2025-02-27 09:22:04,068 [INFO] The time difference between the client and the server is within range 122.088 ms..134.320 ms
client 2025-02-27 09:22:04,068 [INFO] Sending command to the server: 'session,2025-02-27_09-22-03,start,ranging'
client 2025-02-27 09:22:28,639 [INFO] Got response: 'OK'
client 2025-02-27 09:22:28,639 [INFO] Sending command to the server: 'time'
client 2025-02-27 09:22:28,647 [INFO] Got response: '1740648148.514995'
client 2025-02-27 09:22:28,648 [INFO] The time difference between the client and the server is within range 124.837 ms..133.042 ms
client 2025-02-27 09:22:28,648 [INFO] Running the workload ' MLC_MLPERF_RUN_COUNT=$(cat ${MLC_RUN_DIR}/count.txt); echo ${MLC_MLPERF_RUN_COUNT}; MLC_MLPERF_RUN_COUNT=$((MLC_MLPERF_RUN_COUNT+1)); echo ${MLC_MLPERF_RUN_COUNT} > ${MLC_RUN_DIR}/count.txt; if [ ${MLC_MLPERF_RUN_COUNT} -eq 1 ]; then export MLC_MLPERF_USER_CONF="${MLC_MLPERF_RANGING_USER_CONF}"; else export MLC_MLPERF_USER_CONF="${MLC_MLPERF_TESTING_USER_CONF}"; fi ; /home/arjun/MLC/repos/gateoverflow@mlperf-automations/script/run-all-mlperf-models/run.out'
client 2025-02-27 09:27:29,171 [INFO] Sending command to the server: 'time'
client 2025-02-27 09:27:29,183 [INFO] Got response: '1740648449.040885'
client 2025-02-27 09:27:29,184 [INFO] The time difference between the client and the server is within range 130.555 ms..143.286 ms
client 2025-02-27 09:27:29,184 [INFO] Sending command to the server: 'session,2025-02-27_09-22-03,stop,ranging'
client 2025-02-27 09:27:40,075 [INFO] Got response: 'OK'
client 2025-02-27 09:27:40,075 [INFO] Sending command to the server: 'time'
client 2025-02-27 09:27:40,091 [INFO] Got response: '1740648459.9454348'
client 2025-02-27 09:27:40,091 [INFO] The time difference between the client and the server is within range 130.152 ms..146.383 ms
client 2025-02-27 09:27:40,096 [INFO] Copying loadgen logs from '/home/arjun/MLC/repos/local/cache/get-mlperf-inference-results-dir_e3f7a2f6/valid_results/mini-tflite_cpp-cpu-tflite-vmaster-default_config/mobilenet-v2-precision_uint8-1.0-160/singlestream/performance/run_1' to '/home/arjun/MLC/repos/local/cache/get-mlperf-inference-results-dir_e3f7a2f6/valid_results/mini-tflite_cpp-cpu-tflite-vmaster-default_config/mobilenet-v2-precision_uint8-1.0-160/singlestream/performance/tmp_power/ranging'
client 2025-02-27 09:27:40,097 [INFO] Running workload in testing mode
client 2025-02-27 09:27:40,097 [INFO] Synchronizing with the server and with time.google.com...
client 2025-02-27 09:27:40,116 [INFO] NTP:offset = -0.026 s, delay = 0.018 s 
client 2025-02-27 09:27:40,116 [INFO] Sending command to the server: 'time'
client 2025-02-27 09:27:40,128 [INFO] Got response: '1740648459.9850736'
client 2025-02-27 09:27:40,128 [INFO] The time difference between the client and the server is within range 131.136 ms..143.811 ms
client 2025-02-27 09:27:40,128 [INFO] Sending command to the server: 'session,2025-02-27_09-22-03,start,testing'
client 2025-02-27 09:27:53,286 [INFO] Got response: 'OK'
client 2025-02-27 09:27:53,286 [INFO] Sending command to the server: 'time'
client 2025-02-27 09:27:53,297 [INFO] Got response: '1740648473.155623'
client 2025-02-27 09:27:53,297 [INFO] The time difference between the client and the server is within range 130.655 ms..142.064 ms
client 2025-02-27 09:27:53,297 [INFO] Running the workload ' MLC_MLPERF_RUN_COUNT=$(cat ${MLC_RUN_DIR}/count.txt); echo ${MLC_MLPERF_RUN_COUNT}; MLC_MLPERF_RUN_COUNT=$((MLC_MLPERF_RUN_COUNT+1)); echo ${MLC_MLPERF_RUN_COUNT} > ${MLC_RUN_DIR}/count.txt; if [ ${MLC_MLPERF_RUN_COUNT} -eq 1 ]; then export MLC_MLPERF_USER_CONF="${MLC_MLPERF_RANGING_USER_CONF}"; else export MLC_MLPERF_USER_CONF="${MLC_MLPERF_TESTING_USER_CONF}"; fi ; /home/arjun/MLC/repos/gateoverflow@mlperf-automations/script/run-all-mlperf-models/run.out'
client 2025-02-27 09:37:53,843 [INFO] Sending command to the server: 'time'
client 2025-02-27 09:37:53,858 [INFO] Got response: '1740649073.7195206'
client 2025-02-27 09:37:53,858 [INFO] The time difference between the client and the server is within range 123.971 ms..139.348 ms
client 2025-02-27 09:37:53,859 [INFO] Sending command to the server: 'session,2025-02-27_09-22-03,stop,testing'
client 2025-02-27 09:38:04,509 [INFO] Got response: 'OK'
client 2025-02-27 09:38:04,509 [INFO] Sending command to the server: 'time'
client 2025-02-27 09:38:04,522 [INFO] Got response: '1740649084.382445'
client 2025-02-27 09:38:04,522 [INFO] The time difference between the client and the server is within range 127.398 ms..139.883 ms
client 2025-02-27 09:38:04,523 [INFO] Copying loadgen logs from '/home/arjun/MLC/repos/local/cache/get-mlperf-inference-results-dir_e3f7a2f6/valid_results/mini-tflite_cpp-cpu-tflite-vmaster-default_config/mobilenet-v2-precision_uint8-1.0-160/singlestream/performance/run_1' to '/home/arjun/MLC/repos/local/cache/get-mlperf-inference-results-dir_e3f7a2f6/valid_results/mini-tflite_cpp-cpu-tflite-vmaster-default_config/mobilenet-v2-precision_uint8-1.0-160/singlestream/performance/tmp_power/run_1'
client 2025-02-27 09:38:04,523 [INFO] Done runs
