Graph file: /home/ubuntu/MLC/repos/local/cache/get-ml-model-mobilenet_939633ad/mobilenet_v1_0.5_192.tflite
Image dir: /home/ubuntu/MLC/repos/local/cache/get-preprocessed-dataset-imagenet_991d833a
Image list: /home/ubuntu/MLC/repos/local/cache/get-preprocessed-dataset-imagenet_991d833a/preprocessed_files.txt
Image size: 192
Image channels: 3
Prediction classes: 1000
Result dir: /home/ubuntu/MLC/repos/local/cache/get-mlperf-inference-results-dir_190836f5/valid_results/i_0b34e15bb23c33420-tflite_cpp-cpu-tflite-vmaster-default_config/mobilenet-v1-precision_float-0.5-192/singlestream/accuracy
How many images fit in memory buffer: 1024
Normalize: 1
Subtract mean: 0
Run time preprocessing: 0
Number of Threads: 8
Number of available imagefiles: 50000

Loading graph...
INFO: Created TensorFlow Lite XNNPACK delegate for CPU.
Input tensor dimensions (NHWC): 1*192*192*3
Output tensor dimensions: 1*1001
Path to user.conf : /home/ubuntu/MLC/repos/gateoverflow@mlperf-automations/script/generate-mlperf-inference-user-conf/tmp/8772a86db2c944b89c3992b1c725aef7.conf
Model Name: mobilenet
LoadGen Scenario: SingleStream
LoadGen Mode: accuracy
