Couldn't find any of the following OpenCL library: libOpenCL.so libGLES_mali.so libmali.so 
Graph file: /home/ubuntu/MLC/repos/local/cache/get-ml-model-mobilenet_d9b9b3ea/v2_128_50/model.tflite
Image dir: /home/ubuntu/MLC/repos/local/cache/get-preprocessed-dataset-imagenet_9d44ae69
Image list: /home/ubuntu/MLC/repos/local/cache/get-preprocessed-dataset-imagenet_9d44ae69/preprocessed_files.txt
Image size: 128
Image channels: 3
Prediction classes: 1000
Result dir: /home/ubuntu/MLC/repos/local/cache/get-mlperf-inference-results-dir_ec3d359d/valid_results/i_00c09798a21359d07-tflite_armnn_cpp-cpu-armnn_tflite-v23.11-using_neon/mobilenet-v2-precision_uint8-0.5-128/singlestream/performance/run_1
How many images fit in memory buffer: 1024
Normalize: 1
Subtract mean: 0
Run time preprocessing: 1
Number of Threads: 4
Number of available imagefiles: 50000

Loading graph...
Output tensor dimensions: 1*1001
Path to mlperf.conf : /home/ubuntu/MLC/repos/local/cache/get-git-repo_20300b00/inference/mlperf.conf
Path to user.conf : /home/ubuntu/MLC/repos/gateoverflow@mlperf-automations/script/generate-mlperf-inference-user-conf/tmp/cd3f9e7ca1d648e1976ef9f438f02917.conf
Model Name: mobilenet
LoadGen Scenario: SingleStream
LoadGen Mode: performance
