Graph file: /home/ubuntu/MLC/repos/local/cache/get-ml-model-efficientnet-lite_af37add7/efficientnet-lite4/efficientnet-lite4-fp32.tflite
Image dir: /home/ubuntu/MLC/repos/local/cache/get-preprocessed-dataset-imagenet_81c1684d
Image list: /home/ubuntu/MLC/repos/local/cache/get-preprocessed-dataset-imagenet_81c1684d/preprocessed_files.txt
Image size: 300
Image channels: 3
Prediction classes: 1000
Result dir: /home/ubuntu/MLC/repos/local/cache/get-mlperf-inference-results-dir_190836f5/valid_results/i_0b34e15bb23c33420-tflite_cpp-cpu-tflite-vmaster-with_live_preprocessing/efficientnet-fp32-lite4/singlestream/accuracy
How many images fit in memory buffer: 1024
Normalize: 1
Subtract mean: 0
Run time preprocessing: 1
Number of Threads: 8
Number of available imagefiles: 50000

Loading graph...
INFO: Created TensorFlow Lite XNNPACK delegate for CPU.
Input tensor dimensions (NHWC): 1*300*300*3
Output tensor dimensions: 1*1000
Path to user.conf : /home/ubuntu/MLC/repos/gateoverflow@mlperf-automations/script/generate-mlperf-inference-user-conf/tmp/687177d4d9a445fda5066f1b9b6338d2.conf
Model Name: efficientnet
LoadGen Scenario: SingleStream
LoadGen Mode: accuracy
