Graph file: /home/kingjuno/MLC/repos/local/cache/get-ml-model-mobilenet_8d89e056/mobilenet_v2_0.5_192.tflite
Image dir: /home/kingjuno/MLC/repos/local/cache/get-preprocessed-dataset-imagenet_abd026be
Image list: /home/kingjuno/MLC/repos/local/cache/get-preprocessed-dataset-imagenet_abd026be/preprocessed_files.txt
Image size: 192
Image channels: 3
Prediction classes: 1000
Result dir: /home/kingjuno/MLC/repos/local/cache/get-mlperf-inference-results-dir_69aa4cf9/valid_results/MLC-tflite_cpp-cpu-tflite-vmaster-default_config/mobilenet-v2-precision_float-0.5-192/singlestream/accuracy
How many images fit in memory buffer: 1024
Normalize: 1
Subtract mean: 0
Run time preprocessing: 0
Number of Threads: 1
Number of available imagefiles: 50000

Loading graph...
INFO: Created TensorFlow Lite XNNPACK delegate for CPU.
Input tensor dimensions (NHWC): 1*192*192*3
Output tensor dimensions: 1*1001
Path to user.conf : /home/kingjuno/MLC/repos/mlcommons@mlperf-automations/script/generate-mlperf-inference-user-conf/tmp/e16962f2bf0b4507b54e451f4eeb89aa.conf
Model Name: mobilenet
LoadGen Scenario: SingleStream
LoadGen Mode: accuracy
