client 2025-02-28 00:50:58,796 [INFO] Creating output directory '/home/arjun/MLC/repos/local/cache/get-mlperf-inference-results-dir_e3f7a2f6/valid_results/mini-tflite_cpp-cpu-tflite-vmaster-with_live_preprocessing/mobilenet-v2-precision_float-0.75-160/singlestream/performance/tmp_power'
client 2025-02-28 00:50:58,804 [INFO] Sending command to the server: 'mlcommons/power client v3'
client 2025-02-28 00:50:58,816 [INFO] Got response: 'mlcommons/power server v3'
client 2025-02-28 00:50:58,817 [INFO] Synchronizing with the server and with time.google.com...
client 2025-02-28 00:50:58,853 [INFO] NTP:offset = -0.009 s, delay = 0.032 s 
client 2025-02-28 00:50:58,853 [INFO] Sending command to the server: 'time'
client 2025-02-28 00:50:58,873 [INFO] Got response: '1740703858.5502121'
client 2025-02-28 00:50:58,873 [INFO] The time difference between the client and the server is within range 303.562 ms..322.986 ms
client 2025-02-28 00:50:58,873 [INFO] Sending command to the server: 'new,,07af6018-024f-4036-9f23-98c4c985ce7b'
client 2025-02-28 00:50:58,888 [INFO] Got response: 'OK 2025-02-28_00-50-58,a2e48299-62fc-4385-9b81-82efbc5d07ea'
client 2025-02-28 00:50:58,888 [INFO] Session id is '2025-02-28_00-50-58'
client 2025-02-28 00:50:58,888 [INFO] Sources: {"sources": {"__init__.py": "da39a3ee5e6b4b0d3255bfef95601890afd80709", "client.py": "33ca4f26368777ac06e01f9567b714a4b8063886", "lib/__init__.py": "da39a3ee5e6b4b0d3255bfef95601890afd80709", "lib/client.py": "ac2aa093c8e8bbc9569b9e2a3471bc64e58a2258", "lib/common.py": "611d8b29633d331eb19c9455ea3b5fa3284ed6df", "lib/external/__init__.py": "da39a3ee5e6b4b0d3255bfef95601890afd80709", "lib/external/ntplib.py": "4da8f970656505a40483206ef2b5d3dd5e81711d", "lib/server.py": "9bc9a3b6b9b716520658ac175913bcbbdb354336", "lib/source_hashes.py": "60a2e02193209e8d392803326208d5466342da18", "lib/summary.py": "602a9fedfa503e5544d27ab3b0067f235047efc3", "lib/time_sync.py": "80894ef2389e540781ff78de94db16aa4203a14e", "server.py": "c3f90f2f7eeb4db30727556d0c815ebc89b3d28b", "tests/unit/__init__.py": "da39a3ee5e6b4b0d3255bfef95601890afd80709", "tests/unit/test_server.py": "948c1995d4008bc2aa6c4046a34ffa3858d6d671", "tests/unit/test_source_hashes.py": "00468a2907583c593e6574a1f6b404e4651c221a"}, "modules": {"ptd_client_server.lib.client": "lib/client.py", "ptd_client_server.lib.common": "lib/common.py", "ptd_client_server.lib.external.ntplib": "lib/external/ntplib.py", "ptd_client_server.lib.source_hashes": "lib/source_hashes.py", "ptd_client_server.lib.summary": "lib/summary.py", "ptd_client_server.lib.time_sync": "lib/time_sync.py"}}
client 2025-02-28 00:50:58,888 [INFO] Running workload in ranging mode
client 2025-02-28 00:50:58,888 [INFO] Synchronizing with the server and with time.google.com...
client 2025-02-28 00:50:58,917 [INFO] NTP:offset = -0.005 s, delay = 0.027 s 
client 2025-02-28 00:50:58,918 [INFO] Sending command to the server: 'time'
client 2025-02-28 00:50:58,929 [INFO] Got response: '1740703858.6074905'
client 2025-02-28 00:50:58,930 [INFO] The time difference between the client and the server is within range 310.608 ms..322.556 ms
client 2025-02-28 00:50:58,930 [INFO] Sending command to the server: 'session,2025-02-28_00-50-58,start,ranging'
client 2025-02-28 00:51:23,801 [INFO] Got response: 'OK'
client 2025-02-28 00:51:23,802 [INFO] Sending command to the server: 'time'
client 2025-02-28 00:51:23,816 [INFO] Got response: '1740703883.4957156'
client 2025-02-28 00:51:23,817 [INFO] The time difference between the client and the server is within range 306.346 ms..321.454 ms
client 2025-02-28 00:51:23,817 [INFO] Running the workload ' MLC_MLPERF_RUN_COUNT=$(cat ${MLC_RUN_DIR}/count.txt); echo ${MLC_MLPERF_RUN_COUNT}; MLC_MLPERF_RUN_COUNT=$((MLC_MLPERF_RUN_COUNT+1)); echo ${MLC_MLPERF_RUN_COUNT} > ${MLC_RUN_DIR}/count.txt; if [ ${MLC_MLPERF_RUN_COUNT} -eq 1 ]; then export MLC_MLPERF_USER_CONF="${MLC_MLPERF_RANGING_USER_CONF}"; else export MLC_MLPERF_USER_CONF="${MLC_MLPERF_TESTING_USER_CONF}"; fi ; /home/arjun/MLC/repos/gateoverflow@mlperf-automations/script/run-all-mlperf-models/run.out'
client 2025-02-28 00:56:25,021 [INFO] Sending command to the server: 'time'
client 2025-02-28 00:56:25,036 [INFO] Got response: '1740704184.7092707'
client 2025-02-28 00:56:25,036 [INFO] The time difference between the client and the server is within range 312.041 ms..327.329 ms
client 2025-02-28 00:56:25,036 [INFO] Sending command to the server: 'session,2025-02-28_00-50-58,stop,ranging'
client 2025-02-28 00:56:36,328 [INFO] Got response: 'OK'
client 2025-02-28 00:56:36,328 [INFO] Sending command to the server: 'time'
client 2025-02-28 00:56:36,348 [INFO] Got response: '1740704196.0137115'
client 2025-02-28 00:56:36,348 [INFO] The time difference between the client and the server is within range 314.634 ms..334.629 ms
client 2025-02-28 00:56:36,352 [INFO] Copying loadgen logs from '/home/arjun/MLC/repos/local/cache/get-mlperf-inference-results-dir_e3f7a2f6/valid_results/mini-tflite_cpp-cpu-tflite-vmaster-with_live_preprocessing/mobilenet-v2-precision_float-0.75-160/singlestream/performance/run_1' to '/home/arjun/MLC/repos/local/cache/get-mlperf-inference-results-dir_e3f7a2f6/valid_results/mini-tflite_cpp-cpu-tflite-vmaster-with_live_preprocessing/mobilenet-v2-precision_float-0.75-160/singlestream/performance/tmp_power/ranging'
client 2025-02-28 00:56:36,353 [INFO] Running workload in testing mode
client 2025-02-28 00:56:36,353 [INFO] Synchronizing with the server and with time.google.com...
client 2025-02-28 00:56:36,377 [INFO] NTP:offset = -0.005 s, delay = 0.023 s 
client 2025-02-28 00:56:36,377 [INFO] Sending command to the server: 'time'
client 2025-02-28 00:56:36,392 [INFO] Got response: '1740704196.0628567'
client 2025-02-28 00:56:36,392 [INFO] The time difference between the client and the server is within range 314.392 ms..329.494 ms
client 2025-02-28 00:56:36,392 [INFO] Sending command to the server: 'session,2025-02-28_00-50-58,start,testing'
client 2025-02-28 00:56:49,640 [INFO] Got response: 'OK'
client 2025-02-28 00:56:49,640 [INFO] Sending command to the server: 'time'
client 2025-02-28 00:56:49,656 [INFO] Got response: '1740704209.329'
client 2025-02-28 00:56:49,657 [INFO] The time difference between the client and the server is within range 311.311 ms..328.063 ms
client 2025-02-28 00:56:49,657 [INFO] Running the workload ' MLC_MLPERF_RUN_COUNT=$(cat ${MLC_RUN_DIR}/count.txt); echo ${MLC_MLPERF_RUN_COUNT}; MLC_MLPERF_RUN_COUNT=$((MLC_MLPERF_RUN_COUNT+1)); echo ${MLC_MLPERF_RUN_COUNT} > ${MLC_RUN_DIR}/count.txt; if [ ${MLC_MLPERF_RUN_COUNT} -eq 1 ]; then export MLC_MLPERF_USER_CONF="${MLC_MLPERF_RANGING_USER_CONF}"; else export MLC_MLPERF_USER_CONF="${MLC_MLPERF_TESTING_USER_CONF}"; fi ; /home/arjun/MLC/repos/gateoverflow@mlperf-automations/script/run-all-mlperf-models/run.out'
client 2025-02-28 01:06:51,538 [INFO] Sending command to the server: 'time'
client 2025-02-28 01:06:51,555 [INFO] Got response: '1740704811.2187274'
client 2025-02-28 01:06:51,555 [INFO] The time difference between the client and the server is within range 319.987 ms..336.443 ms
client 2025-02-28 01:06:51,555 [INFO] Sending command to the server: 'session,2025-02-28_00-50-58,stop,testing'
client 2025-02-28 01:07:02,718 [INFO] Got response: 'OK'
client 2025-02-28 01:07:02,718 [INFO] Sending command to the server: 'time'
client 2025-02-28 01:07:02,729 [INFO] Got response: '1740704822.393752'
client 2025-02-28 01:07:02,729 [INFO] The time difference between the client and the server is within range 325.031 ms..336.109 ms
client 2025-02-28 01:07:02,730 [INFO] Copying loadgen logs from '/home/arjun/MLC/repos/local/cache/get-mlperf-inference-results-dir_e3f7a2f6/valid_results/mini-tflite_cpp-cpu-tflite-vmaster-with_live_preprocessing/mobilenet-v2-precision_float-0.75-160/singlestream/performance/run_1' to '/home/arjun/MLC/repos/local/cache/get-mlperf-inference-results-dir_e3f7a2f6/valid_results/mini-tflite_cpp-cpu-tflite-vmaster-with_live_preprocessing/mobilenet-v2-precision_float-0.75-160/singlestream/performance/tmp_power/run_1'
client 2025-02-28 01:07:02,731 [INFO] Done runs
