client 2025-02-27 13:10:12,421 [INFO] Creating output directory '/home/arjun/MLC/repos/local/cache/get-mlperf-inference-results-dir_e3f7a2f6/valid_results/mini-tflite_cpp-cpu-tflite-vmaster-default_config/mobilenet-v2-precision_uint8-0.35-160/singlestream/performance/tmp_power'
client 2025-02-27 13:10:12,429 [INFO] Sending command to the server: 'mlcommons/power client v3'
client 2025-02-27 13:10:12,439 [INFO] Got response: 'mlcommons/power server v3'
client 2025-02-27 13:10:12,440 [INFO] Synchronizing with the server and with time.google.com...
client 2025-02-27 13:10:12,475 [INFO] NTP:offset = -0.004 s, delay = 0.019 s 
client 2025-02-27 13:10:12,475 [INFO] Sending command to the server: 'time'
client 2025-02-27 13:10:12,489 [INFO] Got response: '1740661812.3040464'
client 2025-02-27 13:10:12,489 [INFO] The time difference between the client and the server is within range 171.279 ms..185.349 ms
client 2025-02-27 13:10:12,489 [INFO] Sending command to the server: 'new,,c8c8cdca-c64b-4b34-85c9-78400a016c87'
client 2025-02-27 13:10:12,506 [INFO] Got response: 'OK 2025-02-27_13-10-12,cbef4a59-f5a4-4cc1-8a9b-612f8476a98d'
client 2025-02-27 13:10:12,506 [INFO] Session id is '2025-02-27_13-10-12'
client 2025-02-27 13:10:12,506 [INFO] Sources: {"sources": {"__init__.py": "da39a3ee5e6b4b0d3255bfef95601890afd80709", "client.py": "33ca4f26368777ac06e01f9567b714a4b8063886", "lib/__init__.py": "da39a3ee5e6b4b0d3255bfef95601890afd80709", "lib/client.py": "ac2aa093c8e8bbc9569b9e2a3471bc64e58a2258", "lib/common.py": "611d8b29633d331eb19c9455ea3b5fa3284ed6df", "lib/external/__init__.py": "da39a3ee5e6b4b0d3255bfef95601890afd80709", "lib/external/ntplib.py": "4da8f970656505a40483206ef2b5d3dd5e81711d", "lib/server.py": "9bc9a3b6b9b716520658ac175913bcbbdb354336", "lib/source_hashes.py": "60a2e02193209e8d392803326208d5466342da18", "lib/summary.py": "602a9fedfa503e5544d27ab3b0067f235047efc3", "lib/time_sync.py": "80894ef2389e540781ff78de94db16aa4203a14e", "server.py": "c3f90f2f7eeb4db30727556d0c815ebc89b3d28b", "tests/unit/__init__.py": "da39a3ee5e6b4b0d3255bfef95601890afd80709", "tests/unit/test_server.py": "948c1995d4008bc2aa6c4046a34ffa3858d6d671", "tests/unit/test_source_hashes.py": "00468a2907583c593e6574a1f6b404e4651c221a"}, "modules": {"ptd_client_server.lib.client": "lib/client.py", "ptd_client_server.lib.common": "lib/common.py", "ptd_client_server.lib.external.ntplib": "lib/external/ntplib.py", "ptd_client_server.lib.source_hashes": "lib/source_hashes.py", "ptd_client_server.lib.summary": "lib/summary.py", "ptd_client_server.lib.time_sync": "lib/time_sync.py"}}
client 2025-02-27 13:10:12,507 [INFO] Running workload in ranging mode
client 2025-02-27 13:10:12,507 [INFO] Synchronizing with the server and with time.google.com...
client 2025-02-27 13:10:12,526 [INFO] NTP:offset = -0.005 s, delay = 0.018 s 
client 2025-02-27 13:10:12,526 [INFO] Sending command to the server: 'time'
client 2025-02-27 13:10:12,538 [INFO] Got response: '1740661812.3532412'
client 2025-02-27 13:10:12,539 [INFO] The time difference between the client and the server is within range 173.304 ms..185.879 ms
client 2025-02-27 13:10:12,539 [INFO] Sending command to the server: 'session,2025-02-27_13-10-12,start,ranging'
client 2025-02-27 13:10:37,082 [INFO] Got response: 'OK'
client 2025-02-27 13:10:37,083 [INFO] Sending command to the server: 'time'
client 2025-02-27 13:10:37,095 [INFO] Got response: '1740661836.9103756'
client 2025-02-27 13:10:37,096 [INFO] The time difference between the client and the server is within range 172.735 ms..185.645 ms
client 2025-02-27 13:10:37,096 [INFO] Running the workload ' MLC_MLPERF_RUN_COUNT=$(cat ${MLC_RUN_DIR}/count.txt); echo ${MLC_MLPERF_RUN_COUNT}; MLC_MLPERF_RUN_COUNT=$((MLC_MLPERF_RUN_COUNT+1)); echo ${MLC_MLPERF_RUN_COUNT} > ${MLC_RUN_DIR}/count.txt; if [ ${MLC_MLPERF_RUN_COUNT} -eq 1 ]; then export MLC_MLPERF_USER_CONF="${MLC_MLPERF_RANGING_USER_CONF}"; else export MLC_MLPERF_USER_CONF="${MLC_MLPERF_TESTING_USER_CONF}"; fi ; /home/arjun/MLC/repos/gateoverflow@mlperf-automations/script/run-all-mlperf-models/run.out'
client 2025-02-27 13:15:38,025 [INFO] Sending command to the server: 'time'
client 2025-02-27 13:15:38,043 [INFO] Got response: '1740662137.8489828'
client 2025-02-27 13:15:38,043 [INFO] The time difference between the client and the server is within range 176.284 ms..194.711 ms
client 2025-02-27 13:15:38,043 [INFO] Sending command to the server: 'session,2025-02-27_13-10-12,stop,ranging'
client 2025-02-27 13:15:48,575 [INFO] Got response: 'OK'
client 2025-02-27 13:15:48,576 [INFO] Sending command to the server: 'time'
client 2025-02-27 13:15:48,588 [INFO] Got response: '1740662148.3982818'
client 2025-02-27 13:15:48,588 [INFO] The time difference between the client and the server is within range 177.880 ms..190.640 ms
client 2025-02-27 13:15:48,593 [INFO] Copying loadgen logs from '/home/arjun/MLC/repos/local/cache/get-mlperf-inference-results-dir_e3f7a2f6/valid_results/mini-tflite_cpp-cpu-tflite-vmaster-default_config/mobilenet-v2-precision_uint8-0.35-160/singlestream/performance/run_1' to '/home/arjun/MLC/repos/local/cache/get-mlperf-inference-results-dir_e3f7a2f6/valid_results/mini-tflite_cpp-cpu-tflite-vmaster-default_config/mobilenet-v2-precision_uint8-0.35-160/singlestream/performance/tmp_power/ranging'
client 2025-02-27 13:15:48,593 [INFO] Running workload in testing mode
client 2025-02-27 13:15:48,593 [INFO] Synchronizing with the server and with time.google.com...
client 2025-02-27 13:15:48,617 [INFO] NTP:offset = -0.003 s, delay = 0.023 s 
client 2025-02-27 13:15:48,617 [INFO] Sending command to the server: 'time'
client 2025-02-27 13:15:48,637 [INFO] Got response: '1740662148.4411464'
client 2025-02-27 13:15:48,637 [INFO] The time difference between the client and the server is within range 176.565 ms..196.258 ms
client 2025-02-27 13:15:48,637 [INFO] Sending command to the server: 'session,2025-02-27_13-10-12,start,testing'
client 2025-02-27 13:16:01,885 [INFO] Got response: 'OK'
client 2025-02-27 13:16:01,886 [INFO] Sending command to the server: 'time'
client 2025-02-27 13:16:01,897 [INFO] Got response: '1740662161.707499'
client 2025-02-27 13:16:01,897 [INFO] The time difference between the client and the server is within range 178.589 ms..190.142 ms
client 2025-02-27 13:16:01,897 [INFO] Running the workload ' MLC_MLPERF_RUN_COUNT=$(cat ${MLC_RUN_DIR}/count.txt); echo ${MLC_MLPERF_RUN_COUNT}; MLC_MLPERF_RUN_COUNT=$((MLC_MLPERF_RUN_COUNT+1)); echo ${MLC_MLPERF_RUN_COUNT} > ${MLC_RUN_DIR}/count.txt; if [ ${MLC_MLPERF_RUN_COUNT} -eq 1 ]; then export MLC_MLPERF_USER_CONF="${MLC_MLPERF_RANGING_USER_CONF}"; else export MLC_MLPERF_USER_CONF="${MLC_MLPERF_TESTING_USER_CONF}"; fi ; /home/arjun/MLC/repos/gateoverflow@mlperf-automations/script/run-all-mlperf-models/run.out'
client 2025-02-27 13:26:03,244 [INFO] Sending command to the server: 'time'
client 2025-02-27 13:26:03,261 [INFO] Got response: '1740662763.0604777'
client 2025-02-27 13:26:03,261 [INFO] The time difference between the client and the server is within range 184.403 ms..201.455 ms
client 2025-02-27 13:26:03,262 [INFO] Sending command to the server: 'session,2025-02-27_13-10-12,stop,testing'
client 2025-02-27 13:26:14,036 [INFO] Got response: 'OK'
client 2025-02-27 13:26:14,036 [INFO] Sending command to the server: 'time'
client 2025-02-27 13:26:14,046 [INFO] Got response: '1740662773.8472862'
client 2025-02-27 13:26:14,046 [INFO] The time difference between the client and the server is within range 189.127 ms..199.433 ms
client 2025-02-27 13:26:14,047 [INFO] Copying loadgen logs from '/home/arjun/MLC/repos/local/cache/get-mlperf-inference-results-dir_e3f7a2f6/valid_results/mini-tflite_cpp-cpu-tflite-vmaster-default_config/mobilenet-v2-precision_uint8-0.35-160/singlestream/performance/run_1' to '/home/arjun/MLC/repos/local/cache/get-mlperf-inference-results-dir_e3f7a2f6/valid_results/mini-tflite_cpp-cpu-tflite-vmaster-default_config/mobilenet-v2-precision_uint8-0.35-160/singlestream/performance/tmp_power/run_1'
client 2025-02-27 13:26:14,048 [INFO] Done runs
