Graph file: /home/mlcuser/MLC/repos/local/cache/get-ml-model-mobilenet_d02df29d/mobilenet_v2_0.35_192.tflite
Image dir: /home/mlcuser/MLC/repos/local/cache/get-preprocessed-dataset-imagenet_bc6d111e
Image list: /home/mlcuser/MLC/repos/local/cache/get-preprocessed-dataset-imagenet_bc6d111e/preprocessed_files.txt
Image size: 192
Image channels: 3
Prediction classes: 1000
Result dir: /home/mlcuser/MLC/repos/local/cache/get-mlperf-inference-results-dir_37516274/valid_results/ad646a7dd6e1-tflite_cpp-cpu-tflite-vmaster-with_live_preprocessing/mobilenet-v2-precision_float-0.35-192/singlestream/performance/run_1
How many images fit in memory buffer: 1024
Normalize: 1
Subtract mean: 0
Run time preprocessing: 1
Number of Threads: 32
Number of available imagefiles: 50000

Loading graph...
INFO: Created TensorFlow Lite XNNPACK delegate for CPU.
Input tensor dimensions (NHWC): 1*192*192*3
Output tensor dimensions: 1*1001
Path to user.conf : /home/mlcuser/MLC/repos/gateoverflow@mlperf-automations/script/generate-mlperf-inference-user-conf/tmp/d13aa67bfcce4e5e92c0c5175e2a1f5c.conf
Model Name: mobilenet
LoadGen Scenario: SingleStream
LoadGen Mode: performance
