Graph file: /home/mlcuser/MLC/repos/local/cache/get-ml-model-mobilenet_b152989d/mobilenet_v1_0.5_160.tflite
Image dir: /home/mlcuser/MLC/repos/local/cache/get-preprocessed-dataset-imagenet_d5c28cb8
Image list: /home/mlcuser/MLC/repos/local/cache/get-preprocessed-dataset-imagenet_d5c28cb8/preprocessed_files.txt
Image size: 160
Image channels: 3
Prediction classes: 1000
Result dir: /home/mlcuser/MLC/repos/local/cache/get-mlperf-inference-results-dir_efb60c2c/valid_results/8a15d68f4cec-tflite_cpp-cpu-tflite-vmaster-default_config/mobilenet-v1-precision_float-0.5-160/singlestream/performance/run_1
How many images fit in memory buffer: 1024
Normalize: 1
Subtract mean: 0
Run time preprocessing: 0
Number of Threads: 16
Number of available imagefiles: 50000

Loading graph...
INFO: Created TensorFlow Lite XNNPACK delegate for CPU.
Input tensor dimensions (NHWC): 1*160*160*3
Output tensor dimensions: 1*1001
Path to user.conf : /home/mlcuser/MLC/repos/gateoverflow@mlperf-automations/script/generate-mlperf-inference-user-conf/tmp/2d3e35c585d34a42b2d99dc3f1a1baa0.conf
Model Name: mobilenet
LoadGen Scenario: SingleStream
LoadGen Mode: performance
