Couldn't find any of the following OpenCL library: libOpenCL.so libGLES_mali.so libmali.so 
Graph file: /home/ubuntu/MLC/repos/local/cache/get-ml-model-mobilenet_872f9224/mobilenet_v1_0.75_224_quant.tflite
Image dir: /home/ubuntu/MLC/repos/local/cache/get-preprocessed-dataset-imagenet_8f25f81e
Image list: /home/ubuntu/MLC/repos/local/cache/get-preprocessed-dataset-imagenet_8f25f81e/preprocessed_files.txt
Image size: 224
Image channels: 3
Prediction classes: 1000
Result dir: /home/ubuntu/MLC/repos/local/cache/get-mlperf-inference-results-dir_bbc2da9d/valid_results/i_0105fe16c85a62b64-tflite_armnn_cpp-cpu-armnn_tflite-v23.11-using_neon/mobilenet-v1-precision_uint8-0.75-224/singlestream/accuracy
How many images fit in memory buffer: 1024
Normalize: 1
Subtract mean: 0
Run time preprocessing: 1
Number of Threads: 16
Number of available imagefiles: 50000

Loading graph...
Output tensor dimensions: 1*1001
Path to mlperf.conf : /home/ubuntu/MLC/repos/local/cache/get-git-repo_4541f65a/inference/mlperf.conf
Path to user.conf : /home/ubuntu/MLC/repos/gateoverflow@mlperf-automations/script/generate-mlperf-inference-user-conf/tmp/da1c9820a8f84a258e9aee88f0833947.conf
Model Name: mobilenet
LoadGen Scenario: SingleStream
LoadGen Mode: accuracy
