client 2025-02-27 04:38:09,911 [INFO] Creating output directory '/home/arjun/MLC/repos/local/cache/get-mlperf-inference-results-dir_e3f7a2f6/valid_results/mini-tflite_cpp-cpu-tflite-vmaster-default_config/mobilenet-v1-precision_uint8-0.75-160/singlestream/performance/tmp_power'
client 2025-02-27 04:38:09,922 [INFO] Sending command to the server: 'mlcommons/power client v3'
client 2025-02-27 04:38:09,931 [INFO] Got response: 'mlcommons/power server v3'
client 2025-02-27 04:38:09,931 [INFO] Synchronizing with the server and with time.google.com...
client 2025-02-27 04:38:09,956 [INFO] NTP:offset = -0.003 s, delay = 0.021 s 
client 2025-02-27 04:38:09,956 [INFO] Sending command to the server: 'time'
client 2025-02-27 04:38:09,966 [INFO] Got response: '1740631089.7206242'
client 2025-02-27 04:38:09,966 [INFO] The time difference between the client and the server is within range 236.216 ms..246.256 ms
client 2025-02-27 04:38:09,967 [INFO] Sending command to the server: 'new,,d1d97c63-372f-4bcb-a705-1c72a1dd1f2f'
client 2025-02-27 04:38:09,979 [INFO] Got response: 'OK 2025-02-27_04-38-09,e6c71fe9-219a-476b-ad8f-472fabb572cb'
client 2025-02-27 04:38:09,979 [INFO] Session id is '2025-02-27_04-38-09'
client 2025-02-27 04:38:09,979 [INFO] Sources: {"sources": {"__init__.py": "da39a3ee5e6b4b0d3255bfef95601890afd80709", "client.py": "33ca4f26368777ac06e01f9567b714a4b8063886", "lib/__init__.py": "da39a3ee5e6b4b0d3255bfef95601890afd80709", "lib/client.py": "ac2aa093c8e8bbc9569b9e2a3471bc64e58a2258", "lib/common.py": "611d8b29633d331eb19c9455ea3b5fa3284ed6df", "lib/external/__init__.py": "da39a3ee5e6b4b0d3255bfef95601890afd80709", "lib/external/ntplib.py": "4da8f970656505a40483206ef2b5d3dd5e81711d", "lib/server.py": "9bc9a3b6b9b716520658ac175913bcbbdb354336", "lib/source_hashes.py": "60a2e02193209e8d392803326208d5466342da18", "lib/summary.py": "602a9fedfa503e5544d27ab3b0067f235047efc3", "lib/time_sync.py": "80894ef2389e540781ff78de94db16aa4203a14e", "server.py": "c3f90f2f7eeb4db30727556d0c815ebc89b3d28b", "tests/unit/__init__.py": "da39a3ee5e6b4b0d3255bfef95601890afd80709", "tests/unit/test_server.py": "948c1995d4008bc2aa6c4046a34ffa3858d6d671", "tests/unit/test_source_hashes.py": "00468a2907583c593e6574a1f6b404e4651c221a"}, "modules": {"ptd_client_server.lib.client": "lib/client.py", "ptd_client_server.lib.common": "lib/common.py", "ptd_client_server.lib.external.ntplib": "lib/external/ntplib.py", "ptd_client_server.lib.source_hashes": "lib/source_hashes.py", "ptd_client_server.lib.summary": "lib/summary.py", "ptd_client_server.lib.time_sync": "lib/time_sync.py"}}
client 2025-02-27 04:38:09,979 [INFO] Running workload in ranging mode
client 2025-02-27 04:38:09,979 [INFO] Synchronizing with the server and with time.google.com...
client 2025-02-27 04:38:10,000 [INFO] NTP:offset = -0.004 s, delay = 0.019 s 
client 2025-02-27 04:38:10,000 [INFO] Sending command to the server: 'time'
client 2025-02-27 04:38:10,013 [INFO] Got response: '1740631089.7672882'
client 2025-02-27 04:38:10,013 [INFO] The time difference between the client and the server is within range 233.255 ms..246.603 ms
client 2025-02-27 04:38:10,014 [INFO] Sending command to the server: 'session,2025-02-27_04-38-09,start,ranging'
client 2025-02-27 04:38:35,227 [INFO] Got response: 'OK'
client 2025-02-27 04:38:35,228 [INFO] Sending command to the server: 'time'
client 2025-02-27 04:38:35,241 [INFO] Got response: '1740631114.993302'
client 2025-02-27 04:38:35,241 [INFO] The time difference between the client and the server is within range 234.688 ms..248.530 ms
client 2025-02-27 04:38:35,241 [INFO] Running the workload ' MLC_MLPERF_RUN_COUNT=$(cat ${MLC_RUN_DIR}/count.txt); echo ${MLC_MLPERF_RUN_COUNT}; MLC_MLPERF_RUN_COUNT=$((MLC_MLPERF_RUN_COUNT+1)); echo ${MLC_MLPERF_RUN_COUNT} > ${MLC_RUN_DIR}/count.txt; if [ ${MLC_MLPERF_RUN_COUNT} -eq 1 ]; then export MLC_MLPERF_USER_CONF="${MLC_MLPERF_RANGING_USER_CONF}"; else export MLC_MLPERF_USER_CONF="${MLC_MLPERF_TESTING_USER_CONF}"; fi ; /home/arjun/MLC/repos/gateoverflow@mlperf-automations/script/run-all-mlperf-models/run.out'
client 2025-02-27 04:43:38,708 [INFO] Sending command to the server: 'time'
client 2025-02-27 04:43:38,723 [INFO] Got response: '1740631418.4711282'
client 2025-02-27 04:43:38,723 [INFO] The time difference between the client and the server is within range 237.315 ms..252.525 ms
client 2025-02-27 04:43:38,723 [INFO] Sending command to the server: 'session,2025-02-27_04-38-09,stop,ranging'
client 2025-02-27 04:43:49,800 [INFO] Got response: 'OK'
client 2025-02-27 04:43:49,800 [INFO] Sending command to the server: 'time'
client 2025-02-27 04:43:49,819 [INFO] Got response: '1740631429.5649705'
client 2025-02-27 04:43:49,819 [INFO] The time difference between the client and the server is within range 235.969 ms..254.529 ms
client 2025-02-27 04:43:49,823 [INFO] Copying loadgen logs from '/home/arjun/MLC/repos/local/cache/get-mlperf-inference-results-dir_e3f7a2f6/valid_results/mini-tflite_cpp-cpu-tflite-vmaster-default_config/mobilenet-v1-precision_uint8-0.75-160/singlestream/performance/run_1' to '/home/arjun/MLC/repos/local/cache/get-mlperf-inference-results-dir_e3f7a2f6/valid_results/mini-tflite_cpp-cpu-tflite-vmaster-default_config/mobilenet-v1-precision_uint8-0.75-160/singlestream/performance/tmp_power/ranging'
client 2025-02-27 04:43:49,824 [INFO] Running workload in testing mode
client 2025-02-27 04:43:49,824 [INFO] Synchronizing with the server and with time.google.com...
client 2025-02-27 04:43:49,846 [INFO] NTP:offset = -0.004 s, delay = 0.020 s 
client 2025-02-27 04:43:49,846 [INFO] Sending command to the server: 'time'
client 2025-02-27 04:43:49,857 [INFO] Got response: '1740631429.6047933'
client 2025-02-27 04:43:49,857 [INFO] The time difference between the client and the server is within range 241.551 ms..252.546 ms
client 2025-02-27 04:43:49,857 [INFO] Sending command to the server: 'session,2025-02-27_04-38-09,start,testing'
client 2025-02-27 04:44:03,113 [INFO] Got response: 'OK'
client 2025-02-27 04:44:03,113 [INFO] Sending command to the server: 'time'
client 2025-02-27 04:44:03,126 [INFO] Got response: '1740631442.872879'
client 2025-02-27 04:44:03,126 [INFO] The time difference between the client and the server is within range 240.368 ms..253.354 ms
client 2025-02-27 04:44:03,126 [INFO] Running the workload ' MLC_MLPERF_RUN_COUNT=$(cat ${MLC_RUN_DIR}/count.txt); echo ${MLC_MLPERF_RUN_COUNT}; MLC_MLPERF_RUN_COUNT=$((MLC_MLPERF_RUN_COUNT+1)); echo ${MLC_MLPERF_RUN_COUNT} > ${MLC_RUN_DIR}/count.txt; if [ ${MLC_MLPERF_RUN_COUNT} -eq 1 ]; then export MLC_MLPERF_USER_CONF="${MLC_MLPERF_RANGING_USER_CONF}"; else export MLC_MLPERF_USER_CONF="${MLC_MLPERF_TESTING_USER_CONF}"; fi ; /home/arjun/MLC/repos/gateoverflow@mlperf-automations/script/run-all-mlperf-models/run.out'
client 2025-02-27 04:54:03,679 [INFO] Sending command to the server: 'time'
client 2025-02-27 04:54:03,695 [INFO] Got response: '1740632043.432069'
client 2025-02-27 04:54:03,695 [INFO] The time difference between the client and the server is within range 247.476 ms..263.612 ms
client 2025-02-27 04:54:03,695 [INFO] Sending command to the server: 'session,2025-02-27_04-38-09,stop,testing'
client 2025-02-27 04:54:14,243 [INFO] Got response: 'OK'
client 2025-02-27 04:54:14,243 [INFO] Sending command to the server: 'time'
client 2025-02-27 04:54:14,253 [INFO] Got response: '1740632053.9903142'
client 2025-02-27 04:54:14,253 [INFO] The time difference between the client and the server is within range 252.912 ms..263.527 ms
client 2025-02-27 04:54:14,254 [INFO] Copying loadgen logs from '/home/arjun/MLC/repos/local/cache/get-mlperf-inference-results-dir_e3f7a2f6/valid_results/mini-tflite_cpp-cpu-tflite-vmaster-default_config/mobilenet-v1-precision_uint8-0.75-160/singlestream/performance/run_1' to '/home/arjun/MLC/repos/local/cache/get-mlperf-inference-results-dir_e3f7a2f6/valid_results/mini-tflite_cpp-cpu-tflite-vmaster-default_config/mobilenet-v1-precision_uint8-0.75-160/singlestream/performance/tmp_power/run_1'
client 2025-02-27 04:54:14,255 [INFO] Done runs
