client 2025-02-27 21:30:51,564 [INFO] Creating output directory '/home/arjun/MLC/repos/local/cache/get-mlperf-inference-results-dir_e3f7a2f6/valid_results/mini-tflite_cpp-cpu-tflite-vmaster-with_live_preprocessing/mobilenet-v1-precision_float-0.25-192/singlestream/performance/tmp_power'
client 2025-02-27 21:30:51,574 [INFO] Sending command to the server: 'mlcommons/power client v3'
client 2025-02-27 21:30:51,600 [INFO] Got response: 'mlcommons/power server v3'
client 2025-02-27 21:30:51,601 [INFO] Synchronizing with the server and with time.google.com...
client 2025-02-27 21:30:51,626 [INFO] NTP:offset = -0.004 s, delay = 0.021 s 
client 2025-02-27 21:30:51,627 [INFO] Sending command to the server: 'time'
client 2025-02-27 21:30:51,639 [INFO] Got response: '1740691851.4912584'
client 2025-02-27 21:30:51,639 [INFO] The time difference between the client and the server is within range 135.774 ms..148.198 ms
client 2025-02-27 21:30:51,639 [INFO] Sending command to the server: 'new,,6018913b-3926-4101-891d-26e3084447a8'
client 2025-02-27 21:30:51,654 [INFO] Got response: 'OK 2025-02-27_21-30-51,f4453572-03f3-4ad2-98a0-0a1160810946'
client 2025-02-27 21:30:51,654 [INFO] Session id is '2025-02-27_21-30-51'
client 2025-02-27 21:30:51,654 [INFO] Sources: {"sources": {"__init__.py": "da39a3ee5e6b4b0d3255bfef95601890afd80709", "client.py": "33ca4f26368777ac06e01f9567b714a4b8063886", "lib/__init__.py": "da39a3ee5e6b4b0d3255bfef95601890afd80709", "lib/client.py": "ac2aa093c8e8bbc9569b9e2a3471bc64e58a2258", "lib/common.py": "611d8b29633d331eb19c9455ea3b5fa3284ed6df", "lib/external/__init__.py": "da39a3ee5e6b4b0d3255bfef95601890afd80709", "lib/external/ntplib.py": "4da8f970656505a40483206ef2b5d3dd5e81711d", "lib/server.py": "9bc9a3b6b9b716520658ac175913bcbbdb354336", "lib/source_hashes.py": "60a2e02193209e8d392803326208d5466342da18", "lib/summary.py": "602a9fedfa503e5544d27ab3b0067f235047efc3", "lib/time_sync.py": "80894ef2389e540781ff78de94db16aa4203a14e", "server.py": "c3f90f2f7eeb4db30727556d0c815ebc89b3d28b", "tests/unit/__init__.py": "da39a3ee5e6b4b0d3255bfef95601890afd80709", "tests/unit/test_server.py": "948c1995d4008bc2aa6c4046a34ffa3858d6d671", "tests/unit/test_source_hashes.py": "00468a2907583c593e6574a1f6b404e4651c221a"}, "modules": {"ptd_client_server.lib.client": "lib/client.py", "ptd_client_server.lib.common": "lib/common.py", "ptd_client_server.lib.external.ntplib": "lib/external/ntplib.py", "ptd_client_server.lib.source_hashes": "lib/source_hashes.py", "ptd_client_server.lib.summary": "lib/summary.py", "ptd_client_server.lib.time_sync": "lib/time_sync.py"}}
client 2025-02-27 21:30:51,655 [INFO] Running workload in ranging mode
client 2025-02-27 21:30:51,655 [INFO] Synchronizing with the server and with time.google.com...
client 2025-02-27 21:30:51,676 [INFO] NTP:offset = -0.004 s, delay = 0.020 s 
client 2025-02-27 21:30:51,676 [INFO] Sending command to the server: 'time'
client 2025-02-27 21:30:51,689 [INFO] Got response: '1740691851.5419016'
client 2025-02-27 21:30:51,689 [INFO] The time difference between the client and the server is within range 134.521 ms..147.284 ms
client 2025-02-27 21:30:51,689 [INFO] Sending command to the server: 'session,2025-02-27_21-30-51,start,ranging'
client 2025-02-27 21:31:16,607 [INFO] Got response: 'OK'
client 2025-02-27 21:31:16,608 [INFO] Sending command to the server: 'time'
client 2025-02-27 21:31:16,615 [INFO] Got response: '1740691876.469664'
client 2025-02-27 21:31:16,616 [INFO] The time difference between the client and the server is within range 138.467 ms..146.472 ms
client 2025-02-27 21:31:16,616 [INFO] Running the workload ' MLC_MLPERF_RUN_COUNT=$(cat ${MLC_RUN_DIR}/count.txt); echo ${MLC_MLPERF_RUN_COUNT}; MLC_MLPERF_RUN_COUNT=$((MLC_MLPERF_RUN_COUNT+1)); echo ${MLC_MLPERF_RUN_COUNT} > ${MLC_RUN_DIR}/count.txt; if [ ${MLC_MLPERF_RUN_COUNT} -eq 1 ]; then export MLC_MLPERF_USER_CONF="${MLC_MLPERF_RANGING_USER_CONF}"; else export MLC_MLPERF_USER_CONF="${MLC_MLPERF_TESTING_USER_CONF}"; fi ; /home/arjun/MLC/repos/gateoverflow@mlperf-automations/script/run-all-mlperf-models/run.out'
client 2025-02-27 21:36:17,909 [INFO] Sending command to the server: 'time'
client 2025-02-27 21:36:17,929 [INFO] Got response: '1740692177.7781148'
client 2025-02-27 21:36:17,929 [INFO] The time difference between the client and the server is within range 131.815 ms..151.618 ms
client 2025-02-27 21:36:17,929 [INFO] Sending command to the server: 'session,2025-02-27_21-30-51,stop,ranging'
client 2025-02-27 21:36:29,340 [INFO] Got response: 'OK'
client 2025-02-27 21:36:29,340 [INFO] Sending command to the server: 'time'
client 2025-02-27 21:36:29,352 [INFO] Got response: '1740692189.201063'
client 2025-02-27 21:36:29,352 [INFO] The time difference between the client and the server is within range 139.386 ms..151.503 ms
client 2025-02-27 21:36:29,356 [INFO] Copying loadgen logs from '/home/arjun/MLC/repos/local/cache/get-mlperf-inference-results-dir_e3f7a2f6/valid_results/mini-tflite_cpp-cpu-tflite-vmaster-with_live_preprocessing/mobilenet-v1-precision_float-0.25-192/singlestream/performance/run_1' to '/home/arjun/MLC/repos/local/cache/get-mlperf-inference-results-dir_e3f7a2f6/valid_results/mini-tflite_cpp-cpu-tflite-vmaster-with_live_preprocessing/mobilenet-v1-precision_float-0.25-192/singlestream/performance/tmp_power/ranging'
client 2025-02-27 21:36:29,356 [INFO] Running workload in testing mode
client 2025-02-27 21:36:29,356 [INFO] Synchronizing with the server and with time.google.com...
client 2025-02-27 21:36:29,378 [INFO] NTP:offset = -0.004 s, delay = 0.020 s 
client 2025-02-27 21:36:29,378 [INFO] Sending command to the server: 'time'
client 2025-02-27 21:36:29,394 [INFO] Got response: '1740692189.2401943'
client 2025-02-27 21:36:29,394 [INFO] The time difference between the client and the server is within range 138.339 ms..154.294 ms
client 2025-02-27 21:36:29,394 [INFO] Sending command to the server: 'session,2025-02-27_21-30-51,start,testing'
client 2025-02-27 21:36:42,649 [INFO] Got response: 'OK'
client 2025-02-27 21:36:42,649 [INFO] Sending command to the server: 'time'
client 2025-02-27 21:36:42,662 [INFO] Got response: '1740692202.5112402'
client 2025-02-27 21:36:42,663 [INFO] The time difference between the client and the server is within range 138.553 ms..151.887 ms
client 2025-02-27 21:36:42,663 [INFO] Running the workload ' MLC_MLPERF_RUN_COUNT=$(cat ${MLC_RUN_DIR}/count.txt); echo ${MLC_MLPERF_RUN_COUNT}; MLC_MLPERF_RUN_COUNT=$((MLC_MLPERF_RUN_COUNT+1)); echo ${MLC_MLPERF_RUN_COUNT} > ${MLC_RUN_DIR}/count.txt; if [ ${MLC_MLPERF_RUN_COUNT} -eq 1 ]; then export MLC_MLPERF_USER_CONF="${MLC_MLPERF_RANGING_USER_CONF}"; else export MLC_MLPERF_USER_CONF="${MLC_MLPERF_TESTING_USER_CONF}"; fi ; /home/arjun/MLC/repos/gateoverflow@mlperf-automations/script/run-all-mlperf-models/run.out'
client 2025-02-27 21:46:44,747 [INFO] Sending command to the server: 'time'
client 2025-02-27 21:46:44,778 [INFO] Got response: '1740692804.6108556'
client 2025-02-27 21:46:44,779 [INFO] The time difference between the client and the server is within range 136.483 ms..168.130 ms
client 2025-02-27 21:46:44,779 [INFO] Sending command to the server: 'session,2025-02-27_21-30-51,stop,testing'
client 2025-02-27 21:46:55,932 [INFO] Got response: 'OK'
client 2025-02-27 21:46:55,932 [INFO] Sending command to the server: 'time'
client 2025-02-27 21:46:55,945 [INFO] Got response: '1740692815.7829642'
client 2025-02-27 21:46:55,945 [INFO] The time difference between the client and the server is within range 149.286 ms..162.197 ms
client 2025-02-27 21:46:55,945 [INFO] Copying loadgen logs from '/home/arjun/MLC/repos/local/cache/get-mlperf-inference-results-dir_e3f7a2f6/valid_results/mini-tflite_cpp-cpu-tflite-vmaster-with_live_preprocessing/mobilenet-v1-precision_float-0.25-192/singlestream/performance/run_1' to '/home/arjun/MLC/repos/local/cache/get-mlperf-inference-results-dir_e3f7a2f6/valid_results/mini-tflite_cpp-cpu-tflite-vmaster-with_live_preprocessing/mobilenet-v1-precision_float-0.25-192/singlestream/performance/tmp_power/run_1'
client 2025-02-27 21:46:55,946 [INFO] Done runs
