client 2025-02-27 21:50:45,996 [INFO] Creating output directory '/home/arjun/MLC/repos/local/cache/get-mlperf-inference-results-dir_e3f7a2f6/valid_results/mini-tflite_cpp-cpu-tflite-vmaster-with_live_preprocessing/mobilenet-v1-precision_float-0.25-160/singlestream/performance/tmp_power'
client 2025-02-27 21:50:46,005 [INFO] Sending command to the server: 'mlcommons/power client v3'
client 2025-02-27 21:50:46,015 [INFO] Got response: 'mlcommons/power server v3'
client 2025-02-27 21:50:46,016 [INFO] Synchronizing with the server and with time.google.com...
client 2025-02-27 21:50:46,045 [INFO] NTP:offset = -0.004 s, delay = 0.022 s 
client 2025-02-27 21:50:46,045 [INFO] Sending command to the server: 'time'
client 2025-02-27 21:50:46,059 [INFO] Got response: '1740693045.896622'
client 2025-02-27 21:50:46,059 [INFO] The time difference between the client and the server is within range 149.225 ms..163.060 ms
client 2025-02-27 21:50:46,059 [INFO] Sending command to the server: 'new,,cf757a1a-2c60-4fde-a5d3-c5f6caae5380'
client 2025-02-27 21:50:46,076 [INFO] Got response: 'OK 2025-02-27_21-50-45,7ae87503-4995-4ec8-9315-f64b9087315e'
client 2025-02-27 21:50:46,076 [INFO] Session id is '2025-02-27_21-50-45'
client 2025-02-27 21:50:46,076 [INFO] Sources: {"sources": {"__init__.py": "da39a3ee5e6b4b0d3255bfef95601890afd80709", "client.py": "33ca4f26368777ac06e01f9567b714a4b8063886", "lib/__init__.py": "da39a3ee5e6b4b0d3255bfef95601890afd80709", "lib/client.py": "ac2aa093c8e8bbc9569b9e2a3471bc64e58a2258", "lib/common.py": "611d8b29633d331eb19c9455ea3b5fa3284ed6df", "lib/external/__init__.py": "da39a3ee5e6b4b0d3255bfef95601890afd80709", "lib/external/ntplib.py": "4da8f970656505a40483206ef2b5d3dd5e81711d", "lib/server.py": "9bc9a3b6b9b716520658ac175913bcbbdb354336", "lib/source_hashes.py": "60a2e02193209e8d392803326208d5466342da18", "lib/summary.py": "602a9fedfa503e5544d27ab3b0067f235047efc3", "lib/time_sync.py": "80894ef2389e540781ff78de94db16aa4203a14e", "server.py": "c3f90f2f7eeb4db30727556d0c815ebc89b3d28b", "tests/unit/__init__.py": "da39a3ee5e6b4b0d3255bfef95601890afd80709", "tests/unit/test_server.py": "948c1995d4008bc2aa6c4046a34ffa3858d6d671", "tests/unit/test_source_hashes.py": "00468a2907583c593e6574a1f6b404e4651c221a"}, "modules": {"ptd_client_server.lib.client": "lib/client.py", "ptd_client_server.lib.common": "lib/common.py", "ptd_client_server.lib.external.ntplib": "lib/external/ntplib.py", "ptd_client_server.lib.source_hashes": "lib/source_hashes.py", "ptd_client_server.lib.summary": "lib/summary.py", "ptd_client_server.lib.time_sync": "lib/time_sync.py"}}
client 2025-02-27 21:50:46,077 [INFO] Running workload in ranging mode
client 2025-02-27 21:50:46,077 [INFO] Synchronizing with the server and with time.google.com...
client 2025-02-27 21:50:46,098 [INFO] NTP:offset = -0.004 s, delay = 0.020 s 
client 2025-02-27 21:50:46,098 [INFO] Sending command to the server: 'time'
client 2025-02-27 21:50:46,111 [INFO] Got response: '1740693045.9487839'
client 2025-02-27 21:50:46,111 [INFO] The time difference between the client and the server is within range 149.944 ms..162.436 ms
client 2025-02-27 21:50:46,111 [INFO] Sending command to the server: 'session,2025-02-27_21-50-45,start,ranging'
client 2025-02-27 21:51:10,747 [INFO] Got response: 'OK'
client 2025-02-27 21:51:10,747 [INFO] Sending command to the server: 'time'
client 2025-02-27 21:51:10,761 [INFO] Got response: '1740693070.59994'
client 2025-02-27 21:51:10,761 [INFO] The time difference between the client and the server is within range 147.734 ms..161.457 ms
client 2025-02-27 21:51:10,761 [INFO] Running the workload ' MLC_MLPERF_RUN_COUNT=$(cat ${MLC_RUN_DIR}/count.txt); echo ${MLC_MLPERF_RUN_COUNT}; MLC_MLPERF_RUN_COUNT=$((MLC_MLPERF_RUN_COUNT+1)); echo ${MLC_MLPERF_RUN_COUNT} > ${MLC_RUN_DIR}/count.txt; if [ ${MLC_MLPERF_RUN_COUNT} -eq 1 ]; then export MLC_MLPERF_USER_CONF="${MLC_MLPERF_RANGING_USER_CONF}"; else export MLC_MLPERF_USER_CONF="${MLC_MLPERF_TESTING_USER_CONF}"; fi ; /home/arjun/MLC/repos/gateoverflow@mlperf-automations/script/run-all-mlperf-models/run.out'
client 2025-02-27 21:56:12,244 [INFO] Sending command to the server: 'time'
client 2025-02-27 21:56:12,259 [INFO] Got response: '1740693372.0921402'
client 2025-02-27 21:56:12,259 [INFO] The time difference between the client and the server is within range 152.362 ms..167.495 ms
client 2025-02-27 21:56:12,259 [INFO] Sending command to the server: 'session,2025-02-27_21-50-45,stop,ranging'
client 2025-02-27 21:56:23,741 [INFO] Got response: 'OK'
client 2025-02-27 21:56:23,741 [INFO] Sending command to the server: 'time'
client 2025-02-27 21:56:23,750 [INFO] Got response: '1740693383.5851278'
client 2025-02-27 21:56:23,750 [INFO] The time difference between the client and the server is within range 156.349 ms..165.083 ms
client 2025-02-27 21:56:23,754 [INFO] Copying loadgen logs from '/home/arjun/MLC/repos/local/cache/get-mlperf-inference-results-dir_e3f7a2f6/valid_results/mini-tflite_cpp-cpu-tflite-vmaster-with_live_preprocessing/mobilenet-v1-precision_float-0.25-160/singlestream/performance/run_1' to '/home/arjun/MLC/repos/local/cache/get-mlperf-inference-results-dir_e3f7a2f6/valid_results/mini-tflite_cpp-cpu-tflite-vmaster-with_live_preprocessing/mobilenet-v1-precision_float-0.25-160/singlestream/performance/tmp_power/ranging'
client 2025-02-27 21:56:23,755 [INFO] Running workload in testing mode
client 2025-02-27 21:56:23,755 [INFO] Synchronizing with the server and with time.google.com...
client 2025-02-27 21:56:23,779 [INFO] NTP:offset = -0.005 s, delay = 0.023 s 
client 2025-02-27 21:56:23,779 [INFO] Sending command to the server: 'time'
client 2025-02-27 21:56:23,793 [INFO] Got response: '1740693383.624519'
client 2025-02-27 21:56:23,793 [INFO] The time difference between the client and the server is within range 155.207 ms..169.298 ms
client 2025-02-27 21:56:23,793 [INFO] Sending command to the server: 'session,2025-02-27_21-50-45,start,testing'
client 2025-02-27 21:56:36,958 [INFO] Got response: 'OK'
client 2025-02-27 21:56:36,958 [INFO] Sending command to the server: 'time'
client 2025-02-27 21:56:36,968 [INFO] Got response: '1740693396.8025112'
client 2025-02-27 21:56:36,969 [INFO] The time difference between the client and the server is within range 156.140 ms..166.526 ms
client 2025-02-27 21:56:36,969 [INFO] Running the workload ' MLC_MLPERF_RUN_COUNT=$(cat ${MLC_RUN_DIR}/count.txt); echo ${MLC_MLPERF_RUN_COUNT}; MLC_MLPERF_RUN_COUNT=$((MLC_MLPERF_RUN_COUNT+1)); echo ${MLC_MLPERF_RUN_COUNT} > ${MLC_RUN_DIR}/count.txt; if [ ${MLC_MLPERF_RUN_COUNT} -eq 1 ]; then export MLC_MLPERF_USER_CONF="${MLC_MLPERF_RANGING_USER_CONF}"; else export MLC_MLPERF_USER_CONF="${MLC_MLPERF_TESTING_USER_CONF}"; fi ; /home/arjun/MLC/repos/gateoverflow@mlperf-automations/script/run-all-mlperf-models/run.out'
client 2025-02-27 22:06:39,208 [INFO] Sending command to the server: 'time'
client 2025-02-27 22:06:39,228 [INFO] Got response: '1740693999.0502484'
client 2025-02-27 22:06:39,229 [INFO] The time difference between the client and the server is within range 157.896 ms..178.834 ms
client 2025-02-27 22:06:39,229 [INFO] Sending command to the server: 'session,2025-02-27_21-50-45,stop,testing'
client 2025-02-27 22:06:50,346 [INFO] Got response: 'OK'
client 2025-02-27 22:06:50,346 [INFO] Sending command to the server: 'time'
client 2025-02-27 22:06:50,359 [INFO] Got response: '1740694010.1844063'
client 2025-02-27 22:06:50,359 [INFO] The time difference between the client and the server is within range 162.460 ms..175.175 ms
client 2025-02-27 22:06:50,360 [INFO] Copying loadgen logs from '/home/arjun/MLC/repos/local/cache/get-mlperf-inference-results-dir_e3f7a2f6/valid_results/mini-tflite_cpp-cpu-tflite-vmaster-with_live_preprocessing/mobilenet-v1-precision_float-0.25-160/singlestream/performance/run_1' to '/home/arjun/MLC/repos/local/cache/get-mlperf-inference-results-dir_e3f7a2f6/valid_results/mini-tflite_cpp-cpu-tflite-vmaster-with_live_preprocessing/mobilenet-v1-precision_float-0.25-160/singlestream/performance/tmp_power/run_1'
client 2025-02-27 22:06:50,361 [INFO] Done runs
