Graph file: /home/arjun/MLC/repos/local/cache/get-ml-model-efficientnet-lite_6948be12/efficientnet-lite4/efficientnet-lite4-int8.tflite
Image dir: /home/arjun/MLC/repos/local/cache/get-preprocessed-dataset-imagenet_1645b3c1
Image list: /home/arjun/MLC/repos/local/cache/get-preprocessed-dataset-imagenet_1645b3c1/preprocessed_files.txt
Image size: 300
Image channels: 3
Prediction classes: 1000
Result dir: /home/arjun/MLC/repos/local/cache/get-mlperf-inference-results-dir_338d2055/valid_results/arjun_spr-tflite_cpp-cpu-tflite-vmaster-default_config/efficientnet-int8-lite4/singlestream/accuracy
How many images fit in memory buffer: 1024
Normalize: 1
Subtract mean: 0
Run time preprocessing: 1
Number of Threads: 24
Number of available imagefiles: 50000

Loading graph...
INFO: Created TensorFlow Lite XNNPACK delegate for CPU.
Input tensor dimensions (NHWC): 1*300*300*3
Output tensor dimensions: 1*1000
Path to user.conf : /home/arjun/MLC/repos/gateoverflow@mlperf-automations/script/generate-mlperf-inference-user-conf/tmp/a5d97e6a114b4384bea356c4c17c47c4.conf
Model Name: efficientnet
LoadGen Scenario: SingleStream
LoadGen Mode: accuracy
