client 2025-02-26 23:06:03,650 [INFO] Creating output directory '/home/arjun/MLC/repos/local/cache/get-mlperf-inference-results-dir_e3f7a2f6/valid_results/mini-tflite_cpp-cpu-tflite-vmaster-default_config/mobilenet-v2-precision_float-0.35-160/singlestream/performance/tmp_power'
client 2025-02-26 23:06:03,659 [INFO] Sending command to the server: 'mlcommons/power client v3'
client 2025-02-26 23:06:03,670 [INFO] Got response: 'mlcommons/power server v3'
client 2025-02-26 23:06:03,670 [INFO] Synchronizing with the server and with time.google.com...
client 2025-02-26 23:06:03,696 [INFO] NTP:offset = -0.006 s, delay = 0.021 s 
client 2025-02-26 23:06:03,696 [INFO] Sending command to the server: 'time'
client 2025-02-26 23:06:03,709 [INFO] Got response: '1740611163.5817983'
client 2025-02-26 23:06:03,709 [INFO] The time difference between the client and the server is within range 114.486 ms..127.987 ms
client 2025-02-26 23:06:03,709 [INFO] Sending command to the server: 'new,,dbef7e54-cdd2-40c3-8358-893e73d6383e'
client 2025-02-26 23:06:03,725 [INFO] Got response: 'OK 2025-02-26_23-06-03,1d8c7537-2c2b-4166-9f58-ca3ec4c473c4'
client 2025-02-26 23:06:03,726 [INFO] Session id is '2025-02-26_23-06-03'
client 2025-02-26 23:06:03,726 [INFO] Sources: {"sources": {"__init__.py": "da39a3ee5e6b4b0d3255bfef95601890afd80709", "client.py": "33ca4f26368777ac06e01f9567b714a4b8063886", "lib/__init__.py": "da39a3ee5e6b4b0d3255bfef95601890afd80709", "lib/client.py": "ac2aa093c8e8bbc9569b9e2a3471bc64e58a2258", "lib/common.py": "611d8b29633d331eb19c9455ea3b5fa3284ed6df", "lib/external/__init__.py": "da39a3ee5e6b4b0d3255bfef95601890afd80709", "lib/external/ntplib.py": "4da8f970656505a40483206ef2b5d3dd5e81711d", "lib/server.py": "9bc9a3b6b9b716520658ac175913bcbbdb354336", "lib/source_hashes.py": "60a2e02193209e8d392803326208d5466342da18", "lib/summary.py": "602a9fedfa503e5544d27ab3b0067f235047efc3", "lib/time_sync.py": "80894ef2389e540781ff78de94db16aa4203a14e", "server.py": "c3f90f2f7eeb4db30727556d0c815ebc89b3d28b", "tests/unit/__init__.py": "da39a3ee5e6b4b0d3255bfef95601890afd80709", "tests/unit/test_server.py": "948c1995d4008bc2aa6c4046a34ffa3858d6d671", "tests/unit/test_source_hashes.py": "00468a2907583c593e6574a1f6b404e4651c221a"}, "modules": {"ptd_client_server.lib.client": "lib/client.py", "ptd_client_server.lib.common": "lib/common.py", "ptd_client_server.lib.external.ntplib": "lib/external/ntplib.py", "ptd_client_server.lib.source_hashes": "lib/source_hashes.py", "ptd_client_server.lib.summary": "lib/summary.py", "ptd_client_server.lib.time_sync": "lib/time_sync.py"}}
client 2025-02-26 23:06:03,726 [INFO] Running workload in ranging mode
client 2025-02-26 23:06:03,726 [INFO] Synchronizing with the server and with time.google.com...
client 2025-02-26 23:06:03,747 [INFO] NTP:offset = -0.007 s, delay = 0.020 s 
client 2025-02-26 23:06:03,748 [INFO] Sending command to the server: 'time'
client 2025-02-26 23:06:03,760 [INFO] Got response: '1740611163.6317067'
client 2025-02-26 23:06:03,760 [INFO] The time difference between the client and the server is within range 116.322 ms..129.201 ms
client 2025-02-26 23:06:03,761 [INFO] Sending command to the server: 'session,2025-02-26_23-06-03,start,ranging'
client 2025-02-26 23:06:28,325 [INFO] Got response: 'OK'
client 2025-02-26 23:06:28,325 [INFO] Sending command to the server: 'time'
client 2025-02-26 23:06:28,337 [INFO] Got response: '1740611188.2100549'
client 2025-02-26 23:06:28,337 [INFO] The time difference between the client and the server is within range 115.423 ms..127.678 ms
client 2025-02-26 23:06:28,337 [INFO] Running the workload ' MLC_MLPERF_RUN_COUNT=$(cat ${MLC_RUN_DIR}/count.txt); echo ${MLC_MLPERF_RUN_COUNT}; MLC_MLPERF_RUN_COUNT=$((MLC_MLPERF_RUN_COUNT+1)); echo ${MLC_MLPERF_RUN_COUNT} > ${MLC_RUN_DIR}/count.txt; if [ ${MLC_MLPERF_RUN_COUNT} -eq 1 ]; then export MLC_MLPERF_USER_CONF="${MLC_MLPERF_RANGING_USER_CONF}"; else export MLC_MLPERF_USER_CONF="${MLC_MLPERF_TESTING_USER_CONF}"; fi ; /home/arjun/MLC/repos/gateoverflow@mlperf-automations/script/run-all-mlperf-models/run.out'
client 2025-02-26 23:11:30,122 [INFO] Sending command to the server: 'time'
client 2025-02-26 23:11:30,133 [INFO] Got response: '1740611490.0010414'
client 2025-02-26 23:11:30,134 [INFO] The time difference between the client and the server is within range 121.057 ms..132.961 ms
client 2025-02-26 23:11:30,134 [INFO] Sending command to the server: 'session,2025-02-26_23-06-03,stop,ranging'
client 2025-02-26 23:11:40,689 [INFO] Got response: 'OK'
client 2025-02-26 23:11:40,689 [INFO] Sending command to the server: 'time'
client 2025-02-26 23:11:40,702 [INFO] Got response: '1740611500.56876'
client 2025-02-26 23:11:40,703 [INFO] The time difference between the client and the server is within range 120.748 ms..134.230 ms
client 2025-02-26 23:11:40,707 [INFO] Copying loadgen logs from '/home/arjun/MLC/repos/local/cache/get-mlperf-inference-results-dir_e3f7a2f6/valid_results/mini-tflite_cpp-cpu-tflite-vmaster-default_config/mobilenet-v2-precision_float-0.35-160/singlestream/performance/run_1' to '/home/arjun/MLC/repos/local/cache/get-mlperf-inference-results-dir_e3f7a2f6/valid_results/mini-tflite_cpp-cpu-tflite-vmaster-default_config/mobilenet-v2-precision_float-0.35-160/singlestream/performance/tmp_power/ranging'
client 2025-02-26 23:11:40,707 [INFO] Running workload in testing mode
client 2025-02-26 23:11:40,707 [INFO] Synchronizing with the server and with time.google.com...
client 2025-02-26 23:11:40,728 [INFO] NTP:offset = -0.005 s, delay = 0.019 s 
client 2025-02-26 23:11:40,728 [INFO] Sending command to the server: 'time'
client 2025-02-26 23:11:40,741 [INFO] Got response: '1740611500.6075006'
client 2025-02-26 23:11:40,741 [INFO] The time difference between the client and the server is within range 120.997 ms..134.203 ms
client 2025-02-26 23:11:40,741 [INFO] Sending command to the server: 'session,2025-02-26_23-06-03,start,testing'
client 2025-02-26 23:11:53,957 [INFO] Got response: 'OK'
client 2025-02-26 23:11:53,957 [INFO] Sending command to the server: 'time'
client 2025-02-26 23:11:53,968 [INFO] Got response: '1740611513.8351052'
client 2025-02-26 23:11:53,968 [INFO] The time difference between the client and the server is within range 122.743 ms..133.271 ms
client 2025-02-26 23:11:53,968 [INFO] Running the workload ' MLC_MLPERF_RUN_COUNT=$(cat ${MLC_RUN_DIR}/count.txt); echo ${MLC_MLPERF_RUN_COUNT}; MLC_MLPERF_RUN_COUNT=$((MLC_MLPERF_RUN_COUNT+1)); echo ${MLC_MLPERF_RUN_COUNT} > ${MLC_RUN_DIR}/count.txt; if [ ${MLC_MLPERF_RUN_COUNT} -eq 1 ]; then export MLC_MLPERF_USER_CONF="${MLC_MLPERF_RANGING_USER_CONF}"; else export MLC_MLPERF_USER_CONF="${MLC_MLPERF_TESTING_USER_CONF}"; fi ; /home/arjun/MLC/repos/gateoverflow@mlperf-automations/script/run-all-mlperf-models/run.out'
client 2025-02-26 23:21:56,323 [INFO] Sending command to the server: 'time'
client 2025-02-26 23:21:56,338 [INFO] Got response: '1740612116.1935127'
client 2025-02-26 23:21:56,338 [INFO] The time difference between the client and the server is within range 129.464 ms..144.948 ms
client 2025-02-26 23:21:56,338 [INFO] Sending command to the server: 'session,2025-02-26_23-06-03,stop,testing'
client 2025-02-26 23:22:07,171 [INFO] Got response: 'OK'
client 2025-02-26 23:22:07,171 [INFO] Sending command to the server: 'time'
client 2025-02-26 23:22:07,182 [INFO] Got response: '1740612127.0386162'
client 2025-02-26 23:22:07,182 [INFO] The time difference between the client and the server is within range 132.777 ms..143.892 ms
client 2025-02-26 23:22:07,183 [INFO] Copying loadgen logs from '/home/arjun/MLC/repos/local/cache/get-mlperf-inference-results-dir_e3f7a2f6/valid_results/mini-tflite_cpp-cpu-tflite-vmaster-default_config/mobilenet-v2-precision_float-0.35-160/singlestream/performance/run_1' to '/home/arjun/MLC/repos/local/cache/get-mlperf-inference-results-dir_e3f7a2f6/valid_results/mini-tflite_cpp-cpu-tflite-vmaster-default_config/mobilenet-v2-precision_float-0.35-160/singlestream/performance/tmp_power/run_1'
client 2025-02-26 23:22:07,183 [INFO] Done runs
