Graph file: /home/arjun/MLC/repos/local/cache/get-ml-model-mobilenet_4b87ef06/mobilenet_v1_1.0_128_quant.tflite
Image dir: /mnt/arjun/MLC/repos/local/cache/get-preprocessed-dataset-imagenet_0f1104e0
Image list: /mnt/arjun/MLC/repos/local/cache/get-preprocessed-dataset-imagenet_0f1104e0/preprocessed_files.txt
Image size: 128
Image channels: 3
Prediction classes: 1000
Result dir: /home/arjun/MLC/repos/local/cache/get-mlperf-inference-results-dir_37516274/valid_results/intel_spr_i9-tflite_cpp-cpu-tflite-vmaster-default_config/mobilenet-v1-precision_uint8-1.0-128/singlestream/performance/run_1
How many images fit in memory buffer: 1024
Normalize: 1
Subtract mean: 0
Run time preprocessing: 1
Number of Threads: 16
Number of available imagefiles: 50000

Loading graph...
INFO: Created TensorFlow Lite XNNPACK delegate for CPU.
Input tensor dimensions (NHWC): 1*128*128*3
Output tensor dimensions: 1*1001
Path to user.conf : /home/arjun/MLC/repos/gateoverflow@mlperf-automations/script/generate-mlperf-inference-user-conf/tmp/7173b14bbbed49b98a89f1aece73f9a5.conf
Model Name: mobilenet
LoadGen Scenario: SingleStream
LoadGen Mode: performance
