Graph file: /home/arjun/MLC/repos/local/cache/get-ml-model-efficientnet-lite_d2503b2f/efficientnet-lite4/efficientnet-lite4-fp32.tflite
Image dir: /home/arjun/MLC/repos/local/cache/get-preprocessed-dataset-imagenet_0b5c8542
Image list: /home/arjun/MLC/repos/local/cache/get-preprocessed-dataset-imagenet_0b5c8542/preprocessed_files.txt
Image size: 300
Image channels: 3
Prediction classes: 1000
Result dir: /home/arjun/MLC/repos/local/cache/get-mlperf-inference-results-dir_e3f7a2f6/valid_results/mini-tflite_cpp-cpu-tflite-vmaster-default_config/efficientnet-fp32-lite4/singlestream/accuracy
How many images fit in memory buffer: 1024
Normalize: 1
Subtract mean: 0
Run time preprocessing: 0
Number of Threads: 6
Number of available imagefiles: 50000

Loading graph...
INFO: Created TensorFlow Lite XNNPACK delegate for CPU.
Input tensor dimensions (NHWC): 1*300*300*3
Output tensor dimensions: 1*1000
Path to user.conf : /home/arjun/MLC/repos/gateoverflow@mlperf-automations/script/generate-mlperf-inference-user-conf/tmp/b792334da8a14a71a715dd09dea1d330.conf
Model Name: efficientnet
LoadGen Scenario: SingleStream
LoadGen Mode: accuracy
