Graph file: /home/arjun/MLC/repos/local/cache/get-ml-model-mobilenet_ab5a2d59/v2_160_35/model.tflite
Image dir: /home/arjun/MLC/repos/local/cache/get-preprocessed-dataset-imagenet_be04004e
Image list: /home/arjun/MLC/repos/local/cache/get-preprocessed-dataset-imagenet_be04004e/preprocessed_files.txt
Image size: 160
Image channels: 3
Prediction classes: 1000
Result dir: /home/arjun/MLC/repos/local/cache/get-mlperf-inference-results-dir_efb60c2c/valid_results/phoenix_Amd_Am5-tflite_cpp-cpu-tflite-vmaster-default_config/mobilenet-v2-precision_uint8-0.35-160/singlestream/accuracy
How many images fit in memory buffer: 1024
Normalize: 1
Subtract mean: 0
Run time preprocessing: 1
Number of Threads: 16
Number of available imagefiles: 50000

Loading graph...
INFO: Created TensorFlow Lite XNNPACK delegate for CPU.
Input tensor dimensions (NHWC): 1*160*160*3
Output tensor dimensions: 1*1001
Path to user.conf : /home/arjun/MLC/repos/gateoverflow@mlperf-automations/script/generate-mlperf-inference-user-conf/tmp/18b56a3cb33b4ee4b605736f4d9ea01b.conf
Model Name: mobilenet
LoadGen Scenario: SingleStream
LoadGen Mode: accuracy
