Graph file: /Users/arjunsuresh/MLC/repos/local/cache/get-ml-model-mobilenet_b8eb7833/v2_160_35/model.tflite
Image dir: /Users/arjunsuresh/MLC/repos/local/cache/get-preprocessed-dataset-imagenet_e99be00d
Image list: /Users/arjunsuresh/MLC/repos/local/cache/get-preprocessed-dataset-imagenet_e99be00d/preprocessed_files.txt
Image size: 160
Image channels: 3
Prediction classes: 1000
Result dir: /Users/arjunsuresh/MLC/repos/local/cache/get-mlperf-inference-results-dir_faaa00ec/valid_results/MacBookPro.ultrahub-tflite_cpp-cpu-tflite-vmaster-default_config/mobilenet-v2-precision_uint8-0.35-160/singlestream/performance/run_1
How many images fit in memory buffer: 1024
Normalize: 1
Subtract mean: 0
Run time preprocessing: 1
Number of Threads: 10
Number of available imagefiles: 50000

Loading graph...
INFO: Created TensorFlow Lite XNNPACK delegate for CPU.
Input tensor dimensions (NHWC): 1*160*160*3
Output tensor dimensions: 1*1001
Path to user.conf : /Users/arjunsuresh/MLC/repos/gateoverflow@mlperf-automations/script/generate-mlperf-inference-user-conf/tmp/4fa7349023714587820fff7026fbdfa4.conf
Model Name: mobilenet
LoadGen Scenario: SingleStream
LoadGen Mode: performance
