Graph file: /home/mlcuser/MLC/repos/local/cache/get-ml-model-efficientnet-lite_192a8222/efficientnet-lite2/efficientnet-lite2-fp32.tflite
Image dir: /home/mlcuser/MLC/repos/local/cache/get-preprocessed-dataset-imagenet_b2b8c9a2
Image list: /home/mlcuser/MLC/repos/local/cache/get-preprocessed-dataset-imagenet_b2b8c9a2/preprocessed_files.txt
Image size: 260
Image channels: 3
Prediction classes: 1000
Result dir: /home/mlcuser/MLC/repos/local/cache/get-mlperf-inference-results-dir_37516274/valid_results/ad646a7dd6e1-tflite_cpp-cpu-tflite-vmaster-with_live_preprocessing/efficientnet-fp32-lite2/singlestream/performance/run_1
How many images fit in memory buffer: 1024
Normalize: 1
Subtract mean: 0
Run time preprocessing: 1
Number of Threads: 32
Number of available imagefiles: 50000

Loading graph...
INFO: Created TensorFlow Lite XNNPACK delegate for CPU.
Input tensor dimensions (NHWC): 1*260*260*3
Output tensor dimensions: 1*1000
Path to user.conf : /home/mlcuser/MLC/repos/gateoverflow@mlperf-automations/script/generate-mlperf-inference-user-conf/tmp/f0b35220d0904d25955c8a17c53856f6.conf
Model Name: efficientnet
LoadGen Scenario: SingleStream
LoadGen Mode: performance
