client 2025-02-27 15:27:18,927 [INFO] Creating output directory '/home/arjun/MLC/repos/local/cache/get-mlperf-inference-results-dir_e3f7a2f6/valid_results/mini-tflite_cpp-cpu-tflite-vmaster-default_config/efficientnet-int8-lite2/singlestream/performance/tmp_power'
client 2025-02-27 15:27:18,938 [INFO] Sending command to the server: 'mlcommons/power client v3'
client 2025-02-27 15:27:18,951 [INFO] Got response: 'mlcommons/power server v3'
client 2025-02-27 15:27:18,951 [INFO] Synchronizing with the server and with time.google.com...
client 2025-02-27 15:27:18,988 [INFO] NTP:offset = -0.002 s, delay = 0.020 s 
client 2025-02-27 15:27:18,988 [INFO] Sending command to the server: 'time'
client 2025-02-27 15:27:19,005 [INFO] Got response: '1740670038.6876788'
client 2025-02-27 15:27:19,005 [INFO] The time difference between the client and the server is within range 300.885 ms..318.265 ms
client 2025-02-27 15:27:19,006 [INFO] Sending command to the server: 'new,,3f1b414c-07c5-4564-9f62-43688ed4ca63'
client 2025-02-27 15:27:19,023 [INFO] Got response: 'OK 2025-02-27_15-27-18,564fc641-aca1-4136-84cd-923dcfdaf8ad'
client 2025-02-27 15:27:19,023 [INFO] Session id is '2025-02-27_15-27-18'
client 2025-02-27 15:27:19,024 [INFO] Sources: {"sources": {"__init__.py": "da39a3ee5e6b4b0d3255bfef95601890afd80709", "client.py": "33ca4f26368777ac06e01f9567b714a4b8063886", "lib/__init__.py": "da39a3ee5e6b4b0d3255bfef95601890afd80709", "lib/client.py": "ac2aa093c8e8bbc9569b9e2a3471bc64e58a2258", "lib/common.py": "611d8b29633d331eb19c9455ea3b5fa3284ed6df", "lib/external/__init__.py": "da39a3ee5e6b4b0d3255bfef95601890afd80709", "lib/external/ntplib.py": "4da8f970656505a40483206ef2b5d3dd5e81711d", "lib/server.py": "9bc9a3b6b9b716520658ac175913bcbbdb354336", "lib/source_hashes.py": "60a2e02193209e8d392803326208d5466342da18", "lib/summary.py": "602a9fedfa503e5544d27ab3b0067f235047efc3", "lib/time_sync.py": "80894ef2389e540781ff78de94db16aa4203a14e", "server.py": "c3f90f2f7eeb4db30727556d0c815ebc89b3d28b", "tests/unit/__init__.py": "da39a3ee5e6b4b0d3255bfef95601890afd80709", "tests/unit/test_server.py": "948c1995d4008bc2aa6c4046a34ffa3858d6d671", "tests/unit/test_source_hashes.py": "00468a2907583c593e6574a1f6b404e4651c221a"}, "modules": {"ptd_client_server.lib.client": "lib/client.py", "ptd_client_server.lib.common": "lib/common.py", "ptd_client_server.lib.external.ntplib": "lib/external/ntplib.py", "ptd_client_server.lib.source_hashes": "lib/source_hashes.py", "ptd_client_server.lib.summary": "lib/summary.py", "ptd_client_server.lib.time_sync": "lib/time_sync.py"}}
client 2025-02-27 15:27:19,024 [INFO] Running workload in ranging mode
client 2025-02-27 15:27:19,024 [INFO] Synchronizing with the server and with time.google.com...
client 2025-02-27 15:27:19,044 [INFO] NTP:offset = -0.002 s, delay = 0.018 s 
client 2025-02-27 15:27:19,044 [INFO] Sending command to the server: 'time'
client 2025-02-27 15:27:19,059 [INFO] Got response: '1740670038.7452123'
client 2025-02-27 15:27:19,059 [INFO] The time difference between the client and the server is within range 299.319 ms..314.137 ms
client 2025-02-27 15:27:19,059 [INFO] Sending command to the server: 'session,2025-02-27_15-27-18,start,ranging'
client 2025-02-27 15:27:43,630 [INFO] Got response: 'OK'
client 2025-02-27 15:27:43,631 [INFO] Sending command to the server: 'time'
client 2025-02-27 15:27:43,644 [INFO] Got response: '1740670063.3302603'
client 2025-02-27 15:27:43,644 [INFO] The time difference between the client and the server is within range 300.806 ms..314.001 ms
client 2025-02-27 15:27:43,644 [INFO] Running the workload ' MLC_MLPERF_RUN_COUNT=$(cat ${MLC_RUN_DIR}/count.txt); echo ${MLC_MLPERF_RUN_COUNT}; MLC_MLPERF_RUN_COUNT=$((MLC_MLPERF_RUN_COUNT+1)); echo ${MLC_MLPERF_RUN_COUNT} > ${MLC_RUN_DIR}/count.txt; if [ ${MLC_MLPERF_RUN_COUNT} -eq 1 ]; then export MLC_MLPERF_USER_CONF="${MLC_MLPERF_RANGING_USER_CONF}"; else export MLC_MLPERF_USER_CONF="${MLC_MLPERF_TESTING_USER_CONF}"; fi ; /home/arjun/MLC/repos/gateoverflow@mlperf-automations/script/run-all-mlperf-models/run.out'
client 2025-02-27 15:32:44,295 [INFO] Sending command to the server: 'time'
client 2025-02-27 15:32:44,312 [INFO] Got response: '1740670363.9942663'
client 2025-02-27 15:32:44,313 [INFO] The time difference between the client and the server is within range 301.290 ms..318.836 ms
client 2025-02-27 15:32:44,313 [INFO] Sending command to the server: 'session,2025-02-27_15-27-18,stop,ranging'
client 2025-02-27 15:32:55,132 [INFO] Got response: 'OK'
client 2025-02-27 15:32:55,132 [INFO] Sending command to the server: 'time'
client 2025-02-27 15:32:55,145 [INFO] Got response: '1740670374.8260849'
client 2025-02-27 15:32:55,145 [INFO] The time difference between the client and the server is within range 306.353 ms..319.822 ms
client 2025-02-27 15:32:55,149 [INFO] Copying loadgen logs from '/home/arjun/MLC/repos/local/cache/get-mlperf-inference-results-dir_e3f7a2f6/valid_results/mini-tflite_cpp-cpu-tflite-vmaster-default_config/efficientnet-int8-lite2/singlestream/performance/run_1' to '/home/arjun/MLC/repos/local/cache/get-mlperf-inference-results-dir_e3f7a2f6/valid_results/mini-tflite_cpp-cpu-tflite-vmaster-default_config/efficientnet-int8-lite2/singlestream/performance/tmp_power/ranging'
client 2025-02-27 15:32:55,150 [INFO] Running workload in testing mode
client 2025-02-27 15:32:55,150 [INFO] Synchronizing with the server and with time.google.com...
client 2025-02-27 15:32:55,172 [INFO] NTP:offset = -0.001 s, delay = 0.021 s 
client 2025-02-27 15:32:55,172 [INFO] Sending command to the server: 'time'
client 2025-02-27 15:32:55,185 [INFO] Got response: '1740670374.8670948'
client 2025-02-27 15:32:55,186 [INFO] The time difference between the client and the server is within range 305.700 ms..318.893 ms
client 2025-02-27 15:32:55,186 [INFO] Sending command to the server: 'session,2025-02-27_15-27-18,start,testing'
client 2025-02-27 15:33:08,447 [INFO] Got response: 'OK'
client 2025-02-27 15:33:08,447 [INFO] Sending command to the server: 'time'
client 2025-02-27 15:33:08,465 [INFO] Got response: '1740670388.1451752'
client 2025-02-27 15:33:08,465 [INFO] The time difference between the client and the server is within range 302.310 ms..320.427 ms
client 2025-02-27 15:33:08,465 [INFO] Running the workload ' MLC_MLPERF_RUN_COUNT=$(cat ${MLC_RUN_DIR}/count.txt); echo ${MLC_MLPERF_RUN_COUNT}; MLC_MLPERF_RUN_COUNT=$((MLC_MLPERF_RUN_COUNT+1)); echo ${MLC_MLPERF_RUN_COUNT} > ${MLC_RUN_DIR}/count.txt; if [ ${MLC_MLPERF_RUN_COUNT} -eq 1 ]; then export MLC_MLPERF_USER_CONF="${MLC_MLPERF_RANGING_USER_CONF}"; else export MLC_MLPERF_USER_CONF="${MLC_MLPERF_TESTING_USER_CONF}"; fi ; /home/arjun/MLC/repos/gateoverflow@mlperf-automations/script/run-all-mlperf-models/run.out'
client 2025-02-27 15:43:08,773 [INFO] Sending command to the server: 'time'
client 2025-02-27 15:43:08,789 [INFO] Got response: '1740670988.4612663'
client 2025-02-27 15:43:08,789 [INFO] The time difference between the client and the server is within range 312.600 ms..328.549 ms
client 2025-02-27 15:43:08,789 [INFO] Sending command to the server: 'session,2025-02-27_15-27-18,stop,testing'
client 2025-02-27 15:43:19,774 [INFO] Got response: 'OK'
client 2025-02-27 15:43:19,774 [INFO] Sending command to the server: 'time'
client 2025-02-27 15:43:19,786 [INFO] Got response: '1740670999.4581337'
client 2025-02-27 15:43:19,786 [INFO] The time difference between the client and the server is within range 316.387 ms..328.676 ms
client 2025-02-27 15:43:19,787 [INFO] Copying loadgen logs from '/home/arjun/MLC/repos/local/cache/get-mlperf-inference-results-dir_e3f7a2f6/valid_results/mini-tflite_cpp-cpu-tflite-vmaster-default_config/efficientnet-int8-lite2/singlestream/performance/run_1' to '/home/arjun/MLC/repos/local/cache/get-mlperf-inference-results-dir_e3f7a2f6/valid_results/mini-tflite_cpp-cpu-tflite-vmaster-default_config/efficientnet-int8-lite2/singlestream/performance/tmp_power/run_1'
client 2025-02-27 15:43:19,789 [INFO] Done runs
