Graph file: /home/ubuntu/MLC/repos/local/cache/get-ml-model-efficientnet-lite_9ef95109/efficientnet-lite1/efficientnet-lite1-fp32.tflite
Image dir: /home/ubuntu/MLC/repos/local/cache/get-preprocessed-dataset-imagenet_f3d2dbac
Image list: /home/ubuntu/MLC/repos/local/cache/get-preprocessed-dataset-imagenet_f3d2dbac/preprocessed_files.txt
Image size: 240
Image channels: 3
Prediction classes: 1000
Result dir: /home/ubuntu/MLC/repos/local/cache/get-mlperf-inference-results-dir_fcc76f3a/valid_results/i_0533a5946176cef45-tflite_cpp-cpu-tflite-vmaster-with_live_preprocessing/efficientnet-fp32-lite1/singlestream/performance/run_1
How many images fit in memory buffer: 1024
Normalize: 1
Subtract mean: 0
Run time preprocessing: 1
Number of Threads: 2
Number of available imagefiles: 50000

Loading graph...
INFO: Created TensorFlow Lite XNNPACK delegate for CPU.
Input tensor dimensions (NHWC): 1*240*240*3
Output tensor dimensions: 1*1000
Path to user.conf : /home/ubuntu/MLC/repos/gateoverflow@mlperf-automations/script/generate-mlperf-inference-user-conf/tmp/61dbf7a259f3424c97ca07f627d27b2b.conf
Model Name: efficientnet
LoadGen Scenario: SingleStream
LoadGen Mode: performance
