client 2025-02-27 11:35:31,735 [INFO] Creating output directory '/home/arjun/MLC/repos/local/cache/get-mlperf-inference-results-dir_e3f7a2f6/valid_results/mini-tflite_cpp-cpu-tflite-vmaster-default_config/mobilenet-v2-precision_uint8-0.5-192/singlestream/performance/tmp_power'
client 2025-02-27 11:35:31,744 [INFO] Sending command to the server: 'mlcommons/power client v3'
client 2025-02-27 11:35:31,755 [INFO] Got response: 'mlcommons/power server v3'
client 2025-02-27 11:35:31,755 [INFO] Synchronizing with the server and with time.google.com...
client 2025-02-27 11:35:31,780 [INFO] NTP:offset = -0.004 s, delay = 0.021 s 
client 2025-02-27 11:35:31,780 [INFO] Sending command to the server: 'time'
client 2025-02-27 11:35:31,791 [INFO] Got response: '1740656131.6801407'
client 2025-02-27 11:35:31,791 [INFO] The time difference between the client and the server is within range 100.528 ms..111.653 ms
client 2025-02-27 11:35:31,791 [INFO] Sending command to the server: 'new,,6843a722-23f1-48de-bf35-75533fe38e0d'
client 2025-02-27 11:35:31,806 [INFO] Got response: 'OK 2025-02-27_11-35-31,b67c1774-2dd9-4a07-8c3d-1d30165f718a'
client 2025-02-27 11:35:31,806 [INFO] Session id is '2025-02-27_11-35-31'
client 2025-02-27 11:35:31,807 [INFO] Sources: {"sources": {"__init__.py": "da39a3ee5e6b4b0d3255bfef95601890afd80709", "client.py": "33ca4f26368777ac06e01f9567b714a4b8063886", "lib/__init__.py": "da39a3ee5e6b4b0d3255bfef95601890afd80709", "lib/client.py": "ac2aa093c8e8bbc9569b9e2a3471bc64e58a2258", "lib/common.py": "611d8b29633d331eb19c9455ea3b5fa3284ed6df", "lib/external/__init__.py": "da39a3ee5e6b4b0d3255bfef95601890afd80709", "lib/external/ntplib.py": "4da8f970656505a40483206ef2b5d3dd5e81711d", "lib/server.py": "9bc9a3b6b9b716520658ac175913bcbbdb354336", "lib/source_hashes.py": "60a2e02193209e8d392803326208d5466342da18", "lib/summary.py": "602a9fedfa503e5544d27ab3b0067f235047efc3", "lib/time_sync.py": "80894ef2389e540781ff78de94db16aa4203a14e", "server.py": "c3f90f2f7eeb4db30727556d0c815ebc89b3d28b", "tests/unit/__init__.py": "da39a3ee5e6b4b0d3255bfef95601890afd80709", "tests/unit/test_server.py": "948c1995d4008bc2aa6c4046a34ffa3858d6d671", "tests/unit/test_source_hashes.py": "00468a2907583c593e6574a1f6b404e4651c221a"}, "modules": {"ptd_client_server.lib.client": "lib/client.py", "ptd_client_server.lib.common": "lib/common.py", "ptd_client_server.lib.external.ntplib": "lib/external/ntplib.py", "ptd_client_server.lib.source_hashes": "lib/source_hashes.py", "ptd_client_server.lib.summary": "lib/summary.py", "ptd_client_server.lib.time_sync": "lib/time_sync.py"}}
client 2025-02-27 11:35:31,807 [INFO] Running workload in ranging mode
client 2025-02-27 11:35:31,807 [INFO] Synchronizing with the server and with time.google.com...
client 2025-02-27 11:35:31,828 [INFO] NTP:offset = -0.003 s, delay = 0.020 s 
client 2025-02-27 11:35:31,828 [INFO] Sending command to the server: 'time'
client 2025-02-27 11:35:31,840 [INFO] Got response: '1740656131.727988'
client 2025-02-27 11:35:31,840 [INFO] The time difference between the client and the server is within range 100.701 ms..112.945 ms
client 2025-02-27 11:35:31,841 [INFO] Sending command to the server: 'session,2025-02-27_11-35-31,start,ranging'
client 2025-02-27 11:35:56,694 [INFO] Got response: 'OK'
client 2025-02-27 11:35:56,695 [INFO] Sending command to the server: 'time'
client 2025-02-27 11:35:56,710 [INFO] Got response: '1740656156.5940957'
client 2025-02-27 11:35:56,710 [INFO] The time difference between the client and the server is within range 101.061 ms..116.145 ms
client 2025-02-27 11:35:56,710 [INFO] Running the workload ' MLC_MLPERF_RUN_COUNT=$(cat ${MLC_RUN_DIR}/count.txt); echo ${MLC_MLPERF_RUN_COUNT}; MLC_MLPERF_RUN_COUNT=$((MLC_MLPERF_RUN_COUNT+1)); echo ${MLC_MLPERF_RUN_COUNT} > ${MLC_RUN_DIR}/count.txt; if [ ${MLC_MLPERF_RUN_COUNT} -eq 1 ]; then export MLC_MLPERF_USER_CONF="${MLC_MLPERF_RANGING_USER_CONF}"; else export MLC_MLPERF_USER_CONF="${MLC_MLPERF_TESTING_USER_CONF}"; fi ; /home/arjun/MLC/repos/gateoverflow@mlperf-automations/script/run-all-mlperf-models/run.out'
client 2025-02-27 11:40:57,335 [INFO] Sending command to the server: 'time'
client 2025-02-27 11:40:57,354 [INFO] Got response: '1740656457.2387066'
client 2025-02-27 11:40:57,354 [INFO] The time difference between the client and the server is within range 96.877 ms..115.850 ms
client 2025-02-27 11:40:57,354 [INFO] Sending command to the server: 'session,2025-02-27_11-35-31,stop,ranging'
client 2025-02-27 11:41:08,401 [INFO] Got response: 'OK'
client 2025-02-27 11:41:08,401 [INFO] Sending command to the server: 'time'
client 2025-02-27 11:41:08,421 [INFO] Got response: '1740656468.305333'
client 2025-02-27 11:41:08,421 [INFO] The time difference between the client and the server is within range 96.225 ms..116.369 ms
client 2025-02-27 11:41:08,426 [INFO] Copying loadgen logs from '/home/arjun/MLC/repos/local/cache/get-mlperf-inference-results-dir_e3f7a2f6/valid_results/mini-tflite_cpp-cpu-tflite-vmaster-default_config/mobilenet-v2-precision_uint8-0.5-192/singlestream/performance/run_1' to '/home/arjun/MLC/repos/local/cache/get-mlperf-inference-results-dir_e3f7a2f6/valid_results/mini-tflite_cpp-cpu-tflite-vmaster-default_config/mobilenet-v2-precision_uint8-0.5-192/singlestream/performance/tmp_power/ranging'
client 2025-02-27 11:41:08,426 [INFO] Running workload in testing mode
client 2025-02-27 11:41:08,426 [INFO] Synchronizing with the server and with time.google.com...
client 2025-02-27 11:41:08,447 [INFO] NTP:offset = -0.005 s, delay = 0.020 s 
client 2025-02-27 11:41:08,448 [INFO] Sending command to the server: 'time'
client 2025-02-27 11:41:08,463 [INFO] Got response: '1740656468.345251'
client 2025-02-27 11:41:08,464 [INFO] The time difference between the client and the server is within range 102.876 ms..118.816 ms
client 2025-02-27 11:41:08,464 [INFO] Sending command to the server: 'session,2025-02-27_11-35-31,start,testing'
client 2025-02-27 11:41:21,610 [INFO] Got response: 'OK'
client 2025-02-27 11:41:21,610 [INFO] Sending command to the server: 'time'
client 2025-02-27 11:41:21,625 [INFO] Got response: '1740656481.5109842'
client 2025-02-27 11:41:21,625 [INFO] The time difference between the client and the server is within range 99.501 ms..114.628 ms
client 2025-02-27 11:41:21,625 [INFO] Running the workload ' MLC_MLPERF_RUN_COUNT=$(cat ${MLC_RUN_DIR}/count.txt); echo ${MLC_MLPERF_RUN_COUNT}; MLC_MLPERF_RUN_COUNT=$((MLC_MLPERF_RUN_COUNT+1)); echo ${MLC_MLPERF_RUN_COUNT} > ${MLC_RUN_DIR}/count.txt; if [ ${MLC_MLPERF_RUN_COUNT} -eq 1 ]; then export MLC_MLPERF_USER_CONF="${MLC_MLPERF_RANGING_USER_CONF}"; else export MLC_MLPERF_USER_CONF="${MLC_MLPERF_TESTING_USER_CONF}"; fi ; /home/arjun/MLC/repos/gateoverflow@mlperf-automations/script/run-all-mlperf-models/run.out'
client 2025-02-27 11:51:22,354 [INFO] Sending command to the server: 'time'
client 2025-02-27 11:51:22,372 [INFO] Got response: '1740657082.2514715'
client 2025-02-27 11:51:22,372 [INFO] The time difference between the client and the server is within range 103.303 ms..120.768 ms
client 2025-02-27 11:51:22,372 [INFO] Sending command to the server: 'session,2025-02-27_11-35-31,stop,testing'
client 2025-02-27 11:51:33,054 [INFO] Got response: 'OK'
client 2025-02-27 11:51:33,054 [INFO] Sending command to the server: 'time'
client 2025-02-27 11:51:33,076 [INFO] Got response: '1740657092.9561048'
client 2025-02-27 11:51:33,076 [INFO] The time difference between the client and the server is within range 98.172 ms..120.716 ms
client 2025-02-27 11:51:33,077 [INFO] Copying loadgen logs from '/home/arjun/MLC/repos/local/cache/get-mlperf-inference-results-dir_e3f7a2f6/valid_results/mini-tflite_cpp-cpu-tflite-vmaster-default_config/mobilenet-v2-precision_uint8-0.5-192/singlestream/performance/run_1' to '/home/arjun/MLC/repos/local/cache/get-mlperf-inference-results-dir_e3f7a2f6/valid_results/mini-tflite_cpp-cpu-tflite-vmaster-default_config/mobilenet-v2-precision_uint8-0.5-192/singlestream/performance/tmp_power/run_1'
client 2025-02-27 11:51:33,078 [INFO] Done runs
