Graph file: /home/ubuntu/MLC/repos/local/cache/get-ml-model-mobilenet_8a6e4752/mobilenet_v1_1.0_192.tflite
Image dir: /home/ubuntu/MLC/repos/local/cache/get-preprocessed-dataset-imagenet_46312704
Image list: /home/ubuntu/MLC/repos/local/cache/get-preprocessed-dataset-imagenet_46312704/preprocessed_files.txt
Image size: 192
Image channels: 3
Prediction classes: 1000
Result dir: /home/ubuntu/MLC/repos/local/cache/get-mlperf-inference-results-dir_4228e285/valid_results/i_0f5d227488e14170d-tflite_cpp-cpu-tflite-vmaster-default_config/mobilenet-v1-precision_float-1.0-192/singlestream/accuracy
How many images fit in memory buffer: 1024
Normalize: 1
Subtract mean: 0
Run time preprocessing: 0
Number of Threads: 8
Number of available imagefiles: 50000

Loading graph...
INFO: Created TensorFlow Lite XNNPACK delegate for CPU.
Input tensor dimensions (NHWC): 1*192*192*3
Output tensor dimensions: 1*1001
Path to user.conf : /home/ubuntu/MLC/repos/gateoverflow@mlperf-automations/script/generate-mlperf-inference-user-conf/tmp/3d4941a5fd004d1c8e52c3129b7580ac.conf
Model Name: mobilenet
LoadGen Scenario: SingleStream
LoadGen Mode: accuracy
