Graph file: /home/ec2-user/MLC/repos/local/cache/get-ml-model-efficientnet-lite_9b9b2fd2/efficientnet-lite0/efficientnet-lite0-int8.tflite
Image dir: /home/ec2-user/MLC/repos/local/cache/get-preprocessed-dataset-imagenet_500fb2e9
Image list: /home/ec2-user/MLC/repos/local/cache/get-preprocessed-dataset-imagenet_500fb2e9/preprocessed_files.txt
Image size: 224
Image channels: 3
Prediction classes: 1000
Result dir: /home/ec2-user/MLC/repos/local/cache/get-mlperf-inference-results-dir_9d6f1f88/valid_results/i_02d7c83e498a7d2b9.ec2.internal-tflite_cpp-cpu-tflite-vmaster-default_config/efficientnet-int8-lite0/singlestream/accuracy
How many images fit in memory buffer: 1024
Normalize: 1
Subtract mean: 0
Run time preprocessing: 1
Number of Threads: 8
Number of available imagefiles: 50000

Loading graph...
INFO: Created TensorFlow Lite XNNPACK delegate for CPU.
Input tensor dimensions (NHWC): 1*224*224*3
Output tensor dimensions: 1*1000
Path to user.conf : /home/ec2-user/MLC/repos/gateoverflow@mlperf-automations/script/generate-mlperf-inference-user-conf/tmp/9282b1e6fc854dfa841dd2be4fe6a713.conf
Model Name: efficientnet
LoadGen Scenario: SingleStream
LoadGen Mode: accuracy
