client 2025-02-27 06:33:40,939 [INFO] Creating output directory '/home/arjun/MLC/repos/local/cache/get-mlperf-inference-results-dir_e3f7a2f6/valid_results/mini-tflite_cpp-cpu-tflite-vmaster-default_config/mobilenet-v1-precision_uint8-0.25-224/singlestream/performance/tmp_power'
client 2025-02-27 06:33:40,947 [INFO] Sending command to the server: 'mlcommons/power client v3'
client 2025-02-27 06:33:40,956 [INFO] Got response: 'mlcommons/power server v3'
client 2025-02-27 06:33:40,956 [INFO] Synchronizing with the server and with time.google.com...
client 2025-02-27 06:33:40,981 [INFO] NTP:offset = -0.003 s, delay = 0.020 s 
client 2025-02-27 06:33:40,981 [INFO] Sending command to the server: 'time'
client 2025-02-27 06:33:40,990 [INFO] Got response: '1740638020.6193156'
client 2025-02-27 06:33:40,990 [INFO] The time difference between the client and the server is within range 362.088 ms..371.227 ms
client 2025-02-27 06:33:40,990 [INFO] Sending command to the server: 'new,,9e13d9b2-c52f-4dae-84fa-75fceb93a911'
client 2025-02-27 06:33:41,004 [INFO] Got response: 'OK 2025-02-27_06-33-40,29dcb12b-fce8-45e9-a23c-371b5145f0b3'
client 2025-02-27 06:33:41,004 [INFO] Session id is '2025-02-27_06-33-40'
client 2025-02-27 06:33:41,004 [INFO] Sources: {"sources": {"__init__.py": "da39a3ee5e6b4b0d3255bfef95601890afd80709", "client.py": "33ca4f26368777ac06e01f9567b714a4b8063886", "lib/__init__.py": "da39a3ee5e6b4b0d3255bfef95601890afd80709", "lib/client.py": "ac2aa093c8e8bbc9569b9e2a3471bc64e58a2258", "lib/common.py": "611d8b29633d331eb19c9455ea3b5fa3284ed6df", "lib/external/__init__.py": "da39a3ee5e6b4b0d3255bfef95601890afd80709", "lib/external/ntplib.py": "4da8f970656505a40483206ef2b5d3dd5e81711d", "lib/server.py": "9bc9a3b6b9b716520658ac175913bcbbdb354336", "lib/source_hashes.py": "60a2e02193209e8d392803326208d5466342da18", "lib/summary.py": "602a9fedfa503e5544d27ab3b0067f235047efc3", "lib/time_sync.py": "80894ef2389e540781ff78de94db16aa4203a14e", "server.py": "c3f90f2f7eeb4db30727556d0c815ebc89b3d28b", "tests/unit/__init__.py": "da39a3ee5e6b4b0d3255bfef95601890afd80709", "tests/unit/test_server.py": "948c1995d4008bc2aa6c4046a34ffa3858d6d671", "tests/unit/test_source_hashes.py": "00468a2907583c593e6574a1f6b404e4651c221a"}, "modules": {"ptd_client_server.lib.client": "lib/client.py", "ptd_client_server.lib.common": "lib/common.py", "ptd_client_server.lib.external.ntplib": "lib/external/ntplib.py", "ptd_client_server.lib.source_hashes": "lib/source_hashes.py", "ptd_client_server.lib.summary": "lib/summary.py", "ptd_client_server.lib.time_sync": "lib/time_sync.py"}}
client 2025-02-27 06:33:41,005 [INFO] Running workload in ranging mode
client 2025-02-27 06:33:41,005 [INFO] Synchronizing with the server and with time.google.com...
client 2025-02-27 06:33:41,026 [INFO] NTP:offset = -0.004 s, delay = 0.020 s 
client 2025-02-27 06:33:41,026 [INFO] Sending command to the server: 'time'
client 2025-02-27 06:33:41,038 [INFO] Got response: '1740638020.6660116'
client 2025-02-27 06:33:41,038 [INFO] The time difference between the client and the server is within range 360.586 ms..372.248 ms
client 2025-02-27 06:33:41,038 [INFO] Sending command to the server: 'session,2025-02-27_06-33-40,start,ranging'
client 2025-02-27 06:34:05,601 [INFO] Got response: 'OK'
client 2025-02-27 06:34:05,602 [INFO] Sending command to the server: 'time'
client 2025-02-27 06:34:05,614 [INFO] Got response: '1740638045.2425313'
client 2025-02-27 06:34:05,614 [INFO] The time difference between the client and the server is within range 359.470 ms..372.170 ms
client 2025-02-27 06:34:05,614 [INFO] Running the workload ' MLC_MLPERF_RUN_COUNT=$(cat ${MLC_RUN_DIR}/count.txt); echo ${MLC_MLPERF_RUN_COUNT}; MLC_MLPERF_RUN_COUNT=$((MLC_MLPERF_RUN_COUNT+1)); echo ${MLC_MLPERF_RUN_COUNT} > ${MLC_RUN_DIR}/count.txt; if [ ${MLC_MLPERF_RUN_COUNT} -eq 1 ]; then export MLC_MLPERF_USER_CONF="${MLC_MLPERF_RANGING_USER_CONF}"; else export MLC_MLPERF_USER_CONF="${MLC_MLPERF_TESTING_USER_CONF}"; fi ; /home/arjun/MLC/repos/gateoverflow@mlperf-automations/script/run-all-mlperf-models/run.out'
client 2025-02-27 06:39:06,620 [INFO] Sending command to the server: 'time'
client 2025-02-27 06:39:06,638 [INFO] Got response: '1740638346.2593536'
client 2025-02-27 06:39:06,638 [INFO] The time difference between the client and the server is within range 361.088 ms..378.860 ms
client 2025-02-27 06:39:06,638 [INFO] Sending command to the server: 'session,2025-02-27_06-33-40,stop,ranging'
client 2025-02-27 06:39:17,928 [INFO] Got response: 'OK'
client 2025-02-27 06:39:17,928 [INFO] Sending command to the server: 'time'
client 2025-02-27 06:39:17,937 [INFO] Got response: '1740638357.5608218'
client 2025-02-27 06:39:17,937 [INFO] The time difference between the client and the server is within range 367.730 ms..377.127 ms
client 2025-02-27 06:39:17,942 [INFO] Copying loadgen logs from '/home/arjun/MLC/repos/local/cache/get-mlperf-inference-results-dir_e3f7a2f6/valid_results/mini-tflite_cpp-cpu-tflite-vmaster-default_config/mobilenet-v1-precision_uint8-0.25-224/singlestream/performance/run_1' to '/home/arjun/MLC/repos/local/cache/get-mlperf-inference-results-dir_e3f7a2f6/valid_results/mini-tflite_cpp-cpu-tflite-vmaster-default_config/mobilenet-v1-precision_uint8-0.25-224/singlestream/performance/tmp_power/ranging'
client 2025-02-27 06:39:17,942 [INFO] Running workload in testing mode
client 2025-02-27 06:39:17,942 [INFO] Synchronizing with the server and with time.google.com...
client 2025-02-27 06:39:17,963 [INFO] NTP:offset = -0.004 s, delay = 0.019 s 
client 2025-02-27 06:39:17,963 [INFO] Sending command to the server: 'time'
client 2025-02-27 06:39:17,980 [INFO] Got response: '1740638357.5987246'
client 2025-02-27 06:39:17,980 [INFO] The time difference between the client and the server is within range 364.671 ms..382.236 ms
client 2025-02-27 06:39:17,981 [INFO] Sending command to the server: 'session,2025-02-27_06-33-40,start,testing'
client 2025-02-27 06:39:31,136 [INFO] Got response: 'OK'
client 2025-02-27 06:39:31,137 [INFO] Sending command to the server: 'time'
client 2025-02-27 06:39:31,151 [INFO] Got response: '1740638370.774326'
client 2025-02-27 06:39:31,151 [INFO] The time difference between the client and the server is within range 362.694 ms..377.604 ms
client 2025-02-27 06:39:31,152 [INFO] Running the workload ' MLC_MLPERF_RUN_COUNT=$(cat ${MLC_RUN_DIR}/count.txt); echo ${MLC_MLPERF_RUN_COUNT}; MLC_MLPERF_RUN_COUNT=$((MLC_MLPERF_RUN_COUNT+1)); echo ${MLC_MLPERF_RUN_COUNT} > ${MLC_RUN_DIR}/count.txt; if [ ${MLC_MLPERF_RUN_COUNT} -eq 1 ]; then export MLC_MLPERF_USER_CONF="${MLC_MLPERF_RANGING_USER_CONF}"; else export MLC_MLPERF_USER_CONF="${MLC_MLPERF_TESTING_USER_CONF}"; fi ; /home/arjun/MLC/repos/gateoverflow@mlperf-automations/script/run-all-mlperf-models/run.out'
client 2025-02-27 06:49:32,407 [INFO] Sending command to the server: 'time'
client 2025-02-27 06:49:32,423 [INFO] Got response: '1740638972.0328643'
client 2025-02-27 06:49:32,423 [INFO] The time difference between the client and the server is within range 374.732 ms..390.281 ms
client 2025-02-27 06:49:32,423 [INFO] Sending command to the server: 'session,2025-02-27_06-33-40,stop,testing'
client 2025-02-27 06:49:43,797 [INFO] Got response: 'OK'
client 2025-02-27 06:49:43,797 [INFO] Sending command to the server: 'time'
client 2025-02-27 06:49:43,810 [INFO] Got response: '1740638983.4195993'
client 2025-02-27 06:49:43,810 [INFO] The time difference between the client and the server is within range 378.266 ms..390.972 ms
client 2025-02-27 06:49:43,811 [INFO] Copying loadgen logs from '/home/arjun/MLC/repos/local/cache/get-mlperf-inference-results-dir_e3f7a2f6/valid_results/mini-tflite_cpp-cpu-tflite-vmaster-default_config/mobilenet-v1-precision_uint8-0.25-224/singlestream/performance/run_1' to '/home/arjun/MLC/repos/local/cache/get-mlperf-inference-results-dir_e3f7a2f6/valid_results/mini-tflite_cpp-cpu-tflite-vmaster-default_config/mobilenet-v1-precision_uint8-0.25-224/singlestream/performance/tmp_power/run_1'
client 2025-02-27 06:49:43,812 [INFO] Done runs
