client 2025-02-27 14:08:06,489 [INFO] Creating output directory '/home/arjun/MLC/repos/local/cache/get-mlperf-inference-results-dir_e3f7a2f6/valid_results/mini-tflite_cpp-cpu-tflite-vmaster-default_config/mobilenet-v3-precision_uint8-large-minimalistic-224/singlestream/performance/tmp_power'
client 2025-02-27 14:08:06,500 [INFO] Sending command to the server: 'mlcommons/power client v3'
client 2025-02-27 14:08:06,509 [INFO] Got response: 'mlcommons/power server v3'
client 2025-02-27 14:08:06,509 [INFO] Synchronizing with the server and with time.google.com...
client 2025-02-27 14:08:06,534 [INFO] NTP:offset = -0.001 s, delay = 0.020 s 
client 2025-02-27 14:08:06,534 [INFO] Sending command to the server: 'time'
client 2025-02-27 14:08:06,544 [INFO] Got response: '1740665286.3086085'
client 2025-02-27 14:08:06,544 [INFO] The time difference between the client and the server is within range 225.836 ms..236.354 ms
client 2025-02-27 14:08:06,545 [INFO] Sending command to the server: 'new,,62e9b74e-709f-4c2f-b36f-f909fd0eee23'
client 2025-02-27 14:08:06,556 [INFO] Got response: 'OK 2025-02-27_14-08-06,d94229f0-0dc4-453e-8de2-cce570956557'
client 2025-02-27 14:08:06,556 [INFO] Session id is '2025-02-27_14-08-06'
client 2025-02-27 14:08:06,557 [INFO] Sources: {"sources": {"__init__.py": "da39a3ee5e6b4b0d3255bfef95601890afd80709", "client.py": "33ca4f26368777ac06e01f9567b714a4b8063886", "lib/__init__.py": "da39a3ee5e6b4b0d3255bfef95601890afd80709", "lib/client.py": "ac2aa093c8e8bbc9569b9e2a3471bc64e58a2258", "lib/common.py": "611d8b29633d331eb19c9455ea3b5fa3284ed6df", "lib/external/__init__.py": "da39a3ee5e6b4b0d3255bfef95601890afd80709", "lib/external/ntplib.py": "4da8f970656505a40483206ef2b5d3dd5e81711d", "lib/server.py": "9bc9a3b6b9b716520658ac175913bcbbdb354336", "lib/source_hashes.py": "60a2e02193209e8d392803326208d5466342da18", "lib/summary.py": "602a9fedfa503e5544d27ab3b0067f235047efc3", "lib/time_sync.py": "80894ef2389e540781ff78de94db16aa4203a14e", "server.py": "c3f90f2f7eeb4db30727556d0c815ebc89b3d28b", "tests/unit/__init__.py": "da39a3ee5e6b4b0d3255bfef95601890afd80709", "tests/unit/test_server.py": "948c1995d4008bc2aa6c4046a34ffa3858d6d671", "tests/unit/test_source_hashes.py": "00468a2907583c593e6574a1f6b404e4651c221a"}, "modules": {"ptd_client_server.lib.client": "lib/client.py", "ptd_client_server.lib.common": "lib/common.py", "ptd_client_server.lib.external.ntplib": "lib/external/ntplib.py", "ptd_client_server.lib.source_hashes": "lib/source_hashes.py", "ptd_client_server.lib.summary": "lib/summary.py", "ptd_client_server.lib.time_sync": "lib/time_sync.py"}}
client 2025-02-27 14:08:06,557 [INFO] Running workload in ranging mode
client 2025-02-27 14:08:06,557 [INFO] Synchronizing with the server and with time.google.com...
client 2025-02-27 14:08:06,575 [INFO] NTP:offset = -0.002 s, delay = 0.017 s 
client 2025-02-27 14:08:06,575 [INFO] Sending command to the server: 'time'
client 2025-02-27 14:08:06,584 [INFO] Got response: '1740665286.3501525'
client 2025-02-27 14:08:06,584 [INFO] The time difference between the client and the server is within range 225.831 ms..234.700 ms
client 2025-02-27 14:08:06,584 [INFO] Sending command to the server: 'session,2025-02-27_14-08-06,start,ranging'
client 2025-02-27 14:08:31,069 [INFO] Got response: 'OK'
client 2025-02-27 14:08:31,069 [INFO] Sending command to the server: 'time'
client 2025-02-27 14:08:31,080 [INFO] Got response: '1740665310.8452969'
client 2025-02-27 14:08:31,080 [INFO] The time difference between the client and the server is within range 224.332 ms..235.279 ms
client 2025-02-27 14:08:31,080 [INFO] Running the workload ' MLC_MLPERF_RUN_COUNT=$(cat ${MLC_RUN_DIR}/count.txt); echo ${MLC_MLPERF_RUN_COUNT}; MLC_MLPERF_RUN_COUNT=$((MLC_MLPERF_RUN_COUNT+1)); echo ${MLC_MLPERF_RUN_COUNT} > ${MLC_RUN_DIR}/count.txt; if [ ${MLC_MLPERF_RUN_COUNT} -eq 1 ]; then export MLC_MLPERF_USER_CONF="${MLC_MLPERF_RANGING_USER_CONF}"; else export MLC_MLPERF_USER_CONF="${MLC_MLPERF_TESTING_USER_CONF}"; fi ; /home/arjun/MLC/repos/gateoverflow@mlperf-automations/script/run-all-mlperf-models/run.out'
client 2025-02-27 14:13:31,710 [INFO] Sending command to the server: 'time'
client 2025-02-27 14:13:31,728 [INFO] Got response: '1740665611.4824457'
client 2025-02-27 14:13:31,728 [INFO] The time difference between the client and the server is within range 227.587 ms..246.438 ms
client 2025-02-27 14:13:31,729 [INFO] Sending command to the server: 'session,2025-02-27_14-08-06,stop,ranging'
client 2025-02-27 14:13:42,830 [INFO] Got response: 'OK'
client 2025-02-27 14:13:42,830 [INFO] Sending command to the server: 'time'
client 2025-02-27 14:13:42,848 [INFO] Got response: '1740665622.6039863'
client 2025-02-27 14:13:42,848 [INFO] The time difference between the client and the server is within range 226.655 ms..244.882 ms
client 2025-02-27 14:13:42,853 [INFO] Copying loadgen logs from '/home/arjun/MLC/repos/local/cache/get-mlperf-inference-results-dir_e3f7a2f6/valid_results/mini-tflite_cpp-cpu-tflite-vmaster-default_config/mobilenet-v3-precision_uint8-large-minimalistic-224/singlestream/performance/run_1' to '/home/arjun/MLC/repos/local/cache/get-mlperf-inference-results-dir_e3f7a2f6/valid_results/mini-tflite_cpp-cpu-tflite-vmaster-default_config/mobilenet-v3-precision_uint8-large-minimalistic-224/singlestream/performance/tmp_power/ranging'
client 2025-02-27 14:13:42,853 [INFO] Running workload in testing mode
client 2025-02-27 14:13:42,853 [INFO] Synchronizing with the server and with time.google.com...
client 2025-02-27 14:13:42,886 [INFO] NTP:offset = -0.002 s, delay = 0.020 s 
client 2025-02-27 14:13:42,886 [INFO] Sending command to the server: 'time'
client 2025-02-27 14:13:42,898 [INFO] Got response: '1740665622.6545959'
client 2025-02-27 14:13:42,899 [INFO] The time difference between the client and the server is within range 232.079 ms..244.511 ms
client 2025-02-27 14:13:42,899 [INFO] Sending command to the server: 'session,2025-02-27_14-08-06,start,testing'
client 2025-02-27 14:13:55,984 [INFO] Got response: 'OK'
client 2025-02-27 14:13:55,984 [INFO] Sending command to the server: 'time'
client 2025-02-27 14:13:55,997 [INFO] Got response: '1740665635.7533514'
client 2025-02-27 14:13:55,997 [INFO] The time difference between the client and the server is within range 230.892 ms..244.507 ms
client 2025-02-27 14:13:55,997 [INFO] Running the workload ' MLC_MLPERF_RUN_COUNT=$(cat ${MLC_RUN_DIR}/count.txt); echo ${MLC_MLPERF_RUN_COUNT}; MLC_MLPERF_RUN_COUNT=$((MLC_MLPERF_RUN_COUNT+1)); echo ${MLC_MLPERF_RUN_COUNT} > ${MLC_RUN_DIR}/count.txt; if [ ${MLC_MLPERF_RUN_COUNT} -eq 1 ]; then export MLC_MLPERF_USER_CONF="${MLC_MLPERF_RANGING_USER_CONF}"; else export MLC_MLPERF_USER_CONF="${MLC_MLPERF_TESTING_USER_CONF}"; fi ; /home/arjun/MLC/repos/gateoverflow@mlperf-automations/script/run-all-mlperf-models/run.out'
client 2025-02-27 14:23:56,408 [INFO] Sending command to the server: 'time'
client 2025-02-27 14:23:56,421 [INFO] Got response: '1740666236.1667316'
client 2025-02-27 14:23:56,421 [INFO] The time difference between the client and the server is within range 242.213 ms..255.214 ms
client 2025-02-27 14:23:56,422 [INFO] Sending command to the server: 'session,2025-02-27_14-08-06,stop,testing'
client 2025-02-27 14:24:07,773 [INFO] Got response: 'OK'
client 2025-02-27 14:24:07,773 [INFO] Sending command to the server: 'time'
client 2025-02-27 14:24:07,790 [INFO] Got response: '1740666247.534126'
client 2025-02-27 14:24:07,790 [INFO] The time difference between the client and the server is within range 239.837 ms..256.523 ms
client 2025-02-27 14:24:07,791 [INFO] Copying loadgen logs from '/home/arjun/MLC/repos/local/cache/get-mlperf-inference-results-dir_e3f7a2f6/valid_results/mini-tflite_cpp-cpu-tflite-vmaster-default_config/mobilenet-v3-precision_uint8-large-minimalistic-224/singlestream/performance/run_1' to '/home/arjun/MLC/repos/local/cache/get-mlperf-inference-results-dir_e3f7a2f6/valid_results/mini-tflite_cpp-cpu-tflite-vmaster-default_config/mobilenet-v3-precision_uint8-large-minimalistic-224/singlestream/performance/tmp_power/run_1'
client 2025-02-27 14:24:07,792 [INFO] Done runs
