client 2025-02-27 09:40:30,574 [INFO] Creating output directory '/home/arjun/MLC/repos/local/cache/get-mlperf-inference-results-dir_e3f7a2f6/valid_results/mini-tflite_cpp-cpu-tflite-vmaster-default_config/mobilenet-v2-precision_uint8-1.0-128/singlestream/performance/tmp_power'
client 2025-02-27 09:40:30,585 [INFO] Sending command to the server: 'mlcommons/power client v3'
client 2025-02-27 09:40:30,595 [INFO] Got response: 'mlcommons/power server v3'
client 2025-02-27 09:40:30,595 [INFO] Synchronizing with the server and with time.google.com...
client 2025-02-27 09:40:30,620 [INFO] NTP:offset = -0.008 s, delay = 0.021 s 
client 2025-02-27 09:40:30,621 [INFO] Sending command to the server: 'time'
client 2025-02-27 09:40:30,631 [INFO] Got response: '1740649230.493671'
client 2025-02-27 09:40:30,632 [INFO] The time difference between the client and the server is within range 127.342 ms..138.456 ms
client 2025-02-27 09:40:30,632 [INFO] Sending command to the server: 'new,,f31b63b3-c02c-4ae3-a173-388f69991c73'
client 2025-02-27 09:40:30,645 [INFO] Got response: 'OK 2025-02-27_09-40-30,09d6b9bf-55d1-432e-ae3b-fb8ebcfb9feb'
client 2025-02-27 09:40:30,645 [INFO] Session id is '2025-02-27_09-40-30'
client 2025-02-27 09:40:30,646 [INFO] Sources: {"sources": {"__init__.py": "da39a3ee5e6b4b0d3255bfef95601890afd80709", "client.py": "33ca4f26368777ac06e01f9567b714a4b8063886", "lib/__init__.py": "da39a3ee5e6b4b0d3255bfef95601890afd80709", "lib/client.py": "ac2aa093c8e8bbc9569b9e2a3471bc64e58a2258", "lib/common.py": "611d8b29633d331eb19c9455ea3b5fa3284ed6df", "lib/external/__init__.py": "da39a3ee5e6b4b0d3255bfef95601890afd80709", "lib/external/ntplib.py": "4da8f970656505a40483206ef2b5d3dd5e81711d", "lib/server.py": "9bc9a3b6b9b716520658ac175913bcbbdb354336", "lib/source_hashes.py": "60a2e02193209e8d392803326208d5466342da18", "lib/summary.py": "602a9fedfa503e5544d27ab3b0067f235047efc3", "lib/time_sync.py": "80894ef2389e540781ff78de94db16aa4203a14e", "server.py": "c3f90f2f7eeb4db30727556d0c815ebc89b3d28b", "tests/unit/__init__.py": "da39a3ee5e6b4b0d3255bfef95601890afd80709", "tests/unit/test_server.py": "948c1995d4008bc2aa6c4046a34ffa3858d6d671", "tests/unit/test_source_hashes.py": "00468a2907583c593e6574a1f6b404e4651c221a"}, "modules": {"ptd_client_server.lib.client": "lib/client.py", "ptd_client_server.lib.common": "lib/common.py", "ptd_client_server.lib.external.ntplib": "lib/external/ntplib.py", "ptd_client_server.lib.source_hashes": "lib/source_hashes.py", "ptd_client_server.lib.summary": "lib/summary.py", "ptd_client_server.lib.time_sync": "lib/time_sync.py"}}
client 2025-02-27 09:40:30,646 [INFO] Running workload in ranging mode
client 2025-02-27 09:40:30,646 [INFO] Synchronizing with the server and with time.google.com...
client 2025-02-27 09:40:30,667 [INFO] NTP:offset = -0.008 s, delay = 0.019 s 
client 2025-02-27 09:40:30,667 [INFO] Sending command to the server: 'time'
client 2025-02-27 09:40:30,682 [INFO] Got response: '1740649230.5402002'
client 2025-02-27 09:40:30,682 [INFO] The time difference between the client and the server is within range 127.431 ms..142.357 ms
client 2025-02-27 09:40:30,682 [INFO] Sending command to the server: 'session,2025-02-27_09-40-30,start,ranging'
client 2025-02-27 09:40:55,264 [INFO] Got response: 'OK'
client 2025-02-27 09:40:55,264 [INFO] Sending command to the server: 'time'
client 2025-02-27 09:40:55,274 [INFO] Got response: '1740649255.135895'
client 2025-02-27 09:40:55,274 [INFO] The time difference between the client and the server is within range 128.953 ms..139.032 ms
client 2025-02-27 09:40:55,275 [INFO] Running the workload ' MLC_MLPERF_RUN_COUNT=$(cat ${MLC_RUN_DIR}/count.txt); echo ${MLC_MLPERF_RUN_COUNT}; MLC_MLPERF_RUN_COUNT=$((MLC_MLPERF_RUN_COUNT+1)); echo ${MLC_MLPERF_RUN_COUNT} > ${MLC_RUN_DIR}/count.txt; if [ ${MLC_MLPERF_RUN_COUNT} -eq 1 ]; then export MLC_MLPERF_USER_CONF="${MLC_MLPERF_RANGING_USER_CONF}"; else export MLC_MLPERF_USER_CONF="${MLC_MLPERF_TESTING_USER_CONF}"; fi ; /home/arjun/MLC/repos/gateoverflow@mlperf-automations/script/run-all-mlperf-models/run.out'
client 2025-02-27 09:45:55,780 [INFO] Sending command to the server: 'time'
client 2025-02-27 09:45:55,797 [INFO] Got response: '1740649555.6537864'
client 2025-02-27 09:45:55,797 [INFO] The time difference between the client and the server is within range 126.728 ms..143.523 ms
client 2025-02-27 09:45:55,797 [INFO] Sending command to the server: 'session,2025-02-27_09-40-30,stop,ranging'
client 2025-02-27 09:46:06,912 [INFO] Got response: 'OK'
client 2025-02-27 09:46:06,912 [INFO] Sending command to the server: 'time'
client 2025-02-27 09:46:06,925 [INFO] Got response: '1740649566.7826166'
client 2025-02-27 09:46:06,925 [INFO] The time difference between the client and the server is within range 130.098 ms..143.143 ms
client 2025-02-27 09:46:06,929 [INFO] Copying loadgen logs from '/home/arjun/MLC/repos/local/cache/get-mlperf-inference-results-dir_e3f7a2f6/valid_results/mini-tflite_cpp-cpu-tflite-vmaster-default_config/mobilenet-v2-precision_uint8-1.0-128/singlestream/performance/run_1' to '/home/arjun/MLC/repos/local/cache/get-mlperf-inference-results-dir_e3f7a2f6/valid_results/mini-tflite_cpp-cpu-tflite-vmaster-default_config/mobilenet-v2-precision_uint8-1.0-128/singlestream/performance/tmp_power/ranging'
client 2025-02-27 09:46:06,930 [INFO] Running workload in testing mode
client 2025-02-27 09:46:06,930 [INFO] Synchronizing with the server and with time.google.com...
client 2025-02-27 09:46:06,951 [INFO] NTP:offset = -0.005 s, delay = 0.020 s 
client 2025-02-27 09:46:06,951 [INFO] Sending command to the server: 'time'
client 2025-02-27 09:46:06,968 [INFO] Got response: '1740649566.822291'
client 2025-02-27 09:46:06,968 [INFO] The time difference between the client and the server is within range 129.339 ms..146.417 ms
client 2025-02-27 09:46:06,968 [INFO] Sending command to the server: 'session,2025-02-27_09-40-30,start,testing'
client 2025-02-27 09:46:20,223 [INFO] Got response: 'OK'
client 2025-02-27 09:46:20,224 [INFO] Sending command to the server: 'time'
client 2025-02-27 09:46:20,238 [INFO] Got response: '1740649580.0977201'
client 2025-02-27 09:46:20,239 [INFO] The time difference between the client and the server is within range 126.325 ms..141.325 ms
client 2025-02-27 09:46:20,239 [INFO] Running the workload ' MLC_MLPERF_RUN_COUNT=$(cat ${MLC_RUN_DIR}/count.txt); echo ${MLC_MLPERF_RUN_COUNT}; MLC_MLPERF_RUN_COUNT=$((MLC_MLPERF_RUN_COUNT+1)); echo ${MLC_MLPERF_RUN_COUNT} > ${MLC_RUN_DIR}/count.txt; if [ ${MLC_MLPERF_RUN_COUNT} -eq 1 ]; then export MLC_MLPERF_USER_CONF="${MLC_MLPERF_RANGING_USER_CONF}"; else export MLC_MLPERF_USER_CONF="${MLC_MLPERF_TESTING_USER_CONF}"; fi ; /home/arjun/MLC/repos/gateoverflow@mlperf-automations/script/run-all-mlperf-models/run.out'
client 2025-02-27 09:56:20,870 [INFO] Sending command to the server: 'time'
client 2025-02-27 09:56:20,887 [INFO] Got response: '1740650180.7367582'
client 2025-02-27 09:56:20,888 [INFO] The time difference between the client and the server is within range 133.369 ms..151.328 ms
client 2025-02-27 09:56:20,888 [INFO] Sending command to the server: 'session,2025-02-27_09-40-30,stop,testing'
client 2025-02-27 09:56:31,448 [INFO] Got response: 'OK'
client 2025-02-27 09:56:31,448 [INFO] Sending command to the server: 'time'
client 2025-02-27 09:56:31,461 [INFO] Got response: '1740650191.3104486'
client 2025-02-27 09:56:31,461 [INFO] The time difference between the client and the server is within range 138.383 ms..151.132 ms
client 2025-02-27 09:56:31,462 [INFO] Copying loadgen logs from '/home/arjun/MLC/repos/local/cache/get-mlperf-inference-results-dir_e3f7a2f6/valid_results/mini-tflite_cpp-cpu-tflite-vmaster-default_config/mobilenet-v2-precision_uint8-1.0-128/singlestream/performance/run_1' to '/home/arjun/MLC/repos/local/cache/get-mlperf-inference-results-dir_e3f7a2f6/valid_results/mini-tflite_cpp-cpu-tflite-vmaster-default_config/mobilenet-v2-precision_uint8-1.0-128/singlestream/performance/tmp_power/run_1'
client 2025-02-27 09:56:31,463 [INFO] Done runs
