[2025-02-16 05:20:22,659 main.py:229 INFO] Detected system ID: KnownSystem.e3835c1e5e5f
[2025-02-16 05:20:23,014 harness.py:249 INFO] The harness will load 3 plugins: ['build/plugins/pixelShuffle3DPlugin/libpixelshuffle3dplugin.so', 'build/plugins/conv3D1X1X1K4Plugin/libconv3D1X1X1K4Plugin.so', 'build/plugins/conv3D3X3X3C1K32Plugin/libconv3D3X3X3C1K32Plugin.so']
[2025-02-16 05:20:23,014 generate_conf_files.py:107 INFO] Generated measurements/ entries for e3835c1e5e5f_TRT/3d-unet-99.9/Offline
[2025-02-16 05:20:23,014 __init__.py:46 INFO] Running command: ./build/bin/harness_3dunet --plugins="build/plugins/pixelShuffle3DPlugin/libpixelshuffle3dplugin.so,build/plugins/conv3D1X1X1K4Plugin/libconv3D1X1X1K4Plugin.so,build/plugins/conv3D3X3X3C1K32Plugin/libconv3D3X3X3C1K32Plugin.so" --logfile_outdir="/mlc-mount/home/arjun/gh_action_results/valid_results/RTX4090x2-nvidia_original-gpu-tensorrt-vdefault-default_config/3d-unet-99.9/offline/performance/run_1" --logfile_prefix="mlperf_log_" --performance_sample_count=43 --test_mode="PerformanceOnly" --gpu_copy_streams=1 --gpu_inference_streams=1 --use_deque_limit=true --gpu_batch_size=8 --map_path="data_maps/kits19/val_map.txt" --mlperf_conf_path="/home/mlcuser/MLC/repos/local/cache/get-git-repo_14157262/inference/mlperf.conf" --tensor_path="build/preprocessed_data/KiTS19/inference/int8" --use_graphs=false --user_conf_path="/home/mlcuser/MLC/repos/mlcommons@mlperf-automations/script/generate-mlperf-inference-user-conf/tmp/f17f4fd27f9841008e8c9d8f77db49d2.conf" --unet3d_sw_gaussian_patch_path="/home/mlcuser/MLC/repos/local/cache/get-mlperf-inference-nvidia-scratch-space_5aab030f/preprocessed_data/KiTS19/etc/gaussian_patches.npy" --gpu_engines="./build/engines/e3835c1e5e5f/3d-unet/Offline/3d-unet-Offline-gpu-b8-int8.custom_k_99_9_MaxP.plan" --max_dlas=0 --slice_overlap_patch_kernel_cg_impl=false --scenario Offline --model 3d-unet
[2025-02-16 05:20:23,014 __init__.py:53 INFO] Overriding Environment
benchmark : Benchmark.UNET3D
buffer_manager_thread_count : 0
data_dir : /home/mlcuser/MLC/repos/local/cache/get-mlperf-inference-nvidia-scratch-space_5aab030f/data
gpu_batch_size : 8
gpu_copy_streams : 1
gpu_inference_streams : 1
input_dtype : int8
input_format : linear
log_dir : /home/mlcuser/MLC/repos/local/cache/get-git-repo_0ab377fc/repo/closed/NVIDIA/build/logs/2025.02.16-05.20.21
map_path : data_maps/kits19/val_map.txt
mlperf_conf_path : /home/mlcuser/MLC/repos/local/cache/get-git-repo_14157262/inference/mlperf.conf
offline_expected_qps : 0.0
precision : int8
preprocessed_data_dir : /home/mlcuser/MLC/repos/local/cache/get-mlperf-inference-nvidia-scratch-space_5aab030f/preprocessed_data
scenario : Scenario.Offline
slice_overlap_patch_kernel_cg_impl : False
system : SystemConfiguration(host_cpu_conf=CPUConfiguration(layout={CPU(name='Intel(R) Xeon(R) w7-2495X', architecture=<CPUArchitecture.x86_64: AliasedName(name='x86_64', aliases=(), patterns=())>, core_count=24, threads_per_core=2): 1}), host_mem_conf=MemoryConfiguration(host_memory_capacity=Memory(quantity=197.33452799999998, byte_suffix=<ByteSuffix.GB: (1000, 3)>, _num_bytes=197334528000), comparison_tolerance=0.05), accelerator_conf=AcceleratorConfiguration(layout=defaultdict(<class 'int'>, {GPU(name='NVIDIA GeForce RTX 4090', accelerator_type=<AcceleratorType.Discrete: AliasedName(name='Discrete', aliases=(), patterns=())>, vram=Memory(quantity=23.98828125, byte_suffix=<ByteSuffix.GiB: (1024, 3)>, _num_bytes=25757220864), max_power_limit=450.0, pci_id='0x268410DE', compute_sm=89): 1, GPU(name='NVIDIA GeForce RTX 4090', accelerator_type=<AcceleratorType.Discrete: AliasedName(name='Discrete', aliases=(), patterns=())>, vram=Memory(quantity=23.98828125, byte_suffix=<ByteSuffix.GiB: (1024, 3)>, _num_bytes=25757220864), max_power_limit=500.0, pci_id='0x268410DE', compute_sm=89): 1})), numa_conf=NUMAConfiguration(numa_nodes={}, num_numa_nodes=1), system_id='e3835c1e5e5f')
tensor_path : build/preprocessed_data/KiTS19/inference/int8
test_mode : PerformanceOnly
unet3d_sw_gaussian_patch_path : /home/mlcuser/MLC/repos/local/cache/get-mlperf-inference-nvidia-scratch-space_5aab030f/preprocessed_data/KiTS19/etc/gaussian_patches.npy
use_deque_limit : True
use_graphs : False
user_conf_path : /home/mlcuser/MLC/repos/mlcommons@mlperf-automations/script/generate-mlperf-inference-user-conf/tmp/f17f4fd27f9841008e8c9d8f77db49d2.conf
system_id : e3835c1e5e5f
config_name : e3835c1e5e5f_3d-unet_Offline
workload_setting : WorkloadSetting(HarnessType.Custom, AccuracyTarget.k_99_9, PowerSetting.MaxP)
optimization_level : plugin-enabled
num_profiles : 1
config_ver : custom_k_99_9_MaxP
accuracy_level : 99.9%
inference_server : custom
skip_file_checks : False
power_limit : None
cpu_freq : None
&&&& RUNNING MLPerf_Inference_3DUNet_Harness # ./build/bin/harness_3dunet
[I] mlperf.conf path: /home/mlcuser/MLC/repos/local/cache/get-git-repo_14157262/inference/mlperf.conf
[I] user.conf path: /home/mlcuser/MLC/repos/mlcommons@mlperf-automations/script/generate-mlperf-inference-user-conf/tmp/f17f4fd27f9841008e8c9d8f77db49d2.conf
Creating QSL.
Finished Creating QSL.
Setting up SUT.
[I] [TRT] Loaded engine size: 31 MiB
[I] [TRT] [MemUsageChange] Init cuBLAS/cuBLASLt: CPU +0, GPU +8, now: CPU 86, GPU 1107 (MiB)
[I] [TRT] [MemUsageChange] Init cuDNN: CPU +0, GPU +10, now: CPU 86, GPU 1117 (MiB)
[I] [TRT] [MemUsageChange] TensorRT-managed allocation in engine deserialization: CPU +0, GPU +29, now: CPU 0, GPU 29 (MiB)
[I] Device:0: ./build/engines/e3835c1e5e5f/3d-unet/Offline/3d-unet-Offline-gpu-b8-int8.custom_k_99_9_MaxP.plan has been successfully loaded.
[I] [TRT] Loaded engine size: 31 MiB
[W] [TRT] Using an engine plan file across different models of devices is not recommended and is likely to affect performance or even cause errors.
[I] [TRT] [MemUsageChange] Init cuBLAS/cuBLASLt: CPU +0, GPU +8, now: CPU 122, GPU 963 (MiB)
[I] [TRT] [MemUsageChange] Init cuDNN: CPU +0, GPU +10, now: CPU 122, GPU 973 (MiB)
[I] [TRT] [MemUsageChange] TensorRT-managed allocation in engine deserialization: CPU +0, GPU +30, now: CPU 0, GPU 59 (MiB)
[I] Device:1: ./build/engines/e3835c1e5e5f/3d-unet/Offline/3d-unet-Offline-gpu-b8-int8.custom_k_99_9_MaxP.plan has been successfully loaded.
[E] [TRT] 3: [runtime.cpp::~Runtime::401] Error Code 3: API Usage Error (Parameter check failed at: runtime/rt/runtime.cpp::~Runtime::401, condition: mEngineCounter.use_count() == 1 Destroying a runtime before destroying deserialized engines created by the runtime leads to undefined behavior.)
[I] [TRT] [MemUsageChange] Init cuBLAS/cuBLASLt: CPU +0, GPU +8, now: CPU 91, GPU 1823 (MiB)
[I] [TRT] [MemUsageChange] Init cuDNN: CPU +0, GPU +8, now: CPU 91, GPU 1831 (MiB)
[I] [TRT] [MemUsageChange] TensorRT-managed allocation in IExecutionContext creation: CPU +0, GPU +2218, now: CPU 0, GPU 2277 (MiB)
[I] [TRT] [MemUsageChange] Init cuBLAS/cuBLASLt: CPU +0, GPU +8, now: CPU 98, GPU 1679 (MiB)
[I] [TRT] [MemUsageChange] Init cuDNN: CPU +0, GPU +8, now: CPU 98, GPU 1687 (MiB)
[I] [TRT] [MemUsageChange] TensorRT-managed allocation in IExecutionContext creation: CPU +0, GPU +2217, now: CPU 0, GPU 4494 (MiB)
[I] Creating batcher thread: 0 EnableBatcherThreadPerDevice: true
[I] Creating batcher thread: 1 EnableBatcherThreadPerDevice: true
Finished setting up SUT.
Starting warmup. Running for a minimum of 5 seconds.
Finished warmup. Ran for 5.44746s.
Starting running actual test.
================================================
MLPerf Results Summary
================================================
SUT name : Server_3DUNet
Scenario : Offline
Mode     : PerformanceOnly
Samples per second: 8.30876
Result is : VALID
  Min duration satisfied : Yes
  Min queries satisfied : Yes
  Early stopping satisfied: Yes

================================================
Additional Stats
================================================
Min latency (ns)                : 186071021
Max latency (ns)                : 641732316779
Mean latency (ns)               : 320729514484
50.00 percentile latency (ns)   : 320716397215
90.00 percentile latency (ns)   : 576987641574
95.00 percentile latency (ns)   : 609658815523
97.00 percentile latency (ns)   : 622495338947
99.00 percentile latency (ns)   : 635111390551
99.90 percentile latency (ns)   : 641114027661

================================================
Test Parameters Used
================================================
samples_per_query : 5332
target_qps : 8.08
target_latency (ns): 0
max_async_queries : 1
min_duration (ms): 600000
max_duration (ms): 0
min_query_count : 1
max_query_count : 0
qsl_rng_seed : 6023615788873153749
sample_index_rng_seed : 15036839855038426416
schedule_rng_seed : 9933818062894767841
accuracy_log_rng_seed : 0
accuracy_log_probability : 0
accuracy_log_sampling_target : 0
print_timestamps : 0
performance_issue_unique : 0
performance_issue_same : 0
performance_issue_same_index : 0
performance_sample_count : 43
WARNING: sample_concatenate_permutation was set to true. 
Generated samples per query might be different as the one in the setting.
Check the generated_samples_per_query line in the detailed log for the real
samples_per_query value

No warnings encountered during test.

No errors encountered during test.
Finished running actual test.
Device Device:0 processed:
  500 batches of size 2
  123 batches of size 3
  425 batches of size 4
  166 batches of size 5
  20929 batches of size 8
  Memcpy Calls: 0
  PerSampleCudaMemcpy Calls: 2645
  BatchedCudaMemcpy Calls: 0
Device Device:1 processed:
  492 batches of size 2
  125 batches of size 3
  443 batches of size 4
  206 batches of size 5
  20859 batches of size 8
  Memcpy Calls: 0
  PerSampleCudaMemcpy Calls: 2687
  BatchedCudaMemcpy Calls: 0
&&&& PASSED MLPerf_Inference_3DUNet_Harness # ./build/bin/harness_3dunet
[2025-02-16 05:31:12,359 run_harness.py:166 INFO] Result: result_samples_per_second: 8.30876, Result is VALID
 
======================== Result summaries: ========================

