client 2025-02-27 08:24:35,959 [INFO] Creating output directory '/home/arjun/MLC/repos/local/cache/get-mlperf-inference-results-dir_e3f7a2f6/valid_results/mini-tflite_cpp-cpu-tflite-vmaster-default_config/mobilenet-v1-precision_uint8-0.25-128/singlestream/performance/tmp_power'
client 2025-02-27 08:24:35,969 [INFO] Sending command to the server: 'mlcommons/power client v3'
client 2025-02-27 08:24:35,979 [INFO] Got response: 'mlcommons/power server v3'
client 2025-02-27 08:24:35,980 [INFO] Synchronizing with the server and with time.google.com...
client 2025-02-27 08:24:36,004 [INFO] NTP:offset = -0.008 s, delay = 0.020 s 
client 2025-02-27 08:24:36,004 [INFO] Sending command to the server: 'time'
client 2025-02-27 08:24:36,017 [INFO] Got response: '1740644675.9606645'
client 2025-02-27 08:24:36,017 [INFO] The time difference between the client and the server is within range 43.981 ms..57.277 ms
client 2025-02-27 08:24:36,018 [INFO] Sending command to the server: 'new,,af214640-efc7-421e-a50a-09a2814646d7'
client 2025-02-27 08:24:36,036 [INFO] Got response: 'OK 2025-02-27_08-24-35,a5dda511-27e4-46b1-94dd-44489d0f7192'
client 2025-02-27 08:24:36,036 [INFO] Session id is '2025-02-27_08-24-35'
client 2025-02-27 08:24:36,036 [INFO] Sources: {"sources": {"__init__.py": "da39a3ee5e6b4b0d3255bfef95601890afd80709", "client.py": "33ca4f26368777ac06e01f9567b714a4b8063886", "lib/__init__.py": "da39a3ee5e6b4b0d3255bfef95601890afd80709", "lib/client.py": "ac2aa093c8e8bbc9569b9e2a3471bc64e58a2258", "lib/common.py": "611d8b29633d331eb19c9455ea3b5fa3284ed6df", "lib/external/__init__.py": "da39a3ee5e6b4b0d3255bfef95601890afd80709", "lib/external/ntplib.py": "4da8f970656505a40483206ef2b5d3dd5e81711d", "lib/server.py": "9bc9a3b6b9b716520658ac175913bcbbdb354336", "lib/source_hashes.py": "60a2e02193209e8d392803326208d5466342da18", "lib/summary.py": "602a9fedfa503e5544d27ab3b0067f235047efc3", "lib/time_sync.py": "80894ef2389e540781ff78de94db16aa4203a14e", "server.py": "c3f90f2f7eeb4db30727556d0c815ebc89b3d28b", "tests/unit/__init__.py": "da39a3ee5e6b4b0d3255bfef95601890afd80709", "tests/unit/test_server.py": "948c1995d4008bc2aa6c4046a34ffa3858d6d671", "tests/unit/test_source_hashes.py": "00468a2907583c593e6574a1f6b404e4651c221a"}, "modules": {"ptd_client_server.lib.client": "lib/client.py", "ptd_client_server.lib.common": "lib/common.py", "ptd_client_server.lib.external.ntplib": "lib/external/ntplib.py", "ptd_client_server.lib.source_hashes": "lib/source_hashes.py", "ptd_client_server.lib.summary": "lib/summary.py", "ptd_client_server.lib.time_sync": "lib/time_sync.py"}}
client 2025-02-27 08:24:36,037 [INFO] Running workload in ranging mode
client 2025-02-27 08:24:36,037 [INFO] Synchronizing with the server and with time.google.com...
client 2025-02-27 08:24:36,058 [INFO] NTP:offset = -0.008 s, delay = 0.020 s 
client 2025-02-27 08:24:36,059 [INFO] Sending command to the server: 'time'
client 2025-02-27 08:24:36,456 [INFO] Got response: '1740644676.3407476'
client 2025-02-27 08:24:36,457 [INFO] The time difference between the client and the server is within range -281.601 ms..116.239 ms
client 2025-02-27 08:24:36,457 [INFO] Sending command to the server: 'session,2025-02-27_08-24-35,start,ranging'
client 2025-02-27 08:25:01,027 [INFO] Got response: 'OK'
client 2025-02-27 08:25:01,028 [INFO] Sending command to the server: 'time'
client 2025-02-27 08:25:01,040 [INFO] Got response: '1740644700.9853027'
client 2025-02-27 08:25:01,040 [INFO] The time difference between the client and the server is within range 42.764 ms..55.087 ms
client 2025-02-27 08:25:01,040 [INFO] Running the workload ' MLC_MLPERF_RUN_COUNT=$(cat ${MLC_RUN_DIR}/count.txt); echo ${MLC_MLPERF_RUN_COUNT}; MLC_MLPERF_RUN_COUNT=$((MLC_MLPERF_RUN_COUNT+1)); echo ${MLC_MLPERF_RUN_COUNT} > ${MLC_RUN_DIR}/count.txt; if [ ${MLC_MLPERF_RUN_COUNT} -eq 1 ]; then export MLC_MLPERF_USER_CONF="${MLC_MLPERF_RANGING_USER_CONF}"; else export MLC_MLPERF_USER_CONF="${MLC_MLPERF_TESTING_USER_CONF}"; fi ; /home/arjun/MLC/repos/gateoverflow@mlperf-automations/script/run-all-mlperf-models/run.out'
client 2025-02-27 08:30:03,171 [INFO] Sending command to the server: 'time'
client 2025-02-27 08:30:03,191 [INFO] Got response: '1740645003.1262188'
client 2025-02-27 08:30:03,191 [INFO] The time difference between the client and the server is within range 45.352 ms..65.014 ms
client 2025-02-27 08:30:03,191 [INFO] Sending command to the server: 'session,2025-02-27_08-24-35,stop,ranging'
client 2025-02-27 08:30:14,488 [INFO] Got response: 'OK'
client 2025-02-27 08:30:14,489 [INFO] Sending command to the server: 'time'
client 2025-02-27 08:30:14,503 [INFO] Got response: '1740645014.4391248'
client 2025-02-27 08:30:14,503 [INFO] The time difference between the client and the server is within range 49.958 ms..64.786 ms
client 2025-02-27 08:30:14,508 [INFO] Copying loadgen logs from '/home/arjun/MLC/repos/local/cache/get-mlperf-inference-results-dir_e3f7a2f6/valid_results/mini-tflite_cpp-cpu-tflite-vmaster-default_config/mobilenet-v1-precision_uint8-0.25-128/singlestream/performance/run_1' to '/home/arjun/MLC/repos/local/cache/get-mlperf-inference-results-dir_e3f7a2f6/valid_results/mini-tflite_cpp-cpu-tflite-vmaster-default_config/mobilenet-v1-precision_uint8-0.25-128/singlestream/performance/tmp_power/ranging'
client 2025-02-27 08:30:14,508 [INFO] Running workload in testing mode
client 2025-02-27 08:30:14,508 [INFO] Synchronizing with the server and with time.google.com...
client 2025-02-27 08:30:14,530 [INFO] NTP:offset = -0.009 s, delay = 0.021 s 
client 2025-02-27 08:30:14,531 [INFO] Sending command to the server: 'time'
client 2025-02-27 08:30:14,547 [INFO] Got response: '1740645014.4820206'
client 2025-02-27 08:30:14,547 [INFO] The time difference between the client and the server is within range 49.068 ms..65.316 ms
client 2025-02-27 08:30:14,547 [INFO] Sending command to the server: 'session,2025-02-27_08-24-35,start,testing'
client 2025-02-27 08:30:27,801 [INFO] Got response: 'OK'
client 2025-02-27 08:30:27,801 [INFO] Sending command to the server: 'time'
client 2025-02-27 08:30:27,817 [INFO] Got response: '1740645027.7547228'
client 2025-02-27 08:30:27,817 [INFO] The time difference between the client and the server is within range 46.872 ms..62.981 ms
client 2025-02-27 08:30:27,817 [INFO] Running the workload ' MLC_MLPERF_RUN_COUNT=$(cat ${MLC_RUN_DIR}/count.txt); echo ${MLC_MLPERF_RUN_COUNT}; MLC_MLPERF_RUN_COUNT=$((MLC_MLPERF_RUN_COUNT+1)); echo ${MLC_MLPERF_RUN_COUNT} > ${MLC_RUN_DIR}/count.txt; if [ ${MLC_MLPERF_RUN_COUNT} -eq 1 ]; then export MLC_MLPERF_USER_CONF="${MLC_MLPERF_RANGING_USER_CONF}"; else export MLC_MLPERF_USER_CONF="${MLC_MLPERF_TESTING_USER_CONF}"; fi ; /home/arjun/MLC/repos/gateoverflow@mlperf-automations/script/run-all-mlperf-models/run.out'
client 2025-02-27 08:40:31,979 [INFO] Sending command to the server: 'time'
client 2025-02-27 08:40:32,078 [INFO] Got response: '1740645631.9171848'
client 2025-02-27 08:40:32,079 [INFO] The time difference between the client and the server is within range 62.502 ms..161.944 ms
client 2025-02-27 08:40:32,079 [INFO] Sending command to the server: 'session,2025-02-27_08-24-35,stop,testing'
client 2025-02-27 08:40:42,925 [INFO] Got response: 'OK'
client 2025-02-27 08:40:42,925 [INFO] Sending command to the server: 'time'
client 2025-02-27 08:40:42,939 [INFO] Got response: '1740645642.8628585'
client 2025-02-27 08:40:42,939 [INFO] The time difference between the client and the server is within range 62.818 ms..76.690 ms
client 2025-02-27 08:40:42,940 [INFO] Copying loadgen logs from '/home/arjun/MLC/repos/local/cache/get-mlperf-inference-results-dir_e3f7a2f6/valid_results/mini-tflite_cpp-cpu-tflite-vmaster-default_config/mobilenet-v1-precision_uint8-0.25-128/singlestream/performance/run_1' to '/home/arjun/MLC/repos/local/cache/get-mlperf-inference-results-dir_e3f7a2f6/valid_results/mini-tflite_cpp-cpu-tflite-vmaster-default_config/mobilenet-v1-precision_uint8-0.25-128/singlestream/performance/tmp_power/run_1'
client 2025-02-27 08:40:42,941 [INFO] Done runs
