Graph file: /home/arjun/MLC/repos/local/cache/get-ml-model-mobilenet_9d5853ea/v3-large_224_1.0_float/v3-large_224_1.0_float.tflite
Image dir: /home/arjun/MLC/repos/local/cache/get-preprocessed-dataset-imagenet_6fb7d209
Image list: /home/arjun/MLC/repos/local/cache/get-preprocessed-dataset-imagenet_6fb7d209/preprocessed_files.txt
Image size: 224
Image channels: 3
Prediction classes: 1000
Result dir: /home/arjun/MLC/repos/local/cache/get-mlperf-inference-results-dir_efb60c2c/valid_results/phoenix_Amd_Am5-tflite_cpp-cpu-tflite-vmaster-default_config/mobilenet-v3-precision_float-large-224/singlestream/accuracy
How many images fit in memory buffer: 1024
Normalize: 1
Subtract mean: 0
Run time preprocessing: 0
Number of Threads: 16
Number of available imagefiles: 50000

Loading graph...
INFO: Created TensorFlow Lite XNNPACK delegate for CPU.
Input tensor dimensions (NHWC): 1*224*224*3
Output tensor dimensions: 1*1001
Path to user.conf : /home/arjun/MLC/repos/gateoverflow@mlperf-automations/script/generate-mlperf-inference-user-conf/tmp/0f93fa70d96047018263c5fa782f2854.conf
Model Name: mobilenet
LoadGen Scenario: SingleStream
LoadGen Mode: accuracy
