client 2025-02-28 07:27:43,160 [INFO] Creating output directory '/home/arjun/MLC/repos/local/cache/get-mlperf-inference-results-dir_e3f7a2f6/valid_results/mini-tflite_cpp-cpu-tflite-vmaster-with_live_preprocessing/mobilenet-v2-precision_float-0.75-128/singlestream/performance/tmp_power'
client 2025-02-28 07:27:43,167 [INFO] Sending command to the server: 'mlcommons/power client v3'
client 2025-02-28 07:27:43,177 [INFO] Got response: 'mlcommons/power server v3'
client 2025-02-28 07:27:43,177 [INFO] Synchronizing with the server and with time.google.com...
client 2025-02-28 07:27:43,217 [INFO] NTP:offset = 0.003 s, delay = 0.023 s 
client 2025-02-28 07:27:43,217 [INFO] Sending command to the server: 'time'
client 2025-02-28 07:27:43,587 [INFO] Got response: '1740727663.0988183'
client 2025-02-28 07:27:43,587 [INFO] The time difference between the client and the server is within range 118.371 ms..488.508 ms
client 2025-02-28 07:27:43,587 [WARNING] The time difference between the client and the server is more than 400 ms
client 2025-02-28 07:27:43,587 [INFO] Sending command to the server: 'set_ntp'
client 2025-02-28 07:27:44,732 [INFO] Got response: 'OK'
client 2025-02-28 07:27:44,732 [INFO] Synchronizing with time.google.com time using NTP...
client 2025-02-28 07:27:45,995 [INFO] Set system time at 2025-02-28 07:27:45.995027
client 2025-02-28 07:27:46,030 [INFO] NTP:offset = 0.000 s, delay = 0.023 s 
client 2025-02-28 07:27:46,030 [INFO] Sending command to the server: 'time'
client 2025-02-28 07:27:46,045 [INFO] Got response: '1740727666.0375905'
client 2025-02-28 07:27:46,045 [INFO] The time difference between the client and the server is within range -7.209 ms..8.030 ms
client 2025-02-28 07:27:46,045 [INFO] Sending command to the server: 'new,,eafb7758-1773-4238-b800-4d4d5b3353a8'
client 2025-02-28 07:27:46,063 [INFO] Got response: 'OK 2025-02-28_07-27-46,36b4e8ae-fd2b-429b-9f8e-00108ec7fd1e'
client 2025-02-28 07:27:46,063 [INFO] Session id is '2025-02-28_07-27-46'
client 2025-02-28 07:27:46,064 [INFO] Sources: {"sources": {"__init__.py": "da39a3ee5e6b4b0d3255bfef95601890afd80709", "client.py": "33ca4f26368777ac06e01f9567b714a4b8063886", "lib/__init__.py": "da39a3ee5e6b4b0d3255bfef95601890afd80709", "lib/client.py": "ac2aa093c8e8bbc9569b9e2a3471bc64e58a2258", "lib/common.py": "611d8b29633d331eb19c9455ea3b5fa3284ed6df", "lib/external/__init__.py": "da39a3ee5e6b4b0d3255bfef95601890afd80709", "lib/external/ntplib.py": "4da8f970656505a40483206ef2b5d3dd5e81711d", "lib/server.py": "9bc9a3b6b9b716520658ac175913bcbbdb354336", "lib/source_hashes.py": "60a2e02193209e8d392803326208d5466342da18", "lib/summary.py": "602a9fedfa503e5544d27ab3b0067f235047efc3", "lib/time_sync.py": "80894ef2389e540781ff78de94db16aa4203a14e", "server.py": "c3f90f2f7eeb4db30727556d0c815ebc89b3d28b", "tests/unit/__init__.py": "da39a3ee5e6b4b0d3255bfef95601890afd80709", "tests/unit/test_server.py": "948c1995d4008bc2aa6c4046a34ffa3858d6d671", "tests/unit/test_source_hashes.py": "00468a2907583c593e6574a1f6b404e4651c221a"}, "modules": {"ptd_client_server.lib.client": "lib/client.py", "ptd_client_server.lib.common": "lib/common.py", "ptd_client_server.lib.external.ntplib": "lib/external/ntplib.py", "ptd_client_server.lib.source_hashes": "lib/source_hashes.py", "ptd_client_server.lib.summary": "lib/summary.py", "ptd_client_server.lib.time_sync": "lib/time_sync.py"}}
client 2025-02-28 07:27:46,064 [INFO] Running workload in ranging mode
client 2025-02-28 07:27:46,064 [INFO] Synchronizing with the server and with time.google.com...
client 2025-02-28 07:27:46,087 [INFO] NTP:offset = -0.001 s, delay = 0.022 s 
client 2025-02-28 07:27:46,088 [INFO] Sending command to the server: 'time'
client 2025-02-28 07:27:46,100 [INFO] Got response: '1740727666.0928862'
client 2025-02-28 07:27:46,101 [INFO] The time difference between the client and the server is within range -4.821 ms..8.149 ms
client 2025-02-28 07:27:46,101 [INFO] Sending command to the server: 'session,2025-02-28_07-27-46,start,ranging'
client 2025-02-28 07:28:11,852 [INFO] Got response: 'OK'
client 2025-02-28 07:28:11,852 [INFO] Sending command to the server: 'time'
client 2025-02-28 07:28:11,869 [INFO] Got response: '1740727691.8612528'
client 2025-02-28 07:28:11,870 [INFO] The time difference between the client and the server is within range -8.688 ms..8.804 ms
client 2025-02-28 07:28:11,870 [INFO] Running the workload ' MLC_MLPERF_RUN_COUNT=$(cat ${MLC_RUN_DIR}/count.txt); echo ${MLC_MLPERF_RUN_COUNT}; MLC_MLPERF_RUN_COUNT=$((MLC_MLPERF_RUN_COUNT+1)); echo ${MLC_MLPERF_RUN_COUNT} > ${MLC_RUN_DIR}/count.txt; if [ ${MLC_MLPERF_RUN_COUNT} -eq 1 ]; then export MLC_MLPERF_USER_CONF="${MLC_MLPERF_RANGING_USER_CONF}"; else export MLC_MLPERF_USER_CONF="${MLC_MLPERF_TESTING_USER_CONF}"; fi ; /home/arjun/MLC/repos/gateoverflow@mlperf-automations/script/run-all-mlperf-models/run.out'
client 2025-02-28 07:33:12,625 [INFO] Sending command to the server: 'time'
client 2025-02-28 07:33:12,641 [INFO] Got response: '1740727992.627461'
client 2025-02-28 07:33:12,641 [INFO] The time difference between the client and the server is within range -1.736 ms..14.348 ms
client 2025-02-28 07:33:12,641 [INFO] Sending command to the server: 'session,2025-02-28_07-27-46,stop,ranging'
client 2025-02-28 07:33:23,561 [INFO] Got response: 'OK'
client 2025-02-28 07:33:23,561 [INFO] Sending command to the server: 'time'
client 2025-02-28 07:33:23,574 [INFO] Got response: '1740728003.5603209'
client 2025-02-28 07:33:23,574 [INFO] The time difference between the client and the server is within range 1.081 ms..14.148 ms
client 2025-02-28 07:33:23,578 [INFO] Copying loadgen logs from '/home/arjun/MLC/repos/local/cache/get-mlperf-inference-results-dir_e3f7a2f6/valid_results/mini-tflite_cpp-cpu-tflite-vmaster-with_live_preprocessing/mobilenet-v2-precision_float-0.75-128/singlestream/performance/run_1' to '/home/arjun/MLC/repos/local/cache/get-mlperf-inference-results-dir_e3f7a2f6/valid_results/mini-tflite_cpp-cpu-tflite-vmaster-with_live_preprocessing/mobilenet-v2-precision_float-0.75-128/singlestream/performance/tmp_power/ranging'
client 2025-02-28 07:33:23,579 [INFO] Running workload in testing mode
client 2025-02-28 07:33:23,579 [INFO] Synchronizing with the server and with time.google.com...
client 2025-02-28 07:33:23,603 [INFO] NTP:offset = -0.004 s, delay = 0.023 s 
client 2025-02-28 07:33:23,603 [INFO] Sending command to the server: 'time'
client 2025-02-28 07:33:23,617 [INFO] Got response: '1740728003.6033273'
client 2025-02-28 07:33:23,617 [INFO] The time difference between the client and the server is within range 0.606 ms..13.951 ms
client 2025-02-28 07:33:23,617 [INFO] Sending command to the server: 'session,2025-02-28_07-27-46,start,testing'
client 2025-02-28 07:33:36,763 [INFO] Got response: 'OK'
client 2025-02-28 07:33:36,763 [INFO] Sending command to the server: 'time'
client 2025-02-28 07:33:36,776 [INFO] Got response: '1740728016.7619379'
client 2025-02-28 07:33:36,776 [INFO] The time difference between the client and the server is within range 1.712 ms..14.875 ms
client 2025-02-28 07:33:36,776 [INFO] Running the workload ' MLC_MLPERF_RUN_COUNT=$(cat ${MLC_RUN_DIR}/count.txt); echo ${MLC_MLPERF_RUN_COUNT}; MLC_MLPERF_RUN_COUNT=$((MLC_MLPERF_RUN_COUNT+1)); echo ${MLC_MLPERF_RUN_COUNT} > ${MLC_RUN_DIR}/count.txt; if [ ${MLC_MLPERF_RUN_COUNT} -eq 1 ]; then export MLC_MLPERF_USER_CONF="${MLC_MLPERF_RANGING_USER_CONF}"; else export MLC_MLPERF_USER_CONF="${MLC_MLPERF_TESTING_USER_CONF}"; fi ; /home/arjun/MLC/repos/gateoverflow@mlperf-automations/script/run-all-mlperf-models/run.out'
client 2025-02-28 07:43:37,907 [INFO] Sending command to the server: 'time'
client 2025-02-28 07:43:37,924 [INFO] Got response: '1740728617.9025793'
client 2025-02-28 07:43:37,924 [INFO] The time difference between the client and the server is within range 4.955 ms..21.927 ms
client 2025-02-28 07:43:37,924 [INFO] Sending command to the server: 'session,2025-02-28_07-27-46,stop,testing'
client 2025-02-28 07:43:49,128 [INFO] Got response: 'OK'
client 2025-02-28 07:43:49,128 [INFO] Sending command to the server: 'time'
client 2025-02-28 07:43:49,143 [INFO] Got response: '1740728629.1205394'
client 2025-02-28 07:43:49,143 [INFO] The time difference between the client and the server is within range 8.209 ms..23.277 ms
client 2025-02-28 07:43:49,144 [INFO] Copying loadgen logs from '/home/arjun/MLC/repos/local/cache/get-mlperf-inference-results-dir_e3f7a2f6/valid_results/mini-tflite_cpp-cpu-tflite-vmaster-with_live_preprocessing/mobilenet-v2-precision_float-0.75-128/singlestream/performance/run_1' to '/home/arjun/MLC/repos/local/cache/get-mlperf-inference-results-dir_e3f7a2f6/valid_results/mini-tflite_cpp-cpu-tflite-vmaster-with_live_preprocessing/mobilenet-v2-precision_float-0.75-128/singlestream/performance/tmp_power/run_1'
client 2025-02-28 07:43:49,145 [INFO] Done runs
