DeepSparse, Copyright 2021-present / Neuralmagic, Inc. version: 1.8.0 COMMUNITY | (e3778e93) (release) (optimized) (system=neon, binary=neon)
2025-02-21 01:11:45 deepsparse.utils.onnx INFO     Generating input 'input_ids', type = int64, shape = [128, 384]
2025-02-21 01:11:45 deepsparse.utils.onnx INFO     Generating input 'attention_mask', type = int64, shape = [128, 384]
2025-02-21 01:11:45 deepsparse.utils.onnx INFO     Generating input 'token_type_ids', type = int64, shape = [128, 384]
================================================
MLPerf Results Summary
================================================
SUT name : PySUT
Scenario : Offline
Mode     : PerformanceOnly
Samples per second: 87.6079
Result is : VALID
  Min duration satisfied : Yes
  Min queries satisfied : Yes
  Early stopping satisfied: Yes

================================================
Additional Stats
================================================
Min latency (ns)                : 1159401875
Max latency (ns)                : 606897546875
Mean latency (ns)               : 225324919100
50.00 percentile latency (ns)   : 187540414417
90.00 percentile latency (ns)   : 497931233542
95.00 percentile latency (ns)   : 553846422792
97.00 percentile latency (ns)   : 575020375125
99.00 percentile latency (ns)   : 596368678750
99.90 percentile latency (ns)   : 606897460500

================================================
Test Parameters Used
================================================
samples_per_query : 53169
target_qps : 80.5592
target_latency (ns): 0
max_async_queries : 1
min_duration (ms): 600000
max_duration (ms): 0
min_query_count : 1
max_query_count : 0
qsl_rng_seed : 6023615788873153749
sample_index_rng_seed : 15036839855038426416
schedule_rng_seed : 9933818062894767841
accuracy_log_rng_seed : 0
accuracy_log_probability : 0
accuracy_log_sampling_target : 0
print_timestamps : 0
performance_issue_unique : 0
performance_issue_same : 0
performance_issue_same_index : 0
performance_sample_count : 10833

No warnings encountered during test.

No errors encountered during test.
Loading ONNX model... /Users/arjunsuresh/.cache/sparsezoo/neuralmagic/bert-base-squad_wikipedia_bookcorpus-pruned95.obs_quantized/model.onnx
Constructing SUT...
Finished constructing SUT.
Constructing QSL...
Loading cached features from 'eval_features.pickle'...
Finished constructing QSL.
Warming up engine...
Running LoadGen test...
Done!
Destroying SUT...
Destroying QSL...
Finished destroying SUT.
Finished destroying QSL.
