Graph file: /home/ubuntu/MLC/repos/local/cache/get-ml-model-mobilenet_7d951dbc/mobilenet_v1_1.0_224_quant.tflite
Image dir: /home/ubuntu/MLC/repos/local/cache/get-preprocessed-dataset-imagenet_f5340adb
Image list: /home/ubuntu/MLC/repos/local/cache/get-preprocessed-dataset-imagenet_f5340adb/preprocessed_files.txt
Image size: 224
Image channels: 3
Prediction classes: 1000
Result dir: /home/ubuntu/MLC/repos/local/cache/get-mlperf-inference-results-dir_de2f0e35/valid_results/i_070922abe23ae532f-tflite_cpp-cpu-tflite-vmaster-default_config/mobilenet-v1-precision_uint8-1.0-224/singlestream/performance/run_1
How many images fit in memory buffer: 1024
Normalize: 1
Subtract mean: 0
Run time preprocessing: 1
Number of Threads: 4
Number of available imagefiles: 50000

Loading graph...
INFO: Created TensorFlow Lite XNNPACK delegate for CPU.
Input tensor dimensions (NHWC): 1*224*224*3
Output tensor dimensions: 1*1001
Path to user.conf : /home/ubuntu/MLC/repos/gateoverflow@mlperf-automations/script/generate-mlperf-inference-user-conf/tmp/f11a6ebccd6d4df0bdf0e9f3f8d2b575.conf
Model Name: mobilenet
LoadGen Scenario: SingleStream
LoadGen Mode: performance
