client 2025-02-26 22:28:04,776 [INFO] Creating output directory '/home/arjun/MLC/repos/local/cache/get-mlperf-inference-results-dir_e3f7a2f6/valid_results/mini-tflite_cpp-cpu-tflite-vmaster-default_config/mobilenet-v2-precision_float-0.35-224/singlestream/performance/tmp_power'
client 2025-02-26 22:28:04,785 [INFO] Sending command to the server: 'mlcommons/power client v3'
client 2025-02-26 22:28:04,794 [INFO] Got response: 'mlcommons/power server v3'
client 2025-02-26 22:28:04,795 [INFO] Synchronizing with the server and with time.google.com...
client 2025-02-26 22:28:04,818 [INFO] NTP:offset = -0.034 s, delay = 0.020 s 
client 2025-02-26 22:28:04,819 [INFO] Sending command to the server: 'time'
client 2025-02-26 22:28:04,828 [INFO] Got response: '1740608884.7216434'
client 2025-02-26 22:28:04,828 [INFO] The time difference between the client and the server is within range 97.494 ms..106.581 ms
client 2025-02-26 22:28:04,828 [INFO] Sending command to the server: 'new,,d1141b9c-8480-40c9-8521-3c32bad6a1f3'
client 2025-02-26 22:28:04,841 [INFO] Got response: 'OK 2025-02-26_22-28-04,ca343e1e-8b0b-4904-872e-d993551c919c'
client 2025-02-26 22:28:04,841 [INFO] Session id is '2025-02-26_22-28-04'
client 2025-02-26 22:28:04,842 [INFO] Sources: {"sources": {"__init__.py": "da39a3ee5e6b4b0d3255bfef95601890afd80709", "client.py": "33ca4f26368777ac06e01f9567b714a4b8063886", "lib/__init__.py": "da39a3ee5e6b4b0d3255bfef95601890afd80709", "lib/client.py": "ac2aa093c8e8bbc9569b9e2a3471bc64e58a2258", "lib/common.py": "611d8b29633d331eb19c9455ea3b5fa3284ed6df", "lib/external/__init__.py": "da39a3ee5e6b4b0d3255bfef95601890afd80709", "lib/external/ntplib.py": "4da8f970656505a40483206ef2b5d3dd5e81711d", "lib/server.py": "9bc9a3b6b9b716520658ac175913bcbbdb354336", "lib/source_hashes.py": "60a2e02193209e8d392803326208d5466342da18", "lib/summary.py": "602a9fedfa503e5544d27ab3b0067f235047efc3", "lib/time_sync.py": "80894ef2389e540781ff78de94db16aa4203a14e", "server.py": "c3f90f2f7eeb4db30727556d0c815ebc89b3d28b", "tests/unit/__init__.py": "da39a3ee5e6b4b0d3255bfef95601890afd80709", "tests/unit/test_server.py": "948c1995d4008bc2aa6c4046a34ffa3858d6d671", "tests/unit/test_source_hashes.py": "00468a2907583c593e6574a1f6b404e4651c221a"}, "modules": {"ptd_client_server.lib.client": "lib/client.py", "ptd_client_server.lib.common": "lib/common.py", "ptd_client_server.lib.external.ntplib": "lib/external/ntplib.py", "ptd_client_server.lib.source_hashes": "lib/source_hashes.py", "ptd_client_server.lib.summary": "lib/summary.py", "ptd_client_server.lib.time_sync": "lib/time_sync.py"}}
client 2025-02-26 22:28:04,842 [INFO] Running workload in ranging mode
client 2025-02-26 22:28:04,842 [INFO] Synchronizing with the server and with time.google.com...
client 2025-02-26 22:28:04,862 [INFO] NTP:offset = -0.034 s, delay = 0.018 s 
client 2025-02-26 22:28:04,862 [INFO] Sending command to the server: 'time'
client 2025-02-26 22:28:04,872 [INFO] Got response: '1740608884.7653532'
client 2025-02-26 22:28:04,872 [INFO] The time difference between the client and the server is within range 97.063 ms..107.607 ms
client 2025-02-26 22:28:04,873 [INFO] Sending command to the server: 'session,2025-02-26_22-28-04,start,ranging'
client 2025-02-26 22:28:29,671 [INFO] Got response: 'OK'
client 2025-02-26 22:28:29,671 [INFO] Sending command to the server: 'time'
client 2025-02-26 22:28:29,684 [INFO] Got response: '1740608909.575186'
client 2025-02-26 22:28:29,684 [INFO] The time difference between the client and the server is within range 96.615 ms..109.672 ms
client 2025-02-26 22:28:29,684 [INFO] Running the workload ' MLC_MLPERF_RUN_COUNT=$(cat ${MLC_RUN_DIR}/count.txt); echo ${MLC_MLPERF_RUN_COUNT}; MLC_MLPERF_RUN_COUNT=$((MLC_MLPERF_RUN_COUNT+1)); echo ${MLC_MLPERF_RUN_COUNT} > ${MLC_RUN_DIR}/count.txt; if [ ${MLC_MLPERF_RUN_COUNT} -eq 1 ]; then export MLC_MLPERF_USER_CONF="${MLC_MLPERF_RANGING_USER_CONF}"; else export MLC_MLPERF_USER_CONF="${MLC_MLPERF_TESTING_USER_CONF}"; fi ; /home/arjun/MLC/repos/gateoverflow@mlperf-automations/script/run-all-mlperf-models/run.out'
client 2025-02-26 22:33:31,406 [INFO] Sending command to the server: 'time'
client 2025-02-26 22:33:31,423 [INFO] Got response: '1740609211.303328'
client 2025-02-26 22:33:31,424 [INFO] The time difference between the client and the server is within range 103.618 ms..120.690 ms
client 2025-02-26 22:33:31,424 [INFO] Sending command to the server: 'session,2025-02-26_22-28-04,stop,ranging'
client 2025-02-26 22:33:42,312 [INFO] Got response: 'OK'
client 2025-02-26 22:33:42,312 [INFO] Sending command to the server: 'time'
client 2025-02-26 22:33:42,324 [INFO] Got response: '1740609222.2044008'
client 2025-02-26 22:33:42,325 [INFO] The time difference between the client and the server is within range 107.957 ms..120.706 ms
client 2025-02-26 22:33:42,328 [INFO] Copying loadgen logs from '/home/arjun/MLC/repos/local/cache/get-mlperf-inference-results-dir_e3f7a2f6/valid_results/mini-tflite_cpp-cpu-tflite-vmaster-default_config/mobilenet-v2-precision_float-0.35-224/singlestream/performance/run_1' to '/home/arjun/MLC/repos/local/cache/get-mlperf-inference-results-dir_e3f7a2f6/valid_results/mini-tflite_cpp-cpu-tflite-vmaster-default_config/mobilenet-v2-precision_float-0.35-224/singlestream/performance/tmp_power/ranging'
client 2025-02-26 22:33:42,329 [INFO] Running workload in testing mode
client 2025-02-26 22:33:42,329 [INFO] Synchronizing with the server and with time.google.com...
client 2025-02-26 22:33:42,351 [INFO] NTP:offset = -0.040 s, delay = 0.021 s 
client 2025-02-26 22:33:42,352 [INFO] Sending command to the server: 'time'
client 2025-02-26 22:33:42,364 [INFO] Got response: '1740609222.2441905'
client 2025-02-26 22:33:42,364 [INFO] The time difference between the client and the server is within range 107.823 ms..120.390 ms
client 2025-02-26 22:33:42,364 [INFO] Sending command to the server: 'session,2025-02-26_22-28-04,start,testing'
client 2025-02-26 22:33:55,437 [INFO] Got response: 'OK'
client 2025-02-26 22:33:55,437 [INFO] Sending command to the server: 'time'
client 2025-02-26 22:33:55,447 [INFO] Got response: '1740609235.3279257'
client 2025-02-26 22:33:55,447 [INFO] The time difference between the client and the server is within range 109.310 ms..119.303 ms
client 2025-02-26 22:33:55,447 [INFO] Running the workload ' MLC_MLPERF_RUN_COUNT=$(cat ${MLC_RUN_DIR}/count.txt); echo ${MLC_MLPERF_RUN_COUNT}; MLC_MLPERF_RUN_COUNT=$((MLC_MLPERF_RUN_COUNT+1)); echo ${MLC_MLPERF_RUN_COUNT} > ${MLC_RUN_DIR}/count.txt; if [ ${MLC_MLPERF_RUN_COUNT} -eq 1 ]; then export MLC_MLPERF_USER_CONF="${MLC_MLPERF_RANGING_USER_CONF}"; else export MLC_MLPERF_USER_CONF="${MLC_MLPERF_TESTING_USER_CONF}"; fi ; /home/arjun/MLC/repos/gateoverflow@mlperf-automations/script/run-all-mlperf-models/run.out'
client 2025-02-26 22:43:56,934 [INFO] Sending command to the server: 'time'
client 2025-02-26 22:43:56,951 [INFO] Got response: '1740609836.8261194'
client 2025-02-26 22:43:56,952 [INFO] The time difference between the client and the server is within range 108.150 ms..125.959 ms
client 2025-02-26 22:43:56,952 [INFO] Sending command to the server: 'session,2025-02-26_22-28-04,stop,testing'
client 2025-02-26 22:44:07,717 [INFO] Got response: 'OK'
client 2025-02-26 22:44:07,717 [INFO] Sending command to the server: 'time'
client 2025-02-26 22:44:07,728 [INFO] Got response: '1740609847.6044881'
client 2025-02-26 22:44:07,729 [INFO] The time difference between the client and the server is within range 112.933 ms..124.514 ms
client 2025-02-26 22:44:07,729 [INFO] Copying loadgen logs from '/home/arjun/MLC/repos/local/cache/get-mlperf-inference-results-dir_e3f7a2f6/valid_results/mini-tflite_cpp-cpu-tflite-vmaster-default_config/mobilenet-v2-precision_float-0.35-224/singlestream/performance/run_1' to '/home/arjun/MLC/repos/local/cache/get-mlperf-inference-results-dir_e3f7a2f6/valid_results/mini-tflite_cpp-cpu-tflite-vmaster-default_config/mobilenet-v2-precision_float-0.35-224/singlestream/performance/tmp_power/run_1'
client 2025-02-26 22:44:07,730 [INFO] Done runs
