Graph file: /home/mlcuser/MLC/repos/local/cache/get-ml-model-efficientnet-lite_8fb860df/efficientnet-lite1/efficientnet-lite1-fp32.tflite
Image dir: /home/mlcuser/MLC/repos/local/cache/get-preprocessed-dataset-imagenet_533db677
Image list: /home/mlcuser/MLC/repos/local/cache/get-preprocessed-dataset-imagenet_533db677/preprocessed_files.txt
Image size: 240
Image channels: 3
Prediction classes: 1000
Result dir: /home/mlcuser/MLC/repos/local/cache/get-mlperf-inference-results-dir_338d2055/valid_results/640b615ae987-tflite_cpp-cpu-tflite-vmaster-with_live_preprocessing/efficientnet-fp32-lite1/singlestream/performance/run_1
How many images fit in memory buffer: 1024
Normalize: 1
Subtract mean: 0
Run time preprocessing: 1
Number of Threads: 48
Number of available imagefiles: 50000

Loading graph...
INFO: Created TensorFlow Lite XNNPACK delegate for CPU.
Input tensor dimensions (NHWC): 1*240*240*3
Output tensor dimensions: 1*1000
Path to user.conf : /home/mlcuser/MLC/repos/mlcommons@mlperf-automations/script/generate-mlperf-inference-user-conf/tmp/cb1a7d4888ea4a1fa53cf053fc2ecb5c.conf
Model Name: efficientnet
LoadGen Scenario: SingleStream
LoadGen Mode: performance
