Graph file: /mnt/arjun/MLC/repos/local/cache/get-ml-model-efficientnet-lite_37c0dbef/efficientnet-lite2/efficientnet-lite2-int8.tflite
Image dir: /mnt/arjun/MLC/repos/local/cache/get-preprocessed-dataset-imagenet_13089daa
Image list: /mnt/arjun/MLC/repos/local/cache/get-preprocessed-dataset-imagenet_13089daa/preprocessed_files.txt
Image size: 260
Image channels: 3
Prediction classes: 1000
Result dir: /home/arjun/MLC/repos/local/cache/get-mlperf-inference-results-dir_338d2055/valid_results/arjun_spr-tflite_cpp-cpu-tflite-vmaster-default_config/efficientnet-int8-lite2/singlestream/performance/run_1
How many images fit in memory buffer: 1024
Normalize: 1
Subtract mean: 0
Run time preprocessing: 1
Number of Threads: 24
Number of available imagefiles: 50000

Loading graph...
INFO: Created TensorFlow Lite XNNPACK delegate for CPU.
Input tensor dimensions (NHWC): 1*260*260*3
Output tensor dimensions: 1*1000
Path to user.conf : /home/arjun/MLC/repos/gateoverflow@mlperf-automations/script/generate-mlperf-inference-user-conf/tmp/4372eab579d5415da1acc0baa972be42.conf
Model Name: efficientnet
LoadGen Scenario: SingleStream
LoadGen Mode: performance
