Graph file: /home/arjun/MLC/repos/local/cache/get-ml-model-efficientnet-lite_910befc3/efficientnet-lite4/efficientnet-lite4-int8.tflite
Image dir: /home/arjun/MLC/repos/local/cache/get-preprocessed-dataset-imagenet_f38d91c1
Image list: /home/arjun/MLC/repos/local/cache/get-preprocessed-dataset-imagenet_f38d91c1/preprocessed_files.txt
Image size: 300
Image channels: 3
Prediction classes: 1000
Result dir: /home/arjun/MLC/repos/local/cache/get-mlperf-inference-results-dir_efb60c2c/valid_results/phoenix_Amd_Am5-tflite_cpp-cpu-tflite-vmaster-default_config/efficientnet-int8-lite4/singlestream/performance/run_1
How many images fit in memory buffer: 1024
Normalize: 1
Subtract mean: 0
Run time preprocessing: 1
Number of Threads: 16
Number of available imagefiles: 50000

Loading graph...
INFO: Created TensorFlow Lite XNNPACK delegate for CPU.
Input tensor dimensions (NHWC): 1*300*300*3
Output tensor dimensions: 1*1000
Path to user.conf : /home/arjun/MLC/repos/gateoverflow@mlperf-automations/script/generate-mlperf-inference-user-conf/tmp/18e63d21c96e4231b1a79eb43a1dec1a.conf
Model Name: efficientnet
LoadGen Scenario: SingleStream
LoadGen Mode: performance
