Graph file: /Users/arjunsuresh/MLC/repos/local/cache/get-ml-model-efficientnet-lite_a59ca8d5/efficientnet-lite1/efficientnet-lite1-fp32.tflite
Image dir: /Users/arjunsuresh/MLC/repos/local/cache/get-preprocessed-dataset-imagenet_c3c05274
Image list: /Users/arjunsuresh/MLC/repos/local/cache/get-preprocessed-dataset-imagenet_c3c05274/preprocessed_files.txt
Image size: 240
Image channels: 3
Prediction classes: 1000
Result dir: /Users/arjunsuresh/MLC/repos/local/cache/get-mlperf-inference-results-dir_faaa00ec/valid_results/MacBookPro.ultrahub-tflite_cpp-cpu-tflite-vmaster-default_config/efficientnet-fp32-lite1/singlestream/accuracy
How many images fit in memory buffer: 1024
Normalize: 1
Subtract mean: 0
Run time preprocessing: 0
Number of Threads: 10
Number of available imagefiles: 50000

Loading graph...
INFO: Created TensorFlow Lite XNNPACK delegate for CPU.
Input tensor dimensions (NHWC): 1*240*240*3
Output tensor dimensions: 1*1000
Path to user.conf : /Users/arjunsuresh/MLC/repos/gateoverflow@mlperf-automations/script/generate-mlperf-inference-user-conf/tmp/91f7a543f2534438a8bee5af3767765e.conf
Model Name: efficientnet
LoadGen Scenario: SingleStream
LoadGen Mode: accuracy
