Graph file: /home/mlcuser/MLC/repos/local/cache/get-ml-model-mobilenet_67436663/mobilenet_v2_0.35_192.tflite
Image dir: /home/mlcuser/MLC/repos/local/cache/get-preprocessed-dataset-imagenet_a6f6b9a5
Image list: /home/mlcuser/MLC/repos/local/cache/get-preprocessed-dataset-imagenet_a6f6b9a5/preprocessed_files.txt
Image size: 192
Image channels: 3
Prediction classes: 1000
Result dir: /home/mlcuser/MLC/repos/local/cache/get-mlperf-inference-results-dir_b14e6733/valid_results/73afac010d7d-tflite_cpp-cpu-tflite-vmaster-default_config/mobilenet-v2-precision_float-0.35-192/singlestream/accuracy
How many images fit in memory buffer: 1024
Normalize: 1
Subtract mean: 0
Run time preprocessing: 0
Number of Threads: 8
Number of available imagefiles: 50000

Loading graph...
INFO: Created TensorFlow Lite XNNPACK delegate for CPU.
Input tensor dimensions (NHWC): 1*192*192*3
Output tensor dimensions: 1*1001
Path to user.conf : /home/mlcuser/MLC/repos/mlcommons@mlperf-automations/script/generate-mlperf-inference-user-conf/tmp/73d114b517944a85a3a172b3f0306e2e.conf
Model Name: mobilenet
LoadGen Scenario: SingleStream
LoadGen Mode: accuracy
