client 2025-02-27 14:27:38,108 [INFO] Creating output directory '/home/arjun/MLC/repos/local/cache/get-mlperf-inference-results-dir_e3f7a2f6/valid_results/mini-tflite_cpp-cpu-tflite-vmaster-default_config/mobilenet-v3-precision_uint8-small-224/singlestream/performance/tmp_power'
client 2025-02-27 14:27:38,116 [INFO] Sending command to the server: 'mlcommons/power client v3'
client 2025-02-27 14:27:38,130 [INFO] Got response: 'mlcommons/power server v3'
client 2025-02-27 14:27:38,130 [INFO] Synchronizing with the server and with time.google.com...
client 2025-02-27 14:27:38,167 [INFO] NTP:offset = -0.004 s, delay = 0.021 s 
client 2025-02-27 14:27:38,167 [INFO] Sending command to the server: 'time'
client 2025-02-27 14:27:38,177 [INFO] Got response: '1740666457.9195275'
client 2025-02-27 14:27:38,177 [INFO] The time difference between the client and the server is within range 248.291 ms..258.253 ms
client 2025-02-27 14:27:38,177 [INFO] Sending command to the server: 'new,,85f4eb5c-f498-4263-a27b-be72a73cd769'
client 2025-02-27 14:27:38,190 [INFO] Got response: 'OK 2025-02-27_14-27-37,d8e76516-76c2-494e-b287-036f60585e4e'
client 2025-02-27 14:27:38,190 [INFO] Session id is '2025-02-27_14-27-37'
client 2025-02-27 14:27:38,190 [INFO] Sources: {"sources": {"__init__.py": "da39a3ee5e6b4b0d3255bfef95601890afd80709", "client.py": "33ca4f26368777ac06e01f9567b714a4b8063886", "lib/__init__.py": "da39a3ee5e6b4b0d3255bfef95601890afd80709", "lib/client.py": "ac2aa093c8e8bbc9569b9e2a3471bc64e58a2258", "lib/common.py": "611d8b29633d331eb19c9455ea3b5fa3284ed6df", "lib/external/__init__.py": "da39a3ee5e6b4b0d3255bfef95601890afd80709", "lib/external/ntplib.py": "4da8f970656505a40483206ef2b5d3dd5e81711d", "lib/server.py": "9bc9a3b6b9b716520658ac175913bcbbdb354336", "lib/source_hashes.py": "60a2e02193209e8d392803326208d5466342da18", "lib/summary.py": "602a9fedfa503e5544d27ab3b0067f235047efc3", "lib/time_sync.py": "80894ef2389e540781ff78de94db16aa4203a14e", "server.py": "c3f90f2f7eeb4db30727556d0c815ebc89b3d28b", "tests/unit/__init__.py": "da39a3ee5e6b4b0d3255bfef95601890afd80709", "tests/unit/test_server.py": "948c1995d4008bc2aa6c4046a34ffa3858d6d671", "tests/unit/test_source_hashes.py": "00468a2907583c593e6574a1f6b404e4651c221a"}, "modules": {"ptd_client_server.lib.client": "lib/client.py", "ptd_client_server.lib.common": "lib/common.py", "ptd_client_server.lib.external.ntplib": "lib/external/ntplib.py", "ptd_client_server.lib.source_hashes": "lib/source_hashes.py", "ptd_client_server.lib.summary": "lib/summary.py", "ptd_client_server.lib.time_sync": "lib/time_sync.py"}}
client 2025-02-27 14:27:38,190 [INFO] Running workload in ranging mode
client 2025-02-27 14:27:38,190 [INFO] Synchronizing with the server and with time.google.com...
client 2025-02-27 14:27:38,211 [INFO] NTP:offset = -0.005 s, delay = 0.019 s 
client 2025-02-27 14:27:38,211 [INFO] Sending command to the server: 'time'
client 2025-02-27 14:27:38,223 [INFO] Got response: '1740666457.9652503'
client 2025-02-27 14:27:38,223 [INFO] The time difference between the client and the server is within range 246.597 ms..258.298 ms
client 2025-02-27 14:27:38,223 [INFO] Sending command to the server: 'session,2025-02-27_14-27-37,start,ranging'
client 2025-02-27 14:28:02,714 [INFO] Got response: 'OK'
client 2025-02-27 14:28:02,714 [INFO] Sending command to the server: 'time'
client 2025-02-27 14:28:02,728 [INFO] Got response: '1740666482.4672875'
client 2025-02-27 14:28:02,728 [INFO] The time difference between the client and the server is within range 247.223 ms..261.547 ms
client 2025-02-27 14:28:02,728 [INFO] Running the workload ' MLC_MLPERF_RUN_COUNT=$(cat ${MLC_RUN_DIR}/count.txt); echo ${MLC_MLPERF_RUN_COUNT}; MLC_MLPERF_RUN_COUNT=$((MLC_MLPERF_RUN_COUNT+1)); echo ${MLC_MLPERF_RUN_COUNT} > ${MLC_RUN_DIR}/count.txt; if [ ${MLC_MLPERF_RUN_COUNT} -eq 1 ]; then export MLC_MLPERF_USER_CONF="${MLC_MLPERF_RANGING_USER_CONF}"; else export MLC_MLPERF_USER_CONF="${MLC_MLPERF_TESTING_USER_CONF}"; fi ; /home/arjun/MLC/repos/gateoverflow@mlperf-automations/script/run-all-mlperf-models/run.out'
client 2025-02-27 14:33:03,423 [INFO] Sending command to the server: 'time'
client 2025-02-27 14:33:03,437 [INFO] Got response: '1740666783.1726682'
client 2025-02-27 14:33:03,437 [INFO] The time difference between the client and the server is within range 251.240 ms..264.628 ms
client 2025-02-27 14:33:03,437 [INFO] Sending command to the server: 'session,2025-02-27_14-27-37,stop,ranging'
client 2025-02-27 14:33:14,695 [INFO] Got response: 'OK'
client 2025-02-27 14:33:14,695 [INFO] Sending command to the server: 'time'
client 2025-02-27 14:33:14,708 [INFO] Got response: '1740666794.4433084'
client 2025-02-27 14:33:14,708 [INFO] The time difference between the client and the server is within range 252.581 ms..265.140 ms
client 2025-02-27 14:33:14,712 [INFO] Copying loadgen logs from '/home/arjun/MLC/repos/local/cache/get-mlperf-inference-results-dir_e3f7a2f6/valid_results/mini-tflite_cpp-cpu-tflite-vmaster-default_config/mobilenet-v3-precision_uint8-small-224/singlestream/performance/run_1' to '/home/arjun/MLC/repos/local/cache/get-mlperf-inference-results-dir_e3f7a2f6/valid_results/mini-tflite_cpp-cpu-tflite-vmaster-default_config/mobilenet-v3-precision_uint8-small-224/singlestream/performance/tmp_power/ranging'
client 2025-02-27 14:33:14,713 [INFO] Running workload in testing mode
client 2025-02-27 14:33:14,713 [INFO] Synchronizing with the server and with time.google.com...
client 2025-02-27 14:33:14,749 [INFO] NTP:offset = -0.004 s, delay = 0.021 s 
client 2025-02-27 14:33:14,749 [INFO] Sending command to the server: 'time'
client 2025-02-27 14:33:14,772 [INFO] Got response: '1740666794.5075085'
client 2025-02-27 14:33:14,772 [INFO] The time difference between the client and the server is within range 241.830 ms..265.066 ms
client 2025-02-27 14:33:14,772 [INFO] Sending command to the server: 'session,2025-02-27_14-27-37,start,testing'
client 2025-02-27 14:33:27,903 [INFO] Got response: 'OK'
client 2025-02-27 14:33:27,903 [INFO] Sending command to the server: 'time'
client 2025-02-27 14:33:27,916 [INFO] Got response: '1740666807.6516173'
client 2025-02-27 14:33:27,917 [INFO] The time difference between the client and the server is within range 252.317 ms..265.500 ms
client 2025-02-27 14:33:27,917 [INFO] Running the workload ' MLC_MLPERF_RUN_COUNT=$(cat ${MLC_RUN_DIR}/count.txt); echo ${MLC_MLPERF_RUN_COUNT}; MLC_MLPERF_RUN_COUNT=$((MLC_MLPERF_RUN_COUNT+1)); echo ${MLC_MLPERF_RUN_COUNT} > ${MLC_RUN_DIR}/count.txt; if [ ${MLC_MLPERF_RUN_COUNT} -eq 1 ]; then export MLC_MLPERF_USER_CONF="${MLC_MLPERF_RANGING_USER_CONF}"; else export MLC_MLPERF_USER_CONF="${MLC_MLPERF_TESTING_USER_CONF}"; fi ; /home/arjun/MLC/repos/gateoverflow@mlperf-automations/script/run-all-mlperf-models/run.out'
client 2025-02-27 14:43:28,526 [INFO] Sending command to the server: 'time'
client 2025-02-27 14:43:28,539 [INFO] Got response: '1740667408.265201'
client 2025-02-27 14:43:28,539 [INFO] The time difference between the client and the server is within range 260.849 ms..274.128 ms
client 2025-02-27 14:43:28,539 [INFO] Sending command to the server: 'session,2025-02-27_14-27-37,stop,testing'
client 2025-02-27 14:43:39,117 [INFO] Got response: 'OK'
client 2025-02-27 14:43:39,118 [INFO] Sending command to the server: 'time'
client 2025-02-27 14:43:39,128 [INFO] Got response: '1740667418.8560457'
client 2025-02-27 14:43:39,128 [INFO] The time difference between the client and the server is within range 262.058 ms..272.323 ms
client 2025-02-27 14:43:39,129 [INFO] Copying loadgen logs from '/home/arjun/MLC/repos/local/cache/get-mlperf-inference-results-dir_e3f7a2f6/valid_results/mini-tflite_cpp-cpu-tflite-vmaster-default_config/mobilenet-v3-precision_uint8-small-224/singlestream/performance/run_1' to '/home/arjun/MLC/repos/local/cache/get-mlperf-inference-results-dir_e3f7a2f6/valid_results/mini-tflite_cpp-cpu-tflite-vmaster-default_config/mobilenet-v3-precision_uint8-small-224/singlestream/performance/tmp_power/run_1'
client 2025-02-27 14:43:39,129 [INFO] Done runs
