User Conf path: /Users/arjunsuresh/MLC/repos/gateoverflow@mlperf-automations/script/generate-mlperf-inference-user-conf/tmp/4c6fc16f1c534ec1baa2f49ba0758627.conf
Dataset Preprocessed path: /Users/arjunsuresh/MLC/repos/local/cache/get-preprocessed-dataset-imagenet_2ec85d16
Dataset List filepath: 
Scenario: SingleStream
Mode: AccuracyOnly
Batch size: 1
Query count override: 0
Performance sample count override in application: 0
loaded imagenet with 50000 samples
starting benchmark
loading samples to ram with total sample size: 1024
loading samples to ram with total sample size: 1024
loading samples to ram with total sample size: 1024
loading samples to ram with total sample size: 1024
loading samples to ram with total sample size: 1024
loading samples to ram with total sample size: 1024
loading samples to ram with total sample size: 1024
loading samples to ram with total sample size: 1024
loading samples to ram with total sample size: 1024
loading samples to ram with total sample size: 1024
loading samples to ram with total sample size: 1024
loading samples to ram with total sample size: 1024
loading samples to ram with total sample size: 1024
loading samples to ram with total sample size: 1024
loading samples to ram with total sample size: 1024
loading samples to ram with total sample size: 1024
loading samples to ram with total sample size: 1024
loading samples to ram with total sample size: 1024
loading samples to ram with total sample size: 1024
loading samples to ram with total sample size: 1024
loading samples to ram with total sample size: 1024
loading samples to ram with total sample size: 1024
loading samples to ram with total sample size: 1024
loading samples to ram with total sample size: 1024
loading samples to ram with total sample size: 1024
loading samples to ram with total sample size: 1024
loading samples to ram with total sample size: 1024
loading samples to ram with total sample size: 1024
loading samples to ram with total sample size: 1024
loading samples to ram with total sample size: 1024
loading samples to ram with total sample size: 1024
loading samples to ram with total sample size: 1024
loading samples to ram with total sample size: 1024
loading samples to ram with total sample size: 1024
loading samples to ram with total sample size: 1024
loading samples to ram with total sample size: 1024
loading samples to ram with total sample size: 1024
loading samples to ram with total sample size: 1024
loading samples to ram with total sample size: 1024
loading samples to ram with total sample size: 1024
loading samples to ram with total sample size: 1024
loading samples to ram with total sample size: 1024
loading samples to ram with total sample size: 1024
loading samples to ram with total sample size: 1024
loading samples to ram with total sample size: 1024
loading samples to ram with total sample size: 1024
loading samples to ram with total sample size: 1024
loading samples to ram with total sample size: 1024
loading samples to ram with total sample size: 848
