Graph file: /home/ubuntu/MLC/repos/local/cache/get-ml-model-mobilenet_91f1fe77/v3-small_224_1.0_float/v3-small_224_1.0_float.tflite
Image dir: /home/ubuntu/MLC/repos/local/cache/get-preprocessed-dataset-imagenet_aa0caa78
Image list: /home/ubuntu/MLC/repos/local/cache/get-preprocessed-dataset-imagenet_aa0caa78/preprocessed_files.txt
Image size: 224
Image channels: 3
Prediction classes: 1000
Result dir: /home/ubuntu/MLC/repos/local/cache/get-mlperf-inference-results-dir_de2f0e35/valid_results/i_070922abe23ae532f-tflite_cpp-cpu-tflite-vmaster-with_live_preprocessing/mobilenet-v3-precision_float-small-224/singlestream/performance/run_1
How many images fit in memory buffer: 1024
Normalize: 1
Subtract mean: 0
Run time preprocessing: 1
Number of Threads: 4
Number of available imagefiles: 50000

Loading graph...
INFO: Created TensorFlow Lite XNNPACK delegate for CPU.
Input tensor dimensions (NHWC): 1*224*224*3
Output tensor dimensions: 1*1001
Path to user.conf : /home/ubuntu/MLC/repos/gateoverflow@mlperf-automations/script/generate-mlperf-inference-user-conf/tmp/6d7f8070696a4db8a92a99e25e49fe93.conf
Model Name: mobilenet
LoadGen Scenario: SingleStream
LoadGen Mode: performance
