Graph file: /home/arjun/MLC/repos/local/cache/get-ml-model-efficientnet-lite_0e09f701/efficientnet-lite1/efficientnet-lite1-int8.tflite
Image dir: /mnt/arjun/MLC/repos/local/cache/get-preprocessed-dataset-imagenet_1ab5dd60
Image list: /mnt/arjun/MLC/repos/local/cache/get-preprocessed-dataset-imagenet_1ab5dd60/preprocessed_files.txt
Image size: 240
Image channels: 3
Prediction classes: 1000
Result dir: /home/arjun/MLC/repos/local/cache/get-mlperf-inference-results-dir_37516274/valid_results/intel_spr_i9-tflite_cpp-cpu-tflite-vmaster-default_config/efficientnet-int8-lite1/singlestream/performance/run_1
How many images fit in memory buffer: 1024
Normalize: 1
Subtract mean: 0
Run time preprocessing: 1
Number of Threads: 16
Number of available imagefiles: 50000

Loading graph...
INFO: Created TensorFlow Lite XNNPACK delegate for CPU.
Input tensor dimensions (NHWC): 1*240*240*3
Output tensor dimensions: 1*1000
Path to user.conf : /home/arjun/MLC/repos/gateoverflow@mlperf-automations/script/generate-mlperf-inference-user-conf/tmp/854a2708cb954192a752711c6ccec9a1.conf
Model Name: efficientnet
LoadGen Scenario: SingleStream
LoadGen Mode: performance
