client 2025-02-27 00:03:34,023 [INFO] Creating output directory '/home/arjun/MLC/repos/local/cache/get-mlperf-inference-results-dir_e3f7a2f6/valid_results/mini-tflite_cpp-cpu-tflite-vmaster-default_config/mobilenet-v3-precision_float-large-minimalistic-224/singlestream/performance/tmp_power'
client 2025-02-27 00:03:34,034 [INFO] Sending command to the server: 'mlcommons/power client v3'
client 2025-02-27 00:03:34,044 [INFO] Got response: 'mlcommons/power server v3'
client 2025-02-27 00:03:34,045 [INFO] Synchronizing with the server and with time.google.com...
client 2025-02-27 00:03:34,070 [INFO] NTP:offset = -0.012 s, delay = 0.021 s 
client 2025-02-27 00:03:34,070 [INFO] Sending command to the server: 'time'
client 2025-02-27 00:03:34,085 [INFO] Got response: '1740614614.024316'
client 2025-02-27 00:03:34,085 [INFO] The time difference between the client and the server is within range 46.375 ms..61.380 ms
client 2025-02-27 00:03:34,085 [INFO] Sending command to the server: 'new,,e445791b-ca3f-49e5-ba18-b175721358b1'
client 2025-02-27 00:03:34,100 [INFO] Got response: 'OK 2025-02-27_00-03-34,36bf9d03-a515-4a71-a223-22a86d2265f1'
client 2025-02-27 00:03:34,100 [INFO] Session id is '2025-02-27_00-03-34'
client 2025-02-27 00:03:34,101 [INFO] Sources: {"sources": {"__init__.py": "da39a3ee5e6b4b0d3255bfef95601890afd80709", "client.py": "33ca4f26368777ac06e01f9567b714a4b8063886", "lib/__init__.py": "da39a3ee5e6b4b0d3255bfef95601890afd80709", "lib/client.py": "ac2aa093c8e8bbc9569b9e2a3471bc64e58a2258", "lib/common.py": "611d8b29633d331eb19c9455ea3b5fa3284ed6df", "lib/external/__init__.py": "da39a3ee5e6b4b0d3255bfef95601890afd80709", "lib/external/ntplib.py": "4da8f970656505a40483206ef2b5d3dd5e81711d", "lib/server.py": "9bc9a3b6b9b716520658ac175913bcbbdb354336", "lib/source_hashes.py": "60a2e02193209e8d392803326208d5466342da18", "lib/summary.py": "602a9fedfa503e5544d27ab3b0067f235047efc3", "lib/time_sync.py": "80894ef2389e540781ff78de94db16aa4203a14e", "server.py": "c3f90f2f7eeb4db30727556d0c815ebc89b3d28b", "tests/unit/__init__.py": "da39a3ee5e6b4b0d3255bfef95601890afd80709", "tests/unit/test_server.py": "948c1995d4008bc2aa6c4046a34ffa3858d6d671", "tests/unit/test_source_hashes.py": "00468a2907583c593e6574a1f6b404e4651c221a"}, "modules": {"ptd_client_server.lib.client": "lib/client.py", "ptd_client_server.lib.common": "lib/common.py", "ptd_client_server.lib.external.ntplib": "lib/external/ntplib.py", "ptd_client_server.lib.source_hashes": "lib/source_hashes.py", "ptd_client_server.lib.summary": "lib/summary.py", "ptd_client_server.lib.time_sync": "lib/time_sync.py"}}
client 2025-02-27 00:03:34,101 [INFO] Running workload in ranging mode
client 2025-02-27 00:03:34,101 [INFO] Synchronizing with the server and with time.google.com...
client 2025-02-27 00:03:34,121 [INFO] NTP:offset = -0.012 s, delay = 0.019 s 
client 2025-02-27 00:03:34,122 [INFO] Sending command to the server: 'time'
client 2025-02-27 00:03:34,134 [INFO] Got response: '1740614614.0747192'
client 2025-02-27 00:03:34,134 [INFO] The time difference between the client and the server is within range 47.305 ms..60.205 ms
client 2025-02-27 00:03:34,135 [INFO] Sending command to the server: 'session,2025-02-27_00-03-34,start,ranging'
client 2025-02-27 00:03:58,663 [INFO] Got response: 'OK'
client 2025-02-27 00:03:58,663 [INFO] Sending command to the server: 'time'
client 2025-02-27 00:03:58,676 [INFO] Got response: '1740614638.617775'
client 2025-02-27 00:03:58,677 [INFO] The time difference between the client and the server is within range 45.837 ms..59.386 ms
client 2025-02-27 00:03:58,677 [INFO] Running the workload ' MLC_MLPERF_RUN_COUNT=$(cat ${MLC_RUN_DIR}/count.txt); echo ${MLC_MLPERF_RUN_COUNT}; MLC_MLPERF_RUN_COUNT=$((MLC_MLPERF_RUN_COUNT+1)); echo ${MLC_MLPERF_RUN_COUNT} > ${MLC_RUN_DIR}/count.txt; if [ ${MLC_MLPERF_RUN_COUNT} -eq 1 ]; then export MLC_MLPERF_USER_CONF="${MLC_MLPERF_RANGING_USER_CONF}"; else export MLC_MLPERF_USER_CONF="${MLC_MLPERF_TESTING_USER_CONF}"; fi ; /home/arjun/MLC/repos/gateoverflow@mlperf-automations/script/run-all-mlperf-models/run.out'
client 2025-02-27 00:09:00,114 [INFO] Sending command to the server: 'time'
client 2025-02-27 00:09:00,130 [INFO] Got response: '1740614940.067299'
client 2025-02-27 00:09:00,130 [INFO] The time difference between the client and the server is within range 47.599 ms..63.595 ms
client 2025-02-27 00:09:00,130 [INFO] Sending command to the server: 'session,2025-02-27_00-03-34,stop,ranging'
client 2025-02-27 00:09:10,980 [INFO] Got response: 'OK'
client 2025-02-27 00:09:10,980 [INFO] Sending command to the server: 'time'
client 2025-02-27 00:09:10,996 [INFO] Got response: '1740614950.9324353'
client 2025-02-27 00:09:10,996 [INFO] The time difference between the client and the server is within range 48.484 ms..64.493 ms
client 2025-02-27 00:09:11,001 [INFO] Copying loadgen logs from '/home/arjun/MLC/repos/local/cache/get-mlperf-inference-results-dir_e3f7a2f6/valid_results/mini-tflite_cpp-cpu-tflite-vmaster-default_config/mobilenet-v3-precision_float-large-minimalistic-224/singlestream/performance/run_1' to '/home/arjun/MLC/repos/local/cache/get-mlperf-inference-results-dir_e3f7a2f6/valid_results/mini-tflite_cpp-cpu-tflite-vmaster-default_config/mobilenet-v3-precision_float-large-minimalistic-224/singlestream/performance/tmp_power/ranging'
client 2025-02-27 00:09:11,001 [INFO] Running workload in testing mode
client 2025-02-27 00:09:11,001 [INFO] Synchronizing with the server and with time.google.com...
client 2025-02-27 00:09:11,025 [INFO] NTP:offset = -0.010 s, delay = 0.023 s 
client 2025-02-27 00:09:11,026 [INFO] Sending command to the server: 'time'
client 2025-02-27 00:09:11,038 [INFO] Got response: '1740614950.9744585'
client 2025-02-27 00:09:11,038 [INFO] The time difference between the client and the server is within range 51.574 ms..64.229 ms
client 2025-02-27 00:09:11,038 [INFO] Sending command to the server: 'session,2025-02-27_00-03-34,start,testing'
client 2025-02-27 00:09:24,190 [INFO] Got response: 'OK'
client 2025-02-27 00:09:24,190 [INFO] Sending command to the server: 'time'
client 2025-02-27 00:09:24,200 [INFO] Got response: '1740614964.1372595'
client 2025-02-27 00:09:24,200 [INFO] The time difference between the client and the server is within range 53.314 ms..63.315 ms
client 2025-02-27 00:09:24,200 [INFO] Running the workload ' MLC_MLPERF_RUN_COUNT=$(cat ${MLC_RUN_DIR}/count.txt); echo ${MLC_MLPERF_RUN_COUNT}; MLC_MLPERF_RUN_COUNT=$((MLC_MLPERF_RUN_COUNT+1)); echo ${MLC_MLPERF_RUN_COUNT} > ${MLC_RUN_DIR}/count.txt; if [ ${MLC_MLPERF_RUN_COUNT} -eq 1 ]; then export MLC_MLPERF_USER_CONF="${MLC_MLPERF_RANGING_USER_CONF}"; else export MLC_MLPERF_USER_CONF="${MLC_MLPERF_TESTING_USER_CONF}"; fi ; /home/arjun/MLC/repos/gateoverflow@mlperf-automations/script/run-all-mlperf-models/run.out'
client 2025-02-27 00:19:25,070 [INFO] Sending command to the server: 'time'
client 2025-02-27 00:19:25,085 [INFO] Got response: '1740615565.0084267'
client 2025-02-27 00:19:25,085 [INFO] The time difference between the client and the server is within range 61.738 ms..77.509 ms
client 2025-02-27 00:19:25,086 [INFO] Sending command to the server: 'session,2025-02-27_00-03-34,stop,testing'
client 2025-02-27 00:19:35,727 [INFO] Got response: 'OK'
client 2025-02-27 00:19:35,727 [INFO] Sending command to the server: 'time'
client 2025-02-27 00:19:35,738 [INFO] Got response: '1740615575.660688'
client 2025-02-27 00:19:35,738 [INFO] The time difference between the client and the server is within range 66.834 ms..78.092 ms
client 2025-02-27 00:19:35,739 [INFO] Copying loadgen logs from '/home/arjun/MLC/repos/local/cache/get-mlperf-inference-results-dir_e3f7a2f6/valid_results/mini-tflite_cpp-cpu-tflite-vmaster-default_config/mobilenet-v3-precision_float-large-minimalistic-224/singlestream/performance/run_1' to '/home/arjun/MLC/repos/local/cache/get-mlperf-inference-results-dir_e3f7a2f6/valid_results/mini-tflite_cpp-cpu-tflite-vmaster-default_config/mobilenet-v3-precision_float-large-minimalistic-224/singlestream/performance/tmp_power/run_1'
client 2025-02-27 00:19:35,740 [INFO] Done runs
