[2025-02-13 02:00:28,025 main.py:229 INFO] Detected system ID: KnownSystem.c48880270644
[2025-02-13 02:00:28,540 generate_conf_files.py:107 INFO] Generated measurements/ entries for c48880270644_TRT/bert-99.9/Offline
[2025-02-13 02:00:28,541 __init__.py:46 INFO] Running command: ./build/bin/harness_bert --logfile_outdir="/mlc-mount/home/arjun/gh_action_results/valid_results/RTX4090x2-nvidia_original-gpu-tensorrt-vdefault-default_config/bert-99.9/offline/performance/run_1" --logfile_prefix="mlperf_log_" --performance_sample_count=10833 --test_mode="PerformanceOnly" --gpu_batch_size=256 --mlperf_conf_path="/home/mlcuser/MLC/repos/local/cache/get-git-repo_14157262/inference/mlperf.conf" --tensor_path="build/preprocessed_data/squad_tokenized/input_ids.npy,build/preprocessed_data/squad_tokenized/segment_ids.npy,build/preprocessed_data/squad_tokenized/input_mask.npy" --use_graphs=false --user_conf_path="/home/mlcuser/MLC/repos/mlcommons@mlperf-automations/script/generate-mlperf-inference-user-conf/tmp/80cfcca0e8994aedbe58d69782aa6c44.conf" --gpu_inference_streams=2 --gpu_copy_streams=2 --gpu_engines="./build/engines/c48880270644/bert/Offline/bert-Offline-gpu-fp16_S_384_B_256_P_2_vs.custom_k_99_9_MaxP.plan" --scenario Offline --model bert
[2025-02-13 02:00:28,541 __init__.py:53 INFO] Overriding Environment
benchmark : Benchmark.BERT
buffer_manager_thread_count : 0
coalesced_tensor : True
data_dir : /home/mlcuser/MLC/repos/local/cache/get-mlperf-inference-nvidia-scratch-space_5aab030f/data
gpu_batch_size : 256
gpu_copy_streams : 2
gpu_inference_streams : 2
input_dtype : int32
input_format : linear
log_dir : /home/mlcuser/MLC/repos/local/cache/get-git-repo_0ab377fc/repo/closed/NVIDIA/build/logs/2025.02.13-02.00.26
mlperf_conf_path : /home/mlcuser/MLC/repos/local/cache/get-git-repo_14157262/inference/mlperf.conf
offline_expected_qps : 0.0
precision : fp16
preprocessed_data_dir : /home/mlcuser/MLC/repos/local/cache/get-mlperf-inference-nvidia-scratch-space_5aab030f/preprocessed_data
scenario : Scenario.Offline
system : SystemConfiguration(host_cpu_conf=CPUConfiguration(layout={CPU(name='Intel(R) Xeon(R) w7-2495X', architecture=<CPUArchitecture.x86_64: AliasedName(name='x86_64', aliases=(), patterns=())>, core_count=24, threads_per_core=2): 1}), host_mem_conf=MemoryConfiguration(host_memory_capacity=Memory(quantity=197.33452799999998, byte_suffix=<ByteSuffix.GB: (1000, 3)>, _num_bytes=197334528000), comparison_tolerance=0.05), accelerator_conf=AcceleratorConfiguration(layout=defaultdict(<class 'int'>, {GPU(name='NVIDIA GeForce RTX 4090', accelerator_type=<AcceleratorType.Discrete: AliasedName(name='Discrete', aliases=(), patterns=())>, vram=Memory(quantity=23.98828125, byte_suffix=<ByteSuffix.GiB: (1024, 3)>, _num_bytes=25757220864), max_power_limit=450.0, pci_id='0x268410DE', compute_sm=89): 1, GPU(name='NVIDIA GeForce RTX 4090', accelerator_type=<AcceleratorType.Discrete: AliasedName(name='Discrete', aliases=(), patterns=())>, vram=Memory(quantity=23.98828125, byte_suffix=<ByteSuffix.GiB: (1024, 3)>, _num_bytes=25757220864), max_power_limit=500.0, pci_id='0x268410DE', compute_sm=89): 1})), numa_conf=NUMAConfiguration(numa_nodes={}, num_numa_nodes=1), system_id='c48880270644')
tensor_path : build/preprocessed_data/squad_tokenized/input_ids.npy,build/preprocessed_data/squad_tokenized/segment_ids.npy,build/preprocessed_data/squad_tokenized/input_mask.npy
test_mode : PerformanceOnly
use_graphs : False
user_conf_path : /home/mlcuser/MLC/repos/mlcommons@mlperf-automations/script/generate-mlperf-inference-user-conf/tmp/80cfcca0e8994aedbe58d69782aa6c44.conf
system_id : c48880270644
config_name : c48880270644_bert_Offline
workload_setting : WorkloadSetting(HarnessType.Custom, AccuracyTarget.k_99_9, PowerSetting.MaxP)
optimization_level : plugin-enabled
num_profiles : 2
config_ver : custom_k_99_9_MaxP
accuracy_level : 99.9%
inference_server : custom
skip_file_checks : True
power_limit : None
cpu_freq : None
&&&& RUNNING BERT_HARNESS # ./build/bin/harness_bert
I0213 02:00:28.586627 17140 main_bert.cc:164] Found 2 GPUs
I0213 02:00:28.708173 17140 bert_server.cc:147] Engine Path: ./build/engines/c48880270644/bert/Offline/bert-Offline-gpu-fp16_S_384_B_256_P_2_vs.custom_k_99_9_MaxP.plan
[I] [TRT] Loaded engine size: 699 MiB
[I] [TRT] Loaded engine size: 699 MiB
[W] [TRT] Using an engine plan file across different models of devices is not recommended and is likely to affect performance or even cause errors.
[I] [TRT] [MemUsageChange] Init cuBLAS/cuBLASLt: CPU +7, GPU +10, now: CPU 1008, GPU 1521 (MiB)
[I] [TRT] [MemUsageChange] Init cuDNN: CPU +1, GPU +10, now: CPU 1009, GPU 1531 (MiB)
[I] [TRT] [MemUsageChange] TensorRT-managed allocation in engine deserialization: CPU +0, GPU +1152, now: CPU 0, GPU 1152 (MiB)
[I] [TRT] [MemUsageChange] Init cuBLAS/cuBLASLt: CPU +6, GPU +10, now: CPU 1017, GPU 1377 (MiB)
[I] [TRT] [MemUsageChange] Init cuDNN: CPU +1, GPU +10, now: CPU 1018, GPU 1387 (MiB)
[I] [TRT] [MemUsageChange] TensorRT-managed allocation in engine deserialization: CPU +1, GPU +576, now: CPU 1, GPU 1152 (MiB)
I0213 02:00:29.360718 17140 bert_server.cc:208] Engines Creation Completed
I0213 02:00:29.388518 17140 bert_core_vs.cc:385] Engine - Device Memory requirements: 1409287680
I0213 02:00:29.388527 17140 bert_core_vs.cc:393] Engine - Number of Optimization Profiles: 2
I0213 02:00:29.388533 17140 bert_core_vs.cc:415] Engine - Profile 0 maxDims 98304 Bmax=256 Smax=384
[I] [TRT] [MemUsageChange] Init cuBLAS/cuBLASLt: CPU +0, GPU +8, now: CPU 319, GPU 2869 (MiB)
[I] [TRT] [MemUsageChange] Init cuDNN: CPU +0, GPU +8, now: CPU 319, GPU 2877 (MiB)
I0213 02:00:29.452544 17140 bert_core_vs.cc:426] Setting Opt.Prof. to 0
I0213 02:00:29.452569 17140 bert_core_vs.cc:444] Context creation complete. Max supported batchSize: 256
[I] [TRT] [MemUsageChange] TensorRT-managed allocation in IExecutionContext creation: CPU +0, GPU +0, now: CPU 1, GPU 1152 (MiB)
I0213 02:00:29.453343 17140 bert_core_vs.cc:476] Setup complete
I0213 02:00:29.453491 17140 bert_core_vs.cc:385] Engine - Device Memory requirements: 1409287680
I0213 02:00:29.453495 17140 bert_core_vs.cc:393] Engine - Number of Optimization Profiles: 2
I0213 02:00:29.453498 17140 bert_core_vs.cc:415] Engine - Profile 0 maxDims 98304 Bmax=256 Smax=384
[I] [TRT] [MemUsageChange] Init cuBLAS/cuBLASLt: CPU +0, GPU +8, now: CPU 442, GPU 2725 (MiB)
[I] [TRT] [MemUsageChange] Init cuDNN: CPU +0, GPU +8, now: CPU 442, GPU 2733 (MiB)
I0213 02:00:29.518460 17140 bert_core_vs.cc:426] Setting Opt.Prof. to 0
I0213 02:00:29.518473 17140 bert_core_vs.cc:444] Context creation complete. Max supported batchSize: 256
[I] [TRT] [MemUsageChange] TensorRT-managed allocation in IExecutionContext creation: CPU +1, GPU +0, now: CPU 2, GPU 1152 (MiB)
I0213 02:00:29.519274 17140 bert_core_vs.cc:476] Setup complete
I0213 02:00:29.519433 17140 bert_core_vs.cc:385] Engine - Device Memory requirements: 1409287680
I0213 02:00:29.519435 17140 bert_core_vs.cc:393] Engine - Number of Optimization Profiles: 2
I0213 02:00:29.519439 17140 bert_core_vs.cc:415] Engine - Profile 1 maxDims 98304 Bmax=256 Smax=384
[I] [TRT] [MemUsageChange] Init cuBLAS/cuBLASLt: CPU +0, GPU +8, now: CPU 566, GPU 4355 (MiB)
[I] [TRT] [MemUsageChange] Init cuDNN: CPU +0, GPU +10, now: CPU 566, GPU 4365 (MiB)
I0213 02:00:29.582585 17140 bert_core_vs.cc:426] Setting Opt.Prof. to 1
[I] [TRT] Could not set default profile 0 for execution context. Profile index must be set explicitly.
[I] [TRT] [MemUsageChange] TensorRT-managed allocation in IExecutionContext creation: CPU +1, GPU +0, now: CPU 3, GPU 1152 (MiB)
I0213 02:00:29.582918 17140 bert_core_vs.cc:444] Context creation complete. Max supported batchSize: 256
I0213 02:00:29.583712 17140 bert_core_vs.cc:476] Setup complete
I0213 02:00:29.583870 17140 bert_core_vs.cc:385] Engine - Device Memory requirements: 1409287680
I0213 02:00:29.583873 17140 bert_core_vs.cc:393] Engine - Number of Optimization Profiles: 2
I0213 02:00:29.583876 17140 bert_core_vs.cc:415] Engine - Profile 1 maxDims 98304 Bmax=256 Smax=384
[I] [TRT] [MemUsageChange] Init cuBLAS/cuBLASLt: CPU +0, GPU +8, now: CPU 689, GPU 4211 (MiB)
[I] [TRT] [MemUsageChange] Init cuDNN: CPU +0, GPU +10, now: CPU 689, GPU 4221 (MiB)
I0213 02:00:29.647230 17140 bert_core_vs.cc:426] Setting Opt.Prof. to 1
[I] [TRT] Could not set default profile 0 for execution context. Profile index must be set explicitly.
[I] [TRT] [MemUsageChange] TensorRT-managed allocation in IExecutionContext creation: CPU +0, GPU +0, now: CPU 3, GPU 1152 (MiB)
I0213 02:00:29.647576 17140 bert_core_vs.cc:444] Context creation complete. Max supported batchSize: 256
I0213 02:00:29.648397 17140 bert_core_vs.cc:476] Setup complete
I0213 02:00:30.840523 17140 main_bert.cc:185] Starting running actual test.
I0213 02:12:10.485219 17140 main_bert.cc:191] Finished running actual test.
================================================
MLPerf Results Summary
================================================
SUT name : BERT SERVER
Scenario : Offline
Mode     : PerformanceOnly
Samples per second: 3336.89
Result is : VALID
  Min duration satisfied : Yes
  Min queries satisfied : Yes
  Early stopping satisfied: Yes

================================================
Additional Stats
================================================
Min latency (ns)                : 1162931898
Max latency (ns)                : 699184054962
Mean latency (ns)               : 422676533677
50.00 percentile latency (ns)   : 449913852422
90.00 percentile latency (ns)   : 666705409878
95.00 percentile latency (ns)   : 685954770829
97.00 percentile latency (ns)   : 692364379862
99.00 percentile latency (ns)   : 697364967727
99.90 percentile latency (ns)   : 699056301457

================================================
Test Parameters Used
================================================
samples_per_query : 2333100
target_qps : 3535
target_latency (ns): 0
max_async_queries : 1
min_duration (ms): 600000
max_duration (ms): 0
min_query_count : 1
max_query_count : 0
qsl_rng_seed : 6023615788873153749
sample_index_rng_seed : 15036839855038426416
schedule_rng_seed : 9933818062894767841
accuracy_log_rng_seed : 0
accuracy_log_probability : 0
accuracy_log_sampling_target : 0
print_timestamps : 0
performance_issue_unique : 0
performance_issue_same : 0
performance_issue_same_index : 0
performance_sample_count : 10833

No warnings encountered during test.

No errors encountered during test.
[2025-02-13 02:12:10,726 run_harness.py:166 INFO] Result: result_samples_per_second: 3336.89, Result is VALID
 
======================== Result summaries: ========================

