client 2025-02-27 11:16:22,652 [INFO] Creating output directory '/home/arjun/MLC/repos/local/cache/get-mlperf-inference-results-dir_e3f7a2f6/valid_results/mini-tflite_cpp-cpu-tflite-vmaster-default_config/mobilenet-v2-precision_uint8-0.5-224/singlestream/performance/tmp_power'
client 2025-02-27 11:16:22,664 [INFO] Sending command to the server: 'mlcommons/power client v3'
client 2025-02-27 11:16:22,677 [INFO] Got response: 'mlcommons/power server v3'
client 2025-02-27 11:16:22,678 [INFO] Synchronizing with the server and with time.google.com...
client 2025-02-27 11:16:22,720 [INFO] NTP:offset = -0.005 s, delay = 0.026 s 
client 2025-02-27 11:16:22,720 [INFO] Sending command to the server: 'time'
client 2025-02-27 11:16:22,735 [INFO] Got response: '1740654982.6305377'
client 2025-02-27 11:16:22,735 [INFO] The time difference between the client and the server is within range 90.249 ms..104.859 ms
client 2025-02-27 11:16:22,735 [INFO] Sending command to the server: 'new,,7fd6855f-a610-427c-a434-659a82529d3f'
client 2025-02-27 11:16:22,751 [INFO] Got response: 'OK 2025-02-27_11-16-22,46e74f8d-56b1-451b-a181-81e0b44e557c'
client 2025-02-27 11:16:22,751 [INFO] Session id is '2025-02-27_11-16-22'
client 2025-02-27 11:16:22,751 [INFO] Sources: {"sources": {"__init__.py": "da39a3ee5e6b4b0d3255bfef95601890afd80709", "client.py": "33ca4f26368777ac06e01f9567b714a4b8063886", "lib/__init__.py": "da39a3ee5e6b4b0d3255bfef95601890afd80709", "lib/client.py": "ac2aa093c8e8bbc9569b9e2a3471bc64e58a2258", "lib/common.py": "611d8b29633d331eb19c9455ea3b5fa3284ed6df", "lib/external/__init__.py": "da39a3ee5e6b4b0d3255bfef95601890afd80709", "lib/external/ntplib.py": "4da8f970656505a40483206ef2b5d3dd5e81711d", "lib/server.py": "9bc9a3b6b9b716520658ac175913bcbbdb354336", "lib/source_hashes.py": "60a2e02193209e8d392803326208d5466342da18", "lib/summary.py": "602a9fedfa503e5544d27ab3b0067f235047efc3", "lib/time_sync.py": "80894ef2389e540781ff78de94db16aa4203a14e", "server.py": "c3f90f2f7eeb4db30727556d0c815ebc89b3d28b", "tests/unit/__init__.py": "da39a3ee5e6b4b0d3255bfef95601890afd80709", "tests/unit/test_server.py": "948c1995d4008bc2aa6c4046a34ffa3858d6d671", "tests/unit/test_source_hashes.py": "00468a2907583c593e6574a1f6b404e4651c221a"}, "modules": {"ptd_client_server.lib.client": "lib/client.py", "ptd_client_server.lib.common": "lib/common.py", "ptd_client_server.lib.external.ntplib": "lib/external/ntplib.py", "ptd_client_server.lib.source_hashes": "lib/source_hashes.py", "ptd_client_server.lib.summary": "lib/summary.py", "ptd_client_server.lib.time_sync": "lib/time_sync.py"}}
client 2025-02-27 11:16:22,752 [INFO] Running workload in ranging mode
client 2025-02-27 11:16:22,752 [INFO] Synchronizing with the server and with time.google.com...
client 2025-02-27 11:16:22,774 [INFO] NTP:offset = -0.005 s, delay = 0.021 s 
client 2025-02-27 11:16:22,774 [INFO] Sending command to the server: 'time'
client 2025-02-27 11:16:22,787 [INFO] Got response: '1740654982.6832716'
client 2025-02-27 11:16:22,788 [INFO] The time difference between the client and the server is within range 91.400 ms..104.847 ms
client 2025-02-27 11:16:22,788 [INFO] Sending command to the server: 'session,2025-02-27_11-16-22,start,ranging'
client 2025-02-27 11:16:47,658 [INFO] Got response: 'OK'
client 2025-02-27 11:16:47,658 [INFO] Sending command to the server: 'time'
client 2025-02-27 11:16:47,669 [INFO] Got response: '1740655007.566704'
client 2025-02-27 11:16:47,669 [INFO] The time difference between the client and the server is within range 92.049 ms..102.745 ms
client 2025-02-27 11:16:47,669 [INFO] Running the workload ' MLC_MLPERF_RUN_COUNT=$(cat ${MLC_RUN_DIR}/count.txt); echo ${MLC_MLPERF_RUN_COUNT}; MLC_MLPERF_RUN_COUNT=$((MLC_MLPERF_RUN_COUNT+1)); echo ${MLC_MLPERF_RUN_COUNT} > ${MLC_RUN_DIR}/count.txt; if [ ${MLC_MLPERF_RUN_COUNT} -eq 1 ]; then export MLC_MLPERF_USER_CONF="${MLC_MLPERF_RANGING_USER_CONF}"; else export MLC_MLPERF_USER_CONF="${MLC_MLPERF_TESTING_USER_CONF}"; fi ; /home/arjun/MLC/repos/gateoverflow@mlperf-automations/script/run-all-mlperf-models/run.out'
client 2025-02-27 11:21:48,370 [INFO] Sending command to the server: 'time'
client 2025-02-27 11:21:48,391 [INFO] Got response: '1740655308.2851233'
client 2025-02-27 11:21:48,391 [INFO] The time difference between the client and the server is within range 85.082 ms..106.343 ms
client 2025-02-27 11:21:48,391 [INFO] Sending command to the server: 'session,2025-02-27_11-16-22,stop,ranging'
client 2025-02-27 11:21:59,266 [INFO] Got response: 'OK'
client 2025-02-27 11:21:59,266 [INFO] Sending command to the server: 'time'
client 2025-02-27 11:21:59,280 [INFO] Got response: '1740655319.1730917'
client 2025-02-27 11:21:59,280 [INFO] The time difference between the client and the server is within range 93.735 ms..107.433 ms
client 2025-02-27 11:21:59,284 [INFO] Copying loadgen logs from '/home/arjun/MLC/repos/local/cache/get-mlperf-inference-results-dir_e3f7a2f6/valid_results/mini-tflite_cpp-cpu-tflite-vmaster-default_config/mobilenet-v2-precision_uint8-0.5-224/singlestream/performance/run_1' to '/home/arjun/MLC/repos/local/cache/get-mlperf-inference-results-dir_e3f7a2f6/valid_results/mini-tflite_cpp-cpu-tflite-vmaster-default_config/mobilenet-v2-precision_uint8-0.5-224/singlestream/performance/tmp_power/ranging'
client 2025-02-27 11:21:59,284 [INFO] Running workload in testing mode
client 2025-02-27 11:21:59,284 [INFO] Synchronizing with the server and with time.google.com...
client 2025-02-27 11:21:59,305 [INFO] NTP:offset = -0.003 s, delay = 0.020 s 
client 2025-02-27 11:21:59,306 [INFO] Sending command to the server: 'time'
client 2025-02-27 11:21:59,320 [INFO] Got response: '1740655319.2125318'
client 2025-02-27 11:21:59,321 [INFO] The time difference between the client and the server is within range 93.553 ms..108.449 ms
client 2025-02-27 11:21:59,321 [INFO] Sending command to the server: 'session,2025-02-27_11-16-22,start,testing'
client 2025-02-27 11:22:12,577 [INFO] Got response: 'OK'
client 2025-02-27 11:22:12,578 [INFO] Sending command to the server: 'time'
client 2025-02-27 11:22:12,590 [INFO] Got response: '1740655332.484361'
client 2025-02-27 11:22:12,591 [INFO] The time difference between the client and the server is within range 93.700 ms..106.751 ms
client 2025-02-27 11:22:12,591 [INFO] Running the workload ' MLC_MLPERF_RUN_COUNT=$(cat ${MLC_RUN_DIR}/count.txt); echo ${MLC_MLPERF_RUN_COUNT}; MLC_MLPERF_RUN_COUNT=$((MLC_MLPERF_RUN_COUNT+1)); echo ${MLC_MLPERF_RUN_COUNT} > ${MLC_RUN_DIR}/count.txt; if [ ${MLC_MLPERF_RUN_COUNT} -eq 1 ]; then export MLC_MLPERF_USER_CONF="${MLC_MLPERF_RANGING_USER_CONF}"; else export MLC_MLPERF_USER_CONF="${MLC_MLPERF_TESTING_USER_CONF}"; fi ; /home/arjun/MLC/repos/gateoverflow@mlperf-automations/script/run-all-mlperf-models/run.out'
client 2025-02-27 11:32:13,239 [INFO] Sending command to the server: 'time'
client 2025-02-27 11:32:13,254 [INFO] Got response: '1740655933.1431167'
client 2025-02-27 11:32:13,254 [INFO] The time difference between the client and the server is within range 96.526 ms..111.484 ms
client 2025-02-27 11:32:13,254 [INFO] Sending command to the server: 'session,2025-02-27_11-16-22,stop,testing'
client 2025-02-27 11:32:23,702 [INFO] Got response: 'OK'
client 2025-02-27 11:32:23,702 [INFO] Sending command to the server: 'time'
client 2025-02-27 11:32:23,713 [INFO] Got response: '1740655943.60254'
client 2025-02-27 11:32:23,713 [INFO] The time difference between the client and the server is within range 100.289 ms..110.837 ms
client 2025-02-27 11:32:23,714 [INFO] Copying loadgen logs from '/home/arjun/MLC/repos/local/cache/get-mlperf-inference-results-dir_e3f7a2f6/valid_results/mini-tflite_cpp-cpu-tflite-vmaster-default_config/mobilenet-v2-precision_uint8-0.5-224/singlestream/performance/run_1' to '/home/arjun/MLC/repos/local/cache/get-mlperf-inference-results-dir_e3f7a2f6/valid_results/mini-tflite_cpp-cpu-tflite-vmaster-default_config/mobilenet-v2-precision_uint8-0.5-224/singlestream/performance/tmp_power/run_1'
client 2025-02-27 11:32:23,714 [INFO] Done runs
