Couldn't find any of the following OpenCL library: libOpenCL.so libGLES_mali.so libmali.so 
Graph file: /home/ubuntu/MLC/repos/local/cache/get-ml-model-efficientnet-lite_fbaab756/efficientnet-lite2/efficientnet-lite2-fp32.tflite
Image dir: /home/ubuntu/MLC/repos/local/cache/get-preprocessed-dataset-imagenet_27b6f990
Image list: /home/ubuntu/MLC/repos/local/cache/get-preprocessed-dataset-imagenet_27b6f990/preprocessed_files.txt
Image size: 260
Image channels: 3
Prediction classes: 1000
Result dir: /home/ubuntu/MLC/repos/local/cache/get-mlperf-inference-results-dir_cf7f9d19/valid_results/i_04415c97d281d3953-tflite_armnn_cpp-cpu-armnn_tflite-v23.11-using_neon/efficientnet-fp32-lite2/singlestream/performance/run_1
How many images fit in memory buffer: 1024
Normalize: 1
Subtract mean: 0
Run time preprocessing: 0
Number of Threads: 8
Number of available imagefiles: 50000

Loading graph...
************* Type 1
Output tensor dimensions: 1*1000
Path to mlperf.conf : /home/ubuntu/MLC/repos/local/cache/get-git-repo_d2686a8a/inference/mlperf.conf
Path to user.conf : /home/ubuntu/MLC/repos/gateoverflow@mlperf-automations/script/generate-mlperf-inference-user-conf/tmp/0e3d9ef5963d4153b7550d099b4c3989.conf
Model Name: efficientnet
LoadGen Scenario: SingleStream
LoadGen Mode: performance
