Graph file: /home/mlcuser/MLC/repos/local/cache/get-ml-model-mobilenet_2cdd317c/v2_224_75/model.tflite
Image dir: /home/mlcuser/MLC/repos/local/cache/get-preprocessed-dataset-imagenet_5c1e1bec
Image list: /home/mlcuser/MLC/repos/local/cache/get-preprocessed-dataset-imagenet_5c1e1bec/preprocessed_files.txt
Image size: 224
Image channels: 3
Prediction classes: 1000
Result dir: /home/mlcuser/MLC/repos/local/cache/get-mlperf-inference-results-dir_b14e6733/valid_results/73afac010d7d-tflite_cpp-cpu-tflite-vmaster-default_config/mobilenet-v2-precision_uint8-0.75-224/singlestream/accuracy
How many images fit in memory buffer: 1024
Normalize: 1
Subtract mean: 0
Run time preprocessing: 1
Number of Threads: 8
Number of available imagefiles: 50000

Loading graph...
INFO: Created TensorFlow Lite XNNPACK delegate for CPU.
Input tensor dimensions (NHWC): 1*224*224*3
Output tensor dimensions: 1*1001
Path to user.conf : /home/mlcuser/MLC/repos/mlcommons@mlperf-automations/script/generate-mlperf-inference-user-conf/tmp/64ce467976584453882824a7b693f8ec.conf
Model Name: mobilenet
LoadGen Scenario: SingleStream
LoadGen Mode: accuracy
