Graph file: /home/kingjuno/MLC/repos/local/cache/get-ml-model-mobilenet_f3137d61/mobilenet_v2_0.5_224.tflite
Image dir: /home/kingjuno/MLC/repos/local/cache/get-preprocessed-dataset-imagenet_9a9c84c7
Image list: /home/kingjuno/MLC/repos/local/cache/get-preprocessed-dataset-imagenet_9a9c84c7/preprocessed_files.txt
Image size: 224
Image channels: 3
Prediction classes: 1000
Result dir: /home/kingjuno/MLC/repos/local/cache/get-mlperf-inference-results-dir_69aa4cf9/valid_results/MLC-tflite_cpp-cpu-tflite-vmaster-default_config/mobilenet-v2-precision_float-0.5-224/singlestream/performance/run_1
How many images fit in memory buffer: 1024
Normalize: 1
Subtract mean: 0
Run time preprocessing: 0
Number of Threads: 1
Number of available imagefiles: 50000

Loading graph...
INFO: Created TensorFlow Lite XNNPACK delegate for CPU.
Input tensor dimensions (NHWC): 1*224*224*3
Output tensor dimensions: 1*1001
Path to user.conf : /home/kingjuno/MLC/repos/mlcommons@mlperf-automations/script/generate-mlperf-inference-user-conf/tmp/b64e8ed0e5cf45178d01f477d0c2ebaf.conf
Model Name: mobilenet
LoadGen Scenario: SingleStream
LoadGen Mode: performance
