Graph file: /home/kingjuno/MLC/repos/local/cache/get-ml-model-efficientnet-lite_9dc780a8/efficientnet-lite0/efficientnet-lite0-int8.tflite
Image dir: /home/kingjuno/MLC/repos/local/cache/get-preprocessed-dataset-imagenet_f48825a2
Image list: /home/kingjuno/MLC/repos/local/cache/get-preprocessed-dataset-imagenet_f48825a2/preprocessed_files.txt
Image size: 224
Image channels: 3
Prediction classes: 1000
Result dir: /home/kingjuno/MLC/repos/local/cache/get-mlperf-inference-results-dir_69aa4cf9/valid_results/MLC-tflite_cpp-cpu-tflite-vmaster-default_config/efficientnet-int8-lite0/singlestream/performance/run_1
How many images fit in memory buffer: 1024
Normalize: 1
Subtract mean: 0
Run time preprocessing: 1
Number of Threads: 1
Number of available imagefiles: 50000

Loading graph...
INFO: Created TensorFlow Lite XNNPACK delegate for CPU.
Input tensor dimensions (NHWC): 1*224*224*3
Output tensor dimensions: 1*1000
Path to user.conf : /home/kingjuno/MLC/repos/mlcommons@mlperf-automations/script/generate-mlperf-inference-user-conf/tmp/cf3ee1d447ac414a8e889a22dd85ef92.conf
Model Name: efficientnet
LoadGen Scenario: SingleStream
LoadGen Mode: performance
