Graph file: /home/kingjuno/MLC/repos/local/cache/get-ml-model-mobilenet_7b57ee75/mobilenet_v1_0.75_224.tflite
Image dir: /home/kingjuno/MLC/repos/local/cache/get-preprocessed-dataset-imagenet_d185240f
Image list: /home/kingjuno/MLC/repos/local/cache/get-preprocessed-dataset-imagenet_d185240f/preprocessed_files.txt
Image size: 224
Image channels: 3
Prediction classes: 1000
Result dir: /home/kingjuno/MLC/repos/local/cache/get-mlperf-inference-results-dir_69aa4cf9/valid_results/MLC-tflite_cpp-cpu-tflite-vmaster-default_config/mobilenet-v1-precision_float-0.75-224/singlestream/accuracy
How many images fit in memory buffer: 1024
Normalize: 1
Subtract mean: 0
Run time preprocessing: 0
Number of Threads: 1
Number of available imagefiles: 50000

Loading graph...
INFO: Created TensorFlow Lite XNNPACK delegate for CPU.
Input tensor dimensions (NHWC): 1*224*224*3
Output tensor dimensions: 1*1001
Path to user.conf : /home/kingjuno/MLC/repos/mlcommons@mlperf-automations/script/generate-mlperf-inference-user-conf/tmp/6f236a2631a04ea7b704ee7ffc9c79b1.conf
Model Name: mobilenet
LoadGen Scenario: SingleStream
LoadGen Mode: accuracy
