client 2025-02-27 13:48:14,252 [INFO] Creating output directory '/home/arjun/MLC/repos/local/cache/get-mlperf-inference-results-dir_e3f7a2f6/valid_results/mini-tflite_cpp-cpu-tflite-vmaster-default_config/mobilenet-v3-precision_uint8-large-224/singlestream/performance/tmp_power'
client 2025-02-27 13:48:14,260 [INFO] Sending command to the server: 'mlcommons/power client v3'
client 2025-02-27 13:48:14,271 [INFO] Got response: 'mlcommons/power server v3'
client 2025-02-27 13:48:14,271 [INFO] Synchronizing with the server and with time.google.com...
client 2025-02-27 13:48:14,296 [INFO] NTP:offset = 0.001 s, delay = 0.021 s 
client 2025-02-27 13:48:14,296 [INFO] Sending command to the server: 'time'
client 2025-02-27 13:48:14,306 [INFO] Got response: '1740664094.092517'
client 2025-02-27 13:48:14,306 [INFO] The time difference between the client and the server is within range 204.234 ms..214.439 ms
client 2025-02-27 13:48:14,307 [INFO] Sending command to the server: 'new,,76220978-520e-46ee-8f8e-47e0abac2299'
client 2025-02-27 13:48:14,321 [INFO] Got response: 'OK 2025-02-27_13-48-14,9e770824-203c-471e-96d5-621642cde04b'
client 2025-02-27 13:48:14,322 [INFO] Session id is '2025-02-27_13-48-14'
client 2025-02-27 13:48:14,322 [INFO] Sources: {"sources": {"__init__.py": "da39a3ee5e6b4b0d3255bfef95601890afd80709", "client.py": "33ca4f26368777ac06e01f9567b714a4b8063886", "lib/__init__.py": "da39a3ee5e6b4b0d3255bfef95601890afd80709", "lib/client.py": "ac2aa093c8e8bbc9569b9e2a3471bc64e58a2258", "lib/common.py": "611d8b29633d331eb19c9455ea3b5fa3284ed6df", "lib/external/__init__.py": "da39a3ee5e6b4b0d3255bfef95601890afd80709", "lib/external/ntplib.py": "4da8f970656505a40483206ef2b5d3dd5e81711d", "lib/server.py": "9bc9a3b6b9b716520658ac175913bcbbdb354336", "lib/source_hashes.py": "60a2e02193209e8d392803326208d5466342da18", "lib/summary.py": "602a9fedfa503e5544d27ab3b0067f235047efc3", "lib/time_sync.py": "80894ef2389e540781ff78de94db16aa4203a14e", "server.py": "c3f90f2f7eeb4db30727556d0c815ebc89b3d28b", "tests/unit/__init__.py": "da39a3ee5e6b4b0d3255bfef95601890afd80709", "tests/unit/test_server.py": "948c1995d4008bc2aa6c4046a34ffa3858d6d671", "tests/unit/test_source_hashes.py": "00468a2907583c593e6574a1f6b404e4651c221a"}, "modules": {"ptd_client_server.lib.client": "lib/client.py", "ptd_client_server.lib.common": "lib/common.py", "ptd_client_server.lib.external.ntplib": "lib/external/ntplib.py", "ptd_client_server.lib.source_hashes": "lib/source_hashes.py", "ptd_client_server.lib.summary": "lib/summary.py", "ptd_client_server.lib.time_sync": "lib/time_sync.py"}}
client 2025-02-27 13:48:14,322 [INFO] Running workload in ranging mode
client 2025-02-27 13:48:14,322 [INFO] Synchronizing with the server and with time.google.com...
client 2025-02-27 13:48:14,341 [INFO] NTP:offset = -0.000 s, delay = 0.018 s 
client 2025-02-27 13:48:14,341 [INFO] Sending command to the server: 'time'
client 2025-02-27 13:48:14,363 [INFO] Got response: '1740664094.1464438'
client 2025-02-27 13:48:14,363 [INFO] The time difference between the client and the server is within range 195.531 ms..217.211 ms
client 2025-02-27 13:48:14,363 [INFO] Sending command to the server: 'session,2025-02-27_13-48-14,start,ranging'
client 2025-02-27 13:48:38,943 [INFO] Got response: 'OK'
client 2025-02-27 13:48:38,943 [INFO] Sending command to the server: 'time'
client 2025-02-27 13:48:38,956 [INFO] Got response: '1740664118.7387543'
client 2025-02-27 13:48:38,956 [INFO] The time difference between the client and the server is within range 205.219 ms..217.538 ms
client 2025-02-27 13:48:38,956 [INFO] Running the workload ' MLC_MLPERF_RUN_COUNT=$(cat ${MLC_RUN_DIR}/count.txt); echo ${MLC_MLPERF_RUN_COUNT}; MLC_MLPERF_RUN_COUNT=$((MLC_MLPERF_RUN_COUNT+1)); echo ${MLC_MLPERF_RUN_COUNT} > ${MLC_RUN_DIR}/count.txt; if [ ${MLC_MLPERF_RUN_COUNT} -eq 1 ]; then export MLC_MLPERF_USER_CONF="${MLC_MLPERF_RANGING_USER_CONF}"; else export MLC_MLPERF_USER_CONF="${MLC_MLPERF_TESTING_USER_CONF}"; fi ; /home/arjun/MLC/repos/gateoverflow@mlperf-automations/script/run-all-mlperf-models/run.out'
client 2025-02-27 13:53:39,549 [INFO] Sending command to the server: 'time'
client 2025-02-27 13:53:39,564 [INFO] Got response: '1740664419.3427005'
client 2025-02-27 13:53:39,564 [INFO] The time difference between the client and the server is within range 206.835 ms..222.020 ms
client 2025-02-27 13:53:39,564 [INFO] Sending command to the server: 'session,2025-02-27_13-48-14,stop,ranging'
client 2025-02-27 13:53:50,458 [INFO] Got response: 'OK'
client 2025-02-27 13:53:50,458 [INFO] Sending command to the server: 'time'
client 2025-02-27 13:53:50,479 [INFO] Got response: '1740664430.2579677'
client 2025-02-27 13:53:50,480 [INFO] The time difference between the client and the server is within range 200.326 ms..222.055 ms
client 2025-02-27 13:53:50,484 [INFO] Copying loadgen logs from '/home/arjun/MLC/repos/local/cache/get-mlperf-inference-results-dir_e3f7a2f6/valid_results/mini-tflite_cpp-cpu-tflite-vmaster-default_config/mobilenet-v3-precision_uint8-large-224/singlestream/performance/run_1' to '/home/arjun/MLC/repos/local/cache/get-mlperf-inference-results-dir_e3f7a2f6/valid_results/mini-tflite_cpp-cpu-tflite-vmaster-default_config/mobilenet-v3-precision_uint8-large-224/singlestream/performance/tmp_power/ranging'
client 2025-02-27 13:53:50,484 [INFO] Running workload in testing mode
client 2025-02-27 13:53:50,484 [INFO] Synchronizing with the server and with time.google.com...
client 2025-02-27 13:53:50,504 [INFO] NTP:offset = 0.000 s, delay = 0.018 s 
client 2025-02-27 13:53:50,504 [INFO] Sending command to the server: 'time'
client 2025-02-27 13:53:50,514 [INFO] Got response: '1740664430.2957532'
client 2025-02-27 13:53:50,515 [INFO] The time difference between the client and the server is within range 208.895 ms..219.250 ms
client 2025-02-27 13:53:50,515 [INFO] Sending command to the server: 'session,2025-02-27_13-48-14,start,testing'
client 2025-02-27 13:54:03,770 [INFO] Got response: 'OK'
client 2025-02-27 13:54:03,770 [INFO] Sending command to the server: 'time'
client 2025-02-27 13:54:03,782 [INFO] Got response: '1740664443.5613637'
client 2025-02-27 13:54:03,783 [INFO] The time difference between the client and the server is within range 209.593 ms..221.759 ms
client 2025-02-27 13:54:03,783 [INFO] Running the workload ' MLC_MLPERF_RUN_COUNT=$(cat ${MLC_RUN_DIR}/count.txt); echo ${MLC_MLPERF_RUN_COUNT}; MLC_MLPERF_RUN_COUNT=$((MLC_MLPERF_RUN_COUNT+1)); echo ${MLC_MLPERF_RUN_COUNT} > ${MLC_RUN_DIR}/count.txt; if [ ${MLC_MLPERF_RUN_COUNT} -eq 1 ]; then export MLC_MLPERF_USER_CONF="${MLC_MLPERF_RANGING_USER_CONF}"; else export MLC_MLPERF_USER_CONF="${MLC_MLPERF_TESTING_USER_CONF}"; fi ; /home/arjun/MLC/repos/gateoverflow@mlperf-automations/script/run-all-mlperf-models/run.out'
client 2025-02-27 14:04:04,084 [INFO] Sending command to the server: 'time'
client 2025-02-27 14:04:04,104 [INFO] Got response: '1740665043.8690562'
client 2025-02-27 14:04:04,104 [INFO] The time difference between the client and the server is within range 215.653 ms..235.404 ms
client 2025-02-27 14:04:04,104 [INFO] Sending command to the server: 'session,2025-02-27_13-48-14,stop,testing'
client 2025-02-27 14:04:15,213 [INFO] Got response: 'OK'
client 2025-02-27 14:04:15,213 [INFO] Sending command to the server: 'time'
client 2025-02-27 14:04:15,223 [INFO] Got response: '1740665054.993521'
client 2025-02-27 14:04:15,223 [INFO] The time difference between the client and the server is within range 220.315 ms..229.927 ms
client 2025-02-27 14:04:15,224 [INFO] Copying loadgen logs from '/home/arjun/MLC/repos/local/cache/get-mlperf-inference-results-dir_e3f7a2f6/valid_results/mini-tflite_cpp-cpu-tflite-vmaster-default_config/mobilenet-v3-precision_uint8-large-224/singlestream/performance/run_1' to '/home/arjun/MLC/repos/local/cache/get-mlperf-inference-results-dir_e3f7a2f6/valid_results/mini-tflite_cpp-cpu-tflite-vmaster-default_config/mobilenet-v3-precision_uint8-large-224/singlestream/performance/tmp_power/run_1'
client 2025-02-27 14:04:15,224 [INFO] Done runs
