client 2025-02-28 12:48:47,553 [INFO] Creating output directory '/home/arjun/MLC/repos/local/cache/get-mlperf-inference-results-dir_e3f7a2f6/valid_results/mini-tflite_cpp-cpu-tflite-vmaster-with_live_preprocessing/efficientnet-fp32-lite2/singlestream/performance/tmp_power'
client 2025-02-28 12:48:47,563 [INFO] Sending command to the server: 'mlcommons/power client v3'
client 2025-02-28 12:48:47,579 [INFO] Got response: 'mlcommons/power server v3'
client 2025-02-28 12:48:47,579 [INFO] Synchronizing with the server and with time.google.com...
client 2025-02-28 12:48:47,605 [INFO] NTP:offset = -0.004 s, delay = 0.022 s 
client 2025-02-28 12:48:47,605 [INFO] Sending command to the server: 'time'
client 2025-02-28 12:48:47,619 [INFO] Got response: '1740746927.4009879'
client 2025-02-28 12:48:47,619 [INFO] The time difference between the client and the server is within range 204.509 ms..218.732 ms
client 2025-02-28 12:48:47,619 [INFO] Sending command to the server: 'new,,899947f5-262b-455d-8881-dde45791561f'
client 2025-02-28 12:48:47,635 [INFO] Got response: 'OK 2025-02-28_12-48-47,a99eab9a-df0d-4e31-8d08-b822282bfce2'
client 2025-02-28 12:48:47,636 [INFO] Session id is '2025-02-28_12-48-47'
client 2025-02-28 12:48:47,636 [INFO] Sources: {"sources": {"__init__.py": "da39a3ee5e6b4b0d3255bfef95601890afd80709", "client.py": "33ca4f26368777ac06e01f9567b714a4b8063886", "lib/__init__.py": "da39a3ee5e6b4b0d3255bfef95601890afd80709", "lib/client.py": "ac2aa093c8e8bbc9569b9e2a3471bc64e58a2258", "lib/common.py": "611d8b29633d331eb19c9455ea3b5fa3284ed6df", "lib/external/__init__.py": "da39a3ee5e6b4b0d3255bfef95601890afd80709", "lib/external/ntplib.py": "4da8f970656505a40483206ef2b5d3dd5e81711d", "lib/server.py": "9bc9a3b6b9b716520658ac175913bcbbdb354336", "lib/source_hashes.py": "60a2e02193209e8d392803326208d5466342da18", "lib/summary.py": "602a9fedfa503e5544d27ab3b0067f235047efc3", "lib/time_sync.py": "80894ef2389e540781ff78de94db16aa4203a14e", "server.py": "c3f90f2f7eeb4db30727556d0c815ebc89b3d28b", "tests/unit/__init__.py": "da39a3ee5e6b4b0d3255bfef95601890afd80709", "tests/unit/test_server.py": "948c1995d4008bc2aa6c4046a34ffa3858d6d671", "tests/unit/test_source_hashes.py": "00468a2907583c593e6574a1f6b404e4651c221a"}, "modules": {"ptd_client_server.lib.client": "lib/client.py", "ptd_client_server.lib.common": "lib/common.py", "ptd_client_server.lib.external.ntplib": "lib/external/ntplib.py", "ptd_client_server.lib.source_hashes": "lib/source_hashes.py", "ptd_client_server.lib.summary": "lib/summary.py", "ptd_client_server.lib.time_sync": "lib/time_sync.py"}}
client 2025-02-28 12:48:47,636 [INFO] Running workload in ranging mode
client 2025-02-28 12:48:47,636 [INFO] Synchronizing with the server and with time.google.com...
client 2025-02-28 12:48:47,662 [INFO] NTP:offset = -0.004 s, delay = 0.024 s 
client 2025-02-28 12:48:47,662 [INFO] Sending command to the server: 'time'
client 2025-02-28 12:48:47,673 [INFO] Got response: '1740746927.4557562'
client 2025-02-28 12:48:47,674 [INFO] The time difference between the client and the server is within range 207.007 ms..218.316 ms
client 2025-02-28 12:48:47,674 [INFO] Sending command to the server: 'session,2025-02-28_12-48-47,start,ranging'
client 2025-02-28 12:49:12,224 [INFO] Got response: 'OK'
client 2025-02-28 12:49:12,224 [INFO] Sending command to the server: 'time'
client 2025-02-28 12:49:12,237 [INFO] Got response: '1740746952.021414'
client 2025-02-28 12:49:12,237 [INFO] The time difference between the client and the server is within range 203.235 ms..216.523 ms
client 2025-02-28 12:49:12,238 [INFO] Running the workload ' MLC_MLPERF_RUN_COUNT=$(cat ${MLC_RUN_DIR}/count.txt); echo ${MLC_MLPERF_RUN_COUNT}; MLC_MLPERF_RUN_COUNT=$((MLC_MLPERF_RUN_COUNT+1)); echo ${MLC_MLPERF_RUN_COUNT} > ${MLC_RUN_DIR}/count.txt; if [ ${MLC_MLPERF_RUN_COUNT} -eq 1 ]; then export MLC_MLPERF_USER_CONF="${MLC_MLPERF_RANGING_USER_CONF}"; else export MLC_MLPERF_USER_CONF="${MLC_MLPERF_TESTING_USER_CONF}"; fi ; /home/arjun/MLC/repos/gateoverflow@mlperf-automations/script/run-all-mlperf-models/run.out'
client 2025-02-28 12:54:12,845 [INFO] Sending command to the server: 'time'
client 2025-02-28 12:54:12,892 [INFO] Got response: '1740747252.671149'
client 2025-02-28 12:54:12,892 [INFO] The time difference between the client and the server is within range 174.535 ms..221.627 ms
client 2025-02-28 12:54:12,892 [INFO] Sending command to the server: 'session,2025-02-28_12-48-47,stop,ranging'
client 2025-02-28 12:54:24,001 [INFO] Got response: 'OK'
client 2025-02-28 12:54:24,002 [INFO] Sending command to the server: 'time'
client 2025-02-28 12:54:24,021 [INFO] Got response: '1740747263.7981422'
client 2025-02-28 12:54:24,021 [INFO] The time difference between the client and the server is within range 204.033 ms..223.579 ms
client 2025-02-28 12:54:24,025 [INFO] Copying loadgen logs from '/home/arjun/MLC/repos/local/cache/get-mlperf-inference-results-dir_e3f7a2f6/valid_results/mini-tflite_cpp-cpu-tflite-vmaster-with_live_preprocessing/efficientnet-fp32-lite2/singlestream/performance/run_1' to '/home/arjun/MLC/repos/local/cache/get-mlperf-inference-results-dir_e3f7a2f6/valid_results/mini-tflite_cpp-cpu-tflite-vmaster-with_live_preprocessing/efficientnet-fp32-lite2/singlestream/performance/tmp_power/ranging'
client 2025-02-28 12:54:24,026 [INFO] Running workload in testing mode
client 2025-02-28 12:54:24,026 [INFO] Synchronizing with the server and with time.google.com...
client 2025-02-28 12:54:24,051 [INFO] NTP:offset = -0.004 s, delay = 0.023 s 
client 2025-02-28 12:54:24,051 [INFO] Sending command to the server: 'time'
client 2025-02-28 12:54:24,063 [INFO] Got response: '1740747263.8404021'
client 2025-02-28 12:54:24,063 [INFO] The time difference between the client and the server is within range 211.158 ms..223.522 ms
client 2025-02-28 12:54:24,064 [INFO] Sending command to the server: 'session,2025-02-28_12-48-47,start,testing'
client 2025-02-28 12:54:37,315 [INFO] Got response: 'OK'
client 2025-02-28 12:54:37,315 [INFO] Sending command to the server: 'time'
client 2025-02-28 12:54:37,338 [INFO] Got response: '1740747277.115198'
client 2025-02-28 12:54:37,338 [INFO] The time difference between the client and the server is within range 200.578 ms..223.186 ms
client 2025-02-28 12:54:37,338 [INFO] Running the workload ' MLC_MLPERF_RUN_COUNT=$(cat ${MLC_RUN_DIR}/count.txt); echo ${MLC_MLPERF_RUN_COUNT}; MLC_MLPERF_RUN_COUNT=$((MLC_MLPERF_RUN_COUNT+1)); echo ${MLC_MLPERF_RUN_COUNT} > ${MLC_RUN_DIR}/count.txt; if [ ${MLC_MLPERF_RUN_COUNT} -eq 1 ]; then export MLC_MLPERF_USER_CONF="${MLC_MLPERF_RANGING_USER_CONF}"; else export MLC_MLPERF_USER_CONF="${MLC_MLPERF_TESTING_USER_CONF}"; fi ; /home/arjun/MLC/repos/gateoverflow@mlperf-automations/script/run-all-mlperf-models/run.out'
client 2025-02-28 13:04:37,662 [INFO] Sending command to the server: 'time'
client 2025-02-28 13:04:37,679 [INFO] Got response: '1740747877.4489617'
client 2025-02-28 13:04:37,680 [INFO] The time difference between the client and the server is within range 213.950 ms..231.059 ms
client 2025-02-28 13:04:37,680 [INFO] Sending command to the server: 'session,2025-02-28_12-48-47,stop,testing'
client 2025-02-28 13:04:48,644 [INFO] Got response: 'OK'
client 2025-02-28 13:04:48,644 [INFO] Sending command to the server: 'time'
client 2025-02-28 13:04:48,658 [INFO] Got response: '1740747888.4270859'
client 2025-02-28 13:04:48,658 [INFO] The time difference between the client and the server is within range 217.334 ms..231.026 ms
client 2025-02-28 13:04:48,659 [INFO] Copying loadgen logs from '/home/arjun/MLC/repos/local/cache/get-mlperf-inference-results-dir_e3f7a2f6/valid_results/mini-tflite_cpp-cpu-tflite-vmaster-with_live_preprocessing/efficientnet-fp32-lite2/singlestream/performance/run_1' to '/home/arjun/MLC/repos/local/cache/get-mlperf-inference-results-dir_e3f7a2f6/valid_results/mini-tflite_cpp-cpu-tflite-vmaster-with_live_preprocessing/efficientnet-fp32-lite2/singlestream/performance/tmp_power/run_1'
client 2025-02-28 13:04:48,659 [INFO] Done runs
