client 2025-02-27 13:28:40,160 [INFO] Creating output directory '/home/arjun/MLC/repos/local/cache/get-mlperf-inference-results-dir_e3f7a2f6/valid_results/mini-tflite_cpp-cpu-tflite-vmaster-default_config/mobilenet-v2-precision_uint8-0.35-128/singlestream/performance/tmp_power'
client 2025-02-27 13:28:40,182 [INFO] Sending command to the server: 'mlcommons/power client v3'
client 2025-02-27 13:28:40,192 [INFO] Got response: 'mlcommons/power server v3'
client 2025-02-27 13:28:40,193 [INFO] Synchronizing with the server and with time.google.com...
client 2025-02-27 13:28:40,218 [INFO] NTP:offset = -0.003 s, delay = 0.021 s 
client 2025-02-27 13:28:40,219 [INFO] Sending command to the server: 'time'
client 2025-02-27 13:28:40,231 [INFO] Got response: '1740662920.029723'
client 2025-02-27 13:28:40,231 [INFO] The time difference between the client and the server is within range 189.407 ms..201.655 ms
client 2025-02-27 13:28:40,231 [INFO] Sending command to the server: 'new,,e98c25f6-145e-476f-b43c-dd1490ec7f26'
client 2025-02-27 13:28:40,248 [INFO] Got response: 'OK 2025-02-27_13-28-40,0094ba3c-8d62-4f88-8573-0d7a8b17e393'
client 2025-02-27 13:28:40,248 [INFO] Session id is '2025-02-27_13-28-40'
client 2025-02-27 13:28:40,248 [INFO] Sources: {"sources": {"__init__.py": "da39a3ee5e6b4b0d3255bfef95601890afd80709", "client.py": "33ca4f26368777ac06e01f9567b714a4b8063886", "lib/__init__.py": "da39a3ee5e6b4b0d3255bfef95601890afd80709", "lib/client.py": "ac2aa093c8e8bbc9569b9e2a3471bc64e58a2258", "lib/common.py": "611d8b29633d331eb19c9455ea3b5fa3284ed6df", "lib/external/__init__.py": "da39a3ee5e6b4b0d3255bfef95601890afd80709", "lib/external/ntplib.py": "4da8f970656505a40483206ef2b5d3dd5e81711d", "lib/server.py": "9bc9a3b6b9b716520658ac175913bcbbdb354336", "lib/source_hashes.py": "60a2e02193209e8d392803326208d5466342da18", "lib/summary.py": "602a9fedfa503e5544d27ab3b0067f235047efc3", "lib/time_sync.py": "80894ef2389e540781ff78de94db16aa4203a14e", "server.py": "c3f90f2f7eeb4db30727556d0c815ebc89b3d28b", "tests/unit/__init__.py": "da39a3ee5e6b4b0d3255bfef95601890afd80709", "tests/unit/test_server.py": "948c1995d4008bc2aa6c4046a34ffa3858d6d671", "tests/unit/test_source_hashes.py": "00468a2907583c593e6574a1f6b404e4651c221a"}, "modules": {"ptd_client_server.lib.client": "lib/client.py", "ptd_client_server.lib.common": "lib/common.py", "ptd_client_server.lib.external.ntplib": "lib/external/ntplib.py", "ptd_client_server.lib.source_hashes": "lib/source_hashes.py", "ptd_client_server.lib.summary": "lib/summary.py", "ptd_client_server.lib.time_sync": "lib/time_sync.py"}}
client 2025-02-27 13:28:40,249 [INFO] Running workload in ranging mode
client 2025-02-27 13:28:40,249 [INFO] Synchronizing with the server and with time.google.com...
client 2025-02-27 13:28:40,268 [INFO] NTP:offset = -0.004 s, delay = 0.018 s 
client 2025-02-27 13:28:40,268 [INFO] Sending command to the server: 'time'
client 2025-02-27 13:28:40,282 [INFO] Got response: '1740662920.0800302'
client 2025-02-27 13:28:40,282 [INFO] The time difference between the client and the server is within range 188.493 ms..202.804 ms
client 2025-02-27 13:28:40,282 [INFO] Sending command to the server: 'session,2025-02-27_13-28-40,start,ranging'
client 2025-02-27 13:29:04,837 [INFO] Got response: 'OK'
client 2025-02-27 13:29:04,837 [INFO] Sending command to the server: 'time'
client 2025-02-27 13:29:04,849 [INFO] Got response: '1740662944.6470551'
client 2025-02-27 13:29:04,849 [INFO] The time difference between the client and the server is within range 190.226 ms..202.301 ms
client 2025-02-27 13:29:04,849 [INFO] Running the workload ' MLC_MLPERF_RUN_COUNT=$(cat ${MLC_RUN_DIR}/count.txt); echo ${MLC_MLPERF_RUN_COUNT}; MLC_MLPERF_RUN_COUNT=$((MLC_MLPERF_RUN_COUNT+1)); echo ${MLC_MLPERF_RUN_COUNT} > ${MLC_RUN_DIR}/count.txt; if [ ${MLC_MLPERF_RUN_COUNT} -eq 1 ]; then export MLC_MLPERF_USER_CONF="${MLC_MLPERF_RANGING_USER_CONF}"; else export MLC_MLPERF_USER_CONF="${MLC_MLPERF_TESTING_USER_CONF}"; fi ; /home/arjun/MLC/repos/gateoverflow@mlperf-automations/script/run-all-mlperf-models/run.out'
client 2025-02-27 13:34:06,098 [INFO] Sending command to the server: 'time'
client 2025-02-27 13:34:06,301 [INFO] Got response: '1740663245.9093857'
client 2025-02-27 13:34:06,301 [INFO] The time difference between the client and the server is within range 189.374 ms..392.500 ms
client 2025-02-27 13:34:06,301 [INFO] Sending command to the server: 'session,2025-02-27_13-28-40,stop,ranging'
client 2025-02-27 13:34:17,367 [INFO] Got response: 'OK'
client 2025-02-27 13:34:17,367 [INFO] Sending command to the server: 'time'
client 2025-02-27 13:34:17,379 [INFO] Got response: '1740663257.1742802'
client 2025-02-27 13:34:17,379 [INFO] The time difference between the client and the server is within range 193.247 ms..205.467 ms
client 2025-02-27 13:34:17,383 [INFO] Copying loadgen logs from '/home/arjun/MLC/repos/local/cache/get-mlperf-inference-results-dir_e3f7a2f6/valid_results/mini-tflite_cpp-cpu-tflite-vmaster-default_config/mobilenet-v2-precision_uint8-0.35-128/singlestream/performance/run_1' to '/home/arjun/MLC/repos/local/cache/get-mlperf-inference-results-dir_e3f7a2f6/valid_results/mini-tflite_cpp-cpu-tflite-vmaster-default_config/mobilenet-v2-precision_uint8-0.35-128/singlestream/performance/tmp_power/ranging'
client 2025-02-27 13:34:17,384 [INFO] Running workload in testing mode
client 2025-02-27 13:34:17,384 [INFO] Synchronizing with the server and with time.google.com...
client 2025-02-27 13:34:17,405 [INFO] NTP:offset = -0.002 s, delay = 0.020 s 
client 2025-02-27 13:34:17,405 [INFO] Sending command to the server: 'time'
client 2025-02-27 13:34:17,419 [INFO] Got response: '1740663257.213128'
client 2025-02-27 13:34:17,419 [INFO] The time difference between the client and the server is within range 192.384 ms..206.427 ms
client 2025-02-27 13:34:17,419 [INFO] Sending command to the server: 'session,2025-02-27_13-28-40,start,testing'
client 2025-02-27 13:34:30,674 [INFO] Got response: 'OK'
client 2025-02-27 13:34:30,674 [INFO] Sending command to the server: 'time'
client 2025-02-27 13:34:30,691 [INFO] Got response: '1740663270.4864717'
client 2025-02-27 13:34:30,692 [INFO] The time difference between the client and the server is within range 188.346 ms..205.646 ms
client 2025-02-27 13:34:30,692 [INFO] Running the workload ' MLC_MLPERF_RUN_COUNT=$(cat ${MLC_RUN_DIR}/count.txt); echo ${MLC_MLPERF_RUN_COUNT}; MLC_MLPERF_RUN_COUNT=$((MLC_MLPERF_RUN_COUNT+1)); echo ${MLC_MLPERF_RUN_COUNT} > ${MLC_RUN_DIR}/count.txt; if [ ${MLC_MLPERF_RUN_COUNT} -eq 1 ]; then export MLC_MLPERF_USER_CONF="${MLC_MLPERF_RANGING_USER_CONF}"; else export MLC_MLPERF_USER_CONF="${MLC_MLPERF_TESTING_USER_CONF}"; fi ; /home/arjun/MLC/repos/gateoverflow@mlperf-automations/script/run-all-mlperf-models/run.out'
client 2025-02-27 13:44:32,903 [INFO] Sending command to the server: 'time'
client 2025-02-27 13:44:32,918 [INFO] Got response: '1740663872.705137'
client 2025-02-27 13:44:32,918 [INFO] The time difference between the client and the server is within range 198.143 ms..213.577 ms
client 2025-02-27 13:44:32,918 [INFO] Sending command to the server: 'session,2025-02-27_13-28-40,stop,testing'
client 2025-02-27 13:44:44,257 [INFO] Got response: 'OK'
client 2025-02-27 13:44:44,257 [INFO] Sending command to the server: 'time'
client 2025-02-27 13:44:44,271 [INFO] Got response: '1740663884.05599'
client 2025-02-27 13:44:44,271 [INFO] The time difference between the client and the server is within range 201.650 ms..215.526 ms
client 2025-02-27 13:44:44,272 [INFO] Copying loadgen logs from '/home/arjun/MLC/repos/local/cache/get-mlperf-inference-results-dir_e3f7a2f6/valid_results/mini-tflite_cpp-cpu-tflite-vmaster-default_config/mobilenet-v2-precision_uint8-0.35-128/singlestream/performance/run_1' to '/home/arjun/MLC/repos/local/cache/get-mlperf-inference-results-dir_e3f7a2f6/valid_results/mini-tflite_cpp-cpu-tflite-vmaster-default_config/mobilenet-v2-precision_uint8-0.35-128/singlestream/performance/tmp_power/run_1'
client 2025-02-27 13:44:44,272 [INFO] Done runs
