Graph file: /home/ubuntu/MLC/repos/local/cache/get-ml-model-mobilenet_a017cd69/v2_192_100/model.tflite
Image dir: /home/ubuntu/MLC/repos/local/cache/get-preprocessed-dataset-imagenet_430be47b
Image list: /home/ubuntu/MLC/repos/local/cache/get-preprocessed-dataset-imagenet_430be47b/preprocessed_files.txt
Image size: 192
Image channels: 3
Prediction classes: 1000
Result dir: /home/ubuntu/MLC/repos/local/cache/get-mlperf-inference-results-dir_8b388bee/valid_results/i_05d9d5b2580ad479b-tflite_cpp-cpu-tflite-vmaster-default_config/mobilenet-v2-precision_uint8-1.0-192/singlestream/performance/run_1
How many images fit in memory buffer: 1024
Normalize: 1
Subtract mean: 0
Run time preprocessing: 1
Number of Threads: 2
Number of available imagefiles: 50000

Loading graph...
INFO: Created TensorFlow Lite XNNPACK delegate for CPU.
Input tensor dimensions (NHWC): 1*192*192*3
Output tensor dimensions: 1*1001
Path to user.conf : /home/ubuntu/MLC/repos/gateoverflow@mlperf-automations/script/generate-mlperf-inference-user-conf/tmp/f46c10afc55a4d3aa4bbf0fc0329419a.conf
Model Name: mobilenet
LoadGen Scenario: SingleStream
LoadGen Mode: performance
