Graph file: /home/mlcuser/MLC/repos/local/cache/get-ml-model-efficientnet-lite_8fb860df/efficientnet-lite1/efficientnet-lite1-fp32.tflite
Image dir: /home/mlcuser/MLC/repos/local/cache/get-preprocessed-dataset-imagenet_d319fe1e
Image list: /home/mlcuser/MLC/repos/local/cache/get-preprocessed-dataset-imagenet_d319fe1e/preprocessed_files.txt
Image size: 240
Image channels: 3
Prediction classes: 1000
Result dir: /home/mlcuser/MLC/repos/local/cache/get-mlperf-inference-results-dir_338d2055/valid_results/640b615ae987-tflite_cpp-cpu-tflite-vmaster-default_config/efficientnet-fp32-lite1/singlestream/performance/run_1
How many images fit in memory buffer: 1024
Normalize: 1
Subtract mean: 0
Run time preprocessing: 0
Number of Threads: 24
Number of available imagefiles: 50000

Loading graph...
INFO: Created TensorFlow Lite XNNPACK delegate for CPU.
Input tensor dimensions (NHWC): 1*240*240*3
Output tensor dimensions: 1*1000
Path to user.conf : /home/mlcuser/MLC/repos/mlcommons@mlperf-automations/script/generate-mlperf-inference-user-conf/tmp/5abf48069a3d47cda70bfc09f330aaf7.conf
Model Name: efficientnet
LoadGen Scenario: SingleStream
LoadGen Mode: performance
