Graph file: /home/ubuntu/MLC/repos/local/cache/get-ml-model-mobilenet_e20b410b/mobilenet_v2_1.0_192.tflite
Image dir: /home/ubuntu/MLC/repos/local/cache/get-preprocessed-dataset-imagenet_4aaf856b
Image list: /home/ubuntu/MLC/repos/local/cache/get-preprocessed-dataset-imagenet_4aaf856b/preprocessed_files.txt
Image size: 192
Image channels: 3
Prediction classes: 1000
Result dir: /home/ubuntu/MLC/repos/local/cache/get-mlperf-inference-results-dir_646e40e7/valid_results/i_083f576de692b0df9-tflite_cpp-cpu-tflite-vmaster-default_config/mobilenet-v2-precision_float-1.0-192/singlestream/performance/run_1
How many images fit in memory buffer: 1024
Normalize: 1
Subtract mean: 0
Run time preprocessing: 0
Number of Threads: 8
Number of available imagefiles: 50000

Loading graph...
INFO: Created TensorFlow Lite XNNPACK delegate for CPU.
Input tensor dimensions (NHWC): 1*192*192*3
Output tensor dimensions: 1*1001
Path to user.conf : /home/ubuntu/MLC/repos/gateoverflow@mlperf-automations/script/generate-mlperf-inference-user-conf/tmp/83471b221cb542ac8079c788aeef6891.conf
Model Name: mobilenet
LoadGen Scenario: SingleStream
LoadGen Mode: performance
