Graph file: /home/kingjuno/MLC/repos/local/cache/get-ml-model-mobilenet_27dc6906/mobilenet_v1_0.25_160.tflite
Image dir: /home/kingjuno/MLC/repos/local/cache/get-preprocessed-dataset-imagenet_a504b8b9
Image list: /home/kingjuno/MLC/repos/local/cache/get-preprocessed-dataset-imagenet_a504b8b9/preprocessed_files.txt
Image size: 160
Image channels: 3
Prediction classes: 1000
Result dir: /home/kingjuno/MLC/repos/local/cache/get-mlperf-inference-results-dir_69aa4cf9/valid_results/MLC-tflite_cpp-cpu-tflite-vmaster-default_config/mobilenet-v1-precision_float-0.25-160/singlestream/performance/run_1
How many images fit in memory buffer: 1024
Normalize: 1
Subtract mean: 0
Run time preprocessing: 0
Number of Threads: 1
Number of available imagefiles: 50000

Loading graph...
INFO: Created TensorFlow Lite XNNPACK delegate for CPU.
Input tensor dimensions (NHWC): 1*160*160*3
Output tensor dimensions: 1*1001
Path to user.conf : /home/kingjuno/MLC/repos/mlcommons@mlperf-automations/script/generate-mlperf-inference-user-conf/tmp/25dde1cdca91459f925d8b8b41a59436.conf
Model Name: mobilenet
LoadGen Scenario: SingleStream
LoadGen Mode: performance
