Graph file: /home/arjun/MLC/repos/local/cache/get-ml-model-mobilenet_ef0fc572/mobilenet_v2_0.35_192.tflite
Image dir: /mnt/arjun/MLC/repos/local/cache/get-preprocessed-dataset-imagenet_d79ea680
Image list: /mnt/arjun/MLC/repos/local/cache/get-preprocessed-dataset-imagenet_d79ea680/preprocessed_files.txt
Image size: 192
Image channels: 3
Prediction classes: 1000
Result dir: /home/arjun/MLC/repos/local/cache/get-mlperf-inference-results-dir_37516274/valid_results/intel_spr_i9-tflite_cpp-cpu-tflite-vmaster-default_config/mobilenet-v2-precision_float-0.35-192/singlestream/performance/run_1
How many images fit in memory buffer: 1024
Normalize: 1
Subtract mean: 0
Run time preprocessing: 0
Number of Threads: 16
Number of available imagefiles: 50000

Loading graph...
INFO: Created TensorFlow Lite XNNPACK delegate for CPU.
Input tensor dimensions (NHWC): 1*192*192*3
Output tensor dimensions: 1*1001
Path to user.conf : /home/arjun/MLC/repos/gateoverflow@mlperf-automations/script/generate-mlperf-inference-user-conf/tmp/9b2a0d73d7bf402bac3b6dba68615800.conf
Model Name: mobilenet
LoadGen Scenario: SingleStream
LoadGen Mode: performance
