client 2025-02-28 14:18:19,901 [INFO] Creating output directory '/home/arjun/MLC/repos/local/cache/get-mlperf-inference-results-dir_e3f7a2f6/valid_results/mini-tflite_cpp-cpu-tflite-vmaster-with_live_preprocessing/efficientnet-fp32-lite4/singlestream/performance/tmp_power'
client 2025-02-28 14:18:19,986 [INFO] Sending command to the server: 'mlcommons/power client v3'
client 2025-02-28 14:18:19,997 [INFO] Got response: 'mlcommons/power server v3'
client 2025-02-28 14:18:19,997 [INFO] Synchronizing with the server and with time.google.com...
client 2025-02-28 14:18:20,027 [INFO] NTP:offset = -0.011 s, delay = 0.025 s 
client 2025-02-28 14:18:20,027 [INFO] Sending command to the server: 'time'
client 2025-02-28 14:18:20,039 [INFO] Got response: '1740752299.9742098'
client 2025-02-28 14:18:20,039 [INFO] The time difference between the client and the server is within range 53.041 ms..65.527 ms
client 2025-02-28 14:18:20,039 [INFO] Sending command to the server: 'new,,f4b1d78d-e131-4608-bf84-20af5ced9363'
client 2025-02-28 14:18:20,058 [INFO] Got response: 'OK 2025-02-28_14-18-19,8accb5ac-15fc-4830-8052-9dc6ac25edbc'
client 2025-02-28 14:18:20,058 [INFO] Session id is '2025-02-28_14-18-19'
client 2025-02-28 14:18:20,058 [INFO] Sources: {"sources": {"__init__.py": "da39a3ee5e6b4b0d3255bfef95601890afd80709", "client.py": "33ca4f26368777ac06e01f9567b714a4b8063886", "lib/__init__.py": "da39a3ee5e6b4b0d3255bfef95601890afd80709", "lib/client.py": "ac2aa093c8e8bbc9569b9e2a3471bc64e58a2258", "lib/common.py": "611d8b29633d331eb19c9455ea3b5fa3284ed6df", "lib/external/__init__.py": "da39a3ee5e6b4b0d3255bfef95601890afd80709", "lib/external/ntplib.py": "4da8f970656505a40483206ef2b5d3dd5e81711d", "lib/server.py": "9bc9a3b6b9b716520658ac175913bcbbdb354336", "lib/source_hashes.py": "60a2e02193209e8d392803326208d5466342da18", "lib/summary.py": "602a9fedfa503e5544d27ab3b0067f235047efc3", "lib/time_sync.py": "80894ef2389e540781ff78de94db16aa4203a14e", "server.py": "c3f90f2f7eeb4db30727556d0c815ebc89b3d28b", "tests/unit/__init__.py": "da39a3ee5e6b4b0d3255bfef95601890afd80709", "tests/unit/test_server.py": "948c1995d4008bc2aa6c4046a34ffa3858d6d671", "tests/unit/test_source_hashes.py": "00468a2907583c593e6574a1f6b404e4651c221a"}, "modules": {"ptd_client_server.lib.client": "lib/client.py", "ptd_client_server.lib.common": "lib/common.py", "ptd_client_server.lib.external.ntplib": "lib/external/ntplib.py", "ptd_client_server.lib.source_hashes": "lib/source_hashes.py", "ptd_client_server.lib.summary": "lib/summary.py", "ptd_client_server.lib.time_sync": "lib/time_sync.py"}}
client 2025-02-28 14:18:20,059 [INFO] Running workload in ranging mode
client 2025-02-28 14:18:20,059 [INFO] Synchronizing with the server and with time.google.com...
client 2025-02-28 14:18:20,183 [INFO] NTP:offset = -0.060 s, delay = 0.123 s 
client 2025-02-28 14:18:20,183 [INFO] Sending command to the server: 'time'
client 2025-02-28 14:18:20,197 [INFO] Got response: '1740752300.1315706'
client 2025-02-28 14:18:20,197 [INFO] The time difference between the client and the server is within range 52.360 ms..65.982 ms
client 2025-02-28 14:18:20,197 [INFO] Sending command to the server: 'session,2025-02-28_14-18-19,start,ranging'
client 2025-02-28 14:18:44,767 [INFO] Got response: 'OK'
client 2025-02-28 14:18:44,767 [INFO] Sending command to the server: 'time'
client 2025-02-28 14:18:44,781 [INFO] Got response: '1740752324.7143924'
client 2025-02-28 14:18:44,781 [INFO] The time difference between the client and the server is within range 52.937 ms..67.121 ms
client 2025-02-28 14:18:44,781 [INFO] Running the workload ' MLC_MLPERF_RUN_COUNT=$(cat ${MLC_RUN_DIR}/count.txt); echo ${MLC_MLPERF_RUN_COUNT}; MLC_MLPERF_RUN_COUNT=$((MLC_MLPERF_RUN_COUNT+1)); echo ${MLC_MLPERF_RUN_COUNT} > ${MLC_RUN_DIR}/count.txt; if [ ${MLC_MLPERF_RUN_COUNT} -eq 1 ]; then export MLC_MLPERF_USER_CONF="${MLC_MLPERF_RANGING_USER_CONF}"; else export MLC_MLPERF_USER_CONF="${MLC_MLPERF_TESTING_USER_CONF}"; fi ; /home/arjun/MLC/repos/gateoverflow@mlperf-automations/script/run-all-mlperf-models/run.out'
client 2025-02-28 14:23:46,621 [INFO] Sending command to the server: 'time'
client 2025-02-28 14:23:46,639 [INFO] Got response: '1740752626.56639'
client 2025-02-28 14:23:46,639 [INFO] The time difference between the client and the server is within range 55.125 ms..73.289 ms
client 2025-02-28 14:23:46,639 [INFO] Sending command to the server: 'session,2025-02-28_14-18-19,stop,ranging'
client 2025-02-28 14:23:57,487 [INFO] Got response: 'OK'
client 2025-02-28 14:23:57,487 [INFO] Sending command to the server: 'time'
client 2025-02-28 14:23:57,502 [INFO] Got response: '1740752637.428959'
client 2025-02-28 14:23:57,503 [INFO] The time difference between the client and the server is within range 58.670 ms..74.007 ms
client 2025-02-28 14:23:57,507 [INFO] Copying loadgen logs from '/home/arjun/MLC/repos/local/cache/get-mlperf-inference-results-dir_e3f7a2f6/valid_results/mini-tflite_cpp-cpu-tflite-vmaster-with_live_preprocessing/efficientnet-fp32-lite4/singlestream/performance/run_1' to '/home/arjun/MLC/repos/local/cache/get-mlperf-inference-results-dir_e3f7a2f6/valid_results/mini-tflite_cpp-cpu-tflite-vmaster-with_live_preprocessing/efficientnet-fp32-lite4/singlestream/performance/tmp_power/ranging'
client 2025-02-28 14:23:57,507 [INFO] Running workload in testing mode
client 2025-02-28 14:23:57,507 [INFO] Synchronizing with the server and with time.google.com...
client 2025-02-28 14:23:57,534 [INFO] NTP:offset = -0.013 s, delay = 0.025 s 
client 2025-02-28 14:23:57,534 [INFO] Sending command to the server: 'time'
client 2025-02-28 14:23:57,547 [INFO] Got response: '1740752637.4745057'
client 2025-02-28 14:23:57,547 [INFO] The time difference between the client and the server is within range 60.027 ms..72.731 ms
client 2025-02-28 14:23:57,547 [INFO] Sending command to the server: 'session,2025-02-28_14-18-19,start,testing'
client 2025-02-28 14:24:10,798 [INFO] Got response: 'OK'
client 2025-02-28 14:24:10,798 [INFO] Sending command to the server: 'time'
client 2025-02-28 14:24:10,812 [INFO] Got response: '1740752650.738213'
client 2025-02-28 14:24:10,812 [INFO] The time difference between the client and the server is within range 60.709 ms..74.222 ms
client 2025-02-28 14:24:10,812 [INFO] Running the workload ' MLC_MLPERF_RUN_COUNT=$(cat ${MLC_RUN_DIR}/count.txt); echo ${MLC_MLPERF_RUN_COUNT}; MLC_MLPERF_RUN_COUNT=$((MLC_MLPERF_RUN_COUNT+1)); echo ${MLC_MLPERF_RUN_COUNT} > ${MLC_RUN_DIR}/count.txt; if [ ${MLC_MLPERF_RUN_COUNT} -eq 1 ]; then export MLC_MLPERF_USER_CONF="${MLC_MLPERF_RANGING_USER_CONF}"; else export MLC_MLPERF_USER_CONF="${MLC_MLPERF_TESTING_USER_CONF}"; fi ; /home/arjun/MLC/repos/gateoverflow@mlperf-automations/script/run-all-mlperf-models/run.out'
client 2025-02-28 14:34:12,807 [INFO] Sending command to the server: 'time'
client 2025-02-28 14:34:12,820 [INFO] Got response: '1740753252.733651'
client 2025-02-28 14:34:12,820 [INFO] The time difference between the client and the server is within range 74.111 ms..86.903 ms
client 2025-02-28 14:34:12,820 [INFO] Sending command to the server: 'session,2025-02-28_14-18-19,stop,testing'
client 2025-02-28 14:34:24,495 [INFO] Got response: 'OK'
client 2025-02-28 14:34:24,495 [INFO] Sending command to the server: 'time'
client 2025-02-28 14:34:24,506 [INFO] Got response: '1740753264.4201164'
client 2025-02-28 14:34:24,506 [INFO] The time difference between the client and the server is within range 75.382 ms..86.392 ms
client 2025-02-28 14:34:24,507 [INFO] Copying loadgen logs from '/home/arjun/MLC/repos/local/cache/get-mlperf-inference-results-dir_e3f7a2f6/valid_results/mini-tflite_cpp-cpu-tflite-vmaster-with_live_preprocessing/efficientnet-fp32-lite4/singlestream/performance/run_1' to '/home/arjun/MLC/repos/local/cache/get-mlperf-inference-results-dir_e3f7a2f6/valid_results/mini-tflite_cpp-cpu-tflite-vmaster-with_live_preprocessing/efficientnet-fp32-lite4/singlestream/performance/tmp_power/run_1'
client 2025-02-28 14:34:24,507 [INFO] Done runs
