Graph file: /home/arjun/MLC/repos/local/cache/get-ml-model-mobilenet_f6599395/mobilenet_v1_0.5_192.tflite
Image dir: /mnt/arjun/MLC/repos/local/cache/get-preprocessed-dataset-imagenet_351b23a2
Image list: /mnt/arjun/MLC/repos/local/cache/get-preprocessed-dataset-imagenet_351b23a2/preprocessed_files.txt
Image size: 192
Image channels: 3
Prediction classes: 1000
Result dir: /home/arjun/MLC/repos/local/cache/get-mlperf-inference-results-dir_37516274/valid_results/intel_spr_i9-tflite_cpp-cpu-tflite-vmaster-default_config/mobilenet-v1-precision_float-0.5-192/singlestream/performance/run_1
How many images fit in memory buffer: 1024
Normalize: 1
Subtract mean: 0
Run time preprocessing: 0
Number of Threads: 16
Number of available imagefiles: 50000

Loading graph...
INFO: Created TensorFlow Lite XNNPACK delegate for CPU.
Input tensor dimensions (NHWC): 1*192*192*3
Output tensor dimensions: 1*1001
Path to user.conf : /home/arjun/MLC/repos/gateoverflow@mlperf-automations/script/generate-mlperf-inference-user-conf/tmp/29250655c78c4522b8f34f765f29fac6.conf
Model Name: mobilenet
LoadGen Scenario: SingleStream
LoadGen Mode: performance
