Graph file: /home/ec2-user/MLC/repos/local/cache/get-ml-model-efficientnet-lite_ed310629/efficientnet-lite1/efficientnet-lite1-fp32.tflite
Image dir: /home/ec2-user/MLC/repos/local/cache/get-preprocessed-dataset-imagenet_ad698733
Image list: /home/ec2-user/MLC/repos/local/cache/get-preprocessed-dataset-imagenet_ad698733/preprocessed_files.txt
Image size: 240
Image channels: 3
Prediction classes: 1000
Result dir: /home/ec2-user/MLC/repos/local/cache/get-mlperf-inference-results-dir_9d6f1f88/valid_results/i_02d7c83e498a7d2b9.ec2.internal-tflite_cpp-cpu-tflite-vmaster-default_config/efficientnet-fp32-lite1/singlestream/accuracy
How many images fit in memory buffer: 1024
Normalize: 1
Subtract mean: 0
Run time preprocessing: 0
Number of Threads: 8
Number of available imagefiles: 50000

Loading graph...
INFO: Created TensorFlow Lite XNNPACK delegate for CPU.
Input tensor dimensions (NHWC): 1*240*240*3
Output tensor dimensions: 1*1000
Path to user.conf : /home/ec2-user/MLC/repos/gateoverflow@mlperf-automations/script/generate-mlperf-inference-user-conf/tmp/980594a83f64492c91653c7f8c36a65c.conf
Model Name: efficientnet
LoadGen Scenario: SingleStream
LoadGen Mode: accuracy
