client 2025-02-28 10:38:22,799 [INFO] Creating output directory '/home/arjun/MLC/repos/local/cache/get-mlperf-inference-results-dir_e3f7a2f6/valid_results/mini-tflite_cpp-cpu-tflite-vmaster-with_live_preprocessing/mobilenet-v3-precision_float-small-224/singlestream/performance/tmp_power'
client 2025-02-28 10:38:22,807 [INFO] Sending command to the server: 'mlcommons/power client v3'
client 2025-02-28 10:38:22,817 [INFO] Got response: 'mlcommons/power server v3'
client 2025-02-28 10:38:22,818 [INFO] Synchronizing with the server and with time.google.com...
client 2025-02-28 10:38:22,846 [INFO] NTP:offset = -0.004 s, delay = 0.024 s 
client 2025-02-28 10:38:22,846 [INFO] Sending command to the server: 'time'
client 2025-02-28 10:38:22,858 [INFO] Got response: '1740739102.726595'
client 2025-02-28 10:38:22,858 [INFO] The time difference between the client and the server is within range 119.852 ms..132.302 ms
client 2025-02-28 10:38:22,859 [INFO] Sending command to the server: 'new,,f1db8e4a-795c-44a0-b147-be9e16a33e0a'
client 2025-02-28 10:38:22,878 [INFO] Got response: 'OK 2025-02-28_10-38-22,f0642daf-fb48-4cc1-84a4-663794bec791'
client 2025-02-28 10:38:22,878 [INFO] Session id is '2025-02-28_10-38-22'
client 2025-02-28 10:38:22,878 [INFO] Sources: {"sources": {"__init__.py": "da39a3ee5e6b4b0d3255bfef95601890afd80709", "client.py": "33ca4f26368777ac06e01f9567b714a4b8063886", "lib/__init__.py": "da39a3ee5e6b4b0d3255bfef95601890afd80709", "lib/client.py": "ac2aa093c8e8bbc9569b9e2a3471bc64e58a2258", "lib/common.py": "611d8b29633d331eb19c9455ea3b5fa3284ed6df", "lib/external/__init__.py": "da39a3ee5e6b4b0d3255bfef95601890afd80709", "lib/external/ntplib.py": "4da8f970656505a40483206ef2b5d3dd5e81711d", "lib/server.py": "9bc9a3b6b9b716520658ac175913bcbbdb354336", "lib/source_hashes.py": "60a2e02193209e8d392803326208d5466342da18", "lib/summary.py": "602a9fedfa503e5544d27ab3b0067f235047efc3", "lib/time_sync.py": "80894ef2389e540781ff78de94db16aa4203a14e", "server.py": "c3f90f2f7eeb4db30727556d0c815ebc89b3d28b", "tests/unit/__init__.py": "da39a3ee5e6b4b0d3255bfef95601890afd80709", "tests/unit/test_server.py": "948c1995d4008bc2aa6c4046a34ffa3858d6d671", "tests/unit/test_source_hashes.py": "00468a2907583c593e6574a1f6b404e4651c221a"}, "modules": {"ptd_client_server.lib.client": "lib/client.py", "ptd_client_server.lib.common": "lib/common.py", "ptd_client_server.lib.external.ntplib": "lib/external/ntplib.py", "ptd_client_server.lib.source_hashes": "lib/source_hashes.py", "ptd_client_server.lib.summary": "lib/summary.py", "ptd_client_server.lib.time_sync": "lib/time_sync.py"}}
client 2025-02-28 10:38:22,878 [INFO] Running workload in ranging mode
client 2025-02-28 10:38:22,878 [INFO] Synchronizing with the server and with time.google.com...
client 2025-02-28 10:38:22,904 [INFO] NTP:offset = -0.004 s, delay = 0.025 s 
client 2025-02-28 10:38:22,904 [INFO] Sending command to the server: 'time'
client 2025-02-28 10:38:22,921 [INFO] Got response: '1740739102.785093'
client 2025-02-28 10:38:22,921 [INFO] The time difference between the client and the server is within range 119.821 ms..136.384 ms
client 2025-02-28 10:38:22,921 [INFO] Sending command to the server: 'session,2025-02-28_10-38-22,start,ranging'
client 2025-02-28 10:38:47,520 [INFO] Got response: 'OK'
client 2025-02-28 10:38:47,520 [INFO] Sending command to the server: 'time'
client 2025-02-28 10:38:47,533 [INFO] Got response: '1740739127.4017735'
client 2025-02-28 10:38:47,533 [INFO] The time difference between the client and the server is within range 118.477 ms..131.773 ms
client 2025-02-28 10:38:47,533 [INFO] Running the workload ' MLC_MLPERF_RUN_COUNT=$(cat ${MLC_RUN_DIR}/count.txt); echo ${MLC_MLPERF_RUN_COUNT}; MLC_MLPERF_RUN_COUNT=$((MLC_MLPERF_RUN_COUNT+1)); echo ${MLC_MLPERF_RUN_COUNT} > ${MLC_RUN_DIR}/count.txt; if [ ${MLC_MLPERF_RUN_COUNT} -eq 1 ]; then export MLC_MLPERF_USER_CONF="${MLC_MLPERF_RANGING_USER_CONF}"; else export MLC_MLPERF_USER_CONF="${MLC_MLPERF_TESTING_USER_CONF}"; fi ; /home/arjun/MLC/repos/gateoverflow@mlperf-automations/script/run-all-mlperf-models/run.out'
client 2025-02-28 10:43:48,967 [INFO] Sending command to the server: 'time'
client 2025-02-28 10:43:48,991 [INFO] Got response: '1740739428.8465934'
client 2025-02-28 10:43:48,991 [INFO] The time difference between the client and the server is within range 120.605 ms..144.909 ms
client 2025-02-28 10:43:48,991 [INFO] Sending command to the server: 'session,2025-02-28_10-38-22,stop,ranging'
client 2025-02-28 10:44:00,181 [INFO] Got response: 'OK'
client 2025-02-28 10:44:00,181 [INFO] Sending command to the server: 'time'
client 2025-02-28 10:44:00,191 [INFO] Got response: '1740739440.0565562'
client 2025-02-28 10:44:00,191 [INFO] The time difference between the client and the server is within range 124.887 ms..135.174 ms
client 2025-02-28 10:44:00,196 [INFO] Copying loadgen logs from '/home/arjun/MLC/repos/local/cache/get-mlperf-inference-results-dir_e3f7a2f6/valid_results/mini-tflite_cpp-cpu-tflite-vmaster-with_live_preprocessing/mobilenet-v3-precision_float-small-224/singlestream/performance/run_1' to '/home/arjun/MLC/repos/local/cache/get-mlperf-inference-results-dir_e3f7a2f6/valid_results/mini-tflite_cpp-cpu-tflite-vmaster-with_live_preprocessing/mobilenet-v3-precision_float-small-224/singlestream/performance/tmp_power/ranging'
client 2025-02-28 10:44:00,196 [INFO] Running workload in testing mode
client 2025-02-28 10:44:00,196 [INFO] Synchronizing with the server and with time.google.com...
client 2025-02-28 10:44:00,220 [INFO] NTP:offset = -0.004 s, delay = 0.023 s 
client 2025-02-28 10:44:00,221 [INFO] Sending command to the server: 'time'
client 2025-02-28 10:44:00,235 [INFO] Got response: '1740739440.0999541'
client 2025-02-28 10:44:00,235 [INFO] The time difference between the client and the server is within range 121.188 ms..135.517 ms
client 2025-02-28 10:44:00,235 [INFO] Sending command to the server: 'session,2025-02-28_10-38-22,start,testing'
client 2025-02-28 10:44:13,390 [INFO] Got response: 'OK'
client 2025-02-28 10:44:13,391 [INFO] Sending command to the server: 'time'
client 2025-02-28 10:44:13,404 [INFO] Got response: '1740739453.2688909'
client 2025-02-28 10:44:13,404 [INFO] The time difference between the client and the server is within range 122.195 ms..135.302 ms
client 2025-02-28 10:44:13,404 [INFO] Running the workload ' MLC_MLPERF_RUN_COUNT=$(cat ${MLC_RUN_DIR}/count.txt); echo ${MLC_MLPERF_RUN_COUNT}; MLC_MLPERF_RUN_COUNT=$((MLC_MLPERF_RUN_COUNT+1)); echo ${MLC_MLPERF_RUN_COUNT} > ${MLC_RUN_DIR}/count.txt; if [ ${MLC_MLPERF_RUN_COUNT} -eq 1 ]; then export MLC_MLPERF_USER_CONF="${MLC_MLPERF_RANGING_USER_CONF}"; else export MLC_MLPERF_USER_CONF="${MLC_MLPERF_TESTING_USER_CONF}"; fi ; /home/arjun/MLC/repos/gateoverflow@mlperf-automations/script/run-all-mlperf-models/run.out'
client 2025-02-28 10:54:15,400 [INFO] Sending command to the server: 'time'
client 2025-02-28 10:54:15,415 [INFO] Got response: '1740740055.2718773'
client 2025-02-28 10:54:15,415 [INFO] The time difference between the client and the server is within range 128.983 ms..143.865 ms
client 2025-02-28 10:54:15,415 [INFO] Sending command to the server: 'session,2025-02-28_10-38-22,stop,testing'
client 2025-02-28 10:54:26,771 [INFO] Got response: 'OK'
client 2025-02-28 10:54:26,771 [INFO] Sending command to the server: 'time'
client 2025-02-28 10:54:26,781 [INFO] Got response: '1740740066.6396031'
client 2025-02-28 10:54:26,781 [INFO] The time difference between the client and the server is within range 131.925 ms..141.982 ms
client 2025-02-28 10:54:26,782 [INFO] Copying loadgen logs from '/home/arjun/MLC/repos/local/cache/get-mlperf-inference-results-dir_e3f7a2f6/valid_results/mini-tflite_cpp-cpu-tflite-vmaster-with_live_preprocessing/mobilenet-v3-precision_float-small-224/singlestream/performance/run_1' to '/home/arjun/MLC/repos/local/cache/get-mlperf-inference-results-dir_e3f7a2f6/valid_results/mini-tflite_cpp-cpu-tflite-vmaster-with_live_preprocessing/mobilenet-v3-precision_float-small-224/singlestream/performance/tmp_power/run_1'
client 2025-02-28 10:54:26,782 [INFO] Done runs
