Couldn't find any of the following OpenCL library: libOpenCL.so libGLES_mali.so libmali.so 
Graph file: /home/ubuntu/MLC/repos/local/cache/get-ml-model-mobilenet_de4e0bdc/mobilenet_v1_0.75_192.tflite
Image dir: /home/ubuntu/MLC/repos/local/cache/get-preprocessed-dataset-imagenet_d7c32b89
Image list: /home/ubuntu/MLC/repos/local/cache/get-preprocessed-dataset-imagenet_d7c32b89/preprocessed_files.txt
Image size: 192
Image channels: 3
Prediction classes: 1000
Result dir: /home/ubuntu/MLC/repos/local/cache/get-mlperf-inference-results-dir_4228e285/valid_results/i_0f5d227488e14170d-tflite_armnn_cpp-cpu-armnn_tflite-v23.11-using_neon_with_live_preprocessing/mobilenet-v1-precision_float-0.75-192/singlestream/accuracy
How many images fit in memory buffer: 1024
Normalize: 1
Subtract mean: 0
Run time preprocessing: 1
Number of Threads: 8
Number of available imagefiles: 50000

Loading graph...
************* Type 2
Output tensor dimensions: 1*1001
Path to mlperf.conf : /home/ubuntu/MLC/repos/local/cache/get-git-repo_1142865c/inference/mlperf.conf
Path to user.conf : /home/ubuntu/MLC/repos/gateoverflow@mlperf-automations/script/generate-mlperf-inference-user-conf/tmp/c127f7b05db242d9a1005d8dfef24e99.conf
Model Name: mobilenet
LoadGen Scenario: SingleStream
LoadGen Mode: accuracy
