client 2025-02-26 22:09:13,906 [INFO] Creating output directory '/home/arjun/MLC/repos/local/cache/get-mlperf-inference-results-dir_e3f7a2f6/valid_results/mini-tflite_cpp-cpu-tflite-vmaster-default_config/mobilenet-v2-precision_float-0.5-128/singlestream/performance/tmp_power'
client 2025-02-26 22:09:13,915 [INFO] Sending command to the server: 'mlcommons/power client v3'
client 2025-02-26 22:09:13,927 [INFO] Got response: 'mlcommons/power server v3'
client 2025-02-26 22:09:13,927 [INFO] Synchronizing with the server and with time.google.com...
client 2025-02-26 22:09:13,951 [INFO] NTP:offset = -0.019 s, delay = 0.019 s 
client 2025-02-26 22:09:13,952 [INFO] Sending command to the server: 'time'
client 2025-02-26 22:09:13,964 [INFO] Got response: '1740607753.894007'
client 2025-02-26 22:09:13,964 [INFO] The time difference between the client and the server is within range 57.966 ms..70.874 ms
client 2025-02-26 22:09:13,965 [INFO] Sending command to the server: 'new,,ef0b43c0-598b-46a3-b201-61bf4d1ffb67'
client 2025-02-26 22:09:13,980 [INFO] Got response: 'OK 2025-02-26_22-09-13,02caa8ad-6cf0-455d-a566-7afc78746e49'
client 2025-02-26 22:09:13,981 [INFO] Session id is '2025-02-26_22-09-13'
client 2025-02-26 22:09:13,981 [INFO] Sources: {"sources": {"__init__.py": "da39a3ee5e6b4b0d3255bfef95601890afd80709", "client.py": "33ca4f26368777ac06e01f9567b714a4b8063886", "lib/__init__.py": "da39a3ee5e6b4b0d3255bfef95601890afd80709", "lib/client.py": "ac2aa093c8e8bbc9569b9e2a3471bc64e58a2258", "lib/common.py": "611d8b29633d331eb19c9455ea3b5fa3284ed6df", "lib/external/__init__.py": "da39a3ee5e6b4b0d3255bfef95601890afd80709", "lib/external/ntplib.py": "4da8f970656505a40483206ef2b5d3dd5e81711d", "lib/server.py": "9bc9a3b6b9b716520658ac175913bcbbdb354336", "lib/source_hashes.py": "60a2e02193209e8d392803326208d5466342da18", "lib/summary.py": "602a9fedfa503e5544d27ab3b0067f235047efc3", "lib/time_sync.py": "80894ef2389e540781ff78de94db16aa4203a14e", "server.py": "c3f90f2f7eeb4db30727556d0c815ebc89b3d28b", "tests/unit/__init__.py": "da39a3ee5e6b4b0d3255bfef95601890afd80709", "tests/unit/test_server.py": "948c1995d4008bc2aa6c4046a34ffa3858d6d671", "tests/unit/test_source_hashes.py": "00468a2907583c593e6574a1f6b404e4651c221a"}, "modules": {"ptd_client_server.lib.client": "lib/client.py", "ptd_client_server.lib.common": "lib/common.py", "ptd_client_server.lib.external.ntplib": "lib/external/ntplib.py", "ptd_client_server.lib.source_hashes": "lib/source_hashes.py", "ptd_client_server.lib.summary": "lib/summary.py", "ptd_client_server.lib.time_sync": "lib/time_sync.py"}}
client 2025-02-26 22:09:13,981 [INFO] Running workload in ranging mode
client 2025-02-26 22:09:13,981 [INFO] Synchronizing with the server and with time.google.com...
client 2025-02-26 22:09:14,001 [INFO] NTP:offset = -0.019 s, delay = 0.018 s 
client 2025-02-26 22:09:14,001 [INFO] Sending command to the server: 'time'
client 2025-02-26 22:09:14,012 [INFO] Got response: '1740607753.9423327'
client 2025-02-26 22:09:14,012 [INFO] The time difference between the client and the server is within range 58.875 ms..70.526 ms
client 2025-02-26 22:09:14,013 [INFO] Sending command to the server: 'session,2025-02-26_22-09-13,start,ranging'
client 2025-02-26 22:09:38,545 [INFO] Got response: 'OK'
client 2025-02-26 22:09:38,545 [INFO] Sending command to the server: 'time'
client 2025-02-26 22:09:38,554 [INFO] Got response: '1740607778.4860413'
client 2025-02-26 22:09:38,554 [INFO] The time difference between the client and the server is within range 59.431 ms..68.345 ms
client 2025-02-26 22:09:38,554 [INFO] Running the workload ' MLC_MLPERF_RUN_COUNT=$(cat ${MLC_RUN_DIR}/count.txt); echo ${MLC_MLPERF_RUN_COUNT}; MLC_MLPERF_RUN_COUNT=$((MLC_MLPERF_RUN_COUNT+1)); echo ${MLC_MLPERF_RUN_COUNT} > ${MLC_RUN_DIR}/count.txt; if [ ${MLC_MLPERF_RUN_COUNT} -eq 1 ]; then export MLC_MLPERF_USER_CONF="${MLC_MLPERF_RANGING_USER_CONF}"; else export MLC_MLPERF_USER_CONF="${MLC_MLPERF_TESTING_USER_CONF}"; fi ; /home/arjun/MLC/repos/gateoverflow@mlperf-automations/script/run-all-mlperf-models/run.out'
client 2025-02-26 22:14:40,129 [INFO] Sending command to the server: 'time'
client 2025-02-26 22:14:40,143 [INFO] Got response: '1740608080.0616283'
client 2025-02-26 22:14:40,143 [INFO] The time difference between the client and the server is within range 68.286 ms..81.644 ms
client 2025-02-26 22:14:40,143 [INFO] Sending command to the server: 'session,2025-02-26_22-09-13,stop,ranging'
client 2025-02-26 22:14:50,853 [INFO] Got response: 'OK'
client 2025-02-26 22:14:50,853 [INFO] Sending command to the server: 'time'
client 2025-02-26 22:14:50,873 [INFO] Got response: '1740608090.7839549'
client 2025-02-26 22:14:50,873 [INFO] The time difference between the client and the server is within range 69.578 ms..89.992 ms
client 2025-02-26 22:14:50,878 [INFO] Copying loadgen logs from '/home/arjun/MLC/repos/local/cache/get-mlperf-inference-results-dir_e3f7a2f6/valid_results/mini-tflite_cpp-cpu-tflite-vmaster-default_config/mobilenet-v2-precision_float-0.5-128/singlestream/performance/run_1' to '/home/arjun/MLC/repos/local/cache/get-mlperf-inference-results-dir_e3f7a2f6/valid_results/mini-tflite_cpp-cpu-tflite-vmaster-default_config/mobilenet-v2-precision_float-0.5-128/singlestream/performance/tmp_power/ranging'
client 2025-02-26 22:14:50,878 [INFO] Running workload in testing mode
client 2025-02-26 22:14:50,878 [INFO] Synchronizing with the server and with time.google.com...
client 2025-02-26 22:14:50,905 [INFO] NTP:offset = -0.021 s, delay = 0.025 s 
client 2025-02-26 22:14:50,905 [INFO] Sending command to the server: 'time'
client 2025-02-26 22:14:50,919 [INFO] Got response: '1740608090.8376782'
client 2025-02-26 22:14:50,919 [INFO] The time difference between the client and the server is within range 67.524 ms..81.796 ms
client 2025-02-26 22:14:50,919 [INFO] Sending command to the server: 'session,2025-02-26_22-09-13,start,testing'
client 2025-02-26 22:15:04,174 [INFO] Got response: 'OK'
client 2025-02-26 22:15:04,174 [INFO] Sending command to the server: 'time'
client 2025-02-26 22:15:04,186 [INFO] Got response: '1740608104.1047108'
client 2025-02-26 22:15:04,187 [INFO] The time difference between the client and the server is within range 70.060 ms..82.369 ms
client 2025-02-26 22:15:04,187 [INFO] Running the workload ' MLC_MLPERF_RUN_COUNT=$(cat ${MLC_RUN_DIR}/count.txt); echo ${MLC_MLPERF_RUN_COUNT}; MLC_MLPERF_RUN_COUNT=$((MLC_MLPERF_RUN_COUNT+1)); echo ${MLC_MLPERF_RUN_COUNT} > ${MLC_RUN_DIR}/count.txt; if [ ${MLC_MLPERF_RUN_COUNT} -eq 1 ]; then export MLC_MLPERF_USER_CONF="${MLC_MLPERF_RANGING_USER_CONF}"; else export MLC_MLPERF_USER_CONF="${MLC_MLPERF_TESTING_USER_CONF}"; fi ; /home/arjun/MLC/repos/gateoverflow@mlperf-automations/script/run-all-mlperf-models/run.out'
client 2025-02-26 22:25:06,453 [INFO] Sending command to the server: 'time'
client 2025-02-26 22:25:06,468 [INFO] Got response: '1740608706.3670123'
client 2025-02-26 22:25:06,468 [INFO] The time difference between the client and the server is within range 86.910 ms..101.569 ms
client 2025-02-26 22:25:06,468 [INFO] Sending command to the server: 'session,2025-02-26_22-09-13,stop,testing'
client 2025-02-26 22:25:17,458 [INFO] Got response: 'OK'
client 2025-02-26 22:25:17,458 [INFO] Sending command to the server: 'time'
client 2025-02-26 22:25:17,472 [INFO] Got response: '1740608717.369346'
client 2025-02-26 22:25:17,472 [INFO] The time difference between the client and the server is within range 89.052 ms..103.218 ms
client 2025-02-26 22:25:17,473 [INFO] Copying loadgen logs from '/home/arjun/MLC/repos/local/cache/get-mlperf-inference-results-dir_e3f7a2f6/valid_results/mini-tflite_cpp-cpu-tflite-vmaster-default_config/mobilenet-v2-precision_float-0.5-128/singlestream/performance/run_1' to '/home/arjun/MLC/repos/local/cache/get-mlperf-inference-results-dir_e3f7a2f6/valid_results/mini-tflite_cpp-cpu-tflite-vmaster-default_config/mobilenet-v2-precision_float-0.5-128/singlestream/performance/tmp_power/run_1'
client 2025-02-26 22:25:17,474 [INFO] Done runs
