Graph file: /home/ubuntu/MLC/repos/local/cache/get-ml-model-mobilenet_a26ab71c/mobilenet_v2_1.0_192.tflite
Image dir: /home/ubuntu/MLC/repos/local/cache/get-preprocessed-dataset-imagenet_9cd921bb
Image list: /home/ubuntu/MLC/repos/local/cache/get-preprocessed-dataset-imagenet_9cd921bb/preprocessed_files.txt
Image size: 192
Image channels: 3
Prediction classes: 1000
Result dir: /home/ubuntu/MLC/repos/local/cache/get-mlperf-inference-results-dir_ec3d359d/valid_results/i_00c09798a21359d07-tflite_cpp-cpu-tflite-vmaster-default_config/mobilenet-v2-precision_float-1.0-192/singlestream/accuracy
How many images fit in memory buffer: 1024
Normalize: 1
Subtract mean: 0
Run time preprocessing: 0
Number of Threads: 4
Number of available imagefiles: 50000

Loading graph...
INFO: Created TensorFlow Lite XNNPACK delegate for CPU.
Input tensor dimensions (NHWC): 1*192*192*3
Output tensor dimensions: 1*1001
Path to user.conf : /home/ubuntu/MLC/repos/gateoverflow@mlperf-automations/script/generate-mlperf-inference-user-conf/tmp/172e336222ad4053ae453ef3cb9ced6f.conf
Model Name: mobilenet
LoadGen Scenario: SingleStream
LoadGen Mode: accuracy
