client 2025-02-26 16:27:16,266 [INFO] Creating output directory '/home/arjun/MLC/repos/local/cache/get-mlperf-inference-results-dir_e3f7a2f6/valid_results/mini-tflite_cpp-cpu-tflite-vmaster-default_config/mobilenet-v1-precision_float-0.5-160/singlestream/performance/tmp_power'
client 2025-02-26 16:27:16,274 [INFO] Sending command to the server: 'mlcommons/power client v3'
client 2025-02-26 16:27:16,286 [INFO] Got response: 'mlcommons/power server v3'
client 2025-02-26 16:27:16,286 [INFO] Synchronizing with the server and with time.google.com...
client 2025-02-26 16:27:16,310 [INFO] NTP:offset = 0.001 s, delay = 0.020 s 
client 2025-02-26 16:27:16,311 [INFO] Sending command to the server: 'time'
client 2025-02-26 16:27:16,322 [INFO] Got response: '1740587236.1783803'
client 2025-02-26 16:27:16,322 [INFO] The time difference between the client and the server is within range 132.682 ms..144.215 ms
client 2025-02-26 16:27:16,322 [INFO] Sending command to the server: 'new,,cfcbc2df-95f0-4beb-9333-ba755e03a0a2'
client 2025-02-26 16:27:16,337 [INFO] Got response: 'OK 2025-02-26_16-27-16,cf47246d-c108-46ec-b5ae-92e02328e088'
client 2025-02-26 16:27:16,338 [INFO] Session id is '2025-02-26_16-27-16'
client 2025-02-26 16:27:16,338 [INFO] Sources: {"sources": {"__init__.py": "da39a3ee5e6b4b0d3255bfef95601890afd80709", "client.py": "33ca4f26368777ac06e01f9567b714a4b8063886", "lib/__init__.py": "da39a3ee5e6b4b0d3255bfef95601890afd80709", "lib/client.py": "ac2aa093c8e8bbc9569b9e2a3471bc64e58a2258", "lib/common.py": "611d8b29633d331eb19c9455ea3b5fa3284ed6df", "lib/external/__init__.py": "da39a3ee5e6b4b0d3255bfef95601890afd80709", "lib/external/ntplib.py": "4da8f970656505a40483206ef2b5d3dd5e81711d", "lib/server.py": "9bc9a3b6b9b716520658ac175913bcbbdb354336", "lib/source_hashes.py": "60a2e02193209e8d392803326208d5466342da18", "lib/summary.py": "602a9fedfa503e5544d27ab3b0067f235047efc3", "lib/time_sync.py": "80894ef2389e540781ff78de94db16aa4203a14e", "server.py": "c3f90f2f7eeb4db30727556d0c815ebc89b3d28b", "tests/unit/__init__.py": "da39a3ee5e6b4b0d3255bfef95601890afd80709", "tests/unit/test_server.py": "948c1995d4008bc2aa6c4046a34ffa3858d6d671", "tests/unit/test_source_hashes.py": "00468a2907583c593e6574a1f6b404e4651c221a"}, "modules": {"ptd_client_server.lib.client": "lib/client.py", "ptd_client_server.lib.common": "lib/common.py", "ptd_client_server.lib.external.ntplib": "lib/external/ntplib.py", "ptd_client_server.lib.source_hashes": "lib/source_hashes.py", "ptd_client_server.lib.summary": "lib/summary.py", "ptd_client_server.lib.time_sync": "lib/time_sync.py"}}
client 2025-02-26 16:27:16,338 [INFO] Running workload in ranging mode
client 2025-02-26 16:27:16,338 [INFO] Synchronizing with the server and with time.google.com...
client 2025-02-26 16:27:16,358 [INFO] NTP:offset = -0.000 s, delay = 0.018 s 
client 2025-02-26 16:27:16,358 [INFO] Sending command to the server: 'time'
client 2025-02-26 16:27:16,370 [INFO] Got response: '1740587236.225425'
client 2025-02-26 16:27:16,371 [INFO] The time difference between the client and the server is within range 132.867 ms..145.686 ms
client 2025-02-26 16:27:16,371 [INFO] Sending command to the server: 'session,2025-02-26_16-27-16,start,ranging'
client 2025-02-26 16:27:40,968 [INFO] Got response: 'OK'
client 2025-02-26 16:27:40,968 [INFO] Sending command to the server: 'time'
client 2025-02-26 16:27:40,980 [INFO] Got response: '1740587260.8364613'
client 2025-02-26 16:27:40,980 [INFO] The time difference between the client and the server is within range 132.169 ms..143.871 ms
client 2025-02-26 16:27:40,980 [INFO] Running the workload ' MLC_MLPERF_RUN_COUNT=$(cat ${MLC_RUN_DIR}/count.txt); echo ${MLC_MLPERF_RUN_COUNT}; MLC_MLPERF_RUN_COUNT=$((MLC_MLPERF_RUN_COUNT+1)); echo ${MLC_MLPERF_RUN_COUNT} > ${MLC_RUN_DIR}/count.txt; if [ ${MLC_MLPERF_RUN_COUNT} -eq 1 ]; then export MLC_MLPERF_USER_CONF="${MLC_MLPERF_RANGING_USER_CONF}"; else export MLC_MLPERF_USER_CONF="${MLC_MLPERF_TESTING_USER_CONF}"; fi ; /home/arjun/MLC/repos/gateoverflow@mlperf-automations/script/run-all-mlperf-models/run.out'
client 2025-02-26 16:32:42,284 [INFO] Sending command to the server: 'time'
client 2025-02-26 16:32:42,300 [INFO] Got response: '1740587562.1599534'
client 2025-02-26 16:32:42,300 [INFO] The time difference between the client and the server is within range 124.518 ms..140.416 ms
client 2025-02-26 16:32:42,300 [INFO] Sending command to the server: 'session,2025-02-26_16-27-16,stop,ranging'
client 2025-02-26 16:32:53,536 [INFO] Got response: 'OK'
client 2025-02-26 16:32:53,536 [INFO] Sending command to the server: 'time'
client 2025-02-26 16:32:53,550 [INFO] Got response: '1740587573.4090152'
client 2025-02-26 16:32:53,550 [INFO] The time difference between the client and the server is within range 127.670 ms..141.309 ms
client 2025-02-26 16:32:53,554 [INFO] Copying loadgen logs from '/home/arjun/MLC/repos/local/cache/get-mlperf-inference-results-dir_e3f7a2f6/valid_results/mini-tflite_cpp-cpu-tflite-vmaster-default_config/mobilenet-v1-precision_float-0.5-160/singlestream/performance/run_1' to '/home/arjun/MLC/repos/local/cache/get-mlperf-inference-results-dir_e3f7a2f6/valid_results/mini-tflite_cpp-cpu-tflite-vmaster-default_config/mobilenet-v1-precision_float-0.5-160/singlestream/performance/tmp_power/ranging'
client 2025-02-26 16:32:53,554 [INFO] Running workload in testing mode
client 2025-02-26 16:32:53,554 [INFO] Synchronizing with the server and with time.google.com...
client 2025-02-26 16:32:53,576 [INFO] NTP:offset = -0.000 s, delay = 0.020 s 
client 2025-02-26 16:32:53,576 [INFO] Sending command to the server: 'time'
client 2025-02-26 16:32:53,593 [INFO] Got response: '1740587573.4489577'
client 2025-02-26 16:32:53,593 [INFO] The time difference between the client and the server is within range 127.598 ms..144.490 ms
client 2025-02-26 16:32:53,593 [INFO] Sending command to the server: 'session,2025-02-26_16-27-16,start,testing'
client 2025-02-26 16:33:06,848 [INFO] Got response: 'OK'
client 2025-02-26 16:33:06,848 [INFO] Sending command to the server: 'time'
client 2025-02-26 16:33:06,860 [INFO] Got response: '1740587586.7205274'
client 2025-02-26 16:33:06,860 [INFO] The time difference between the client and the server is within range 127.871 ms..140.260 ms
client 2025-02-26 16:33:06,860 [INFO] Running the workload ' MLC_MLPERF_RUN_COUNT=$(cat ${MLC_RUN_DIR}/count.txt); echo ${MLC_MLPERF_RUN_COUNT}; MLC_MLPERF_RUN_COUNT=$((MLC_MLPERF_RUN_COUNT+1)); echo ${MLC_MLPERF_RUN_COUNT} > ${MLC_RUN_DIR}/count.txt; if [ ${MLC_MLPERF_RUN_COUNT} -eq 1 ]; then export MLC_MLPERF_USER_CONF="${MLC_MLPERF_RANGING_USER_CONF}"; else export MLC_MLPERF_USER_CONF="${MLC_MLPERF_TESTING_USER_CONF}"; fi ; /home/arjun/MLC/repos/gateoverflow@mlperf-automations/script/run-all-mlperf-models/run.out'
client 2025-02-26 16:43:08,225 [INFO] Sending command to the server: 'time'
client 2025-02-26 16:43:08,241 [INFO] Got response: '1740588188.1022415'
client 2025-02-26 16:43:08,241 [INFO] The time difference between the client and the server is within range 123.190 ms..138.936 ms
client 2025-02-26 16:43:08,241 [INFO] Sending command to the server: 'session,2025-02-26_16-27-16,stop,testing'
client 2025-02-26 16:43:19,409 [INFO] Got response: 'OK'
client 2025-02-26 16:43:19,410 [INFO] Sending command to the server: 'time'
client 2025-02-26 16:43:19,420 [INFO] Got response: '1740588199.2830064'
client 2025-02-26 16:43:19,420 [INFO] The time difference between the client and the server is within range 126.991 ms..137.664 ms
client 2025-02-26 16:43:19,421 [INFO] Copying loadgen logs from '/home/arjun/MLC/repos/local/cache/get-mlperf-inference-results-dir_e3f7a2f6/valid_results/mini-tflite_cpp-cpu-tflite-vmaster-default_config/mobilenet-v1-precision_float-0.5-160/singlestream/performance/run_1' to '/home/arjun/MLC/repos/local/cache/get-mlperf-inference-results-dir_e3f7a2f6/valid_results/mini-tflite_cpp-cpu-tflite-vmaster-default_config/mobilenet-v1-precision_float-0.5-160/singlestream/performance/tmp_power/run_1'
client 2025-02-26 16:43:19,422 [INFO] Done runs
