Graph file: /mnt/arjun/MLC/repos/local/cache/get-ml-model-mobilenet_044bdfc2/mobilenet_v2_0.5_160.tflite
Image dir: /home/arjun/MLC/repos/local/cache/get-preprocessed-dataset-imagenet_70ac95af
Image list: /home/arjun/MLC/repos/local/cache/get-preprocessed-dataset-imagenet_70ac95af/preprocessed_files.txt
Image size: 160
Image channels: 3
Prediction classes: 1000
Result dir: /home/arjun/MLC/repos/local/cache/get-mlperf-inference-results-dir_338d2055/valid_results/arjun_spr-tflite_cpp-cpu-tflite-vmaster-default_config/mobilenet-v2-precision_float-0.5-160/singlestream/performance/run_1
How many images fit in memory buffer: 1024
Normalize: 1
Subtract mean: 0
Run time preprocessing: 0
Number of Threads: 24
Number of available imagefiles: 50000

Loading graph...
INFO: Created TensorFlow Lite XNNPACK delegate for CPU.
Input tensor dimensions (NHWC): 1*160*160*3
Output tensor dimensions: 1*1001
Path to user.conf : /home/arjun/MLC/repos/gateoverflow@mlperf-automations/script/generate-mlperf-inference-user-conf/tmp/83707bcf822d4848aaefda25145d78a0.conf
Model Name: mobilenet
LoadGen Scenario: SingleStream
LoadGen Mode: performance
