client 2025-02-26 15:13:06,142 [INFO] Creating output directory '/home/arjun/MLC/repos/local/cache/get-mlperf-inference-results-dir_e3f7a2f6/valid_results/mini-tflite_cpp-cpu-tflite-vmaster-default_config/mobilenet-v1-precision_float-0.75-160/singlestream/performance/tmp_power'
client 2025-02-26 15:13:06,151 [INFO] Sending command to the server: 'mlcommons/power client v3'
client 2025-02-26 15:13:06,161 [INFO] Got response: 'mlcommons/power server v3'
client 2025-02-26 15:13:06,161 [INFO] Synchronizing with the server and with time.google.com...
client 2025-02-26 15:13:06,186 [INFO] NTP:offset = -0.035 s, delay = 0.021 s 
client 2025-02-26 15:13:06,186 [INFO] Sending command to the server: 'time'
client 2025-02-26 15:13:06,199 [INFO] Got response: '1740582786.0411148'
client 2025-02-26 15:13:06,199 [INFO] The time difference between the client and the server is within range 145.456 ms..158.220 ms
client 2025-02-26 15:13:06,199 [INFO] Sending command to the server: 'new,,01d00648-acb3-4a3d-8084-17d40422ee4c'
client 2025-02-26 15:13:06,214 [INFO] Got response: 'OK 2025-02-26_15-13-06,9d0187b8-e305-4e48-b421-f9e18cc3c561'
client 2025-02-26 15:13:06,215 [INFO] Session id is '2025-02-26_15-13-06'
client 2025-02-26 15:13:06,215 [INFO] Sources: {"sources": {"__init__.py": "da39a3ee5e6b4b0d3255bfef95601890afd80709", "client.py": "33ca4f26368777ac06e01f9567b714a4b8063886", "lib/__init__.py": "da39a3ee5e6b4b0d3255bfef95601890afd80709", "lib/client.py": "ac2aa093c8e8bbc9569b9e2a3471bc64e58a2258", "lib/common.py": "611d8b29633d331eb19c9455ea3b5fa3284ed6df", "lib/external/__init__.py": "da39a3ee5e6b4b0d3255bfef95601890afd80709", "lib/external/ntplib.py": "4da8f970656505a40483206ef2b5d3dd5e81711d", "lib/server.py": "9bc9a3b6b9b716520658ac175913bcbbdb354336", "lib/source_hashes.py": "60a2e02193209e8d392803326208d5466342da18", "lib/summary.py": "602a9fedfa503e5544d27ab3b0067f235047efc3", "lib/time_sync.py": "80894ef2389e540781ff78de94db16aa4203a14e", "server.py": "c3f90f2f7eeb4db30727556d0c815ebc89b3d28b", "tests/unit/__init__.py": "da39a3ee5e6b4b0d3255bfef95601890afd80709", "tests/unit/test_server.py": "948c1995d4008bc2aa6c4046a34ffa3858d6d671", "tests/unit/test_source_hashes.py": "00468a2907583c593e6574a1f6b404e4651c221a"}, "modules": {"ptd_client_server.lib.client": "lib/client.py", "ptd_client_server.lib.common": "lib/common.py", "ptd_client_server.lib.external.ntplib": "lib/external/ntplib.py", "ptd_client_server.lib.source_hashes": "lib/source_hashes.py", "ptd_client_server.lib.summary": "lib/summary.py", "ptd_client_server.lib.time_sync": "lib/time_sync.py"}}
client 2025-02-26 15:13:06,215 [INFO] Running workload in ranging mode
client 2025-02-26 15:13:06,215 [INFO] Synchronizing with the server and with time.google.com...
client 2025-02-26 15:13:06,235 [INFO] NTP:offset = -0.036 s, delay = 0.018 s 
client 2025-02-26 15:13:06,235 [INFO] Sending command to the server: 'time'
client 2025-02-26 15:13:06,249 [INFO] Got response: '1740582786.089586'
client 2025-02-26 15:13:06,249 [INFO] The time difference between the client and the server is within range 145.666 ms..159.823 ms
client 2025-02-26 15:13:06,249 [INFO] Sending command to the server: 'session,2025-02-26_15-13-06,start,ranging'
client 2025-02-26 15:13:30,744 [INFO] Got response: 'OK'
client 2025-02-26 15:13:30,744 [INFO] Sending command to the server: 'time'
client 2025-02-26 15:13:30,757 [INFO] Got response: '1740582810.5998237'
client 2025-02-26 15:13:30,757 [INFO] The time difference between the client and the server is within range 145.160 ms..158.149 ms
client 2025-02-26 15:13:30,758 [INFO] Running the workload ' MLC_MLPERF_RUN_COUNT=$(cat ${MLC_RUN_DIR}/count.txt); echo ${MLC_MLPERF_RUN_COUNT}; MLC_MLPERF_RUN_COUNT=$((MLC_MLPERF_RUN_COUNT+1)); echo ${MLC_MLPERF_RUN_COUNT} > ${MLC_RUN_DIR}/count.txt; if [ ${MLC_MLPERF_RUN_COUNT} -eq 1 ]; then export MLC_MLPERF_USER_CONF="${MLC_MLPERF_RANGING_USER_CONF}"; else export MLC_MLPERF_USER_CONF="${MLC_MLPERF_TESTING_USER_CONF}"; fi ; /home/arjun/MLC/repos/gateoverflow@mlperf-automations/script/run-all-mlperf-models/run.out'
client 2025-02-26 15:18:31,680 [INFO] Sending command to the server: 'time'
client 2025-02-26 15:18:31,694 [INFO] Got response: '1740583111.5239615'
client 2025-02-26 15:18:31,694 [INFO] The time difference between the client and the server is within range 156.100 ms..170.244 ms
client 2025-02-26 15:18:31,694 [INFO] Sending command to the server: 'session,2025-02-26_15-13-06,stop,ranging'
client 2025-02-26 15:18:42,417 [INFO] Got response: 'OK'
client 2025-02-26 15:18:42,417 [INFO] Sending command to the server: 'time'
client 2025-02-26 15:18:42,428 [INFO] Got response: '1740583122.2613883'
client 2025-02-26 15:18:42,428 [INFO] The time difference between the client and the server is within range 156.020 ms..166.862 ms
client 2025-02-26 15:18:42,432 [INFO] Copying loadgen logs from '/home/arjun/MLC/repos/local/cache/get-mlperf-inference-results-dir_e3f7a2f6/valid_results/mini-tflite_cpp-cpu-tflite-vmaster-default_config/mobilenet-v1-precision_float-0.75-160/singlestream/performance/run_1' to '/home/arjun/MLC/repos/local/cache/get-mlperf-inference-results-dir_e3f7a2f6/valid_results/mini-tflite_cpp-cpu-tflite-vmaster-default_config/mobilenet-v1-precision_float-0.75-160/singlestream/performance/tmp_power/ranging'
client 2025-02-26 15:18:42,432 [INFO] Running workload in testing mode
client 2025-02-26 15:18:42,432 [INFO] Synchronizing with the server and with time.google.com...
client 2025-02-26 15:18:42,453 [INFO] NTP:offset = -0.040 s, delay = 0.019 s 
client 2025-02-26 15:18:42,453 [INFO] Sending command to the server: 'time'
client 2025-02-26 15:18:42,465 [INFO] Got response: '1740583122.2963254'
client 2025-02-26 15:18:42,465 [INFO] The time difference between the client and the server is within range 157.280 ms..169.445 ms
client 2025-02-26 15:18:42,465 [INFO] Sending command to the server: 'session,2025-02-26_15-13-06,start,testing'
client 2025-02-26 15:18:55,630 [INFO] Got response: 'OK'
client 2025-02-26 15:18:55,630 [INFO] Sending command to the server: 'time'
client 2025-02-26 15:18:55,642 [INFO] Got response: '1740583135.4746006'
client 2025-02-26 15:18:55,642 [INFO] The time difference between the client and the server is within range 156.103 ms..167.734 ms
client 2025-02-26 15:18:55,642 [INFO] Running the workload ' MLC_MLPERF_RUN_COUNT=$(cat ${MLC_RUN_DIR}/count.txt); echo ${MLC_MLPERF_RUN_COUNT}; MLC_MLPERF_RUN_COUNT=$((MLC_MLPERF_RUN_COUNT+1)); echo ${MLC_MLPERF_RUN_COUNT} > ${MLC_RUN_DIR}/count.txt; if [ ${MLC_MLPERF_RUN_COUNT} -eq 1 ]; then export MLC_MLPERF_USER_CONF="${MLC_MLPERF_RANGING_USER_CONF}"; else export MLC_MLPERF_USER_CONF="${MLC_MLPERF_TESTING_USER_CONF}"; fi ; /home/arjun/MLC/repos/gateoverflow@mlperf-automations/script/run-all-mlperf-models/run.out'
client 2025-02-26 15:28:56,448 [INFO] Sending command to the server: 'time'
client 2025-02-26 15:28:56,461 [INFO] Got response: '1740583736.2792385'
client 2025-02-26 15:28:56,461 [INFO] The time difference between the client and the server is within range 169.172 ms..182.497 ms
client 2025-02-26 15:28:56,461 [INFO] Sending command to the server: 'session,2025-02-26_15-13-06,stop,testing'
client 2025-02-26 15:29:06,954 [INFO] Got response: 'OK'
client 2025-02-26 15:29:06,955 [INFO] Sending command to the server: 'time'
client 2025-02-26 15:29:06,965 [INFO] Got response: '1740583746.7858298'
client 2025-02-26 15:29:06,965 [INFO] The time difference between the client and the server is within range 169.341 ms..179.635 ms
client 2025-02-26 15:29:06,966 [INFO] Copying loadgen logs from '/home/arjun/MLC/repos/local/cache/get-mlperf-inference-results-dir_e3f7a2f6/valid_results/mini-tflite_cpp-cpu-tflite-vmaster-default_config/mobilenet-v1-precision_float-0.75-160/singlestream/performance/run_1' to '/home/arjun/MLC/repos/local/cache/get-mlperf-inference-results-dir_e3f7a2f6/valid_results/mini-tflite_cpp-cpu-tflite-vmaster-default_config/mobilenet-v1-precision_float-0.75-160/singlestream/performance/tmp_power/run_1'
client 2025-02-26 15:29:06,966 [INFO] Done runs
