Graph file: /home/mlcuser/MLC/repos/local/cache/get-ml-model-mobilenet_e721097f/mobilenet_v2_0.35_128.tflite
Image dir: /home/mlcuser/MLC/repos/local/cache/get-preprocessed-dataset-imagenet_893835b6
Image list: /home/mlcuser/MLC/repos/local/cache/get-preprocessed-dataset-imagenet_893835b6/preprocessed_files.txt
Image size: 128
Image channels: 3
Prediction classes: 1000
Result dir: /home/mlcuser/MLC/repos/local/cache/get-mlperf-inference-results-dir_b14e6733/valid_results/73afac010d7d-tflite_cpp-cpu-tflite-vmaster-default_config/mobilenet-v2-precision_float-0.35-128/singlestream/performance/run_1
How many images fit in memory buffer: 1024
Normalize: 1
Subtract mean: 0
Run time preprocessing: 0
Number of Threads: 8
Number of available imagefiles: 50000

Loading graph...
INFO: Created TensorFlow Lite XNNPACK delegate for CPU.
Input tensor dimensions (NHWC): 1*128*128*3
Output tensor dimensions: 1*1001
Path to user.conf : /home/mlcuser/MLC/repos/mlcommons@mlperf-automations/script/generate-mlperf-inference-user-conf/tmp/10ebe930330f43fa98b2141e194568c5.conf
Model Name: mobilenet
LoadGen Scenario: SingleStream
LoadGen Mode: performance
