Couldn't find any of the following OpenCL library: libOpenCL.so libGLES_mali.so libmali.so 
Graph file: /home/ubuntu/MLC/repos/local/cache/get-ml-model-mobilenet_4650b054/v3-large-minimalistic_224_1.0_float/v3-large-minimalistic_224_1.0_float.tflite
Image dir: /home/ubuntu/MLC/repos/local/cache/get-preprocessed-dataset-imagenet_09bf1ab5
Image list: /home/ubuntu/MLC/repos/local/cache/get-preprocessed-dataset-imagenet_09bf1ab5/preprocessed_files.txt
Image size: 224
Image channels: 3
Prediction classes: 1000
Result dir: /home/ubuntu/MLC/repos/local/cache/get-mlperf-inference-results-dir_f694db7d/valid_results/i_02b03c35f2a4f3aff-tflite_armnn_cpp-cpu-armnn_tflite-v23.11-using_neon/mobilenet-v3-precision_float-large-minimalistic-224/singlestream/performance/run_1
How many images fit in memory buffer: 1024
Normalize: 1
Subtract mean: 0
Run time preprocessing: 0
Number of Threads: 16
Number of available imagefiles: 50000

Loading graph...
************* Type 1
Output tensor dimensions: 1*1001
Path to mlperf.conf : /home/ubuntu/MLC/repos/local/cache/get-git-repo_c982fc83/inference/mlperf.conf
Path to user.conf : /home/ubuntu/MLC/repos/gateoverflow@mlperf-automations/script/generate-mlperf-inference-user-conf/tmp/ae8f1f3afc2543c7a147f32905ad03b8.conf
Model Name: mobilenet
LoadGen Scenario: SingleStream
LoadGen Mode: performance
