Graph file: /home/arjun/MLC/repos/local/cache/get-ml-model-mobilenet_7505ce30/mobilenet_v1_0.5_128.tflite
Image dir: /home/arjun/MLC/repos/local/cache/get-preprocessed-dataset-imagenet_e0e7216a
Image list: /home/arjun/MLC/repos/local/cache/get-preprocessed-dataset-imagenet_e0e7216a/preprocessed_files.txt
Image size: 128
Image channels: 3
Prediction classes: 1000
Result dir: /home/arjun/MLC/repos/local/cache/get-mlperf-inference-results-dir_e3f7a2f6/valid_results/mini-tflite_cpp-cpu-tflite-vmaster-default_config/mobilenet-v1-precision_float-0.5-128/singlestream/performance/run_1
How many images fit in memory buffer: 1024
Normalize: 1
Subtract mean: 0
Run time preprocessing: 0
Number of Threads: 6
Number of available imagefiles: 50000

Loading graph...
INFO: Created TensorFlow Lite XNNPACK delegate for CPU.
Input tensor dimensions (NHWC): 1*128*128*3
Output tensor dimensions: 1*1001
Path to user.conf : /home/arjun/MLC/repos/gateoverflow@mlperf-automations/script/generate-mlperf-inference-user-conf/tmp/6da8ade043c54250a4651f54f3a0d7e1.conf
Model Name: mobilenet
LoadGen Scenario: SingleStream
LoadGen Mode: performance
