DeepSparse, Copyright 2021-present / Neuralmagic, Inc. version: 1.8.0 COMMUNITY | (e3778e93) (release) (optimized) (system=avx2, binary=avx2)
[7bc1602006c0 >WARN<  operator() ./src/include/wand/utility/warnings.hpp:14] Generating emulated code for quantized (INT8) operations since no VNNI instructions were detected. Set NM_FAST_VNNI_EMULATION=1 to increase performance at the expense of accuracy.
2025-02-23 13:52:42 deepsparse.utils.onnx INFO     Generating input 'input_ids', type = int64, shape = [1, 384]
2025-02-23 13:52:42 deepsparse.utils.onnx INFO     Generating input 'attention_mask', type = int64, shape = [1, 384]
2025-02-23 13:52:42 deepsparse.utils.onnx INFO     Generating input 'token_type_ids', type = int64, shape = [1, 384]

No warnings encountered during test.

No errors encountered during test.
Loading ONNX model... /home/sujith/.cache/sparsezoo/neuralmagic/bert-base-squad_wikipedia_bookcorpus-pruned95.obs_quantized/model.onnx
Constructing SUT...
Finished constructing SUT.
Constructing QSL...
Loading cached features from 'eval_features.pickle'...
Finished constructing QSL.
Warming up engine...
Running LoadGen test...
Done!
Destroying SUT...
Destroying QSL...
Finished destroying SUT.
Finished destroying QSL.
