Graph file: /home/kingjuno/MLC/repos/local/cache/get-ml-model-mobilenet_204f8cda/mobilenet_v2_0.75_160.tflite
Image dir: /home/kingjuno/MLC/repos/local/cache/get-preprocessed-dataset-imagenet_22d527ef
Image list: /home/kingjuno/MLC/repos/local/cache/get-preprocessed-dataset-imagenet_22d527ef/preprocessed_files.txt
Image size: 160
Image channels: 3
Prediction classes: 1000
Result dir: /home/kingjuno/MLC/repos/local/cache/get-mlperf-inference-results-dir_69aa4cf9/valid_results/MLC-tflite_cpp-cpu-tflite-vmaster-default_config/mobilenet-v2-precision_float-0.75-160/singlestream/performance/run_1
How many images fit in memory buffer: 1024
Normalize: 1
Subtract mean: 0
Run time preprocessing: 0
Number of Threads: 1
Number of available imagefiles: 50000

Loading graph...
INFO: Created TensorFlow Lite XNNPACK delegate for CPU.
Input tensor dimensions (NHWC): 1*160*160*3
Output tensor dimensions: 1*1001
Path to user.conf : /home/kingjuno/MLC/repos/mlcommons@mlperf-automations/script/generate-mlperf-inference-user-conf/tmp/48fdc13fc7f749ebbc2b21e70a24aaef.conf
Model Name: mobilenet
LoadGen Scenario: SingleStream
LoadGen Mode: performance
