Graph file: /home/mlcuser/MLC/repos/local/cache/get-ml-model-mobilenet_39755f2b/mobilenet_v1_1.0_224.tflite
Image dir: /home/mlcuser/MLC/repos/local/cache/get-preprocessed-dataset-imagenet_2c61b251
Image list: /home/mlcuser/MLC/repos/local/cache/get-preprocessed-dataset-imagenet_2c61b251/preprocessed_files.txt
Image size: 224
Image channels: 3
Prediction classes: 1000
Result dir: /home/mlcuser/MLC/repos/local/cache/get-mlperf-inference-results-dir_338d2055/valid_results/640b615ae987-tflite_cpp-cpu-tflite-vmaster-default_config/mobilenet-v1-precision_float-1.0-224/singlestream/performance/run_1
How many images fit in memory buffer: 1024
Normalize: 1
Subtract mean: 0
Run time preprocessing: 0
Number of Threads: 24
Number of available imagefiles: 50000

Loading graph...
INFO: Created TensorFlow Lite XNNPACK delegate for CPU.
Input tensor dimensions (NHWC): 1*224*224*3
Output tensor dimensions: 1*1001
Path to user.conf : /home/mlcuser/MLC/repos/mlcommons@mlperf-automations/script/generate-mlperf-inference-user-conf/tmp/b015165732f2463ab48f6d15ae192aaa.conf
Model Name: mobilenet
LoadGen Scenario: SingleStream
LoadGen Mode: performance
