Graph file: /home/arjun/MLC/repos/local/cache/get-ml-model-mobilenet_db8a7ede/mobilenet_v1_0.5_192_quant.tflite
Image dir: /home/arjun/MLC/repos/local/cache/get-preprocessed-dataset-imagenet_5966df9d
Image list: /home/arjun/MLC/repos/local/cache/get-preprocessed-dataset-imagenet_5966df9d/preprocessed_files.txt
Image size: 192
Image channels: 3
Prediction classes: 1000
Result dir: /home/arjun/MLC/repos/local/cache/get-mlperf-inference-results-dir_e3f7a2f6/valid_results/mini-tflite_cpp-cpu-tflite-vmaster-default_config/mobilenet-v1-precision_uint8-0.5-192/singlestream/performance/run_1
How many images fit in memory buffer: 1024
Normalize: 1
Subtract mean: 0
Run time preprocessing: 1
Number of Threads: 6
Number of available imagefiles: 50000

Loading graph...
INFO: Created TensorFlow Lite XNNPACK delegate for CPU.
Input tensor dimensions (NHWC): 1*192*192*3
Output tensor dimensions: 1*1001
Path to user.conf : /home/arjun/MLC/repos/gateoverflow@mlperf-automations/script/generate-mlperf-inference-user-conf/tmp/ba9317c5a8d74e8bac8e60c3441b382c.conf
Model Name: mobilenet
LoadGen Scenario: SingleStream
LoadGen Mode: performance
