Graph file: /home/ubuntu/MLC/repos/local/cache/get-ml-model-mobilenet_8ea377cf/mobilenet_v1_1.0_192.tflite
Image dir: /home/ubuntu/MLC/repos/local/cache/get-preprocessed-dataset-imagenet_212e9c7f
Image list: /home/ubuntu/MLC/repos/local/cache/get-preprocessed-dataset-imagenet_212e9c7f/preprocessed_files.txt
Image size: 192
Image channels: 3
Prediction classes: 1000
Result dir: /home/mlcuser/MLC/repos/local/cache/get-mlperf-inference-results-dir_e3f7a2f6/valid_results/e9425ea7bef3-tflite_cpp-cpu-tflite-vmaster-default_config/mobilenet-v1-precision_float-1.0-192/singlestream/performance/run_1
How many images fit in memory buffer: 1024
Normalize: 1
Subtract mean: 0
Run time preprocessing: 0
Number of Threads: 6
Number of available imagefiles: 50000

Loading graph...
INFO: Created TensorFlow Lite XNNPACK delegate for CPU.
Input tensor dimensions (NHWC): 1*192*192*3
Output tensor dimensions: 1*1001
Path to user.conf : /home/ubuntu/MLC/repos/mlcommons@mlperf-automations/script/generate-mlperf-inference-user-conf/tmp/c2524381cc834f6aaeaf95c85d6769c1.conf
Model Name: mobilenet
LoadGen Scenario: SingleStream
LoadGen Mode: performance
