[2025-02-16 06:31:21,310 main.py:229 INFO] Detected system ID: KnownSystem.Nvidia_8dfdbbc171f5
[2025-02-16 06:31:21,900 generate_conf_files.py:107 INFO] Generated measurements/ entries for Nvidia_8dfdbbc171f5_TRT/bert-99.9/Offline
[2025-02-16 06:31:21,900 __init__.py:46 INFO] Running command: ./build/bin/harness_bert --logfile_outdir="/mlc-mount/home/arjun/gh_action_results/valid_results/RTX4090x2-nvidia_original-gpu-tensorrt-vdefault-default_config/bert-99.9/offline/accuracy" --logfile_prefix="mlperf_log_" --performance_sample_count=10833 --test_mode="AccuracyOnly" --gpu_batch_size=256 --mlperf_conf_path="/home/mlcuser/MLC/repos/local/cache/get-git-repo_14157262/inference/mlperf.conf" --tensor_path="build/preprocessed_data/squad_tokenized/input_ids.npy,build/preprocessed_data/squad_tokenized/segment_ids.npy,build/preprocessed_data/squad_tokenized/input_mask.npy" --use_graphs=false --user_conf_path="/home/mlcuser/MLC/repos/mlcommons@mlperf-automations/script/generate-mlperf-inference-user-conf/tmp/0aaab4c636b7424bb6e6d13842dd97fb.conf" --gpu_inference_streams=2 --gpu_copy_streams=2 --gpu_engines="./build/engines/Nvidia_8dfdbbc171f5/bert/Offline/bert-Offline-gpu-fp16_S_384_B_256_P_2_vs.custom_k_99_9_MaxP.plan" --scenario Offline --model bert
[2025-02-16 06:31:21,900 __init__.py:53 INFO] Overriding Environment
benchmark : Benchmark.BERT
buffer_manager_thread_count : 0
coalesced_tensor : True
data_dir : /home/mlcuser/MLC/repos/local/cache/get-mlperf-inference-nvidia-scratch-space_5aab030f/data
gpu_batch_size : 256
gpu_copy_streams : 2
gpu_inference_streams : 2
input_dtype : int32
input_format : linear
log_dir : /home/mlcuser/MLC/repos/local/cache/get-git-repo_0ab377fc/repo/closed/NVIDIA/build/logs/2025.02.16-06.31.19
mlperf_conf_path : /home/mlcuser/MLC/repos/local/cache/get-git-repo_14157262/inference/mlperf.conf
offline_expected_qps : 0.0
precision : fp16
preprocessed_data_dir : /home/mlcuser/MLC/repos/local/cache/get-mlperf-inference-nvidia-scratch-space_5aab030f/preprocessed_data
scenario : Scenario.Offline
system : SystemConfiguration(host_cpu_conf=CPUConfiguration(layout={CPU(name='Intel(R) Xeon(R) w7-2495X', architecture=<CPUArchitecture.x86_64: AliasedName(name='x86_64', aliases=(), patterns=())>, core_count=24, threads_per_core=2): 1}), host_mem_conf=MemoryConfiguration(host_memory_capacity=Memory(quantity=197.33452799999998, byte_suffix=<ByteSuffix.GB: (1000, 3)>, _num_bytes=197334528000), comparison_tolerance=0.05), accelerator_conf=AcceleratorConfiguration(layout=defaultdict(<class 'int'>, {GPU(name='NVIDIA GeForce RTX 4090', accelerator_type=<AcceleratorType.Discrete: AliasedName(name='Discrete', aliases=(), patterns=())>, vram=Memory(quantity=23.98828125, byte_suffix=<ByteSuffix.GiB: (1024, 3)>, _num_bytes=25757220864), max_power_limit=450.0, pci_id='0x268410DE', compute_sm=89): 1, GPU(name='NVIDIA GeForce RTX 4090', accelerator_type=<AcceleratorType.Discrete: AliasedName(name='Discrete', aliases=(), patterns=())>, vram=Memory(quantity=23.98828125, byte_suffix=<ByteSuffix.GiB: (1024, 3)>, _num_bytes=25757220864), max_power_limit=500.0, pci_id='0x268410DE', compute_sm=89): 1})), numa_conf=NUMAConfiguration(numa_nodes={}, num_numa_nodes=1), system_id='Nvidia_8dfdbbc171f5')
tensor_path : build/preprocessed_data/squad_tokenized/input_ids.npy,build/preprocessed_data/squad_tokenized/segment_ids.npy,build/preprocessed_data/squad_tokenized/input_mask.npy
test_mode : AccuracyOnly
use_graphs : False
user_conf_path : /home/mlcuser/MLC/repos/mlcommons@mlperf-automations/script/generate-mlperf-inference-user-conf/tmp/0aaab4c636b7424bb6e6d13842dd97fb.conf
system_id : Nvidia_8dfdbbc171f5
config_name : Nvidia_8dfdbbc171f5_bert_Offline
workload_setting : WorkloadSetting(HarnessType.Custom, AccuracyTarget.k_99_9, PowerSetting.MaxP)
optimization_level : plugin-enabled
num_profiles : 2
config_ver : custom_k_99_9_MaxP
accuracy_level : 99.9%
inference_server : custom
skip_file_checks : True
power_limit : None
cpu_freq : None
&&&& RUNNING BERT_HARNESS # ./build/bin/harness_bert
I0216 06:31:21.952093 18829 main_bert.cc:164] Found 2 GPUs
I0216 06:31:22.085508 18829 bert_server.cc:147] Engine Path: ./build/engines/Nvidia_8dfdbbc171f5/bert/Offline/bert-Offline-gpu-fp16_S_384_B_256_P_2_vs.custom_k_99_9_MaxP.plan
[I] [TRT] Loaded engine size: 700 MiB
[I] [TRT] Loaded engine size: 700 MiB
[W] [TRT] Using an engine plan file across different models of devices is not recommended and is likely to affect performance or even cause errors.
[I] [TRT] [MemUsageChange] Init cuBLAS/cuBLASLt: CPU +68, GPU +10, now: CPU 1009, GPU 1521 (MiB)
[I] [TRT] [MemUsageChange] Init cuDNN: CPU +1, GPU +10, now: CPU 1010, GPU 1531 (MiB)
[I] [TRT] [MemUsageChange] TensorRT-managed allocation in engine deserialization: CPU +0, GPU +1152, now: CPU 0, GPU 1152 (MiB)
[I] [TRT] [MemUsageChange] Init cuBLAS/cuBLASLt: CPU +6, GPU +10, now: CPU 1018, GPU 1377 (MiB)
[I] [TRT] [MemUsageChange] Init cuDNN: CPU +1, GPU +10, now: CPU 1019, GPU 1387 (MiB)
[I] [TRT] [MemUsageChange] TensorRT-managed allocation in engine deserialization: CPU +1, GPU +576, now: CPU 1, GPU 1152 (MiB)
I0216 06:31:22.816287 18829 bert_server.cc:208] Engines Creation Completed
I0216 06:31:22.844014 18829 bert_core_vs.cc:385] Engine - Device Memory requirements: 1409287680
I0216 06:31:22.844022 18829 bert_core_vs.cc:393] Engine - Number of Optimization Profiles: 2
I0216 06:31:22.844026 18829 bert_core_vs.cc:415] Engine - Profile 0 maxDims 98304 Bmax=256 Smax=384
[I] [TRT] [MemUsageChange] Init cuBLAS/cuBLASLt: CPU +0, GPU +8, now: CPU 320, GPU 2869 (MiB)
[I] [TRT] [MemUsageChange] Init cuDNN: CPU +0, GPU +8, now: CPU 320, GPU 2877 (MiB)
I0216 06:31:22.912987 18829 bert_core_vs.cc:426] Setting Opt.Prof. to 0
I0216 06:31:22.913017 18829 bert_core_vs.cc:444] Context creation complete. Max supported batchSize: 256
[I] [TRT] [MemUsageChange] TensorRT-managed allocation in IExecutionContext creation: CPU +1, GPU +0, now: CPU 2, GPU 1152 (MiB)
I0216 06:31:22.913825 18829 bert_core_vs.cc:476] Setup complete
I0216 06:31:22.913985 18829 bert_core_vs.cc:385] Engine - Device Memory requirements: 1409287680
I0216 06:31:22.913988 18829 bert_core_vs.cc:393] Engine - Number of Optimization Profiles: 2
I0216 06:31:22.913991 18829 bert_core_vs.cc:415] Engine - Profile 0 maxDims 98304 Bmax=256 Smax=384
[I] [TRT] [MemUsageChange] Init cuBLAS/cuBLASLt: CPU +0, GPU +8, now: CPU 443, GPU 2725 (MiB)
[I] [TRT] [MemUsageChange] Init cuDNN: CPU +0, GPU +8, now: CPU 443, GPU 2733 (MiB)
I0216 06:31:22.993687 18829 bert_core_vs.cc:426] Setting Opt.Prof. to 0
I0216 06:31:22.993706 18829 bert_core_vs.cc:444] Context creation complete. Max supported batchSize: 256
[I] [TRT] [MemUsageChange] TensorRT-managed allocation in IExecutionContext creation: CPU +0, GPU +0, now: CPU 2, GPU 1152 (MiB)
I0216 06:31:22.994652 18829 bert_core_vs.cc:476] Setup complete
I0216 06:31:22.994868 18829 bert_core_vs.cc:385] Engine - Device Memory requirements: 1409287680
I0216 06:31:22.994871 18829 bert_core_vs.cc:393] Engine - Number of Optimization Profiles: 2
I0216 06:31:22.994875 18829 bert_core_vs.cc:415] Engine - Profile 1 maxDims 98304 Bmax=256 Smax=384
[I] [TRT] [MemUsageChange] Init cuBLAS/cuBLASLt: CPU +0, GPU +8, now: CPU 567, GPU 4355 (MiB)
[I] [TRT] [MemUsageChange] Init cuDNN: CPU +0, GPU +10, now: CPU 567, GPU 4365 (MiB)
I0216 06:31:23.096928 18829 bert_core_vs.cc:426] Setting Opt.Prof. to 1
[I] [TRT] Could not set default profile 0 for execution context. Profile index must be set explicitly.
[I] [TRT] [MemUsageChange] TensorRT-managed allocation in IExecutionContext creation: CPU +1, GPU +0, now: CPU 3, GPU 1152 (MiB)
I0216 06:31:23.097347 18829 bert_core_vs.cc:444] Context creation complete. Max supported batchSize: 256
I0216 06:31:23.098438 18829 bert_core_vs.cc:476] Setup complete
I0216 06:31:23.098659 18829 bert_core_vs.cc:385] Engine - Device Memory requirements: 1409287680
I0216 06:31:23.098664 18829 bert_core_vs.cc:393] Engine - Number of Optimization Profiles: 2
I0216 06:31:23.098668 18829 bert_core_vs.cc:415] Engine - Profile 1 maxDims 98304 Bmax=256 Smax=384
[I] [TRT] [MemUsageChange] Init cuBLAS/cuBLASLt: CPU +0, GPU +8, now: CPU 690, GPU 4211 (MiB)
[I] [TRT] [MemUsageChange] Init cuDNN: CPU +0, GPU +10, now: CPU 690, GPU 4221 (MiB)
I0216 06:31:23.205624 18829 bert_core_vs.cc:426] Setting Opt.Prof. to 1
[I] [TRT] Could not set default profile 0 for execution context. Profile index must be set explicitly.
[I] [TRT] [MemUsageChange] TensorRT-managed allocation in IExecutionContext creation: CPU +0, GPU +0, now: CPU 3, GPU 1152 (MiB)
I0216 06:31:23.206041 18829 bert_core_vs.cc:444] Context creation complete. Max supported batchSize: 256
I0216 06:31:23.207122 18829 bert_core_vs.cc:476] Setup complete
I0216 06:31:24.403465 18829 main_bert.cc:185] Starting running actual test.
I0216 06:31:27.737872 18829 main_bert.cc:191] Finished running actual test.

No warnings encountered during test.

No errors encountered during test.
[2025-02-16 06:31:27,973 run_harness.py:166 INFO] Result: Accuracy run detected.
[2025-02-16 06:31:27,973 __init__.py:46 INFO] Running command: PYTHONPATH=code/bert/tensorrt/helpers python3 /home/mlcuser/MLC/repos/local/cache/get-git-repo_0ab377fc/repo/closed/NVIDIA/build/inference/language/bert/accuracy-squad.py --log_file /mlc-mount/home/arjun/gh_action_results/valid_results/RTX4090x2-nvidia_original-gpu-tensorrt-vdefault-default_config/bert-99.9/offline/accuracy/mlperf_log_accuracy.json --vocab_file build/models/bert/vocab.txt --val_data /home/mlcuser/MLC/repos/local/cache/get-mlperf-inference-nvidia-scratch-space_5aab030f/data/squad/dev-v1.1.json --out_file /mlc-mount/home/arjun/gh_action_results/valid_results/RTX4090x2-nvidia_original-gpu-tensorrt-vdefault-default_config/bert-99.9/offline/accuracy/predictions.json --output_dtype float16
{"exact_match": 83.6802270577105, "f1": 90.88066528372401}
Reading examples...
Loading cached features from 'eval_features.pickle'...
Loading LoadGen logs...
Post-processing predictions...
Writing predictions to: /mlc-mount/home/arjun/gh_action_results/valid_results/RTX4090x2-nvidia_original-gpu-tensorrt-vdefault-default_config/bert-99.9/offline/accuracy/predictions.json
Evaluating predictions...
 
======================== Result summaries: ========================

