Graph file: /home/mlcuser/MLC/repos/local/cache/get-ml-model-mobilenet_42c5357e/v3-small_224_1.0_float/v3-small_224_1.0_float.tflite
Image dir: /home/mlcuser/MLC/repos/local/cache/get-preprocessed-dataset-imagenet_444cc238
Image list: /home/mlcuser/MLC/repos/local/cache/get-preprocessed-dataset-imagenet_444cc238/preprocessed_files.txt
Image size: 224
Image channels: 3
Prediction classes: 1000
Result dir: /home/mlcuser/MLC/repos/local/cache/get-mlperf-inference-results-dir_b14e6733/valid_results/73afac010d7d-tflite_cpp-cpu-tflite-vmaster-default_config/mobilenet-v3-precision_float-small-224/singlestream/performance/run_1
How many images fit in memory buffer: 1024
Normalize: 1
Subtract mean: 0
Run time preprocessing: 0
Number of Threads: 8
Number of available imagefiles: 50000

Loading graph...
INFO: Created TensorFlow Lite XNNPACK delegate for CPU.
Input tensor dimensions (NHWC): 1*224*224*3
Output tensor dimensions: 1*1001
Path to user.conf : /home/mlcuser/MLC/repos/mlcommons@mlperf-automations/script/generate-mlperf-inference-user-conf/tmp/3637ce94fc4549f28053ec4e2cdfb126.conf
Model Name: mobilenet
LoadGen Scenario: SingleStream
LoadGen Mode: performance
