Graph file: /home/mlcuser/MLC/repos/local/cache/get-ml-model-mobilenet_09557005/mobilenet_v2_0.5_160.tflite
Image dir: /home/mlcuser/MLC/repos/local/cache/get-preprocessed-dataset-imagenet_648f801b
Image list: /home/mlcuser/MLC/repos/local/cache/get-preprocessed-dataset-imagenet_648f801b/preprocessed_files.txt
Image size: 160
Image channels: 3
Prediction classes: 1000
Result dir: /home/mlcuser/MLC/repos/local/cache/get-mlperf-inference-results-dir_338d2055/valid_results/640b615ae987-tflite_cpp-cpu-tflite-vmaster-with_live_preprocessing/mobilenet-v2-precision_float-0.5-160/singlestream/accuracy
How many images fit in memory buffer: 1024
Normalize: 1
Subtract mean: 0
Run time preprocessing: 1
Number of Threads: 48
Number of available imagefiles: 50000

Loading graph...
INFO: Created TensorFlow Lite XNNPACK delegate for CPU.
Input tensor dimensions (NHWC): 1*160*160*3
Output tensor dimensions: 1*1001
Path to user.conf : /home/mlcuser/MLC/repos/mlcommons@mlperf-automations/script/generate-mlperf-inference-user-conf/tmp/c56dee3bde504fe2a1ddc571d4fae60e.conf
Model Name: mobilenet
LoadGen Scenario: SingleStream
LoadGen Mode: accuracy
