Graph file: /home/ubuntu/MLC/repos/local/cache/get-ml-model-mobilenet_9769b4e3/v3-small_224_1.0_float/v3-small_224_1.0_float.tflite
Image dir: /home/ubuntu/MLC/repos/local/cache/get-preprocessed-dataset-imagenet_d331bdc1
Image list: /home/ubuntu/MLC/repos/local/cache/get-preprocessed-dataset-imagenet_d331bdc1/preprocessed_files.txt
Image size: 224
Image channels: 3
Prediction classes: 1000
Result dir: /home/ubuntu/MLC/repos/local/cache/get-mlperf-inference-results-dir_47cc95f3/valid_results/i_039e1e7592c097660-tflite_cpp-cpu-tflite-vmaster-with_live_preprocessing/mobilenet-v3-precision_float-small-224/singlestream/performance/run_1
How many images fit in memory buffer: 1024
Normalize: 1
Subtract mean: 0
Run time preprocessing: 1
Number of Threads: 4
Number of available imagefiles: 50000

Loading graph...
INFO: Created TensorFlow Lite XNNPACK delegate for CPU.
Input tensor dimensions (NHWC): 1*224*224*3
Output tensor dimensions: 1*1001
Path to user.conf : /home/ubuntu/MLC/repos/gateoverflow@mlperf-automations/script/generate-mlperf-inference-user-conf/tmp/18f10fe5e2924a4dbca9920170796b3a.conf
Model Name: mobilenet
LoadGen Scenario: SingleStream
LoadGen Mode: performance
