client 2025-02-27 22:30:18,732 [INFO] Creating output directory '/home/arjun/MLC/repos/local/cache/get-mlperf-inference-results-dir_e3f7a2f6/valid_results/mini-tflite_cpp-cpu-tflite-vmaster-with_live_preprocessing/mobilenet-v2-precision_float-1.0-224/singlestream/performance/tmp_power'
client 2025-02-27 22:30:18,740 [INFO] Sending command to the server: 'mlcommons/power client v3'
client 2025-02-27 22:30:18,753 [INFO] Got response: 'mlcommons/power server v3'
client 2025-02-27 22:30:18,753 [INFO] Synchronizing with the server and with time.google.com...
client 2025-02-27 22:30:18,793 [INFO] NTP:offset = -0.001 s, delay = 0.024 s 
client 2025-02-27 22:30:18,793 [INFO] Sending command to the server: 'time'
client 2025-02-27 22:30:18,806 [INFO] Got response: '1740695418.611525'
client 2025-02-27 22:30:18,806 [INFO] The time difference between the client and the server is within range 181.794 ms..195.227 ms
client 2025-02-27 22:30:18,806 [INFO] Sending command to the server: 'new,,feed1376-66f4-451a-a383-8c879238247d'
client 2025-02-27 22:30:18,824 [INFO] Got response: 'OK 2025-02-27_22-30-18,74b9fe3e-131c-47f6-8bf6-fcf673b430b9'
client 2025-02-27 22:30:18,824 [INFO] Session id is '2025-02-27_22-30-18'
client 2025-02-27 22:30:18,824 [INFO] Sources: {"sources": {"__init__.py": "da39a3ee5e6b4b0d3255bfef95601890afd80709", "client.py": "33ca4f26368777ac06e01f9567b714a4b8063886", "lib/__init__.py": "da39a3ee5e6b4b0d3255bfef95601890afd80709", "lib/client.py": "ac2aa093c8e8bbc9569b9e2a3471bc64e58a2258", "lib/common.py": "611d8b29633d331eb19c9455ea3b5fa3284ed6df", "lib/external/__init__.py": "da39a3ee5e6b4b0d3255bfef95601890afd80709", "lib/external/ntplib.py": "4da8f970656505a40483206ef2b5d3dd5e81711d", "lib/server.py": "9bc9a3b6b9b716520658ac175913bcbbdb354336", "lib/source_hashes.py": "60a2e02193209e8d392803326208d5466342da18", "lib/summary.py": "602a9fedfa503e5544d27ab3b0067f235047efc3", "lib/time_sync.py": "80894ef2389e540781ff78de94db16aa4203a14e", "server.py": "c3f90f2f7eeb4db30727556d0c815ebc89b3d28b", "tests/unit/__init__.py": "da39a3ee5e6b4b0d3255bfef95601890afd80709", "tests/unit/test_server.py": "948c1995d4008bc2aa6c4046a34ffa3858d6d671", "tests/unit/test_source_hashes.py": "00468a2907583c593e6574a1f6b404e4651c221a"}, "modules": {"ptd_client_server.lib.client": "lib/client.py", "ptd_client_server.lib.common": "lib/common.py", "ptd_client_server.lib.external.ntplib": "lib/external/ntplib.py", "ptd_client_server.lib.source_hashes": "lib/source_hashes.py", "ptd_client_server.lib.summary": "lib/summary.py", "ptd_client_server.lib.time_sync": "lib/time_sync.py"}}
client 2025-02-27 22:30:18,824 [INFO] Running workload in ranging mode
client 2025-02-27 22:30:18,824 [INFO] Synchronizing with the server and with time.google.com...
client 2025-02-27 22:30:18,850 [INFO] NTP:offset = -0.001 s, delay = 0.024 s 
client 2025-02-27 22:30:18,850 [INFO] Sending command to the server: 'time'
client 2025-02-27 22:30:18,862 [INFO] Got response: '1740695418.6673641'
client 2025-02-27 22:30:18,862 [INFO] The time difference between the client and the server is within range 182.987 ms..195.342 ms
client 2025-02-27 22:30:18,862 [INFO] Sending command to the server: 'session,2025-02-27_22-30-18,start,ranging'
client 2025-02-27 22:30:43,420 [INFO] Got response: 'OK'
client 2025-02-27 22:30:43,421 [INFO] Sending command to the server: 'time'
client 2025-02-27 22:30:43,432 [INFO] Got response: '1740695443.2371953'
client 2025-02-27 22:30:43,432 [INFO] The time difference between the client and the server is within range 183.887 ms..195.431 ms
client 2025-02-27 22:30:43,432 [INFO] Running the workload ' MLC_MLPERF_RUN_COUNT=$(cat ${MLC_RUN_DIR}/count.txt); echo ${MLC_MLPERF_RUN_COUNT}; MLC_MLPERF_RUN_COUNT=$((MLC_MLPERF_RUN_COUNT+1)); echo ${MLC_MLPERF_RUN_COUNT} > ${MLC_RUN_DIR}/count.txt; if [ ${MLC_MLPERF_RUN_COUNT} -eq 1 ]; then export MLC_MLPERF_USER_CONF="${MLC_MLPERF_RANGING_USER_CONF}"; else export MLC_MLPERF_USER_CONF="${MLC_MLPERF_TESTING_USER_CONF}"; fi ; /home/arjun/MLC/repos/gateoverflow@mlperf-automations/script/run-all-mlperf-models/run.out'
client 2025-02-27 22:35:44,785 [INFO] Sending command to the server: 'time'
client 2025-02-27 22:35:44,801 [INFO] Got response: '1740695744.601514'
client 2025-02-27 22:35:44,801 [INFO] The time difference between the client and the server is within range 184.049 ms..200.404 ms
client 2025-02-27 22:35:44,802 [INFO] Sending command to the server: 'session,2025-02-27_22-30-18,stop,ranging'
client 2025-02-27 22:35:55,849 [INFO] Got response: 'OK'
client 2025-02-27 22:35:55,850 [INFO] Sending command to the server: 'time'
client 2025-02-27 22:35:55,859 [INFO] Got response: '1740695755.6607625'
client 2025-02-27 22:35:55,860 [INFO] The time difference between the client and the server is within range 189.277 ms..199.358 ms
client 2025-02-27 22:35:55,864 [INFO] Copying loadgen logs from '/home/arjun/MLC/repos/local/cache/get-mlperf-inference-results-dir_e3f7a2f6/valid_results/mini-tflite_cpp-cpu-tflite-vmaster-with_live_preprocessing/mobilenet-v2-precision_float-1.0-224/singlestream/performance/run_1' to '/home/arjun/MLC/repos/local/cache/get-mlperf-inference-results-dir_e3f7a2f6/valid_results/mini-tflite_cpp-cpu-tflite-vmaster-with_live_preprocessing/mobilenet-v2-precision_float-1.0-224/singlestream/performance/tmp_power/ranging'
client 2025-02-27 22:35:55,865 [INFO] Running workload in testing mode
client 2025-02-27 22:35:55,865 [INFO] Synchronizing with the server and with time.google.com...
client 2025-02-27 22:35:55,889 [INFO] NTP:offset = -0.002 s, delay = 0.023 s 
client 2025-02-27 22:35:55,889 [INFO] Sending command to the server: 'time'
client 2025-02-27 22:35:55,903 [INFO] Got response: '1740695755.701466'
client 2025-02-27 22:35:55,903 [INFO] The time difference between the client and the server is within range 187.696 ms..202.502 ms
client 2025-02-27 22:35:55,904 [INFO] Sending command to the server: 'session,2025-02-27_22-30-18,start,testing'
client 2025-02-27 22:36:09,161 [INFO] Got response: 'OK'
client 2025-02-27 22:36:09,162 [INFO] Sending command to the server: 'time'
client 2025-02-27 22:36:09,173 [INFO] Got response: '1740695768.973363'
client 2025-02-27 22:36:09,174 [INFO] The time difference between the client and the server is within range 188.769 ms..200.743 ms
client 2025-02-27 22:36:09,174 [INFO] Running the workload ' MLC_MLPERF_RUN_COUNT=$(cat ${MLC_RUN_DIR}/count.txt); echo ${MLC_MLPERF_RUN_COUNT}; MLC_MLPERF_RUN_COUNT=$((MLC_MLPERF_RUN_COUNT+1)); echo ${MLC_MLPERF_RUN_COUNT} > ${MLC_RUN_DIR}/count.txt; if [ ${MLC_MLPERF_RUN_COUNT} -eq 1 ]; then export MLC_MLPERF_USER_CONF="${MLC_MLPERF_RANGING_USER_CONF}"; else export MLC_MLPERF_USER_CONF="${MLC_MLPERF_TESTING_USER_CONF}"; fi ; /home/arjun/MLC/repos/gateoverflow@mlperf-automations/script/run-all-mlperf-models/run.out'
client 2025-02-27 22:46:11,064 [INFO] Sending command to the server: 'time'
client 2025-02-27 22:46:11,082 [INFO] Got response: '1740696370.871163'
client 2025-02-27 22:46:11,082 [INFO] The time difference between the client and the server is within range 193.413 ms..211.235 ms
client 2025-02-27 22:46:11,082 [INFO] Sending command to the server: 'session,2025-02-27_22-30-18,stop,testing'
client 2025-02-27 22:46:22,542 [INFO] Got response: 'OK'
client 2025-02-27 22:46:22,542 [INFO] Sending command to the server: 'time'
client 2025-02-27 22:46:22,555 [INFO] Got response: '1740696382.3443713'
client 2025-02-27 22:46:22,555 [INFO] The time difference between the client and the server is within range 198.217 ms..211.183 ms
client 2025-02-27 22:46:22,556 [INFO] Copying loadgen logs from '/home/arjun/MLC/repos/local/cache/get-mlperf-inference-results-dir_e3f7a2f6/valid_results/mini-tflite_cpp-cpu-tflite-vmaster-with_live_preprocessing/mobilenet-v2-precision_float-1.0-224/singlestream/performance/run_1' to '/home/arjun/MLC/repos/local/cache/get-mlperf-inference-results-dir_e3f7a2f6/valid_results/mini-tflite_cpp-cpu-tflite-vmaster-with_live_preprocessing/mobilenet-v2-precision_float-1.0-224/singlestream/performance/tmp_power/run_1'
client 2025-02-27 22:46:22,556 [INFO] Done runs
