DeepSparse, Copyright 2021-present / Neuralmagic, Inc. version: 1.8.0 COMMUNITY | (e3778e93) (release) (optimized) (system=neon, binary=neon)
2025-02-21 08:21:46 deepsparse.utils.onnx INFO     Generating input 'input_ids', type = int64, shape = [128, 384]
2025-02-21 08:21:46 deepsparse.utils.onnx INFO     Generating input 'attention_mask', type = int64, shape = [128, 384]
2025-02-21 08:21:46 deepsparse.utils.onnx INFO     Generating input 'token_type_ids', type = int64, shape = [128, 384]
================================================
MLPerf Results Summary
================================================
SUT name : PySUT
Scenario : Offline
Mode     : PerformanceOnly
Samples per second: 45.8995
Result is : VALID
  Min duration satisfied : Yes
  Min queries satisfied : Yes
  Early stopping satisfied: Yes

================================================
Additional Stats
================================================
Min latency (ns)                : 2137917792
Max latency (ns)                : 669593212167
Mean latency (ns)               : 269734906645
50.00 percentile latency (ns)   : 237940451667
90.00 percentile latency (ns)   : 564610574542
95.00 percentile latency (ns)   : 617029738125
97.00 percentile latency (ns)   : 634639030208
99.00 percentile latency (ns)   : 656474247042
99.90 percentile latency (ns)   : 665192052208

================================================
Test Parameters Used
================================================
samples_per_query : 30734
target_qps : 46.5673
target_latency (ns): 0
max_async_queries : 1
min_duration (ms): 600000
max_duration (ms): 0
min_query_count : 1
max_query_count : 0
qsl_rng_seed : 6023615788873153749
sample_index_rng_seed : 15036839855038426416
schedule_rng_seed : 9933818062894767841
accuracy_log_rng_seed : 0
accuracy_log_probability : 0
accuracy_log_sampling_target : 0
print_timestamps : 0
performance_issue_unique : 0
performance_issue_same : 0
performance_issue_same_index : 0
performance_sample_count : 10833

No warnings encountered during test.

No errors encountered during test.
Loading ONNX model... /Users/arjunsuresh/.cache/sparsezoo/neuralmagic/mobilebert-squad_wikipedia_bookcorpus-base/model.onnx
Constructing SUT...
Finished constructing SUT.
Constructing QSL...
Loading cached features from 'eval_features.pickle'...
Finished constructing QSL.
Warming up engine...
Running LoadGen test...
Done!
Destroying SUT...
Destroying QSL...
Finished destroying SUT.
Finished destroying QSL.
