Graph file: /home/mlcuser/MLC/repos/local/cache/get-ml-model-mobilenet_7b41a8b1/mobilenet_v1_1.0_160_quant.tflite
Image dir: /home/mlcuser/MLC/repos/local/cache/get-preprocessed-dataset-imagenet_4e92c414
Image list: /home/mlcuser/MLC/repos/local/cache/get-preprocessed-dataset-imagenet_4e92c414/preprocessed_files.txt
Image size: 160
Image channels: 3
Prediction classes: 1000
Result dir: /home/mlcuser/MLC/repos/local/cache/get-mlperf-inference-results-dir_37516274/valid_results/intel_spr_i9_ubuntu20.04-tflite_cpp-cpu-tflite-vmaster-default_config/mobilenet-v1-precision_uint8-1.0-160/singlestream/performance/run_1
How many images fit in memory buffer: 1024
Normalize: 1
Subtract mean: 0
Run time preprocessing: 1
Number of Threads: 32
Number of available imagefiles: 50000

Loading graph...
INFO: Created TensorFlow Lite XNNPACK delegate for CPU.
Input tensor dimensions (NHWC): 1*160*160*3
Output tensor dimensions: 1*1001
Path to user.conf : /home/mlcuser/MLC/repos/gateoverflow@mlperf-automations/script/generate-mlperf-inference-user-conf/tmp/812f3c2075a84c1281258a7f691bb9bb.conf
Model Name: mobilenet
LoadGen Scenario: SingleStream
LoadGen Mode: performance
