Graph file: /home/ubuntu/MLC/repos/local/cache/get-ml-model-mobilenet_a8eca2cd/mobilenet_v1_1.0_192_quant.tflite
Image dir: /home/ubuntu/MLC/repos/local/cache/get-preprocessed-dataset-imagenet_d46719ef
Image list: /home/ubuntu/MLC/repos/local/cache/get-preprocessed-dataset-imagenet_d46719ef/preprocessed_files.txt
Image size: 192
Image channels: 3
Prediction classes: 1000
Result dir: /home/mlcuser/MLC/repos/local/cache/get-mlperf-inference-results-dir_e3f7a2f6/valid_results/e9425ea7bef3-tflite_cpp-cpu-tflite-vmaster-default_config/mobilenet-v1-precision_uint8-1.0-192/singlestream/performance/run_1
How many images fit in memory buffer: 1024
Normalize: 1
Subtract mean: 0
Run time preprocessing: 1
Number of Threads: 6
Number of available imagefiles: 50000

Loading graph...
INFO: Created TensorFlow Lite XNNPACK delegate for CPU.
Input tensor dimensions (NHWC): 1*192*192*3
Output tensor dimensions: 1*1001
Path to user.conf : /home/ubuntu/MLC/repos/mlcommons@mlperf-automations/script/generate-mlperf-inference-user-conf/tmp/a841514dc2f344e28a8b918fd90bd97d.conf
Model Name: mobilenet
LoadGen Scenario: SingleStream
LoadGen Mode: performance
