Graph file: /mnt/arjun/MLC/repos/local/cache/get-ml-model-mobilenet_17acedc2/mobilenet_v1_1.0_160.tflite
Image dir: /mnt/arjun/MLC/repos/local/cache/get-preprocessed-dataset-imagenet_40a5896f
Image list: /mnt/arjun/MLC/repos/local/cache/get-preprocessed-dataset-imagenet_40a5896f/preprocessed_files.txt
Image size: 160
Image channels: 3
Prediction classes: 1000
Result dir: /home/arjun/MLC/repos/local/cache/get-mlperf-inference-results-dir_338d2055/valid_results/arjun_spr-tflite_cpp-cpu-tflite-vmaster-default_config/mobilenet-v1-precision_float-1.0-160/singlestream/performance/run_1
How many images fit in memory buffer: 1024
Normalize: 1
Subtract mean: 0
Run time preprocessing: 0
Number of Threads: 24
Number of available imagefiles: 50000

Loading graph...
INFO: Created TensorFlow Lite XNNPACK delegate for CPU.
Input tensor dimensions (NHWC): 1*160*160*3
Output tensor dimensions: 1*1001
Path to user.conf : /home/arjun/MLC/repos/gateoverflow@mlperf-automations/script/generate-mlperf-inference-user-conf/tmp/5ca689ba5949476f9e5ac4b125d61272.conf
Model Name: mobilenet
LoadGen Scenario: SingleStream
LoadGen Mode: performance
