client 2025-02-28 07:46:46,138 [INFO] Creating output directory '/home/arjun/MLC/repos/local/cache/get-mlperf-inference-results-dir_e3f7a2f6/valid_results/mini-tflite_cpp-cpu-tflite-vmaster-with_live_preprocessing/mobilenet-v2-precision_float-0.5-160/singlestream/performance/tmp_power'
client 2025-02-28 07:46:46,148 [INFO] Sending command to the server: 'mlcommons/power client v3'
client 2025-02-28 07:46:46,159 [INFO] Got response: 'mlcommons/power server v3'
client 2025-02-28 07:46:46,159 [INFO] Synchronizing with the server and with time.google.com...
client 2025-02-28 07:46:46,187 [INFO] NTP:offset = -0.005 s, delay = 0.024 s 
client 2025-02-28 07:46:46,187 [INFO] Sending command to the server: 'time'
client 2025-02-28 07:46:46,203 [INFO] Got response: '1740728806.1804812'
client 2025-02-28 07:46:46,203 [INFO] The time difference between the client and the server is within range 7.407 ms..23.400 ms
client 2025-02-28 07:46:46,204 [INFO] Sending command to the server: 'new,,4f1a23df-7e01-49b5-91b1-22a907e8f96c'
client 2025-02-28 07:46:46,220 [INFO] Got response: 'OK 2025-02-28_07-46-46,abd8df36-e5b8-4468-a64d-215127fa62a6'
client 2025-02-28 07:46:46,220 [INFO] Session id is '2025-02-28_07-46-46'
client 2025-02-28 07:46:46,220 [INFO] Sources: {"sources": {"__init__.py": "da39a3ee5e6b4b0d3255bfef95601890afd80709", "client.py": "33ca4f26368777ac06e01f9567b714a4b8063886", "lib/__init__.py": "da39a3ee5e6b4b0d3255bfef95601890afd80709", "lib/client.py": "ac2aa093c8e8bbc9569b9e2a3471bc64e58a2258", "lib/common.py": "611d8b29633d331eb19c9455ea3b5fa3284ed6df", "lib/external/__init__.py": "da39a3ee5e6b4b0d3255bfef95601890afd80709", "lib/external/ntplib.py": "4da8f970656505a40483206ef2b5d3dd5e81711d", "lib/server.py": "9bc9a3b6b9b716520658ac175913bcbbdb354336", "lib/source_hashes.py": "60a2e02193209e8d392803326208d5466342da18", "lib/summary.py": "602a9fedfa503e5544d27ab3b0067f235047efc3", "lib/time_sync.py": "80894ef2389e540781ff78de94db16aa4203a14e", "server.py": "c3f90f2f7eeb4db30727556d0c815ebc89b3d28b", "tests/unit/__init__.py": "da39a3ee5e6b4b0d3255bfef95601890afd80709", "tests/unit/test_server.py": "948c1995d4008bc2aa6c4046a34ffa3858d6d671", "tests/unit/test_source_hashes.py": "00468a2907583c593e6574a1f6b404e4651c221a"}, "modules": {"ptd_client_server.lib.client": "lib/client.py", "ptd_client_server.lib.common": "lib/common.py", "ptd_client_server.lib.external.ntplib": "lib/external/ntplib.py", "ptd_client_server.lib.source_hashes": "lib/source_hashes.py", "ptd_client_server.lib.summary": "lib/summary.py", "ptd_client_server.lib.time_sync": "lib/time_sync.py"}}
client 2025-02-28 07:46:46,221 [INFO] Running workload in ranging mode
client 2025-02-28 07:46:46,221 [INFO] Synchronizing with the server and with time.google.com...
client 2025-02-28 07:46:46,245 [INFO] NTP:offset = -0.006 s, delay = 0.023 s 
client 2025-02-28 07:46:46,245 [INFO] Sending command to the server: 'time'
client 2025-02-28 07:46:46,257 [INFO] Got response: '1740728806.2347212'
client 2025-02-28 07:46:46,257 [INFO] The time difference between the client and the server is within range 11.036 ms..22.910 ms
client 2025-02-28 07:46:46,257 [INFO] Sending command to the server: 'session,2025-02-28_07-46-46,start,ranging'
client 2025-02-28 07:47:11,273 [INFO] Got response: 'OK'
client 2025-02-28 07:47:11,273 [INFO] Sending command to the server: 'time'
client 2025-02-28 07:47:11,292 [INFO] Got response: '1740728831.26576'
client 2025-02-28 07:47:11,292 [INFO] The time difference between the client and the server is within range 8.022 ms..27.041 ms
client 2025-02-28 07:47:11,292 [INFO] Running the workload ' MLC_MLPERF_RUN_COUNT=$(cat ${MLC_RUN_DIR}/count.txt); echo ${MLC_MLPERF_RUN_COUNT}; MLC_MLPERF_RUN_COUNT=$((MLC_MLPERF_RUN_COUNT+1)); echo ${MLC_MLPERF_RUN_COUNT} > ${MLC_RUN_DIR}/count.txt; if [ ${MLC_MLPERF_RUN_COUNT} -eq 1 ]; then export MLC_MLPERF_USER_CONF="${MLC_MLPERF_RANGING_USER_CONF}"; else export MLC_MLPERF_USER_CONF="${MLC_MLPERF_TESTING_USER_CONF}"; fi ; /home/arjun/MLC/repos/gateoverflow@mlperf-automations/script/run-all-mlperf-models/run.out'
client 2025-02-28 07:52:12,200 [INFO] Sending command to the server: 'time'
client 2025-02-28 07:52:12,215 [INFO] Got response: '1740729132.1892412'
client 2025-02-28 07:52:12,215 [INFO] The time difference between the client and the server is within range 11.676 ms..26.582 ms
client 2025-02-28 07:52:12,215 [INFO] Sending command to the server: 'session,2025-02-28_07-46-46,stop,ranging'
client 2025-02-28 07:52:23,904 [INFO] Got response: 'OK'
client 2025-02-28 07:52:23,905 [INFO] Sending command to the server: 'time'
client 2025-02-28 07:52:23,915 [INFO] Got response: '1740729143.889733'
client 2025-02-28 07:52:23,916 [INFO] The time difference between the client and the server is within range 15.415 ms..26.367 ms
client 2025-02-28 07:52:23,920 [INFO] Copying loadgen logs from '/home/arjun/MLC/repos/local/cache/get-mlperf-inference-results-dir_e3f7a2f6/valid_results/mini-tflite_cpp-cpu-tflite-vmaster-with_live_preprocessing/mobilenet-v2-precision_float-0.5-160/singlestream/performance/run_1' to '/home/arjun/MLC/repos/local/cache/get-mlperf-inference-results-dir_e3f7a2f6/valid_results/mini-tflite_cpp-cpu-tflite-vmaster-with_live_preprocessing/mobilenet-v2-precision_float-0.5-160/singlestream/performance/tmp_power/ranging'
client 2025-02-28 07:52:23,920 [INFO] Running workload in testing mode
client 2025-02-28 07:52:23,920 [INFO] Synchronizing with the server and with time.google.com...
client 2025-02-28 07:52:23,944 [INFO] NTP:offset = -0.005 s, delay = 0.023 s 
client 2025-02-28 07:52:23,945 [INFO] Sending command to the server: 'time'
client 2025-02-28 07:52:23,959 [INFO] Got response: '1740729143.93227'
client 2025-02-28 07:52:23,959 [INFO] The time difference between the client and the server is within range 12.776 ms..27.131 ms
client 2025-02-28 07:52:23,959 [INFO] Sending command to the server: 'session,2025-02-28_07-46-46,start,testing'
client 2025-02-28 07:52:37,117 [INFO] Got response: 'OK'
client 2025-02-28 07:52:37,117 [INFO] Sending command to the server: 'time'
client 2025-02-28 07:52:37,128 [INFO] Got response: '1740729157.1021326'
client 2025-02-28 07:52:37,128 [INFO] The time difference between the client and the server is within range 15.692 ms..26.791 ms
client 2025-02-28 07:52:37,129 [INFO] Running the workload ' MLC_MLPERF_RUN_COUNT=$(cat ${MLC_RUN_DIR}/count.txt); echo ${MLC_MLPERF_RUN_COUNT}; MLC_MLPERF_RUN_COUNT=$((MLC_MLPERF_RUN_COUNT+1)); echo ${MLC_MLPERF_RUN_COUNT} > ${MLC_RUN_DIR}/count.txt; if [ ${MLC_MLPERF_RUN_COUNT} -eq 1 ]; then export MLC_MLPERF_USER_CONF="${MLC_MLPERF_RANGING_USER_CONF}"; else export MLC_MLPERF_USER_CONF="${MLC_MLPERF_TESTING_USER_CONF}"; fi ; /home/arjun/MLC/repos/gateoverflow@mlperf-automations/script/run-all-mlperf-models/run.out'
client 2025-02-28 08:02:38,478 [INFO] Sending command to the server: 'time'
client 2025-02-28 08:02:38,492 [INFO] Got response: '1740729758.4574494'
client 2025-02-28 08:02:38,492 [INFO] The time difference between the client and the server is within range 20.622 ms..35.305 ms
client 2025-02-28 08:02:38,492 [INFO] Sending command to the server: 'session,2025-02-28_07-46-46,stop,testing'
client 2025-02-28 08:02:49,676 [INFO] Got response: 'OK'
client 2025-02-28 08:02:49,676 [INFO] Sending command to the server: 'time'
client 2025-02-28 08:02:49,695 [INFO] Got response: '1740729769.655203'
client 2025-02-28 08:02:49,695 [INFO] The time difference between the client and the server is within range 21.641 ms..40.313 ms
client 2025-02-28 08:02:49,696 [INFO] Copying loadgen logs from '/home/arjun/MLC/repos/local/cache/get-mlperf-inference-results-dir_e3f7a2f6/valid_results/mini-tflite_cpp-cpu-tflite-vmaster-with_live_preprocessing/mobilenet-v2-precision_float-0.5-160/singlestream/performance/run_1' to '/home/arjun/MLC/repos/local/cache/get-mlperf-inference-results-dir_e3f7a2f6/valid_results/mini-tflite_cpp-cpu-tflite-vmaster-with_live_preprocessing/mobilenet-v2-precision_float-0.5-160/singlestream/performance/tmp_power/run_1'
client 2025-02-28 08:02:49,696 [INFO] Done runs
