Graph file: /home/ubuntu/MLC/repos/local/cache/get-ml-model-mobilenet_04f47967/mobilenet_v2_1.0_160.tflite
Image dir: /home/ubuntu/MLC/repos/local/cache/get-preprocessed-dataset-imagenet_33060a33
Image list: /home/ubuntu/MLC/repos/local/cache/get-preprocessed-dataset-imagenet_33060a33/preprocessed_files.txt
Image size: 160
Image channels: 3
Prediction classes: 1000
Result dir: /home/ubuntu/MLC/repos/local/cache/get-mlperf-inference-results-dir_fcc76f3a/valid_results/i_0533a5946176cef45-tflite_cpp-cpu-tflite-vmaster-default_config/mobilenet-v2-precision_float-1.0-160/singlestream/accuracy
How many images fit in memory buffer: 1024
Normalize: 1
Subtract mean: 0
Run time preprocessing: 0
Number of Threads: 2
Number of available imagefiles: 50000

Loading graph...
INFO: Created TensorFlow Lite XNNPACK delegate for CPU.
Input tensor dimensions (NHWC): 1*160*160*3
Output tensor dimensions: 1*1001
Path to user.conf : /home/ubuntu/MLC/repos/gateoverflow@mlperf-automations/script/generate-mlperf-inference-user-conf/tmp/11980f3f1ac9406084e7b39d72b331f8.conf
Model Name: mobilenet
LoadGen Scenario: SingleStream
LoadGen Mode: accuracy
