Graph file: /home/arjun/MLC/repos/local/cache/get-ml-model-efficientnet-lite_b0dd308c/efficientnet-lite1/efficientnet-lite1-fp32.tflite
Image dir: /home/arjun/MLC/repos/local/cache/get-preprocessed-dataset-imagenet_bbdb5aff
Image list: /home/arjun/MLC/repos/local/cache/get-preprocessed-dataset-imagenet_bbdb5aff/preprocessed_files.txt
Image size: 240
Image channels: 3
Prediction classes: 1000
Result dir: /home/arjun/MLC/repos/local/cache/get-mlperf-inference-results-dir_37516274/valid_results/intel_spr_i9-tflite_cpp-cpu-tflite-vmaster-default_config/efficientnet-fp32-lite1/singlestream/accuracy
How many images fit in memory buffer: 1024
Normalize: 1
Subtract mean: 0
Run time preprocessing: 0
Number of Threads: 16
Number of available imagefiles: 50000

Loading graph...
INFO: Created TensorFlow Lite XNNPACK delegate for CPU.
Input tensor dimensions (NHWC): 1*240*240*3
Output tensor dimensions: 1*1000
Path to user.conf : /home/arjun/MLC/repos/gateoverflow@mlperf-automations/script/generate-mlperf-inference-user-conf/tmp/643bfefb7fb64ca799803315a1c475a6.conf
Model Name: efficientnet
LoadGen Scenario: SingleStream
LoadGen Mode: accuracy
