Graph file: /home/arjun/MLC/repos/local/cache/get-ml-model-efficientnet-lite_02caccfc/efficientnet-lite1/efficientnet-lite1-fp32.tflite
Image dir: /home/arjun/MLC/repos/local/cache/get-preprocessed-dataset-imagenet_60416481
Image list: /home/arjun/MLC/repos/local/cache/get-preprocessed-dataset-imagenet_60416481/preprocessed_files.txt
Image size: 240
Image channels: 3
Prediction classes: 1000
Result dir: /home/arjun/MLC/repos/local/cache/get-mlperf-inference-results-dir_efb60c2c/valid_results/phoenix_Amd_Am5-tflite_cpp-cpu-tflite-vmaster-default_config/efficientnet-fp32-lite1/singlestream/performance/run_1
How many images fit in memory buffer: 1024
Normalize: 1
Subtract mean: 0
Run time preprocessing: 0
Number of Threads: 16
Number of available imagefiles: 50000

Loading graph...
INFO: Created TensorFlow Lite XNNPACK delegate for CPU.
Input tensor dimensions (NHWC): 1*240*240*3
Output tensor dimensions: 1*1000
Path to user.conf : /home/arjun/MLC/repos/gateoverflow@mlperf-automations/script/generate-mlperf-inference-user-conf/tmp/b94905ef3dd541e2afe597d90c7e4f87.conf
Model Name: efficientnet
LoadGen Scenario: SingleStream
LoadGen Mode: performance
