client 2025-02-26 16:45:36,230 [INFO] Creating output directory '/home/arjun/MLC/repos/local/cache/get-mlperf-inference-results-dir_e3f7a2f6/valid_results/mini-tflite_cpp-cpu-tflite-vmaster-default_config/mobilenet-v1-precision_float-0.5-128/singlestream/performance/tmp_power'
client 2025-02-26 16:45:36,239 [INFO] Sending command to the server: 'mlcommons/power client v3'
client 2025-02-26 16:45:36,250 [INFO] Got response: 'mlcommons/power server v3'
client 2025-02-26 16:45:36,250 [INFO] Synchronizing with the server and with time.google.com...
client 2025-02-26 16:45:36,274 [INFO] NTP:offset = -0.003 s, delay = 0.020 s 
client 2025-02-26 16:45:36,274 [INFO] Sending command to the server: 'time'
client 2025-02-26 16:45:36,286 [INFO] Got response: '1740588336.1485422'
client 2025-02-26 16:45:36,286 [INFO] The time difference between the client and the server is within range 125.928 ms..138.127 ms
client 2025-02-26 16:45:36,286 [INFO] Sending command to the server: 'new,,eb05aa98-0e7e-4a74-bc88-e6b24ade8e7d'
client 2025-02-26 16:45:36,303 [INFO] Got response: 'OK 2025-02-26_16-45-36,620f5181-5d84-4cd7-804b-3eba100838a3'
client 2025-02-26 16:45:36,303 [INFO] Session id is '2025-02-26_16-45-36'
client 2025-02-26 16:45:36,304 [INFO] Sources: {"sources": {"__init__.py": "da39a3ee5e6b4b0d3255bfef95601890afd80709", "client.py": "33ca4f26368777ac06e01f9567b714a4b8063886", "lib/__init__.py": "da39a3ee5e6b4b0d3255bfef95601890afd80709", "lib/client.py": "ac2aa093c8e8bbc9569b9e2a3471bc64e58a2258", "lib/common.py": "611d8b29633d331eb19c9455ea3b5fa3284ed6df", "lib/external/__init__.py": "da39a3ee5e6b4b0d3255bfef95601890afd80709", "lib/external/ntplib.py": "4da8f970656505a40483206ef2b5d3dd5e81711d", "lib/server.py": "9bc9a3b6b9b716520658ac175913bcbbdb354336", "lib/source_hashes.py": "60a2e02193209e8d392803326208d5466342da18", "lib/summary.py": "602a9fedfa503e5544d27ab3b0067f235047efc3", "lib/time_sync.py": "80894ef2389e540781ff78de94db16aa4203a14e", "server.py": "c3f90f2f7eeb4db30727556d0c815ebc89b3d28b", "tests/unit/__init__.py": "da39a3ee5e6b4b0d3255bfef95601890afd80709", "tests/unit/test_server.py": "948c1995d4008bc2aa6c4046a34ffa3858d6d671", "tests/unit/test_source_hashes.py": "00468a2907583c593e6574a1f6b404e4651c221a"}, "modules": {"ptd_client_server.lib.client": "lib/client.py", "ptd_client_server.lib.common": "lib/common.py", "ptd_client_server.lib.external.ntplib": "lib/external/ntplib.py", "ptd_client_server.lib.source_hashes": "lib/source_hashes.py", "ptd_client_server.lib.summary": "lib/summary.py", "ptd_client_server.lib.time_sync": "lib/time_sync.py"}}
client 2025-02-26 16:45:36,304 [INFO] Running workload in ranging mode
client 2025-02-26 16:45:36,304 [INFO] Synchronizing with the server and with time.google.com...
client 2025-02-26 16:45:36,324 [INFO] NTP:offset = -0.003 s, delay = 0.019 s 
client 2025-02-26 16:45:36,324 [INFO] Sending command to the server: 'time'
client 2025-02-26 16:45:36,338 [INFO] Got response: '1740588336.199498'
client 2025-02-26 16:45:36,338 [INFO] The time difference between the client and the server is within range 125.295 ms..138.714 ms
client 2025-02-26 16:45:36,338 [INFO] Sending command to the server: 'session,2025-02-26_16-45-36,start,ranging'
client 2025-02-26 16:46:00,936 [INFO] Got response: 'OK'
client 2025-02-26 16:46:00,936 [INFO] Sending command to the server: 'time'
client 2025-02-26 16:46:00,945 [INFO] Got response: '1740588360.8092892'
client 2025-02-26 16:46:00,945 [INFO] The time difference between the client and the server is within range 127.372 ms..136.545 ms
client 2025-02-26 16:46:00,945 [INFO] Running the workload ' MLC_MLPERF_RUN_COUNT=$(cat ${MLC_RUN_DIR}/count.txt); echo ${MLC_MLPERF_RUN_COUNT}; MLC_MLPERF_RUN_COUNT=$((MLC_MLPERF_RUN_COUNT+1)); echo ${MLC_MLPERF_RUN_COUNT} > ${MLC_RUN_DIR}/count.txt; if [ ${MLC_MLPERF_RUN_COUNT} -eq 1 ]; then export MLC_MLPERF_USER_CONF="${MLC_MLPERF_RANGING_USER_CONF}"; else export MLC_MLPERF_USER_CONF="${MLC_MLPERF_TESTING_USER_CONF}"; fi ; /home/arjun/MLC/repos/gateoverflow@mlperf-automations/script/run-all-mlperf-models/run.out'
client 2025-02-26 16:51:02,383 [INFO] Sending command to the server: 'time'
client 2025-02-26 16:51:02,402 [INFO] Got response: '1740588662.2620697'
client 2025-02-26 16:51:02,403 [INFO] The time difference between the client and the server is within range 121.193 ms..141.065 ms
client 2025-02-26 16:51:02,403 [INFO] Sending command to the server: 'session,2025-02-26_16-45-36,stop,ranging'
client 2025-02-26 16:51:13,320 [INFO] Got response: 'OK'
client 2025-02-26 16:51:13,320 [INFO] Sending command to the server: 'time'
client 2025-02-26 16:51:13,334 [INFO] Got response: '1740588673.1955626'
client 2025-02-26 16:51:13,334 [INFO] The time difference between the client and the server is within range 124.823 ms..139.202 ms
client 2025-02-26 16:51:13,339 [INFO] Copying loadgen logs from '/home/arjun/MLC/repos/local/cache/get-mlperf-inference-results-dir_e3f7a2f6/valid_results/mini-tflite_cpp-cpu-tflite-vmaster-default_config/mobilenet-v1-precision_float-0.5-128/singlestream/performance/run_1' to '/home/arjun/MLC/repos/local/cache/get-mlperf-inference-results-dir_e3f7a2f6/valid_results/mini-tflite_cpp-cpu-tflite-vmaster-default_config/mobilenet-v1-precision_float-0.5-128/singlestream/performance/tmp_power/ranging'
client 2025-02-26 16:51:13,339 [INFO] Running workload in testing mode
client 2025-02-26 16:51:13,339 [INFO] Synchronizing with the server and with time.google.com...
client 2025-02-26 16:51:13,359 [INFO] NTP:offset = -0.004 s, delay = 0.019 s 
client 2025-02-26 16:51:13,359 [INFO] Sending command to the server: 'time'
client 2025-02-26 16:51:13,374 [INFO] Got response: '1740588673.234452'
client 2025-02-26 16:51:13,374 [INFO] The time difference between the client and the server is within range 125.290 ms..140.144 ms
client 2025-02-26 16:51:13,374 [INFO] Sending command to the server: 'session,2025-02-26_16-45-36,start,testing'
client 2025-02-26 16:51:26,630 [INFO] Got response: 'OK'
client 2025-02-26 16:51:26,630 [INFO] Sending command to the server: 'time'
client 2025-02-26 16:51:26,642 [INFO] Got response: '1740588686.506048'
client 2025-02-26 16:51:26,642 [INFO] The time difference between the client and the server is within range 124.929 ms..136.485 ms
client 2025-02-26 16:51:26,642 [INFO] Running the workload ' MLC_MLPERF_RUN_COUNT=$(cat ${MLC_RUN_DIR}/count.txt); echo ${MLC_MLPERF_RUN_COUNT}; MLC_MLPERF_RUN_COUNT=$((MLC_MLPERF_RUN_COUNT+1)); echo ${MLC_MLPERF_RUN_COUNT} > ${MLC_RUN_DIR}/count.txt; if [ ${MLC_MLPERF_RUN_COUNT} -eq 1 ]; then export MLC_MLPERF_USER_CONF="${MLC_MLPERF_RANGING_USER_CONF}"; else export MLC_MLPERF_USER_CONF="${MLC_MLPERF_TESTING_USER_CONF}"; fi ; /home/arjun/MLC/repos/gateoverflow@mlperf-automations/script/run-all-mlperf-models/run.out'
client 2025-02-26 17:01:28,836 [INFO] Sending command to the server: 'time'
client 2025-02-26 17:01:28,853 [INFO] Got response: '1740589288.7137208'
client 2025-02-26 17:01:28,854 [INFO] The time difference between the client and the server is within range 122.924 ms..140.393 ms
client 2025-02-26 17:01:28,854 [INFO] Sending command to the server: 'session,2025-02-26_16-45-36,stop,testing'
client 2025-02-26 17:01:39,920 [INFO] Got response: 'OK'
client 2025-02-26 17:01:39,920 [INFO] Sending command to the server: 'time'
client 2025-02-26 17:01:39,936 [INFO] Got response: '1740589299.796188'
client 2025-02-26 17:01:39,937 [INFO] The time difference between the client and the server is within range 124.387 ms..140.887 ms
client 2025-02-26 17:01:39,938 [INFO] Copying loadgen logs from '/home/arjun/MLC/repos/local/cache/get-mlperf-inference-results-dir_e3f7a2f6/valid_results/mini-tflite_cpp-cpu-tflite-vmaster-default_config/mobilenet-v1-precision_float-0.5-128/singlestream/performance/run_1' to '/home/arjun/MLC/repos/local/cache/get-mlperf-inference-results-dir_e3f7a2f6/valid_results/mini-tflite_cpp-cpu-tflite-vmaster-default_config/mobilenet-v1-precision_float-0.5-128/singlestream/performance/tmp_power/run_1'
client 2025-02-26 17:01:39,938 [INFO] Done runs
