client 2025-02-27 17:24:54,355 [INFO] Creating output directory '/home/arjun/MLC/repos/local/cache/get-mlperf-inference-results-dir_e3f7a2f6/valid_results/mini-tflite_cpp-cpu-tflite-vmaster-with_live_preprocessing/mobilenet-v1-precision_float-1.0-160/singlestream/performance/tmp_power'
client 2025-02-27 17:24:54,371 [INFO] Sending command to the server: 'mlcommons/power client v3'
client 2025-02-27 17:24:54,381 [INFO] Got response: 'mlcommons/power server v3'
client 2025-02-27 17:24:54,381 [INFO] Synchronizing with the server and with time.google.com...
client 2025-02-27 17:24:54,406 [INFO] NTP:offset = -0.008 s, delay = 0.020 s 
client 2025-02-27 17:24:54,406 [INFO] Sending command to the server: 'time'
client 2025-02-27 17:24:54,416 [INFO] Got response: '1740677094.3774953'
client 2025-02-27 17:24:54,416 [INFO] The time difference between the client and the server is within range 28.754 ms..39.248 ms
client 2025-02-27 17:24:54,416 [INFO] Sending command to the server: 'new,,8008fdb3-8309-4346-8ff7-9696273d4cf1'
client 2025-02-27 17:24:54,439 [INFO] Got response: 'OK 2025-02-27_17-24-54,cdc21057-71ec-4543-9f29-ea2d20c27676'
client 2025-02-27 17:24:54,439 [INFO] Session id is '2025-02-27_17-24-54'
client 2025-02-27 17:24:54,440 [INFO] Sources: {"sources": {"__init__.py": "da39a3ee5e6b4b0d3255bfef95601890afd80709", "client.py": "33ca4f26368777ac06e01f9567b714a4b8063886", "lib/__init__.py": "da39a3ee5e6b4b0d3255bfef95601890afd80709", "lib/client.py": "ac2aa093c8e8bbc9569b9e2a3471bc64e58a2258", "lib/common.py": "611d8b29633d331eb19c9455ea3b5fa3284ed6df", "lib/external/__init__.py": "da39a3ee5e6b4b0d3255bfef95601890afd80709", "lib/external/ntplib.py": "4da8f970656505a40483206ef2b5d3dd5e81711d", "lib/server.py": "9bc9a3b6b9b716520658ac175913bcbbdb354336", "lib/source_hashes.py": "60a2e02193209e8d392803326208d5466342da18", "lib/summary.py": "602a9fedfa503e5544d27ab3b0067f235047efc3", "lib/time_sync.py": "80894ef2389e540781ff78de94db16aa4203a14e", "server.py": "c3f90f2f7eeb4db30727556d0c815ebc89b3d28b", "tests/unit/__init__.py": "da39a3ee5e6b4b0d3255bfef95601890afd80709", "tests/unit/test_server.py": "948c1995d4008bc2aa6c4046a34ffa3858d6d671", "tests/unit/test_source_hashes.py": "00468a2907583c593e6574a1f6b404e4651c221a"}, "modules": {"ptd_client_server.lib.client": "lib/client.py", "ptd_client_server.lib.common": "lib/common.py", "ptd_client_server.lib.external.ntplib": "lib/external/ntplib.py", "ptd_client_server.lib.source_hashes": "lib/source_hashes.py", "ptd_client_server.lib.summary": "lib/summary.py", "ptd_client_server.lib.time_sync": "lib/time_sync.py"}}
client 2025-02-27 17:24:54,440 [INFO] Running workload in ranging mode
client 2025-02-27 17:24:54,440 [INFO] Synchronizing with the server and with time.google.com...
client 2025-02-27 17:24:54,462 [INFO] NTP:offset = -0.008 s, delay = 0.020 s 
client 2025-02-27 17:24:54,462 [INFO] Sending command to the server: 'time'
client 2025-02-27 17:24:54,474 [INFO] Got response: '1740677094.4335084'
client 2025-02-27 17:24:54,475 [INFO] The time difference between the client and the server is within range 29.281 ms..41.473 ms
client 2025-02-27 17:24:54,475 [INFO] Sending command to the server: 'session,2025-02-27_17-24-54,start,ranging'
client 2025-02-27 17:25:19,357 [INFO] Got response: 'OK'
client 2025-02-27 17:25:19,357 [INFO] Sending command to the server: 'time'
client 2025-02-27 17:25:19,369 [INFO] Got response: '1740677119.3275523'
client 2025-02-27 17:25:19,370 [INFO] The time difference between the client and the server is within range 30.287 ms..42.541 ms
client 2025-02-27 17:25:19,370 [INFO] Running the workload ' MLC_MLPERF_RUN_COUNT=$(cat ${MLC_RUN_DIR}/count.txt); echo ${MLC_MLPERF_RUN_COUNT}; MLC_MLPERF_RUN_COUNT=$((MLC_MLPERF_RUN_COUNT+1)); echo ${MLC_MLPERF_RUN_COUNT} > ${MLC_RUN_DIR}/count.txt; if [ ${MLC_MLPERF_RUN_COUNT} -eq 1 ]; then export MLC_MLPERF_USER_CONF="${MLC_MLPERF_RANGING_USER_CONF}"; else export MLC_MLPERF_USER_CONF="${MLC_MLPERF_TESTING_USER_CONF}"; fi ; /home/arjun/MLC/repos/gateoverflow@mlperf-automations/script/run-all-mlperf-models/run.out'
client 2025-02-27 17:30:20,595 [INFO] Sending command to the server: 'time'
client 2025-02-27 17:30:20,610 [INFO] Got response: '1740677420.5617495'
client 2025-02-27 17:30:20,610 [INFO] The time difference between the client and the server is within range 33.880 ms..48.851 ms
client 2025-02-27 17:30:20,610 [INFO] Sending command to the server: 'session,2025-02-27_17-24-54,stop,ranging'
client 2025-02-27 17:30:32,293 [INFO] Got response: 'OK'
client 2025-02-27 17:30:32,293 [INFO] Sending command to the server: 'time'
client 2025-02-27 17:30:32,308 [INFO] Got response: '1740677432.258806'
client 2025-02-27 17:30:32,308 [INFO] The time difference between the client and the server is within range 34.658 ms..49.389 ms
client 2025-02-27 17:30:32,312 [INFO] Copying loadgen logs from '/home/arjun/MLC/repos/local/cache/get-mlperf-inference-results-dir_e3f7a2f6/valid_results/mini-tflite_cpp-cpu-tflite-vmaster-with_live_preprocessing/mobilenet-v1-precision_float-1.0-160/singlestream/performance/run_1' to '/home/arjun/MLC/repos/local/cache/get-mlperf-inference-results-dir_e3f7a2f6/valid_results/mini-tflite_cpp-cpu-tflite-vmaster-with_live_preprocessing/mobilenet-v1-precision_float-1.0-160/singlestream/performance/tmp_power/ranging'
client 2025-02-27 17:30:32,312 [INFO] Running workload in testing mode
client 2025-02-27 17:30:32,312 [INFO] Synchronizing with the server and with time.google.com...
client 2025-02-27 17:30:32,332 [INFO] NTP:offset = -0.011 s, delay = 0.018 s 
client 2025-02-27 17:30:32,332 [INFO] Sending command to the server: 'time'
client 2025-02-27 17:30:32,347 [INFO] Got response: '1740677432.2968402'
client 2025-02-27 17:30:32,348 [INFO] The time difference between the client and the server is within range 35.895 ms..51.194 ms
client 2025-02-27 17:30:32,348 [INFO] Sending command to the server: 'session,2025-02-27_17-24-54,start,testing'
client 2025-02-27 17:30:45,609 [INFO] Got response: 'OK'
client 2025-02-27 17:30:45,609 [INFO] Sending command to the server: 'time'
client 2025-02-27 17:30:45,619 [INFO] Got response: '1740677445.5716085'
client 2025-02-27 17:30:45,619 [INFO] The time difference between the client and the server is within range 37.873 ms..48.079 ms
client 2025-02-27 17:30:45,619 [INFO] Running the workload ' MLC_MLPERF_RUN_COUNT=$(cat ${MLC_RUN_DIR}/count.txt); echo ${MLC_MLPERF_RUN_COUNT}; MLC_MLPERF_RUN_COUNT=$((MLC_MLPERF_RUN_COUNT+1)); echo ${MLC_MLPERF_RUN_COUNT} > ${MLC_RUN_DIR}/count.txt; if [ ${MLC_MLPERF_RUN_COUNT} -eq 1 ]; then export MLC_MLPERF_USER_CONF="${MLC_MLPERF_RANGING_USER_CONF}"; else export MLC_MLPERF_USER_CONF="${MLC_MLPERF_TESTING_USER_CONF}"; fi ; /home/arjun/MLC/repos/gateoverflow@mlperf-automations/script/run-all-mlperf-models/run.out'
client 2025-02-27 17:40:47,499 [INFO] Sending command to the server: 'time'
client 2025-02-27 17:40:47,512 [INFO] Got response: '1740678047.4552143'
client 2025-02-27 17:40:47,512 [INFO] The time difference between the client and the server is within range 43.962 ms..57.272 ms
client 2025-02-27 17:40:47,512 [INFO] Sending command to the server: 'session,2025-02-27_17-24-54,stop,testing'
client 2025-02-27 17:40:58,774 [INFO] Got response: 'OK'
client 2025-02-27 17:40:58,774 [INFO] Sending command to the server: 'time'
client 2025-02-27 17:40:58,792 [INFO] Got response: '1740678058.7349608'
client 2025-02-27 17:40:58,792 [INFO] The time difference between the client and the server is within range 39.667 ms..57.590 ms
client 2025-02-27 17:40:58,793 [INFO] Copying loadgen logs from '/home/arjun/MLC/repos/local/cache/get-mlperf-inference-results-dir_e3f7a2f6/valid_results/mini-tflite_cpp-cpu-tflite-vmaster-with_live_preprocessing/mobilenet-v1-precision_float-1.0-160/singlestream/performance/run_1' to '/home/arjun/MLC/repos/local/cache/get-mlperf-inference-results-dir_e3f7a2f6/valid_results/mini-tflite_cpp-cpu-tflite-vmaster-with_live_preprocessing/mobilenet-v1-precision_float-1.0-160/singlestream/performance/tmp_power/run_1'
client 2025-02-27 17:40:58,794 [INFO] Done runs
