Graph file: /home/arjun/MLC/repos/local/cache/get-ml-model-mobilenet_459ead37/mobilenet_v2_1.0_224.tflite
Image dir: /home/arjun/MLC/repos/local/cache/get-preprocessed-dataset-imagenet_cf725ec7
Image list: /home/arjun/MLC/repos/local/cache/get-preprocessed-dataset-imagenet_cf725ec7/preprocessed_files.txt
Image size: 224
Image channels: 3
Prediction classes: 1000
Result dir: /home/arjun/MLC/repos/local/cache/get-mlperf-inference-results-dir_37516274/valid_results/intel_spr_i9-tflite_cpp-cpu-tflite-vmaster-default_config/mobilenet-v2-precision_float-1.0-224/singlestream/performance/run_1
How many images fit in memory buffer: 1024
Normalize: 1
Subtract mean: 0
Run time preprocessing: 0
Number of Threads: 16
Number of available imagefiles: 50000

Loading graph...
INFO: Created TensorFlow Lite XNNPACK delegate for CPU.
Input tensor dimensions (NHWC): 1*224*224*3
Output tensor dimensions: 1*1001
Path to user.conf : /home/arjun/MLC/repos/gateoverflow@mlperf-automations/script/generate-mlperf-inference-user-conf/tmp/ab86e99473ee41a2bb54c8a2a63bb643.conf
Model Name: mobilenet
LoadGen Scenario: SingleStream
LoadGen Mode: performance
