[2025-02-13 12:48:02,508 main.py:229 INFO] Detected system ID: KnownSystem.da3bf6f74479
[2025-02-13 12:48:02,569 harness.py:249 INFO] The harness will load 2 plugins: ['build/plugins/NMSOptPlugin/libnmsoptplugin.so', 'build/plugins/retinanetConcatPlugin/libretinanetconcatplugin.so']
[2025-02-13 12:48:02,569 generate_conf_files.py:107 INFO] Generated measurements/ entries for da3bf6f74479_TRT/retinanet/SingleStream
[2025-02-13 12:48:02,569 __init__.py:46 INFO] Running command: ./build/bin/harness_default --plugins="build/plugins/NMSOptPlugin/libnmsoptplugin.so,build/plugins/retinanetConcatPlugin/libretinanetconcatplugin.so" --logfile_outdir="/mlc-mount/home/arjun/gh_action_results/valid_results/RTX4090x1-nvidia_original-gpu-tensorrt-vdefault-default_config/retinanet/singlestream/performance/run_1" --logfile_prefix="mlperf_log_" --performance_sample_count=64 --test_mode="PerformanceOnly" --gpu_copy_streams=1 --gpu_inference_streams=1 --use_deque_limit=true --gpu_batch_size=1 --map_path="data_maps/open-images-v6-mlperf/val_map.txt" --mlperf_conf_path="/home/mlcuser/MLC/repos/local/cache/get-git-repo_087a5579/inference/mlperf.conf" --tensor_path="build/preprocessed_data/open-images-v6-mlperf/validation/Retinanet/int8_linear" --use_graphs=false --user_conf_path="/home/mlcuser/MLC/repos/mlcommons@mlperf-automations/script/generate-mlperf-inference-user-conf/tmp/b78b413ef90848558c32db7cf4a44d6c.conf" --gpu_engines="./build/engines/da3bf6f74479/retinanet/SingleStream/retinanet-SingleStream-gpu-b1-int8.lwis_k_99_MaxP.plan" --max_dlas=0 --scenario SingleStream --model retinanet --response_postprocess openimageeffnms
[2025-02-13 12:48:02,569 __init__.py:53 INFO] Overriding Environment
benchmark : Benchmark.Retinanet
buffer_manager_thread_count : 0
data_dir : /home/mlcuser/MLC/repos/local/cache/get-mlperf-inference-nvidia-scratch-space_f962b684/data
disable_beta1_smallk : True
gpu_batch_size : 1
gpu_copy_streams : 1
gpu_inference_streams : 1
input_dtype : int8
input_format : linear
log_dir : /home/mlcuser/MLC/repos/local/cache/get-git-repo_4ae45fcd/repo/closed/NVIDIA/build/logs/2025.02.13-12.48.01
map_path : data_maps/open-images-v6-mlperf/val_map.txt
mlperf_conf_path : /home/mlcuser/MLC/repos/local/cache/get-git-repo_087a5579/inference/mlperf.conf
precision : int8
preprocessed_data_dir : /home/mlcuser/MLC/repos/local/cache/get-mlperf-inference-nvidia-scratch-space_f962b684/preprocessed_data
scenario : Scenario.SingleStream
single_stream_expected_latency_ns : 0
system : SystemConfiguration(host_cpu_conf=CPUConfiguration(layout={CPU(name='13th Gen Intel(R) Core(TM) i9-13900K', architecture=<CPUArchitecture.x86_64: AliasedName(name='x86_64', aliases=(), patterns=())>, core_count=24, threads_per_core=1): 1}), host_mem_conf=MemoryConfiguration(host_memory_capacity=Memory(quantity=131.63445199999998, byte_suffix=<ByteSuffix.GB: (1000, 3)>, _num_bytes=131634452000), comparison_tolerance=0.05), accelerator_conf=AcceleratorConfiguration(layout=defaultdict(<class 'int'>, {GPU(name='NVIDIA GeForce RTX 4090', accelerator_type=<AcceleratorType.Discrete: AliasedName(name='Discrete', aliases=(), patterns=())>, vram=Memory(quantity=23.98828125, byte_suffix=<ByteSuffix.GiB: (1024, 3)>, _num_bytes=25757220864), max_power_limit=450.0, pci_id='0x268410DE', compute_sm=89): 1})), numa_conf=None, system_id='da3bf6f74479')
tensor_path : build/preprocessed_data/open-images-v6-mlperf/validation/Retinanet/int8_linear
test_mode : PerformanceOnly
use_deque_limit : True
use_graphs : False
user_conf_path : /home/mlcuser/MLC/repos/mlcommons@mlperf-automations/script/generate-mlperf-inference-user-conf/tmp/b78b413ef90848558c32db7cf4a44d6c.conf
system_id : da3bf6f74479
config_name : da3bf6f74479_retinanet_SingleStream
workload_setting : WorkloadSetting(HarnessType.LWIS, AccuracyTarget.k_99, PowerSetting.MaxP)
optimization_level : plugin-enabled
num_profiles : 1
config_ver : lwis_k_99_MaxP
accuracy_level : 99%
inference_server : lwis
skip_file_checks : False
power_limit : None
cpu_freq : None
&&&& RUNNING Default_Harness # ./build/bin/harness_default
[I] mlperf.conf path: /home/mlcuser/MLC/repos/local/cache/get-git-repo_087a5579/inference/mlperf.conf
[I] user.conf path: /home/mlcuser/MLC/repos/mlcommons@mlperf-automations/script/generate-mlperf-inference-user-conf/tmp/b78b413ef90848558c32db7cf4a44d6c.conf
Creating QSL.
Finished Creating QSL.
Setting up SUT.
[I] [TRT] Loaded engine size: 72 MiB
[I] [TRT] [MemUsageChange] Init cuBLAS/cuBLASLt: CPU +7, GPU +10, now: CPU 119, GPU 881 (MiB)
[I] [TRT] [MemUsageChange] Init cuDNN: CPU +1, GPU +10, now: CPU 120, GPU 891 (MiB)
[I] [TRT] [MemUsageChange] TensorRT-managed allocation in engine deserialization: CPU +0, GPU +68, now: CPU 0, GPU 68 (MiB)
[I] Device:0.GPU: [0] ./build/engines/da3bf6f74479/retinanet/SingleStream/retinanet-SingleStream-gpu-b1-int8.lwis_k_99_MaxP.plan has been successfully loaded.
[E] [TRT] 3: [runtime.cpp::~Runtime::401] Error Code 3: API Usage Error (Parameter check failed at: runtime/rt/runtime.cpp::~Runtime::401, condition: mEngineCounter.use_count() == 1 Destroying a runtime before destroying deserialized engines created by the runtime leads to undefined behavior.)
[I] [TRT] [MemUsageChange] Init cuBLAS/cuBLASLt: CPU +0, GPU +8, now: CPU 48, GPU 893 (MiB)
[I] [TRT] [MemUsageChange] Init cuDNN: CPU +0, GPU +8, now: CPU 48, GPU 901 (MiB)
[I] [TRT] [MemUsageChange] TensorRT-managed allocation in IExecutionContext creation: CPU +0, GPU +764, now: CPU 0, GPU 832 (MiB)
[I] Creating batcher thread: 0 EnableBatcherThreadPerDevice: false
Finished setting up SUT.
Starting warmup. Running for a minimum of 5 seconds.
Finished warmup. Ran for 5.01249s.
Starting running actual test.
================================================
MLPerf Results Summary
================================================
SUT name : LWIS_Server
Scenario : SingleStream
Mode     : PerformanceOnly
90th percentile latency (ns) : 1745487
Result is : VALID
  Min duration satisfied : Yes
  Min queries satisfied : Yes
  Early stopping satisfied: Yes
Early Stopping Result:
 * Processed at least 64 queries (348251).
 * Would discard 34412 highest latency queries.
 * Early stopping 90th percentile estimate: 1745667
 * Early stopping 99th percentile estimate: 1842328

================================================
Additional Stats
================================================
QPS w/ loadgen overhead         : 580.42
QPS w/o loadgen overhead        : 584.03

Min latency (ns)                : 1662874
Max latency (ns)                : 2004553
Mean latency (ns)               : 1712233
50.00 percentile latency (ns)   : 1706349
90.00 percentile latency (ns)   : 1745487
95.00 percentile latency (ns)   : 1768451
97.00 percentile latency (ns)   : 1778079
99.00 percentile latency (ns)   : 1842122
99.90 percentile latency (ns)   : 1848216

================================================
Test Parameters Used
================================================
samples_per_query : 1
target_qps : 2000
target_latency (ns): 0
max_async_queries : 1
min_duration (ms): 600000
max_duration (ms): 660000
min_query_count : 100
max_query_count : 0
qsl_rng_seed : 6023615788873153749
sample_index_rng_seed : 15036839855038426416
schedule_rng_seed : 9933818062894767841
accuracy_log_rng_seed : 0
accuracy_log_probability : 0
accuracy_log_sampling_target : 0
print_timestamps : 0
performance_issue_unique : 0
performance_issue_same : 0
performance_issue_same_index : 0
performance_sample_count : 64

No warnings encountered during test.

No errors encountered during test.
Finished running actual test.
Device Device:0.GPU processed:
  348251 batches of size 1
  Memcpy Calls: 0
  PerSampleCudaMemcpy Calls: 0
  BatchedCudaMemcpy Calls: 348251
&&&& PASSED Default_Harness # ./build/bin/harness_default
[2025-02-13 12:58:09,072 run_harness.py:166 INFO] Result: result_90.00_percentile_latency_ns: 1745487, Result is VALID
 
======================== Result summaries: ========================

