Graph file: /home/sujithmenon2288/MLC/repos/local/cache/get-ml-model-mobilenet_6071df6d/mobilenet_v1_1.0_160.tflite
Image dir: /home/sujithmenon2288/MLC/repos/local/cache/get-preprocessed-dataset-imagenet_7608731e
Image list: /home/sujithmenon2288/MLC/repos/local/cache/get-preprocessed-dataset-imagenet_7608731e/preprocessed_files.txt
Image size: 160
Image channels: 3
Prediction classes: 1000
Result dir: /home/sujithmenon2288/MLC/repos/local/cache/get-mlperf-inference-results-dir_8ad0e44f/valid_results/mlpref25_gcp.asia_southeast1_b.c.caramel_vim_451801_a4.internal-tflite_cpp-cpu-tflite-vmaster-default_config/mobilenet-v1-precision_float-1.0-160/singlestream/performance/run_1
How many images fit in memory buffer: 1024
Normalize: 1
Subtract mean: 0
Run time preprocessing: 0
Number of Threads: 4
Number of available imagefiles: 50000

Loading graph...
INFO: Created TensorFlow Lite XNNPACK delegate for CPU.
Input tensor dimensions (NHWC): 1*160*160*3
Output tensor dimensions: 1*1001
Path to user.conf : /home/sujithmenon2288/MLC/repos/mlcommons@mlperf-automations/script/generate-mlperf-inference-user-conf/tmp/de97f9dea4bc4f428ef83643c7aff991.conf
Model Name: mobilenet
LoadGen Scenario: SingleStream
LoadGen Mode: performance
