client 2025-02-26 20:50:02,207 [INFO] Creating output directory '/home/arjun/MLC/repos/local/cache/get-mlperf-inference-results-dir_e3f7a2f6/valid_results/mini-tflite_cpp-cpu-tflite-vmaster-default_config/mobilenet-v2-precision_float-0.5-224/singlestream/performance/tmp_power'
client 2025-02-26 20:50:02,216 [INFO] Sending command to the server: 'mlcommons/power client v3'
client 2025-02-26 20:50:02,227 [INFO] Got response: 'mlcommons/power server v3'
client 2025-02-26 20:50:02,228 [INFO] Synchronizing with the server and with time.google.com...
client 2025-02-26 20:50:02,252 [INFO] NTP:offset = -0.003 s, delay = 0.020 s 
client 2025-02-26 20:50:02,252 [INFO] Sending command to the server: 'time'
client 2025-02-26 20:50:02,262 [INFO] Got response: '1740603001.89755'
client 2025-02-26 20:50:02,262 [INFO] The time difference between the client and the server is within range 354.990 ms..365.308 ms
client 2025-02-26 20:50:02,263 [INFO] Sending command to the server: 'new,,4c12b3ad-1b4b-42d9-ba84-6a02ae47c3a3'
client 2025-02-26 20:50:02,275 [INFO] Got response: 'OK 2025-02-26_20-50-01,99fdb1d0-745e-4ca7-b8fa-31621dc71bcd'
client 2025-02-26 20:50:02,275 [INFO] Session id is '2025-02-26_20-50-01'
client 2025-02-26 20:50:02,275 [INFO] Sources: {"sources": {"__init__.py": "da39a3ee5e6b4b0d3255bfef95601890afd80709", "client.py": "33ca4f26368777ac06e01f9567b714a4b8063886", "lib/__init__.py": "da39a3ee5e6b4b0d3255bfef95601890afd80709", "lib/client.py": "ac2aa093c8e8bbc9569b9e2a3471bc64e58a2258", "lib/common.py": "611d8b29633d331eb19c9455ea3b5fa3284ed6df", "lib/external/__init__.py": "da39a3ee5e6b4b0d3255bfef95601890afd80709", "lib/external/ntplib.py": "4da8f970656505a40483206ef2b5d3dd5e81711d", "lib/server.py": "9bc9a3b6b9b716520658ac175913bcbbdb354336", "lib/source_hashes.py": "60a2e02193209e8d392803326208d5466342da18", "lib/summary.py": "602a9fedfa503e5544d27ab3b0067f235047efc3", "lib/time_sync.py": "80894ef2389e540781ff78de94db16aa4203a14e", "server.py": "c3f90f2f7eeb4db30727556d0c815ebc89b3d28b", "tests/unit/__init__.py": "da39a3ee5e6b4b0d3255bfef95601890afd80709", "tests/unit/test_server.py": "948c1995d4008bc2aa6c4046a34ffa3858d6d671", "tests/unit/test_source_hashes.py": "00468a2907583c593e6574a1f6b404e4651c221a"}, "modules": {"ptd_client_server.lib.client": "lib/client.py", "ptd_client_server.lib.common": "lib/common.py", "ptd_client_server.lib.external.ntplib": "lib/external/ntplib.py", "ptd_client_server.lib.source_hashes": "lib/source_hashes.py", "ptd_client_server.lib.summary": "lib/summary.py", "ptd_client_server.lib.time_sync": "lib/time_sync.py"}}
client 2025-02-26 20:50:02,276 [INFO] Running workload in ranging mode
client 2025-02-26 20:50:02,276 [INFO] Synchronizing with the server and with time.google.com...
client 2025-02-26 20:50:02,296 [INFO] NTP:offset = -0.003 s, delay = 0.019 s 
client 2025-02-26 20:50:02,296 [INFO] Sending command to the server: 'time'
client 2025-02-26 20:50:02,306 [INFO] Got response: '1740603001.940806'
client 2025-02-26 20:50:02,307 [INFO] The time difference between the client and the server is within range 355.704 ms..366.346 ms
client 2025-02-26 20:50:02,307 [INFO] Sending command to the server: 'session,2025-02-26_20-50-01,start,ranging'
client 2025-02-26 20:50:26,804 [INFO] Got response: 'OK'
client 2025-02-26 20:50:26,804 [INFO] Sending command to the server: 'time'
client 2025-02-26 20:50:26,816 [INFO] Got response: '1740603026.4483654'
client 2025-02-26 20:50:26,816 [INFO] The time difference between the client and the server is within range 355.905 ms..368.227 ms
client 2025-02-26 20:50:26,816 [INFO] Running the workload ' MLC_MLPERF_RUN_COUNT=$(cat ${MLC_RUN_DIR}/count.txt); echo ${MLC_MLPERF_RUN_COUNT}; MLC_MLPERF_RUN_COUNT=$((MLC_MLPERF_RUN_COUNT+1)); echo ${MLC_MLPERF_RUN_COUNT} > ${MLC_RUN_DIR}/count.txt; if [ ${MLC_MLPERF_RUN_COUNT} -eq 1 ]; then export MLC_MLPERF_USER_CONF="${MLC_MLPERF_RANGING_USER_CONF}"; else export MLC_MLPERF_USER_CONF="${MLC_MLPERF_TESTING_USER_CONF}"; fi ; /home/arjun/MLC/repos/gateoverflow@mlperf-automations/script/run-all-mlperf-models/run.out'
client 2025-02-26 20:55:28,515 [INFO] Sending command to the server: 'time'
client 2025-02-26 20:55:28,528 [INFO] Got response: '1740603328.1558537'
client 2025-02-26 20:55:28,529 [INFO] The time difference between the client and the server is within range 359.412 ms..373.156 ms
client 2025-02-26 20:55:28,529 [INFO] Sending command to the server: 'session,2025-02-26_20-50-01,stop,ranging'
client 2025-02-26 20:55:39,146 [INFO] Got response: 'OK'
client 2025-02-26 20:55:39,146 [INFO] Sending command to the server: 'time'
client 2025-02-26 20:55:39,159 [INFO] Got response: '1740603338.7857726'
client 2025-02-26 20:55:39,159 [INFO] The time difference between the client and the server is within range 360.451 ms..374.084 ms
client 2025-02-26 20:55:39,164 [INFO] Copying loadgen logs from '/home/arjun/MLC/repos/local/cache/get-mlperf-inference-results-dir_e3f7a2f6/valid_results/mini-tflite_cpp-cpu-tflite-vmaster-default_config/mobilenet-v2-precision_float-0.5-224/singlestream/performance/run_1' to '/home/arjun/MLC/repos/local/cache/get-mlperf-inference-results-dir_e3f7a2f6/valid_results/mini-tflite_cpp-cpu-tflite-vmaster-default_config/mobilenet-v2-precision_float-0.5-224/singlestream/performance/tmp_power/ranging'
client 2025-02-26 20:55:39,164 [INFO] Running workload in testing mode
client 2025-02-26 20:55:39,164 [INFO] Synchronizing with the server and with time.google.com...
client 2025-02-26 20:55:39,183 [INFO] NTP:offset = -0.004 s, delay = 0.017 s 
client 2025-02-26 20:55:39,183 [INFO] Sending command to the server: 'time'
client 2025-02-26 20:55:39,197 [INFO] Got response: '1740603338.8241036'
client 2025-02-26 20:55:39,198 [INFO] The time difference between the client and the server is within range 359.290 ms..373.928 ms
client 2025-02-26 20:55:39,198 [INFO] Sending command to the server: 'session,2025-02-26_20-50-01,start,testing'
client 2025-02-26 20:55:52,460 [INFO] Got response: 'OK'
client 2025-02-26 20:55:52,461 [INFO] Sending command to the server: 'time'
client 2025-02-26 20:55:52,473 [INFO] Got response: '1740603352.0998356'
client 2025-02-26 20:55:52,473 [INFO] The time difference between the client and the server is within range 361.162 ms..374.024 ms
client 2025-02-26 20:55:52,473 [INFO] Running the workload ' MLC_MLPERF_RUN_COUNT=$(cat ${MLC_RUN_DIR}/count.txt); echo ${MLC_MLPERF_RUN_COUNT}; MLC_MLPERF_RUN_COUNT=$((MLC_MLPERF_RUN_COUNT+1)); echo ${MLC_MLPERF_RUN_COUNT} > ${MLC_RUN_DIR}/count.txt; if [ ${MLC_MLPERF_RUN_COUNT} -eq 1 ]; then export MLC_MLPERF_USER_CONF="${MLC_MLPERF_RANGING_USER_CONF}"; else export MLC_MLPERF_USER_CONF="${MLC_MLPERF_TESTING_USER_CONF}"; fi ; /home/arjun/MLC/repos/gateoverflow@mlperf-automations/script/run-all-mlperf-models/run.out'
client 2025-02-26 21:05:53,820 [INFO] Sending command to the server: 'time'
client 2025-02-26 21:05:53,833 [INFO] Got response: '1740603953.4482596'
client 2025-02-26 21:05:53,833 [INFO] The time difference between the client and the server is within range 372.337 ms..384.972 ms
client 2025-02-26 21:05:53,833 [INFO] Sending command to the server: 'session,2025-02-26_20-50-01,stop,testing'
client 2025-02-26 21:06:05,016 [INFO] Got response: 'OK'
client 2025-02-26 21:06:05,017 [INFO] Sending command to the server: 'time'
client 2025-02-26 21:06:05,029 [INFO] Got response: '1740603964.6434758'
client 2025-02-26 21:06:05,029 [INFO] The time difference between the client and the server is within range 373.681 ms..385.741 ms
client 2025-02-26 21:06:05,030 [INFO] Copying loadgen logs from '/home/arjun/MLC/repos/local/cache/get-mlperf-inference-results-dir_e3f7a2f6/valid_results/mini-tflite_cpp-cpu-tflite-vmaster-default_config/mobilenet-v2-precision_float-0.5-224/singlestream/performance/run_1' to '/home/arjun/MLC/repos/local/cache/get-mlperf-inference-results-dir_e3f7a2f6/valid_results/mini-tflite_cpp-cpu-tflite-vmaster-default_config/mobilenet-v2-precision_float-0.5-224/singlestream/performance/tmp_power/run_1'
client 2025-02-26 21:06:05,030 [INFO] Done runs
