client 2025-02-26 23:43:51,946 [INFO] Creating output directory '/home/arjun/MLC/repos/local/cache/get-mlperf-inference-results-dir_e3f7a2f6/valid_results/mini-tflite_cpp-cpu-tflite-vmaster-default_config/mobilenet-v3-precision_float-large-224/singlestream/performance/tmp_power'
client 2025-02-26 23:43:51,955 [INFO] Sending command to the server: 'mlcommons/power client v3'
client 2025-02-26 23:43:51,967 [INFO] Got response: 'mlcommons/power server v3'
client 2025-02-26 23:43:51,967 [INFO] Synchronizing with the server and with time.google.com...
client 2025-02-26 23:43:51,994 [INFO] NTP:offset = -0.008 s, delay = 0.023 s 
client 2025-02-26 23:43:51,994 [INFO] Sending command to the server: 'time'
client 2025-02-26 23:43:52,006 [INFO] Got response: '1740613431.9738705'
client 2025-02-26 23:43:52,006 [INFO] The time difference between the client and the server is within range 20.905 ms..32.796 ms
client 2025-02-26 23:43:52,006 [INFO] Sending command to the server: 'new,,3d346526-2497-411e-9361-8713223ad821'
client 2025-02-26 23:43:52,022 [INFO] Got response: 'OK 2025-02-26_23-43-51,7c407412-0a44-4d99-ab8f-d4481b8609cf'
client 2025-02-26 23:43:52,022 [INFO] Session id is '2025-02-26_23-43-51'
client 2025-02-26 23:43:52,022 [INFO] Sources: {"sources": {"__init__.py": "da39a3ee5e6b4b0d3255bfef95601890afd80709", "client.py": "33ca4f26368777ac06e01f9567b714a4b8063886", "lib/__init__.py": "da39a3ee5e6b4b0d3255bfef95601890afd80709", "lib/client.py": "ac2aa093c8e8bbc9569b9e2a3471bc64e58a2258", "lib/common.py": "611d8b29633d331eb19c9455ea3b5fa3284ed6df", "lib/external/__init__.py": "da39a3ee5e6b4b0d3255bfef95601890afd80709", "lib/external/ntplib.py": "4da8f970656505a40483206ef2b5d3dd5e81711d", "lib/server.py": "9bc9a3b6b9b716520658ac175913bcbbdb354336", "lib/source_hashes.py": "60a2e02193209e8d392803326208d5466342da18", "lib/summary.py": "602a9fedfa503e5544d27ab3b0067f235047efc3", "lib/time_sync.py": "80894ef2389e540781ff78de94db16aa4203a14e", "server.py": "c3f90f2f7eeb4db30727556d0c815ebc89b3d28b", "tests/unit/__init__.py": "da39a3ee5e6b4b0d3255bfef95601890afd80709", "tests/unit/test_server.py": "948c1995d4008bc2aa6c4046a34ffa3858d6d671", "tests/unit/test_source_hashes.py": "00468a2907583c593e6574a1f6b404e4651c221a"}, "modules": {"ptd_client_server.lib.client": "lib/client.py", "ptd_client_server.lib.common": "lib/common.py", "ptd_client_server.lib.external.ntplib": "lib/external/ntplib.py", "ptd_client_server.lib.source_hashes": "lib/source_hashes.py", "ptd_client_server.lib.summary": "lib/summary.py", "ptd_client_server.lib.time_sync": "lib/time_sync.py"}}
client 2025-02-26 23:43:52,023 [INFO] Running workload in ranging mode
client 2025-02-26 23:43:52,023 [INFO] Synchronizing with the server and with time.google.com...
client 2025-02-26 23:43:52,042 [INFO] NTP:offset = -0.009 s, delay = 0.018 s 
client 2025-02-26 23:43:52,042 [INFO] Sending command to the server: 'time'
client 2025-02-26 23:43:52,055 [INFO] Got response: '1740613432.0232897'
client 2025-02-26 23:43:52,055 [INFO] The time difference between the client and the server is within range 19.060 ms..32.360 ms
client 2025-02-26 23:43:52,055 [INFO] Sending command to the server: 'session,2025-02-26_23-43-51,start,ranging'
client 2025-02-26 23:44:16,588 [INFO] Got response: 'OK'
client 2025-02-26 23:44:16,589 [INFO] Sending command to the server: 'time'
client 2025-02-26 23:44:16,600 [INFO] Got response: '1740613456.5687268'
client 2025-02-26 23:44:16,600 [INFO] The time difference between the client and the server is within range 20.347 ms..32.147 ms
client 2025-02-26 23:44:16,601 [INFO] Running the workload ' MLC_MLPERF_RUN_COUNT=$(cat ${MLC_RUN_DIR}/count.txt); echo ${MLC_MLPERF_RUN_COUNT}; MLC_MLPERF_RUN_COUNT=$((MLC_MLPERF_RUN_COUNT+1)); echo ${MLC_MLPERF_RUN_COUNT} > ${MLC_RUN_DIR}/count.txt; if [ ${MLC_MLPERF_RUN_COUNT} -eq 1 ]; then export MLC_MLPERF_USER_CONF="${MLC_MLPERF_RANGING_USER_CONF}"; else export MLC_MLPERF_USER_CONF="${MLC_MLPERF_TESTING_USER_CONF}"; fi ; /home/arjun/MLC/repos/gateoverflow@mlperf-automations/script/run-all-mlperf-models/run.out'
client 2025-02-26 23:49:17,931 [INFO] Sending command to the server: 'time'
client 2025-02-26 23:49:17,946 [INFO] Got response: '1740613757.90768'
client 2025-02-26 23:49:17,946 [INFO] The time difference between the client and the server is within range 23.786 ms..39.208 ms
client 2025-02-26 23:49:17,947 [INFO] Sending command to the server: 'session,2025-02-26_23-43-51,stop,ranging'
client 2025-02-26 23:49:29,179 [INFO] Got response: 'OK'
client 2025-02-26 23:49:29,179 [INFO] Sending command to the server: 'time'
client 2025-02-26 23:49:29,192 [INFO] Got response: '1740613769.1528857'
client 2025-02-26 23:49:29,192 [INFO] The time difference between the client and the server is within range 26.896 ms..39.903 ms
client 2025-02-26 23:49:29,197 [INFO] Copying loadgen logs from '/home/arjun/MLC/repos/local/cache/get-mlperf-inference-results-dir_e3f7a2f6/valid_results/mini-tflite_cpp-cpu-tflite-vmaster-default_config/mobilenet-v3-precision_float-large-224/singlestream/performance/run_1' to '/home/arjun/MLC/repos/local/cache/get-mlperf-inference-results-dir_e3f7a2f6/valid_results/mini-tflite_cpp-cpu-tflite-vmaster-default_config/mobilenet-v3-precision_float-large-224/singlestream/performance/tmp_power/ranging'
client 2025-02-26 23:49:29,197 [INFO] Running workload in testing mode
client 2025-02-26 23:49:29,197 [INFO] Synchronizing with the server and with time.google.com...
client 2025-02-26 23:49:29,219 [INFO] NTP:offset = -0.010 s, delay = 0.021 s 
client 2025-02-26 23:49:29,220 [INFO] Sending command to the server: 'time'
client 2025-02-26 23:49:29,231 [INFO] Got response: '1740613769.192494'
client 2025-02-26 23:49:29,231 [INFO] The time difference between the client and the server is within range 27.565 ms..39.166 ms
client 2025-02-26 23:49:29,231 [INFO] Sending command to the server: 'session,2025-02-26_23-43-51,start,testing'
client 2025-02-26 23:49:42,316 [INFO] Got response: 'OK'
client 2025-02-26 23:49:42,316 [INFO] Sending command to the server: 'time'
client 2025-02-26 23:49:42,331 [INFO] Got response: '1740613782.2930653'
client 2025-02-26 23:49:42,331 [INFO] The time difference between the client and the server is within range 23.273 ms..38.290 ms
client 2025-02-26 23:49:42,331 [INFO] Running the workload ' MLC_MLPERF_RUN_COUNT=$(cat ${MLC_RUN_DIR}/count.txt); echo ${MLC_MLPERF_RUN_COUNT}; MLC_MLPERF_RUN_COUNT=$((MLC_MLPERF_RUN_COUNT+1)); echo ${MLC_MLPERF_RUN_COUNT} > ${MLC_RUN_DIR}/count.txt; if [ ${MLC_MLPERF_RUN_COUNT} -eq 1 ]; then export MLC_MLPERF_USER_CONF="${MLC_MLPERF_RANGING_USER_CONF}"; else export MLC_MLPERF_USER_CONF="${MLC_MLPERF_TESTING_USER_CONF}"; fi ; /home/arjun/MLC/repos/gateoverflow@mlperf-automations/script/run-all-mlperf-models/run.out'
client 2025-02-26 23:59:43,049 [INFO] Sending command to the server: 'time'
client 2025-02-26 23:59:43,064 [INFO] Got response: '1740614383.010074'
client 2025-02-26 23:59:43,064 [INFO] The time difference between the client and the server is within range 39.666 ms..54.771 ms
client 2025-02-26 23:59:43,065 [INFO] Sending command to the server: 'session,2025-02-26_23-43-51,stop,testing'
client 2025-02-26 23:59:54,018 [INFO] Got response: 'OK'
client 2025-02-26 23:59:54,018 [INFO] Sending command to the server: 'time'
client 2025-02-26 23:59:54,031 [INFO] Got response: '1740614393.9762008'
client 2025-02-26 23:59:54,031 [INFO] The time difference between the client and the server is within range 42.067 ms..55.668 ms
client 2025-02-26 23:59:54,032 [INFO] Copying loadgen logs from '/home/arjun/MLC/repos/local/cache/get-mlperf-inference-results-dir_e3f7a2f6/valid_results/mini-tflite_cpp-cpu-tflite-vmaster-default_config/mobilenet-v3-precision_float-large-224/singlestream/performance/run_1' to '/home/arjun/MLC/repos/local/cache/get-mlperf-inference-results-dir_e3f7a2f6/valid_results/mini-tflite_cpp-cpu-tflite-vmaster-default_config/mobilenet-v3-precision_float-large-224/singlestream/performance/tmp_power/run_1'
client 2025-02-26 23:59:54,033 [INFO] Done runs
