client 2025-02-26 17:04:30,372 [INFO] Creating output directory '/home/arjun/MLC/repos/local/cache/get-mlperf-inference-results-dir_e3f7a2f6/valid_results/mini-tflite_cpp-cpu-tflite-vmaster-default_config/mobilenet-v1-precision_float-0.25-224/singlestream/performance/tmp_power'
client 2025-02-26 17:04:30,382 [INFO] Sending command to the server: 'mlcommons/power client v3'
client 2025-02-26 17:04:30,393 [INFO] Got response: 'mlcommons/power server v3'
client 2025-02-26 17:04:30,393 [INFO] Synchronizing with the server and with time.google.com...
client 2025-02-26 17:04:30,417 [INFO] NTP:offset = -0.003 s, delay = 0.020 s 
client 2025-02-26 17:04:30,417 [INFO] Sending command to the server: 'time'
client 2025-02-26 17:04:30,429 [INFO] Got response: '1740589470.2906635'
client 2025-02-26 17:04:30,430 [INFO] The time difference between the client and the server is within range 126.836 ms..139.384 ms
client 2025-02-26 17:04:30,430 [INFO] Sending command to the server: 'new,,64be1c9c-8bd2-4f2f-ada1-54b7c43a1f03'
client 2025-02-26 17:04:30,446 [INFO] Got response: 'OK 2025-02-26_17-04-30,c724500c-22ea-458b-9e27-5792201ad525'
client 2025-02-26 17:04:30,446 [INFO] Session id is '2025-02-26_17-04-30'
client 2025-02-26 17:04:30,446 [INFO] Sources: {"sources": {"__init__.py": "da39a3ee5e6b4b0d3255bfef95601890afd80709", "client.py": "33ca4f26368777ac06e01f9567b714a4b8063886", "lib/__init__.py": "da39a3ee5e6b4b0d3255bfef95601890afd80709", "lib/client.py": "ac2aa093c8e8bbc9569b9e2a3471bc64e58a2258", "lib/common.py": "611d8b29633d331eb19c9455ea3b5fa3284ed6df", "lib/external/__init__.py": "da39a3ee5e6b4b0d3255bfef95601890afd80709", "lib/external/ntplib.py": "4da8f970656505a40483206ef2b5d3dd5e81711d", "lib/server.py": "9bc9a3b6b9b716520658ac175913bcbbdb354336", "lib/source_hashes.py": "60a2e02193209e8d392803326208d5466342da18", "lib/summary.py": "602a9fedfa503e5544d27ab3b0067f235047efc3", "lib/time_sync.py": "80894ef2389e540781ff78de94db16aa4203a14e", "server.py": "c3f90f2f7eeb4db30727556d0c815ebc89b3d28b", "tests/unit/__init__.py": "da39a3ee5e6b4b0d3255bfef95601890afd80709", "tests/unit/test_server.py": "948c1995d4008bc2aa6c4046a34ffa3858d6d671", "tests/unit/test_source_hashes.py": "00468a2907583c593e6574a1f6b404e4651c221a"}, "modules": {"ptd_client_server.lib.client": "lib/client.py", "ptd_client_server.lib.common": "lib/common.py", "ptd_client_server.lib.external.ntplib": "lib/external/ntplib.py", "ptd_client_server.lib.source_hashes": "lib/source_hashes.py", "ptd_client_server.lib.summary": "lib/summary.py", "ptd_client_server.lib.time_sync": "lib/time_sync.py"}}
client 2025-02-26 17:04:30,446 [INFO] Running workload in ranging mode
client 2025-02-26 17:04:30,446 [INFO] Synchronizing with the server and with time.google.com...
client 2025-02-26 17:04:30,467 [INFO] NTP:offset = -0.004 s, delay = 0.019 s 
client 2025-02-26 17:04:30,467 [INFO] Sending command to the server: 'time'
client 2025-02-26 17:04:30,481 [INFO] Got response: '1740589470.3415606'
client 2025-02-26 17:04:30,481 [INFO] The time difference between the client and the server is within range 125.703 ms..139.811 ms
client 2025-02-26 17:04:30,481 [INFO] Sending command to the server: 'session,2025-02-26_17-04-30,start,ranging'
client 2025-02-26 17:04:55,080 [INFO] Got response: 'OK'
client 2025-02-26 17:04:55,080 [INFO] Sending command to the server: 'time'
client 2025-02-26 17:04:55,094 [INFO] Got response: '1740589494.9534743'
client 2025-02-26 17:04:55,094 [INFO] The time difference between the client and the server is within range 127.420 ms..140.865 ms
client 2025-02-26 17:04:55,094 [INFO] Running the workload ' MLC_MLPERF_RUN_COUNT=$(cat ${MLC_RUN_DIR}/count.txt); echo ${MLC_MLPERF_RUN_COUNT}; MLC_MLPERF_RUN_COUNT=$((MLC_MLPERF_RUN_COUNT+1)); echo ${MLC_MLPERF_RUN_COUNT} > ${MLC_RUN_DIR}/count.txt; if [ ${MLC_MLPERF_RUN_COUNT} -eq 1 ]; then export MLC_MLPERF_USER_CONF="${MLC_MLPERF_RANGING_USER_CONF}"; else export MLC_MLPERF_USER_CONF="${MLC_MLPERF_TESTING_USER_CONF}"; fi ; /home/arjun/MLC/repos/gateoverflow@mlperf-automations/script/run-all-mlperf-models/run.out'
client 2025-02-26 17:09:57,244 [INFO] Sending command to the server: 'time'
client 2025-02-26 17:09:57,261 [INFO] Got response: '1740589797.1187475'
client 2025-02-26 17:09:57,261 [INFO] The time difference between the client and the server is within range 125.337 ms..142.413 ms
client 2025-02-26 17:09:57,261 [INFO] Sending command to the server: 'session,2025-02-26_17-04-30,stop,ranging'
client 2025-02-26 17:10:08,440 [INFO] Got response: 'OK'
client 2025-02-26 17:10:08,440 [INFO] Sending command to the server: 'time'
client 2025-02-26 17:10:08,453 [INFO] Got response: '1740589808.312186'
client 2025-02-26 17:10:08,454 [INFO] The time difference between the client and the server is within range 128.582 ms..141.811 ms
client 2025-02-26 17:10:08,458 [INFO] Copying loadgen logs from '/home/arjun/MLC/repos/local/cache/get-mlperf-inference-results-dir_e3f7a2f6/valid_results/mini-tflite_cpp-cpu-tflite-vmaster-default_config/mobilenet-v1-precision_float-0.25-224/singlestream/performance/run_1' to '/home/arjun/MLC/repos/local/cache/get-mlperf-inference-results-dir_e3f7a2f6/valid_results/mini-tflite_cpp-cpu-tflite-vmaster-default_config/mobilenet-v1-precision_float-0.25-224/singlestream/performance/tmp_power/ranging'
client 2025-02-26 17:10:08,458 [INFO] Running workload in testing mode
client 2025-02-26 17:10:08,458 [INFO] Synchronizing with the server and with time.google.com...
client 2025-02-26 17:10:08,478 [INFO] NTP:offset = -0.003 s, delay = 0.018 s 
client 2025-02-26 17:10:08,478 [INFO] Sending command to the server: 'time'
client 2025-02-26 17:10:08,491 [INFO] Got response: '1740589808.3507884'
client 2025-02-26 17:10:08,491 [INFO] The time difference between the client and the server is within range 127.695 ms..141.002 ms
client 2025-02-26 17:10:08,491 [INFO] Sending command to the server: 'session,2025-02-26_17-04-30,start,testing'
client 2025-02-26 17:10:21,750 [INFO] Got response: 'OK'
client 2025-02-26 17:10:21,750 [INFO] Sending command to the server: 'time'
client 2025-02-26 17:10:21,763 [INFO] Got response: '1740589821.6231115'
client 2025-02-26 17:10:21,763 [INFO] The time difference between the client and the server is within range 127.784 ms..140.326 ms
client 2025-02-26 17:10:21,763 [INFO] Running the workload ' MLC_MLPERF_RUN_COUNT=$(cat ${MLC_RUN_DIR}/count.txt); echo ${MLC_MLPERF_RUN_COUNT}; MLC_MLPERF_RUN_COUNT=$((MLC_MLPERF_RUN_COUNT+1)); echo ${MLC_MLPERF_RUN_COUNT} > ${MLC_RUN_DIR}/count.txt; if [ ${MLC_MLPERF_RUN_COUNT} -eq 1 ]; then export MLC_MLPERF_USER_CONF="${MLC_MLPERF_RANGING_USER_CONF}"; else export MLC_MLPERF_USER_CONF="${MLC_MLPERF_TESTING_USER_CONF}"; fi ; /home/arjun/MLC/repos/gateoverflow@mlperf-automations/script/run-all-mlperf-models/run.out'
client 2025-02-26 17:20:24,198 [INFO] Sending command to the server: 'time'
client 2025-02-26 17:20:24,216 [INFO] Got response: '1740590424.0790792'
client 2025-02-26 17:20:24,216 [INFO] The time difference between the client and the server is within range 119.020 ms..137.604 ms
client 2025-02-26 17:20:24,216 [INFO] Sending command to the server: 'session,2025-02-26_17-04-30,stop,testing'
client 2025-02-26 17:20:34,811 [INFO] Got response: 'OK'
client 2025-02-26 17:20:34,812 [INFO] Sending command to the server: 'time'
client 2025-02-26 17:20:34,822 [INFO] Got response: '1740590434.6880224'
client 2025-02-26 17:20:34,822 [INFO] The time difference between the client and the server is within range 124.038 ms..134.171 ms
client 2025-02-26 17:20:34,823 [INFO] Copying loadgen logs from '/home/arjun/MLC/repos/local/cache/get-mlperf-inference-results-dir_e3f7a2f6/valid_results/mini-tflite_cpp-cpu-tflite-vmaster-default_config/mobilenet-v1-precision_float-0.25-224/singlestream/performance/run_1' to '/home/arjun/MLC/repos/local/cache/get-mlperf-inference-results-dir_e3f7a2f6/valid_results/mini-tflite_cpp-cpu-tflite-vmaster-default_config/mobilenet-v1-precision_float-0.25-224/singlestream/performance/tmp_power/run_1'
client 2025-02-26 17:20:34,823 [INFO] Done runs
