client 2025-02-28 08:06:44,209 [INFO] Creating output directory '/home/arjun/MLC/repos/local/cache/get-mlperf-inference-results-dir_e3f7a2f6/valid_results/mini-tflite_cpp-cpu-tflite-vmaster-with_live_preprocessing/mobilenet-v2-precision_float-0.5-128/singlestream/performance/tmp_power'
client 2025-02-28 08:06:44,217 [INFO] Sending command to the server: 'mlcommons/power client v3'
client 2025-02-28 08:06:44,234 [INFO] Got response: 'mlcommons/power server v3'
client 2025-02-28 08:06:44,234 [INFO] Synchronizing with the server and with time.google.com...
client 2025-02-28 08:06:44,263 [INFO] NTP:offset = -0.006 s, delay = 0.024 s 
client 2025-02-28 08:06:44,263 [INFO] Sending command to the server: 'time'
client 2025-02-28 08:06:44,276 [INFO] Got response: '1740730004.2403686'
client 2025-02-28 08:06:44,276 [INFO] The time difference between the client and the server is within range 22.936 ms..36.409 ms
client 2025-02-28 08:06:44,276 [INFO] Sending command to the server: 'new,,6ebe2f9c-ceca-478a-abb6-6430c99078d6'
client 2025-02-28 08:06:44,294 [INFO] Got response: 'OK 2025-02-28_08-06-44,e75d991f-f07f-49d5-9e1a-f4504b0f01ff'
client 2025-02-28 08:06:44,295 [INFO] Session id is '2025-02-28_08-06-44'
client 2025-02-28 08:06:44,295 [INFO] Sources: {"sources": {"__init__.py": "da39a3ee5e6b4b0d3255bfef95601890afd80709", "client.py": "33ca4f26368777ac06e01f9567b714a4b8063886", "lib/__init__.py": "da39a3ee5e6b4b0d3255bfef95601890afd80709", "lib/client.py": "ac2aa093c8e8bbc9569b9e2a3471bc64e58a2258", "lib/common.py": "611d8b29633d331eb19c9455ea3b5fa3284ed6df", "lib/external/__init__.py": "da39a3ee5e6b4b0d3255bfef95601890afd80709", "lib/external/ntplib.py": "4da8f970656505a40483206ef2b5d3dd5e81711d", "lib/server.py": "9bc9a3b6b9b716520658ac175913bcbbdb354336", "lib/source_hashes.py": "60a2e02193209e8d392803326208d5466342da18", "lib/summary.py": "602a9fedfa503e5544d27ab3b0067f235047efc3", "lib/time_sync.py": "80894ef2389e540781ff78de94db16aa4203a14e", "server.py": "c3f90f2f7eeb4db30727556d0c815ebc89b3d28b", "tests/unit/__init__.py": "da39a3ee5e6b4b0d3255bfef95601890afd80709", "tests/unit/test_server.py": "948c1995d4008bc2aa6c4046a34ffa3858d6d671", "tests/unit/test_source_hashes.py": "00468a2907583c593e6574a1f6b404e4651c221a"}, "modules": {"ptd_client_server.lib.client": "lib/client.py", "ptd_client_server.lib.common": "lib/common.py", "ptd_client_server.lib.external.ntplib": "lib/external/ntplib.py", "ptd_client_server.lib.source_hashes": "lib/source_hashes.py", "ptd_client_server.lib.summary": "lib/summary.py", "ptd_client_server.lib.time_sync": "lib/time_sync.py"}}
client 2025-02-28 08:06:44,295 [INFO] Running workload in ranging mode
client 2025-02-28 08:06:44,295 [INFO] Synchronizing with the server and with time.google.com...
client 2025-02-28 08:06:44,319 [INFO] NTP:offset = -0.007 s, delay = 0.023 s 
client 2025-02-28 08:06:44,319 [INFO] Sending command to the server: 'time'
client 2025-02-28 08:06:44,333 [INFO] Got response: '1740730004.2971516'
client 2025-02-28 08:06:44,333 [INFO] The time difference between the client and the server is within range 22.682 ms..36.316 ms
client 2025-02-28 08:06:44,333 [INFO] Sending command to the server: 'session,2025-02-28_08-06-44,start,ranging'
client 2025-02-28 08:07:08,897 [INFO] Got response: 'OK'
client 2025-02-28 08:07:08,897 [INFO] Sending command to the server: 'time'
client 2025-02-28 08:07:08,914 [INFO] Got response: '1740730028.8777285'
client 2025-02-28 08:07:08,914 [INFO] The time difference between the client and the server is within range 19.674 ms..37.033 ms
client 2025-02-28 08:07:08,914 [INFO] Running the workload ' MLC_MLPERF_RUN_COUNT=$(cat ${MLC_RUN_DIR}/count.txt); echo ${MLC_MLPERF_RUN_COUNT}; MLC_MLPERF_RUN_COUNT=$((MLC_MLPERF_RUN_COUNT+1)); echo ${MLC_MLPERF_RUN_COUNT} > ${MLC_RUN_DIR}/count.txt; if [ ${MLC_MLPERF_RUN_COUNT} -eq 1 ]; then export MLC_MLPERF_USER_CONF="${MLC_MLPERF_RANGING_USER_CONF}"; else export MLC_MLPERF_USER_CONF="${MLC_MLPERF_TESTING_USER_CONF}"; fi ; /home/arjun/MLC/repos/gateoverflow@mlperf-automations/script/run-all-mlperf-models/run.out'
client 2025-02-28 08:12:10,077 [INFO] Sending command to the server: 'time'
client 2025-02-28 08:12:10,092 [INFO] Got response: '1740730330.0535913'
client 2025-02-28 08:12:10,093 [INFO] The time difference between the client and the server is within range 23.924 ms..39.402 ms
client 2025-02-28 08:12:10,093 [INFO] Sending command to the server: 'session,2025-02-28_08-06-44,stop,ranging'
client 2025-02-28 08:12:21,890 [INFO] Got response: 'OK'
client 2025-02-28 08:12:21,890 [INFO] Sending command to the server: 'time'
client 2025-02-28 08:12:21,915 [INFO] Got response: '1740730341.8639038'
client 2025-02-28 08:12:21,915 [INFO] The time difference between the client and the server is within range 26.503 ms..51.428 ms
client 2025-02-28 08:12:21,919 [INFO] Copying loadgen logs from '/home/arjun/MLC/repos/local/cache/get-mlperf-inference-results-dir_e3f7a2f6/valid_results/mini-tflite_cpp-cpu-tflite-vmaster-with_live_preprocessing/mobilenet-v2-precision_float-0.5-128/singlestream/performance/run_1' to '/home/arjun/MLC/repos/local/cache/get-mlperf-inference-results-dir_e3f7a2f6/valid_results/mini-tflite_cpp-cpu-tflite-vmaster-with_live_preprocessing/mobilenet-v2-precision_float-0.5-128/singlestream/performance/tmp_power/ranging'
client 2025-02-28 08:12:21,919 [INFO] Running workload in testing mode
client 2025-02-28 08:12:21,920 [INFO] Synchronizing with the server and with time.google.com...
client 2025-02-28 08:12:21,944 [INFO] NTP:offset = -0.006 s, delay = 0.023 s 
client 2025-02-28 08:12:21,944 [INFO] Sending command to the server: 'time'
client 2025-02-28 08:12:21,956 [INFO] Got response: '1740730341.9180558'
client 2025-02-28 08:12:21,956 [INFO] The time difference between the client and the server is within range 26.151 ms..38.442 ms
client 2025-02-28 08:12:21,956 [INFO] Sending command to the server: 'session,2025-02-28_08-06-44,start,testing'
client 2025-02-28 08:12:35,200 [INFO] Got response: 'OK'
client 2025-02-28 08:12:35,200 [INFO] Sending command to the server: 'time'
client 2025-02-28 08:12:35,221 [INFO] Got response: '1740730355.178307'
client 2025-02-28 08:12:35,221 [INFO] The time difference between the client and the server is within range 22.514 ms..43.588 ms
client 2025-02-28 08:12:35,221 [INFO] Running the workload ' MLC_MLPERF_RUN_COUNT=$(cat ${MLC_RUN_DIR}/count.txt); echo ${MLC_MLPERF_RUN_COUNT}; MLC_MLPERF_RUN_COUNT=$((MLC_MLPERF_RUN_COUNT+1)); echo ${MLC_MLPERF_RUN_COUNT} > ${MLC_RUN_DIR}/count.txt; if [ ${MLC_MLPERF_RUN_COUNT} -eq 1 ]; then export MLC_MLPERF_USER_CONF="${MLC_MLPERF_RANGING_USER_CONF}"; else export MLC_MLPERF_USER_CONF="${MLC_MLPERF_TESTING_USER_CONF}"; fi ; /home/arjun/MLC/repos/gateoverflow@mlperf-automations/script/run-all-mlperf-models/run.out'
client 2025-02-28 08:22:37,238 [INFO] Sending command to the server: 'time'
client 2025-02-28 08:22:37,255 [INFO] Got response: '1740730957.2077384'
client 2025-02-28 08:22:37,256 [INFO] The time difference between the client and the server is within range 30.969 ms..48.245 ms
client 2025-02-28 08:22:37,256 [INFO] Sending command to the server: 'session,2025-02-28_08-06-44,stop,testing'
client 2025-02-28 08:22:48,353 [INFO] Got response: 'OK'
client 2025-02-28 08:22:48,353 [INFO] Sending command to the server: 'time'
client 2025-02-28 08:22:48,366 [INFO] Got response: '1740730968.3196833'
client 2025-02-28 08:22:48,366 [INFO] The time difference between the client and the server is within range 34.065 ms..47.083 ms
client 2025-02-28 08:22:48,367 [INFO] Copying loadgen logs from '/home/arjun/MLC/repos/local/cache/get-mlperf-inference-results-dir_e3f7a2f6/valid_results/mini-tflite_cpp-cpu-tflite-vmaster-with_live_preprocessing/mobilenet-v2-precision_float-0.5-128/singlestream/performance/run_1' to '/home/arjun/MLC/repos/local/cache/get-mlperf-inference-results-dir_e3f7a2f6/valid_results/mini-tflite_cpp-cpu-tflite-vmaster-with_live_preprocessing/mobilenet-v2-precision_float-0.5-128/singlestream/performance/tmp_power/run_1'
client 2025-02-28 08:22:48,368 [INFO] Done runs
