client 2025-02-27 15:47:39,680 [INFO] Creating output directory '/home/arjun/MLC/repos/local/cache/get-mlperf-inference-results-dir_e3f7a2f6/valid_results/mini-tflite_cpp-cpu-tflite-vmaster-default_config/efficientnet-int8-lite3/singlestream/performance/tmp_power'
client 2025-02-27 15:47:39,692 [INFO] Sending command to the server: 'mlcommons/power client v3'
client 2025-02-27 15:47:39,701 [INFO] Got response: 'mlcommons/power server v3'
client 2025-02-27 15:47:39,702 [INFO] Synchronizing with the server and with time.google.com...
client 2025-02-27 15:47:39,727 [INFO] NTP:offset = -0.001 s, delay = 0.021 s 
client 2025-02-27 15:47:39,727 [INFO] Sending command to the server: 'time'
client 2025-02-27 15:47:39,738 [INFO] Got response: '1740671259.405938'
client 2025-02-27 15:47:39,738 [INFO] The time difference between the client and the server is within range 321.582 ms..332.528 ms
client 2025-02-27 15:47:39,738 [INFO] Sending command to the server: 'new,,9e192471-f428-4707-b002-5858efa4cb15'
client 2025-02-27 15:47:39,750 [INFO] Got response: 'OK 2025-02-27_15-47-39,e9398731-5dbd-4a65-b194-882bb42d5c1b'
client 2025-02-27 15:47:39,751 [INFO] Session id is '2025-02-27_15-47-39'
client 2025-02-27 15:47:39,751 [INFO] Sources: {"sources": {"__init__.py": "da39a3ee5e6b4b0d3255bfef95601890afd80709", "client.py": "33ca4f26368777ac06e01f9567b714a4b8063886", "lib/__init__.py": "da39a3ee5e6b4b0d3255bfef95601890afd80709", "lib/client.py": "ac2aa093c8e8bbc9569b9e2a3471bc64e58a2258", "lib/common.py": "611d8b29633d331eb19c9455ea3b5fa3284ed6df", "lib/external/__init__.py": "da39a3ee5e6b4b0d3255bfef95601890afd80709", "lib/external/ntplib.py": "4da8f970656505a40483206ef2b5d3dd5e81711d", "lib/server.py": "9bc9a3b6b9b716520658ac175913bcbbdb354336", "lib/source_hashes.py": "60a2e02193209e8d392803326208d5466342da18", "lib/summary.py": "602a9fedfa503e5544d27ab3b0067f235047efc3", "lib/time_sync.py": "80894ef2389e540781ff78de94db16aa4203a14e", "server.py": "c3f90f2f7eeb4db30727556d0c815ebc89b3d28b", "tests/unit/__init__.py": "da39a3ee5e6b4b0d3255bfef95601890afd80709", "tests/unit/test_server.py": "948c1995d4008bc2aa6c4046a34ffa3858d6d671", "tests/unit/test_source_hashes.py": "00468a2907583c593e6574a1f6b404e4651c221a"}, "modules": {"ptd_client_server.lib.client": "lib/client.py", "ptd_client_server.lib.common": "lib/common.py", "ptd_client_server.lib.external.ntplib": "lib/external/ntplib.py", "ptd_client_server.lib.source_hashes": "lib/source_hashes.py", "ptd_client_server.lib.summary": "lib/summary.py", "ptd_client_server.lib.time_sync": "lib/time_sync.py"}}
client 2025-02-27 15:47:39,751 [INFO] Running workload in ranging mode
client 2025-02-27 15:47:39,751 [INFO] Synchronizing with the server and with time.google.com...
client 2025-02-27 15:47:39,779 [INFO] NTP:offset = 0.003 s, delay = 0.027 s 
client 2025-02-27 15:47:39,779 [INFO] Sending command to the server: 'time'
client 2025-02-27 15:47:39,791 [INFO] Got response: '1740671259.4585805'
client 2025-02-27 15:47:39,791 [INFO] The time difference between the client and the server is within range 321.377 ms..332.912 ms
client 2025-02-27 15:47:39,791 [INFO] Sending command to the server: 'session,2025-02-27_15-47-39,start,ranging'
client 2025-02-27 15:48:04,383 [INFO] Got response: 'OK'
client 2025-02-27 15:48:04,383 [INFO] Sending command to the server: 'time'
client 2025-02-27 15:48:04,469 [INFO] Got response: '1740671284.1367154'
client 2025-02-27 15:48:04,469 [INFO] The time difference between the client and the server is within range 247.182 ms..332.466 ms
client 2025-02-27 15:48:04,469 [INFO] Running the workload ' MLC_MLPERF_RUN_COUNT=$(cat ${MLC_RUN_DIR}/count.txt); echo ${MLC_MLPERF_RUN_COUNT}; MLC_MLPERF_RUN_COUNT=$((MLC_MLPERF_RUN_COUNT+1)); echo ${MLC_MLPERF_RUN_COUNT} > ${MLC_RUN_DIR}/count.txt; if [ ${MLC_MLPERF_RUN_COUNT} -eq 1 ]; then export MLC_MLPERF_USER_CONF="${MLC_MLPERF_RANGING_USER_CONF}"; else export MLC_MLPERF_USER_CONF="${MLC_MLPERF_TESTING_USER_CONF}"; fi ; /home/arjun/MLC/repos/gateoverflow@mlperf-automations/script/run-all-mlperf-models/run.out'
client 2025-02-27 15:53:05,167 [INFO] Sending command to the server: 'time'
client 2025-02-27 15:53:05,182 [INFO] Got response: '1740671584.8447938'
client 2025-02-27 15:53:05,182 [INFO] The time difference between the client and the server is within range 322.932 ms..337.917 ms
client 2025-02-27 15:53:05,182 [INFO] Sending command to the server: 'session,2025-02-27_15-47-39,stop,ranging'
client 2025-02-27 15:53:15,744 [INFO] Got response: 'OK'
client 2025-02-27 15:53:15,745 [INFO] Sending command to the server: 'time'
client 2025-02-27 15:53:15,755 [INFO] Got response: '1740671595.4188776'
client 2025-02-27 15:53:15,756 [INFO] The time difference between the client and the server is within range 326.186 ms..337.240 ms
client 2025-02-27 15:53:15,760 [INFO] Copying loadgen logs from '/home/arjun/MLC/repos/local/cache/get-mlperf-inference-results-dir_e3f7a2f6/valid_results/mini-tflite_cpp-cpu-tflite-vmaster-default_config/efficientnet-int8-lite3/singlestream/performance/run_1' to '/home/arjun/MLC/repos/local/cache/get-mlperf-inference-results-dir_e3f7a2f6/valid_results/mini-tflite_cpp-cpu-tflite-vmaster-default_config/efficientnet-int8-lite3/singlestream/performance/tmp_power/ranging'
client 2025-02-27 15:53:15,760 [INFO] Running workload in testing mode
client 2025-02-27 15:53:15,761 [INFO] Synchronizing with the server and with time.google.com...
client 2025-02-27 15:53:15,782 [INFO] NTP:offset = -0.002 s, delay = 0.020 s 
client 2025-02-27 15:53:15,782 [INFO] Sending command to the server: 'time'
client 2025-02-27 15:53:15,793 [INFO] Got response: '1740671595.4559329'
client 2025-02-27 15:53:15,793 [INFO] The time difference between the client and the server is within range 326.394 ms..337.662 ms
client 2025-02-27 15:53:15,793 [INFO] Sending command to the server: 'session,2025-02-27_15-47-39,start,testing'
client 2025-02-27 15:53:29,058 [INFO] Got response: 'OK'
client 2025-02-27 15:53:29,058 [INFO] Sending command to the server: 'time'
client 2025-02-27 15:53:29,076 [INFO] Got response: '1740671608.7320461'
client 2025-02-27 15:53:29,076 [INFO] The time difference between the client and the server is within range 326.638 ms..344.604 ms
client 2025-02-27 15:53:29,076 [INFO] Running the workload ' MLC_MLPERF_RUN_COUNT=$(cat ${MLC_RUN_DIR}/count.txt); echo ${MLC_MLPERF_RUN_COUNT}; MLC_MLPERF_RUN_COUNT=$((MLC_MLPERF_RUN_COUNT+1)); echo ${MLC_MLPERF_RUN_COUNT} > ${MLC_RUN_DIR}/count.txt; if [ ${MLC_MLPERF_RUN_COUNT} -eq 1 ]; then export MLC_MLPERF_USER_CONF="${MLC_MLPERF_RANGING_USER_CONF}"; else export MLC_MLPERF_USER_CONF="${MLC_MLPERF_TESTING_USER_CONF}"; fi ; /home/arjun/MLC/repos/gateoverflow@mlperf-automations/script/run-all-mlperf-models/run.out'
client 2025-02-27 16:03:29,392 [INFO] Sending command to the server: 'time'
client 2025-02-27 16:03:29,407 [INFO] Got response: '1740672209.0591288'
client 2025-02-27 16:03:29,407 [INFO] The time difference between the client and the server is within range 333.124 ms..348.639 ms
client 2025-02-27 16:03:29,407 [INFO] Sending command to the server: 'session,2025-02-27_15-47-39,stop,testing'
client 2025-02-27 16:03:40,388 [INFO] Got response: 'OK'
client 2025-02-27 16:03:40,389 [INFO] Sending command to the server: 'time'
client 2025-02-27 16:03:40,405 [INFO] Got response: '1740672220.0564547'
client 2025-02-27 16:03:40,405 [INFO] The time difference between the client and the server is within range 332.700 ms..349.249 ms
client 2025-02-27 16:03:40,406 [INFO] Copying loadgen logs from '/home/arjun/MLC/repos/local/cache/get-mlperf-inference-results-dir_e3f7a2f6/valid_results/mini-tflite_cpp-cpu-tflite-vmaster-default_config/efficientnet-int8-lite3/singlestream/performance/run_1' to '/home/arjun/MLC/repos/local/cache/get-mlperf-inference-results-dir_e3f7a2f6/valid_results/mini-tflite_cpp-cpu-tflite-vmaster-default_config/efficientnet-int8-lite3/singlestream/performance/tmp_power/run_1'
client 2025-02-27 16:03:40,407 [INFO] Done runs
