client 2025-02-27 00:41:39,907 [INFO] Creating output directory '/home/arjun/MLC/repos/local/cache/get-mlperf-inference-results-dir_e3f7a2f6/valid_results/mini-tflite_cpp-cpu-tflite-vmaster-default_config/mobilenet-v3-precision_float-small-minimalistic-224/singlestream/performance/tmp_power'
client 2025-02-27 00:41:39,914 [INFO] Sending command to the server: 'mlcommons/power client v3'
client 2025-02-27 00:41:39,926 [INFO] Got response: 'mlcommons/power server v3'
client 2025-02-27 00:41:39,926 [INFO] Synchronizing with the server and with time.google.com...
client 2025-02-27 00:41:39,948 [INFO] NTP:offset = -0.013 s, delay = 0.018 s 
client 2025-02-27 00:41:39,948 [INFO] Sending command to the server: 'time'
client 2025-02-27 00:41:39,960 [INFO] Got response: '1740616899.8538604'
client 2025-02-27 00:41:39,960 [INFO] The time difference between the client and the server is within range 94.739 ms..107.062 ms
client 2025-02-27 00:41:39,961 [INFO] Sending command to the server: 'new,,d15ceaba-89a4-43c2-8d9d-f4221b9096b6'
client 2025-02-27 00:41:39,979 [INFO] Got response: 'OK 2025-02-27_00-41-39,ed6f4d64-9aff-4ea4-80df-ba3d4b093dcc'
client 2025-02-27 00:41:39,979 [INFO] Session id is '2025-02-27_00-41-39'
client 2025-02-27 00:41:39,980 [INFO] Sources: {"sources": {"__init__.py": "da39a3ee5e6b4b0d3255bfef95601890afd80709", "client.py": "33ca4f26368777ac06e01f9567b714a4b8063886", "lib/__init__.py": "da39a3ee5e6b4b0d3255bfef95601890afd80709", "lib/client.py": "ac2aa093c8e8bbc9569b9e2a3471bc64e58a2258", "lib/common.py": "611d8b29633d331eb19c9455ea3b5fa3284ed6df", "lib/external/__init__.py": "da39a3ee5e6b4b0d3255bfef95601890afd80709", "lib/external/ntplib.py": "4da8f970656505a40483206ef2b5d3dd5e81711d", "lib/server.py": "9bc9a3b6b9b716520658ac175913bcbbdb354336", "lib/source_hashes.py": "60a2e02193209e8d392803326208d5466342da18", "lib/summary.py": "602a9fedfa503e5544d27ab3b0067f235047efc3", "lib/time_sync.py": "80894ef2389e540781ff78de94db16aa4203a14e", "server.py": "c3f90f2f7eeb4db30727556d0c815ebc89b3d28b", "tests/unit/__init__.py": "da39a3ee5e6b4b0d3255bfef95601890afd80709", "tests/unit/test_server.py": "948c1995d4008bc2aa6c4046a34ffa3858d6d671", "tests/unit/test_source_hashes.py": "00468a2907583c593e6574a1f6b404e4651c221a"}, "modules": {"ptd_client_server.lib.client": "lib/client.py", "ptd_client_server.lib.common": "lib/common.py", "ptd_client_server.lib.external.ntplib": "lib/external/ntplib.py", "ptd_client_server.lib.source_hashes": "lib/source_hashes.py", "ptd_client_server.lib.summary": "lib/summary.py", "ptd_client_server.lib.time_sync": "lib/time_sync.py"}}
client 2025-02-27 00:41:39,980 [INFO] Running workload in ranging mode
client 2025-02-27 00:41:39,980 [INFO] Synchronizing with the server and with time.google.com...
client 2025-02-27 00:41:40,001 [INFO] NTP:offset = -0.012 s, delay = 0.019 s 
client 2025-02-27 00:41:40,001 [INFO] Sending command to the server: 'time'
client 2025-02-27 00:41:40,013 [INFO] Got response: '1740616899.9064322'
client 2025-02-27 00:41:40,013 [INFO] The time difference between the client and the server is within range 94.991 ms..107.058 ms
client 2025-02-27 00:41:40,013 [INFO] Sending command to the server: 'session,2025-02-27_00-41-39,start,ranging'
client 2025-02-27 00:42:04,447 [INFO] Got response: 'OK'
client 2025-02-27 00:42:04,447 [INFO] Sending command to the server: 'time'
client 2025-02-27 00:42:04,457 [INFO] Got response: '1740616924.3514857'
client 2025-02-27 00:42:04,457 [INFO] The time difference between the client and the server is within range 96.084 ms..105.965 ms
client 2025-02-27 00:42:04,457 [INFO] Running the workload ' MLC_MLPERF_RUN_COUNT=$(cat ${MLC_RUN_DIR}/count.txt); echo ${MLC_MLPERF_RUN_COUNT}; MLC_MLPERF_RUN_COUNT=$((MLC_MLPERF_RUN_COUNT+1)); echo ${MLC_MLPERF_RUN_COUNT} > ${MLC_RUN_DIR}/count.txt; if [ ${MLC_MLPERF_RUN_COUNT} -eq 1 ]; then export MLC_MLPERF_USER_CONF="${MLC_MLPERF_RANGING_USER_CONF}"; else export MLC_MLPERF_USER_CONF="${MLC_MLPERF_TESTING_USER_CONF}"; fi ; /home/arjun/MLC/repos/gateoverflow@mlperf-automations/script/run-all-mlperf-models/run.out'
client 2025-02-27 00:47:06,158 [INFO] Sending command to the server: 'time'
client 2025-02-27 00:47:06,173 [INFO] Got response: '1740617226.0617247'
client 2025-02-27 00:47:06,173 [INFO] The time difference between the client and the server is within range 96.427 ms..111.823 ms
client 2025-02-27 00:47:06,173 [INFO] Sending command to the server: 'session,2025-02-27_00-41-39,stop,ranging'
client 2025-02-27 00:47:16,776 [INFO] Got response: 'OK'
client 2025-02-27 00:47:16,776 [INFO] Sending command to the server: 'time'
client 2025-02-27 00:47:16,785 [INFO] Got response: '1740617236.675124'
client 2025-02-27 00:47:16,786 [INFO] The time difference between the client and the server is within range 101.118 ms..110.972 ms
client 2025-02-27 00:47:16,790 [INFO] Copying loadgen logs from '/home/arjun/MLC/repos/local/cache/get-mlperf-inference-results-dir_e3f7a2f6/valid_results/mini-tflite_cpp-cpu-tflite-vmaster-default_config/mobilenet-v3-precision_float-small-minimalistic-224/singlestream/performance/run_1' to '/home/arjun/MLC/repos/local/cache/get-mlperf-inference-results-dir_e3f7a2f6/valid_results/mini-tflite_cpp-cpu-tflite-vmaster-default_config/mobilenet-v3-precision_float-small-minimalistic-224/singlestream/performance/tmp_power/ranging'
client 2025-02-27 00:47:16,790 [INFO] Running workload in testing mode
client 2025-02-27 00:47:16,790 [INFO] Synchronizing with the server and with time.google.com...
client 2025-02-27 00:47:16,812 [INFO] NTP:offset = -0.008 s, delay = 0.020 s 
client 2025-02-27 00:47:16,812 [INFO] Sending command to the server: 'time'
client 2025-02-27 00:47:16,823 [INFO] Got response: '1740617236.7137942'
client 2025-02-27 00:47:16,823 [INFO] The time difference between the client and the server is within range 98.855 ms..110.177 ms
client 2025-02-27 00:47:16,824 [INFO] Sending command to the server: 'session,2025-02-27_00-41-39,start,testing'
client 2025-02-27 00:47:29,902 [INFO] Got response: 'OK'
client 2025-02-27 00:47:29,902 [INFO] Sending command to the server: 'time'
client 2025-02-27 00:47:29,913 [INFO] Got response: '1740617249.8044748'
client 2025-02-27 00:47:29,913 [INFO] The time difference between the client and the server is within range 98.226 ms..109.246 ms
client 2025-02-27 00:47:29,913 [INFO] Running the workload ' MLC_MLPERF_RUN_COUNT=$(cat ${MLC_RUN_DIR}/count.txt); echo ${MLC_MLPERF_RUN_COUNT}; MLC_MLPERF_RUN_COUNT=$((MLC_MLPERF_RUN_COUNT+1)); echo ${MLC_MLPERF_RUN_COUNT} > ${MLC_RUN_DIR}/count.txt; if [ ${MLC_MLPERF_RUN_COUNT} -eq 1 ]; then export MLC_MLPERF_USER_CONF="${MLC_MLPERF_RANGING_USER_CONF}"; else export MLC_MLPERF_USER_CONF="${MLC_MLPERF_TESTING_USER_CONF}"; fi ; /home/arjun/MLC/repos/gateoverflow@mlperf-automations/script/run-all-mlperf-models/run.out'
client 2025-02-27 00:57:31,580 [INFO] Sending command to the server: 'time'
client 2025-02-27 00:57:31,596 [INFO] Got response: '1740617851.4737728'
client 2025-02-27 00:57:31,596 [INFO] The time difference between the client and the server is within range 106.337 ms..122.641 ms
client 2025-02-27 00:57:31,596 [INFO] Sending command to the server: 'session,2025-02-27_00-41-39,stop,testing'
client 2025-02-27 00:57:42,241 [INFO] Got response: 'OK'
client 2025-02-27 00:57:42,241 [INFO] Sending command to the server: 'time'
client 2025-02-27 00:57:42,251 [INFO] Got response: '1740617862.1300328'
client 2025-02-27 00:57:42,252 [INFO] The time difference between the client and the server is within range 111.861 ms..121.981 ms
client 2025-02-27 00:57:42,253 [INFO] Copying loadgen logs from '/home/arjun/MLC/repos/local/cache/get-mlperf-inference-results-dir_e3f7a2f6/valid_results/mini-tflite_cpp-cpu-tflite-vmaster-default_config/mobilenet-v3-precision_float-small-minimalistic-224/singlestream/performance/run_1' to '/home/arjun/MLC/repos/local/cache/get-mlperf-inference-results-dir_e3f7a2f6/valid_results/mini-tflite_cpp-cpu-tflite-vmaster-default_config/mobilenet-v3-precision_float-small-minimalistic-224/singlestream/performance/tmp_power/run_1'
client 2025-02-27 00:57:42,253 [INFO] Done runs
