Graph file: /home/ubuntu/MLC/repos/local/cache/get-ml-model-mobilenet_62e24480/mobilenet_v1_0.25_160.tflite
Image dir: /home/ubuntu/MLC/repos/local/cache/get-preprocessed-dataset-imagenet_9aa30646
Image list: /home/ubuntu/MLC/repos/local/cache/get-preprocessed-dataset-imagenet_9aa30646/preprocessed_files.txt
Image size: 160
Image channels: 3
Prediction classes: 1000
Result dir: /home/ubuntu/MLC/repos/local/cache/get-mlperf-inference-results-dir_50b75c1c/valid_results/i_0146cad506db24229-tflite_cpp-cpu-tflite-vmaster-with_live_preprocessing/mobilenet-v1-precision_float-0.25-160/singlestream/performance/run_1
How many images fit in memory buffer: 1024
Normalize: 1
Subtract mean: 0
Run time preprocessing: 1
Number of Threads: 2
Number of available imagefiles: 50000

Loading graph...
INFO: Created TensorFlow Lite XNNPACK delegate for CPU.
Input tensor dimensions (NHWC): 1*160*160*3
Output tensor dimensions: 1*1001
Path to user.conf : /home/ubuntu/MLC/repos/gateoverflow@mlperf-automations/script/generate-mlperf-inference-user-conf/tmp/cc9567fd505d461e91b8c3a1d1890a59.conf
Model Name: mobilenet
LoadGen Scenario: SingleStream
LoadGen Mode: performance
