client 2025-02-27 22:56:04,808 [INFO] Creating output directory '/home/arjun/MLC/repos/local/cache/get-mlperf-inference-results-dir_e3f7a2f6/valid_results/mini-tflite_cpp-cpu-tflite-vmaster-with_live_preprocessing/mobilenet-v2-precision_float-1.0-192/singlestream/performance/tmp_power'
client 2025-02-27 22:56:04,816 [INFO] Sending command to the server: 'mlcommons/power client v3'
client 2025-02-27 22:56:04,826 [INFO] Got response: 'mlcommons/power server v3'
client 2025-02-27 22:56:04,826 [INFO] Synchronizing with the server and with time.google.com...
client 2025-02-27 22:56:04,853 [INFO] NTP:offset = -0.004 s, delay = 0.024 s 
client 2025-02-27 22:56:04,854 [INFO] Sending command to the server: 'time'
client 2025-02-27 22:56:04,867 [INFO] Got response: '1740696964.6465793'
client 2025-02-27 22:56:04,867 [INFO] The time difference between the client and the server is within range 207.527 ms..221.087 ms
client 2025-02-27 22:56:04,867 [INFO] Sending command to the server: 'new,,056de94c-027a-4442-ad9b-76bb3b527e3d'
client 2025-02-27 22:56:04,883 [INFO] Got response: 'OK 2025-02-27_22-56-04,1ceb3887-e9ef-45fd-af13-e05c59181452'
client 2025-02-27 22:56:04,883 [INFO] Session id is '2025-02-27_22-56-04'
client 2025-02-27 22:56:04,883 [INFO] Sources: {"sources": {"__init__.py": "da39a3ee5e6b4b0d3255bfef95601890afd80709", "client.py": "33ca4f26368777ac06e01f9567b714a4b8063886", "lib/__init__.py": "da39a3ee5e6b4b0d3255bfef95601890afd80709", "lib/client.py": "ac2aa093c8e8bbc9569b9e2a3471bc64e58a2258", "lib/common.py": "611d8b29633d331eb19c9455ea3b5fa3284ed6df", "lib/external/__init__.py": "da39a3ee5e6b4b0d3255bfef95601890afd80709", "lib/external/ntplib.py": "4da8f970656505a40483206ef2b5d3dd5e81711d", "lib/server.py": "9bc9a3b6b9b716520658ac175913bcbbdb354336", "lib/source_hashes.py": "60a2e02193209e8d392803326208d5466342da18", "lib/summary.py": "602a9fedfa503e5544d27ab3b0067f235047efc3", "lib/time_sync.py": "80894ef2389e540781ff78de94db16aa4203a14e", "server.py": "c3f90f2f7eeb4db30727556d0c815ebc89b3d28b", "tests/unit/__init__.py": "da39a3ee5e6b4b0d3255bfef95601890afd80709", "tests/unit/test_server.py": "948c1995d4008bc2aa6c4046a34ffa3858d6d671", "tests/unit/test_source_hashes.py": "00468a2907583c593e6574a1f6b404e4651c221a"}, "modules": {"ptd_client_server.lib.client": "lib/client.py", "ptd_client_server.lib.common": "lib/common.py", "ptd_client_server.lib.external.ntplib": "lib/external/ntplib.py", "ptd_client_server.lib.source_hashes": "lib/source_hashes.py", "ptd_client_server.lib.summary": "lib/summary.py", "ptd_client_server.lib.time_sync": "lib/time_sync.py"}}
client 2025-02-27 22:56:04,884 [INFO] Running workload in ranging mode
client 2025-02-27 22:56:04,884 [INFO] Synchronizing with the server and with time.google.com...
client 2025-02-27 22:56:04,908 [INFO] NTP:offset = -0.005 s, delay = 0.023 s 
client 2025-02-27 22:56:04,908 [INFO] Sending command to the server: 'time'
client 2025-02-27 22:56:04,921 [INFO] Got response: '1740696964.7016776'
client 2025-02-27 22:56:04,921 [INFO] The time difference between the client and the server is within range 207.165 ms..220.066 ms
client 2025-02-27 22:56:04,921 [INFO] Sending command to the server: 'session,2025-02-27_22-56-04,start,ranging'
client 2025-02-27 22:56:29,468 [INFO] Got response: 'OK'
client 2025-02-27 22:56:29,468 [INFO] Sending command to the server: 'time'
client 2025-02-27 22:56:29,481 [INFO] Got response: '1740696989.2633243'
client 2025-02-27 22:56:29,482 [INFO] The time difference between the client and the server is within range 205.207 ms..218.736 ms
client 2025-02-27 22:56:29,482 [INFO] Running the workload ' MLC_MLPERF_RUN_COUNT=$(cat ${MLC_RUN_DIR}/count.txt); echo ${MLC_MLPERF_RUN_COUNT}; MLC_MLPERF_RUN_COUNT=$((MLC_MLPERF_RUN_COUNT+1)); echo ${MLC_MLPERF_RUN_COUNT} > ${MLC_RUN_DIR}/count.txt; if [ ${MLC_MLPERF_RUN_COUNT} -eq 1 ]; then export MLC_MLPERF_USER_CONF="${MLC_MLPERF_RANGING_USER_CONF}"; else export MLC_MLPERF_USER_CONF="${MLC_MLPERF_TESTING_USER_CONF}"; fi ; /home/arjun/MLC/repos/gateoverflow@mlperf-automations/script/run-all-mlperf-models/run.out'
client 2025-02-27 23:01:30,769 [INFO] Sending command to the server: 'time'
client 2025-02-27 23:01:30,783 [INFO] Got response: '1740697290.5592306'
client 2025-02-27 23:01:30,783 [INFO] The time difference between the client and the server is within range 210.474 ms..224.333 ms
client 2025-02-27 23:01:30,783 [INFO] Sending command to the server: 'session,2025-02-27_22-56-04,stop,ranging'
client 2025-02-27 23:01:42,112 [INFO] Got response: 'OK'
client 2025-02-27 23:01:42,112 [INFO] Sending command to the server: 'time'
client 2025-02-27 23:01:42,121 [INFO] Got response: '1740697301.8978891'
client 2025-02-27 23:01:42,121 [INFO] The time difference between the client and the server is within range 214.802 ms..224.000 ms
client 2025-02-27 23:01:42,126 [INFO] Copying loadgen logs from '/home/arjun/MLC/repos/local/cache/get-mlperf-inference-results-dir_e3f7a2f6/valid_results/mini-tflite_cpp-cpu-tflite-vmaster-with_live_preprocessing/mobilenet-v2-precision_float-1.0-192/singlestream/performance/run_1' to '/home/arjun/MLC/repos/local/cache/get-mlperf-inference-results-dir_e3f7a2f6/valid_results/mini-tflite_cpp-cpu-tflite-vmaster-with_live_preprocessing/mobilenet-v2-precision_float-1.0-192/singlestream/performance/tmp_power/ranging'
client 2025-02-27 23:01:42,126 [INFO] Running workload in testing mode
client 2025-02-27 23:01:42,126 [INFO] Synchronizing with the server and with time.google.com...
client 2025-02-27 23:01:42,153 [INFO] NTP:offset = -0.003 s, delay = 0.025 s 
client 2025-02-27 23:01:42,153 [INFO] Sending command to the server: 'time'
client 2025-02-27 23:01:42,167 [INFO] Got response: '1740697301.9431314'
client 2025-02-27 23:01:42,167 [INFO] The time difference between the client and the server is within range 210.417 ms..224.717 ms
client 2025-02-27 23:01:42,167 [INFO] Sending command to the server: 'session,2025-02-27_22-56-04,start,testing'
client 2025-02-27 23:01:55,423 [INFO] Got response: 'OK'
client 2025-02-27 23:01:55,423 [INFO] Sending command to the server: 'time'
client 2025-02-27 23:01:55,436 [INFO] Got response: '1740697315.2108147'
client 2025-02-27 23:01:55,436 [INFO] The time difference between the client and the server is within range 212.839 ms..225.336 ms
client 2025-02-27 23:01:55,436 [INFO] Running the workload ' MLC_MLPERF_RUN_COUNT=$(cat ${MLC_RUN_DIR}/count.txt); echo ${MLC_MLPERF_RUN_COUNT}; MLC_MLPERF_RUN_COUNT=$((MLC_MLPERF_RUN_COUNT+1)); echo ${MLC_MLPERF_RUN_COUNT} > ${MLC_RUN_DIR}/count.txt; if [ ${MLC_MLPERF_RUN_COUNT} -eq 1 ]; then export MLC_MLPERF_USER_CONF="${MLC_MLPERF_RANGING_USER_CONF}"; else export MLC_MLPERF_USER_CONF="${MLC_MLPERF_TESTING_USER_CONF}"; fi ; /home/arjun/MLC/repos/gateoverflow@mlperf-automations/script/run-all-mlperf-models/run.out'
client 2025-02-27 23:11:57,338 [INFO] Sending command to the server: 'time'
client 2025-02-27 23:11:57,353 [INFO] Got response: '1740697917.1193478'
client 2025-02-27 23:11:57,353 [INFO] The time difference between the client and the server is within range 219.553 ms..234.627 ms
client 2025-02-27 23:11:57,354 [INFO] Sending command to the server: 'session,2025-02-27_22-56-04,stop,testing'
client 2025-02-27 23:12:08,595 [INFO] Got response: 'OK'
client 2025-02-27 23:12:08,595 [INFO] Sending command to the server: 'time'
client 2025-02-27 23:12:08,608 [INFO] Got response: '1740697928.3739722'
client 2025-02-27 23:12:08,608 [INFO] The time difference between the client and the server is within range 221.966 ms..234.903 ms
client 2025-02-27 23:12:08,609 [INFO] Copying loadgen logs from '/home/arjun/MLC/repos/local/cache/get-mlperf-inference-results-dir_e3f7a2f6/valid_results/mini-tflite_cpp-cpu-tflite-vmaster-with_live_preprocessing/mobilenet-v2-precision_float-1.0-192/singlestream/performance/run_1' to '/home/arjun/MLC/repos/local/cache/get-mlperf-inference-results-dir_e3f7a2f6/valid_results/mini-tflite_cpp-cpu-tflite-vmaster-with_live_preprocessing/mobilenet-v2-precision_float-1.0-192/singlestream/performance/tmp_power/run_1'
client 2025-02-27 23:12:08,610 [INFO] Done runs
