Graph file: /home/mlcuser/MLC/repos/local/cache/get-ml-model-mobilenet_9ae0e619/mobilenet_v2_1.0_160.tflite
Image dir: /home/mlcuser/MLC/repos/local/cache/get-preprocessed-dataset-imagenet_4e304b1d
Image list: /home/mlcuser/MLC/repos/local/cache/get-preprocessed-dataset-imagenet_4e304b1d/preprocessed_files.txt
Image size: 160
Image channels: 3
Prediction classes: 1000
Result dir: /home/mlcuser/MLC/repos/local/cache/get-mlperf-inference-results-dir_37516274/valid_results/intel_spr_i9_ubuntu20.04-tflite_cpp-cpu-tflite-vmaster-default_config/mobilenet-v2-precision_float-1.0-160/singlestream/performance/run_1
How many images fit in memory buffer: 1024
Normalize: 1
Subtract mean: 0
Run time preprocessing: 0
Number of Threads: 32
Number of available imagefiles: 50000

Loading graph...
INFO: Created TensorFlow Lite XNNPACK delegate for CPU.
Input tensor dimensions (NHWC): 1*160*160*3
Output tensor dimensions: 1*1001
Path to user.conf : /home/mlcuser/MLC/repos/gateoverflow@mlperf-automations/script/generate-mlperf-inference-user-conf/tmp/a52ae7e51d01451bb3c5f4b69f4c2e3a.conf
Model Name: mobilenet
LoadGen Scenario: SingleStream
LoadGen Mode: performance
