Graph file: /home/mlcuser/MLC/repos/local/cache/get-ml-model-mobilenet_8966d0b5/mobilenet_v1_0.5_192_quant.tflite
Image dir: /home/mlcuser/MLC/repos/local/cache/get-preprocessed-dataset-imagenet_136d1cd5
Image list: /home/mlcuser/MLC/repos/local/cache/get-preprocessed-dataset-imagenet_136d1cd5/preprocessed_files.txt
Image size: 192
Image channels: 3
Prediction classes: 1000
Result dir: /home/mlcuser/MLC/repos/local/cache/get-mlperf-inference-results-dir_37516274/valid_results/intel_spr_i9_ubuntu20.04-tflite_cpp-cpu-tflite-vmaster-default_config/mobilenet-v1-precision_uint8-0.5-192/singlestream/accuracy
How many images fit in memory buffer: 1024
Normalize: 1
Subtract mean: 0
Run time preprocessing: 1
Number of Threads: 32
Number of available imagefiles: 50000

Loading graph...
INFO: Created TensorFlow Lite XNNPACK delegate for CPU.
Input tensor dimensions (NHWC): 1*192*192*3
Output tensor dimensions: 1*1001
Path to user.conf : /home/mlcuser/MLC/repos/gateoverflow@mlperf-automations/script/generate-mlperf-inference-user-conf/tmp/6e13398bc6794409a43e31c5a0c40d0f.conf
Model Name: mobilenet
LoadGen Scenario: SingleStream
LoadGen Mode: accuracy
