Graph file: /home/arjun/MLC/repos/local/cache/get-ml-model-efficientnet-lite_7e2278b1/efficientnet-lite0/efficientnet-lite0-int8.tflite
Image dir: /home/arjun/MLC/repos/local/cache/get-preprocessed-dataset-imagenet_7c645114
Image list: /home/arjun/MLC/repos/local/cache/get-preprocessed-dataset-imagenet_7c645114/preprocessed_files.txt
Image size: 224
Image channels: 3
Prediction classes: 1000
Result dir: /home/arjun/MLC/repos/local/cache/get-mlperf-inference-results-dir_e3f7a2f6/valid_results/mini-tflite_cpp-cpu-tflite-vmaster-default_config/efficientnet-int8-lite0/singlestream/performance/run_1
How many images fit in memory buffer: 1024
Normalize: 1
Subtract mean: 0
Run time preprocessing: 1
Number of Threads: 6
Number of available imagefiles: 50000

Loading graph...
INFO: Created TensorFlow Lite XNNPACK delegate for CPU.
Input tensor dimensions (NHWC): 1*224*224*3
Output tensor dimensions: 1*1000
Path to user.conf : /home/arjun/MLC/repos/gateoverflow@mlperf-automations/script/generate-mlperf-inference-user-conf/tmp/9e8561858da74f879b34be9a79821c46.conf
Model Name: efficientnet
LoadGen Scenario: SingleStream
LoadGen Mode: performance
