Graph file: /home/ubuntu/MLC/repos/local/cache/get-ml-model-mobilenet_06691aff/mobilenet_v2_0.35_192.tflite
Image dir: /home/ubuntu/MLC/repos/local/cache/get-preprocessed-dataset-imagenet_dd56eec1
Image list: /home/ubuntu/MLC/repos/local/cache/get-preprocessed-dataset-imagenet_dd56eec1/preprocessed_files.txt
Image size: 192
Image channels: 3
Prediction classes: 1000
Result dir: /home/ubuntu/MLC/repos/local/cache/get-mlperf-inference-results-dir_4228e285/valid_results/i_0f5d227488e14170d-tflite_cpp-cpu-tflite-vmaster-default_config/mobilenet-v2-precision_float-0.35-192/singlestream/performance/run_1
How many images fit in memory buffer: 1024
Normalize: 1
Subtract mean: 0
Run time preprocessing: 0
Number of Threads: 8
Number of available imagefiles: 50000

Loading graph...
INFO: Created TensorFlow Lite XNNPACK delegate for CPU.
Input tensor dimensions (NHWC): 1*192*192*3
Output tensor dimensions: 1*1001
Path to user.conf : /home/ubuntu/MLC/repos/gateoverflow@mlperf-automations/script/generate-mlperf-inference-user-conf/tmp/ca1b387bc13b4680a40976927cf86594.conf
Model Name: mobilenet
LoadGen Scenario: SingleStream
LoadGen Mode: performance
