Graph file: /home/arjun/MLC/repos/local/cache/get-ml-model-mobilenet_8b0d5d5c/mobilenet_v1_0.5_160.tflite
Image dir: /mnt/arjun/MLC/repos/local/cache/get-preprocessed-dataset-imagenet_e7865ea0
Image list: /mnt/arjun/MLC/repos/local/cache/get-preprocessed-dataset-imagenet_e7865ea0/preprocessed_files.txt
Image size: 160
Image channels: 3
Prediction classes: 1000
Result dir: /home/arjun/MLC/repos/local/cache/get-mlperf-inference-results-dir_37516274/valid_results/intel_spr_i9-tflite_cpp-cpu-tflite-vmaster-default_config/mobilenet-v1-precision_float-0.5-160/singlestream/performance/run_1
How many images fit in memory buffer: 1024
Normalize: 1
Subtract mean: 0
Run time preprocessing: 0
Number of Threads: 16
Number of available imagefiles: 50000

Loading graph...
INFO: Created TensorFlow Lite XNNPACK delegate for CPU.
Input tensor dimensions (NHWC): 1*160*160*3
Output tensor dimensions: 1*1001
Path to user.conf : /home/arjun/MLC/repos/gateoverflow@mlperf-automations/script/generate-mlperf-inference-user-conf/tmp/ba8f82c160774809bb66c193dd8d63ac.conf
Model Name: mobilenet
LoadGen Scenario: SingleStream
LoadGen Mode: performance
