Graph file: /mnt/arjun/MLC/repos/local/cache/get-ml-model-mobilenet_72402a87/mobilenet_v2_1.0_224.tflite
Image dir: /mnt/arjun/MLC/repos/local/cache/get-preprocessed-dataset-imagenet_c494d5f7
Image list: /mnt/arjun/MLC/repos/local/cache/get-preprocessed-dataset-imagenet_c494d5f7/preprocessed_files.txt
Image size: 224
Image channels: 3
Prediction classes: 1000
Result dir: /home/arjun/MLC/repos/local/cache/get-mlperf-inference-results-dir_338d2055/valid_results/arjun_spr-tflite_cpp-cpu-tflite-vmaster-default_config/mobilenet-v2-precision_float-1.0-224/singlestream/performance/run_1
How many images fit in memory buffer: 1024
Normalize: 1
Subtract mean: 0
Run time preprocessing: 0
Number of Threads: 24
Number of available imagefiles: 50000

Loading graph...
INFO: Created TensorFlow Lite XNNPACK delegate for CPU.
Input tensor dimensions (NHWC): 1*224*224*3
Output tensor dimensions: 1*1001
Path to user.conf : /home/arjun/MLC/repos/gateoverflow@mlperf-automations/script/generate-mlperf-inference-user-conf/tmp/8b4a12fc7fd2416193ce7172cb58934e.conf
Model Name: mobilenet
LoadGen Scenario: SingleStream
LoadGen Mode: performance
