Graph file: /home/mlcuser/MLC/repos/local/cache/get-ml-model-mobilenet_87051bd2/mobilenet_v1_1.0_224_quant.tflite
Image dir: /home/mlcuser/MLC/repos/local/cache/get-preprocessed-dataset-imagenet_96a7cec3
Image list: /home/mlcuser/MLC/repos/local/cache/get-preprocessed-dataset-imagenet_96a7cec3/preprocessed_files.txt
Image size: 224
Image channels: 3
Prediction classes: 1000
Result dir: /home/mlcuser/MLC/repos/local/cache/get-mlperf-inference-results-dir_efb60c2c/valid_results/8a15d68f4cec-tflite_cpp-cpu-tflite-vmaster-default_config/mobilenet-v1-precision_uint8-1.0-224/singlestream/performance/run_1
How many images fit in memory buffer: 1024
Normalize: 1
Subtract mean: 0
Run time preprocessing: 1
Number of Threads: 16
Number of available imagefiles: 50000

Loading graph...
INFO: Created TensorFlow Lite XNNPACK delegate for CPU.
Input tensor dimensions (NHWC): 1*224*224*3
Output tensor dimensions: 1*1001
Path to user.conf : /home/mlcuser/MLC/repos/gateoverflow@mlperf-automations/script/generate-mlperf-inference-user-conf/tmp/8fe37c83d65b42f2ae1c1707c3955c22.conf
Model Name: mobilenet
LoadGen Scenario: SingleStream
LoadGen Mode: performance
