Graph file: /home/mlcuser/MLC/repos/local/cache/get-ml-model-efficientnet-lite_be323538/efficientnet-lite0/efficientnet-lite0-fp32.tflite
Image dir: /home/mlcuser/MLC/repos/local/cache/get-preprocessed-dataset-imagenet_539dba1f
Image list: /home/mlcuser/MLC/repos/local/cache/get-preprocessed-dataset-imagenet_539dba1f/preprocessed_files.txt
Image size: 224
Image channels: 3
Prediction classes: 1000
Result dir: /home/mlcuser/MLC/repos/local/cache/get-mlperf-inference-results-dir_338d2055/valid_results/640b615ae987-tflite_cpp-cpu-tflite-vmaster-with_live_preprocessing/efficientnet-fp32-lite0/singlestream/performance/run_1
How many images fit in memory buffer: 1024
Normalize: 1
Subtract mean: 0
Run time preprocessing: 1
Number of Threads: 48
Number of available imagefiles: 50000

Loading graph...
INFO: Created TensorFlow Lite XNNPACK delegate for CPU.
Input tensor dimensions (NHWC): 1*224*224*3
Output tensor dimensions: 1*1000
Path to user.conf : /home/mlcuser/MLC/repos/mlcommons@mlperf-automations/script/generate-mlperf-inference-user-conf/tmp/5996d26e0eb34915be40a297b9f94952.conf
Model Name: efficientnet
LoadGen Scenario: SingleStream
LoadGen Mode: performance
