[2025-02-15 06:14:23,199 main.py:229 INFO] Detected system ID: KnownSystem.Nvidia_88db3b15a5fe
[2025-02-15 06:14:23,517 generate_conf_files.py:107 INFO] Generated measurements/ entries for Nvidia_88db3b15a5fe_TRT/bert-99/SingleStream
[2025-02-15 06:14:23,517 __init__.py:46 INFO] Running command: ./build/bin/harness_bert --logfile_outdir="/mlc-mount/home/arjun/gh_action_results/valid_results/RTX4090x1-nvidia_original-gpu-tensorrt-vdefault-default_config/bert-99/singlestream/performance/run_1" --logfile_prefix="mlperf_log_" --performance_sample_count=10833 --test_mode="PerformanceOnly" --gpu_batch_size=1 --mlperf_conf_path="/home/mlcuser/MLC/repos/local/cache/get-git-repo_ce23e08c/inference/mlperf.conf" --tensor_path="build/preprocessed_data/squad_tokenized/input_ids.npy,build/preprocessed_data/squad_tokenized/segment_ids.npy,build/preprocessed_data/squad_tokenized/input_mask.npy" --use_graphs=true --user_conf_path="/home/mlcuser/MLC/repos/mlcommons@mlperf-automations/script/generate-mlperf-inference-user-conf/tmp/e97d7a2c9cb8412dbba81e5950b7a8fb.conf" --gpu_inference_streams=1 --gpu_copy_streams=1 --gpu_engines="./build/engines/Nvidia_88db3b15a5fe/bert/SingleStream/bert-SingleStream-gpu-int8_S_384_B_1_P_1_vs.custom_k_99_MaxP.plan" --scenario SingleStream --model bert
[2025-02-15 06:14:23,517 __init__.py:53 INFO] Overriding Environment
benchmark : Benchmark.BERT
buffer_manager_thread_count : 0
coalesced_tensor : True
data_dir : /home/mlcuser/MLC/repos/local/cache/get-mlperf-inference-nvidia-scratch-space_fe95ede4/data
gpu_batch_size : 1
gpu_copy_streams : 1
gpu_inference_streams : 1
input_dtype : int32
input_format : linear
log_dir : /home/mlcuser/MLC/repos/local/cache/get-git-repo_e7fa5107/repo/closed/NVIDIA/build/logs/2025.02.15-06.14.22
mlperf_conf_path : /home/mlcuser/MLC/repos/local/cache/get-git-repo_ce23e08c/inference/mlperf.conf
precision : int8
preprocessed_data_dir : /home/mlcuser/MLC/repos/local/cache/get-mlperf-inference-nvidia-scratch-space_fe95ede4/preprocessed_data
scenario : Scenario.SingleStream
single_stream_expected_latency_ns : 0
system : SystemConfiguration(host_cpu_conf=CPUConfiguration(layout={CPU(name='AMD Ryzen 9 7950X 16-Core Processor', architecture=<CPUArchitecture.x86_64: AliasedName(name='x86_64', aliases=(), patterns=())>, core_count=16, threads_per_core=2): 1}), host_mem_conf=MemoryConfiguration(host_memory_capacity=Memory(quantity=131.08007199999997, byte_suffix=<ByteSuffix.GB: (1000, 3)>, _num_bytes=131080072000), comparison_tolerance=0.05), accelerator_conf=AcceleratorConfiguration(layout=defaultdict(<class 'int'>, {GPU(name='NVIDIA GeForce RTX 4090', accelerator_type=<AcceleratorType.Discrete: AliasedName(name='Discrete', aliases=(), patterns=())>, vram=Memory(quantity=23.98828125, byte_suffix=<ByteSuffix.GiB: (1024, 3)>, _num_bytes=25757220864), max_power_limit=450.0, pci_id='0x268410DE', compute_sm=89): 1})), numa_conf=None, system_id='Nvidia_88db3b15a5fe')
tensor_path : build/preprocessed_data/squad_tokenized/input_ids.npy,build/preprocessed_data/squad_tokenized/segment_ids.npy,build/preprocessed_data/squad_tokenized/input_mask.npy
test_mode : PerformanceOnly
use_graphs : True
use_small_tile_gemm_plugin : False
user_conf_path : /home/mlcuser/MLC/repos/mlcommons@mlperf-automations/script/generate-mlperf-inference-user-conf/tmp/e97d7a2c9cb8412dbba81e5950b7a8fb.conf
system_id : Nvidia_88db3b15a5fe
config_name : Nvidia_88db3b15a5fe_bert_SingleStream
workload_setting : WorkloadSetting(HarnessType.Custom, AccuracyTarget.k_99, PowerSetting.MaxP)
optimization_level : plugin-enabled
num_profiles : 1
config_ver : custom_k_99_MaxP
accuracy_level : 99%
inference_server : custom
skip_file_checks : True
power_limit : None
cpu_freq : None
&&&& RUNNING BERT_HARNESS # ./build/bin/harness_bert
I0215 06:14:23.575901 10250 main_bert.cc:164] Found 1 GPUs
I0215 06:14:23.972684 10250 bert_server.cc:147] Engine Path: ./build/engines/Nvidia_88db3b15a5fe/bert/SingleStream/bert-SingleStream-gpu-int8_S_384_B_1_P_1_vs.custom_k_99_MaxP.plan
[I] [TRT] Loaded engine size: 352 MiB
[I] [TRT] [MemUsageChange] Init cuBLAS/cuBLASLt: CPU +6, GPU +8, now: CPU 458, GPU 1170 (MiB)
[I] [TRT] [MemUsageChange] Init cuDNN: CPU +2, GPU +10, now: CPU 460, GPU 1180 (MiB)
[I] [TRT] [MemUsageChange] TensorRT-managed allocation in engine deserialization: CPU +0, GPU +290, now: CPU 0, GPU 290 (MiB)
I0215 06:14:24.247150 10250 bert_server.cc:208] Engines Creation Completed
I0215 06:14:24.267477 10250 bert_server.cc:213] Use CUDA graphs
I0215 06:14:24.267669 10250 bert_core_vs.cc:385] Engine - Device Memory requirements: 2753024
I0215 06:14:24.267673 10250 bert_core_vs.cc:393] Engine - Number of Optimization Profiles: 1
I0215 06:14:24.267678 10250 bert_core_vs.cc:415] Engine - Profile 0 maxDims 384 Bmax=1 Smax=384
[I] [TRT] [MemUsageChange] Init cuBLAS/cuBLASLt: CPU +0, GPU +8, now: CPU 107, GPU 1176 (MiB)
[I] [TRT] [MemUsageChange] Init cuDNN: CPU +0, GPU +8, now: CPU 107, GPU 1184 (MiB)
I0215 06:14:24.298322 10250 bert_core_vs.cc:426] Setting Opt.Prof. to 0
I0215 06:14:24.298353 10250 bert_core_vs.cc:444] Context creation complete. Max supported batchSize: 1
[I] [TRT] [MemUsageChange] TensorRT-managed allocation in IExecutionContext creation: CPU +0, GPU +0, now: CPU 0, GPU 290 (MiB)
I0215 06:14:24.298404 10250 bert_core_vs.cc:476] Setup complete
I0215 06:14:24.499365 10257 bert_core_vs.cc:352] Created 96 CUDA graphs
I0215 06:14:24.500648 10250 main_bert.cc:185] Starting running actual test.
I0215 06:24:25.984539 10250 main_bert.cc:191] Finished running actual test.
================================================
MLPerf Results Summary
================================================
SUT name : BERT SERVER
Scenario : SingleStream
Mode     : PerformanceOnly
90th percentile latency (ns) : 1011236
Result is : VALID
  Min duration satisfied : Yes
  Min queries satisfied : Yes
  Early stopping satisfied: Yes
Early Stopping Result:
 * Processed at least 64 queries (642683).
 * Would discard 63707 highest latency queries.
 * Early stopping 90th percentile estimate: 1011897
 * Early stopping 99th percentile estimate: 1189618

================================================
Additional Stats
================================================
QPS w/ loadgen overhead         : 1071.14
QPS w/o loadgen overhead        : 1075.55

Min latency (ns)                : 858521
Max latency (ns)                : 1296899
Mean latency (ns)               : 929753
50.00 percentile latency (ns)   : 909005
90.00 percentile latency (ns)   : 1011236
95.00 percentile latency (ns)   : 1085063
97.00 percentile latency (ns)   : 1173959
99.00 percentile latency (ns)   : 1189518
99.90 percentile latency (ns)   : 1204917

================================================
Test Parameters Used
================================================
samples_per_query : 1
target_qps : 2000
target_latency (ns): 0
max_async_queries : 1
min_duration (ms): 600000
max_duration (ms): 660000
min_query_count : 100
max_query_count : 0
qsl_rng_seed : 6023615788873153749
sample_index_rng_seed : 15036839855038426416
schedule_rng_seed : 9933818062894767841
accuracy_log_rng_seed : 0
accuracy_log_probability : 0
accuracy_log_sampling_target : 0
print_timestamps : 0
performance_issue_unique : 0
performance_issue_same : 0
performance_issue_same_index : 0
performance_sample_count : 10833

No warnings encountered during test.

No errors encountered during test.
[2025-02-15 06:24:26,266 run_harness.py:166 INFO] Result: result_90.00_percentile_latency_ns: 1011236, Result is VALID
 
======================== Result summaries: ========================

