client 2025-02-26 22:47:01,050 [INFO] Creating output directory '/home/arjun/MLC/repos/local/cache/get-mlperf-inference-results-dir_e3f7a2f6/valid_results/mini-tflite_cpp-cpu-tflite-vmaster-default_config/mobilenet-v2-precision_float-0.35-192/singlestream/performance/tmp_power'
client 2025-02-26 22:47:01,059 [INFO] Sending command to the server: 'mlcommons/power client v3'
client 2025-02-26 22:47:01,069 [INFO] Got response: 'mlcommons/power server v3'
client 2025-02-26 22:47:01,069 [INFO] Synchronizing with the server and with time.google.com...
client 2025-02-26 22:47:01,104 [INFO] NTP:offset = -0.023 s, delay = 0.021 s 
client 2025-02-26 22:47:01,104 [INFO] Sending command to the server: 'time'
client 2025-02-26 22:47:01,121 [INFO] Got response: '1740610020.9986007'
client 2025-02-26 22:47:01,121 [INFO] The time difference between the client and the server is within range 105.862 ms..122.693 ms
client 2025-02-26 22:47:01,121 [INFO] Sending command to the server: 'new,,4cd0fdc7-d60a-4d7b-936f-49be9d449369'
client 2025-02-26 22:47:01,136 [INFO] Got response: 'OK 2025-02-26_22-47-01,2aed4354-1467-48fd-88a0-3f2b7e4523d9'
client 2025-02-26 22:47:01,136 [INFO] Session id is '2025-02-26_22-47-01'
client 2025-02-26 22:47:01,136 [INFO] Sources: {"sources": {"__init__.py": "da39a3ee5e6b4b0d3255bfef95601890afd80709", "client.py": "33ca4f26368777ac06e01f9567b714a4b8063886", "lib/__init__.py": "da39a3ee5e6b4b0d3255bfef95601890afd80709", "lib/client.py": "ac2aa093c8e8bbc9569b9e2a3471bc64e58a2258", "lib/common.py": "611d8b29633d331eb19c9455ea3b5fa3284ed6df", "lib/external/__init__.py": "da39a3ee5e6b4b0d3255bfef95601890afd80709", "lib/external/ntplib.py": "4da8f970656505a40483206ef2b5d3dd5e81711d", "lib/server.py": "9bc9a3b6b9b716520658ac175913bcbbdb354336", "lib/source_hashes.py": "60a2e02193209e8d392803326208d5466342da18", "lib/summary.py": "602a9fedfa503e5544d27ab3b0067f235047efc3", "lib/time_sync.py": "80894ef2389e540781ff78de94db16aa4203a14e", "server.py": "c3f90f2f7eeb4db30727556d0c815ebc89b3d28b", "tests/unit/__init__.py": "da39a3ee5e6b4b0d3255bfef95601890afd80709", "tests/unit/test_server.py": "948c1995d4008bc2aa6c4046a34ffa3858d6d671", "tests/unit/test_source_hashes.py": "00468a2907583c593e6574a1f6b404e4651c221a"}, "modules": {"ptd_client_server.lib.client": "lib/client.py", "ptd_client_server.lib.common": "lib/common.py", "ptd_client_server.lib.external.ntplib": "lib/external/ntplib.py", "ptd_client_server.lib.source_hashes": "lib/source_hashes.py", "ptd_client_server.lib.summary": "lib/summary.py", "ptd_client_server.lib.time_sync": "lib/time_sync.py"}}
client 2025-02-26 22:47:01,136 [INFO] Running workload in ranging mode
client 2025-02-26 22:47:01,136 [INFO] Synchronizing with the server and with time.google.com...
client 2025-02-26 22:47:01,157 [INFO] NTP:offset = -0.024 s, delay = 0.020 s 
client 2025-02-26 22:47:01,157 [INFO] Sending command to the server: 'time'
client 2025-02-26 22:47:01,169 [INFO] Got response: '1740610021.0497434'
client 2025-02-26 22:47:01,169 [INFO] The time difference between the client and the server is within range 107.693 ms..119.602 ms
client 2025-02-26 22:47:01,169 [INFO] Sending command to the server: 'session,2025-02-26_22-47-01,start,ranging'
client 2025-02-26 22:47:25,696 [INFO] Got response: 'OK'
client 2025-02-26 22:47:25,696 [INFO] Sending command to the server: 'time'
client 2025-02-26 22:47:25,707 [INFO] Got response: '1740610045.5890675'
client 2025-02-26 22:47:25,707 [INFO] The time difference between the client and the server is within range 107.590 ms..118.822 ms
client 2025-02-26 22:47:25,708 [INFO] Running the workload ' MLC_MLPERF_RUN_COUNT=$(cat ${MLC_RUN_DIR}/count.txt); echo ${MLC_MLPERF_RUN_COUNT}; MLC_MLPERF_RUN_COUNT=$((MLC_MLPERF_RUN_COUNT+1)); echo ${MLC_MLPERF_RUN_COUNT} > ${MLC_RUN_DIR}/count.txt; if [ ${MLC_MLPERF_RUN_COUNT} -eq 1 ]; then export MLC_MLPERF_USER_CONF="${MLC_MLPERF_RANGING_USER_CONF}"; else export MLC_MLPERF_USER_CONF="${MLC_MLPERF_TESTING_USER_CONF}"; fi ; /home/arjun/MLC/repos/gateoverflow@mlperf-automations/script/run-all-mlperf-models/run.out'
client 2025-02-26 22:52:27,701 [INFO] Sending command to the server: 'time'
client 2025-02-26 22:52:27,714 [INFO] Got response: '1740610347.5972674'
client 2025-02-26 22:52:27,714 [INFO] The time difference between the client and the server is within range 103.803 ms..117.117 ms
client 2025-02-26 22:52:27,714 [INFO] Sending command to the server: 'session,2025-02-26_22-47-01,stop,ranging'
client 2025-02-26 22:52:39,238 [INFO] Got response: 'OK'
client 2025-02-26 22:52:39,238 [INFO] Sending command to the server: 'time'
client 2025-02-26 22:52:39,249 [INFO] Got response: '1740610359.1328604'
client 2025-02-26 22:52:39,250 [INFO] The time difference between the client and the server is within range 105.525 ms..117.158 ms
client 2025-02-26 22:52:39,254 [INFO] Copying loadgen logs from '/home/arjun/MLC/repos/local/cache/get-mlperf-inference-results-dir_e3f7a2f6/valid_results/mini-tflite_cpp-cpu-tflite-vmaster-default_config/mobilenet-v2-precision_float-0.35-192/singlestream/performance/run_1' to '/home/arjun/MLC/repos/local/cache/get-mlperf-inference-results-dir_e3f7a2f6/valid_results/mini-tflite_cpp-cpu-tflite-vmaster-default_config/mobilenet-v2-precision_float-0.35-192/singlestream/performance/tmp_power/ranging'
client 2025-02-26 22:52:39,254 [INFO] Running workload in testing mode
client 2025-02-26 22:52:39,254 [INFO] Synchronizing with the server and with time.google.com...
client 2025-02-26 22:52:39,281 [INFO] NTP:offset = -0.015 s, delay = 0.026 s 
client 2025-02-26 22:52:39,282 [INFO] Sending command to the server: 'time'
client 2025-02-26 22:52:39,297 [INFO] Got response: '1740610359.1768827'
client 2025-02-26 22:52:39,297 [INFO] The time difference between the client and the server is within range 105.202 ms..120.312 ms
client 2025-02-26 22:52:39,297 [INFO] Sending command to the server: 'session,2025-02-26_22-47-01,start,testing'
client 2025-02-26 22:52:52,451 [INFO] Got response: 'OK'
client 2025-02-26 22:52:52,451 [INFO] Sending command to the server: 'time'
client 2025-02-26 22:52:52,467 [INFO] Got response: '1740610372.345547'
client 2025-02-26 22:52:52,467 [INFO] The time difference between the client and the server is within range 105.924 ms..121.694 ms
client 2025-02-26 22:52:52,467 [INFO] Running the workload ' MLC_MLPERF_RUN_COUNT=$(cat ${MLC_RUN_DIR}/count.txt); echo ${MLC_MLPERF_RUN_COUNT}; MLC_MLPERF_RUN_COUNT=$((MLC_MLPERF_RUN_COUNT+1)); echo ${MLC_MLPERF_RUN_COUNT} > ${MLC_RUN_DIR}/count.txt; if [ ${MLC_MLPERF_RUN_COUNT} -eq 1 ]; then export MLC_MLPERF_USER_CONF="${MLC_MLPERF_RANGING_USER_CONF}"; else export MLC_MLPERF_USER_CONF="${MLC_MLPERF_TESTING_USER_CONF}"; fi ; /home/arjun/MLC/repos/gateoverflow@mlperf-automations/script/run-all-mlperf-models/run.out'
client 2025-02-26 23:02:54,548 [INFO] Sending command to the server: 'time'
client 2025-02-26 23:02:54,562 [INFO] Got response: '1740610974.437744'
client 2025-02-26 23:02:54,562 [INFO] The time difference between the client and the server is within range 110.448 ms..124.472 ms
client 2025-02-26 23:02:54,562 [INFO] Sending command to the server: 'session,2025-02-26_22-47-01,stop,testing'
client 2025-02-26 23:03:05,831 [INFO] Got response: 'OK'
client 2025-02-26 23:03:05,832 [INFO] Sending command to the server: 'time'
client 2025-02-26 23:03:05,843 [INFO] Got response: '1740610985.7185175'
client 2025-02-26 23:03:05,844 [INFO] The time difference between the client and the server is within range 113.642 ms..125.572 ms
client 2025-02-26 23:03:05,845 [INFO] Copying loadgen logs from '/home/arjun/MLC/repos/local/cache/get-mlperf-inference-results-dir_e3f7a2f6/valid_results/mini-tflite_cpp-cpu-tflite-vmaster-default_config/mobilenet-v2-precision_float-0.35-192/singlestream/performance/run_1' to '/home/arjun/MLC/repos/local/cache/get-mlperf-inference-results-dir_e3f7a2f6/valid_results/mini-tflite_cpp-cpu-tflite-vmaster-default_config/mobilenet-v2-precision_float-0.35-192/singlestream/performance/tmp_power/run_1'
client 2025-02-26 23:03:05,845 [INFO] Done runs
