Graph file: /home/mlcuser/MLC/repos/local/cache/get-ml-model-mobilenet_b7477ccc/mobilenet_v1_0.25_128_quant.tflite
Image dir: /home/mlcuser/MLC/repos/local/cache/get-preprocessed-dataset-imagenet_df5f1274
Image list: /home/mlcuser/MLC/repos/local/cache/get-preprocessed-dataset-imagenet_df5f1274/preprocessed_files.txt
Image size: 128
Image channels: 3
Prediction classes: 1000
Result dir: /home/mlcuser/MLC/repos/local/cache/get-mlperf-inference-results-dir_338d2055/valid_results/640b615ae987-tflite_cpp-cpu-tflite-vmaster-default_config/mobilenet-v1-precision_uint8-0.25-128/singlestream/accuracy
How many images fit in memory buffer: 1024
Normalize: 1
Subtract mean: 0
Run time preprocessing: 1
Number of Threads: 24
Number of available imagefiles: 50000

Loading graph...
INFO: Created TensorFlow Lite XNNPACK delegate for CPU.
Input tensor dimensions (NHWC): 1*128*128*3
Output tensor dimensions: 1*1001
Path to user.conf : /home/mlcuser/MLC/repos/mlcommons@mlperf-automations/script/generate-mlperf-inference-user-conf/tmp/40494b58954b49399e2dded645aa70eb.conf
Model Name: mobilenet
LoadGen Scenario: SingleStream
LoadGen Mode: accuracy
