Graph file: /home/arjun/MLC/repos/local/cache/get-ml-model-mobilenet_31a06e4c/mobilenet_v2_0.75_128.tflite
Image dir: /mnt/arjun/MLC/repos/local/cache/get-preprocessed-dataset-imagenet_d6a8d457
Image list: /mnt/arjun/MLC/repos/local/cache/get-preprocessed-dataset-imagenet_d6a8d457/preprocessed_files.txt
Image size: 128
Image channels: 3
Prediction classes: 1000
Result dir: /home/arjun/MLC/repos/local/cache/get-mlperf-inference-results-dir_37516274/valid_results/intel_spr_i9-tflite_cpp-cpu-tflite-vmaster-default_config/mobilenet-v2-precision_float-0.75-128/singlestream/performance/run_1
How many images fit in memory buffer: 1024
Normalize: 1
Subtract mean: 0
Run time preprocessing: 0
Number of Threads: 16
Number of available imagefiles: 50000

Loading graph...
INFO: Created TensorFlow Lite XNNPACK delegate for CPU.
Input tensor dimensions (NHWC): 1*128*128*3
Output tensor dimensions: 1*1001
Path to user.conf : /home/arjun/MLC/repos/gateoverflow@mlperf-automations/script/generate-mlperf-inference-user-conf/tmp/23a1b0c3ab924b23ab0d1ede0192c5b4.conf
Model Name: mobilenet
LoadGen Scenario: SingleStream
LoadGen Mode: performance
