Graph file: /home/ubuntu/MLC/repos/local/cache/get-ml-model-efficientnet-lite_e8e1ffb8/efficientnet-lite1/efficientnet-lite1-int8.tflite
Image dir: /home/ubuntu/MLC/repos/local/cache/get-preprocessed-dataset-imagenet_7bae6d40
Image list: /home/ubuntu/MLC/repos/local/cache/get-preprocessed-dataset-imagenet_7bae6d40/preprocessed_files.txt
Image size: 240
Image channels: 3
Prediction classes: 1000
Result dir: /home/ubuntu/MLC/repos/local/cache/get-mlperf-inference-results-dir_9f8445db/valid_results/i_06a0fc1c2eadb7d9f-tflite_cpp-cpu-tflite-vmaster-default_config/efficientnet-int8-lite1/singlestream/performance/run_1
How many images fit in memory buffer: 1024
Normalize: 1
Subtract mean: 0
Run time preprocessing: 1
Number of Threads: 2
Number of available imagefiles: 50000

Loading graph...
INFO: Created TensorFlow Lite XNNPACK delegate for CPU.
Input tensor dimensions (NHWC): 1*240*240*3
Output tensor dimensions: 1*1000
Path to user.conf : /home/ubuntu/MLC/repos/gateoverflow@mlperf-automations/script/generate-mlperf-inference-user-conf/tmp/8ef284a69c0a4339ba187f6df38126cb.conf
Model Name: efficientnet
LoadGen Scenario: SingleStream
LoadGen Mode: performance
