Graph file: /home/ubuntu/MLC/repos/local/cache/get-ml-model-mobilenet_c6a4b604/v2_128_50/model.tflite
Image dir: /home/ubuntu/MLC/repos/local/cache/get-preprocessed-dataset-imagenet_fbbd6a89
Image list: /home/ubuntu/MLC/repos/local/cache/get-preprocessed-dataset-imagenet_fbbd6a89/preprocessed_files.txt
Image size: 128
Image channels: 3
Prediction classes: 1000
Result dir: /home/ubuntu/MLC/repos/local/cache/get-mlperf-inference-results-dir_9f8445db/valid_results/i_06a0fc1c2eadb7d9f-tflite_cpp-cpu-tflite-vmaster-default_config/mobilenet-v2-precision_uint8-0.5-128/singlestream/accuracy
How many images fit in memory buffer: 1024
Normalize: 1
Subtract mean: 0
Run time preprocessing: 1
Number of Threads: 2
Number of available imagefiles: 50000

Loading graph...
INFO: Created TensorFlow Lite XNNPACK delegate for CPU.
Input tensor dimensions (NHWC): 1*128*128*3
Output tensor dimensions: 1*1001
Path to user.conf : /home/ubuntu/MLC/repos/gateoverflow@mlperf-automations/script/generate-mlperf-inference-user-conf/tmp/20c9b34a90e941dfb0decc2d5cdf3b24.conf
Model Name: mobilenet
LoadGen Scenario: SingleStream
LoadGen Mode: accuracy
