User Conf path: /home/arjun/MLC/repos/gateoverflow@mlperf-automations/script/generate-mlperf-inference-user-conf/tmp/83fcb2ce1f1640f29d12527616a4a795.conf
Dataset Preprocessed path: /home/arjun/MLC/repos/local/cache/get-preprocessed-dataset-imagenet_edc497da
Dataset List filepath: 
Scenario: SingleStream
Mode: AccuracyOnly
Batch size: 1
Query count override: 0
Performance sample count override in application: 0
loaded imagenet with 50000 samples
starting benchmark
loading samples to ram with total sample size: 1024
loading samples to ram with total sample size: 1024
loading samples to ram with total sample size: 1024
loading samples to ram with total sample size: 1024
loading samples to ram with total sample size: 1024
loading samples to ram with total sample size: 1024
loading samples to ram with total sample size: 1024
loading samples to ram with total sample size: 1024
loading samples to ram with total sample size: 1024
loading samples to ram with total sample size: 1024
loading samples to ram with total sample size: 1024
loading samples to ram with total sample size: 1024
loading samples to ram with total sample size: 1024
loading samples to ram with total sample size: 1024
loading samples to ram with total sample size: 1024
loading samples to ram with total sample size: 1024
loading samples to ram with total sample size: 1024
loading samples to ram with total sample size: 1024
loading samples to ram with total sample size: 1024
loading samples to ram with total sample size: 1024
loading samples to ram with total sample size: 1024
loading samples to ram with total sample size: 1024
loading samples to ram with total sample size: 1024
loading samples to ram with total sample size: 1024
loading samples to ram with total sample size: 1024
loading samples to ram with total sample size: 1024
loading samples to ram with total sample size: 1024
loading samples to ram with total sample size: 1024
loading samples to ram with total sample size: 1024
loading samples to ram with total sample size: 1024
loading samples to ram with total sample size: 1024
loading samples to ram with total sample size: 1024
loading samples to ram with total sample size: 1024
loading samples to ram with total sample size: 1024
loading samples to ram with total sample size: 1024
loading samples to ram with total sample size: 1024
loading samples to ram with total sample size: 1024
loading samples to ram with total sample size: 1024
loading samples to ram with total sample size: 1024
loading samples to ram with total sample size: 1024
loading samples to ram with total sample size: 1024
loading samples to ram with total sample size: 1024
loading samples to ram with total sample size: 1024
loading samples to ram with total sample size: 1024
loading samples to ram with total sample size: 1024
loading samples to ram with total sample size: 1024
loading samples to ram with total sample size: 1024
loading samples to ram with total sample size: 1024
loading samples to ram with total sample size: 848
