Graph file: /home/mlcuser/MLC/repos/local/cache/get-ml-model-mobilenet_4ba1243e/v2_128_100/model.tflite
Image dir: /home/mlcuser/MLC/repos/local/cache/get-preprocessed-dataset-imagenet_1146accb
Image list: /home/mlcuser/MLC/repos/local/cache/get-preprocessed-dataset-imagenet_1146accb/preprocessed_files.txt
Image size: 128
Image channels: 3
Prediction classes: 1000
Result dir: /home/mlcuser/MLC/repos/local/cache/get-mlperf-inference-results-dir_37516274/valid_results/intel_spr_i9_ubuntu20.04-tflite_cpp-cpu-tflite-vmaster-default_config/mobilenet-v2-precision_uint8-1.0-128/singlestream/performance/run_1
How many images fit in memory buffer: 1024
Normalize: 1
Subtract mean: 0
Run time preprocessing: 1
Number of Threads: 32
Number of available imagefiles: 50000

Loading graph...
INFO: Created TensorFlow Lite XNNPACK delegate for CPU.
Input tensor dimensions (NHWC): 1*128*128*3
Output tensor dimensions: 1*1001
Path to user.conf : /home/mlcuser/MLC/repos/gateoverflow@mlperf-automations/script/generate-mlperf-inference-user-conf/tmp/fadc6973dddd493f8dd3d5749d63f676.conf
Model Name: mobilenet
LoadGen Scenario: SingleStream
LoadGen Mode: performance
