Couldn't find any of the following OpenCL library: libOpenCL.so libGLES_mali.so libmali.so 
Graph file: /home/ubuntu/MLC/repos/local/cache/get-ml-model-efficientnet-lite_60c71d4b/efficientnet-lite4/efficientnet-lite4-fp32.tflite
Image dir: /home/ubuntu/MLC/repos/local/cache/get-preprocessed-dataset-imagenet_18dbc298
Image list: /home/ubuntu/MLC/repos/local/cache/get-preprocessed-dataset-imagenet_18dbc298/preprocessed_files.txt
Image size: 300
Image channels: 3
Prediction classes: 1000
Result dir: /home/ubuntu/MLC/repos/local/cache/get-mlperf-inference-results-dir_f694db7d/valid_results/i_02b03c35f2a4f3aff-tflite_armnn_cpp-cpu-armnn_tflite-v23.11-using_neon/efficientnet-fp32-lite4/singlestream/accuracy
How many images fit in memory buffer: 1024
Normalize: 1
Subtract mean: 0
Run time preprocessing: 0
Number of Threads: 16
Number of available imagefiles: 50000

Loading graph...
************* Type 1
Output tensor dimensions: 1*1000
Path to mlperf.conf : /home/ubuntu/MLC/repos/local/cache/get-git-repo_c982fc83/inference/mlperf.conf
Path to user.conf : /home/ubuntu/MLC/repos/gateoverflow@mlperf-automations/script/generate-mlperf-inference-user-conf/tmp/8ece28666a3f4fd59e54c1f4de32bc11.conf
Model Name: efficientnet
LoadGen Scenario: SingleStream
LoadGen Mode: accuracy
