client 2025-02-27 16:08:25,593 [INFO] Creating output directory '/home/arjun/MLC/repos/local/cache/get-mlperf-inference-results-dir_e3f7a2f6/valid_results/mini-tflite_cpp-cpu-tflite-vmaster-default_config/efficientnet-int8-lite4/singlestream/performance/tmp_power'
client 2025-02-27 16:08:25,602 [INFO] Sending command to the server: 'mlcommons/power client v3'
client 2025-02-27 16:08:25,613 [INFO] Got response: 'mlcommons/power server v3'
client 2025-02-27 16:08:25,613 [INFO] Synchronizing with the server and with time.google.com...
client 2025-02-27 16:08:25,638 [INFO] NTP:offset = -0.001 s, delay = 0.021 s 
client 2025-02-27 16:08:25,638 [INFO] Sending command to the server: 'time'
client 2025-02-27 16:08:25,648 [INFO] Got response: '1740672505.2974143'
client 2025-02-27 16:08:25,648 [INFO] The time difference between the client and the server is within range 340.905 ms..351.509 ms
client 2025-02-27 16:08:25,649 [INFO] Sending command to the server: 'new,,b4bfb8c4-abea-4c57-bf86-a4a41e13065b'
client 2025-02-27 16:08:25,664 [INFO] Got response: 'OK 2025-02-27_16-08-25,94a18a60-c407-48f8-a4a8-38ddc47502ce'
client 2025-02-27 16:08:25,664 [INFO] Session id is '2025-02-27_16-08-25'
client 2025-02-27 16:08:25,664 [INFO] Sources: {"sources": {"__init__.py": "da39a3ee5e6b4b0d3255bfef95601890afd80709", "client.py": "33ca4f26368777ac06e01f9567b714a4b8063886", "lib/__init__.py": "da39a3ee5e6b4b0d3255bfef95601890afd80709", "lib/client.py": "ac2aa093c8e8bbc9569b9e2a3471bc64e58a2258", "lib/common.py": "611d8b29633d331eb19c9455ea3b5fa3284ed6df", "lib/external/__init__.py": "da39a3ee5e6b4b0d3255bfef95601890afd80709", "lib/external/ntplib.py": "4da8f970656505a40483206ef2b5d3dd5e81711d", "lib/server.py": "9bc9a3b6b9b716520658ac175913bcbbdb354336", "lib/source_hashes.py": "60a2e02193209e8d392803326208d5466342da18", "lib/summary.py": "602a9fedfa503e5544d27ab3b0067f235047efc3", "lib/time_sync.py": "80894ef2389e540781ff78de94db16aa4203a14e", "server.py": "c3f90f2f7eeb4db30727556d0c815ebc89b3d28b", "tests/unit/__init__.py": "da39a3ee5e6b4b0d3255bfef95601890afd80709", "tests/unit/test_server.py": "948c1995d4008bc2aa6c4046a34ffa3858d6d671", "tests/unit/test_source_hashes.py": "00468a2907583c593e6574a1f6b404e4651c221a"}, "modules": {"ptd_client_server.lib.client": "lib/client.py", "ptd_client_server.lib.common": "lib/common.py", "ptd_client_server.lib.external.ntplib": "lib/external/ntplib.py", "ptd_client_server.lib.source_hashes": "lib/source_hashes.py", "ptd_client_server.lib.summary": "lib/summary.py", "ptd_client_server.lib.time_sync": "lib/time_sync.py"}}
client 2025-02-27 16:08:25,664 [INFO] Running workload in ranging mode
client 2025-02-27 16:08:25,664 [INFO] Synchronizing with the server and with time.google.com...
client 2025-02-27 16:08:25,685 [INFO] NTP:offset = -0.002 s, delay = 0.020 s 
client 2025-02-27 16:08:25,686 [INFO] Sending command to the server: 'time'
client 2025-02-27 16:08:25,699 [INFO] Got response: '1740672505.3453925'
client 2025-02-27 16:08:25,699 [INFO] The time difference between the client and the server is within range 340.729 ms..354.066 ms
client 2025-02-27 16:08:25,699 [INFO] Sending command to the server: 'session,2025-02-27_16-08-25,start,ranging'
client 2025-02-27 16:08:50,243 [INFO] Got response: 'OK'
client 2025-02-27 16:08:50,244 [INFO] Sending command to the server: 'time'
client 2025-02-27 16:08:50,254 [INFO] Got response: '1740672529.9025607'
client 2025-02-27 16:08:50,254 [INFO] The time difference between the client and the server is within range 341.734 ms..352.281 ms
client 2025-02-27 16:08:50,254 [INFO] Running the workload ' MLC_MLPERF_RUN_COUNT=$(cat ${MLC_RUN_DIR}/count.txt); echo ${MLC_MLPERF_RUN_COUNT}; MLC_MLPERF_RUN_COUNT=$((MLC_MLPERF_RUN_COUNT+1)); echo ${MLC_MLPERF_RUN_COUNT} > ${MLC_RUN_DIR}/count.txt; if [ ${MLC_MLPERF_RUN_COUNT} -eq 1 ]; then export MLC_MLPERF_USER_CONF="${MLC_MLPERF_RANGING_USER_CONF}"; else export MLC_MLPERF_USER_CONF="${MLC_MLPERF_TESTING_USER_CONF}"; fi ; /home/arjun/MLC/repos/gateoverflow@mlperf-automations/script/run-all-mlperf-models/run.out'
client 2025-02-27 16:13:51,011 [INFO] Sending command to the server: 'time'
client 2025-02-27 16:13:51,027 [INFO] Got response: '1740672830.6678145'
client 2025-02-27 16:13:51,027 [INFO] The time difference between the client and the server is within range 343.388 ms..359.624 ms
client 2025-02-27 16:13:51,027 [INFO] Sending command to the server: 'session,2025-02-27_16-08-25,stop,ranging'
client 2025-02-27 16:14:01,967 [INFO] Got response: 'OK'
client 2025-02-27 16:14:01,967 [INFO] Sending command to the server: 'time'
client 2025-02-27 16:14:01,980 [INFO] Got response: '1740672841.6213746'
client 2025-02-27 16:14:01,980 [INFO] The time difference between the client and the server is within range 346.226 ms..359.473 ms
client 2025-02-27 16:14:01,984 [INFO] Copying loadgen logs from '/home/arjun/MLC/repos/local/cache/get-mlperf-inference-results-dir_e3f7a2f6/valid_results/mini-tflite_cpp-cpu-tflite-vmaster-default_config/efficientnet-int8-lite4/singlestream/performance/run_1' to '/home/arjun/MLC/repos/local/cache/get-mlperf-inference-results-dir_e3f7a2f6/valid_results/mini-tflite_cpp-cpu-tflite-vmaster-default_config/efficientnet-int8-lite4/singlestream/performance/tmp_power/ranging'
client 2025-02-27 16:14:01,985 [INFO] Running workload in testing mode
client 2025-02-27 16:14:01,985 [INFO] Synchronizing with the server and with time.google.com...
client 2025-02-27 16:14:02,007 [INFO] NTP:offset = -0.003 s, delay = 0.021 s 
client 2025-02-27 16:14:02,007 [INFO] Sending command to the server: 'time'
client 2025-02-27 16:14:02,021 [INFO] Got response: '1740672841.6634326'
client 2025-02-27 16:14:02,021 [INFO] The time difference between the client and the server is within range 344.280 ms..358.448 ms
client 2025-02-27 16:14:02,021 [INFO] Sending command to the server: 'session,2025-02-27_16-08-25,start,testing'
client 2025-02-27 16:14:15,278 [INFO] Got response: 'OK'
client 2025-02-27 16:14:15,278 [INFO] Sending command to the server: 'time'
client 2025-02-27 16:14:15,292 [INFO] Got response: '1740672854.9323332'
client 2025-02-27 16:14:15,292 [INFO] The time difference between the client and the server is within range 346.580 ms..360.021 ms
client 2025-02-27 16:14:15,292 [INFO] Running the workload ' MLC_MLPERF_RUN_COUNT=$(cat ${MLC_RUN_DIR}/count.txt); echo ${MLC_MLPERF_RUN_COUNT}; MLC_MLPERF_RUN_COUNT=$((MLC_MLPERF_RUN_COUNT+1)); echo ${MLC_MLPERF_RUN_COUNT} > ${MLC_RUN_DIR}/count.txt; if [ ${MLC_MLPERF_RUN_COUNT} -eq 1 ]; then export MLC_MLPERF_USER_CONF="${MLC_MLPERF_RANGING_USER_CONF}"; else export MLC_MLPERF_USER_CONF="${MLC_MLPERF_TESTING_USER_CONF}"; fi ; /home/arjun/MLC/repos/gateoverflow@mlperf-automations/script/run-all-mlperf-models/run.out'
client 2025-02-27 16:24:15,605 [INFO] Sending command to the server: 'time'
client 2025-02-27 16:24:15,624 [INFO] Got response: '1740673455.253582'
client 2025-02-27 16:24:15,624 [INFO] The time difference between the client and the server is within range 351.479 ms..370.927 ms
client 2025-02-27 16:24:15,624 [INFO] Sending command to the server: 'session,2025-02-27_16-08-25,stop,testing'
client 2025-02-27 16:24:26,511 [INFO] Got response: 'OK'
client 2025-02-27 16:24:26,511 [INFO] Sending command to the server: 'time'
client 2025-02-27 16:24:26,523 [INFO] Got response: '1740673466.1547675'
client 2025-02-27 16:24:26,523 [INFO] The time difference between the client and the server is within range 356.888 ms..368.845 ms
client 2025-02-27 16:24:26,524 [INFO] Copying loadgen logs from '/home/arjun/MLC/repos/local/cache/get-mlperf-inference-results-dir_e3f7a2f6/valid_results/mini-tflite_cpp-cpu-tflite-vmaster-default_config/efficientnet-int8-lite4/singlestream/performance/run_1' to '/home/arjun/MLC/repos/local/cache/get-mlperf-inference-results-dir_e3f7a2f6/valid_results/mini-tflite_cpp-cpu-tflite-vmaster-default_config/efficientnet-int8-lite4/singlestream/performance/tmp_power/run_1'
client 2025-02-27 16:24:26,525 [INFO] Done runs
