client 2025-02-27 04:19:19,898 [INFO] Creating output directory '/home/arjun/MLC/repos/local/cache/get-mlperf-inference-results-dir_e3f7a2f6/valid_results/mini-tflite_cpp-cpu-tflite-vmaster-default_config/mobilenet-v1-precision_uint8-0.75-192/singlestream/performance/tmp_power'
client 2025-02-27 04:19:19,907 [INFO] Sending command to the server: 'mlcommons/power client v3'
client 2025-02-27 04:19:19,916 [INFO] Got response: 'mlcommons/power server v3'
client 2025-02-27 04:19:19,916 [INFO] Synchronizing with the server and with time.google.com...
client 2025-02-27 04:19:19,940 [INFO] NTP:offset = -0.003 s, delay = 0.020 s 
client 2025-02-27 04:19:19,941 [INFO] Sending command to the server: 'time'
client 2025-02-27 04:19:19,951 [INFO] Got response: '1740629959.7266293'
client 2025-02-27 04:19:19,951 [INFO] The time difference between the client and the server is within range 214.349 ms..224.868 ms
client 2025-02-27 04:19:19,951 [INFO] Sending command to the server: 'new,,7f33ec3c-d5ea-4bf2-abbc-14e260c82f2b'
client 2025-02-27 04:19:19,964 [INFO] Got response: 'OK 2025-02-27_04-19-19,b6ac2b1a-ad91-4c61-aa4a-9e721932e007'
client 2025-02-27 04:19:19,964 [INFO] Session id is '2025-02-27_04-19-19'
client 2025-02-27 04:19:19,964 [INFO] Sources: {"sources": {"__init__.py": "da39a3ee5e6b4b0d3255bfef95601890afd80709", "client.py": "33ca4f26368777ac06e01f9567b714a4b8063886", "lib/__init__.py": "da39a3ee5e6b4b0d3255bfef95601890afd80709", "lib/client.py": "ac2aa093c8e8bbc9569b9e2a3471bc64e58a2258", "lib/common.py": "611d8b29633d331eb19c9455ea3b5fa3284ed6df", "lib/external/__init__.py": "da39a3ee5e6b4b0d3255bfef95601890afd80709", "lib/external/ntplib.py": "4da8f970656505a40483206ef2b5d3dd5e81711d", "lib/server.py": "9bc9a3b6b9b716520658ac175913bcbbdb354336", "lib/source_hashes.py": "60a2e02193209e8d392803326208d5466342da18", "lib/summary.py": "602a9fedfa503e5544d27ab3b0067f235047efc3", "lib/time_sync.py": "80894ef2389e540781ff78de94db16aa4203a14e", "server.py": "c3f90f2f7eeb4db30727556d0c815ebc89b3d28b", "tests/unit/__init__.py": "da39a3ee5e6b4b0d3255bfef95601890afd80709", "tests/unit/test_server.py": "948c1995d4008bc2aa6c4046a34ffa3858d6d671", "tests/unit/test_source_hashes.py": "00468a2907583c593e6574a1f6b404e4651c221a"}, "modules": {"ptd_client_server.lib.client": "lib/client.py", "ptd_client_server.lib.common": "lib/common.py", "ptd_client_server.lib.external.ntplib": "lib/external/ntplib.py", "ptd_client_server.lib.source_hashes": "lib/source_hashes.py", "ptd_client_server.lib.summary": "lib/summary.py", "ptd_client_server.lib.time_sync": "lib/time_sync.py"}}
client 2025-02-27 04:19:19,964 [INFO] Running workload in ranging mode
client 2025-02-27 04:19:19,964 [INFO] Synchronizing with the server and with time.google.com...
client 2025-02-27 04:19:19,986 [INFO] NTP:offset = -0.003 s, delay = 0.020 s 
client 2025-02-27 04:19:19,986 [INFO] Sending command to the server: 'time'
client 2025-02-27 04:19:19,997 [INFO] Got response: '1740629959.7723281'
client 2025-02-27 04:19:19,997 [INFO] The time difference between the client and the server is within range 214.041 ms..225.311 ms
client 2025-02-27 04:19:19,997 [INFO] Sending command to the server: 'session,2025-02-27_04-19-19,start,ranging'
client 2025-02-27 04:19:44,934 [INFO] Got response: 'OK'
client 2025-02-27 04:19:44,934 [INFO] Sending command to the server: 'time'
client 2025-02-27 04:19:44,949 [INFO] Got response: '1740629984.7227068'
client 2025-02-27 04:19:44,949 [INFO] The time difference between the client and the server is within range 212.013 ms..226.680 ms
client 2025-02-27 04:19:44,949 [INFO] Running the workload ' MLC_MLPERF_RUN_COUNT=$(cat ${MLC_RUN_DIR}/count.txt); echo ${MLC_MLPERF_RUN_COUNT}; MLC_MLPERF_RUN_COUNT=$((MLC_MLPERF_RUN_COUNT+1)); echo ${MLC_MLPERF_RUN_COUNT} > ${MLC_RUN_DIR}/count.txt; if [ ${MLC_MLPERF_RUN_COUNT} -eq 1 ]; then export MLC_MLPERF_USER_CONF="${MLC_MLPERF_RANGING_USER_CONF}"; else export MLC_MLPERF_USER_CONF="${MLC_MLPERF_TESTING_USER_CONF}"; fi ; /home/arjun/MLC/repos/gateoverflow@mlperf-automations/script/run-all-mlperf-models/run.out'
client 2025-02-27 04:24:45,390 [INFO] Sending command to the server: 'time'
client 2025-02-27 04:24:45,407 [INFO] Got response: '1740630285.1742582'
client 2025-02-27 04:24:45,407 [INFO] The time difference between the client and the server is within range 216.236 ms..233.669 ms
client 2025-02-27 04:24:45,408 [INFO] Sending command to the server: 'session,2025-02-27_04-19-19,stop,ranging'
client 2025-02-27 04:24:56,436 [INFO] Got response: 'OK'
client 2025-02-27 04:24:56,436 [INFO] Sending command to the server: 'time'
client 2025-02-27 04:24:56,449 [INFO] Got response: '1740630296.2154894'
client 2025-02-27 04:24:56,449 [INFO] The time difference between the client and the server is within range 221.334 ms..233.799 ms
client 2025-02-27 04:24:56,453 [INFO] Copying loadgen logs from '/home/arjun/MLC/repos/local/cache/get-mlperf-inference-results-dir_e3f7a2f6/valid_results/mini-tflite_cpp-cpu-tflite-vmaster-default_config/mobilenet-v1-precision_uint8-0.75-192/singlestream/performance/run_1' to '/home/arjun/MLC/repos/local/cache/get-mlperf-inference-results-dir_e3f7a2f6/valid_results/mini-tflite_cpp-cpu-tflite-vmaster-default_config/mobilenet-v1-precision_uint8-0.75-192/singlestream/performance/tmp_power/ranging'
client 2025-02-27 04:24:56,453 [INFO] Running workload in testing mode
client 2025-02-27 04:24:56,453 [INFO] Synchronizing with the server and with time.google.com...
client 2025-02-27 04:24:56,478 [INFO] NTP:offset = -0.005 s, delay = 0.023 s 
client 2025-02-27 04:24:56,478 [INFO] Sending command to the server: 'time'
client 2025-02-27 04:24:56,492 [INFO] Got response: '1740630296.2588384'
client 2025-02-27 04:24:56,492 [INFO] The time difference between the client and the server is within range 219.898 ms..233.603 ms
client 2025-02-27 04:24:56,492 [INFO] Sending command to the server: 'session,2025-02-27_04-19-19,start,testing'
client 2025-02-27 04:25:09,746 [INFO] Got response: 'OK'
client 2025-02-27 04:25:09,746 [INFO] Sending command to the server: 'time'
client 2025-02-27 04:25:09,760 [INFO] Got response: '1740630309.5255284'
client 2025-02-27 04:25:09,760 [INFO] The time difference between the client and the server is within range 221.382 ms..235.350 ms
client 2025-02-27 04:25:09,761 [INFO] Running the workload ' MLC_MLPERF_RUN_COUNT=$(cat ${MLC_RUN_DIR}/count.txt); echo ${MLC_MLPERF_RUN_COUNT}; MLC_MLPERF_RUN_COUNT=$((MLC_MLPERF_RUN_COUNT+1)); echo ${MLC_MLPERF_RUN_COUNT} > ${MLC_RUN_DIR}/count.txt; if [ ${MLC_MLPERF_RUN_COUNT} -eq 1 ]; then export MLC_MLPERF_USER_CONF="${MLC_MLPERF_RANGING_USER_CONF}"; else export MLC_MLPERF_USER_CONF="${MLC_MLPERF_TESTING_USER_CONF}"; fi ; /home/arjun/MLC/repos/gateoverflow@mlperf-automations/script/run-all-mlperf-models/run.out'
client 2025-02-27 04:35:10,142 [INFO] Sending command to the server: 'time'
client 2025-02-27 04:35:10,158 [INFO] Got response: '1740630909.9141965'
client 2025-02-27 04:35:10,158 [INFO] The time difference between the client and the server is within range 228.741 ms..244.732 ms
client 2025-02-27 04:35:10,159 [INFO] Sending command to the server: 'session,2025-02-27_04-19-19,stop,testing'
client 2025-02-27 04:35:20,873 [INFO] Got response: 'OK'
client 2025-02-27 04:35:20,873 [INFO] Sending command to the server: 'time'
client 2025-02-27 04:35:20,885 [INFO] Got response: '1740630920.641134'
client 2025-02-27 04:35:20,885 [INFO] The time difference between the client and the server is within range 232.311 ms..244.691 ms
client 2025-02-27 04:35:20,886 [INFO] Copying loadgen logs from '/home/arjun/MLC/repos/local/cache/get-mlperf-inference-results-dir_e3f7a2f6/valid_results/mini-tflite_cpp-cpu-tflite-vmaster-default_config/mobilenet-v1-precision_uint8-0.75-192/singlestream/performance/run_1' to '/home/arjun/MLC/repos/local/cache/get-mlperf-inference-results-dir_e3f7a2f6/valid_results/mini-tflite_cpp-cpu-tflite-vmaster-default_config/mobilenet-v1-precision_uint8-0.75-192/singlestream/performance/tmp_power/run_1'
client 2025-02-27 04:35:20,887 [INFO] Done runs
