client 2025-02-26 15:49:59,021 [INFO] Creating output directory '/home/arjun/MLC/repos/local/cache/get-mlperf-inference-results-dir_e3f7a2f6/valid_results/mini-tflite_cpp-cpu-tflite-vmaster-default_config/mobilenet-v1-precision_float-0.5-224/singlestream/performance/tmp_power'
client 2025-02-26 15:49:59,033 [INFO] Sending command to the server: 'mlcommons/power client v3'
client 2025-02-26 15:49:59,043 [INFO] Got response: 'mlcommons/power server v3'
client 2025-02-26 15:49:59,043 [INFO] Synchronizing with the server and with time.google.com...
client 2025-02-26 15:49:59,078 [INFO] NTP:offset = -0.003 s, delay = 0.020 s 
client 2025-02-26 15:49:59,078 [INFO] Sending command to the server: 'time'
client 2025-02-26 15:49:59,091 [INFO] Got response: '1740584998.9127781'
client 2025-02-26 15:49:59,091 [INFO] The time difference between the client and the server is within range 165.848 ms..178.442 ms
client 2025-02-26 15:49:59,091 [INFO] Sending command to the server: 'new,,fa9ad2df-969d-4f77-ac76-ebd2ff91a039'
client 2025-02-26 15:49:59,106 [INFO] Got response: 'OK 2025-02-26_15-49-58,01aed5e1-dabc-4405-b29a-1d5eefbbf2ea'
client 2025-02-26 15:49:59,107 [INFO] Session id is '2025-02-26_15-49-58'
client 2025-02-26 15:49:59,107 [INFO] Sources: {"sources": {"__init__.py": "da39a3ee5e6b4b0d3255bfef95601890afd80709", "client.py": "33ca4f26368777ac06e01f9567b714a4b8063886", "lib/__init__.py": "da39a3ee5e6b4b0d3255bfef95601890afd80709", "lib/client.py": "ac2aa093c8e8bbc9569b9e2a3471bc64e58a2258", "lib/common.py": "611d8b29633d331eb19c9455ea3b5fa3284ed6df", "lib/external/__init__.py": "da39a3ee5e6b4b0d3255bfef95601890afd80709", "lib/external/ntplib.py": "4da8f970656505a40483206ef2b5d3dd5e81711d", "lib/server.py": "9bc9a3b6b9b716520658ac175913bcbbdb354336", "lib/source_hashes.py": "60a2e02193209e8d392803326208d5466342da18", "lib/summary.py": "602a9fedfa503e5544d27ab3b0067f235047efc3", "lib/time_sync.py": "80894ef2389e540781ff78de94db16aa4203a14e", "server.py": "c3f90f2f7eeb4db30727556d0c815ebc89b3d28b", "tests/unit/__init__.py": "da39a3ee5e6b4b0d3255bfef95601890afd80709", "tests/unit/test_server.py": "948c1995d4008bc2aa6c4046a34ffa3858d6d671", "tests/unit/test_source_hashes.py": "00468a2907583c593e6574a1f6b404e4651c221a"}, "modules": {"ptd_client_server.lib.client": "lib/client.py", "ptd_client_server.lib.common": "lib/common.py", "ptd_client_server.lib.external.ntplib": "lib/external/ntplib.py", "ptd_client_server.lib.source_hashes": "lib/source_hashes.py", "ptd_client_server.lib.summary": "lib/summary.py", "ptd_client_server.lib.time_sync": "lib/time_sync.py"}}
client 2025-02-26 15:49:59,107 [INFO] Running workload in ranging mode
client 2025-02-26 15:49:59,107 [INFO] Synchronizing with the server and with time.google.com...
client 2025-02-26 15:49:59,127 [INFO] NTP:offset = -0.003 s, delay = 0.019 s 
client 2025-02-26 15:49:59,128 [INFO] Sending command to the server: 'time'
client 2025-02-26 15:49:59,142 [INFO] Got response: '1740584998.9626713'
client 2025-02-26 15:49:59,142 [INFO] The time difference between the client and the server is within range 165.361 ms..180.124 ms
client 2025-02-26 15:49:59,142 [INFO] Sending command to the server: 'session,2025-02-26_15-49-58,start,ranging'
client 2025-02-26 15:50:23,720 [INFO] Got response: 'OK'
client 2025-02-26 15:50:23,720 [INFO] Sending command to the server: 'time'
client 2025-02-26 15:50:23,733 [INFO] Got response: '1740585023.5549307'
client 2025-02-26 15:50:23,734 [INFO] The time difference between the client and the server is within range 165.502 ms..179.090 ms
client 2025-02-26 15:50:23,734 [INFO] Running the workload ' MLC_MLPERF_RUN_COUNT=$(cat ${MLC_RUN_DIR}/count.txt); echo ${MLC_MLPERF_RUN_COUNT}; MLC_MLPERF_RUN_COUNT=$((MLC_MLPERF_RUN_COUNT+1)); echo ${MLC_MLPERF_RUN_COUNT} > ${MLC_RUN_DIR}/count.txt; if [ ${MLC_MLPERF_RUN_COUNT} -eq 1 ]; then export MLC_MLPERF_USER_CONF="${MLC_MLPERF_RANGING_USER_CONF}"; else export MLC_MLPERF_USER_CONF="${MLC_MLPERF_TESTING_USER_CONF}"; fi ; /home/arjun/MLC/repos/gateoverflow@mlperf-automations/script/run-all-mlperf-models/run.out'
client 2025-02-26 15:55:25,284 [INFO] Sending command to the server: 'time'
client 2025-02-26 15:55:25,299 [INFO] Got response: '1740585325.115751'
client 2025-02-26 15:55:25,299 [INFO] The time difference between the client and the server is within range 168.300 ms..183.808 ms
client 2025-02-26 15:55:25,299 [INFO] Sending command to the server: 'session,2025-02-26_15-49-58,stop,ranging'
client 2025-02-26 15:55:35,885 [INFO] Got response: 'OK'
client 2025-02-26 15:55:35,885 [INFO] Sending command to the server: 'time'
client 2025-02-26 15:55:35,895 [INFO] Got response: '1740585335.7124085'
client 2025-02-26 15:55:35,895 [INFO] The time difference between the client and the server is within range 173.139 ms..182.973 ms
client 2025-02-26 15:55:35,899 [INFO] Copying loadgen logs from '/home/arjun/MLC/repos/local/cache/get-mlperf-inference-results-dir_e3f7a2f6/valid_results/mini-tflite_cpp-cpu-tflite-vmaster-default_config/mobilenet-v1-precision_float-0.5-224/singlestream/performance/run_1' to '/home/arjun/MLC/repos/local/cache/get-mlperf-inference-results-dir_e3f7a2f6/valid_results/mini-tflite_cpp-cpu-tflite-vmaster-default_config/mobilenet-v1-precision_float-0.5-224/singlestream/performance/tmp_power/ranging'
client 2025-02-26 15:55:35,900 [INFO] Running workload in testing mode
client 2025-02-26 15:55:35,900 [INFO] Synchronizing with the server and with time.google.com...
client 2025-02-26 15:55:35,919 [INFO] NTP:offset = -0.002 s, delay = 0.018 s 
client 2025-02-26 15:55:35,920 [INFO] Sending command to the server: 'time'
client 2025-02-26 15:55:35,930 [INFO] Got response: '1740585335.747143'
client 2025-02-26 15:55:35,931 [INFO] The time difference between the client and the server is within range 172.878 ms..183.933 ms
client 2025-02-26 15:55:35,931 [INFO] Sending command to the server: 'session,2025-02-26_15-49-58,start,testing'
client 2025-02-26 15:55:49,198 [INFO] Got response: 'OK'
client 2025-02-26 15:55:49,198 [INFO] Sending command to the server: 'time'
client 2025-02-26 15:55:49,209 [INFO] Got response: '1740585349.0264015'
client 2025-02-26 15:55:49,209 [INFO] The time difference between the client and the server is within range 171.996 ms..183.364 ms
client 2025-02-26 15:55:49,209 [INFO] Running the workload ' MLC_MLPERF_RUN_COUNT=$(cat ${MLC_RUN_DIR}/count.txt); echo ${MLC_MLPERF_RUN_COUNT}; MLC_MLPERF_RUN_COUNT=$((MLC_MLPERF_RUN_COUNT+1)); echo ${MLC_MLPERF_RUN_COUNT} > ${MLC_RUN_DIR}/count.txt; if [ ${MLC_MLPERF_RUN_COUNT} -eq 1 ]; then export MLC_MLPERF_USER_CONF="${MLC_MLPERF_RANGING_USER_CONF}"; else export MLC_MLPERF_USER_CONF="${MLC_MLPERF_TESTING_USER_CONF}"; fi ; /home/arjun/MLC/repos/gateoverflow@mlperf-automations/script/run-all-mlperf-models/run.out'
client 2025-02-26 16:05:50,210 [INFO] Sending command to the server: 'time'
client 2025-02-26 16:05:50,225 [INFO] Got response: '1740585950.0507338'
client 2025-02-26 16:05:50,225 [INFO] The time difference between the client and the server is within range 159.488 ms..174.432 ms
client 2025-02-26 16:05:50,225 [INFO] Sending command to the server: 'session,2025-02-26_15-49-58,stop,testing'
client 2025-02-26 16:06:01,754 [INFO] Got response: 'OK'
client 2025-02-26 16:06:01,754 [INFO] Sending command to the server: 'time'
client 2025-02-26 16:06:01,766 [INFO] Got response: '1740585961.592286'
client 2025-02-26 16:06:01,766 [INFO] The time difference between the client and the server is within range 162.441 ms..174.557 ms
client 2025-02-26 16:06:01,767 [INFO] Copying loadgen logs from '/home/arjun/MLC/repos/local/cache/get-mlperf-inference-results-dir_e3f7a2f6/valid_results/mini-tflite_cpp-cpu-tflite-vmaster-default_config/mobilenet-v1-precision_float-0.5-224/singlestream/performance/run_1' to '/home/arjun/MLC/repos/local/cache/get-mlperf-inference-results-dir_e3f7a2f6/valid_results/mini-tflite_cpp-cpu-tflite-vmaster-default_config/mobilenet-v1-precision_float-0.5-224/singlestream/performance/tmp_power/run_1'
client 2025-02-26 16:06:01,768 [INFO] Done runs
