Graph file: /home/ubuntu/MLC/repos/local/cache/get-ml-model-mobilenet_b34af72a/mobilenet_v1_0.75_224.tflite
Image dir: /home/ubuntu/MLC/repos/local/cache/get-preprocessed-dataset-imagenet_ebbee413
Image list: /home/ubuntu/MLC/repos/local/cache/get-preprocessed-dataset-imagenet_ebbee413/preprocessed_files.txt
Image size: 224
Image channels: 3
Prediction classes: 1000
Result dir: /home/ubuntu/MLC/repos/local/cache/get-mlperf-inference-results-dir_2b82b9a0/valid_results/i_0f606743f36e7f548-tflite_cpp-cpu-tflite-vmaster-default_config/mobilenet-v1-precision_float-0.75-224/singlestream/accuracy
How many images fit in memory buffer: 1024
Normalize: 1
Subtract mean: 0
Run time preprocessing: 0
Number of Threads: 4
Number of available imagefiles: 50000

Loading graph...
INFO: Created TensorFlow Lite XNNPACK delegate for CPU.
Input tensor dimensions (NHWC): 1*224*224*3
Output tensor dimensions: 1*1001
Path to user.conf : /home/ubuntu/MLC/repos/gateoverflow@mlperf-automations/script/generate-mlperf-inference-user-conf/tmp/9eda5292ee1949e3906cb789c80cf4f8.conf
Model Name: mobilenet
LoadGen Scenario: SingleStream
LoadGen Mode: accuracy
