DeepSparse, Copyright 2021-present / Neuralmagic, Inc. version: 1.8.0 COMMUNITY | (e3778e93) (release) (optimized) (system=avx2, binary=avx2)
2025-02-23 11:47:23 deepsparse.utils.onnx INFO     Generating input 'input_ids', type = int64, shape = [1, 384]
2025-02-23 11:47:23 deepsparse.utils.onnx INFO     Generating input 'attention_mask', type = int64, shape = [1, 384]
2025-02-23 11:47:23 deepsparse.utils.onnx INFO     Generating input 'token_type_ids', type = int64, shape = [1, 384]
================================================
MLPerf Results Summary
================================================
SUT name : PySUT
Scenario : SingleStream
Mode     : PerformanceOnly
90.0th percentile latency (ns) : 56115749
Result is : VALID
  Min duration satisfied : Yes
  Min queries satisfied : Yes
  Early stopping satisfied: Yes
Early Stopping Result:
 * Processed at least 64 queries (17164).
 * Would discard 1624 highest latency queries.
 * Early stopping 90.0th percentile estimate: 56181306
 * Early stopping 99.0th percentile estimate: 65359534

================================================
Additional Stats
================================================
QPS w/ loadgen overhead         : 28.60
QPS w/o loadgen overhead        : 28.62

Min latency (ns)                : 23154500
Max latency (ns)                : 127246275
Mean latency (ns)               : 34938576
50.00 percentile latency (ns)   : 24566403
90.00 percentile latency (ns)   : 56115749
95.00 percentile latency (ns)   : 57447386
97.00 percentile latency (ns)   : 58889990
99.00 percentile latency (ns)   : 63849842
99.90 percentile latency (ns)   : 84795116

================================================
Test Parameters Used
================================================
samples_per_query : 1
target_qps : 2000
target_latency (ns): 0
max_async_queries : 1
min_duration (ms): 600000
max_duration (ms): 660000
min_query_count : 100
max_query_count : 0
qsl_rng_seed : 6023615788873153749
sample_index_rng_seed : 15036839855038426416
schedule_rng_seed : 9933818062894767841
accuracy_log_rng_seed : 0
accuracy_log_probability : 0
accuracy_log_sampling_target : 0
print_timestamps : 0
performance_issue_unique : 0
performance_issue_same : 0
performance_issue_same_index : 0
performance_sample_count : 10833

No warnings encountered during test.

No errors encountered during test.
Loading ONNX model... /home/sujith/.cache/sparsezoo/neuralmagic/mobilebert-squad_wikipedia_bookcorpus-base_quantized/model.onnx
Constructing SUT...
Finished constructing SUT.
Constructing QSL...
Loading cached features from 'eval_features.pickle'...
Finished constructing QSL.
Warming up engine...
Running LoadGen test...
Done!
Destroying SUT...
Destroying QSL...
Finished destroying SUT.
Finished destroying QSL.
