Couldn't find any of the following OpenCL library: libOpenCL.so libGLES_mali.so libmali.so 
Graph file: /home/ubuntu/MLC/repos/local/cache/get-ml-model-mobilenet_62c2bc0a/mobilenet_v2_1.0_224.tflite
Image dir: /home/ubuntu/MLC/repos/local/cache/get-preprocessed-dataset-imagenet_b4520fc8
Image list: /home/ubuntu/MLC/repos/local/cache/get-preprocessed-dataset-imagenet_b4520fc8/preprocessed_files.txt
Image size: 224
Image channels: 3
Prediction classes: 1000
Result dir: /home/ubuntu/MLC/repos/local/cache/get-mlperf-inference-results-dir_4951ea82/valid_results/i_04a7c34379c6328aa-tflite_armnn_cpp-cpu-armnn_tflite-v23.11-using_neon_with_live_preprocessing/mobilenet-v2-precision_float-1.0-224/singlestream/performance/run_1
How many images fit in memory buffer: 1024
Normalize: 1
Subtract mean: 0
Run time preprocessing: 1
Number of Threads: 16
Number of available imagefiles: 50000

Loading graph...
************* Type 2
Output tensor dimensions: 1*1001
Path to mlperf.conf : /home/ubuntu/MLC/repos/local/cache/get-git-repo_bb6a8d5e/inference/mlperf.conf
Path to user.conf : /home/ubuntu/MLC/repos/gateoverflow@mlperf-automations/script/generate-mlperf-inference-user-conf/tmp/d93e36a36f644d4abe150f2f1af322fc.conf
Model Name: mobilenet
LoadGen Scenario: SingleStream
LoadGen Mode: performance
