Graph file: /home/ubuntu/MLC/repos/local/cache/get-ml-model-mobilenet_971f539b/mobilenet_v1_0.75_224.tflite
Image dir: /home/ubuntu/MLC/repos/local/cache/get-preprocessed-dataset-imagenet_76d3071b
Image list: /home/ubuntu/MLC/repos/local/cache/get-preprocessed-dataset-imagenet_76d3071b/preprocessed_files.txt
Image size: 224
Image channels: 3
Prediction classes: 1000
Result dir: /home/ubuntu/MLC/repos/local/cache/get-mlperf-inference-results-dir_9f8445db/valid_results/i_06a0fc1c2eadb7d9f-tflite_cpp-cpu-tflite-vmaster-with_live_preprocessing/mobilenet-v1-precision_float-0.75-224/singlestream/performance/run_1
How many images fit in memory buffer: 1024
Normalize: 1
Subtract mean: 0
Run time preprocessing: 1
Number of Threads: 2
Number of available imagefiles: 50000

Loading graph...
INFO: Created TensorFlow Lite XNNPACK delegate for CPU.
Input tensor dimensions (NHWC): 1*224*224*3
Output tensor dimensions: 1*1001
Path to user.conf : /home/ubuntu/MLC/repos/gateoverflow@mlperf-automations/script/generate-mlperf-inference-user-conf/tmp/9924354d0c7741619c32997bdc891a28.conf
Model Name: mobilenet
LoadGen Scenario: SingleStream
LoadGen Mode: performance
