Graph file: /home/mlcuser/MLC/repos/local/cache/get-ml-model-mobilenet_e27a2e5a/v2_192_35/model.tflite
Image dir: /home/mlcuser/MLC/repos/local/cache/get-preprocessed-dataset-imagenet_8560d9e8
Image list: /home/mlcuser/MLC/repos/local/cache/get-preprocessed-dataset-imagenet_8560d9e8/preprocessed_files.txt
Image size: 192
Image channels: 3
Prediction classes: 1000
Result dir: /home/mlcuser/MLC/repos/local/cache/get-mlperf-inference-results-dir_338d2055/valid_results/640b615ae987-tflite_cpp-cpu-tflite-vmaster-default_config/mobilenet-v2-precision_uint8-0.35-192/singlestream/accuracy
How many images fit in memory buffer: 1024
Normalize: 1
Subtract mean: 0
Run time preprocessing: 1
Number of Threads: 24
Number of available imagefiles: 50000

Loading graph...
INFO: Created TensorFlow Lite XNNPACK delegate for CPU.
Input tensor dimensions (NHWC): 1*192*192*3
Output tensor dimensions: 1*1001
Path to user.conf : /home/mlcuser/MLC/repos/mlcommons@mlperf-automations/script/generate-mlperf-inference-user-conf/tmp/9d1c6d9088c34828b8ecf393bc5a351f.conf
Model Name: mobilenet
LoadGen Scenario: SingleStream
LoadGen Mode: accuracy
