[2025-02-14 05:15:05,149 main.py:229 INFO] Detected system ID: KnownSystem.Nvidia_3d93c88614da
[2025-02-14 05:15:05,671 generate_conf_files.py:107 INFO] Generated measurements/ entries for Nvidia_3d93c88614da_TRT/bert-99/Offline
[2025-02-14 05:15:05,671 __init__.py:46 INFO] Running command: ./build/bin/harness_bert --logfile_outdir="/mlc-mount/home/arjun/gh_action_results/valid_results/RTX4090x2-nvidia_original-gpu-tensorrt-vdefault-default_config/bert-99/offline/performance/run_1" --logfile_prefix="mlperf_log_" --performance_sample_count=10833 --test_mode="PerformanceOnly" --gpu_batch_size=256 --mlperf_conf_path="/home/mlcuser/MLC/repos/local/cache/get-git-repo_14157262/inference/mlperf.conf" --tensor_path="build/preprocessed_data/squad_tokenized/input_ids.npy,build/preprocessed_data/squad_tokenized/segment_ids.npy,build/preprocessed_data/squad_tokenized/input_mask.npy" --use_graphs=false --user_conf_path="/home/mlcuser/MLC/repos/mlcommons@mlperf-automations/script/generate-mlperf-inference-user-conf/tmp/584185a528bc4d1f889575b8ecbcba8f.conf" --gpu_inference_streams=2 --gpu_copy_streams=2 --gpu_engines="./build/engines/Nvidia_3d93c88614da/bert/Offline/bert-Offline-gpu-int8_S_384_B_256_P_2_vs.custom_k_99_MaxP.plan" --scenario Offline --model bert
[2025-02-14 05:15:05,671 __init__.py:53 INFO] Overriding Environment
benchmark : Benchmark.BERT
buffer_manager_thread_count : 0
coalesced_tensor : True
data_dir : /home/mlcuser/MLC/repos/local/cache/get-mlperf-inference-nvidia-scratch-space_5aab030f/data
gpu_batch_size : 256
gpu_copy_streams : 2
gpu_inference_streams : 2
input_dtype : int32
input_format : linear
log_dir : /home/mlcuser/MLC/repos/local/cache/get-git-repo_0ab377fc/repo/closed/NVIDIA/build/logs/2025.02.14-05.15.03
mlperf_conf_path : /home/mlcuser/MLC/repos/local/cache/get-git-repo_14157262/inference/mlperf.conf
offline_expected_qps : 0.0
precision : int8
preprocessed_data_dir : /home/mlcuser/MLC/repos/local/cache/get-mlperf-inference-nvidia-scratch-space_5aab030f/preprocessed_data
scenario : Scenario.Offline
system : SystemConfiguration(host_cpu_conf=CPUConfiguration(layout={CPU(name='Intel(R) Xeon(R) w7-2495X', architecture=<CPUArchitecture.x86_64: AliasedName(name='x86_64', aliases=(), patterns=())>, core_count=24, threads_per_core=2): 1}), host_mem_conf=MemoryConfiguration(host_memory_capacity=Memory(quantity=197.33452799999998, byte_suffix=<ByteSuffix.GB: (1000, 3)>, _num_bytes=197334528000), comparison_tolerance=0.05), accelerator_conf=AcceleratorConfiguration(layout=defaultdict(<class 'int'>, {GPU(name='NVIDIA GeForce RTX 4090', accelerator_type=<AcceleratorType.Discrete: AliasedName(name='Discrete', aliases=(), patterns=())>, vram=Memory(quantity=23.98828125, byte_suffix=<ByteSuffix.GiB: (1024, 3)>, _num_bytes=25757220864), max_power_limit=450.0, pci_id='0x268410DE', compute_sm=89): 1, GPU(name='NVIDIA GeForce RTX 4090', accelerator_type=<AcceleratorType.Discrete: AliasedName(name='Discrete', aliases=(), patterns=())>, vram=Memory(quantity=23.98828125, byte_suffix=<ByteSuffix.GiB: (1024, 3)>, _num_bytes=25757220864), max_power_limit=500.0, pci_id='0x268410DE', compute_sm=89): 1})), numa_conf=NUMAConfiguration(numa_nodes={}, num_numa_nodes=1), system_id='Nvidia_3d93c88614da')
tensor_path : build/preprocessed_data/squad_tokenized/input_ids.npy,build/preprocessed_data/squad_tokenized/segment_ids.npy,build/preprocessed_data/squad_tokenized/input_mask.npy
test_mode : PerformanceOnly
use_graphs : False
user_conf_path : /home/mlcuser/MLC/repos/mlcommons@mlperf-automations/script/generate-mlperf-inference-user-conf/tmp/584185a528bc4d1f889575b8ecbcba8f.conf
system_id : Nvidia_3d93c88614da
config_name : Nvidia_3d93c88614da_bert_Offline
workload_setting : WorkloadSetting(HarnessType.Custom, AccuracyTarget.k_99, PowerSetting.MaxP)
optimization_level : plugin-enabled
num_profiles : 2
config_ver : custom_k_99_MaxP
accuracy_level : 99%
inference_server : custom
skip_file_checks : True
power_limit : None
cpu_freq : None
&&&& RUNNING BERT_HARNESS # ./build/bin/harness_bert
I0214 05:15:05.717536 17152 main_bert.cc:164] Found 2 GPUs
I0214 05:15:05.837078 17152 bert_server.cc:147] Engine Path: ./build/engines/Nvidia_3d93c88614da/bert/Offline/bert-Offline-gpu-int8_S_384_B_256_P_2_vs.custom_k_99_MaxP.plan
[I] [TRT] Loaded engine size: 414 MiB
[I] [TRT] Loaded engine size: 414 MiB
[W] [TRT] Using an engine plan file across different models of devices is not recommended and is likely to affect performance or even cause errors.
[I] [TRT] [MemUsageChange] Init cuBLAS/cuBLASLt: CPU +6, GPU +8, now: CPU 727, GPU 1235 (MiB)
[I] [TRT] [MemUsageChange] Init cuDNN: CPU +2, GPU +10, now: CPU 729, GPU 1245 (MiB)
[I] [TRT] [MemUsageChange] TensorRT-managed allocation in engine deserialization: CPU +0, GPU +581, now: CPU 0, GPU 581 (MiB)
[I] [TRT] [MemUsageChange] Init cuBLAS/cuBLASLt: CPU +6, GPU +8, now: CPU 737, GPU 1091 (MiB)
[I] [TRT] [MemUsageChange] Init cuDNN: CPU +1, GPU +10, now: CPU 738, GPU 1101 (MiB)
[I] [TRT] [MemUsageChange] TensorRT-managed allocation in engine deserialization: CPU +1, GPU +291, now: CPU 1, GPU 581 (MiB)
I0214 05:15:06.335526 17152 bert_server.cc:208] Engines Creation Completed
I0214 05:15:06.357913 17152 bert_core_vs.cc:385] Engine - Device Memory requirements: 704644608
I0214 05:15:06.357923 17152 bert_core_vs.cc:393] Engine - Number of Optimization Profiles: 2
I0214 05:15:06.357928 17152 bert_core_vs.cc:415] Engine - Profile 0 maxDims 98304 Bmax=256 Smax=384
[I] [TRT] [MemUsageChange] Init cuBLAS/cuBLASLt: CPU +0, GPU +8, now: CPU 324, GPU 1911 (MiB)
[I] [TRT] [MemUsageChange] Init cuDNN: CPU +0, GPU +8, now: CPU 324, GPU 1919 (MiB)
I0214 05:15:06.431381 17152 bert_core_vs.cc:426] Setting Opt.Prof. to 0
I0214 05:15:06.431407 17152 bert_core_vs.cc:444] Context creation complete. Max supported batchSize: 256
[I] [TRT] [MemUsageChange] TensorRT-managed allocation in IExecutionContext creation: CPU +0, GPU +0, now: CPU 1, GPU 581 (MiB)
I0214 05:15:06.432199 17152 bert_core_vs.cc:476] Setup complete
I0214 05:15:06.432349 17152 bert_core_vs.cc:385] Engine - Device Memory requirements: 704644608
I0214 05:15:06.432353 17152 bert_core_vs.cc:393] Engine - Number of Optimization Profiles: 2
I0214 05:15:06.432355 17152 bert_core_vs.cc:415] Engine - Profile 0 maxDims 98304 Bmax=256 Smax=384
[I] [TRT] [MemUsageChange] Init cuBLAS/cuBLASLt: CPU +0, GPU +8, now: CPU 447, GPU 1767 (MiB)
[I] [TRT] [MemUsageChange] Init cuDNN: CPU +0, GPU +8, now: CPU 447, GPU 1775 (MiB)
I0214 05:15:06.496374 17152 bert_core_vs.cc:426] Setting Opt.Prof. to 0
I0214 05:15:06.496387 17152 bert_core_vs.cc:444] Context creation complete. Max supported batchSize: 256
[I] [TRT] [MemUsageChange] TensorRT-managed allocation in IExecutionContext creation: CPU +0, GPU +0, now: CPU 1, GPU 581 (MiB)
I0214 05:15:06.497195 17152 bert_core_vs.cc:476] Setup complete
I0214 05:15:06.497359 17152 bert_core_vs.cc:385] Engine - Device Memory requirements: 704644608
I0214 05:15:06.497362 17152 bert_core_vs.cc:393] Engine - Number of Optimization Profiles: 2
I0214 05:15:06.497365 17152 bert_core_vs.cc:415] Engine - Profile 1 maxDims 98304 Bmax=256 Smax=384
[I] [TRT] [MemUsageChange] Init cuBLAS/cuBLASLt: CPU +0, GPU +8, now: CPU 570, GPU 2725 (MiB)
[I] [TRT] [MemUsageChange] Init cuDNN: CPU +0, GPU +10, now: CPU 570, GPU 2735 (MiB)
I0214 05:15:06.560444 17152 bert_core_vs.cc:426] Setting Opt.Prof. to 1
[I] [TRT] Could not set default profile 0 for execution context. Profile index must be set explicitly.
[I] [TRT] [MemUsageChange] TensorRT-managed allocation in IExecutionContext creation: CPU +1, GPU +0, now: CPU 2, GPU 581 (MiB)
I0214 05:15:06.560782 17152 bert_core_vs.cc:444] Context creation complete. Max supported batchSize: 256
I0214 05:15:06.561604 17152 bert_core_vs.cc:476] Setup complete
I0214 05:15:06.561761 17152 bert_core_vs.cc:385] Engine - Device Memory requirements: 704644608
I0214 05:15:06.561764 17152 bert_core_vs.cc:393] Engine - Number of Optimization Profiles: 2
I0214 05:15:06.561769 17152 bert_core_vs.cc:415] Engine - Profile 1 maxDims 98304 Bmax=256 Smax=384
[I] [TRT] [MemUsageChange] Init cuBLAS/cuBLASLt: CPU +0, GPU +8, now: CPU 693, GPU 2581 (MiB)
[I] [TRT] [MemUsageChange] Init cuDNN: CPU +0, GPU +10, now: CPU 693, GPU 2591 (MiB)
I0214 05:15:06.626466 17152 bert_core_vs.cc:426] Setting Opt.Prof. to 1
[I] [TRT] Could not set default profile 0 for execution context. Profile index must be set explicitly.
[I] [TRT] [MemUsageChange] TensorRT-managed allocation in IExecutionContext creation: CPU +0, GPU +0, now: CPU 2, GPU 581 (MiB)
I0214 05:15:06.626796 17152 bert_core_vs.cc:444] Context creation complete. Max supported batchSize: 256
I0214 05:15:06.627640 17152 bert_core_vs.cc:476] Setup complete
I0214 05:15:07.080588 17152 main_bert.cc:185] Starting running actual test.
I0214 05:25:53.219367 17152 main_bert.cc:191] Finished running actual test.
================================================
MLPerf Results Summary
================================================
SUT name : BERT SERVER
Scenario : Offline
Mode     : PerformanceOnly
Samples per second: 8266.19
Result is : VALID
  Min duration satisfied : Yes
  Min queries satisfied : Yes
  Early stopping satisfied: Yes

================================================
Additional Stats
================================================
Min latency (ns)                : 1438214699
Max latency (ns)                : 645134279189
Mean latency (ns)               : 391072352820
50.00 percentile latency (ns)   : 416332883248
90.00 percentile latency (ns)   : 615151701162
95.00 percentile latency (ns)   : 632860980520
97.00 percentile latency (ns)   : 638720701021
99.00 percentile latency (ns)   : 643367415409
99.90 percentile latency (ns)   : 644987029578

================================================
Test Parameters Used
================================================
samples_per_query : 5332800
target_qps : 8080
target_latency (ns): 0
max_async_queries : 1
min_duration (ms): 600000
max_duration (ms): 0
min_query_count : 1
max_query_count : 0
qsl_rng_seed : 6023615788873153749
sample_index_rng_seed : 15036839855038426416
schedule_rng_seed : 9933818062894767841
accuracy_log_rng_seed : 0
accuracy_log_probability : 0
accuracy_log_sampling_target : 0
print_timestamps : 0
performance_issue_unique : 0
performance_issue_same : 0
performance_issue_same_index : 0
performance_sample_count : 10833

No warnings encountered during test.

No errors encountered during test.
[2025-02-14 05:25:53,436 run_harness.py:166 INFO] Result: result_samples_per_second: 8266.19, Result is VALID
 
======================== Result summaries: ========================

