Graph file: /home/kingjuno/MLC/repos/local/cache/get-ml-model-mobilenet_e816719f/mobilenet_v1_0.5_192_quant.tflite
Image dir: /home/kingjuno/MLC/repos/local/cache/get-preprocessed-dataset-imagenet_c88c71f7
Image list: /home/kingjuno/MLC/repos/local/cache/get-preprocessed-dataset-imagenet_c88c71f7/preprocessed_files.txt
Image size: 192
Image channels: 3
Prediction classes: 1000
Result dir: /home/kingjuno/MLC/repos/local/cache/get-mlperf-inference-results-dir_69aa4cf9/valid_results/MLC-tflite_cpp-cpu-tflite-vmaster-default_config/mobilenet-v1-precision_uint8-0.5-192/singlestream/performance/run_1
How many images fit in memory buffer: 1024
Normalize: 1
Subtract mean: 0
Run time preprocessing: 1
Number of Threads: 1
Number of available imagefiles: 50000

Loading graph...
INFO: Created TensorFlow Lite XNNPACK delegate for CPU.
Input tensor dimensions (NHWC): 1*192*192*3
Output tensor dimensions: 1*1001
Path to user.conf : /home/kingjuno/MLC/repos/mlcommons@mlperf-automations/script/generate-mlperf-inference-user-conf/tmp/ffc86c0c7eaf4a61bed733e07946abc0.conf
Model Name: mobilenet
LoadGen Scenario: SingleStream
LoadGen Mode: performance
