Graph file: /home/kingjuno/MLC/repos/local/cache/get-ml-model-mobilenet_e6ce860d/mobilenet_v1_0.75_224_quant.tflite
Image dir: /home/kingjuno/MLC/repos/local/cache/get-preprocessed-dataset-imagenet_8ad3df7e
Image list: /home/kingjuno/MLC/repos/local/cache/get-preprocessed-dataset-imagenet_8ad3df7e/preprocessed_files.txt
Image size: 224
Image channels: 3
Prediction classes: 1000
Result dir: /home/kingjuno/MLC/repos/local/cache/get-mlperf-inference-results-dir_69aa4cf9/valid_results/MLC-tflite_cpp-cpu-tflite-vmaster-default_config/mobilenet-v1-precision_uint8-0.75-224/singlestream/performance/run_1
How many images fit in memory buffer: 1024
Normalize: 1
Subtract mean: 0
Run time preprocessing: 1
Number of Threads: 1
Number of available imagefiles: 50000

Loading graph...
INFO: Created TensorFlow Lite XNNPACK delegate for CPU.
Input tensor dimensions (NHWC): 1*224*224*3
Output tensor dimensions: 1*1001
Path to user.conf : /home/kingjuno/MLC/repos/mlcommons@mlperf-automations/script/generate-mlperf-inference-user-conf/tmp/19927607370742f099df9cf7dea64b3d.conf
Model Name: mobilenet
LoadGen Scenario: SingleStream
LoadGen Mode: performance
