client 2025-02-26 18:38:19,924 [INFO] Creating output directory '/home/arjun/MLC/repos/local/cache/get-mlperf-inference-results-dir_e3f7a2f6/valid_results/mini-tflite_cpp-cpu-tflite-vmaster-default_config/mobilenet-v2-precision_float-1.0-192/singlestream/performance/tmp_power'
client 2025-02-26 18:38:19,934 [INFO] Sending command to the server: 'mlcommons/power client v3'
client 2025-02-26 18:38:19,945 [INFO] Got response: 'mlcommons/power server v3'
client 2025-02-26 18:38:19,945 [INFO] Synchronizing with the server and with time.google.com...
client 2025-02-26 18:38:19,967 [INFO] NTP:offset = -0.002 s, delay = 0.019 s 
client 2025-02-26 18:38:19,967 [INFO] Sending command to the server: 'time'
client 2025-02-26 18:38:19,977 [INFO] Got response: '1740595099.7695286'
client 2025-02-26 18:38:19,977 [INFO] The time difference between the client and the server is within range 197.723 ms..207.620 ms
client 2025-02-26 18:38:19,977 [INFO] Sending command to the server: 'new,,47f45642-0bd9-4f57-b3c4-a9fc0b71ca32'
client 2025-02-26 18:38:19,991 [INFO] Got response: 'OK 2025-02-26_18-38-19,3180814f-4aa7-4ba9-9190-2d382e46d0b3'
client 2025-02-26 18:38:19,991 [INFO] Session id is '2025-02-26_18-38-19'
client 2025-02-26 18:38:19,991 [INFO] Sources: {"sources": {"__init__.py": "da39a3ee5e6b4b0d3255bfef95601890afd80709", "client.py": "33ca4f26368777ac06e01f9567b714a4b8063886", "lib/__init__.py": "da39a3ee5e6b4b0d3255bfef95601890afd80709", "lib/client.py": "ac2aa093c8e8bbc9569b9e2a3471bc64e58a2258", "lib/common.py": "611d8b29633d331eb19c9455ea3b5fa3284ed6df", "lib/external/__init__.py": "da39a3ee5e6b4b0d3255bfef95601890afd80709", "lib/external/ntplib.py": "4da8f970656505a40483206ef2b5d3dd5e81711d", "lib/server.py": "9bc9a3b6b9b716520658ac175913bcbbdb354336", "lib/source_hashes.py": "60a2e02193209e8d392803326208d5466342da18", "lib/summary.py": "602a9fedfa503e5544d27ab3b0067f235047efc3", "lib/time_sync.py": "80894ef2389e540781ff78de94db16aa4203a14e", "server.py": "c3f90f2f7eeb4db30727556d0c815ebc89b3d28b", "tests/unit/__init__.py": "da39a3ee5e6b4b0d3255bfef95601890afd80709", "tests/unit/test_server.py": "948c1995d4008bc2aa6c4046a34ffa3858d6d671", "tests/unit/test_source_hashes.py": "00468a2907583c593e6574a1f6b404e4651c221a"}, "modules": {"ptd_client_server.lib.client": "lib/client.py", "ptd_client_server.lib.common": "lib/common.py", "ptd_client_server.lib.external.ntplib": "lib/external/ntplib.py", "ptd_client_server.lib.source_hashes": "lib/source_hashes.py", "ptd_client_server.lib.summary": "lib/summary.py", "ptd_client_server.lib.time_sync": "lib/time_sync.py"}}
client 2025-02-26 18:38:19,991 [INFO] Running workload in ranging mode
client 2025-02-26 18:38:19,991 [INFO] Synchronizing with the server and with time.google.com...
client 2025-02-26 18:38:20,011 [INFO] NTP:offset = -0.002 s, delay = 0.019 s 
client 2025-02-26 18:38:20,011 [INFO] Sending command to the server: 'time'
client 2025-02-26 18:38:20,024 [INFO] Got response: '1740595099.8126266'
client 2025-02-26 18:38:20,024 [INFO] The time difference between the client and the server is within range 199.093 ms..211.544 ms
client 2025-02-26 18:38:20,024 [INFO] Sending command to the server: 'session,2025-02-26_18-38-19,start,ranging'
client 2025-02-26 18:38:44,633 [INFO] Got response: 'OK'
client 2025-02-26 18:38:44,633 [INFO] Sending command to the server: 'time'
client 2025-02-26 18:38:44,643 [INFO] Got response: '1740595124.4339328'
client 2025-02-26 18:38:44,644 [INFO] The time difference between the client and the server is within range 199.807 ms..210.136 ms
client 2025-02-26 18:38:44,644 [INFO] Running the workload ' MLC_MLPERF_RUN_COUNT=$(cat ${MLC_RUN_DIR}/count.txt); echo ${MLC_MLPERF_RUN_COUNT}; MLC_MLPERF_RUN_COUNT=$((MLC_MLPERF_RUN_COUNT+1)); echo ${MLC_MLPERF_RUN_COUNT} > ${MLC_RUN_DIR}/count.txt; if [ ${MLC_MLPERF_RUN_COUNT} -eq 1 ]; then export MLC_MLPERF_USER_CONF="${MLC_MLPERF_RANGING_USER_CONF}"; else export MLC_MLPERF_USER_CONF="${MLC_MLPERF_TESTING_USER_CONF}"; fi ; /home/arjun/MLC/repos/gateoverflow@mlperf-automations/script/run-all-mlperf-models/run.out'
client 2025-02-26 18:43:45,772 [INFO] Sending command to the server: 'time'
client 2025-02-26 18:43:45,785 [INFO] Got response: '1740595425.570192'
client 2025-02-26 18:43:45,785 [INFO] The time difference between the client and the server is within range 202.053 ms..215.773 ms
client 2025-02-26 18:43:45,786 [INFO] Sending command to the server: 'session,2025-02-26_18-38-19,stop,ranging'
client 2025-02-26 18:43:56,885 [INFO] Got response: 'OK'
client 2025-02-26 18:43:56,885 [INFO] Sending command to the server: 'time'
client 2025-02-26 18:43:56,895 [INFO] Got response: '1740595436.679631'
client 2025-02-26 18:43:56,895 [INFO] The time difference between the client and the server is within range 205.786 ms..215.601 ms
client 2025-02-26 18:43:56,899 [INFO] Copying loadgen logs from '/home/arjun/MLC/repos/local/cache/get-mlperf-inference-results-dir_e3f7a2f6/valid_results/mini-tflite_cpp-cpu-tflite-vmaster-default_config/mobilenet-v2-precision_float-1.0-192/singlestream/performance/run_1' to '/home/arjun/MLC/repos/local/cache/get-mlperf-inference-results-dir_e3f7a2f6/valid_results/mini-tflite_cpp-cpu-tflite-vmaster-default_config/mobilenet-v2-precision_float-1.0-192/singlestream/performance/tmp_power/ranging'
client 2025-02-26 18:43:56,899 [INFO] Running workload in testing mode
client 2025-02-26 18:43:56,899 [INFO] Synchronizing with the server and with time.google.com...
client 2025-02-26 18:43:56,919 [INFO] NTP:offset = -0.002 s, delay = 0.018 s 
client 2025-02-26 18:43:56,919 [INFO] Sending command to the server: 'time'
client 2025-02-26 18:43:56,930 [INFO] Got response: '1740595436.7140167'
client 2025-02-26 18:43:56,930 [INFO] The time difference between the client and the server is within range 205.305 ms..216.647 ms
client 2025-02-26 18:43:56,930 [INFO] Sending command to the server: 'session,2025-02-26_18-38-19,start,testing'
client 2025-02-26 18:44:10,021 [INFO] Got response: 'OK'
client 2025-02-26 18:44:10,021 [INFO] Sending command to the server: 'time'
client 2025-02-26 18:44:10,034 [INFO] Got response: '1740595449.8183315'
client 2025-02-26 18:44:10,034 [INFO] The time difference between the client and the server is within range 203.298 ms..216.644 ms
client 2025-02-26 18:44:10,035 [INFO] Running the workload ' MLC_MLPERF_RUN_COUNT=$(cat ${MLC_RUN_DIR}/count.txt); echo ${MLC_MLPERF_RUN_COUNT}; MLC_MLPERF_RUN_COUNT=$((MLC_MLPERF_RUN_COUNT+1)); echo ${MLC_MLPERF_RUN_COUNT} > ${MLC_RUN_DIR}/count.txt; if [ ${MLC_MLPERF_RUN_COUNT} -eq 1 ]; then export MLC_MLPERF_USER_CONF="${MLC_MLPERF_RANGING_USER_CONF}"; else export MLC_MLPERF_USER_CONF="${MLC_MLPERF_TESTING_USER_CONF}"; fi ; /home/arjun/MLC/repos/gateoverflow@mlperf-automations/script/run-all-mlperf-models/run.out'
client 2025-02-26 18:54:10,810 [INFO] Sending command to the server: 'time'
client 2025-02-26 18:54:10,825 [INFO] Got response: '1740596050.5980973'
client 2025-02-26 18:54:10,826 [INFO] The time difference between the client and the server is within range 212.063 ms..227.998 ms
client 2025-02-26 18:54:10,826 [INFO] Sending command to the server: 'session,2025-02-26_18-38-19,stop,testing'
client 2025-02-26 18:54:21,288 [INFO] Got response: 'OK'
client 2025-02-26 18:54:21,288 [INFO] Sending command to the server: 'time'
client 2025-02-26 18:54:21,299 [INFO] Got response: '1740596061.072194'
client 2025-02-26 18:54:21,299 [INFO] The time difference between the client and the server is within range 216.751 ms..227.164 ms
client 2025-02-26 18:54:21,300 [INFO] Copying loadgen logs from '/home/arjun/MLC/repos/local/cache/get-mlperf-inference-results-dir_e3f7a2f6/valid_results/mini-tflite_cpp-cpu-tflite-vmaster-default_config/mobilenet-v2-precision_float-1.0-192/singlestream/performance/run_1' to '/home/arjun/MLC/repos/local/cache/get-mlperf-inference-results-dir_e3f7a2f6/valid_results/mini-tflite_cpp-cpu-tflite-vmaster-default_config/mobilenet-v2-precision_float-1.0-192/singlestream/performance/tmp_power/run_1'
client 2025-02-26 18:54:21,300 [INFO] Done runs
