client 2025-02-27 14:47:33,381 [INFO] Creating output directory '/home/arjun/MLC/repos/local/cache/get-mlperf-inference-results-dir_e3f7a2f6/valid_results/mini-tflite_cpp-cpu-tflite-vmaster-default_config/efficientnet-int8-lite0/singlestream/performance/tmp_power'
client 2025-02-27 14:47:33,391 [INFO] Sending command to the server: 'mlcommons/power client v3'
client 2025-02-27 14:47:33,401 [INFO] Got response: 'mlcommons/power server v3'
client 2025-02-27 14:47:33,401 [INFO] Synchronizing with the server and with time.google.com...
client 2025-02-27 14:47:33,443 [INFO] NTP:offset = -0.003 s, delay = 0.019 s 
client 2025-02-27 14:47:33,443 [INFO] Sending command to the server: 'time'
client 2025-02-27 14:47:33,454 [INFO] Got response: '1740667653.1781359'
client 2025-02-27 14:47:33,454 [INFO] The time difference between the client and the server is within range 265.488 ms..276.167 ms
client 2025-02-27 14:47:33,454 [INFO] Sending command to the server: 'new,,04e45729-187f-4e99-af28-2fb7b92e6ad9'
client 2025-02-27 14:47:33,464 [INFO] Got response: 'OK 2025-02-27_14-47-33,4e58d31c-247b-42e9-aba5-55beeb031902'
client 2025-02-27 14:47:33,465 [INFO] Session id is '2025-02-27_14-47-33'
client 2025-02-27 14:47:33,465 [INFO] Sources: {"sources": {"__init__.py": "da39a3ee5e6b4b0d3255bfef95601890afd80709", "client.py": "33ca4f26368777ac06e01f9567b714a4b8063886", "lib/__init__.py": "da39a3ee5e6b4b0d3255bfef95601890afd80709", "lib/client.py": "ac2aa093c8e8bbc9569b9e2a3471bc64e58a2258", "lib/common.py": "611d8b29633d331eb19c9455ea3b5fa3284ed6df", "lib/external/__init__.py": "da39a3ee5e6b4b0d3255bfef95601890afd80709", "lib/external/ntplib.py": "4da8f970656505a40483206ef2b5d3dd5e81711d", "lib/server.py": "9bc9a3b6b9b716520658ac175913bcbbdb354336", "lib/source_hashes.py": "60a2e02193209e8d392803326208d5466342da18", "lib/summary.py": "602a9fedfa503e5544d27ab3b0067f235047efc3", "lib/time_sync.py": "80894ef2389e540781ff78de94db16aa4203a14e", "server.py": "c3f90f2f7eeb4db30727556d0c815ebc89b3d28b", "tests/unit/__init__.py": "da39a3ee5e6b4b0d3255bfef95601890afd80709", "tests/unit/test_server.py": "948c1995d4008bc2aa6c4046a34ffa3858d6d671", "tests/unit/test_source_hashes.py": "00468a2907583c593e6574a1f6b404e4651c221a"}, "modules": {"ptd_client_server.lib.client": "lib/client.py", "ptd_client_server.lib.common": "lib/common.py", "ptd_client_server.lib.external.ntplib": "lib/external/ntplib.py", "ptd_client_server.lib.source_hashes": "lib/source_hashes.py", "ptd_client_server.lib.summary": "lib/summary.py", "ptd_client_server.lib.time_sync": "lib/time_sync.py"}}
client 2025-02-27 14:47:33,465 [INFO] Running workload in ranging mode
client 2025-02-27 14:47:33,465 [INFO] Synchronizing with the server and with time.google.com...
client 2025-02-27 14:47:33,485 [INFO] NTP:offset = -0.004 s, delay = 0.018 s 
client 2025-02-27 14:47:33,485 [INFO] Sending command to the server: 'time'
client 2025-02-27 14:47:33,517 [INFO] Got response: '1740667653.2337837'
client 2025-02-27 14:47:33,517 [INFO] The time difference between the client and the server is within range 251.485 ms..283.480 ms
client 2025-02-27 14:47:33,517 [INFO] Sending command to the server: 'session,2025-02-27_14-47-33,start,ranging'
client 2025-02-27 14:47:58,014 [INFO] Got response: 'OK'
client 2025-02-27 14:47:58,014 [INFO] Sending command to the server: 'time'
client 2025-02-27 14:47:58,026 [INFO] Got response: '1740667677.749696'
client 2025-02-27 14:47:58,026 [INFO] The time difference between the client and the server is within range 264.795 ms..276.875 ms
client 2025-02-27 14:47:58,026 [INFO] Running the workload ' MLC_MLPERF_RUN_COUNT=$(cat ${MLC_RUN_DIR}/count.txt); echo ${MLC_MLPERF_RUN_COUNT}; MLC_MLPERF_RUN_COUNT=$((MLC_MLPERF_RUN_COUNT+1)); echo ${MLC_MLPERF_RUN_COUNT} > ${MLC_RUN_DIR}/count.txt; if [ ${MLC_MLPERF_RUN_COUNT} -eq 1 ]; then export MLC_MLPERF_USER_CONF="${MLC_MLPERF_RANGING_USER_CONF}"; else export MLC_MLPERF_USER_CONF="${MLC_MLPERF_TESTING_USER_CONF}"; fi ; /home/arjun/MLC/repos/gateoverflow@mlperf-automations/script/run-all-mlperf-models/run.out'
client 2025-02-27 14:52:58,632 [INFO] Sending command to the server: 'time'
client 2025-02-27 14:52:58,646 [INFO] Got response: '1740667978.3633273'
client 2025-02-27 14:52:58,646 [INFO] The time difference between the client and the server is within range 269.434 ms..283.326 ms
client 2025-02-27 14:52:58,646 [INFO] Sending command to the server: 'session,2025-02-27_14-47-33,stop,ranging'
client 2025-02-27 14:53:09,444 [INFO] Got response: 'OK'
client 2025-02-27 14:53:09,445 [INFO] Sending command to the server: 'time'
client 2025-02-27 14:53:09,457 [INFO] Got response: '1740667989.176298'
client 2025-02-27 14:53:09,457 [INFO] The time difference between the client and the server is within range 268.852 ms..281.420 ms
client 2025-02-27 14:53:09,461 [INFO] Copying loadgen logs from '/home/arjun/MLC/repos/local/cache/get-mlperf-inference-results-dir_e3f7a2f6/valid_results/mini-tflite_cpp-cpu-tflite-vmaster-default_config/efficientnet-int8-lite0/singlestream/performance/run_1' to '/home/arjun/MLC/repos/local/cache/get-mlperf-inference-results-dir_e3f7a2f6/valid_results/mini-tflite_cpp-cpu-tflite-vmaster-default_config/efficientnet-int8-lite0/singlestream/performance/tmp_power/ranging'
client 2025-02-27 14:53:09,462 [INFO] Running workload in testing mode
client 2025-02-27 14:53:09,462 [INFO] Synchronizing with the server and with time.google.com...
client 2025-02-27 14:53:09,491 [INFO] NTP:offset = -0.003 s, delay = 0.020 s 
client 2025-02-27 14:53:09,492 [INFO] Sending command to the server: 'time'
client 2025-02-27 14:53:09,507 [INFO] Got response: '1740667989.225786'
client 2025-02-27 14:53:09,507 [INFO] The time difference between the client and the server is within range 266.254 ms..281.688 ms
client 2025-02-27 14:53:09,507 [INFO] Sending command to the server: 'session,2025-02-27_14-47-33,start,testing'
client 2025-02-27 14:53:22,609 [INFO] Got response: 'OK'
client 2025-02-27 14:53:22,609 [INFO] Sending command to the server: 'time'
client 2025-02-27 14:53:22,624 [INFO] Got response: '1740668002.3391566'
client 2025-02-27 14:53:22,624 [INFO] The time difference between the client and the server is within range 270.492 ms..285.259 ms
client 2025-02-27 14:53:22,624 [INFO] Running the workload ' MLC_MLPERF_RUN_COUNT=$(cat ${MLC_RUN_DIR}/count.txt); echo ${MLC_MLPERF_RUN_COUNT}; MLC_MLPERF_RUN_COUNT=$((MLC_MLPERF_RUN_COUNT+1)); echo ${MLC_MLPERF_RUN_COUNT} > ${MLC_RUN_DIR}/count.txt; if [ ${MLC_MLPERF_RUN_COUNT} -eq 1 ]; then export MLC_MLPERF_USER_CONF="${MLC_MLPERF_RANGING_USER_CONF}"; else export MLC_MLPERF_USER_CONF="${MLC_MLPERF_TESTING_USER_CONF}"; fi ; /home/arjun/MLC/repos/gateoverflow@mlperf-automations/script/run-all-mlperf-models/run.out'
client 2025-02-27 15:03:23,019 [INFO] Sending command to the server: 'time'
client 2025-02-27 15:03:23,034 [INFO] Got response: '1740668602.7426279'
client 2025-02-27 15:03:23,034 [INFO] The time difference between the client and the server is within range 276.907 ms..292.133 ms
client 2025-02-27 15:03:23,034 [INFO] Sending command to the server: 'session,2025-02-27_14-47-33,stop,testing'
client 2025-02-27 15:03:33,938 [INFO] Got response: 'OK'
client 2025-02-27 15:03:33,939 [INFO] Sending command to the server: 'time'
client 2025-02-27 15:03:33,952 [INFO] Got response: '1740668613.6593874'
client 2025-02-27 15:03:33,952 [INFO] The time difference between the client and the server is within range 279.697 ms..293.568 ms
client 2025-02-27 15:03:33,953 [INFO] Copying loadgen logs from '/home/arjun/MLC/repos/local/cache/get-mlperf-inference-results-dir_e3f7a2f6/valid_results/mini-tflite_cpp-cpu-tflite-vmaster-default_config/efficientnet-int8-lite0/singlestream/performance/run_1' to '/home/arjun/MLC/repos/local/cache/get-mlperf-inference-results-dir_e3f7a2f6/valid_results/mini-tflite_cpp-cpu-tflite-vmaster-default_config/efficientnet-int8-lite0/singlestream/performance/tmp_power/run_1'
client 2025-02-27 15:03:33,955 [INFO] Done runs
