Graph file: /mnt/arjun/MLC/repos/local/cache/get-ml-model-mobilenet_8c85ce89/mobilenet_v1_1.0_192_quant.tflite
Image dir: /mnt/arjun/MLC/repos/local/cache/get-preprocessed-dataset-imagenet_bba3e5bb
Image list: /mnt/arjun/MLC/repos/local/cache/get-preprocessed-dataset-imagenet_bba3e5bb/preprocessed_files.txt
Image size: 192
Image channels: 3
Prediction classes: 1000
Result dir: /home/arjun/MLC/repos/local/cache/get-mlperf-inference-results-dir_338d2055/valid_results/arjun_spr-tflite_cpp-cpu-tflite-vmaster-default_config/mobilenet-v1-precision_uint8-1.0-192/singlestream/performance/run_1
How many images fit in memory buffer: 1024
Normalize: 1
Subtract mean: 0
Run time preprocessing: 1
Number of Threads: 24
Number of available imagefiles: 50000

Loading graph...
INFO: Created TensorFlow Lite XNNPACK delegate for CPU.
Input tensor dimensions (NHWC): 1*192*192*3
Output tensor dimensions: 1*1001
Path to user.conf : /home/arjun/MLC/repos/gateoverflow@mlperf-automations/script/generate-mlperf-inference-user-conf/tmp/94e8299c16a54e77b252dc1a66787fee.conf
Model Name: mobilenet
LoadGen Scenario: SingleStream
LoadGen Mode: performance
