client 2025-02-27 12:12:45,465 [INFO] Creating output directory '/home/arjun/MLC/repos/local/cache/get-mlperf-inference-results-dir_e3f7a2f6/valid_results/mini-tflite_cpp-cpu-tflite-vmaster-default_config/mobilenet-v2-precision_uint8-0.5-128/singlestream/performance/tmp_power'
client 2025-02-27 12:12:45,475 [INFO] Sending command to the server: 'mlcommons/power client v3'
client 2025-02-27 12:12:45,485 [INFO] Got response: 'mlcommons/power server v3'
client 2025-02-27 12:12:45,485 [INFO] Synchronizing with the server and with time.google.com...
client 2025-02-27 12:12:45,524 [INFO] NTP:offset = -0.003 s, delay = 0.022 s 
client 2025-02-27 12:12:45,524 [INFO] Sending command to the server: 'time'
client 2025-02-27 12:12:45,536 [INFO] Got response: '1740658365.401384'
client 2025-02-27 12:12:45,537 [INFO] The time difference between the client and the server is within range 123.333 ms..135.696 ms
client 2025-02-27 12:12:45,537 [INFO] Sending command to the server: 'new,,076a0d71-9927-46a4-a9c5-66ff5d6d0944'
client 2025-02-27 12:12:45,553 [INFO] Got response: 'OK 2025-02-27_12-12-45,d6c10ef2-ec50-4b08-8cef-9c6131c64270'
client 2025-02-27 12:12:45,553 [INFO] Session id is '2025-02-27_12-12-45'
client 2025-02-27 12:12:45,553 [INFO] Sources: {"sources": {"__init__.py": "da39a3ee5e6b4b0d3255bfef95601890afd80709", "client.py": "33ca4f26368777ac06e01f9567b714a4b8063886", "lib/__init__.py": "da39a3ee5e6b4b0d3255bfef95601890afd80709", "lib/client.py": "ac2aa093c8e8bbc9569b9e2a3471bc64e58a2258", "lib/common.py": "611d8b29633d331eb19c9455ea3b5fa3284ed6df", "lib/external/__init__.py": "da39a3ee5e6b4b0d3255bfef95601890afd80709", "lib/external/ntplib.py": "4da8f970656505a40483206ef2b5d3dd5e81711d", "lib/server.py": "9bc9a3b6b9b716520658ac175913bcbbdb354336", "lib/source_hashes.py": "60a2e02193209e8d392803326208d5466342da18", "lib/summary.py": "602a9fedfa503e5544d27ab3b0067f235047efc3", "lib/time_sync.py": "80894ef2389e540781ff78de94db16aa4203a14e", "server.py": "c3f90f2f7eeb4db30727556d0c815ebc89b3d28b", "tests/unit/__init__.py": "da39a3ee5e6b4b0d3255bfef95601890afd80709", "tests/unit/test_server.py": "948c1995d4008bc2aa6c4046a34ffa3858d6d671", "tests/unit/test_source_hashes.py": "00468a2907583c593e6574a1f6b404e4651c221a"}, "modules": {"ptd_client_server.lib.client": "lib/client.py", "ptd_client_server.lib.common": "lib/common.py", "ptd_client_server.lib.external.ntplib": "lib/external/ntplib.py", "ptd_client_server.lib.source_hashes": "lib/source_hashes.py", "ptd_client_server.lib.summary": "lib/summary.py", "ptd_client_server.lib.time_sync": "lib/time_sync.py"}}
client 2025-02-27 12:12:45,554 [INFO] Running workload in ranging mode
client 2025-02-27 12:12:45,554 [INFO] Synchronizing with the server and with time.google.com...
client 2025-02-27 12:12:45,577 [INFO] NTP:offset = -0.003 s, delay = 0.022 s 
client 2025-02-27 12:12:45,578 [INFO] Sending command to the server: 'time'
client 2025-02-27 12:12:45,890 [INFO] Got response: '1740658365.676626'
client 2025-02-27 12:12:45,890 [INFO] The time difference between the client and the server is within range -98.556 ms..213.805 ms
client 2025-02-27 12:12:45,890 [INFO] Sending command to the server: 'session,2025-02-27_12-12-45,start,ranging'
client 2025-02-27 12:13:10,496 [INFO] Got response: 'OK'
client 2025-02-27 12:13:10,496 [INFO] Sending command to the server: 'time'
client 2025-02-27 12:13:10,507 [INFO] Got response: '1740658390.3726618'
client 2025-02-27 12:13:10,507 [INFO] The time difference between the client and the server is within range 123.935 ms..134.522 ms
client 2025-02-27 12:13:10,507 [INFO] Running the workload ' MLC_MLPERF_RUN_COUNT=$(cat ${MLC_RUN_DIR}/count.txt); echo ${MLC_MLPERF_RUN_COUNT}; MLC_MLPERF_RUN_COUNT=$((MLC_MLPERF_RUN_COUNT+1)); echo ${MLC_MLPERF_RUN_COUNT} > ${MLC_RUN_DIR}/count.txt; if [ ${MLC_MLPERF_RUN_COUNT} -eq 1 ]; then export MLC_MLPERF_USER_CONF="${MLC_MLPERF_RANGING_USER_CONF}"; else export MLC_MLPERF_USER_CONF="${MLC_MLPERF_TESTING_USER_CONF}"; fi ; /home/arjun/MLC/repos/gateoverflow@mlperf-automations/script/run-all-mlperf-models/run.out'
client 2025-02-27 12:18:11,597 [INFO] Sending command to the server: 'time'
client 2025-02-27 12:18:11,613 [INFO] Got response: '1740658691.4742181'
client 2025-02-27 12:18:11,613 [INFO] The time difference between the client and the server is within range 123.677 ms..139.042 ms
client 2025-02-27 12:18:11,613 [INFO] Sending command to the server: 'session,2025-02-27_12-12-45,stop,ranging'
client 2025-02-27 12:18:23,096 [INFO] Got response: 'OK'
client 2025-02-27 12:18:23,096 [INFO] Sending command to the server: 'time'
client 2025-02-27 12:18:23,114 [INFO] Got response: '1740658702.975155'
client 2025-02-27 12:18:23,114 [INFO] The time difference between the client and the server is within range 121.760 ms..139.778 ms
client 2025-02-27 12:18:23,119 [INFO] Copying loadgen logs from '/home/arjun/MLC/repos/local/cache/get-mlperf-inference-results-dir_e3f7a2f6/valid_results/mini-tflite_cpp-cpu-tflite-vmaster-default_config/mobilenet-v2-precision_uint8-0.5-128/singlestream/performance/run_1' to '/home/arjun/MLC/repos/local/cache/get-mlperf-inference-results-dir_e3f7a2f6/valid_results/mini-tflite_cpp-cpu-tflite-vmaster-default_config/mobilenet-v2-precision_uint8-0.5-128/singlestream/performance/tmp_power/ranging'
client 2025-02-27 12:18:23,119 [INFO] Running workload in testing mode
client 2025-02-27 12:18:23,119 [INFO] Synchronizing with the server and with time.google.com...
client 2025-02-27 12:18:23,138 [INFO] NTP:offset = -0.003 s, delay = 0.018 s 
client 2025-02-27 12:18:23,138 [INFO] Sending command to the server: 'time'
client 2025-02-27 12:18:23,151 [INFO] Got response: '1740658703.011323'
client 2025-02-27 12:18:23,151 [INFO] The time difference between the client and the server is within range 127.640 ms..140.517 ms
client 2025-02-27 12:18:23,151 [INFO] Sending command to the server: 'session,2025-02-27_12-12-45,start,testing'
client 2025-02-27 12:18:36,409 [INFO] Got response: 'OK'
client 2025-02-27 12:18:36,409 [INFO] Sending command to the server: 'time'
client 2025-02-27 12:18:36,424 [INFO] Got response: '1740658716.282319'
client 2025-02-27 12:18:36,425 [INFO] The time difference between the client and the server is within range 127.276 ms..142.757 ms
client 2025-02-27 12:18:36,425 [INFO] Running the workload ' MLC_MLPERF_RUN_COUNT=$(cat ${MLC_RUN_DIR}/count.txt); echo ${MLC_MLPERF_RUN_COUNT}; MLC_MLPERF_RUN_COUNT=$((MLC_MLPERF_RUN_COUNT+1)); echo ${MLC_MLPERF_RUN_COUNT} > ${MLC_RUN_DIR}/count.txt; if [ ${MLC_MLPERF_RUN_COUNT} -eq 1 ]; then export MLC_MLPERF_USER_CONF="${MLC_MLPERF_RANGING_USER_CONF}"; else export MLC_MLPERF_USER_CONF="${MLC_MLPERF_TESTING_USER_CONF}"; fi ; /home/arjun/MLC/repos/gateoverflow@mlperf-automations/script/run-all-mlperf-models/run.out'
client 2025-02-27 12:28:38,287 [INFO] Sending command to the server: 'time'
client 2025-02-27 12:28:38,307 [INFO] Got response: '1740659318.1587489'
client 2025-02-27 12:28:38,307 [INFO] The time difference between the client and the server is within range 129.084 ms..148.705 ms
client 2025-02-27 12:28:38,307 [INFO] Sending command to the server: 'session,2025-02-27_12-12-45,stop,testing'
client 2025-02-27 12:28:49,581 [INFO] Got response: 'OK'
client 2025-02-27 12:28:49,581 [INFO] Sending command to the server: 'time'
client 2025-02-27 12:28:49,594 [INFO] Got response: '1740659329.4460807'
client 2025-02-27 12:28:49,594 [INFO] The time difference between the client and the server is within range 135.529 ms..148.532 ms
client 2025-02-27 12:28:49,595 [INFO] Copying loadgen logs from '/home/arjun/MLC/repos/local/cache/get-mlperf-inference-results-dir_e3f7a2f6/valid_results/mini-tflite_cpp-cpu-tflite-vmaster-default_config/mobilenet-v2-precision_uint8-0.5-128/singlestream/performance/run_1' to '/home/arjun/MLC/repos/local/cache/get-mlperf-inference-results-dir_e3f7a2f6/valid_results/mini-tflite_cpp-cpu-tflite-vmaster-default_config/mobilenet-v2-precision_uint8-0.5-128/singlestream/performance/tmp_power/run_1'
client 2025-02-27 12:28:49,596 [INFO] Done runs
