User Conf path: /home/mlcuser/MLC/repos/mlcommons@mlperf-automations/script/generate-mlperf-inference-user-conf/tmp/64690f75aefc461caece7eff5a3a29ea.conf
Dataset Preprocessed path: /home/mlcuser/MLC/repos/local/cache/get-preprocessed-dataset-imagenet_5a14f49b
Dataset List filepath: 
Scenario: SingleStream
Mode: AccuracyOnly
Batch size: 1
Query count override: 0
Performance sample count override in application: 0
loaded imagenet with 50000 samples
starting benchmark
loading samples to ram with total sample size: 1024
loading samples to ram with total sample size: 1024
loading samples to ram with total sample size: 1024
loading samples to ram with total sample size: 1024
loading samples to ram with total sample size: 1024
loading samples to ram with total sample size: 1024
loading samples to ram with total sample size: 1024
loading samples to ram with total sample size: 1024
loading samples to ram with total sample size: 1024
loading samples to ram with total sample size: 1024
loading samples to ram with total sample size: 1024
loading samples to ram with total sample size: 1024
loading samples to ram with total sample size: 1024
loading samples to ram with total sample size: 1024
loading samples to ram with total sample size: 1024
loading samples to ram with total sample size: 1024
loading samples to ram with total sample size: 1024
loading samples to ram with total sample size: 1024
loading samples to ram with total sample size: 1024
loading samples to ram with total sample size: 1024
loading samples to ram with total sample size: 1024
loading samples to ram with total sample size: 1024
loading samples to ram with total sample size: 1024
loading samples to ram with total sample size: 1024
loading samples to ram with total sample size: 1024
loading samples to ram with total sample size: 1024
loading samples to ram with total sample size: 1024
loading samples to ram with total sample size: 1024
loading samples to ram with total sample size: 1024
loading samples to ram with total sample size: 1024
loading samples to ram with total sample size: 1024
loading samples to ram with total sample size: 1024
loading samples to ram with total sample size: 1024
loading samples to ram with total sample size: 1024
loading samples to ram with total sample size: 1024
loading samples to ram with total sample size: 1024
loading samples to ram with total sample size: 1024
loading samples to ram with total sample size: 1024
loading samples to ram with total sample size: 1024
loading samples to ram with total sample size: 1024
loading samples to ram with total sample size: 1024
loading samples to ram with total sample size: 1024
loading samples to ram with total sample size: 1024
loading samples to ram with total sample size: 1024
loading samples to ram with total sample size: 1024
loading samples to ram with total sample size: 1024
loading samples to ram with total sample size: 1024
loading samples to ram with total sample size: 1024
loading samples to ram with total sample size: 848
