Graph file: /home/ubuntu/MLC/repos/local/cache/get-ml-model-mobilenet_af333b85/mobilenet_v2_0.5_128.tflite
Image dir: /home/ubuntu/MLC/repos/local/cache/get-preprocessed-dataset-imagenet_bf15fc62
Image list: /home/ubuntu/MLC/repos/local/cache/get-preprocessed-dataset-imagenet_bf15fc62/preprocessed_files.txt
Image size: 128
Image channels: 3
Prediction classes: 1000
Result dir: /home/ubuntu/MLC/repos/local/cache/get-mlperf-inference-results-dir_8b388bee/valid_results/i_05d9d5b2580ad479b-tflite_cpp-cpu-tflite-vmaster-with_live_preprocessing/mobilenet-v2-precision_float-0.5-128/singlestream/performance/run_1
How many images fit in memory buffer: 1024
Normalize: 1
Subtract mean: 0
Run time preprocessing: 1
Number of Threads: 2
Number of available imagefiles: 50000

Loading graph...
INFO: Created TensorFlow Lite XNNPACK delegate for CPU.
Input tensor dimensions (NHWC): 1*128*128*3
Output tensor dimensions: 1*1001
Path to user.conf : /home/ubuntu/MLC/repos/gateoverflow@mlperf-automations/script/generate-mlperf-inference-user-conf/tmp/205698d2da6541aeb38708a884eeb210.conf
Model Name: mobilenet
LoadGen Scenario: SingleStream
LoadGen Mode: performance
