Graph file: /mnt/arjun/MLC/repos/local/cache/get-ml-model-mobilenet_294e7b9c/mobilenet_v1_0.75_224.tflite
Image dir: /mnt/arjun/MLC/repos/local/cache/get-preprocessed-dataset-imagenet_9440319e
Image list: /mnt/arjun/MLC/repos/local/cache/get-preprocessed-dataset-imagenet_9440319e/preprocessed_files.txt
Image size: 224
Image channels: 3
Prediction classes: 1000
Result dir: /home/arjun/MLC/repos/local/cache/get-mlperf-inference-results-dir_338d2055/valid_results/arjun_spr-tflite_cpp-cpu-tflite-vmaster-default_config/mobilenet-v1-precision_float-0.75-224/singlestream/performance/run_1
How many images fit in memory buffer: 1024
Normalize: 1
Subtract mean: 0
Run time preprocessing: 0
Number of Threads: 24
Number of available imagefiles: 50000

Loading graph...
INFO: Created TensorFlow Lite XNNPACK delegate for CPU.
Input tensor dimensions (NHWC): 1*224*224*3
Output tensor dimensions: 1*1001
Path to user.conf : /home/arjun/MLC/repos/gateoverflow@mlperf-automations/script/generate-mlperf-inference-user-conf/tmp/6310f94e180d474ab9ee09d5349ac466.conf
Model Name: mobilenet
LoadGen Scenario: SingleStream
LoadGen Mode: performance
