client 2025-02-27 18:38:12,688 [INFO] Creating output directory '/home/arjun/MLC/repos/local/cache/get-mlperf-inference-results-dir_e3f7a2f6/valid_results/mini-tflite_cpp-cpu-tflite-vmaster-with_live_preprocessing/mobilenet-v1-precision_float-0.75-192/singlestream/performance/tmp_power'
client 2025-02-27 18:38:12,699 [INFO] Sending command to the server: 'mlcommons/power client v3'
client 2025-02-27 18:38:12,710 [INFO] Got response: 'mlcommons/power server v3'
client 2025-02-27 18:38:12,710 [INFO] Synchronizing with the server and with time.google.com...
client 2025-02-27 18:38:12,733 [INFO] NTP:offset = -0.011 s, delay = 0.019 s 
client 2025-02-27 18:38:12,734 [INFO] Sending command to the server: 'time'
client 2025-02-27 18:38:12,745 [INFO] Got response: '1740681492.6333466'
client 2025-02-27 18:38:12,745 [INFO] The time difference between the client and the server is within range 100.659 ms..111.830 ms
client 2025-02-27 18:38:12,745 [INFO] Sending command to the server: 'new,,3ebfd5ab-8e0e-4a8d-8829-520e02c0d71e'
client 2025-02-27 18:38:12,762 [INFO] Got response: 'OK 2025-02-27_18-38-12,2c6f2b33-bc68-4256-b33d-535c6b3e1ae6'
client 2025-02-27 18:38:12,763 [INFO] Session id is '2025-02-27_18-38-12'
client 2025-02-27 18:38:12,763 [INFO] Sources: {"sources": {"__init__.py": "da39a3ee5e6b4b0d3255bfef95601890afd80709", "client.py": "33ca4f26368777ac06e01f9567b714a4b8063886", "lib/__init__.py": "da39a3ee5e6b4b0d3255bfef95601890afd80709", "lib/client.py": "ac2aa093c8e8bbc9569b9e2a3471bc64e58a2258", "lib/common.py": "611d8b29633d331eb19c9455ea3b5fa3284ed6df", "lib/external/__init__.py": "da39a3ee5e6b4b0d3255bfef95601890afd80709", "lib/external/ntplib.py": "4da8f970656505a40483206ef2b5d3dd5e81711d", "lib/server.py": "9bc9a3b6b9b716520658ac175913bcbbdb354336", "lib/source_hashes.py": "60a2e02193209e8d392803326208d5466342da18", "lib/summary.py": "602a9fedfa503e5544d27ab3b0067f235047efc3", "lib/time_sync.py": "80894ef2389e540781ff78de94db16aa4203a14e", "server.py": "c3f90f2f7eeb4db30727556d0c815ebc89b3d28b", "tests/unit/__init__.py": "da39a3ee5e6b4b0d3255bfef95601890afd80709", "tests/unit/test_server.py": "948c1995d4008bc2aa6c4046a34ffa3858d6d671", "tests/unit/test_source_hashes.py": "00468a2907583c593e6574a1f6b404e4651c221a"}, "modules": {"ptd_client_server.lib.client": "lib/client.py", "ptd_client_server.lib.common": "lib/common.py", "ptd_client_server.lib.external.ntplib": "lib/external/ntplib.py", "ptd_client_server.lib.source_hashes": "lib/source_hashes.py", "ptd_client_server.lib.summary": "lib/summary.py", "ptd_client_server.lib.time_sync": "lib/time_sync.py"}}
client 2025-02-27 18:38:12,763 [INFO] Running workload in ranging mode
client 2025-02-27 18:38:12,763 [INFO] Synchronizing with the server and with time.google.com...
client 2025-02-27 18:38:12,784 [INFO] NTP:offset = -0.011 s, delay = 0.019 s 
client 2025-02-27 18:38:12,784 [INFO] Sending command to the server: 'time'
client 2025-02-27 18:38:12,931 [INFO] Got response: '1740681492.8192663'
client 2025-02-27 18:38:12,931 [INFO] The time difference between the client and the server is within range -35.067 ms..112.323 ms
client 2025-02-27 18:38:12,931 [INFO] Sending command to the server: 'session,2025-02-27_18-38-12,start,ranging'
client 2025-02-27 18:38:37,532 [INFO] Got response: 'OK'
client 2025-02-27 18:38:37,533 [INFO] Sending command to the server: 'time'
client 2025-02-27 18:38:37,543 [INFO] Got response: '1740681517.4314635'
client 2025-02-27 18:38:37,543 [INFO] The time difference between the client and the server is within range 101.727 ms..112.429 ms
client 2025-02-27 18:38:37,544 [INFO] Running the workload ' MLC_MLPERF_RUN_COUNT=$(cat ${MLC_RUN_DIR}/count.txt); echo ${MLC_MLPERF_RUN_COUNT}; MLC_MLPERF_RUN_COUNT=$((MLC_MLPERF_RUN_COUNT+1)); echo ${MLC_MLPERF_RUN_COUNT} > ${MLC_RUN_DIR}/count.txt; if [ ${MLC_MLPERF_RUN_COUNT} -eq 1 ]; then export MLC_MLPERF_USER_CONF="${MLC_MLPERF_RANGING_USER_CONF}"; else export MLC_MLPERF_USER_CONF="${MLC_MLPERF_TESTING_USER_CONF}"; fi ; /home/arjun/MLC/repos/gateoverflow@mlperf-automations/script/run-all-mlperf-models/run.out'
client 2025-02-27 18:43:38,884 [INFO] Sending command to the server: 'time'
client 2025-02-27 18:43:38,900 [INFO] Got response: '1740681818.784178'
client 2025-02-27 18:43:38,901 [INFO] The time difference between the client and the server is within range 99.854 ms..116.843 ms
client 2025-02-27 18:43:38,901 [INFO] Sending command to the server: 'session,2025-02-27_18-38-12,stop,ranging'
client 2025-02-27 18:43:49,990 [INFO] Got response: 'OK'
client 2025-02-27 18:43:49,990 [INFO] Sending command to the server: 'time'
client 2025-02-27 18:43:50,002 [INFO] Got response: '1740681829.8851297'
client 2025-02-27 18:43:50,002 [INFO] The time difference between the client and the server is within range 105.341 ms..117.476 ms
client 2025-02-27 18:43:50,006 [INFO] Copying loadgen logs from '/home/arjun/MLC/repos/local/cache/get-mlperf-inference-results-dir_e3f7a2f6/valid_results/mini-tflite_cpp-cpu-tflite-vmaster-with_live_preprocessing/mobilenet-v1-precision_float-0.75-192/singlestream/performance/run_1' to '/home/arjun/MLC/repos/local/cache/get-mlperf-inference-results-dir_e3f7a2f6/valid_results/mini-tflite_cpp-cpu-tflite-vmaster-with_live_preprocessing/mobilenet-v1-precision_float-0.75-192/singlestream/performance/tmp_power/ranging'
client 2025-02-27 18:43:50,006 [INFO] Running workload in testing mode
client 2025-02-27 18:43:50,006 [INFO] Synchronizing with the server and with time.google.com...
client 2025-02-27 18:43:50,026 [INFO] NTP:offset = -0.009 s, delay = 0.018 s 
client 2025-02-27 18:43:50,026 [INFO] Sending command to the server: 'time'
client 2025-02-27 18:43:50,051 [INFO] Got response: '1740681829.9340208'
client 2025-02-27 18:43:50,051 [INFO] The time difference between the client and the server is within range 92.705 ms..117.702 ms
client 2025-02-27 18:43:50,051 [INFO] Sending command to the server: 'session,2025-02-27_18-38-12,start,testing'
client 2025-02-27 18:44:03,298 [INFO] Got response: 'OK'
client 2025-02-27 18:44:03,298 [INFO] Sending command to the server: 'time'
client 2025-02-27 18:44:03,315 [INFO] Got response: '1740681843.1979575'
client 2025-02-27 18:44:03,316 [INFO] The time difference between the client and the server is within range 100.801 ms..118.157 ms
client 2025-02-27 18:44:03,316 [INFO] Running the workload ' MLC_MLPERF_RUN_COUNT=$(cat ${MLC_RUN_DIR}/count.txt); echo ${MLC_MLPERF_RUN_COUNT}; MLC_MLPERF_RUN_COUNT=$((MLC_MLPERF_RUN_COUNT+1)); echo ${MLC_MLPERF_RUN_COUNT} > ${MLC_RUN_DIR}/count.txt; if [ ${MLC_MLPERF_RUN_COUNT} -eq 1 ]; then export MLC_MLPERF_USER_CONF="${MLC_MLPERF_RANGING_USER_CONF}"; else export MLC_MLPERF_USER_CONF="${MLC_MLPERF_TESTING_USER_CONF}"; fi ; /home/arjun/MLC/repos/gateoverflow@mlperf-automations/script/run-all-mlperf-models/run.out'
client 2025-02-27 18:54:05,115 [INFO] Sending command to the server: 'time'
client 2025-02-27 18:54:05,135 [INFO] Got response: '1740682445.0108533'
client 2025-02-27 18:54:05,135 [INFO] The time difference between the client and the server is within range 104.235 ms..124.995 ms
client 2025-02-27 18:54:05,136 [INFO] Sending command to the server: 'session,2025-02-27_18-38-12,stop,testing'
client 2025-02-27 18:54:16,685 [INFO] Got response: 'OK'
client 2025-02-27 18:54:16,685 [INFO] Sending command to the server: 'time'
client 2025-02-27 18:54:16,699 [INFO] Got response: '1740682456.5759504'
client 2025-02-27 18:54:16,699 [INFO] The time difference between the client and the server is within range 109.787 ms..123.244 ms
client 2025-02-27 18:54:16,700 [INFO] Copying loadgen logs from '/home/arjun/MLC/repos/local/cache/get-mlperf-inference-results-dir_e3f7a2f6/valid_results/mini-tflite_cpp-cpu-tflite-vmaster-with_live_preprocessing/mobilenet-v1-precision_float-0.75-192/singlestream/performance/run_1' to '/home/arjun/MLC/repos/local/cache/get-mlperf-inference-results-dir_e3f7a2f6/valid_results/mini-tflite_cpp-cpu-tflite-vmaster-with_live_preprocessing/mobilenet-v1-precision_float-0.75-192/singlestream/performance/tmp_power/run_1'
client 2025-02-27 18:54:16,700 [INFO] Done runs
