Graph file: /home/sujithmenon2288/MLC/repos/local/cache/get-ml-model-mobilenet_89606191/v2_160_35/model.tflite
Image dir: /home/sujithmenon2288/MLC/repos/local/cache/get-preprocessed-dataset-imagenet_bbbd13be
Image list: /home/sujithmenon2288/MLC/repos/local/cache/get-preprocessed-dataset-imagenet_bbbd13be/preprocessed_files.txt
Image size: 160
Image channels: 3
Prediction classes: 1000
Result dir: /home/sujithmenon2288/MLC/repos/local/cache/get-mlperf-inference-results-dir_520783ea/valid_results/mlpref_2025-tflite_cpp-cpu-tflite-vmaster-default_config/mobilenet-v2-precision_uint8-0.35-160/singlestream/accuracy
How many images fit in memory buffer: 1024
Normalize: 1
Subtract mean: 0
Run time preprocessing: 1
Number of Threads: 4
Number of available imagefiles: 50000

Loading graph...
INFO: Created TensorFlow Lite XNNPACK delegate for CPU.
Input tensor dimensions (NHWC): 1*160*160*3
Output tensor dimensions: 1*1001
Path to user.conf : /home/sujithmenon2288/MLC/repos/mlcommons@mlperf-automations/script/generate-mlperf-inference-user-conf/tmp/7e5ffeea6a7945538d464a31073e875f.conf
Model Name: mobilenet
LoadGen Scenario: SingleStream
LoadGen Mode: accuracy
