client 2025-02-27 23:42:07,316 [INFO] Creating output directory '/home/arjun/MLC/repos/local/cache/get-mlperf-inference-results-dir_e3f7a2f6/valid_results/mini-tflite_cpp-cpu-tflite-vmaster-with_live_preprocessing/mobilenet-v2-precision_float-1.0-128/singlestream/performance/tmp_power'
client 2025-02-27 23:42:07,326 [INFO] Sending command to the server: 'mlcommons/power client v3'
client 2025-02-27 23:42:07,340 [INFO] Got response: 'mlcommons/power server v3'
client 2025-02-27 23:42:07,340 [INFO] Synchronizing with the server and with time.google.com...
client 2025-02-27 23:42:07,369 [INFO] NTP:offset = -0.005 s, delay = 0.025 s 
client 2025-02-27 23:42:07,369 [INFO] Sending command to the server: 'time'
client 2025-02-27 23:42:07,381 [INFO] Got response: '1740699727.1207397'
client 2025-02-27 23:42:07,382 [INFO] The time difference between the client and the server is within range 248.721 ms..261.285 ms
client 2025-02-27 23:42:07,382 [INFO] Sending command to the server: 'new,,14c566e0-2b07-4e6a-8579-34142f4222f6'
client 2025-02-27 23:42:07,396 [INFO] Got response: 'OK 2025-02-27_23-42-07,e82faffb-47fd-4314-8748-8baef333c05e'
client 2025-02-27 23:42:07,397 [INFO] Session id is '2025-02-27_23-42-07'
client 2025-02-27 23:42:07,397 [INFO] Sources: {"sources": {"__init__.py": "da39a3ee5e6b4b0d3255bfef95601890afd80709", "client.py": "33ca4f26368777ac06e01f9567b714a4b8063886", "lib/__init__.py": "da39a3ee5e6b4b0d3255bfef95601890afd80709", "lib/client.py": "ac2aa093c8e8bbc9569b9e2a3471bc64e58a2258", "lib/common.py": "611d8b29633d331eb19c9455ea3b5fa3284ed6df", "lib/external/__init__.py": "da39a3ee5e6b4b0d3255bfef95601890afd80709", "lib/external/ntplib.py": "4da8f970656505a40483206ef2b5d3dd5e81711d", "lib/server.py": "9bc9a3b6b9b716520658ac175913bcbbdb354336", "lib/source_hashes.py": "60a2e02193209e8d392803326208d5466342da18", "lib/summary.py": "602a9fedfa503e5544d27ab3b0067f235047efc3", "lib/time_sync.py": "80894ef2389e540781ff78de94db16aa4203a14e", "server.py": "c3f90f2f7eeb4db30727556d0c815ebc89b3d28b", "tests/unit/__init__.py": "da39a3ee5e6b4b0d3255bfef95601890afd80709", "tests/unit/test_server.py": "948c1995d4008bc2aa6c4046a34ffa3858d6d671", "tests/unit/test_source_hashes.py": "00468a2907583c593e6574a1f6b404e4651c221a"}, "modules": {"ptd_client_server.lib.client": "lib/client.py", "ptd_client_server.lib.common": "lib/common.py", "ptd_client_server.lib.external.ntplib": "lib/external/ntplib.py", "ptd_client_server.lib.source_hashes": "lib/source_hashes.py", "ptd_client_server.lib.summary": "lib/summary.py", "ptd_client_server.lib.time_sync": "lib/time_sync.py"}}
client 2025-02-27 23:42:07,397 [INFO] Running workload in ranging mode
client 2025-02-27 23:42:07,397 [INFO] Synchronizing with the server and with time.google.com...
client 2025-02-27 23:42:07,423 [INFO] NTP:offset = -0.003 s, delay = 0.025 s 
client 2025-02-27 23:42:07,423 [INFO] Sending command to the server: 'time'
client 2025-02-27 23:42:07,436 [INFO] Got response: '1740699727.175327'
client 2025-02-27 23:42:07,436 [INFO] The time difference between the client and the server is within range 248.438 ms..261.462 ms
client 2025-02-27 23:42:07,436 [INFO] Sending command to the server: 'session,2025-02-27_23-42-07,start,ranging'
client 2025-02-27 23:42:32,028 [INFO] Got response: 'OK'
client 2025-02-27 23:42:32,029 [INFO] Sending command to the server: 'time'
client 2025-02-27 23:42:32,038 [INFO] Got response: '1740699751.7790868'
client 2025-02-27 23:42:32,039 [INFO] The time difference between the client and the server is within range 249.916 ms..260.036 ms
client 2025-02-27 23:42:32,039 [INFO] Running the workload ' MLC_MLPERF_RUN_COUNT=$(cat ${MLC_RUN_DIR}/count.txt); echo ${MLC_MLPERF_RUN_COUNT}; MLC_MLPERF_RUN_COUNT=$((MLC_MLPERF_RUN_COUNT+1)); echo ${MLC_MLPERF_RUN_COUNT} > ${MLC_RUN_DIR}/count.txt; if [ ${MLC_MLPERF_RUN_COUNT} -eq 1 ]; then export MLC_MLPERF_USER_CONF="${MLC_MLPERF_RANGING_USER_CONF}"; else export MLC_MLPERF_USER_CONF="${MLC_MLPERF_TESTING_USER_CONF}"; fi ; /home/arjun/MLC/repos/gateoverflow@mlperf-automations/script/run-all-mlperf-models/run.out'
client 2025-02-27 23:47:33,145 [INFO] Sending command to the server: 'time'
client 2025-02-27 23:47:33,162 [INFO] Got response: '1740700052.8944821'
client 2025-02-27 23:47:33,162 [INFO] The time difference between the client and the server is within range 250.641 ms..267.862 ms
client 2025-02-27 23:47:33,162 [INFO] Sending command to the server: 'session,2025-02-27_23-42-07,stop,ranging'
client 2025-02-27 23:47:44,875 [INFO] Got response: 'OK'
client 2025-02-27 23:47:44,875 [INFO] Sending command to the server: 'time'
client 2025-02-27 23:47:44,886 [INFO] Got response: '1740700064.6211438'
client 2025-02-27 23:47:44,886 [INFO] The time difference between the client and the server is within range 254.154 ms..265.646 ms
client 2025-02-27 23:47:44,890 [INFO] Copying loadgen logs from '/home/arjun/MLC/repos/local/cache/get-mlperf-inference-results-dir_e3f7a2f6/valid_results/mini-tflite_cpp-cpu-tflite-vmaster-with_live_preprocessing/mobilenet-v2-precision_float-1.0-128/singlestream/performance/run_1' to '/home/arjun/MLC/repos/local/cache/get-mlperf-inference-results-dir_e3f7a2f6/valid_results/mini-tflite_cpp-cpu-tflite-vmaster-with_live_preprocessing/mobilenet-v2-precision_float-1.0-128/singlestream/performance/tmp_power/ranging'
client 2025-02-27 23:47:44,891 [INFO] Running workload in testing mode
client 2025-02-27 23:47:44,891 [INFO] Synchronizing with the server and with time.google.com...
client 2025-02-27 23:47:44,915 [INFO] NTP:offset = -0.004 s, delay = 0.022 s 
client 2025-02-27 23:47:44,915 [INFO] Sending command to the server: 'time'
client 2025-02-27 23:47:44,925 [INFO] Got response: '1740700064.6608753'
client 2025-02-27 23:47:44,925 [INFO] The time difference between the client and the server is within range 254.348 ms..264.576 ms
client 2025-02-27 23:47:44,925 [INFO] Sending command to the server: 'session,2025-02-27_23-42-07,start,testing'
client 2025-02-27 23:47:58,186 [INFO] Got response: 'OK'
client 2025-02-27 23:47:58,186 [INFO] Sending command to the server: 'time'
client 2025-02-27 23:47:58,199 [INFO] Got response: '1740700077.9329834'
client 2025-02-27 23:47:58,199 [INFO] The time difference between the client and the server is within range 253.903 ms..266.383 ms
client 2025-02-27 23:47:58,199 [INFO] Running the workload ' MLC_MLPERF_RUN_COUNT=$(cat ${MLC_RUN_DIR}/count.txt); echo ${MLC_MLPERF_RUN_COUNT}; MLC_MLPERF_RUN_COUNT=$((MLC_MLPERF_RUN_COUNT+1)); echo ${MLC_MLPERF_RUN_COUNT} > ${MLC_RUN_DIR}/count.txt; if [ ${MLC_MLPERF_RUN_COUNT} -eq 1 ]; then export MLC_MLPERF_USER_CONF="${MLC_MLPERF_RANGING_USER_CONF}"; else export MLC_MLPERF_USER_CONF="${MLC_MLPERF_TESTING_USER_CONF}"; fi ; /home/arjun/MLC/repos/gateoverflow@mlperf-automations/script/run-all-mlperf-models/run.out'
client 2025-02-27 23:58:00,057 [INFO] Sending command to the server: 'time'
client 2025-02-27 23:58:00,076 [INFO] Got response: '1740700679.8006756'
client 2025-02-27 23:58:00,076 [INFO] The time difference between the client and the server is within range 256.653 ms..275.487 ms
client 2025-02-27 23:58:00,076 [INFO] Sending command to the server: 'session,2025-02-27_23-42-07,stop,testing'
client 2025-02-27 23:58:11,360 [INFO] Got response: 'OK'
client 2025-02-27 23:58:11,360 [INFO] Sending command to the server: 'time'
client 2025-02-27 23:58:11,372 [INFO] Got response: '1740700691.0972185'
client 2025-02-27 23:58:11,372 [INFO] The time difference between the client and the server is within range 263.286 ms..275.378 ms
client 2025-02-27 23:58:11,373 [INFO] Copying loadgen logs from '/home/arjun/MLC/repos/local/cache/get-mlperf-inference-results-dir_e3f7a2f6/valid_results/mini-tflite_cpp-cpu-tflite-vmaster-with_live_preprocessing/mobilenet-v2-precision_float-1.0-128/singlestream/performance/run_1' to '/home/arjun/MLC/repos/local/cache/get-mlperf-inference-results-dir_e3f7a2f6/valid_results/mini-tflite_cpp-cpu-tflite-vmaster-with_live_preprocessing/mobilenet-v2-precision_float-1.0-128/singlestream/performance/tmp_power/run_1'
client 2025-02-27 23:58:11,373 [INFO] Done runs
