Graph file: /home/ubuntu/MLC/repos/local/cache/get-ml-model-mobilenet_af88728b/mobilenet_v1_0.5_224.tflite
Image dir: /home/ubuntu/MLC/repos/local/cache/get-preprocessed-dataset-imagenet_71f0f0af
Image list: /home/ubuntu/MLC/repos/local/cache/get-preprocessed-dataset-imagenet_71f0f0af/preprocessed_files.txt
Image size: 224
Image channels: 3
Prediction classes: 1000
Result dir: /home/ubuntu/MLC/repos/local/cache/get-mlperf-inference-results-dir_47cc95f3/valid_results/i_039e1e7592c097660-tflite_cpp-cpu-tflite-vmaster-with_live_preprocessing/mobilenet-v1-precision_float-0.5-224/singlestream/accuracy
How many images fit in memory buffer: 1024
Normalize: 1
Subtract mean: 0
Run time preprocessing: 1
Number of Threads: 4
Number of available imagefiles: 50000

Loading graph...
INFO: Created TensorFlow Lite XNNPACK delegate for CPU.
Input tensor dimensions (NHWC): 1*224*224*3
Output tensor dimensions: 1*1001
Path to user.conf : /home/ubuntu/MLC/repos/gateoverflow@mlperf-automations/script/generate-mlperf-inference-user-conf/tmp/875c2016feb24fdaa42143c260745b20.conf
Model Name: mobilenet
LoadGen Scenario: SingleStream
LoadGen Mode: accuracy
