Graph file: /home/kingjuno/MLC/repos/local/cache/get-ml-model-mobilenet_18ced49a/v2_224_35/model.tflite
Image dir: /home/kingjuno/MLC/repos/local/cache/get-preprocessed-dataset-imagenet_cdeed93c
Image list: /home/kingjuno/MLC/repos/local/cache/get-preprocessed-dataset-imagenet_cdeed93c/preprocessed_files.txt
Image size: 224
Image channels: 3
Prediction classes: 1000
Result dir: /home/kingjuno/MLC/repos/local/cache/get-mlperf-inference-results-dir_69aa4cf9/valid_results/MLC-tflite_cpp-cpu-tflite-vmaster-default_config/mobilenet-v2-precision_uint8-0.35-224/singlestream/accuracy
How many images fit in memory buffer: 1024
Normalize: 1
Subtract mean: 0
Run time preprocessing: 1
Number of Threads: 1
Number of available imagefiles: 50000

Loading graph...
INFO: Created TensorFlow Lite XNNPACK delegate for CPU.
Input tensor dimensions (NHWC): 1*224*224*3
Output tensor dimensions: 1*1001
Path to user.conf : /home/kingjuno/MLC/repos/mlcommons@mlperf-automations/script/generate-mlperf-inference-user-conf/tmp/dfa7eb7df61041ae9b35950172b81ea8.conf
Model Name: mobilenet
LoadGen Scenario: SingleStream
LoadGen Mode: accuracy
