client 2025-02-27 20:08:03,593 [INFO] Creating output directory '/home/arjun/MLC/repos/local/cache/get-mlperf-inference-results-dir_e3f7a2f6/valid_results/mini-tflite_cpp-cpu-tflite-vmaster-with_live_preprocessing/mobilenet-v1-precision_float-0.5-192/singlestream/performance/tmp_power'
client 2025-02-27 20:08:03,602 [INFO] Sending command to the server: 'mlcommons/power client v3'
client 2025-02-27 20:08:03,614 [INFO] Got response: 'mlcommons/power server v3'
client 2025-02-27 20:08:03,615 [INFO] Synchronizing with the server and with time.google.com...
client 2025-02-27 20:08:03,639 [INFO] NTP:offset = -0.003 s, delay = 0.020 s 
client 2025-02-27 20:08:03,639 [INFO] Sending command to the server: 'time'
client 2025-02-27 20:08:03,649 [INFO] Got response: '1740686883.5465698'
client 2025-02-27 20:08:03,650 [INFO] The time difference between the client and the server is within range 92.665 ms..103.422 ms
client 2025-02-27 20:08:03,650 [INFO] Sending command to the server: 'new,,f0d71fba-5e78-4eb3-aa38-cdb86b7bc1ab'
client 2025-02-27 20:08:03,664 [INFO] Got response: 'OK 2025-02-27_20-08-03,8f0756a1-42d6-4ced-bdda-679f4b0ba85f'
client 2025-02-27 20:08:03,665 [INFO] Session id is '2025-02-27_20-08-03'
client 2025-02-27 20:08:03,665 [INFO] Sources: {"sources": {"__init__.py": "da39a3ee5e6b4b0d3255bfef95601890afd80709", "client.py": "33ca4f26368777ac06e01f9567b714a4b8063886", "lib/__init__.py": "da39a3ee5e6b4b0d3255bfef95601890afd80709", "lib/client.py": "ac2aa093c8e8bbc9569b9e2a3471bc64e58a2258", "lib/common.py": "611d8b29633d331eb19c9455ea3b5fa3284ed6df", "lib/external/__init__.py": "da39a3ee5e6b4b0d3255bfef95601890afd80709", "lib/external/ntplib.py": "4da8f970656505a40483206ef2b5d3dd5e81711d", "lib/server.py": "9bc9a3b6b9b716520658ac175913bcbbdb354336", "lib/source_hashes.py": "60a2e02193209e8d392803326208d5466342da18", "lib/summary.py": "602a9fedfa503e5544d27ab3b0067f235047efc3", "lib/time_sync.py": "80894ef2389e540781ff78de94db16aa4203a14e", "server.py": "c3f90f2f7eeb4db30727556d0c815ebc89b3d28b", "tests/unit/__init__.py": "da39a3ee5e6b4b0d3255bfef95601890afd80709", "tests/unit/test_server.py": "948c1995d4008bc2aa6c4046a34ffa3858d6d671", "tests/unit/test_source_hashes.py": "00468a2907583c593e6574a1f6b404e4651c221a"}, "modules": {"ptd_client_server.lib.client": "lib/client.py", "ptd_client_server.lib.common": "lib/common.py", "ptd_client_server.lib.external.ntplib": "lib/external/ntplib.py", "ptd_client_server.lib.source_hashes": "lib/source_hashes.py", "ptd_client_server.lib.summary": "lib/summary.py", "ptd_client_server.lib.time_sync": "lib/time_sync.py"}}
client 2025-02-27 20:08:03,665 [INFO] Running workload in ranging mode
client 2025-02-27 20:08:03,665 [INFO] Synchronizing with the server and with time.google.com...
client 2025-02-27 20:08:03,685 [INFO] NTP:offset = -0.003 s, delay = 0.019 s 
client 2025-02-27 20:08:03,686 [INFO] Sending command to the server: 'time'
client 2025-02-27 20:08:03,698 [INFO] Got response: '1740686883.593103'
client 2025-02-27 20:08:03,699 [INFO] The time difference between the client and the server is within range 93.038 ms..105.912 ms
client 2025-02-27 20:08:03,699 [INFO] Sending command to the server: 'session,2025-02-27_20-08-03,start,ranging'
client 2025-02-27 20:08:28,436 [INFO] Got response: 'OK'
client 2025-02-27 20:08:28,436 [INFO] Sending command to the server: 'time'
client 2025-02-27 20:08:28,449 [INFO] Got response: '1740686908.3427343'
client 2025-02-27 20:08:28,449 [INFO] The time difference between the client and the server is within range 93.697 ms..106.746 ms
client 2025-02-27 20:08:28,449 [INFO] Running the workload ' MLC_MLPERF_RUN_COUNT=$(cat ${MLC_RUN_DIR}/count.txt); echo ${MLC_MLPERF_RUN_COUNT}; MLC_MLPERF_RUN_COUNT=$((MLC_MLPERF_RUN_COUNT+1)); echo ${MLC_MLPERF_RUN_COUNT} > ${MLC_RUN_DIR}/count.txt; if [ ${MLC_MLPERF_RUN_COUNT} -eq 1 ]; then export MLC_MLPERF_USER_CONF="${MLC_MLPERF_RANGING_USER_CONF}"; else export MLC_MLPERF_USER_CONF="${MLC_MLPERF_TESTING_USER_CONF}"; fi ; /home/arjun/MLC/repos/gateoverflow@mlperf-automations/script/run-all-mlperf-models/run.out'
client 2025-02-27 20:13:29,676 [INFO] Sending command to the server: 'time'
client 2025-02-27 20:13:29,693 [INFO] Got response: '1740687209.586431'
client 2025-02-27 20:13:29,693 [INFO] The time difference between the client and the server is within range 90.306 ms..106.908 ms
client 2025-02-27 20:13:29,693 [INFO] Sending command to the server: 'session,2025-02-27_20-08-03,stop,ranging'
client 2025-02-27 20:13:41,270 [INFO] Got response: 'OK'
client 2025-02-27 20:13:41,270 [INFO] Sending command to the server: 'time'
client 2025-02-27 20:13:41,284 [INFO] Got response: '1740687221.1772854'
client 2025-02-27 20:13:41,284 [INFO] The time difference between the client and the server is within range 93.061 ms..107.022 ms
client 2025-02-27 20:13:41,288 [INFO] Copying loadgen logs from '/home/arjun/MLC/repos/local/cache/get-mlperf-inference-results-dir_e3f7a2f6/valid_results/mini-tflite_cpp-cpu-tflite-vmaster-with_live_preprocessing/mobilenet-v1-precision_float-0.5-192/singlestream/performance/run_1' to '/home/arjun/MLC/repos/local/cache/get-mlperf-inference-results-dir_e3f7a2f6/valid_results/mini-tflite_cpp-cpu-tflite-vmaster-with_live_preprocessing/mobilenet-v1-precision_float-0.5-192/singlestream/performance/tmp_power/ranging'
client 2025-02-27 20:13:41,289 [INFO] Running workload in testing mode
client 2025-02-27 20:13:41,289 [INFO] Synchronizing with the server and with time.google.com...
client 2025-02-27 20:13:41,321 [INFO] NTP:offset = -0.004 s, delay = 0.019 s 
client 2025-02-27 20:13:41,322 [INFO] Sending command to the server: 'time'
client 2025-02-27 20:13:41,335 [INFO] Got response: '1740687221.228609'
client 2025-02-27 20:13:41,335 [INFO] The time difference between the client and the server is within range 93.459 ms..106.573 ms
client 2025-02-27 20:13:41,335 [INFO] Sending command to the server: 'session,2025-02-27_20-08-03,start,testing'
client 2025-02-27 20:13:54,592 [INFO] Got response: 'OK'
client 2025-02-27 20:13:54,592 [INFO] Sending command to the server: 'time'
client 2025-02-27 20:13:54,627 [INFO] Got response: '1740687234.5200484'
client 2025-02-27 20:13:54,627 [INFO] The time difference between the client and the server is within range 72.806 ms..107.691 ms
client 2025-02-27 20:13:54,627 [INFO] Running the workload ' MLC_MLPERF_RUN_COUNT=$(cat ${MLC_RUN_DIR}/count.txt); echo ${MLC_MLPERF_RUN_COUNT}; MLC_MLPERF_RUN_COUNT=$((MLC_MLPERF_RUN_COUNT+1)); echo ${MLC_MLPERF_RUN_COUNT} > ${MLC_RUN_DIR}/count.txt; if [ ${MLC_MLPERF_RUN_COUNT} -eq 1 ]; then export MLC_MLPERF_USER_CONF="${MLC_MLPERF_RANGING_USER_CONF}"; else export MLC_MLPERF_USER_CONF="${MLC_MLPERF_TESTING_USER_CONF}"; fi ; /home/arjun/MLC/repos/gateoverflow@mlperf-automations/script/run-all-mlperf-models/run.out'
client 2025-02-27 20:23:56,564 [INFO] Sending command to the server: 'time'
client 2025-02-27 20:23:56,581 [INFO] Got response: '1740687836.474708'
client 2025-02-27 20:23:56,581 [INFO] The time difference between the client and the server is within range 89.928 ms..107.219 ms
client 2025-02-27 20:23:56,582 [INFO] Sending command to the server: 'session,2025-02-27_20-08-03,stop,testing'
client 2025-02-27 20:24:07,755 [INFO] Got response: 'OK'
client 2025-02-27 20:24:07,755 [INFO] Sending command to the server: 'time'
client 2025-02-27 20:24:07,766 [INFO] Got response: '1740687847.6605544'
client 2025-02-27 20:24:07,766 [INFO] The time difference between the client and the server is within range 94.878 ms..106.204 ms
client 2025-02-27 20:24:07,767 [INFO] Copying loadgen logs from '/home/arjun/MLC/repos/local/cache/get-mlperf-inference-results-dir_e3f7a2f6/valid_results/mini-tflite_cpp-cpu-tflite-vmaster-with_live_preprocessing/mobilenet-v1-precision_float-0.5-192/singlestream/performance/run_1' to '/home/arjun/MLC/repos/local/cache/get-mlperf-inference-results-dir_e3f7a2f6/valid_results/mini-tflite_cpp-cpu-tflite-vmaster-with_live_preprocessing/mobilenet-v1-precision_float-0.5-192/singlestream/performance/tmp_power/run_1'
client 2025-02-27 20:24:07,768 [INFO] Done runs
