client 2025-02-28 01:55:51,840 [INFO] Creating output directory '/home/arjun/MLC/repos/local/cache/get-mlperf-inference-results-dir_e3f7a2f6/valid_results/mini-tflite_cpp-cpu-tflite-vmaster-with_live_preprocessing/mobilenet-v2-precision_float-0.5-192/singlestream/performance/tmp_power'
client 2025-02-28 01:55:51,850 [INFO] Sending command to the server: 'mlcommons/power client v3'
client 2025-02-28 01:55:51,864 [INFO] Got response: 'mlcommons/power server v3'
client 2025-02-28 01:55:51,864 [INFO] Synchronizing with the server and with time.google.com...
client 2025-02-28 01:55:51,890 [INFO] NTP:offset = -0.004 s, delay = 0.022 s 
client 2025-02-28 01:55:51,890 [INFO] Sending command to the server: 'time'
client 2025-02-28 01:55:51,903 [INFO] Got response: '1740707751.5232425'
client 2025-02-28 01:55:51,904 [INFO] The time difference between the client and the server is within range 367.559 ms..380.881 ms
client 2025-02-28 01:55:51,904 [INFO] Sending command to the server: 'new,,3510a51c-066b-4e96-8fbb-2925f9c2b3b2'
client 2025-02-28 01:55:51,947 [INFO] Got response: 'OK 2025-02-28_01-55-51,910b78fb-5629-458e-b98e-1b522946dabf'
client 2025-02-28 01:55:51,947 [INFO] Session id is '2025-02-28_01-55-51'
client 2025-02-28 01:55:51,947 [INFO] Sources: {"sources": {"__init__.py": "da39a3ee5e6b4b0d3255bfef95601890afd80709", "client.py": "33ca4f26368777ac06e01f9567b714a4b8063886", "lib/__init__.py": "da39a3ee5e6b4b0d3255bfef95601890afd80709", "lib/client.py": "ac2aa093c8e8bbc9569b9e2a3471bc64e58a2258", "lib/common.py": "611d8b29633d331eb19c9455ea3b5fa3284ed6df", "lib/external/__init__.py": "da39a3ee5e6b4b0d3255bfef95601890afd80709", "lib/external/ntplib.py": "4da8f970656505a40483206ef2b5d3dd5e81711d", "lib/server.py": "9bc9a3b6b9b716520658ac175913bcbbdb354336", "lib/source_hashes.py": "60a2e02193209e8d392803326208d5466342da18", "lib/summary.py": "602a9fedfa503e5544d27ab3b0067f235047efc3", "lib/time_sync.py": "80894ef2389e540781ff78de94db16aa4203a14e", "server.py": "c3f90f2f7eeb4db30727556d0c815ebc89b3d28b", "tests/unit/__init__.py": "da39a3ee5e6b4b0d3255bfef95601890afd80709", "tests/unit/test_server.py": "948c1995d4008bc2aa6c4046a34ffa3858d6d671", "tests/unit/test_source_hashes.py": "00468a2907583c593e6574a1f6b404e4651c221a"}, "modules": {"ptd_client_server.lib.client": "lib/client.py", "ptd_client_server.lib.common": "lib/common.py", "ptd_client_server.lib.external.ntplib": "lib/external/ntplib.py", "ptd_client_server.lib.source_hashes": "lib/source_hashes.py", "ptd_client_server.lib.summary": "lib/summary.py", "ptd_client_server.lib.time_sync": "lib/time_sync.py"}}
client 2025-02-28 01:55:51,947 [INFO] Running workload in ranging mode
client 2025-02-28 01:55:51,948 [INFO] Synchronizing with the server and with time.google.com...
client 2025-02-28 01:55:51,973 [INFO] NTP:offset = -0.004 s, delay = 0.024 s 
client 2025-02-28 01:55:51,973 [INFO] Sending command to the server: 'time'
client 2025-02-28 01:55:51,989 [INFO] Got response: '1740707751.6068869'
client 2025-02-28 01:55:51,989 [INFO] The time difference between the client and the server is within range 366.733 ms..382.311 ms
client 2025-02-28 01:55:51,989 [INFO] Sending command to the server: 'session,2025-02-28_01-55-51,start,ranging'
client 2025-02-28 01:56:16,871 [INFO] Got response: 'OK'
client 2025-02-28 01:56:16,871 [INFO] Sending command to the server: 'time'
client 2025-02-28 01:56:16,884 [INFO] Got response: '1740707776.50442'
client 2025-02-28 01:56:16,884 [INFO] The time difference between the client and the server is within range 367.249 ms..379.831 ms
client 2025-02-28 01:56:16,884 [INFO] Running the workload ' MLC_MLPERF_RUN_COUNT=$(cat ${MLC_RUN_DIR}/count.txt); echo ${MLC_MLPERF_RUN_COUNT}; MLC_MLPERF_RUN_COUNT=$((MLC_MLPERF_RUN_COUNT+1)); echo ${MLC_MLPERF_RUN_COUNT} > ${MLC_RUN_DIR}/count.txt; if [ ${MLC_MLPERF_RUN_COUNT} -eq 1 ]; then export MLC_MLPERF_USER_CONF="${MLC_MLPERF_RANGING_USER_CONF}"; else export MLC_MLPERF_USER_CONF="${MLC_MLPERF_TESTING_USER_CONF}"; fi ; /home/arjun/MLC/repos/gateoverflow@mlperf-automations/script/run-all-mlperf-models/run.out'
client 2025-02-28 02:01:18,109 [INFO] Sending command to the server: 'time'
client 2025-02-28 02:01:18,128 [INFO] Got response: '1740708077.7432203'
client 2025-02-28 02:01:18,128 [INFO] The time difference between the client and the server is within range 366.441 ms..385.731 ms
client 2025-02-28 02:01:18,129 [INFO] Sending command to the server: 'session,2025-02-28_01-55-51,stop,ranging'
client 2025-02-28 02:01:29,708 [INFO] Got response: 'OK'
client 2025-02-28 02:01:29,708 [INFO] Sending command to the server: 'time'
client 2025-02-28 02:01:29,724 [INFO] Got response: '1740708089.339133'
client 2025-02-28 02:01:29,724 [INFO] The time difference between the client and the server is within range 369.280 ms..385.497 ms
client 2025-02-28 02:01:29,728 [INFO] Copying loadgen logs from '/home/arjun/MLC/repos/local/cache/get-mlperf-inference-results-dir_e3f7a2f6/valid_results/mini-tflite_cpp-cpu-tflite-vmaster-with_live_preprocessing/mobilenet-v2-precision_float-0.5-192/singlestream/performance/run_1' to '/home/arjun/MLC/repos/local/cache/get-mlperf-inference-results-dir_e3f7a2f6/valid_results/mini-tflite_cpp-cpu-tflite-vmaster-with_live_preprocessing/mobilenet-v2-precision_float-0.5-192/singlestream/performance/tmp_power/ranging'
client 2025-02-28 02:01:29,728 [INFO] Running workload in testing mode
client 2025-02-28 02:01:29,728 [INFO] Synchronizing with the server and with time.google.com...
client 2025-02-28 02:01:29,757 [INFO] NTP:offset = -0.002 s, delay = 0.027 s 
client 2025-02-28 02:01:29,757 [INFO] Sending command to the server: 'time'
client 2025-02-28 02:01:29,776 [INFO] Got response: '1740708089.3912468'
client 2025-02-28 02:01:29,776 [INFO] The time difference between the client and the server is within range 366.458 ms..385.573 ms
client 2025-02-28 02:01:29,776 [INFO] Sending command to the server: 'session,2025-02-28_01-55-51,start,testing'
client 2025-02-28 02:01:43,016 [INFO] Got response: 'OK'
client 2025-02-28 02:01:43,017 [INFO] Sending command to the server: 'time'
client 2025-02-28 02:01:43,030 [INFO] Got response: '1740708102.6445265'
client 2025-02-28 02:01:43,030 [INFO] The time difference between the client and the server is within range 372.499 ms..386.232 ms
client 2025-02-28 02:01:43,030 [INFO] Running the workload ' MLC_MLPERF_RUN_COUNT=$(cat ${MLC_RUN_DIR}/count.txt); echo ${MLC_MLPERF_RUN_COUNT}; MLC_MLPERF_RUN_COUNT=$((MLC_MLPERF_RUN_COUNT+1)); echo ${MLC_MLPERF_RUN_COUNT} > ${MLC_RUN_DIR}/count.txt; if [ ${MLC_MLPERF_RUN_COUNT} -eq 1 ]; then export MLC_MLPERF_USER_CONF="${MLC_MLPERF_RANGING_USER_CONF}"; else export MLC_MLPERF_USER_CONF="${MLC_MLPERF_TESTING_USER_CONF}"; fi ; /home/arjun/MLC/repos/gateoverflow@mlperf-automations/script/run-all-mlperf-models/run.out'
client 2025-02-28 02:11:44,962 [INFO] Sending command to the server: 'time'
client 2025-02-28 02:11:44,979 [INFO] Got response: '1740708704.585478'
client 2025-02-28 02:11:44,979 [INFO] The time difference between the client and the server is within range 377.273 ms..393.938 ms
client 2025-02-28 02:11:44,979 [INFO] Sending command to the server: 'session,2025-02-28_01-55-51,stop,testing'
client 2025-02-28 02:11:56,609 [INFO] Got response: 'OK'
client 2025-02-28 02:11:56,610 [INFO] Sending command to the server: 'time'
client 2025-02-28 02:11:56,622 [INFO] Got response: '1740708716.2282908'
client 2025-02-28 02:11:56,623 [INFO] The time difference between the client and the server is within range 381.821 ms..394.798 ms
client 2025-02-28 02:11:56,624 [INFO] Copying loadgen logs from '/home/arjun/MLC/repos/local/cache/get-mlperf-inference-results-dir_e3f7a2f6/valid_results/mini-tflite_cpp-cpu-tflite-vmaster-with_live_preprocessing/mobilenet-v2-precision_float-0.5-192/singlestream/performance/run_1' to '/home/arjun/MLC/repos/local/cache/get-mlperf-inference-results-dir_e3f7a2f6/valid_results/mini-tflite_cpp-cpu-tflite-vmaster-with_live_preprocessing/mobilenet-v2-precision_float-0.5-192/singlestream/performance/tmp_power/run_1'
client 2025-02-28 02:11:56,624 [INFO] Done runs
