client 2025-02-27 10:00:01,689 [INFO] Creating output directory '/home/arjun/MLC/repos/local/cache/get-mlperf-inference-results-dir_e3f7a2f6/valid_results/mini-tflite_cpp-cpu-tflite-vmaster-default_config/mobilenet-v2-precision_uint8-0.75-224/singlestream/performance/tmp_power'
client 2025-02-27 10:00:01,698 [INFO] Sending command to the server: 'mlcommons/power client v3'
client 2025-02-27 10:00:01,713 [INFO] Got response: 'mlcommons/power server v3'
client 2025-02-27 10:00:01,713 [INFO] Synchronizing with the server and with time.google.com...
client 2025-02-27 10:00:01,747 [INFO] NTP:offset = -0.001 s, delay = 0.019 s 
client 2025-02-27 10:00:01,747 [INFO] Sending command to the server: 'time'
client 2025-02-27 10:00:01,760 [INFO] Got response: '1740650401.6055608'
client 2025-02-27 10:00:01,761 [INFO] The time difference between the client and the server is within range 141.685 ms..155.482 ms
client 2025-02-27 10:00:01,761 [INFO] Sending command to the server: 'new,,bfc86867-157d-4942-a8f3-90d6f37dae55'
client 2025-02-27 10:00:01,777 [INFO] Got response: 'OK 2025-02-27_10-00-01,3d5f4e10-6191-4cfa-a8a6-84fa18f2d619'
client 2025-02-27 10:00:01,777 [INFO] Session id is '2025-02-27_10-00-01'
client 2025-02-27 10:00:01,777 [INFO] Sources: {"sources": {"__init__.py": "da39a3ee5e6b4b0d3255bfef95601890afd80709", "client.py": "33ca4f26368777ac06e01f9567b714a4b8063886", "lib/__init__.py": "da39a3ee5e6b4b0d3255bfef95601890afd80709", "lib/client.py": "ac2aa093c8e8bbc9569b9e2a3471bc64e58a2258", "lib/common.py": "611d8b29633d331eb19c9455ea3b5fa3284ed6df", "lib/external/__init__.py": "da39a3ee5e6b4b0d3255bfef95601890afd80709", "lib/external/ntplib.py": "4da8f970656505a40483206ef2b5d3dd5e81711d", "lib/server.py": "9bc9a3b6b9b716520658ac175913bcbbdb354336", "lib/source_hashes.py": "60a2e02193209e8d392803326208d5466342da18", "lib/summary.py": "602a9fedfa503e5544d27ab3b0067f235047efc3", "lib/time_sync.py": "80894ef2389e540781ff78de94db16aa4203a14e", "server.py": "c3f90f2f7eeb4db30727556d0c815ebc89b3d28b", "tests/unit/__init__.py": "da39a3ee5e6b4b0d3255bfef95601890afd80709", "tests/unit/test_server.py": "948c1995d4008bc2aa6c4046a34ffa3858d6d671", "tests/unit/test_source_hashes.py": "00468a2907583c593e6574a1f6b404e4651c221a"}, "modules": {"ptd_client_server.lib.client": "lib/client.py", "ptd_client_server.lib.common": "lib/common.py", "ptd_client_server.lib.external.ntplib": "lib/external/ntplib.py", "ptd_client_server.lib.source_hashes": "lib/source_hashes.py", "ptd_client_server.lib.summary": "lib/summary.py", "ptd_client_server.lib.time_sync": "lib/time_sync.py"}}
client 2025-02-27 10:00:01,778 [INFO] Running workload in ranging mode
client 2025-02-27 10:00:01,778 [INFO] Synchronizing with the server and with time.google.com...
client 2025-02-27 10:00:01,799 [INFO] NTP:offset = -0.000 s, delay = 0.020 s 
client 2025-02-27 10:00:01,800 [INFO] Sending command to the server: 'time'
client 2025-02-27 10:00:01,812 [INFO] Got response: '1740650401.6587052'
client 2025-02-27 10:00:01,813 [INFO] The time difference between the client and the server is within range 141.358 ms..154.281 ms
client 2025-02-27 10:00:01,813 [INFO] Sending command to the server: 'session,2025-02-27_10-00-01,start,ranging'
client 2025-02-27 10:00:26,764 [INFO] Got response: 'OK'
client 2025-02-27 10:00:26,764 [INFO] Sending command to the server: 'time'
client 2025-02-27 10:00:26,778 [INFO] Got response: '1740650426.6253555'
client 2025-02-27 10:00:26,778 [INFO] The time difference between the client and the server is within range 139.401 ms..153.224 ms
client 2025-02-27 10:00:26,778 [INFO] Running the workload ' MLC_MLPERF_RUN_COUNT=$(cat ${MLC_RUN_DIR}/count.txt); echo ${MLC_MLPERF_RUN_COUNT}; MLC_MLPERF_RUN_COUNT=$((MLC_MLPERF_RUN_COUNT+1)); echo ${MLC_MLPERF_RUN_COUNT} > ${MLC_RUN_DIR}/count.txt; if [ ${MLC_MLPERF_RUN_COUNT} -eq 1 ]; then export MLC_MLPERF_USER_CONF="${MLC_MLPERF_RANGING_USER_CONF}"; else export MLC_MLPERF_USER_CONF="${MLC_MLPERF_TESTING_USER_CONF}"; fi ; /home/arjun/MLC/repos/gateoverflow@mlperf-automations/script/run-all-mlperf-models/run.out'
client 2025-02-27 10:05:27,387 [INFO] Sending command to the server: 'time'
client 2025-02-27 10:05:27,404 [INFO] Got response: '1740650727.2432709'
client 2025-02-27 10:05:27,404 [INFO] The time difference between the client and the server is within range 144.454 ms..161.386 ms
client 2025-02-27 10:05:27,404 [INFO] Sending command to the server: 'session,2025-02-27_10-00-01,stop,ranging'
client 2025-02-27 10:05:38,372 [INFO] Got response: 'OK'
client 2025-02-27 10:05:38,372 [INFO] Sending command to the server: 'time'
client 2025-02-27 10:05:38,383 [INFO] Got response: '1740650738.2235856'
client 2025-02-27 10:05:38,383 [INFO] The time difference between the client and the server is within range 148.671 ms..159.889 ms
client 2025-02-27 10:05:38,387 [INFO] Copying loadgen logs from '/home/arjun/MLC/repos/local/cache/get-mlperf-inference-results-dir_e3f7a2f6/valid_results/mini-tflite_cpp-cpu-tflite-vmaster-default_config/mobilenet-v2-precision_uint8-0.75-224/singlestream/performance/run_1' to '/home/arjun/MLC/repos/local/cache/get-mlperf-inference-results-dir_e3f7a2f6/valid_results/mini-tflite_cpp-cpu-tflite-vmaster-default_config/mobilenet-v2-precision_uint8-0.75-224/singlestream/performance/tmp_power/ranging'
client 2025-02-27 10:05:38,388 [INFO] Running workload in testing mode
client 2025-02-27 10:05:38,388 [INFO] Synchronizing with the server and with time.google.com...
client 2025-02-27 10:05:38,410 [INFO] NTP:offset = -0.002 s, delay = 0.021 s 
client 2025-02-27 10:05:38,410 [INFO] Sending command to the server: 'time'
client 2025-02-27 10:05:38,422 [INFO] Got response: '1740650738.2620218'
client 2025-02-27 10:05:38,422 [INFO] The time difference between the client and the server is within range 148.409 ms..160.739 ms
client 2025-02-27 10:05:38,422 [INFO] Sending command to the server: 'session,2025-02-27_10-00-01,start,testing'
client 2025-02-27 10:05:51,679 [INFO] Got response: 'OK'
client 2025-02-27 10:05:51,680 [INFO] Sending command to the server: 'time'
client 2025-02-27 10:05:51,692 [INFO] Got response: '1740650751.5313885'
client 2025-02-27 10:05:51,692 [INFO] The time difference between the client and the server is within range 148.716 ms..161.253 ms
client 2025-02-27 10:05:51,692 [INFO] Running the workload ' MLC_MLPERF_RUN_COUNT=$(cat ${MLC_RUN_DIR}/count.txt); echo ${MLC_MLPERF_RUN_COUNT}; MLC_MLPERF_RUN_COUNT=$((MLC_MLPERF_RUN_COUNT+1)); echo ${MLC_MLPERF_RUN_COUNT} > ${MLC_RUN_DIR}/count.txt; if [ ${MLC_MLPERF_RUN_COUNT} -eq 1 ]; then export MLC_MLPERF_USER_CONF="${MLC_MLPERF_RANGING_USER_CONF}"; else export MLC_MLPERF_USER_CONF="${MLC_MLPERF_TESTING_USER_CONF}"; fi ; /home/arjun/MLC/repos/gateoverflow@mlperf-automations/script/run-all-mlperf-models/run.out'
client 2025-02-27 10:15:52,096 [INFO] Sending command to the server: 'time'
client 2025-02-27 10:15:52,111 [INFO] Got response: '1740651351.9517138'
client 2025-02-27 10:15:52,111 [INFO] The time difference between the client and the server is within range 144.742 ms..160.219 ms
client 2025-02-27 10:15:52,112 [INFO] Sending command to the server: 'session,2025-02-27_10-00-01,stop,testing'
client 2025-02-27 10:16:03,217 [INFO] Got response: 'OK'
client 2025-02-27 10:16:03,217 [INFO] Sending command to the server: 'time'
client 2025-02-27 10:16:03,232 [INFO] Got response: '1740651363.0708034'
client 2025-02-27 10:16:03,232 [INFO] The time difference between the client and the server is within range 146.480 ms..161.756 ms
client 2025-02-27 10:16:03,233 [INFO] Copying loadgen logs from '/home/arjun/MLC/repos/local/cache/get-mlperf-inference-results-dir_e3f7a2f6/valid_results/mini-tflite_cpp-cpu-tflite-vmaster-default_config/mobilenet-v2-precision_uint8-0.75-224/singlestream/performance/run_1' to '/home/arjun/MLC/repos/local/cache/get-mlperf-inference-results-dir_e3f7a2f6/valid_results/mini-tflite_cpp-cpu-tflite-vmaster-default_config/mobilenet-v2-precision_uint8-0.75-224/singlestream/performance/tmp_power/run_1'
client 2025-02-27 10:16:03,234 [INFO] Done runs
