Graph file: /home/ubuntu/MLC/repos/local/cache/get-ml-model-efficientnet-lite_385733d8/efficientnet-lite4/efficientnet-lite4-fp32.tflite
Image dir: /home/ubuntu/MLC/repos/local/cache/get-preprocessed-dataset-imagenet_519f6b17
Image list: /home/ubuntu/MLC/repos/local/cache/get-preprocessed-dataset-imagenet_519f6b17/preprocessed_files.txt
Image size: 300
Image channels: 3
Prediction classes: 1000
Result dir: /home/ubuntu/MLC/repos/local/cache/get-mlperf-inference-results-dir_f4d6bb17/valid_results/i_0b9e300bccc1f9040-tflite_cpp-cpu-tflite-vmaster-with_live_preprocessing/efficientnet-fp32-lite4/singlestream/accuracy
How many images fit in memory buffer: 1024
Normalize: 1
Subtract mean: 0
Run time preprocessing: 1
Number of Threads: 8
Number of available imagefiles: 50000

Loading graph...
INFO: Created TensorFlow Lite XNNPACK delegate for CPU.
Input tensor dimensions (NHWC): 1*300*300*3
Output tensor dimensions: 1*1000
Path to user.conf : /home/ubuntu/MLC/repos/gateoverflow@mlperf-automations/script/generate-mlperf-inference-user-conf/tmp/769cf42129c44fe98f40cd92c7872884.conf
Model Name: efficientnet
LoadGen Scenario: SingleStream
LoadGen Mode: accuracy
