[2025-02-13 01:02:04,677 main.py:229 INFO] Detected system ID: KnownSystem.a7199a76d354
[2025-02-13 01:02:05,202 generate_conf_files.py:107 INFO] Generated measurements/ entries for a7199a76d354_TRT/bert-99/Offline
[2025-02-13 01:02:05,202 __init__.py:46 INFO] Running command: ./build/bin/harness_bert --logfile_outdir="/mlc-mount/home/arjun/gh_action_results/valid_results/RTX4090x2-nvidia_original-gpu-tensorrt-vdefault-default_config/bert-99/offline/performance/run_1" --logfile_prefix="mlperf_log_" --performance_sample_count=10833 --test_mode="PerformanceOnly" --gpu_batch_size=256 --mlperf_conf_path="/home/mlcuser/MLC/repos/local/cache/get-git-repo_14157262/inference/mlperf.conf" --tensor_path="build/preprocessed_data/squad_tokenized/input_ids.npy,build/preprocessed_data/squad_tokenized/segment_ids.npy,build/preprocessed_data/squad_tokenized/input_mask.npy" --use_graphs=false --user_conf_path="/home/mlcuser/MLC/repos/mlcommons@mlperf-automations/script/generate-mlperf-inference-user-conf/tmp/677f17acea7f455fac37f623f99b3025.conf" --gpu_inference_streams=2 --gpu_copy_streams=2 --gpu_engines="./build/engines/a7199a76d354/bert/Offline/bert-Offline-gpu-int8_S_384_B_256_P_2_vs.custom_k_99_MaxP.plan" --scenario Offline --model bert
[2025-02-13 01:02:05,202 __init__.py:53 INFO] Overriding Environment
benchmark : Benchmark.BERT
buffer_manager_thread_count : 0
coalesced_tensor : True
data_dir : /home/mlcuser/MLC/repos/local/cache/get-mlperf-inference-nvidia-scratch-space_5aab030f/data
gpu_batch_size : 256
gpu_copy_streams : 2
gpu_inference_streams : 2
input_dtype : int32
input_format : linear
log_dir : /home/mlcuser/MLC/repos/local/cache/get-git-repo_0ab377fc/repo/closed/NVIDIA/build/logs/2025.02.13-01.02.03
mlperf_conf_path : /home/mlcuser/MLC/repos/local/cache/get-git-repo_14157262/inference/mlperf.conf
offline_expected_qps : 0.0
precision : int8
preprocessed_data_dir : /home/mlcuser/MLC/repos/local/cache/get-mlperf-inference-nvidia-scratch-space_5aab030f/preprocessed_data
scenario : Scenario.Offline
system : SystemConfiguration(host_cpu_conf=CPUConfiguration(layout={CPU(name='Intel(R) Xeon(R) w7-2495X', architecture=<CPUArchitecture.x86_64: AliasedName(name='x86_64', aliases=(), patterns=())>, core_count=24, threads_per_core=2): 1}), host_mem_conf=MemoryConfiguration(host_memory_capacity=Memory(quantity=197.33452799999998, byte_suffix=<ByteSuffix.GB: (1000, 3)>, _num_bytes=197334528000), comparison_tolerance=0.05), accelerator_conf=AcceleratorConfiguration(layout=defaultdict(<class 'int'>, {GPU(name='NVIDIA GeForce RTX 4090', accelerator_type=<AcceleratorType.Discrete: AliasedName(name='Discrete', aliases=(), patterns=())>, vram=Memory(quantity=23.98828125, byte_suffix=<ByteSuffix.GiB: (1024, 3)>, _num_bytes=25757220864), max_power_limit=450.0, pci_id='0x268410DE', compute_sm=89): 1, GPU(name='NVIDIA GeForce RTX 4090', accelerator_type=<AcceleratorType.Discrete: AliasedName(name='Discrete', aliases=(), patterns=())>, vram=Memory(quantity=23.98828125, byte_suffix=<ByteSuffix.GiB: (1024, 3)>, _num_bytes=25757220864), max_power_limit=500.0, pci_id='0x268410DE', compute_sm=89): 1})), numa_conf=NUMAConfiguration(numa_nodes={}, num_numa_nodes=1), system_id='a7199a76d354')
tensor_path : build/preprocessed_data/squad_tokenized/input_ids.npy,build/preprocessed_data/squad_tokenized/segment_ids.npy,build/preprocessed_data/squad_tokenized/input_mask.npy
test_mode : PerformanceOnly
use_graphs : False
user_conf_path : /home/mlcuser/MLC/repos/mlcommons@mlperf-automations/script/generate-mlperf-inference-user-conf/tmp/677f17acea7f455fac37f623f99b3025.conf
system_id : a7199a76d354
config_name : a7199a76d354_bert_Offline
workload_setting : WorkloadSetting(HarnessType.Custom, AccuracyTarget.k_99, PowerSetting.MaxP)
optimization_level : plugin-enabled
num_profiles : 2
config_ver : custom_k_99_MaxP
accuracy_level : 99%
inference_server : custom
skip_file_checks : True
power_limit : None
cpu_freq : None
&&&& RUNNING BERT_HARNESS # ./build/bin/harness_bert
I0213 01:02:05.246178 17139 main_bert.cc:164] Found 2 GPUs
I0213 01:02:05.364219 17139 bert_server.cc:147] Engine Path: ./build/engines/a7199a76d354/bert/Offline/bert-Offline-gpu-int8_S_384_B_256_P_2_vs.custom_k_99_MaxP.plan
[I] [TRT] Loaded engine size: 414 MiB
[I] [TRT] Loaded engine size: 414 MiB
[W] [TRT] Using an engine plan file across different models of devices is not recommended and is likely to affect performance or even cause errors.
[I] [TRT] [MemUsageChange] Init cuBLAS/cuBLASLt: CPU +6, GPU +8, now: CPU 727, GPU 1235 (MiB)
[I] [TRT] [MemUsageChange] Init cuDNN: CPU +2, GPU +10, now: CPU 729, GPU 1245 (MiB)
[I] [TRT] [MemUsageChange] TensorRT-managed allocation in engine deserialization: CPU +0, GPU +581, now: CPU 0, GPU 581 (MiB)
[I] [TRT] [MemUsageChange] Init cuBLAS/cuBLASLt: CPU +6, GPU +8, now: CPU 737, GPU 1092 (MiB)
[I] [TRT] [MemUsageChange] Init cuDNN: CPU +1, GPU +10, now: CPU 738, GPU 1102 (MiB)
[I] [TRT] [MemUsageChange] TensorRT-managed allocation in engine deserialization: CPU +1, GPU +291, now: CPU 1, GPU 581 (MiB)
I0213 01:02:05.872313 17139 bert_server.cc:208] Engines Creation Completed
I0213 01:02:05.892555 17139 bert_core_vs.cc:385] Engine - Device Memory requirements: 704644608
I0213 01:02:05.892562 17139 bert_core_vs.cc:393] Engine - Number of Optimization Profiles: 2
I0213 01:02:05.892567 17139 bert_core_vs.cc:415] Engine - Profile 0 maxDims 98304 Bmax=256 Smax=384
[I] [TRT] [MemUsageChange] Init cuBLAS/cuBLASLt: CPU +0, GPU +8, now: CPU 324, GPU 1911 (MiB)
[I] [TRT] [MemUsageChange] Init cuDNN: CPU +0, GPU +8, now: CPU 324, GPU 1919 (MiB)
I0213 01:02:05.961113 17139 bert_core_vs.cc:426] Setting Opt.Prof. to 0
I0213 01:02:05.961140 17139 bert_core_vs.cc:444] Context creation complete. Max supported batchSize: 256
[I] [TRT] [MemUsageChange] TensorRT-managed allocation in IExecutionContext creation: CPU +0, GPU +0, now: CPU 1, GPU 581 (MiB)
I0213 01:02:05.961957 17139 bert_core_vs.cc:476] Setup complete
I0213 01:02:05.962092 17139 bert_core_vs.cc:385] Engine - Device Memory requirements: 704644608
I0213 01:02:05.962095 17139 bert_core_vs.cc:393] Engine - Number of Optimization Profiles: 2
I0213 01:02:05.962100 17139 bert_core_vs.cc:415] Engine - Profile 0 maxDims 98304 Bmax=256 Smax=384
[I] [TRT] [MemUsageChange] Init cuBLAS/cuBLASLt: CPU +0, GPU +8, now: CPU 447, GPU 1768 (MiB)
[I] [TRT] [MemUsageChange] Init cuDNN: CPU +0, GPU +8, now: CPU 447, GPU 1776 (MiB)
I0213 01:02:06.029958 17139 bert_core_vs.cc:426] Setting Opt.Prof. to 0
I0213 01:02:06.029970 17139 bert_core_vs.cc:444] Context creation complete. Max supported batchSize: 256
[I] [TRT] [MemUsageChange] TensorRT-managed allocation in IExecutionContext creation: CPU +0, GPU +0, now: CPU 1, GPU 581 (MiB)
I0213 01:02:06.030750 17139 bert_core_vs.cc:476] Setup complete
I0213 01:02:06.030911 17139 bert_core_vs.cc:385] Engine - Device Memory requirements: 704644608
I0213 01:02:06.030915 17139 bert_core_vs.cc:393] Engine - Number of Optimization Profiles: 2
I0213 01:02:06.030918 17139 bert_core_vs.cc:415] Engine - Profile 1 maxDims 98304 Bmax=256 Smax=384
[I] [TRT] [MemUsageChange] Init cuBLAS/cuBLASLt: CPU +0, GPU +8, now: CPU 570, GPU 2725 (MiB)
[I] [TRT] [MemUsageChange] Init cuDNN: CPU +0, GPU +10, now: CPU 570, GPU 2735 (MiB)
I0213 01:02:06.094771 17139 bert_core_vs.cc:426] Setting Opt.Prof. to 1
[I] [TRT] Could not set default profile 0 for execution context. Profile index must be set explicitly.
[I] [TRT] [MemUsageChange] TensorRT-managed allocation in IExecutionContext creation: CPU +1, GPU +0, now: CPU 2, GPU 581 (MiB)
I0213 01:02:06.095089 17139 bert_core_vs.cc:444] Context creation complete. Max supported batchSize: 256
I0213 01:02:06.095906 17139 bert_core_vs.cc:476] Setup complete
I0213 01:02:06.096051 17139 bert_core_vs.cc:385] Engine - Device Memory requirements: 704644608
I0213 01:02:06.096055 17139 bert_core_vs.cc:393] Engine - Number of Optimization Profiles: 2
I0213 01:02:06.096058 17139 bert_core_vs.cc:415] Engine - Profile 1 maxDims 98304 Bmax=256 Smax=384
[I] [TRT] [MemUsageChange] Init cuBLAS/cuBLASLt: CPU +0, GPU +8, now: CPU 693, GPU 2582 (MiB)
[I] [TRT] [MemUsageChange] Init cuDNN: CPU +0, GPU +10, now: CPU 693, GPU 2592 (MiB)
I0213 01:02:06.164006 17139 bert_core_vs.cc:426] Setting Opt.Prof. to 1
[I] [TRT] Could not set default profile 0 for execution context. Profile index must be set explicitly.
[I] [TRT] [MemUsageChange] TensorRT-managed allocation in IExecutionContext creation: CPU +0, GPU +0, now: CPU 2, GPU 581 (MiB)
I0213 01:02:06.164338 17139 bert_core_vs.cc:444] Context creation complete. Max supported batchSize: 256
I0213 01:02:06.165143 17139 bert_core_vs.cc:476] Setup complete
I0213 01:02:06.619282 17139 main_bert.cc:185] Starting running actual test.
I0213 01:12:54.069681 17139 main_bert.cc:191] Finished running actual test.
================================================
MLPerf Results Summary
================================================
SUT name : BERT SERVER
Scenario : Offline
Mode     : PerformanceOnly
Samples per second: 8249.66
Result is : VALID
  Min duration satisfied : Yes
  Min queries satisfied : Yes
  Early stopping satisfied: Yes

================================================
Additional Stats
================================================
Min latency (ns)                : 1430202973
Max latency (ns)                : 646426470865
Mean latency (ns)               : 391961889725
50.00 percentile latency (ns)   : 417345843728
90.00 percentile latency (ns)   : 616430029142
95.00 percentile latency (ns)   : 634149852595
97.00 percentile latency (ns)   : 640013482172
99.00 percentile latency (ns)   : 644677588386
99.90 percentile latency (ns)   : 646286339513

================================================
Test Parameters Used
================================================
samples_per_query : 5332800
target_qps : 8080
target_latency (ns): 0
max_async_queries : 1
min_duration (ms): 600000
max_duration (ms): 0
min_query_count : 1
max_query_count : 0
qsl_rng_seed : 6023615788873153749
sample_index_rng_seed : 15036839855038426416
schedule_rng_seed : 9933818062894767841
accuracy_log_rng_seed : 0
accuracy_log_probability : 0
accuracy_log_sampling_target : 0
print_timestamps : 0
performance_issue_unique : 0
performance_issue_same : 0
performance_issue_same_index : 0
performance_sample_count : 10833

No warnings encountered during test.

No errors encountered during test.
[2025-02-13 01:12:54,297 run_harness.py:166 INFO] Result: result_samples_per_second: 8249.66, Result is VALID
 
======================== Result summaries: ========================

