Graph file: /home/mlcuser/MLC/repos/local/cache/get-ml-model-mobilenet_a83d79e2/v2_192_75/model.tflite
Image dir: /home/mlcuser/MLC/repos/local/cache/get-preprocessed-dataset-imagenet_605c97c2
Image list: /home/mlcuser/MLC/repos/local/cache/get-preprocessed-dataset-imagenet_605c97c2/preprocessed_files.txt
Image size: 192
Image channels: 3
Prediction classes: 1000
Result dir: /home/mlcuser/MLC/repos/local/cache/get-mlperf-inference-results-dir_efb60c2c/valid_results/8a15d68f4cec-tflite_cpp-cpu-tflite-vmaster-default_config/mobilenet-v2-precision_uint8-0.75-192/singlestream/accuracy
How many images fit in memory buffer: 1024
Normalize: 1
Subtract mean: 0
Run time preprocessing: 1
Number of Threads: 16
Number of available imagefiles: 50000

Loading graph...
INFO: Created TensorFlow Lite XNNPACK delegate for CPU.
Input tensor dimensions (NHWC): 1*192*192*3
Output tensor dimensions: 1*1001
Path to user.conf : /home/mlcuser/MLC/repos/gateoverflow@mlperf-automations/script/generate-mlperf-inference-user-conf/tmp/e3fe63f2ad9e424bb2a538ad9c6f467a.conf
Model Name: mobilenet
LoadGen Scenario: SingleStream
LoadGen Mode: accuracy
