Graph file: /home/mlcuser/MLC/repos/local/cache/get-ml-model-mobilenet_8288d825/v3-large_224_1.0_uint8/v3-large_224_1.0_uint8.tflite
Image dir: /home/mlcuser/MLC/repos/local/cache/get-preprocessed-dataset-imagenet_a33ba1a7
Image list: /home/mlcuser/MLC/repos/local/cache/get-preprocessed-dataset-imagenet_a33ba1a7/preprocessed_files.txt
Image size: 224
Image channels: 3
Prediction classes: 1000
Result dir: /home/mlcuser/MLC/repos/local/cache/get-mlperf-inference-results-dir_338d2055/valid_results/640b615ae987-tflite_cpp-cpu-tflite-vmaster-default_config/mobilenet-v3-precision_uint8-large-224/singlestream/performance/run_1
How many images fit in memory buffer: 1024
Normalize: 1
Subtract mean: 0
Run time preprocessing: 1
Number of Threads: 24
Number of available imagefiles: 50000

Loading graph...
INFO: Created TensorFlow Lite XNNPACK delegate for CPU.
Input tensor dimensions (NHWC): 1*224*224*3
Output tensor dimensions: 1*1001
Path to user.conf : /home/mlcuser/MLC/repos/mlcommons@mlperf-automations/script/generate-mlperf-inference-user-conf/tmp/07f407d5f8424a8b9d075a46c46d146f.conf
Model Name: mobilenet
LoadGen Scenario: SingleStream
LoadGen Mode: performance
