client 2025-02-26 20:12:34,929 [INFO] Creating output directory '/home/arjun/MLC/repos/local/cache/get-mlperf-inference-results-dir_e3f7a2f6/valid_results/mini-tflite_cpp-cpu-tflite-vmaster-default_config/mobilenet-v2-precision_float-0.75-160/singlestream/performance/tmp_power'
client 2025-02-26 20:12:34,937 [INFO] Sending command to the server: 'mlcommons/power client v3'
client 2025-02-26 20:12:34,948 [INFO] Got response: 'mlcommons/power server v3'
client 2025-02-26 20:12:34,948 [INFO] Synchronizing with the server and with time.google.com...
client 2025-02-26 20:12:34,984 [INFO] NTP:offset = -0.004 s, delay = 0.020 s 
client 2025-02-26 20:12:34,984 [INFO] Sending command to the server: 'time'
client 2025-02-26 20:12:34,997 [INFO] Got response: '1740600754.675745'
client 2025-02-26 20:12:34,997 [INFO] The time difference between the client and the server is within range 308.585 ms..321.850 ms
client 2025-02-26 20:12:34,997 [INFO] Sending command to the server: 'new,,15ef2a43-9b0a-4bb8-a269-04cb861eca41'
client 2025-02-26 20:12:35,012 [INFO] Got response: 'OK 2025-02-26_20-12-34,3607ef52-f6cc-4d8f-8b8e-bdf5e4fcd5bb'
client 2025-02-26 20:12:35,012 [INFO] Session id is '2025-02-26_20-12-34'
client 2025-02-26 20:12:35,012 [INFO] Sources: {"sources": {"__init__.py": "da39a3ee5e6b4b0d3255bfef95601890afd80709", "client.py": "33ca4f26368777ac06e01f9567b714a4b8063886", "lib/__init__.py": "da39a3ee5e6b4b0d3255bfef95601890afd80709", "lib/client.py": "ac2aa093c8e8bbc9569b9e2a3471bc64e58a2258", "lib/common.py": "611d8b29633d331eb19c9455ea3b5fa3284ed6df", "lib/external/__init__.py": "da39a3ee5e6b4b0d3255bfef95601890afd80709", "lib/external/ntplib.py": "4da8f970656505a40483206ef2b5d3dd5e81711d", "lib/server.py": "9bc9a3b6b9b716520658ac175913bcbbdb354336", "lib/source_hashes.py": "60a2e02193209e8d392803326208d5466342da18", "lib/summary.py": "602a9fedfa503e5544d27ab3b0067f235047efc3", "lib/time_sync.py": "80894ef2389e540781ff78de94db16aa4203a14e", "server.py": "c3f90f2f7eeb4db30727556d0c815ebc89b3d28b", "tests/unit/__init__.py": "da39a3ee5e6b4b0d3255bfef95601890afd80709", "tests/unit/test_server.py": "948c1995d4008bc2aa6c4046a34ffa3858d6d671", "tests/unit/test_source_hashes.py": "00468a2907583c593e6574a1f6b404e4651c221a"}, "modules": {"ptd_client_server.lib.client": "lib/client.py", "ptd_client_server.lib.common": "lib/common.py", "ptd_client_server.lib.external.ntplib": "lib/external/ntplib.py", "ptd_client_server.lib.source_hashes": "lib/source_hashes.py", "ptd_client_server.lib.summary": "lib/summary.py", "ptd_client_server.lib.time_sync": "lib/time_sync.py"}}
client 2025-02-26 20:12:35,013 [INFO] Running workload in ranging mode
client 2025-02-26 20:12:35,013 [INFO] Synchronizing with the server and with time.google.com...
client 2025-02-26 20:12:35,033 [INFO] NTP:offset = -0.005 s, delay = 0.019 s 
client 2025-02-26 20:12:35,033 [INFO] Sending command to the server: 'time'
client 2025-02-26 20:12:35,047 [INFO] Got response: '1740600754.7256944'
client 2025-02-26 20:12:35,047 [INFO] The time difference between the client and the server is within range 307.833 ms..321.837 ms
client 2025-02-26 20:12:35,047 [INFO] Sending command to the server: 'session,2025-02-26_20-12-34,start,ranging'
client 2025-02-26 20:13:00,764 [INFO] Got response: 'OK'
client 2025-02-26 20:13:00,764 [INFO] Sending command to the server: 'time'
client 2025-02-26 20:13:00,774 [INFO] Got response: '1740600780.4530046'
client 2025-02-26 20:13:00,775 [INFO] The time difference between the client and the server is within range 311.316 ms..322.131 ms
client 2025-02-26 20:13:00,775 [INFO] Running the workload ' MLC_MLPERF_RUN_COUNT=$(cat ${MLC_RUN_DIR}/count.txt); echo ${MLC_MLPERF_RUN_COUNT}; MLC_MLPERF_RUN_COUNT=$((MLC_MLPERF_RUN_COUNT+1)); echo ${MLC_MLPERF_RUN_COUNT} > ${MLC_RUN_DIR}/count.txt; if [ ${MLC_MLPERF_RUN_COUNT} -eq 1 ]; then export MLC_MLPERF_USER_CONF="${MLC_MLPERF_RANGING_USER_CONF}"; else export MLC_MLPERF_USER_CONF="${MLC_MLPERF_TESTING_USER_CONF}"; fi ; /home/arjun/MLC/repos/gateoverflow@mlperf-automations/script/run-all-mlperf-models/run.out'
client 2025-02-26 20:18:01,948 [INFO] Sending command to the server: 'time'
client 2025-02-26 20:18:01,961 [INFO] Got response: '1740601081.633512'
client 2025-02-26 20:18:01,961 [INFO] The time difference between the client and the server is within range 315.021 ms..327.786 ms
client 2025-02-26 20:18:01,961 [INFO] Sending command to the server: 'session,2025-02-26_20-12-34,stop,ranging'
client 2025-02-26 20:18:13,309 [INFO] Got response: 'OK'
client 2025-02-26 20:18:13,310 [INFO] Sending command to the server: 'time'
client 2025-02-26 20:18:13,325 [INFO] Got response: '1740601092.9951262'
client 2025-02-26 20:18:13,325 [INFO] The time difference between the client and the server is within range 314.886 ms..330.192 ms
client 2025-02-26 20:18:13,329 [INFO] Copying loadgen logs from '/home/arjun/MLC/repos/local/cache/get-mlperf-inference-results-dir_e3f7a2f6/valid_results/mini-tflite_cpp-cpu-tflite-vmaster-default_config/mobilenet-v2-precision_float-0.75-160/singlestream/performance/run_1' to '/home/arjun/MLC/repos/local/cache/get-mlperf-inference-results-dir_e3f7a2f6/valid_results/mini-tflite_cpp-cpu-tflite-vmaster-default_config/mobilenet-v2-precision_float-0.75-160/singlestream/performance/tmp_power/ranging'
client 2025-02-26 20:18:13,330 [INFO] Running workload in testing mode
client 2025-02-26 20:18:13,330 [INFO] Synchronizing with the server and with time.google.com...
client 2025-02-26 20:18:13,350 [INFO] NTP:offset = -0.005 s, delay = 0.019 s 
client 2025-02-26 20:18:13,350 [INFO] Sending command to the server: 'time'
client 2025-02-26 20:18:13,360 [INFO] Got response: '1740601093.032875'
client 2025-02-26 20:18:13,360 [INFO] The time difference between the client and the server is within range 317.431 ms..327.592 ms
client 2025-02-26 20:18:13,360 [INFO] Sending command to the server: 'session,2025-02-26_20-12-34,start,testing'
client 2025-02-26 20:18:26,510 [INFO] Got response: 'OK'
client 2025-02-26 20:18:26,511 [INFO] Sending command to the server: 'time'
client 2025-02-26 20:18:26,526 [INFO] Got response: '1740601106.1956718'
client 2025-02-26 20:18:26,526 [INFO] The time difference between the client and the server is within range 315.449 ms..330.534 ms
client 2025-02-26 20:18:26,526 [INFO] Running the workload ' MLC_MLPERF_RUN_COUNT=$(cat ${MLC_RUN_DIR}/count.txt); echo ${MLC_MLPERF_RUN_COUNT}; MLC_MLPERF_RUN_COUNT=$((MLC_MLPERF_RUN_COUNT+1)); echo ${MLC_MLPERF_RUN_COUNT} > ${MLC_RUN_DIR}/count.txt; if [ ${MLC_MLPERF_RUN_COUNT} -eq 1 ]; then export MLC_MLPERF_USER_CONF="${MLC_MLPERF_RANGING_USER_CONF}"; else export MLC_MLPERF_USER_CONF="${MLC_MLPERF_TESTING_USER_CONF}"; fi ; /home/arjun/MLC/repos/gateoverflow@mlperf-automations/script/run-all-mlperf-models/run.out'
client 2025-02-26 20:28:27,626 [INFO] Sending command to the server: 'time'
client 2025-02-26 20:28:27,642 [INFO] Got response: '1740601707.299688'
client 2025-02-26 20:28:27,642 [INFO] The time difference between the client and the server is within range 326.861 ms..342.880 ms
client 2025-02-26 20:28:27,642 [INFO] Sending command to the server: 'session,2025-02-26_20-12-34,stop,testing'
client 2025-02-26 20:28:38,969 [INFO] Got response: 'OK'
client 2025-02-26 20:28:38,969 [INFO] Sending command to the server: 'time'
client 2025-02-26 20:28:39,000 [INFO] Got response: '1740601718.6402318'
client 2025-02-26 20:28:39,000 [INFO] The time difference between the client and the server is within range 329.232 ms..360.549 ms
client 2025-02-26 20:28:39,001 [INFO] Copying loadgen logs from '/home/arjun/MLC/repos/local/cache/get-mlperf-inference-results-dir_e3f7a2f6/valid_results/mini-tflite_cpp-cpu-tflite-vmaster-default_config/mobilenet-v2-precision_float-0.75-160/singlestream/performance/run_1' to '/home/arjun/MLC/repos/local/cache/get-mlperf-inference-results-dir_e3f7a2f6/valid_results/mini-tflite_cpp-cpu-tflite-vmaster-default_config/mobilenet-v2-precision_float-0.75-160/singlestream/performance/tmp_power/run_1'
client 2025-02-26 20:28:39,002 [INFO] Done runs
