client 2025-02-27 16:58:03,556 [INFO] Creating output directory '/home/arjun/MLC/repos/local/cache/get-mlperf-inference-results-dir_e3f7a2f6/valid_results/mini-tflite_cpp-cpu-tflite-vmaster-with_live_preprocessing/mobilenet-v1-precision_float-1.0-192/singlestream/performance/tmp_power'
client 2025-02-27 16:58:03,564 [INFO] Sending command to the server: 'mlcommons/power client v3'
client 2025-02-27 16:58:03,575 [INFO] Got response: 'mlcommons/power server v3'
client 2025-02-27 16:58:03,575 [INFO] Synchronizing with the server and with time.google.com...
client 2025-02-27 16:58:03,599 [INFO] NTP:offset = -0.003 s, delay = 0.020 s 
client 2025-02-27 16:58:03,600 [INFO] Sending command to the server: 'time'
client 2025-02-27 16:58:03,611 [INFO] Got response: '1740675483.211236'
client 2025-02-27 16:58:03,611 [INFO] The time difference between the client and the server is within range 388.803 ms..400.031 ms
client 2025-02-27 16:58:03,611 [WARNING] The time difference between the client and the server is more than 400 ms
client 2025-02-27 16:58:03,611 [INFO] Sending command to the server: 'set_ntp'
client 2025-02-27 16:58:04,826 [INFO] Got response: 'OK'
client 2025-02-27 16:58:04,826 [INFO] Synchronizing with time.google.com time using NTP...
client 2025-02-27 16:58:06,054 [INFO] Set system time at 2025-02-27 16:58:06.054685
client 2025-02-27 16:58:06,084 [INFO] NTP:offset = -0.001 s, delay = 0.020 s 
client 2025-02-27 16:58:06,084 [INFO] Sending command to the server: 'time'
client 2025-02-27 16:58:06,096 [INFO] Got response: '1740675486.0891857'
client 2025-02-27 16:58:06,096 [INFO] The time difference between the client and the server is within range -4.866 ms..7.403 ms
client 2025-02-27 16:58:06,096 [INFO] Sending command to the server: 'new,,9b279ad9-0d74-4180-9938-05741f1270f6'
client 2025-02-27 16:58:06,112 [INFO] Got response: 'OK 2025-02-27_16-58-06,10a0e1ae-b0d7-4530-b855-e2906f7ff160'
client 2025-02-27 16:58:06,112 [INFO] Session id is '2025-02-27_16-58-06'
client 2025-02-27 16:58:06,112 [INFO] Sources: {"sources": {"__init__.py": "da39a3ee5e6b4b0d3255bfef95601890afd80709", "client.py": "33ca4f26368777ac06e01f9567b714a4b8063886", "lib/__init__.py": "da39a3ee5e6b4b0d3255bfef95601890afd80709", "lib/client.py": "ac2aa093c8e8bbc9569b9e2a3471bc64e58a2258", "lib/common.py": "611d8b29633d331eb19c9455ea3b5fa3284ed6df", "lib/external/__init__.py": "da39a3ee5e6b4b0d3255bfef95601890afd80709", "lib/external/ntplib.py": "4da8f970656505a40483206ef2b5d3dd5e81711d", "lib/server.py": "9bc9a3b6b9b716520658ac175913bcbbdb354336", "lib/source_hashes.py": "60a2e02193209e8d392803326208d5466342da18", "lib/summary.py": "602a9fedfa503e5544d27ab3b0067f235047efc3", "lib/time_sync.py": "80894ef2389e540781ff78de94db16aa4203a14e", "server.py": "c3f90f2f7eeb4db30727556d0c815ebc89b3d28b", "tests/unit/__init__.py": "da39a3ee5e6b4b0d3255bfef95601890afd80709", "tests/unit/test_server.py": "948c1995d4008bc2aa6c4046a34ffa3858d6d671", "tests/unit/test_source_hashes.py": "00468a2907583c593e6574a1f6b404e4651c221a"}, "modules": {"ptd_client_server.lib.client": "lib/client.py", "ptd_client_server.lib.common": "lib/common.py", "ptd_client_server.lib.external.ntplib": "lib/external/ntplib.py", "ptd_client_server.lib.source_hashes": "lib/source_hashes.py", "ptd_client_server.lib.summary": "lib/summary.py", "ptd_client_server.lib.time_sync": "lib/time_sync.py"}}
client 2025-02-27 16:58:06,112 [INFO] Running workload in ranging mode
client 2025-02-27 16:58:06,112 [INFO] Synchronizing with the server and with time.google.com...
client 2025-02-27 16:58:06,133 [INFO] NTP:offset = -0.001 s, delay = 0.019 s 
client 2025-02-27 16:58:06,133 [INFO] Sending command to the server: 'time'
client 2025-02-27 16:58:06,152 [INFO] Got response: '1740675486.144708'
client 2025-02-27 16:58:06,152 [INFO] The time difference between the client and the server is within range -11.188 ms..7.848 ms
client 2025-02-27 16:58:06,152 [INFO] Sending command to the server: 'session,2025-02-27_16-58-06,start,ranging'
client 2025-02-27 16:58:30,647 [INFO] Got response: 'OK'
client 2025-02-27 16:58:30,647 [INFO] Sending command to the server: 'time'
client 2025-02-27 16:58:30,757 [INFO] Got response: '1740675510.6477563'
client 2025-02-27 16:58:30,757 [INFO] The time difference between the client and the server is within range -0.317 ms..110.011 ms
client 2025-02-27 16:58:30,757 [INFO] Running the workload ' MLC_MLPERF_RUN_COUNT=$(cat ${MLC_RUN_DIR}/count.txt); echo ${MLC_MLPERF_RUN_COUNT}; MLC_MLPERF_RUN_COUNT=$((MLC_MLPERF_RUN_COUNT+1)); echo ${MLC_MLPERF_RUN_COUNT} > ${MLC_RUN_DIR}/count.txt; if [ ${MLC_MLPERF_RUN_COUNT} -eq 1 ]; then export MLC_MLPERF_USER_CONF="${MLC_MLPERF_RANGING_USER_CONF}"; else export MLC_MLPERF_USER_CONF="${MLC_MLPERF_TESTING_USER_CONF}"; fi ; /home/arjun/MLC/repos/gateoverflow@mlperf-automations/script/run-all-mlperf-models/run.out'
client 2025-02-27 17:03:32,105 [INFO] Sending command to the server: 'time'
client 2025-02-27 17:03:32,120 [INFO] Got response: '1740675812.1070757'
client 2025-02-27 17:03:32,120 [INFO] The time difference between the client and the server is within range -1.905 ms..13.073 ms
client 2025-02-27 17:03:32,120 [INFO] Sending command to the server: 'session,2025-02-27_16-58-06,stop,ranging'
client 2025-02-27 17:03:43,149 [INFO] Got response: 'OK'
client 2025-02-27 17:03:43,149 [INFO] Sending command to the server: 'time'
client 2025-02-27 17:03:43,161 [INFO] Got response: '1740675823.1480343'
client 2025-02-27 17:03:43,161 [INFO] The time difference between the client and the server is within range 1.282 ms..13.531 ms
client 2025-02-27 17:03:43,165 [INFO] Copying loadgen logs from '/home/arjun/MLC/repos/local/cache/get-mlperf-inference-results-dir_e3f7a2f6/valid_results/mini-tflite_cpp-cpu-tflite-vmaster-with_live_preprocessing/mobilenet-v1-precision_float-1.0-192/singlestream/performance/run_1' to '/home/arjun/MLC/repos/local/cache/get-mlperf-inference-results-dir_e3f7a2f6/valid_results/mini-tflite_cpp-cpu-tflite-vmaster-with_live_preprocessing/mobilenet-v1-precision_float-1.0-192/singlestream/performance/tmp_power/ranging'
client 2025-02-27 17:03:43,166 [INFO] Running workload in testing mode
client 2025-02-27 17:03:43,166 [INFO] Synchronizing with the server and with time.google.com...
client 2025-02-27 17:03:43,188 [INFO] NTP:offset = 0.000 s, delay = 0.021 s 
client 2025-02-27 17:03:43,188 [INFO] Sending command to the server: 'time'
client 2025-02-27 17:03:43,200 [INFO] Got response: '1740675823.1874313'
client 2025-02-27 17:03:43,200 [INFO] The time difference between the client and the server is within range 1.168 ms..13.043 ms
client 2025-02-27 17:03:43,200 [INFO] Sending command to the server: 'session,2025-02-27_16-58-06,start,testing'
client 2025-02-27 17:03:56,462 [INFO] Got response: 'OK'
client 2025-02-27 17:03:56,462 [INFO] Sending command to the server: 'time'
client 2025-02-27 17:03:56,475 [INFO] Got response: '1740675836.461497'
client 2025-02-27 17:03:56,475 [INFO] The time difference between the client and the server is within range 1.178 ms..13.695 ms
client 2025-02-27 17:03:56,475 [INFO] Running the workload ' MLC_MLPERF_RUN_COUNT=$(cat ${MLC_RUN_DIR}/count.txt); echo ${MLC_MLPERF_RUN_COUNT}; MLC_MLPERF_RUN_COUNT=$((MLC_MLPERF_RUN_COUNT+1)); echo ${MLC_MLPERF_RUN_COUNT} > ${MLC_RUN_DIR}/count.txt; if [ ${MLC_MLPERF_RUN_COUNT} -eq 1 ]; then export MLC_MLPERF_USER_CONF="${MLC_MLPERF_RANGING_USER_CONF}"; else export MLC_MLPERF_USER_CONF="${MLC_MLPERF_TESTING_USER_CONF}"; fi ; /home/arjun/MLC/repos/gateoverflow@mlperf-automations/script/run-all-mlperf-models/run.out'
client 2025-02-27 17:13:58,381 [INFO] Sending command to the server: 'time'
client 2025-02-27 17:13:58,396 [INFO] Got response: '1740676438.3691864'
client 2025-02-27 17:13:58,396 [INFO] The time difference between the client and the server is within range 11.942 ms..27.021 ms
client 2025-02-27 17:13:58,396 [INFO] Sending command to the server: 'session,2025-02-27_16-58-06,stop,testing'
client 2025-02-27 17:14:09,638 [INFO] Got response: 'OK'
client 2025-02-27 17:14:09,638 [INFO] Sending command to the server: 'time'
client 2025-02-27 17:14:09,651 [INFO] Got response: '1740676449.623869'
client 2025-02-27 17:14:09,651 [INFO] The time difference between the client and the server is within range 14.612 ms..27.997 ms
client 2025-02-27 17:14:09,652 [INFO] Copying loadgen logs from '/home/arjun/MLC/repos/local/cache/get-mlperf-inference-results-dir_e3f7a2f6/valid_results/mini-tflite_cpp-cpu-tflite-vmaster-with_live_preprocessing/mobilenet-v1-precision_float-1.0-192/singlestream/performance/run_1' to '/home/arjun/MLC/repos/local/cache/get-mlperf-inference-results-dir_e3f7a2f6/valid_results/mini-tflite_cpp-cpu-tflite-vmaster-with_live_preprocessing/mobilenet-v1-precision_float-1.0-192/singlestream/performance/tmp_power/run_1'
client 2025-02-27 17:14:09,653 [INFO] Done runs
