Couldn't find any of the following OpenCL library: libOpenCL.so libGLES_mali.so libmali.so 
Graph file: /home/ubuntu/MLC/repos/local/cache/get-ml-model-mobilenet_0b202011/v3-large-minimalistic_224_1.0_uint8/v3-large-minimalistic_224_1.0_uint8.tflite
Image dir: /home/ubuntu/MLC/repos/local/cache/get-preprocessed-dataset-imagenet_cdc039c5
Image list: /home/ubuntu/MLC/repos/local/cache/get-preprocessed-dataset-imagenet_cdc039c5/preprocessed_files.txt
Image size: 224
Image channels: 3
Prediction classes: 1000
Result dir: /home/ubuntu/MLC/repos/local/cache/get-mlperf-inference-results-dir_f4d6bb17/valid_results/i_0b9e300bccc1f9040-tflite_armnn_cpp-cpu-armnn_tflite-v23.11-using_neon/mobilenet-v3-precision_uint8-large-minimalistic-224/singlestream/performance/run_1
How many images fit in memory buffer: 1024
Normalize: 1
Subtract mean: 0
Run time preprocessing: 1
Number of Threads: 8
Number of available imagefiles: 50000

Loading graph...
Output tensor dimensions: 1*1001
Path to mlperf.conf : /home/ubuntu/MLC/repos/local/cache/get-git-repo_0db106b1/inference/mlperf.conf
Path to user.conf : /home/ubuntu/MLC/repos/gateoverflow@mlperf-automations/script/generate-mlperf-inference-user-conf/tmp/ccd09527f5174991aaa0f2e5e9c77148.conf
Model Name: mobilenet
LoadGen Scenario: SingleStream
LoadGen Mode: performance
