client 2025-02-26 13:59:04,438 [INFO] Creating output directory '/home/arjun/MLC/repos/local/cache/get-mlperf-inference-results-dir_e3f7a2f6/valid_results/mini-tflite_cpp-cpu-tflite-vmaster-default_config/mobilenet-v1-precision_float-1.0-160/singlestream/performance/tmp_power'
client 2025-02-26 13:59:04,447 [INFO] Sending command to the server: 'mlcommons/power client v3'
client 2025-02-26 13:59:04,458 [INFO] Got response: 'mlcommons/power server v3'
client 2025-02-26 13:59:04,458 [INFO] Synchronizing with the server and with time.google.com...
client 2025-02-26 13:59:04,483 [INFO] NTP:offset = -0.009 s, delay = 0.021 s 
client 2025-02-26 13:59:04,483 [INFO] Sending command to the server: 'time'
client 2025-02-26 13:59:04,493 [INFO] Got response: '1740578344.4661026'
client 2025-02-26 13:59:04,493 [INFO] The time difference between the client and the server is within range 17.315 ms..27.369 ms
client 2025-02-26 13:59:04,493 [INFO] Sending command to the server: 'new,,4751f399-746b-4604-823d-b2667e8e8fbf'
client 2025-02-26 13:59:04,506 [INFO] Got response: 'OK 2025-02-26_13-59-04,b95d3b68-bcd9-4050-acff-d685dd45ebb0'
client 2025-02-26 13:59:04,506 [INFO] Session id is '2025-02-26_13-59-04'
client 2025-02-26 13:59:04,506 [INFO] Sources: {"sources": {"__init__.py": "da39a3ee5e6b4b0d3255bfef95601890afd80709", "client.py": "33ca4f26368777ac06e01f9567b714a4b8063886", "lib/__init__.py": "da39a3ee5e6b4b0d3255bfef95601890afd80709", "lib/client.py": "ac2aa093c8e8bbc9569b9e2a3471bc64e58a2258", "lib/common.py": "611d8b29633d331eb19c9455ea3b5fa3284ed6df", "lib/external/__init__.py": "da39a3ee5e6b4b0d3255bfef95601890afd80709", "lib/external/ntplib.py": "4da8f970656505a40483206ef2b5d3dd5e81711d", "lib/server.py": "9bc9a3b6b9b716520658ac175913bcbbdb354336", "lib/source_hashes.py": "60a2e02193209e8d392803326208d5466342da18", "lib/summary.py": "602a9fedfa503e5544d27ab3b0067f235047efc3", "lib/time_sync.py": "80894ef2389e540781ff78de94db16aa4203a14e", "server.py": "c3f90f2f7eeb4db30727556d0c815ebc89b3d28b", "tests/unit/__init__.py": "da39a3ee5e6b4b0d3255bfef95601890afd80709", "tests/unit/test_server.py": "948c1995d4008bc2aa6c4046a34ffa3858d6d671", "tests/unit/test_source_hashes.py": "00468a2907583c593e6574a1f6b404e4651c221a"}, "modules": {"ptd_client_server.lib.client": "lib/client.py", "ptd_client_server.lib.common": "lib/common.py", "ptd_client_server.lib.external.ntplib": "lib/external/ntplib.py", "ptd_client_server.lib.source_hashes": "lib/source_hashes.py", "ptd_client_server.lib.summary": "lib/summary.py", "ptd_client_server.lib.time_sync": "lib/time_sync.py"}}
client 2025-02-26 13:59:04,506 [INFO] Running workload in ranging mode
client 2025-02-26 13:59:04,506 [INFO] Synchronizing with the server and with time.google.com...
client 2025-02-26 13:59:04,527 [INFO] NTP:offset = -0.010 s, delay = 0.019 s 
client 2025-02-26 13:59:04,527 [INFO] Sending command to the server: 'time'
client 2025-02-26 13:59:04,539 [INFO] Got response: '1740578344.5105512'
client 2025-02-26 13:59:04,539 [INFO] The time difference between the client and the server is within range 16.662 ms..28.961 ms
client 2025-02-26 13:59:04,539 [INFO] Sending command to the server: 'session,2025-02-26_13-59-04,start,ranging'
client 2025-02-26 13:59:29,055 [INFO] Got response: 'OK'
client 2025-02-26 13:59:29,055 [INFO] Sending command to the server: 'time'
client 2025-02-26 13:59:29,067 [INFO] Got response: '1740578369.0361047'
client 2025-02-26 13:59:29,067 [INFO] The time difference between the client and the server is within range 19.405 ms..31.235 ms
client 2025-02-26 13:59:29,067 [INFO] Running the workload ' MLC_MLPERF_RUN_COUNT=$(cat ${MLC_RUN_DIR}/count.txt); echo ${MLC_MLPERF_RUN_COUNT}; MLC_MLPERF_RUN_COUNT=$((MLC_MLPERF_RUN_COUNT+1)); echo ${MLC_MLPERF_RUN_COUNT} > ${MLC_RUN_DIR}/count.txt; if [ ${MLC_MLPERF_RUN_COUNT} -eq 1 ]; then export MLC_MLPERF_USER_CONF="${MLC_MLPERF_RANGING_USER_CONF}"; else export MLC_MLPERF_USER_CONF="${MLC_MLPERF_TESTING_USER_CONF}"; fi ; /home/arjun/MLC/repos/gateoverflow@mlperf-automations/script/run-all-mlperf-models/run.out'
client 2025-02-26 14:04:29,836 [INFO] Sending command to the server: 'time'
client 2025-02-26 14:04:29,853 [INFO] Got response: '1740578669.809974'
client 2025-02-26 14:04:29,854 [INFO] The time difference between the client and the server is within range 26.308 ms..44.012 ms
client 2025-02-26 14:04:29,854 [INFO] Sending command to the server: 'session,2025-02-26_13-59-04,stop,ranging'
client 2025-02-26 14:04:40,254 [INFO] Got response: 'OK'
client 2025-02-26 14:04:40,254 [INFO] Sending command to the server: 'time'
client 2025-02-26 14:04:40,266 [INFO] Got response: '1740578680.2256744'
client 2025-02-26 14:04:40,266 [INFO] The time difference between the client and the server is within range 29.236 ms..40.664 ms
client 2025-02-26 14:04:40,270 [INFO] Copying loadgen logs from '/home/arjun/MLC/repos/local/cache/get-mlperf-inference-results-dir_e3f7a2f6/valid_results/mini-tflite_cpp-cpu-tflite-vmaster-default_config/mobilenet-v1-precision_float-1.0-160/singlestream/performance/run_1' to '/home/arjun/MLC/repos/local/cache/get-mlperf-inference-results-dir_e3f7a2f6/valid_results/mini-tflite_cpp-cpu-tflite-vmaster-default_config/mobilenet-v1-precision_float-1.0-160/singlestream/performance/tmp_power/ranging'
client 2025-02-26 14:04:40,270 [INFO] Running workload in testing mode
client 2025-02-26 14:04:40,270 [INFO] Synchronizing with the server and with time.google.com...
client 2025-02-26 14:04:40,290 [INFO] NTP:offset = -0.015 s, delay = 0.018 s 
client 2025-02-26 14:04:40,290 [INFO] Sending command to the server: 'time'
client 2025-02-26 14:04:40,303 [INFO] Got response: '1740578680.2611601'
client 2025-02-26 14:04:40,303 [INFO] The time difference between the client and the server is within range 29.344 ms..42.232 ms
client 2025-02-26 14:04:40,303 [INFO] Sending command to the server: 'session,2025-02-26_13-59-04,start,testing'
client 2025-02-26 14:04:53,466 [INFO] Got response: 'OK'
client 2025-02-26 14:04:53,466 [INFO] Sending command to the server: 'time'
client 2025-02-26 14:04:53,486 [INFO] Got response: '1740578693.440671'
client 2025-02-26 14:04:53,486 [INFO] The time difference between the client and the server is within range 25.696 ms..45.531 ms
client 2025-02-26 14:04:53,486 [INFO] Running the workload ' MLC_MLPERF_RUN_COUNT=$(cat ${MLC_RUN_DIR}/count.txt); echo ${MLC_MLPERF_RUN_COUNT}; MLC_MLPERF_RUN_COUNT=$((MLC_MLPERF_RUN_COUNT+1)); echo ${MLC_MLPERF_RUN_COUNT} > ${MLC_RUN_DIR}/count.txt; if [ ${MLC_MLPERF_RUN_COUNT} -eq 1 ]; then export MLC_MLPERF_USER_CONF="${MLC_MLPERF_RANGING_USER_CONF}"; else export MLC_MLPERF_USER_CONF="${MLC_MLPERF_TESTING_USER_CONF}"; fi ; /home/arjun/MLC/repos/gateoverflow@mlperf-automations/script/run-all-mlperf-models/run.out'
client 2025-02-26 14:14:54,019 [INFO] Sending command to the server: 'time'
client 2025-02-26 14:14:54,038 [INFO] Got response: '1740579293.9687612'
client 2025-02-26 14:14:54,038 [INFO] The time difference between the client and the server is within range 50.988 ms..70.007 ms
client 2025-02-26 14:14:54,038 [INFO] Sending command to the server: 'session,2025-02-26_13-59-04,stop,testing'
client 2025-02-26 14:15:06,208 [INFO] Got response: 'OK'
client 2025-02-26 14:15:06,208 [INFO] Sending command to the server: 'time'
client 2025-02-26 14:15:06,220 [INFO] Got response: '1740579306.1526113'
client 2025-02-26 14:15:06,220 [INFO] The time difference between the client and the server is within range 55.699 ms..67.974 ms
client 2025-02-26 14:15:06,221 [INFO] Copying loadgen logs from '/home/arjun/MLC/repos/local/cache/get-mlperf-inference-results-dir_e3f7a2f6/valid_results/mini-tflite_cpp-cpu-tflite-vmaster-default_config/mobilenet-v1-precision_float-1.0-160/singlestream/performance/run_1' to '/home/arjun/MLC/repos/local/cache/get-mlperf-inference-results-dir_e3f7a2f6/valid_results/mini-tflite_cpp-cpu-tflite-vmaster-default_config/mobilenet-v1-precision_float-1.0-160/singlestream/performance/tmp_power/run_1'
client 2025-02-26 14:15:06,222 [INFO] Done runs
