client 2025-02-27 06:14:06,555 [INFO] Creating output directory '/home/arjun/MLC/repos/local/cache/get-mlperf-inference-results-dir_e3f7a2f6/valid_results/mini-tflite_cpp-cpu-tflite-vmaster-default_config/mobilenet-v1-precision_uint8-0.5-128/singlestream/performance/tmp_power'
client 2025-02-27 06:14:06,564 [INFO] Sending command to the server: 'mlcommons/power client v3'
client 2025-02-27 06:14:06,578 [INFO] Got response: 'mlcommons/power server v3'
client 2025-02-27 06:14:06,578 [INFO] Synchronizing with the server and with time.google.com...
client 2025-02-27 06:14:06,602 [INFO] NTP:offset = -0.003 s, delay = 0.019 s 
client 2025-02-27 06:14:06,602 [INFO] Sending command to the server: 'time'
client 2025-02-27 06:14:06,615 [INFO] Got response: '1740636846.2631755'
client 2025-02-27 06:14:06,615 [INFO] The time difference between the client and the server is within range 339.482 ms..352.434 ms
client 2025-02-27 06:14:06,615 [INFO] Sending command to the server: 'new,,184d1fc4-7dc3-4773-b977-7c5e1af964f4'
client 2025-02-27 06:14:06,635 [INFO] Got response: 'OK 2025-02-27_06-14-06,d8ce3c9e-cb94-4d1c-b4e2-17d365d8cd13'
client 2025-02-27 06:14:06,636 [INFO] Session id is '2025-02-27_06-14-06'
client 2025-02-27 06:14:06,636 [INFO] Sources: {"sources": {"__init__.py": "da39a3ee5e6b4b0d3255bfef95601890afd80709", "client.py": "33ca4f26368777ac06e01f9567b714a4b8063886", "lib/__init__.py": "da39a3ee5e6b4b0d3255bfef95601890afd80709", "lib/client.py": "ac2aa093c8e8bbc9569b9e2a3471bc64e58a2258", "lib/common.py": "611d8b29633d331eb19c9455ea3b5fa3284ed6df", "lib/external/__init__.py": "da39a3ee5e6b4b0d3255bfef95601890afd80709", "lib/external/ntplib.py": "4da8f970656505a40483206ef2b5d3dd5e81711d", "lib/server.py": "9bc9a3b6b9b716520658ac175913bcbbdb354336", "lib/source_hashes.py": "60a2e02193209e8d392803326208d5466342da18", "lib/summary.py": "602a9fedfa503e5544d27ab3b0067f235047efc3", "lib/time_sync.py": "80894ef2389e540781ff78de94db16aa4203a14e", "server.py": "c3f90f2f7eeb4db30727556d0c815ebc89b3d28b", "tests/unit/__init__.py": "da39a3ee5e6b4b0d3255bfef95601890afd80709", "tests/unit/test_server.py": "948c1995d4008bc2aa6c4046a34ffa3858d6d671", "tests/unit/test_source_hashes.py": "00468a2907583c593e6574a1f6b404e4651c221a"}, "modules": {"ptd_client_server.lib.client": "lib/client.py", "ptd_client_server.lib.common": "lib/common.py", "ptd_client_server.lib.external.ntplib": "lib/external/ntplib.py", "ptd_client_server.lib.source_hashes": "lib/source_hashes.py", "ptd_client_server.lib.summary": "lib/summary.py", "ptd_client_server.lib.time_sync": "lib/time_sync.py"}}
client 2025-02-27 06:14:06,636 [INFO] Running workload in ranging mode
client 2025-02-27 06:14:06,636 [INFO] Synchronizing with the server and with time.google.com...
client 2025-02-27 06:14:06,657 [INFO] NTP:offset = -0.004 s, delay = 0.019 s 
client 2025-02-27 06:14:06,657 [INFO] Sending command to the server: 'time'
client 2025-02-27 06:14:06,669 [INFO] Got response: '1740636846.3181658'
client 2025-02-27 06:14:06,669 [INFO] The time difference between the client and the server is within range 339.347 ms..351.403 ms
client 2025-02-27 06:14:06,669 [INFO] Sending command to the server: 'session,2025-02-27_06-14-06,start,ranging'
client 2025-02-27 06:14:31,201 [INFO] Got response: 'OK'
client 2025-02-27 06:14:31,202 [INFO] Sending command to the server: 'time'
client 2025-02-27 06:14:31,211 [INFO] Got response: '1740636870.8613005'
client 2025-02-27 06:14:31,211 [INFO] The time difference between the client and the server is within range 340.699 ms..350.647 ms
client 2025-02-27 06:14:31,212 [INFO] Running the workload ' MLC_MLPERF_RUN_COUNT=$(cat ${MLC_RUN_DIR}/count.txt); echo ${MLC_MLPERF_RUN_COUNT}; MLC_MLPERF_RUN_COUNT=$((MLC_MLPERF_RUN_COUNT+1)); echo ${MLC_MLPERF_RUN_COUNT} > ${MLC_RUN_DIR}/count.txt; if [ ${MLC_MLPERF_RUN_COUNT} -eq 1 ]; then export MLC_MLPERF_USER_CONF="${MLC_MLPERF_RANGING_USER_CONF}"; else export MLC_MLPERF_USER_CONF="${MLC_MLPERF_TESTING_USER_CONF}"; fi ; /home/arjun/MLC/repos/gateoverflow@mlperf-automations/script/run-all-mlperf-models/run.out'
client 2025-02-27 06:19:32,005 [INFO] Sending command to the server: 'time'
client 2025-02-27 06:19:32,024 [INFO] Got response: '1740637171.6631408'
client 2025-02-27 06:19:32,024 [INFO] The time difference between the client and the server is within range 342.105 ms..361.401 ms
client 2025-02-27 06:19:32,024 [INFO] Sending command to the server: 'session,2025-02-27_06-14-06,stop,ranging'
client 2025-02-27 06:19:42,577 [INFO] Got response: 'OK'
client 2025-02-27 06:19:42,578 [INFO] Sending command to the server: 'time'
client 2025-02-27 06:19:42,591 [INFO] Got response: '1740637182.2340872'
client 2025-02-27 06:19:42,592 [INFO] The time difference between the client and the server is within range 344.054 ms..358.032 ms
client 2025-02-27 06:19:42,595 [INFO] Copying loadgen logs from '/home/arjun/MLC/repos/local/cache/get-mlperf-inference-results-dir_e3f7a2f6/valid_results/mini-tflite_cpp-cpu-tflite-vmaster-default_config/mobilenet-v1-precision_uint8-0.5-128/singlestream/performance/run_1' to '/home/arjun/MLC/repos/local/cache/get-mlperf-inference-results-dir_e3f7a2f6/valid_results/mini-tflite_cpp-cpu-tflite-vmaster-default_config/mobilenet-v1-precision_uint8-0.5-128/singlestream/performance/tmp_power/ranging'
client 2025-02-27 06:19:42,596 [INFO] Running workload in testing mode
client 2025-02-27 06:19:42,596 [INFO] Synchronizing with the server and with time.google.com...
client 2025-02-27 06:19:42,617 [INFO] NTP:offset = -0.004 s, delay = 0.020 s 
client 2025-02-27 06:19:42,617 [INFO] Sending command to the server: 'time'
client 2025-02-27 06:19:42,631 [INFO] Got response: '1740637182.2722826'
client 2025-02-27 06:19:42,631 [INFO] The time difference between the client and the server is within range 345.342 ms..359.080 ms
client 2025-02-27 06:19:42,631 [INFO] Sending command to the server: 'session,2025-02-27_06-14-06,start,testing'
client 2025-02-27 06:19:55,888 [INFO] Got response: 'OK'
client 2025-02-27 06:19:55,888 [INFO] Sending command to the server: 'time'
client 2025-02-27 06:19:55,902 [INFO] Got response: '1740637195.5442235'
client 2025-02-27 06:19:55,902 [INFO] The time difference between the client and the server is within range 344.509 ms..358.410 ms
client 2025-02-27 06:19:55,902 [INFO] Running the workload ' MLC_MLPERF_RUN_COUNT=$(cat ${MLC_RUN_DIR}/count.txt); echo ${MLC_MLPERF_RUN_COUNT}; MLC_MLPERF_RUN_COUNT=$((MLC_MLPERF_RUN_COUNT+1)); echo ${MLC_MLPERF_RUN_COUNT} > ${MLC_RUN_DIR}/count.txt; if [ ${MLC_MLPERF_RUN_COUNT} -eq 1 ]; then export MLC_MLPERF_USER_CONF="${MLC_MLPERF_RANGING_USER_CONF}"; else export MLC_MLPERF_USER_CONF="${MLC_MLPERF_TESTING_USER_CONF}"; fi ; /home/arjun/MLC/repos/gateoverflow@mlperf-automations/script/run-all-mlperf-models/run.out'
client 2025-02-27 06:29:57,105 [INFO] Sending command to the server: 'time'
client 2025-02-27 06:29:57,121 [INFO] Got response: '1740637796.7513466'
client 2025-02-27 06:29:57,121 [INFO] The time difference between the client and the server is within range 354.212 ms..370.296 ms
client 2025-02-27 06:29:57,121 [INFO] Sending command to the server: 'session,2025-02-27_06-14-06,stop,testing'
client 2025-02-27 06:30:08,038 [INFO] Got response: 'OK'
client 2025-02-27 06:30:08,038 [INFO] Sending command to the server: 'time'
client 2025-02-27 06:30:08,051 [INFO] Got response: '1740637807.6814265'
client 2025-02-27 06:30:08,051 [INFO] The time difference between the client and the server is within range 357.254 ms..370.042 ms
client 2025-02-27 06:30:08,052 [INFO] Copying loadgen logs from '/home/arjun/MLC/repos/local/cache/get-mlperf-inference-results-dir_e3f7a2f6/valid_results/mini-tflite_cpp-cpu-tflite-vmaster-default_config/mobilenet-v1-precision_uint8-0.5-128/singlestream/performance/run_1' to '/home/arjun/MLC/repos/local/cache/get-mlperf-inference-results-dir_e3f7a2f6/valid_results/mini-tflite_cpp-cpu-tflite-vmaster-default_config/mobilenet-v1-precision_uint8-0.5-128/singlestream/performance/tmp_power/run_1'
client 2025-02-27 06:30:08,052 [INFO] Done runs
