Graph file: /home/ubuntu/MLC/repos/local/cache/get-ml-model-mobilenet_f2aa8a91/mobilenet_v1_0.75_160.tflite
Image dir: /home/ubuntu/MLC/repos/local/cache/get-preprocessed-dataset-imagenet_feb87229
Image list: /home/ubuntu/MLC/repos/local/cache/get-preprocessed-dataset-imagenet_feb87229/preprocessed_files.txt
Image size: 160
Image channels: 3
Prediction classes: 1000
Result dir: /home/ubuntu/MLC/repos/local/cache/get-mlperf-inference-results-dir_9f8445db/valid_results/i_06a0fc1c2eadb7d9f-tflite_cpp-cpu-tflite-vmaster-default_config/mobilenet-v1-precision_float-0.75-160/singlestream/performance/run_1
How many images fit in memory buffer: 1024
Normalize: 1
Subtract mean: 0
Run time preprocessing: 0
Number of Threads: 2
Number of available imagefiles: 50000

Loading graph...
INFO: Created TensorFlow Lite XNNPACK delegate for CPU.
Input tensor dimensions (NHWC): 1*160*160*3
Output tensor dimensions: 1*1001
Path to user.conf : /home/ubuntu/MLC/repos/gateoverflow@mlperf-automations/script/generate-mlperf-inference-user-conf/tmp/fdfeb42a59934b35a670fd5cd7180d4d.conf
Model Name: mobilenet
LoadGen Scenario: SingleStream
LoadGen Mode: performance
