client 2025-02-26 20:30:55,388 [INFO] Creating output directory '/home/arjun/MLC/repos/local/cache/get-mlperf-inference-results-dir_e3f7a2f6/valid_results/mini-tflite_cpp-cpu-tflite-vmaster-default_config/mobilenet-v2-precision_float-0.75-128/singlestream/performance/tmp_power'
client 2025-02-26 20:30:55,397 [INFO] Sending command to the server: 'mlcommons/power client v3'
client 2025-02-26 20:30:55,408 [INFO] Got response: 'mlcommons/power server v3'
client 2025-02-26 20:30:55,408 [INFO] Synchronizing with the server and with time.google.com...
client 2025-02-26 20:30:55,432 [INFO] NTP:offset = -0.005 s, delay = 0.020 s 
client 2025-02-26 20:30:55,432 [INFO] Sending command to the server: 'time'
client 2025-02-26 20:30:55,445 [INFO] Got response: '1740601855.101169'
client 2025-02-26 20:30:55,445 [INFO] The time difference between the client and the server is within range 331.690 ms..344.516 ms
client 2025-02-26 20:30:55,445 [INFO] Sending command to the server: 'new,,8d1ef7bb-6ba9-4ef7-8acf-4367206bf98f'
client 2025-02-26 20:30:55,461 [INFO] Got response: 'OK 2025-02-26_20-30-55,612ba0f0-e513-4c4c-880d-1c9ea6d55a17'
client 2025-02-26 20:30:55,461 [INFO] Session id is '2025-02-26_20-30-55'
client 2025-02-26 20:30:55,461 [INFO] Sources: {"sources": {"__init__.py": "da39a3ee5e6b4b0d3255bfef95601890afd80709", "client.py": "33ca4f26368777ac06e01f9567b714a4b8063886", "lib/__init__.py": "da39a3ee5e6b4b0d3255bfef95601890afd80709", "lib/client.py": "ac2aa093c8e8bbc9569b9e2a3471bc64e58a2258", "lib/common.py": "611d8b29633d331eb19c9455ea3b5fa3284ed6df", "lib/external/__init__.py": "da39a3ee5e6b4b0d3255bfef95601890afd80709", "lib/external/ntplib.py": "4da8f970656505a40483206ef2b5d3dd5e81711d", "lib/server.py": "9bc9a3b6b9b716520658ac175913bcbbdb354336", "lib/source_hashes.py": "60a2e02193209e8d392803326208d5466342da18", "lib/summary.py": "602a9fedfa503e5544d27ab3b0067f235047efc3", "lib/time_sync.py": "80894ef2389e540781ff78de94db16aa4203a14e", "server.py": "c3f90f2f7eeb4db30727556d0c815ebc89b3d28b", "tests/unit/__init__.py": "da39a3ee5e6b4b0d3255bfef95601890afd80709", "tests/unit/test_server.py": "948c1995d4008bc2aa6c4046a34ffa3858d6d671", "tests/unit/test_source_hashes.py": "00468a2907583c593e6574a1f6b404e4651c221a"}, "modules": {"ptd_client_server.lib.client": "lib/client.py", "ptd_client_server.lib.common": "lib/common.py", "ptd_client_server.lib.external.ntplib": "lib/external/ntplib.py", "ptd_client_server.lib.source_hashes": "lib/source_hashes.py", "ptd_client_server.lib.summary": "lib/summary.py", "ptd_client_server.lib.time_sync": "lib/time_sync.py"}}
client 2025-02-26 20:30:55,461 [INFO] Running workload in ranging mode
client 2025-02-26 20:30:55,461 [INFO] Synchronizing with the server and with time.google.com...
client 2025-02-26 20:30:55,479 [INFO] NTP:offset = -0.006 s, delay = 0.017 s 
client 2025-02-26 20:30:55,480 [INFO] Sending command to the server: 'time'
client 2025-02-26 20:30:55,493 [INFO] Got response: '1740601855.1485095'
client 2025-02-26 20:30:55,493 [INFO] The time difference between the client and the server is within range 331.592 ms..345.028 ms
client 2025-02-26 20:30:55,493 [INFO] Sending command to the server: 'session,2025-02-26_20-30-55,start,ranging'
client 2025-02-26 20:31:20,250 [INFO] Got response: 'OK'
client 2025-02-26 20:31:20,250 [INFO] Sending command to the server: 'time'
client 2025-02-26 20:31:20,263 [INFO] Got response: '1740601879.9179008'
client 2025-02-26 20:31:20,263 [INFO] The time difference between the client and the server is within range 332.531 ms..345.539 ms
client 2025-02-26 20:31:20,263 [INFO] Running the workload ' MLC_MLPERF_RUN_COUNT=$(cat ${MLC_RUN_DIR}/count.txt); echo ${MLC_MLPERF_RUN_COUNT}; MLC_MLPERF_RUN_COUNT=$((MLC_MLPERF_RUN_COUNT+1)); echo ${MLC_MLPERF_RUN_COUNT} > ${MLC_RUN_DIR}/count.txt; if [ ${MLC_MLPERF_RUN_COUNT} -eq 1 ]; then export MLC_MLPERF_USER_CONF="${MLC_MLPERF_RANGING_USER_CONF}"; else export MLC_MLPERF_USER_CONF="${MLC_MLPERF_TESTING_USER_CONF}"; fi ; /home/arjun/MLC/repos/gateoverflow@mlperf-automations/script/run-all-mlperf-models/run.out'
client 2025-02-26 20:36:21,266 [INFO] Sending command to the server: 'time'
client 2025-02-26 20:36:21,281 [INFO] Got response: '1740602180.931057'
client 2025-02-26 20:36:21,281 [INFO] The time difference between the client and the server is within range 335.090 ms..350.539 ms
client 2025-02-26 20:36:21,281 [INFO] Sending command to the server: 'session,2025-02-26_20-30-55,stop,ranging'
client 2025-02-26 20:36:32,979 [INFO] Got response: 'OK'
client 2025-02-26 20:36:32,980 [INFO] Sending command to the server: 'time'
client 2025-02-26 20:36:32,993 [INFO] Got response: '1740602192.6411085'
client 2025-02-26 20:36:32,993 [INFO] The time difference between the client and the server is within range 338.967 ms..352.385 ms
client 2025-02-26 20:36:32,997 [INFO] Copying loadgen logs from '/home/arjun/MLC/repos/local/cache/get-mlperf-inference-results-dir_e3f7a2f6/valid_results/mini-tflite_cpp-cpu-tflite-vmaster-default_config/mobilenet-v2-precision_float-0.75-128/singlestream/performance/run_1' to '/home/arjun/MLC/repos/local/cache/get-mlperf-inference-results-dir_e3f7a2f6/valid_results/mini-tflite_cpp-cpu-tflite-vmaster-default_config/mobilenet-v2-precision_float-0.75-128/singlestream/performance/tmp_power/ranging'
client 2025-02-26 20:36:32,998 [INFO] Running workload in testing mode
client 2025-02-26 20:36:32,998 [INFO] Synchronizing with the server and with time.google.com...
client 2025-02-26 20:36:33,018 [INFO] NTP:offset = -0.004 s, delay = 0.019 s 
client 2025-02-26 20:36:33,018 [INFO] Sending command to the server: 'time'
client 2025-02-26 20:36:33,032 [INFO] Got response: '1740602192.6800854'
client 2025-02-26 20:36:33,032 [INFO] The time difference between the client and the server is within range 338.408 ms..352.860 ms
client 2025-02-26 20:36:33,033 [INFO] Sending command to the server: 'session,2025-02-26_20-30-55,start,testing'
client 2025-02-26 20:36:46,184 [INFO] Got response: 'OK'
client 2025-02-26 20:36:46,184 [INFO] Sending command to the server: 'time'
client 2025-02-26 20:36:46,195 [INFO] Got response: '1740602205.8454309'
client 2025-02-26 20:36:46,195 [INFO] The time difference between the client and the server is within range 339.205 ms..350.136 ms
client 2025-02-26 20:36:46,195 [INFO] Running the workload ' MLC_MLPERF_RUN_COUNT=$(cat ${MLC_RUN_DIR}/count.txt); echo ${MLC_MLPERF_RUN_COUNT}; MLC_MLPERF_RUN_COUNT=$((MLC_MLPERF_RUN_COUNT+1)); echo ${MLC_MLPERF_RUN_COUNT} > ${MLC_RUN_DIR}/count.txt; if [ ${MLC_MLPERF_RUN_COUNT} -eq 1 ]; then export MLC_MLPERF_USER_CONF="${MLC_MLPERF_RANGING_USER_CONF}"; else export MLC_MLPERF_USER_CONF="${MLC_MLPERF_TESTING_USER_CONF}"; fi ; /home/arjun/MLC/repos/gateoverflow@mlperf-automations/script/run-all-mlperf-models/run.out'
client 2025-02-26 20:46:47,427 [INFO] Sending command to the server: 'time'
client 2025-02-26 20:46:47,441 [INFO] Got response: '1740602807.0778277'
client 2025-02-26 20:46:47,441 [INFO] The time difference between the client and the server is within range 349.627 ms..363.399 ms
client 2025-02-26 20:46:47,441 [INFO] Sending command to the server: 'session,2025-02-26_20-30-55,stop,testing'
client 2025-02-26 20:46:58,749 [INFO] Got response: 'OK'
client 2025-02-26 20:46:58,749 [INFO] Sending command to the server: 'time'
client 2025-02-26 20:46:58,765 [INFO] Got response: '1740602818.401714'
client 2025-02-26 20:46:58,765 [INFO] The time difference between the client and the server is within range 347.837 ms..363.679 ms
client 2025-02-26 20:46:58,766 [INFO] Copying loadgen logs from '/home/arjun/MLC/repos/local/cache/get-mlperf-inference-results-dir_e3f7a2f6/valid_results/mini-tflite_cpp-cpu-tflite-vmaster-default_config/mobilenet-v2-precision_float-0.75-128/singlestream/performance/run_1' to '/home/arjun/MLC/repos/local/cache/get-mlperf-inference-results-dir_e3f7a2f6/valid_results/mini-tflite_cpp-cpu-tflite-vmaster-default_config/mobilenet-v2-precision_float-0.75-128/singlestream/performance/tmp_power/run_1'
client 2025-02-26 20:46:58,767 [INFO] Done runs
