Couldn't find any of the following OpenCL library: libOpenCL.so libGLES_mali.so libmali.so 
Graph file: /home/ubuntu/MLC/repos/local/cache/get-ml-model-mobilenet_2fcaf3cd/v2_128_75/model.tflite
Image dir: /home/ubuntu/MLC/repos/local/cache/get-preprocessed-dataset-imagenet_8af2960c
Image list: /home/ubuntu/MLC/repos/local/cache/get-preprocessed-dataset-imagenet_8af2960c/preprocessed_files.txt
Image size: 128
Image channels: 3
Prediction classes: 1000
Result dir: /home/ubuntu/MLC/repos/local/cache/get-mlperf-inference-results-dir_8b388bee/valid_results/i_05d9d5b2580ad479b-tflite_armnn_cpp-cpu-armnn_tflite-v23.11-using_neon/mobilenet-v2-precision_uint8-0.75-128/singlestream/performance/run_1
How many images fit in memory buffer: 1024
Normalize: 1
Subtract mean: 0
Run time preprocessing: 1
Number of Threads: 2
Number of available imagefiles: 50000

Loading graph...
Output tensor dimensions: 1*1001
Path to mlperf.conf : /home/ubuntu/MLC/repos/local/cache/get-git-repo_f49ab8d0/inference/mlperf.conf
Path to user.conf : /home/ubuntu/MLC/repos/gateoverflow@mlperf-automations/script/generate-mlperf-inference-user-conf/tmp/179728bae0ae4c7bb9f48f3241400289.conf
Model Name: mobilenet
LoadGen Scenario: SingleStream
LoadGen Mode: performance
