client 2025-02-27 22:10:10,710 [INFO] Creating output directory '/home/arjun/MLC/repos/local/cache/get-mlperf-inference-results-dir_e3f7a2f6/valid_results/mini-tflite_cpp-cpu-tflite-vmaster-with_live_preprocessing/mobilenet-v1-precision_float-0.25-128/singlestream/performance/tmp_power'
client 2025-02-27 22:10:10,718 [INFO] Sending command to the server: 'mlcommons/power client v3'
client 2025-02-27 22:10:10,734 [INFO] Got response: 'mlcommons/power server v3'
client 2025-02-27 22:10:10,734 [INFO] Synchronizing with the server and with time.google.com...
client 2025-02-27 22:10:10,769 [INFO] NTP:offset = 0.001 s, delay = 0.031 s 
client 2025-02-27 22:10:10,770 [INFO] Sending command to the server: 'time'
client 2025-02-27 22:10:10,784 [INFO] Got response: '1740694210.6059997'
client 2025-02-27 22:10:10,784 [INFO] The time difference between the client and the server is within range 164.158 ms..178.887 ms
client 2025-02-27 22:10:10,785 [INFO] Sending command to the server: 'new,,e800b2b3-440e-4bd8-8086-2c124595db01'
client 2025-02-27 22:10:10,801 [INFO] Got response: 'OK 2025-02-27_22-10-10,42ff6431-3f13-4034-a3c4-563e74f37ba6'
client 2025-02-27 22:10:10,801 [INFO] Session id is '2025-02-27_22-10-10'
client 2025-02-27 22:10:10,802 [INFO] Sources: {"sources": {"__init__.py": "da39a3ee5e6b4b0d3255bfef95601890afd80709", "client.py": "33ca4f26368777ac06e01f9567b714a4b8063886", "lib/__init__.py": "da39a3ee5e6b4b0d3255bfef95601890afd80709", "lib/client.py": "ac2aa093c8e8bbc9569b9e2a3471bc64e58a2258", "lib/common.py": "611d8b29633d331eb19c9455ea3b5fa3284ed6df", "lib/external/__init__.py": "da39a3ee5e6b4b0d3255bfef95601890afd80709", "lib/external/ntplib.py": "4da8f970656505a40483206ef2b5d3dd5e81711d", "lib/server.py": "9bc9a3b6b9b716520658ac175913bcbbdb354336", "lib/source_hashes.py": "60a2e02193209e8d392803326208d5466342da18", "lib/summary.py": "602a9fedfa503e5544d27ab3b0067f235047efc3", "lib/time_sync.py": "80894ef2389e540781ff78de94db16aa4203a14e", "server.py": "c3f90f2f7eeb4db30727556d0c815ebc89b3d28b", "tests/unit/__init__.py": "da39a3ee5e6b4b0d3255bfef95601890afd80709", "tests/unit/test_server.py": "948c1995d4008bc2aa6c4046a34ffa3858d6d671", "tests/unit/test_source_hashes.py": "00468a2907583c593e6574a1f6b404e4651c221a"}, "modules": {"ptd_client_server.lib.client": "lib/client.py", "ptd_client_server.lib.common": "lib/common.py", "ptd_client_server.lib.external.ntplib": "lib/external/ntplib.py", "ptd_client_server.lib.source_hashes": "lib/source_hashes.py", "ptd_client_server.lib.summary": "lib/summary.py", "ptd_client_server.lib.time_sync": "lib/time_sync.py"}}
client 2025-02-27 22:10:10,802 [INFO] Running workload in ranging mode
client 2025-02-27 22:10:10,802 [INFO] Synchronizing with the server and with time.google.com...
client 2025-02-27 22:10:10,827 [INFO] NTP:offset = -0.003 s, delay = 0.023 s 
client 2025-02-27 22:10:10,827 [INFO] Sending command to the server: 'time'
client 2025-02-27 22:10:10,841 [INFO] Got response: '1740694210.6625805'
client 2025-02-27 22:10:10,841 [INFO] The time difference between the client and the server is within range 164.598 ms..178.829 ms
client 2025-02-27 22:10:10,841 [INFO] Sending command to the server: 'session,2025-02-27_22-10-10,start,ranging'
client 2025-02-27 22:10:35,411 [INFO] Got response: 'OK'
client 2025-02-27 22:10:35,411 [INFO] Sending command to the server: 'time'
client 2025-02-27 22:10:35,492 [INFO] Got response: '1740694235.244342'
client 2025-02-27 22:10:35,492 [INFO] The time difference between the client and the server is within range 167.213 ms..248.072 ms
client 2025-02-27 22:10:35,492 [INFO] Running the workload ' MLC_MLPERF_RUN_COUNT=$(cat ${MLC_RUN_DIR}/count.txt); echo ${MLC_MLPERF_RUN_COUNT}; MLC_MLPERF_RUN_COUNT=$((MLC_MLPERF_RUN_COUNT+1)); echo ${MLC_MLPERF_RUN_COUNT} > ${MLC_RUN_DIR}/count.txt; if [ ${MLC_MLPERF_RUN_COUNT} -eq 1 ]; then export MLC_MLPERF_USER_CONF="${MLC_MLPERF_RANGING_USER_CONF}"; else export MLC_MLPERF_USER_CONF="${MLC_MLPERF_TESTING_USER_CONF}"; fi ; /home/arjun/MLC/repos/gateoverflow@mlperf-automations/script/run-all-mlperf-models/run.out'
client 2025-02-27 22:15:36,853 [INFO] Sending command to the server: 'time'
client 2025-02-27 22:15:36,869 [INFO] Got response: '1740694536.6863801'
client 2025-02-27 22:15:36,869 [INFO] The time difference between the client and the server is within range 167.069 ms..183.426 ms
client 2025-02-27 22:15:36,869 [INFO] Sending command to the server: 'session,2025-02-27_22-10-10,stop,ranging'
client 2025-02-27 22:15:48,346 [INFO] Got response: 'OK'
client 2025-02-27 22:15:48,346 [INFO] Sending command to the server: 'time'
client 2025-02-27 22:15:48,361 [INFO] Got response: '1740694548.1779933'
client 2025-02-27 22:15:48,361 [INFO] The time difference between the client and the server is within range 168.962 ms..183.646 ms
client 2025-02-27 22:15:48,365 [INFO] Copying loadgen logs from '/home/arjun/MLC/repos/local/cache/get-mlperf-inference-results-dir_e3f7a2f6/valid_results/mini-tflite_cpp-cpu-tflite-vmaster-with_live_preprocessing/mobilenet-v1-precision_float-0.25-128/singlestream/performance/run_1' to '/home/arjun/MLC/repos/local/cache/get-mlperf-inference-results-dir_e3f7a2f6/valid_results/mini-tflite_cpp-cpu-tflite-vmaster-with_live_preprocessing/mobilenet-v1-precision_float-0.25-128/singlestream/performance/tmp_power/ranging'
client 2025-02-27 22:15:48,366 [INFO] Running workload in testing mode
client 2025-02-27 22:15:48,366 [INFO] Synchronizing with the server and with time.google.com...
client 2025-02-27 22:15:48,402 [INFO] NTP:offset = -0.002 s, delay = 0.023 s 
client 2025-02-27 22:15:48,402 [INFO] Sending command to the server: 'time'
client 2025-02-27 22:15:48,414 [INFO] Got response: '1740694548.2312489'
client 2025-02-27 22:15:48,414 [INFO] The time difference between the client and the server is within range 171.710 ms..183.356 ms
client 2025-02-27 22:15:48,414 [INFO] Sending command to the server: 'session,2025-02-27_22-10-10,start,testing'
client 2025-02-27 22:16:01,657 [INFO] Got response: 'OK'
client 2025-02-27 22:16:01,657 [INFO] Sending command to the server: 'time'
client 2025-02-27 22:16:01,669 [INFO] Got response: '1740694561.4861233'
client 2025-02-27 22:16:01,669 [INFO] The time difference between the client and the server is within range 171.618 ms..183.399 ms
client 2025-02-27 22:16:01,669 [INFO] Running the workload ' MLC_MLPERF_RUN_COUNT=$(cat ${MLC_RUN_DIR}/count.txt); echo ${MLC_MLPERF_RUN_COUNT}; MLC_MLPERF_RUN_COUNT=$((MLC_MLPERF_RUN_COUNT+1)); echo ${MLC_MLPERF_RUN_COUNT} > ${MLC_RUN_DIR}/count.txt; if [ ${MLC_MLPERF_RUN_COUNT} -eq 1 ]; then export MLC_MLPERF_USER_CONF="${MLC_MLPERF_RANGING_USER_CONF}"; else export MLC_MLPERF_USER_CONF="${MLC_MLPERF_TESTING_USER_CONF}"; fi ; /home/arjun/MLC/repos/gateoverflow@mlperf-automations/script/run-all-mlperf-models/run.out'
client 2025-02-27 22:26:04,164 [INFO] Sending command to the server: 'time'
client 2025-02-27 22:26:04,180 [INFO] Got response: '1740695163.9871342'
client 2025-02-27 22:26:04,180 [INFO] The time difference between the client and the server is within range 177.181 ms..193.213 ms
client 2025-02-27 22:26:04,180 [INFO] Sending command to the server: 'session,2025-02-27_22-10-10,stop,testing'
client 2025-02-27 22:26:15,242 [INFO] Got response: 'OK'
client 2025-02-27 22:26:15,242 [INFO] Sending command to the server: 'time'
client 2025-02-27 22:26:15,256 [INFO] Got response: '1740695175.0638282'
client 2025-02-27 22:26:15,256 [INFO] The time difference between the client and the server is within range 179.069 ms..192.801 ms
client 2025-02-27 22:26:15,257 [INFO] Copying loadgen logs from '/home/arjun/MLC/repos/local/cache/get-mlperf-inference-results-dir_e3f7a2f6/valid_results/mini-tflite_cpp-cpu-tflite-vmaster-with_live_preprocessing/mobilenet-v1-precision_float-0.25-128/singlestream/performance/run_1' to '/home/arjun/MLC/repos/local/cache/get-mlperf-inference-results-dir_e3f7a2f6/valid_results/mini-tflite_cpp-cpu-tflite-vmaster-with_live_preprocessing/mobilenet-v1-precision_float-0.25-128/singlestream/performance/tmp_power/run_1'
client 2025-02-27 22:26:15,258 [INFO] Done runs
