client 2025-02-27 03:40:24,705 [INFO] Creating output directory '/home/arjun/MLC/repos/local/cache/get-mlperf-inference-results-dir_e3f7a2f6/valid_results/mini-tflite_cpp-cpu-tflite-vmaster-default_config/mobilenet-v1-precision_uint8-1.0-128/singlestream/performance/tmp_power'
client 2025-02-27 03:40:24,713 [INFO] Sending command to the server: 'mlcommons/power client v3'
client 2025-02-27 03:40:24,724 [INFO] Got response: 'mlcommons/power server v3'
client 2025-02-27 03:40:24,725 [INFO] Synchronizing with the server and with time.google.com...
client 2025-02-27 03:40:24,748 [INFO] NTP:offset = -0.005 s, delay = 0.019 s 
client 2025-02-27 03:40:24,748 [INFO] Sending command to the server: 'time'
client 2025-02-27 03:40:24,762 [INFO] Got response: '1740627624.5750494'
client 2025-02-27 03:40:24,762 [INFO] The time difference between the client and the server is within range 173.918 ms..187.120 ms
client 2025-02-27 03:40:24,762 [INFO] Sending command to the server: 'new,,31a5c954-766d-4c74-86b4-967d54ce18eb'
client 2025-02-27 03:40:24,776 [INFO] Got response: 'OK 2025-02-27_03-40-24,e45fb395-63a0-43b3-828e-9813c601f6b5'
client 2025-02-27 03:40:24,776 [INFO] Session id is '2025-02-27_03-40-24'
client 2025-02-27 03:40:24,777 [INFO] Sources: {"sources": {"__init__.py": "da39a3ee5e6b4b0d3255bfef95601890afd80709", "client.py": "33ca4f26368777ac06e01f9567b714a4b8063886", "lib/__init__.py": "da39a3ee5e6b4b0d3255bfef95601890afd80709", "lib/client.py": "ac2aa093c8e8bbc9569b9e2a3471bc64e58a2258", "lib/common.py": "611d8b29633d331eb19c9455ea3b5fa3284ed6df", "lib/external/__init__.py": "da39a3ee5e6b4b0d3255bfef95601890afd80709", "lib/external/ntplib.py": "4da8f970656505a40483206ef2b5d3dd5e81711d", "lib/server.py": "9bc9a3b6b9b716520658ac175913bcbbdb354336", "lib/source_hashes.py": "60a2e02193209e8d392803326208d5466342da18", "lib/summary.py": "602a9fedfa503e5544d27ab3b0067f235047efc3", "lib/time_sync.py": "80894ef2389e540781ff78de94db16aa4203a14e", "server.py": "c3f90f2f7eeb4db30727556d0c815ebc89b3d28b", "tests/unit/__init__.py": "da39a3ee5e6b4b0d3255bfef95601890afd80709", "tests/unit/test_server.py": "948c1995d4008bc2aa6c4046a34ffa3858d6d671", "tests/unit/test_source_hashes.py": "00468a2907583c593e6574a1f6b404e4651c221a"}, "modules": {"ptd_client_server.lib.client": "lib/client.py", "ptd_client_server.lib.common": "lib/common.py", "ptd_client_server.lib.external.ntplib": "lib/external/ntplib.py", "ptd_client_server.lib.source_hashes": "lib/source_hashes.py", "ptd_client_server.lib.summary": "lib/summary.py", "ptd_client_server.lib.time_sync": "lib/time_sync.py"}}
client 2025-02-27 03:40:24,777 [INFO] Running workload in ranging mode
client 2025-02-27 03:40:24,777 [INFO] Synchronizing with the server and with time.google.com...
client 2025-02-27 03:40:24,796 [INFO] NTP:offset = -0.004 s, delay = 0.017 s 
client 2025-02-27 03:40:24,796 [INFO] Sending command to the server: 'time'
client 2025-02-27 03:40:24,810 [INFO] Got response: '1740627624.6235135'
client 2025-02-27 03:40:24,810 [INFO] The time difference between the client and the server is within range 172.935 ms..187.054 ms
client 2025-02-27 03:40:24,810 [INFO] Sending command to the server: 'session,2025-02-27_03-40-24,start,ranging'
client 2025-02-27 03:40:49,378 [INFO] Got response: 'OK'
client 2025-02-27 03:40:49,378 [INFO] Sending command to the server: 'time'
client 2025-02-27 03:40:49,391 [INFO] Got response: '1740627649.202928'
client 2025-02-27 03:40:49,391 [INFO] The time difference between the client and the server is within range 175.353 ms..188.541 ms
client 2025-02-27 03:40:49,391 [INFO] Running the workload ' MLC_MLPERF_RUN_COUNT=$(cat ${MLC_RUN_DIR}/count.txt); echo ${MLC_MLPERF_RUN_COUNT}; MLC_MLPERF_RUN_COUNT=$((MLC_MLPERF_RUN_COUNT+1)); echo ${MLC_MLPERF_RUN_COUNT} > ${MLC_RUN_DIR}/count.txt; if [ ${MLC_MLPERF_RUN_COUNT} -eq 1 ]; then export MLC_MLPERF_USER_CONF="${MLC_MLPERF_RANGING_USER_CONF}"; else export MLC_MLPERF_USER_CONF="${MLC_MLPERF_TESTING_USER_CONF}"; fi ; /home/arjun/MLC/repos/gateoverflow@mlperf-automations/script/run-all-mlperf-models/run.out'
client 2025-02-27 03:45:49,786 [INFO] Sending command to the server: 'time'
client 2025-02-27 03:45:49,800 [INFO] Got response: '1740627949.608797'
client 2025-02-27 03:45:49,800 [INFO] The time difference between the client and the server is within range 177.222 ms..192.117 ms
client 2025-02-27 03:45:49,801 [INFO] Sending command to the server: 'session,2025-02-27_03-40-24,stop,ranging'
client 2025-02-27 03:46:00,773 [INFO] Got response: 'OK'
client 2025-02-27 03:46:00,773 [INFO] Sending command to the server: 'time'
client 2025-02-27 03:46:00,787 [INFO] Got response: '1740627960.5956244'
client 2025-02-27 03:46:00,787 [INFO] The time difference between the client and the server is within range 178.127 ms..191.738 ms
client 2025-02-27 03:46:00,791 [INFO] Copying loadgen logs from '/home/arjun/MLC/repos/local/cache/get-mlperf-inference-results-dir_e3f7a2f6/valid_results/mini-tflite_cpp-cpu-tflite-vmaster-default_config/mobilenet-v1-precision_uint8-1.0-128/singlestream/performance/run_1' to '/home/arjun/MLC/repos/local/cache/get-mlperf-inference-results-dir_e3f7a2f6/valid_results/mini-tflite_cpp-cpu-tflite-vmaster-default_config/mobilenet-v1-precision_uint8-1.0-128/singlestream/performance/tmp_power/ranging'
client 2025-02-27 03:46:00,792 [INFO] Running workload in testing mode
client 2025-02-27 03:46:00,792 [INFO] Synchronizing with the server and with time.google.com...
client 2025-02-27 03:46:00,825 [INFO] NTP:offset = -0.004 s, delay = 0.021 s 
client 2025-02-27 03:46:00,825 [INFO] Sending command to the server: 'time'
client 2025-02-27 03:46:00,841 [INFO] Got response: '1740627960.6480165'
client 2025-02-27 03:46:00,841 [INFO] The time difference between the client and the server is within range 177.726 ms..193.805 ms
client 2025-02-27 03:46:00,841 [INFO] Sending command to the server: 'session,2025-02-27_03-40-24,start,testing'
client 2025-02-27 03:46:14,085 [INFO] Got response: 'OK'
client 2025-02-27 03:46:14,085 [INFO] Sending command to the server: 'time'
client 2025-02-27 03:46:14,098 [INFO] Got response: '1740627973.9056726'
client 2025-02-27 03:46:14,098 [INFO] The time difference between the client and the server is within range 179.948 ms..192.942 ms
client 2025-02-27 03:46:14,098 [INFO] Running the workload ' MLC_MLPERF_RUN_COUNT=$(cat ${MLC_RUN_DIR}/count.txt); echo ${MLC_MLPERF_RUN_COUNT}; MLC_MLPERF_RUN_COUNT=$((MLC_MLPERF_RUN_COUNT+1)); echo ${MLC_MLPERF_RUN_COUNT} > ${MLC_RUN_DIR}/count.txt; if [ ${MLC_MLPERF_RUN_COUNT} -eq 1 ]; then export MLC_MLPERF_USER_CONF="${MLC_MLPERF_RANGING_USER_CONF}"; else export MLC_MLPERF_USER_CONF="${MLC_MLPERF_TESTING_USER_CONF}"; fi ; /home/arjun/MLC/repos/gateoverflow@mlperf-automations/script/run-all-mlperf-models/run.out'
client 2025-02-27 03:56:14,490 [INFO] Sending command to the server: 'time'
client 2025-02-27 03:56:14,505 [INFO] Got response: '1740628574.3024437'
client 2025-02-27 03:56:14,505 [INFO] The time difference between the client and the server is within range 187.638 ms..202.710 ms
client 2025-02-27 03:56:14,505 [INFO] Sending command to the server: 'session,2025-02-27_03-40-24,stop,testing'
client 2025-02-27 03:56:25,414 [INFO] Got response: 'OK'
client 2025-02-27 03:56:25,414 [INFO] Sending command to the server: 'time'
client 2025-02-27 03:56:25,430 [INFO] Got response: '1740628585.2277377'
client 2025-02-27 03:56:25,430 [INFO] The time difference between the client and the server is within range 186.864 ms..202.477 ms
client 2025-02-27 03:56:25,430 [INFO] Copying loadgen logs from '/home/arjun/MLC/repos/local/cache/get-mlperf-inference-results-dir_e3f7a2f6/valid_results/mini-tflite_cpp-cpu-tflite-vmaster-default_config/mobilenet-v1-precision_uint8-1.0-128/singlestream/performance/run_1' to '/home/arjun/MLC/repos/local/cache/get-mlperf-inference-results-dir_e3f7a2f6/valid_results/mini-tflite_cpp-cpu-tflite-vmaster-default_config/mobilenet-v1-precision_uint8-1.0-128/singlestream/performance/tmp_power/run_1'
client 2025-02-27 03:56:25,431 [INFO] Done runs
