client 2025-02-26 18:00:17,364 [INFO] Creating output directory '/home/arjun/MLC/repos/local/cache/get-mlperf-inference-results-dir_e3f7a2f6/valid_results/mini-tflite_cpp-cpu-tflite-vmaster-default_config/mobilenet-v1-precision_float-0.25-128/singlestream/performance/tmp_power'
client 2025-02-26 18:00:17,375 [INFO] Sending command to the server: 'mlcommons/power client v3'
client 2025-02-26 18:00:17,383 [INFO] Got response: 'mlcommons/power server v3'
client 2025-02-26 18:00:17,384 [INFO] Synchronizing with the server and with time.google.com...
client 2025-02-26 18:00:17,420 [INFO] NTP:offset = -0.001 s, delay = 0.021 s 
client 2025-02-26 18:00:17,421 [INFO] Sending command to the server: 'time'
client 2025-02-26 18:00:17,431 [INFO] Got response: '1740592817.2598736'
client 2025-02-26 18:00:17,431 [INFO] The time difference between the client and the server is within range 161.187 ms..171.548 ms
client 2025-02-26 18:00:17,431 [INFO] Sending command to the server: 'new,,5f870154-5bf3-46d8-877e-ee071d36847d'
client 2025-02-26 18:00:17,442 [INFO] Got response: 'OK 2025-02-26_18-00-17,0b36f607-4f82-4ed4-9da5-a62f63ed09c1'
client 2025-02-26 18:00:17,442 [INFO] Session id is '2025-02-26_18-00-17'
client 2025-02-26 18:00:17,442 [INFO] Sources: {"sources": {"__init__.py": "da39a3ee5e6b4b0d3255bfef95601890afd80709", "client.py": "33ca4f26368777ac06e01f9567b714a4b8063886", "lib/__init__.py": "da39a3ee5e6b4b0d3255bfef95601890afd80709", "lib/client.py": "ac2aa093c8e8bbc9569b9e2a3471bc64e58a2258", "lib/common.py": "611d8b29633d331eb19c9455ea3b5fa3284ed6df", "lib/external/__init__.py": "da39a3ee5e6b4b0d3255bfef95601890afd80709", "lib/external/ntplib.py": "4da8f970656505a40483206ef2b5d3dd5e81711d", "lib/server.py": "9bc9a3b6b9b716520658ac175913bcbbdb354336", "lib/source_hashes.py": "60a2e02193209e8d392803326208d5466342da18", "lib/summary.py": "602a9fedfa503e5544d27ab3b0067f235047efc3", "lib/time_sync.py": "80894ef2389e540781ff78de94db16aa4203a14e", "server.py": "c3f90f2f7eeb4db30727556d0c815ebc89b3d28b", "tests/unit/__init__.py": "da39a3ee5e6b4b0d3255bfef95601890afd80709", "tests/unit/test_server.py": "948c1995d4008bc2aa6c4046a34ffa3858d6d671", "tests/unit/test_source_hashes.py": "00468a2907583c593e6574a1f6b404e4651c221a"}, "modules": {"ptd_client_server.lib.client": "lib/client.py", "ptd_client_server.lib.common": "lib/common.py", "ptd_client_server.lib.external.ntplib": "lib/external/ntplib.py", "ptd_client_server.lib.source_hashes": "lib/source_hashes.py", "ptd_client_server.lib.summary": "lib/summary.py", "ptd_client_server.lib.time_sync": "lib/time_sync.py"}}
client 2025-02-26 18:00:17,442 [INFO] Running workload in ranging mode
client 2025-02-26 18:00:17,443 [INFO] Synchronizing with the server and with time.google.com...
client 2025-02-26 18:00:17,470 [INFO] NTP:offset = 0.001 s, delay = 0.026 s 
client 2025-02-26 18:00:17,471 [INFO] Sending command to the server: 'time'
client 2025-02-26 18:00:17,482 [INFO] Got response: '1740592817.3105369'
client 2025-02-26 18:00:17,482 [INFO] The time difference between the client and the server is within range 160.592 ms..171.739 ms
client 2025-02-26 18:00:17,482 [INFO] Sending command to the server: 'session,2025-02-26_18-00-17,start,ranging'
client 2025-02-26 18:00:42,050 [INFO] Got response: 'OK'
client 2025-02-26 18:00:42,051 [INFO] Sending command to the server: 'time'
client 2025-02-26 18:00:42,062 [INFO] Got response: '1740592841.8904607'
client 2025-02-26 18:00:42,062 [INFO] The time difference between the client and the server is within range 160.699 ms..171.719 ms
client 2025-02-26 18:00:42,062 [INFO] Running the workload ' MLC_MLPERF_RUN_COUNT=$(cat ${MLC_RUN_DIR}/count.txt); echo ${MLC_MLPERF_RUN_COUNT}; MLC_MLPERF_RUN_COUNT=$((MLC_MLPERF_RUN_COUNT+1)); echo ${MLC_MLPERF_RUN_COUNT} > ${MLC_RUN_DIR}/count.txt; if [ ${MLC_MLPERF_RUN_COUNT} -eq 1 ]; then export MLC_MLPERF_USER_CONF="${MLC_MLPERF_RANGING_USER_CONF}"; else export MLC_MLPERF_USER_CONF="${MLC_MLPERF_TESTING_USER_CONF}"; fi ; /home/arjun/MLC/repos/gateoverflow@mlperf-automations/script/run-all-mlperf-models/run.out'
client 2025-02-26 18:05:45,037 [INFO] Sending command to the server: 'time'
client 2025-02-26 18:05:45,052 [INFO] Got response: '1740593144.8742433'
client 2025-02-26 18:05:45,053 [INFO] The time difference between the client and the server is within range 163.451 ms..178.795 ms
client 2025-02-26 18:05:45,053 [INFO] Sending command to the server: 'session,2025-02-26_18-00-17,stop,ranging'
client 2025-02-26 18:05:56,430 [INFO] Got response: 'OK'
client 2025-02-26 18:05:56,430 [INFO] Sending command to the server: 'time'
client 2025-02-26 18:05:56,445 [INFO] Got response: '1740593156.2649715'
client 2025-02-26 18:05:56,445 [INFO] The time difference between the client and the server is within range 165.503 ms..180.626 ms
client 2025-02-26 18:05:56,449 [INFO] Copying loadgen logs from '/home/arjun/MLC/repos/local/cache/get-mlperf-inference-results-dir_e3f7a2f6/valid_results/mini-tflite_cpp-cpu-tflite-vmaster-default_config/mobilenet-v1-precision_float-0.25-128/singlestream/performance/run_1' to '/home/arjun/MLC/repos/local/cache/get-mlperf-inference-results-dir_e3f7a2f6/valid_results/mini-tflite_cpp-cpu-tflite-vmaster-default_config/mobilenet-v1-precision_float-0.25-128/singlestream/performance/tmp_power/ranging'
client 2025-02-26 18:05:56,450 [INFO] Running workload in testing mode
client 2025-02-26 18:05:56,450 [INFO] Synchronizing with the server and with time.google.com...
client 2025-02-26 18:05:56,470 [INFO] NTP:offset = -0.004 s, delay = 0.019 s 
client 2025-02-26 18:05:56,470 [INFO] Sending command to the server: 'time'
client 2025-02-26 18:05:56,485 [INFO] Got response: '1740593156.305487'
client 2025-02-26 18:05:56,485 [INFO] The time difference between the client and the server is within range 164.987 ms..179.837 ms
client 2025-02-26 18:05:56,485 [INFO] Sending command to the server: 'session,2025-02-26_18-00-17,start,testing'
client 2025-02-26 18:06:09,741 [INFO] Got response: 'OK'
client 2025-02-26 18:06:09,741 [INFO] Sending command to the server: 'time'
client 2025-02-26 18:06:09,752 [INFO] Got response: '1740593169.5730667'
client 2025-02-26 18:06:09,752 [INFO] The time difference between the client and the server is within range 168.403 ms..179.317 ms
client 2025-02-26 18:06:09,752 [INFO] Running the workload ' MLC_MLPERF_RUN_COUNT=$(cat ${MLC_RUN_DIR}/count.txt); echo ${MLC_MLPERF_RUN_COUNT}; MLC_MLPERF_RUN_COUNT=$((MLC_MLPERF_RUN_COUNT+1)); echo ${MLC_MLPERF_RUN_COUNT} > ${MLC_RUN_DIR}/count.txt; if [ ${MLC_MLPERF_RUN_COUNT} -eq 1 ]; then export MLC_MLPERF_USER_CONF="${MLC_MLPERF_RANGING_USER_CONF}"; else export MLC_MLPERF_USER_CONF="${MLC_MLPERF_TESTING_USER_CONF}"; fi ; /home/arjun/MLC/repos/gateoverflow@mlperf-automations/script/run-all-mlperf-models/run.out'
client 2025-02-26 18:16:15,180 [INFO] Sending command to the server: 'time'
client 2025-02-26 18:16:15,201 [INFO] Got response: '1740593775.010669'
client 2025-02-26 18:16:15,201 [INFO] The time difference between the client and the server is within range 169.756 ms..191.125 ms
client 2025-02-26 18:16:15,201 [INFO] Sending command to the server: 'session,2025-02-26_18-00-17,stop,testing'
client 2025-02-26 18:16:26,297 [INFO] Got response: 'OK'
client 2025-02-26 18:16:26,297 [INFO] Sending command to the server: 'time'
client 2025-02-26 18:16:26,311 [INFO] Got response: '1740593786.120565'
client 2025-02-26 18:16:26,311 [INFO] The time difference between the client and the server is within range 177.324 ms..190.776 ms
client 2025-02-26 18:16:26,312 [INFO] Copying loadgen logs from '/home/arjun/MLC/repos/local/cache/get-mlperf-inference-results-dir_e3f7a2f6/valid_results/mini-tflite_cpp-cpu-tflite-vmaster-default_config/mobilenet-v1-precision_float-0.25-128/singlestream/performance/run_1' to '/home/arjun/MLC/repos/local/cache/get-mlperf-inference-results-dir_e3f7a2f6/valid_results/mini-tflite_cpp-cpu-tflite-vmaster-default_config/mobilenet-v1-precision_float-0.25-128/singlestream/performance/tmp_power/run_1'
client 2025-02-26 18:16:26,312 [INFO] Done runs
