Graph file: /home/ubuntu/MLC/repos/local/cache/get-ml-model-efficientnet-lite_947ab171/efficientnet-lite1/efficientnet-lite1-fp32.tflite
Image dir: /home/ubuntu/MLC/repos/local/cache/get-preprocessed-dataset-imagenet_73c730a3
Image list: /home/ubuntu/MLC/repos/local/cache/get-preprocessed-dataset-imagenet_73c730a3/preprocessed_files.txt
Image size: 240
Image channels: 3
Prediction classes: 1000
Result dir: /home/ubuntu/MLC/repos/local/cache/get-mlperf-inference-results-dir_9f8445db/valid_results/i_06a0fc1c2eadb7d9f-tflite_cpp-cpu-tflite-vmaster-default_config/efficientnet-fp32-lite1/singlestream/performance/run_1
How many images fit in memory buffer: 1024
Normalize: 1
Subtract mean: 0
Run time preprocessing: 0
Number of Threads: 2
Number of available imagefiles: 50000

Loading graph...
INFO: Created TensorFlow Lite XNNPACK delegate for CPU.
Input tensor dimensions (NHWC): 1*240*240*3
Output tensor dimensions: 1*1000
Path to user.conf : /home/ubuntu/MLC/repos/gateoverflow@mlperf-automations/script/generate-mlperf-inference-user-conf/tmp/b08a898b44d4462d83e61fc49c397a9f.conf
Model Name: efficientnet
LoadGen Scenario: SingleStream
LoadGen Mode: performance
