Couldn't find any of the following OpenCL library: libOpenCL.so libGLES_mali.so libmali.so 
Graph file: /home/ubuntu/MLC/repos/local/cache/get-ml-model-mobilenet_144eccba/mobilenet_v1_0.5_192.tflite
Image dir: /home/ubuntu/MLC/repos/local/cache/get-preprocessed-dataset-imagenet_5ce20007
Image list: /home/ubuntu/MLC/repos/local/cache/get-preprocessed-dataset-imagenet_5ce20007/preprocessed_files.txt
Image size: 192
Image channels: 3
Prediction classes: 1000
Result dir: /home/ubuntu/MLC/repos/local/cache/get-mlperf-inference-results-dir_50b75c1c/valid_results/i_0146cad506db24229-tflite_armnn_cpp-cpu-armnn_tflite-v23.11-using_neon_with_live_preprocessing/mobilenet-v1-precision_float-0.5-192/singlestream/accuracy
How many images fit in memory buffer: 1024
Normalize: 1
Subtract mean: 0
Run time preprocessing: 1
Number of Threads: 2
Number of available imagefiles: 50000

Loading graph...
************* Type 2
Output tensor dimensions: 1*1001
Path to mlperf.conf : /home/ubuntu/MLC/repos/local/cache/get-git-repo_667b791b/inference/mlperf.conf
Path to user.conf : /home/ubuntu/MLC/repos/gateoverflow@mlperf-automations/script/generate-mlperf-inference-user-conf/tmp/4b9b02a427404348b672e4c4f483dd3a.conf
Model Name: mobilenet
LoadGen Scenario: SingleStream
LoadGen Mode: accuracy
