Graph file: /home/ubuntu/MLC/repos/local/cache/get-ml-model-mobilenet_84361565/v2_192_100/model.tflite
Image dir: /home/ubuntu/MLC/repos/local/cache/get-preprocessed-dataset-imagenet_b500a0de
Image list: /home/ubuntu/MLC/repos/local/cache/get-preprocessed-dataset-imagenet_b500a0de/preprocessed_files.txt
Image size: 192
Image channels: 3
Prediction classes: 1000
Result dir: /home/ubuntu/MLC/repos/local/cache/get-mlperf-inference-results-dir_47cc95f3/valid_results/i_039e1e7592c097660-tflite_cpp-cpu-tflite-vmaster-default_config/mobilenet-v2-precision_uint8-1.0-192/singlestream/performance/run_1
How many images fit in memory buffer: 1024
Normalize: 1
Subtract mean: 0
Run time preprocessing: 1
Number of Threads: 4
Number of available imagefiles: 50000

Loading graph...
INFO: Created TensorFlow Lite XNNPACK delegate for CPU.
Input tensor dimensions (NHWC): 1*192*192*3
Output tensor dimensions: 1*1001
Path to user.conf : /home/ubuntu/MLC/repos/gateoverflow@mlperf-automations/script/generate-mlperf-inference-user-conf/tmp/dd121559388b45c5bd423514e172ba2b.conf
Model Name: mobilenet
LoadGen Scenario: SingleStream
LoadGen Mode: performance
