Graph file: /home/mlcuser/MLC/repos/local/cache/get-ml-model-efficientnet-lite_edd23735/efficientnet-lite4/efficientnet-lite4-fp32.tflite
Image dir: /home/mlcuser/MLC/repos/local/cache/get-preprocessed-dataset-imagenet_af1186c9
Image list: /home/mlcuser/MLC/repos/local/cache/get-preprocessed-dataset-imagenet_af1186c9/preprocessed_files.txt
Image size: 300
Image channels: 3
Prediction classes: 1000
Result dir: /home/mlcuser/MLC/repos/local/cache/get-mlperf-inference-results-dir_37516274/valid_results/ad646a7dd6e1-tflite_cpp-cpu-tflite-vmaster-with_live_preprocessing/efficientnet-fp32-lite4/singlestream/accuracy
How many images fit in memory buffer: 1024
Normalize: 1
Subtract mean: 0
Run time preprocessing: 1
Number of Threads: 32
Number of available imagefiles: 50000

Loading graph...
INFO: Created TensorFlow Lite XNNPACK delegate for CPU.
Input tensor dimensions (NHWC): 1*300*300*3
Output tensor dimensions: 1*1000
Path to user.conf : /home/mlcuser/MLC/repos/gateoverflow@mlperf-automations/script/generate-mlperf-inference-user-conf/tmp/d58b9cd90ea543bbacd3bad8759c2278.conf
Model Name: efficientnet
LoadGen Scenario: SingleStream
LoadGen Mode: accuracy
