client 2025-02-27 05:16:42,413 [INFO] Creating output directory '/home/arjun/MLC/repos/local/cache/get-mlperf-inference-results-dir_e3f7a2f6/valid_results/mini-tflite_cpp-cpu-tflite-vmaster-default_config/mobilenet-v1-precision_uint8-0.5-224/singlestream/performance/tmp_power'
client 2025-02-27 05:16:42,421 [INFO] Sending command to the server: 'mlcommons/power client v3'
client 2025-02-27 05:16:42,434 [INFO] Got response: 'mlcommons/power server v3'
client 2025-02-27 05:16:42,435 [INFO] Synchronizing with the server and with time.google.com...
client 2025-02-27 05:16:42,456 [INFO] NTP:offset = -0.003 s, delay = 0.018 s 
client 2025-02-27 05:16:42,456 [INFO] Sending command to the server: 'time'
client 2025-02-27 05:16:42,469 [INFO] Got response: '1740633402.180959'
client 2025-02-27 05:16:42,469 [INFO] The time difference between the client and the server is within range 275.957 ms..288.410 ms
client 2025-02-27 05:16:42,469 [INFO] Sending command to the server: 'new,,10e25e98-27ae-461b-86ff-47d480ab6f3d'
client 2025-02-27 05:16:42,483 [INFO] Got response: 'OK 2025-02-27_05-16-42,a1747c9b-553b-40f8-93f1-05330dbad9e3'
client 2025-02-27 05:16:42,484 [INFO] Session id is '2025-02-27_05-16-42'
client 2025-02-27 05:16:42,484 [INFO] Sources: {"sources": {"__init__.py": "da39a3ee5e6b4b0d3255bfef95601890afd80709", "client.py": "33ca4f26368777ac06e01f9567b714a4b8063886", "lib/__init__.py": "da39a3ee5e6b4b0d3255bfef95601890afd80709", "lib/client.py": "ac2aa093c8e8bbc9569b9e2a3471bc64e58a2258", "lib/common.py": "611d8b29633d331eb19c9455ea3b5fa3284ed6df", "lib/external/__init__.py": "da39a3ee5e6b4b0d3255bfef95601890afd80709", "lib/external/ntplib.py": "4da8f970656505a40483206ef2b5d3dd5e81711d", "lib/server.py": "9bc9a3b6b9b716520658ac175913bcbbdb354336", "lib/source_hashes.py": "60a2e02193209e8d392803326208d5466342da18", "lib/summary.py": "602a9fedfa503e5544d27ab3b0067f235047efc3", "lib/time_sync.py": "80894ef2389e540781ff78de94db16aa4203a14e", "server.py": "c3f90f2f7eeb4db30727556d0c815ebc89b3d28b", "tests/unit/__init__.py": "da39a3ee5e6b4b0d3255bfef95601890afd80709", "tests/unit/test_server.py": "948c1995d4008bc2aa6c4046a34ffa3858d6d671", "tests/unit/test_source_hashes.py": "00468a2907583c593e6574a1f6b404e4651c221a"}, "modules": {"ptd_client_server.lib.client": "lib/client.py", "ptd_client_server.lib.common": "lib/common.py", "ptd_client_server.lib.external.ntplib": "lib/external/ntplib.py", "ptd_client_server.lib.source_hashes": "lib/source_hashes.py", "ptd_client_server.lib.summary": "lib/summary.py", "ptd_client_server.lib.time_sync": "lib/time_sync.py"}}
client 2025-02-27 05:16:42,484 [INFO] Running workload in ranging mode
client 2025-02-27 05:16:42,484 [INFO] Synchronizing with the server and with time.google.com...
client 2025-02-27 05:16:42,505 [INFO] NTP:offset = -0.003 s, delay = 0.020 s 
client 2025-02-27 05:16:42,506 [INFO] Sending command to the server: 'time'
client 2025-02-27 05:16:42,519 [INFO] Got response: '1740633402.2308252'
client 2025-02-27 05:16:42,519 [INFO] The time difference between the client and the server is within range 275.218 ms..288.625 ms
client 2025-02-27 05:16:42,519 [INFO] Sending command to the server: 'session,2025-02-27_05-16-42,start,ranging'
client 2025-02-27 05:17:07,150 [INFO] Got response: 'OK'
client 2025-02-27 05:17:07,151 [INFO] Sending command to the server: 'time'
client 2025-02-27 05:17:07,159 [INFO] Got response: '1740633426.8729997'
client 2025-02-27 05:17:07,159 [INFO] The time difference between the client and the server is within range 278.050 ms..286.837 ms
client 2025-02-27 05:17:07,159 [INFO] Running the workload ' MLC_MLPERF_RUN_COUNT=$(cat ${MLC_RUN_DIR}/count.txt); echo ${MLC_MLPERF_RUN_COUNT}; MLC_MLPERF_RUN_COUNT=$((MLC_MLPERF_RUN_COUNT+1)); echo ${MLC_MLPERF_RUN_COUNT} > ${MLC_RUN_DIR}/count.txt; if [ ${MLC_MLPERF_RUN_COUNT} -eq 1 ]; then export MLC_MLPERF_USER_CONF="${MLC_MLPERF_RANGING_USER_CONF}"; else export MLC_MLPERF_USER_CONF="${MLC_MLPERF_TESTING_USER_CONF}"; fi ; /home/arjun/MLC/repos/gateoverflow@mlperf-automations/script/run-all-mlperf-models/run.out'
client 2025-02-27 05:22:07,837 [INFO] Sending command to the server: 'time'
client 2025-02-27 05:22:07,851 [INFO] Got response: '1740633727.5570617'
client 2025-02-27 05:22:07,851 [INFO] The time difference between the client and the server is within range 280.501 ms..294.333 ms
client 2025-02-27 05:22:07,851 [INFO] Sending command to the server: 'session,2025-02-27_05-16-42,stop,ranging'
client 2025-02-27 05:22:18,533 [INFO] Got response: 'OK'
client 2025-02-27 05:22:18,533 [INFO] Sending command to the server: 'time'
client 2025-02-27 05:22:18,548 [INFO] Got response: '1740633738.2543185'
client 2025-02-27 05:22:18,549 [INFO] The time difference between the client and the server is within range 279.145 ms..294.682 ms
client 2025-02-27 05:22:18,553 [INFO] Copying loadgen logs from '/home/arjun/MLC/repos/local/cache/get-mlperf-inference-results-dir_e3f7a2f6/valid_results/mini-tflite_cpp-cpu-tflite-vmaster-default_config/mobilenet-v1-precision_uint8-0.5-224/singlestream/performance/run_1' to '/home/arjun/MLC/repos/local/cache/get-mlperf-inference-results-dir_e3f7a2f6/valid_results/mini-tflite_cpp-cpu-tflite-vmaster-default_config/mobilenet-v1-precision_uint8-0.5-224/singlestream/performance/tmp_power/ranging'
client 2025-02-27 05:22:18,553 [INFO] Running workload in testing mode
client 2025-02-27 05:22:18,553 [INFO] Synchronizing with the server and with time.google.com...
client 2025-02-27 05:22:18,577 [INFO] NTP:offset = -0.002 s, delay = 0.022 s 
client 2025-02-27 05:22:18,577 [INFO] Sending command to the server: 'time'
client 2025-02-27 05:22:18,592 [INFO] Got response: '1740633738.2979116'
client 2025-02-27 05:22:18,593 [INFO] The time difference between the client and the server is within range 279.608 ms..295.099 ms
client 2025-02-27 05:22:18,593 [INFO] Sending command to the server: 'session,2025-02-27_05-16-42,start,testing'
client 2025-02-27 05:22:31,844 [INFO] Got response: 'OK'
client 2025-02-27 05:22:31,844 [INFO] Sending command to the server: 'time'
client 2025-02-27 05:22:31,856 [INFO] Got response: '1740633751.5618036'
client 2025-02-27 05:22:31,856 [INFO] The time difference between the client and the server is within range 282.970 ms..294.958 ms
client 2025-02-27 05:22:31,856 [INFO] Running the workload ' MLC_MLPERF_RUN_COUNT=$(cat ${MLC_RUN_DIR}/count.txt); echo ${MLC_MLPERF_RUN_COUNT}; MLC_MLPERF_RUN_COUNT=$((MLC_MLPERF_RUN_COUNT+1)); echo ${MLC_MLPERF_RUN_COUNT} > ${MLC_RUN_DIR}/count.txt; if [ ${MLC_MLPERF_RUN_COUNT} -eq 1 ]; then export MLC_MLPERF_USER_CONF="${MLC_MLPERF_RANGING_USER_CONF}"; else export MLC_MLPERF_USER_CONF="${MLC_MLPERF_TESTING_USER_CONF}"; fi ; /home/arjun/MLC/repos/gateoverflow@mlperf-automations/script/run-all-mlperf-models/run.out'
client 2025-02-27 05:32:32,457 [INFO] Sending command to the server: 'time'
client 2025-02-27 05:32:32,474 [INFO] Got response: '1740634352.1667042'
client 2025-02-27 05:32:32,474 [INFO] The time difference between the client and the server is within range 290.725 ms..307.759 ms
client 2025-02-27 05:32:32,474 [INFO] Sending command to the server: 'session,2025-02-27_05-16-42,stop,testing'
client 2025-02-27 05:32:42,971 [INFO] Got response: 'OK'
client 2025-02-27 05:32:42,971 [INFO] Sending command to the server: 'time'
client 2025-02-27 05:32:42,985 [INFO] Got response: '1740634362.6790347'
client 2025-02-27 05:32:42,986 [INFO] The time difference between the client and the server is within range 292.755 ms..307.076 ms
client 2025-02-27 05:32:42,987 [INFO] Copying loadgen logs from '/home/arjun/MLC/repos/local/cache/get-mlperf-inference-results-dir_e3f7a2f6/valid_results/mini-tflite_cpp-cpu-tflite-vmaster-default_config/mobilenet-v1-precision_uint8-0.5-224/singlestream/performance/run_1' to '/home/arjun/MLC/repos/local/cache/get-mlperf-inference-results-dir_e3f7a2f6/valid_results/mini-tflite_cpp-cpu-tflite-vmaster-default_config/mobilenet-v1-precision_uint8-0.5-224/singlestream/performance/tmp_power/run_1'
client 2025-02-27 05:32:42,987 [INFO] Done runs
