Graph file: /home/sujithmenon2288/MLC/repos/local/cache/get-ml-model-mobilenet_e718c688/v2_224_100/model.tflite
Image dir: /home/sujithmenon2288/MLC/repos/local/cache/get-preprocessed-dataset-imagenet_88a288ce
Image list: /home/sujithmenon2288/MLC/repos/local/cache/get-preprocessed-dataset-imagenet_88a288ce/preprocessed_files.txt
Image size: 224
Image channels: 3
Prediction classes: 1000
Result dir: /home/sujithmenon2288/MLC/repos/local/cache/get-mlperf-inference-results-dir_520783ea/valid_results/mlpref_2025-tflite_cpp-cpu-tflite-vmaster-default_config/mobilenet-v2-precision_uint8-1.0-224/singlestream/accuracy
How many images fit in memory buffer: 1024
Normalize: 1
Subtract mean: 0
Run time preprocessing: 1
Number of Threads: 4
Number of available imagefiles: 50000

Loading graph...
INFO: Created TensorFlow Lite XNNPACK delegate for CPU.
Input tensor dimensions (NHWC): 1*224*224*3
Output tensor dimensions: 1*1001
Path to user.conf : /home/sujithmenon2288/MLC/repos/mlcommons@mlperf-automations/script/generate-mlperf-inference-user-conf/tmp/c7ab9190a83b49c1b06e30a84a79d6e2.conf
Model Name: mobilenet
LoadGen Scenario: SingleStream
LoadGen Mode: accuracy
