client 2025-02-26 21:32:37,374 [INFO] Creating output directory '/home/arjun/MLC/repos/local/cache/get-mlperf-inference-results-dir_e3f7a2f6/valid_results/mini-tflite_cpp-cpu-tflite-vmaster-default_config/mobilenet-v2-precision_float-0.5-192/singlestream/performance/tmp_power'
client 2025-02-26 21:32:37,383 [INFO] Sending command to the server: 'mlcommons/power client v3'
client 2025-02-26 21:32:37,393 [INFO] Got response: 'mlcommons/power server v3'
client 2025-02-26 21:32:37,393 [INFO] Synchronizing with the server and with time.google.com...
client 2025-02-26 21:32:37,417 [INFO] NTP:offset = -0.002 s, delay = 0.020 s 
client 2025-02-26 21:32:37,418 [INFO] Sending command to the server: 'time'
client 2025-02-26 21:32:37,433 [INFO] Got response: '1740605557.016614'
client 2025-02-26 21:32:37,433 [INFO] The time difference between the client and the server is within range 401.538 ms..417.348 ms
client 2025-02-26 21:32:37,434 [WARNING] The time difference between the client and the server is more than 400 ms
client 2025-02-26 21:32:37,434 [INFO] Sending command to the server: 'set_ntp'
client 2025-02-26 21:32:38,892 [INFO] Got response: 'OK'
client 2025-02-26 21:32:38,892 [INFO] Synchronizing with time.google.com time using NTP...
client 2025-02-26 21:32:40,122 [INFO] Set system time at 2025-02-26 21:32:40.121908
client 2025-02-26 21:32:40,148 [INFO] NTP:offset = 0.001 s, delay = 0.020 s 
client 2025-02-26 21:32:40,149 [INFO] Sending command to the server: 'time'
client 2025-02-26 21:32:40,162 [INFO] Got response: '1740605560.15667'
client 2025-02-26 21:32:40,162 [INFO] The time difference between the client and the server is within range -7.524 ms..5.983 ms
client 2025-02-26 21:32:40,162 [INFO] Sending command to the server: 'new,,be45002b-d429-438f-a5e0-4ee58b1343b7'
client 2025-02-26 21:32:40,173 [INFO] Got response: 'OK 2025-02-26_21-32-40,1d387b8a-6ef7-4924-826b-e3f8aeb51ec4'
client 2025-02-26 21:32:40,173 [INFO] Session id is '2025-02-26_21-32-40'
client 2025-02-26 21:32:40,174 [INFO] Sources: {"sources": {"__init__.py": "da39a3ee5e6b4b0d3255bfef95601890afd80709", "client.py": "33ca4f26368777ac06e01f9567b714a4b8063886", "lib/__init__.py": "da39a3ee5e6b4b0d3255bfef95601890afd80709", "lib/client.py": "ac2aa093c8e8bbc9569b9e2a3471bc64e58a2258", "lib/common.py": "611d8b29633d331eb19c9455ea3b5fa3284ed6df", "lib/external/__init__.py": "da39a3ee5e6b4b0d3255bfef95601890afd80709", "lib/external/ntplib.py": "4da8f970656505a40483206ef2b5d3dd5e81711d", "lib/server.py": "9bc9a3b6b9b716520658ac175913bcbbdb354336", "lib/source_hashes.py": "60a2e02193209e8d392803326208d5466342da18", "lib/summary.py": "602a9fedfa503e5544d27ab3b0067f235047efc3", "lib/time_sync.py": "80894ef2389e540781ff78de94db16aa4203a14e", "server.py": "c3f90f2f7eeb4db30727556d0c815ebc89b3d28b", "tests/unit/__init__.py": "da39a3ee5e6b4b0d3255bfef95601890afd80709", "tests/unit/test_server.py": "948c1995d4008bc2aa6c4046a34ffa3858d6d671", "tests/unit/test_source_hashes.py": "00468a2907583c593e6574a1f6b404e4651c221a"}, "modules": {"ptd_client_server.lib.client": "lib/client.py", "ptd_client_server.lib.common": "lib/common.py", "ptd_client_server.lib.external.ntplib": "lib/external/ntplib.py", "ptd_client_server.lib.source_hashes": "lib/source_hashes.py", "ptd_client_server.lib.summary": "lib/summary.py", "ptd_client_server.lib.time_sync": "lib/time_sync.py"}}
client 2025-02-26 21:32:40,174 [INFO] Running workload in ranging mode
client 2025-02-26 21:32:40,174 [INFO] Synchronizing with the server and with time.google.com...
client 2025-02-26 21:32:40,194 [INFO] NTP:offset = -0.000 s, delay = 0.018 s 
client 2025-02-26 21:32:40,194 [INFO] Sending command to the server: 'time'
client 2025-02-26 21:32:40,206 [INFO] Got response: '1740605560.198358'
client 2025-02-26 21:32:40,206 [INFO] The time difference between the client and the server is within range -4.161 ms..8.193 ms
client 2025-02-26 21:32:40,206 [INFO] Sending command to the server: 'session,2025-02-26_21-32-40,start,ranging'
client 2025-02-26 21:33:04,799 [INFO] Got response: 'OK'
client 2025-02-26 21:33:04,799 [INFO] Sending command to the server: 'time'
client 2025-02-26 21:33:04,812 [INFO] Got response: '1740605584.7999425'
client 2025-02-26 21:33:04,813 [INFO] The time difference between the client and the server is within range -0.529 ms..13.134 ms
client 2025-02-26 21:33:04,813 [INFO] Running the workload ' MLC_MLPERF_RUN_COUNT=$(cat ${MLC_RUN_DIR}/count.txt); echo ${MLC_MLPERF_RUN_COUNT}; MLC_MLPERF_RUN_COUNT=$((MLC_MLPERF_RUN_COUNT+1)); echo ${MLC_MLPERF_RUN_COUNT} > ${MLC_RUN_DIR}/count.txt; if [ ${MLC_MLPERF_RUN_COUNT} -eq 1 ]; then export MLC_MLPERF_USER_CONF="${MLC_MLPERF_RANGING_USER_CONF}"; else export MLC_MLPERF_USER_CONF="${MLC_MLPERF_TESTING_USER_CONF}"; fi ; /home/arjun/MLC/repos/gateoverflow@mlperf-automations/script/run-all-mlperf-models/run.out'
client 2025-02-26 21:38:06,089 [INFO] Sending command to the server: 'time'
client 2025-02-26 21:38:06,106 [INFO] Got response: '1740605886.0851064'
client 2025-02-26 21:38:06,106 [INFO] The time difference between the client and the server is within range 4.585 ms..21.364 ms
client 2025-02-26 21:38:06,106 [INFO] Sending command to the server: 'session,2025-02-26_21-32-40,stop,ranging'
client 2025-02-26 21:38:17,021 [INFO] Got response: 'OK'
client 2025-02-26 21:38:17,021 [INFO] Sending command to the server: 'time'
client 2025-02-26 21:38:17,032 [INFO] Got response: '1740605897.0120194'
client 2025-02-26 21:38:17,032 [INFO] The time difference between the client and the server is within range 9.650 ms..20.366 ms
client 2025-02-26 21:38:17,036 [INFO] Copying loadgen logs from '/home/arjun/MLC/repos/local/cache/get-mlperf-inference-results-dir_e3f7a2f6/valid_results/mini-tflite_cpp-cpu-tflite-vmaster-default_config/mobilenet-v2-precision_float-0.5-192/singlestream/performance/run_1' to '/home/arjun/MLC/repos/local/cache/get-mlperf-inference-results-dir_e3f7a2f6/valid_results/mini-tflite_cpp-cpu-tflite-vmaster-default_config/mobilenet-v2-precision_float-0.5-192/singlestream/performance/tmp_power/ranging'
client 2025-02-26 21:38:17,037 [INFO] Running workload in testing mode
client 2025-02-26 21:38:17,037 [INFO] Synchronizing with the server and with time.google.com...
client 2025-02-26 21:38:17,057 [INFO] NTP:offset = -0.008 s, delay = 0.019 s 
client 2025-02-26 21:38:17,057 [INFO] Sending command to the server: 'time'
client 2025-02-26 21:38:17,070 [INFO] Got response: '1740605897.0488162'
client 2025-02-26 21:38:17,070 [INFO] The time difference between the client and the server is within range 8.646 ms..21.539 ms
client 2025-02-26 21:38:17,070 [INFO] Sending command to the server: 'session,2025-02-26_21-32-40,start,testing'
client 2025-02-26 21:38:30,232 [INFO] Got response: 'OK'
client 2025-02-26 21:38:30,232 [INFO] Sending command to the server: 'time'
client 2025-02-26 21:38:30,243 [INFO] Got response: '1740605910.221701'
client 2025-02-26 21:38:30,243 [INFO] The time difference between the client and the server is within range 10.717 ms..21.646 ms
client 2025-02-26 21:38:30,243 [INFO] Running the workload ' MLC_MLPERF_RUN_COUNT=$(cat ${MLC_RUN_DIR}/count.txt); echo ${MLC_MLPERF_RUN_COUNT}; MLC_MLPERF_RUN_COUNT=$((MLC_MLPERF_RUN_COUNT+1)); echo ${MLC_MLPERF_RUN_COUNT} > ${MLC_RUN_DIR}/count.txt; if [ ${MLC_MLPERF_RUN_COUNT} -eq 1 ]; then export MLC_MLPERF_USER_CONF="${MLC_MLPERF_RANGING_USER_CONF}"; else export MLC_MLPERF_USER_CONF="${MLC_MLPERF_TESTING_USER_CONF}"; fi ; /home/arjun/MLC/repos/gateoverflow@mlperf-automations/script/run-all-mlperf-models/run.out'
client 2025-02-26 21:48:31,859 [INFO] Sending command to the server: 'time'
client 2025-02-26 21:48:31,874 [INFO] Got response: '1740606511.8345957'
client 2025-02-26 21:48:31,874 [INFO] The time difference between the client and the server is within range 24.411 ms..40.366 ms
client 2025-02-26 21:48:31,875 [INFO] Sending command to the server: 'session,2025-02-26_21-32-40,stop,testing'
client 2025-02-26 21:48:42,489 [INFO] Got response: 'OK'
client 2025-02-26 21:48:42,489 [INFO] Sending command to the server: 'time'
client 2025-02-26 21:48:42,500 [INFO] Got response: '1740606522.4603686'
client 2025-02-26 21:48:42,501 [INFO] The time difference between the client and the server is within range 29.143 ms..40.819 ms
client 2025-02-26 21:48:42,502 [INFO] Copying loadgen logs from '/home/arjun/MLC/repos/local/cache/get-mlperf-inference-results-dir_e3f7a2f6/valid_results/mini-tflite_cpp-cpu-tflite-vmaster-default_config/mobilenet-v2-precision_float-0.5-192/singlestream/performance/run_1' to '/home/arjun/MLC/repos/local/cache/get-mlperf-inference-results-dir_e3f7a2f6/valid_results/mini-tflite_cpp-cpu-tflite-vmaster-default_config/mobilenet-v2-precision_float-0.5-192/singlestream/performance/tmp_power/run_1'
client 2025-02-26 21:48:42,502 [INFO] Done runs
