Couldn't find any of the following OpenCL library: libOpenCL.so libGLES_mali.so libmali.so 
Graph file: /home/ubuntu/MLC/repos/local/cache/get-ml-model-mobilenet_85159fbd/mobilenet_v1_1.0_160.tflite
Image dir: /home/ubuntu/MLC/repos/local/cache/get-preprocessed-dataset-imagenet_a5f630c1
Image list: /home/ubuntu/MLC/repos/local/cache/get-preprocessed-dataset-imagenet_a5f630c1/preprocessed_files.txt
Image size: 160
Image channels: 3
Prediction classes: 1000
Result dir: /home/ubuntu/MLC/repos/local/cache/get-mlperf-inference-results-dir_190836f5/valid_results/i_0b34e15bb23c33420-tflite_armnn_cpp-cpu-armnn_tflite-v23.11-using_neon/mobilenet-v1-precision_float-1.0-160/singlestream/performance/run_1
How many images fit in memory buffer: 1024
Normalize: 1
Subtract mean: 0
Run time preprocessing: 0
Number of Threads: 8
Number of available imagefiles: 50000

Loading graph...
************* Type 1
Output tensor dimensions: 1*1001
Path to mlperf.conf : /home/ubuntu/MLC/repos/local/cache/get-git-repo_90cea655/inference/mlperf.conf
Path to user.conf : /home/ubuntu/MLC/repos/gateoverflow@mlperf-automations/script/generate-mlperf-inference-user-conf/tmp/48705b1ca24245aab19f7a2f81cf7e6a.conf
Model Name: mobilenet
LoadGen Scenario: SingleStream
LoadGen Mode: performance
