client 2025-02-27 15:07:17,186 [INFO] Creating output directory '/home/arjun/MLC/repos/local/cache/get-mlperf-inference-results-dir_e3f7a2f6/valid_results/mini-tflite_cpp-cpu-tflite-vmaster-default_config/efficientnet-int8-lite1/singlestream/performance/tmp_power'
client 2025-02-27 15:07:17,195 [INFO] Sending command to the server: 'mlcommons/power client v3'
client 2025-02-27 15:07:17,206 [INFO] Got response: 'mlcommons/power server v3'
client 2025-02-27 15:07:17,206 [INFO] Synchronizing with the server and with time.google.com...
client 2025-02-27 15:07:17,248 [INFO] NTP:offset = -0.001 s, delay = 0.025 s 
client 2025-02-27 15:07:17,248 [INFO] Sending command to the server: 'time'
client 2025-02-27 15:07:17,260 [INFO] Got response: '1740668836.9658072'
client 2025-02-27 15:07:17,261 [INFO] The time difference between the client and the server is within range 282.890 ms..295.209 ms
client 2025-02-27 15:07:17,261 [INFO] Sending command to the server: 'new,,ff962ee6-ef2b-47ac-b32a-093eae879912'
client 2025-02-27 15:07:17,276 [INFO] Got response: 'OK 2025-02-27_15-07-16,d733f488-33b4-4500-b557-d3501fb5d4f1'
client 2025-02-27 15:07:17,276 [INFO] Session id is '2025-02-27_15-07-16'
client 2025-02-27 15:07:17,277 [INFO] Sources: {"sources": {"__init__.py": "da39a3ee5e6b4b0d3255bfef95601890afd80709", "client.py": "33ca4f26368777ac06e01f9567b714a4b8063886", "lib/__init__.py": "da39a3ee5e6b4b0d3255bfef95601890afd80709", "lib/client.py": "ac2aa093c8e8bbc9569b9e2a3471bc64e58a2258", "lib/common.py": "611d8b29633d331eb19c9455ea3b5fa3284ed6df", "lib/external/__init__.py": "da39a3ee5e6b4b0d3255bfef95601890afd80709", "lib/external/ntplib.py": "4da8f970656505a40483206ef2b5d3dd5e81711d", "lib/server.py": "9bc9a3b6b9b716520658ac175913bcbbdb354336", "lib/source_hashes.py": "60a2e02193209e8d392803326208d5466342da18", "lib/summary.py": "602a9fedfa503e5544d27ab3b0067f235047efc3", "lib/time_sync.py": "80894ef2389e540781ff78de94db16aa4203a14e", "server.py": "c3f90f2f7eeb4db30727556d0c815ebc89b3d28b", "tests/unit/__init__.py": "da39a3ee5e6b4b0d3255bfef95601890afd80709", "tests/unit/test_server.py": "948c1995d4008bc2aa6c4046a34ffa3858d6d671", "tests/unit/test_source_hashes.py": "00468a2907583c593e6574a1f6b404e4651c221a"}, "modules": {"ptd_client_server.lib.client": "lib/client.py", "ptd_client_server.lib.common": "lib/common.py", "ptd_client_server.lib.external.ntplib": "lib/external/ntplib.py", "ptd_client_server.lib.source_hashes": "lib/source_hashes.py", "ptd_client_server.lib.summary": "lib/summary.py", "ptd_client_server.lib.time_sync": "lib/time_sync.py"}}
client 2025-02-27 15:07:17,277 [INFO] Running workload in ranging mode
client 2025-02-27 15:07:17,277 [INFO] Synchronizing with the server and with time.google.com...
client 2025-02-27 15:07:17,296 [INFO] NTP:offset = -0.004 s, delay = 0.018 s 
client 2025-02-27 15:07:17,296 [INFO] Sending command to the server: 'time'
client 2025-02-27 15:07:17,309 [INFO] Got response: '1740668837.013782'
client 2025-02-27 15:07:17,309 [INFO] The time difference between the client and the server is within range 283.153 ms..296.113 ms
client 2025-02-27 15:07:17,309 [INFO] Sending command to the server: 'session,2025-02-27_15-07-16,start,ranging'
client 2025-02-27 15:07:41,854 [INFO] Got response: 'OK'
client 2025-02-27 15:07:41,854 [INFO] Sending command to the server: 'time'
client 2025-02-27 15:07:41,868 [INFO] Got response: '1740668861.5727358'
client 2025-02-27 15:07:41,868 [INFO] The time difference between the client and the server is within range 281.716 ms..295.615 ms
client 2025-02-27 15:07:41,868 [INFO] Running the workload ' MLC_MLPERF_RUN_COUNT=$(cat ${MLC_RUN_DIR}/count.txt); echo ${MLC_MLPERF_RUN_COUNT}; MLC_MLPERF_RUN_COUNT=$((MLC_MLPERF_RUN_COUNT+1)); echo ${MLC_MLPERF_RUN_COUNT} > ${MLC_RUN_DIR}/count.txt; if [ ${MLC_MLPERF_RUN_COUNT} -eq 1 ]; then export MLC_MLPERF_USER_CONF="${MLC_MLPERF_RANGING_USER_CONF}"; else export MLC_MLPERF_USER_CONF="${MLC_MLPERF_TESTING_USER_CONF}"; fi ; /home/arjun/MLC/repos/gateoverflow@mlperf-automations/script/run-all-mlperf-models/run.out'
client 2025-02-27 15:12:42,461 [INFO] Sending command to the server: 'time'
client 2025-02-27 15:12:42,475 [INFO] Got response: '1740669162.1726027'
client 2025-02-27 15:12:42,475 [INFO] The time difference between the client and the server is within range 288.655 ms..303.255 ms
client 2025-02-27 15:12:42,475 [INFO] Sending command to the server: 'session,2025-02-27_15-07-16,stop,ranging'
client 2025-02-27 15:12:53,465 [INFO] Got response: 'OK'
client 2025-02-27 15:12:53,465 [INFO] Sending command to the server: 'time'
client 2025-02-27 15:12:53,498 [INFO] Got response: '1740669173.1775427'
client 2025-02-27 15:12:53,498 [INFO] The time difference between the client and the server is within range 288.330 ms..320.945 ms
client 2025-02-27 15:12:53,502 [INFO] Copying loadgen logs from '/home/arjun/MLC/repos/local/cache/get-mlperf-inference-results-dir_e3f7a2f6/valid_results/mini-tflite_cpp-cpu-tflite-vmaster-default_config/efficientnet-int8-lite1/singlestream/performance/run_1' to '/home/arjun/MLC/repos/local/cache/get-mlperf-inference-results-dir_e3f7a2f6/valid_results/mini-tflite_cpp-cpu-tflite-vmaster-default_config/efficientnet-int8-lite1/singlestream/performance/tmp_power/ranging'
client 2025-02-27 15:12:53,503 [INFO] Running workload in testing mode
client 2025-02-27 15:12:53,503 [INFO] Synchronizing with the server and with time.google.com...
client 2025-02-27 15:12:53,537 [INFO] NTP:offset = -0.003 s, delay = 0.021 s 
client 2025-02-27 15:12:53,537 [INFO] Sending command to the server: 'time'
client 2025-02-27 15:12:53,552 [INFO] Got response: '1740669173.2511828'
client 2025-02-27 15:12:53,552 [INFO] The time difference between the client and the server is within range 286.705 ms..301.772 ms
client 2025-02-27 15:12:53,553 [INFO] Sending command to the server: 'session,2025-02-27_15-07-16,start,testing'
client 2025-02-27 15:13:06,693 [INFO] Got response: 'OK'
client 2025-02-27 15:13:06,693 [INFO] Sending command to the server: 'time'
client 2025-02-27 15:13:06,727 [INFO] Got response: '1740669186.427212'
client 2025-02-27 15:13:06,728 [INFO] The time difference between the client and the server is within range 266.451 ms..300.776 ms
client 2025-02-27 15:13:06,728 [INFO] Running the workload ' MLC_MLPERF_RUN_COUNT=$(cat ${MLC_RUN_DIR}/count.txt); echo ${MLC_MLPERF_RUN_COUNT}; MLC_MLPERF_RUN_COUNT=$((MLC_MLPERF_RUN_COUNT+1)); echo ${MLC_MLPERF_RUN_COUNT} > ${MLC_RUN_DIR}/count.txt; if [ ${MLC_MLPERF_RUN_COUNT} -eq 1 ]; then export MLC_MLPERF_USER_CONF="${MLC_MLPERF_RANGING_USER_CONF}"; else export MLC_MLPERF_USER_CONF="${MLC_MLPERF_TESTING_USER_CONF}"; fi ; /home/arjun/MLC/repos/gateoverflow@mlperf-automations/script/run-all-mlperf-models/run.out'
client 2025-02-27 15:23:07,035 [INFO] Sending command to the server: 'time'
client 2025-02-27 15:23:07,054 [INFO] Got response: '1740669786.739904'
client 2025-02-27 15:23:07,054 [INFO] The time difference between the client and the server is within range 295.607 ms..314.664 ms
client 2025-02-27 15:23:07,054 [INFO] Sending command to the server: 'session,2025-02-27_15-07-16,stop,testing'
client 2025-02-27 15:23:18,108 [INFO] Got response: 'OK'
client 2025-02-27 15:23:18,108 [INFO] Sending command to the server: 'time'
client 2025-02-27 15:23:18,122 [INFO] Got response: '1740669797.8125234'
client 2025-02-27 15:23:18,122 [INFO] The time difference between the client and the server is within range 296.104 ms..309.757 ms
client 2025-02-27 15:23:18,123 [INFO] Copying loadgen logs from '/home/arjun/MLC/repos/local/cache/get-mlperf-inference-results-dir_e3f7a2f6/valid_results/mini-tflite_cpp-cpu-tflite-vmaster-default_config/efficientnet-int8-lite1/singlestream/performance/run_1' to '/home/arjun/MLC/repos/local/cache/get-mlperf-inference-results-dir_e3f7a2f6/valid_results/mini-tflite_cpp-cpu-tflite-vmaster-default_config/efficientnet-int8-lite1/singlestream/performance/tmp_power/run_1'
client 2025-02-27 15:23:18,123 [INFO] Done runs
