client 2025-02-26 14:36:13,675 [INFO] Creating output directory '/home/arjun/MLC/repos/local/cache/get-mlperf-inference-results-dir_e3f7a2f6/valid_results/mini-tflite_cpp-cpu-tflite-vmaster-default_config/mobilenet-v1-precision_float-0.75-224/singlestream/performance/tmp_power'
client 2025-02-26 14:36:13,684 [INFO] Sending command to the server: 'mlcommons/power client v3'
client 2025-02-26 14:36:13,694 [INFO] Got response: 'mlcommons/power server v3'
client 2025-02-26 14:36:13,694 [INFO] Synchronizing with the server and with time.google.com...
client 2025-02-26 14:36:13,719 [INFO] NTP:offset = -0.017 s, delay = 0.021 s 
client 2025-02-26 14:36:13,719 [INFO] Sending command to the server: 'time'
client 2025-02-26 14:36:13,729 [INFO] Got response: '1740580573.6435635'
client 2025-02-26 14:36:13,730 [INFO] The time difference between the client and the server is within range 76.211 ms..86.474 ms
client 2025-02-26 14:36:13,730 [INFO] Sending command to the server: 'new,,b87dc02d-83fb-4b7f-95f6-1b85b553f192'
client 2025-02-26 14:36:13,742 [INFO] Got response: 'OK 2025-02-26_14-36-13,a5e94c95-08f8-40d4-8afc-952e8491df23'
client 2025-02-26 14:36:13,742 [INFO] Session id is '2025-02-26_14-36-13'
client 2025-02-26 14:36:13,743 [INFO] Sources: {"sources": {"__init__.py": "da39a3ee5e6b4b0d3255bfef95601890afd80709", "client.py": "33ca4f26368777ac06e01f9567b714a4b8063886", "lib/__init__.py": "da39a3ee5e6b4b0d3255bfef95601890afd80709", "lib/client.py": "ac2aa093c8e8bbc9569b9e2a3471bc64e58a2258", "lib/common.py": "611d8b29633d331eb19c9455ea3b5fa3284ed6df", "lib/external/__init__.py": "da39a3ee5e6b4b0d3255bfef95601890afd80709", "lib/external/ntplib.py": "4da8f970656505a40483206ef2b5d3dd5e81711d", "lib/server.py": "9bc9a3b6b9b716520658ac175913bcbbdb354336", "lib/source_hashes.py": "60a2e02193209e8d392803326208d5466342da18", "lib/summary.py": "602a9fedfa503e5544d27ab3b0067f235047efc3", "lib/time_sync.py": "80894ef2389e540781ff78de94db16aa4203a14e", "server.py": "c3f90f2f7eeb4db30727556d0c815ebc89b3d28b", "tests/unit/__init__.py": "da39a3ee5e6b4b0d3255bfef95601890afd80709", "tests/unit/test_server.py": "948c1995d4008bc2aa6c4046a34ffa3858d6d671", "tests/unit/test_source_hashes.py": "00468a2907583c593e6574a1f6b404e4651c221a"}, "modules": {"ptd_client_server.lib.client": "lib/client.py", "ptd_client_server.lib.common": "lib/common.py", "ptd_client_server.lib.external.ntplib": "lib/external/ntplib.py", "ptd_client_server.lib.source_hashes": "lib/source_hashes.py", "ptd_client_server.lib.summary": "lib/summary.py", "ptd_client_server.lib.time_sync": "lib/time_sync.py"}}
client 2025-02-26 14:36:13,743 [INFO] Running workload in ranging mode
client 2025-02-26 14:36:13,743 [INFO] Synchronizing with the server and with time.google.com...
client 2025-02-26 14:36:13,763 [INFO] NTP:offset = -0.017 s, delay = 0.019 s 
client 2025-02-26 14:36:13,763 [INFO] Sending command to the server: 'time'
client 2025-02-26 14:36:13,774 [INFO] Got response: '1740580573.6865673'
client 2025-02-26 14:36:13,774 [INFO] The time difference between the client and the server is within range 77.077 ms..87.693 ms
client 2025-02-26 14:36:13,774 [INFO] Sending command to the server: 'session,2025-02-26_14-36-13,start,ranging'
client 2025-02-26 14:36:38,272 [INFO] Got response: 'OK'
client 2025-02-26 14:36:38,272 [INFO] Sending command to the server: 'time'
client 2025-02-26 14:36:38,283 [INFO] Got response: '1740580598.196144'
client 2025-02-26 14:36:38,283 [INFO] The time difference between the client and the server is within range 76.095 ms..87.737 ms
client 2025-02-26 14:36:38,284 [INFO] Running the workload ' MLC_MLPERF_RUN_COUNT=$(cat ${MLC_RUN_DIR}/count.txt); echo ${MLC_MLPERF_RUN_COUNT}; MLC_MLPERF_RUN_COUNT=$((MLC_MLPERF_RUN_COUNT+1)); echo ${MLC_MLPERF_RUN_COUNT} > ${MLC_RUN_DIR}/count.txt; if [ ${MLC_MLPERF_RUN_COUNT} -eq 1 ]; then export MLC_MLPERF_USER_CONF="${MLC_MLPERF_RANGING_USER_CONF}"; else export MLC_MLPERF_USER_CONF="${MLC_MLPERF_TESTING_USER_CONF}"; fi ; /home/arjun/MLC/repos/gateoverflow@mlperf-automations/script/run-all-mlperf-models/run.out'
client 2025-02-26 14:41:39,467 [INFO] Sending command to the server: 'time'
client 2025-02-26 14:41:39,480 [INFO] Got response: '1740580899.38202'
client 2025-02-26 14:41:39,480 [INFO] The time difference between the client and the server is within range 85.280 ms..98.288 ms
client 2025-02-26 14:41:39,480 [INFO] Sending command to the server: 'session,2025-02-26_14-36-13,stop,ranging'
client 2025-02-26 14:41:50,645 [INFO] Got response: 'OK'
client 2025-02-26 14:41:50,645 [INFO] Sending command to the server: 'time'
client 2025-02-26 14:41:50,658 [INFO] Got response: '1740580910.560257'
client 2025-02-26 14:41:50,658 [INFO] The time difference between the client and the server is within range 85.532 ms..98.036 ms
client 2025-02-26 14:41:50,662 [INFO] Copying loadgen logs from '/home/arjun/MLC/repos/local/cache/get-mlperf-inference-results-dir_e3f7a2f6/valid_results/mini-tflite_cpp-cpu-tflite-vmaster-default_config/mobilenet-v1-precision_float-0.75-224/singlestream/performance/run_1' to '/home/arjun/MLC/repos/local/cache/get-mlperf-inference-results-dir_e3f7a2f6/valid_results/mini-tflite_cpp-cpu-tflite-vmaster-default_config/mobilenet-v1-precision_float-0.75-224/singlestream/performance/tmp_power/ranging'
client 2025-02-26 14:41:50,663 [INFO] Running workload in testing mode
client 2025-02-26 14:41:50,663 [INFO] Synchronizing with the server and with time.google.com...
client 2025-02-26 14:41:50,683 [INFO] NTP:offset = -0.019 s, delay = 0.019 s 
client 2025-02-26 14:41:50,684 [INFO] Sending command to the server: 'time'
client 2025-02-26 14:41:50,698 [INFO] Got response: '1740580910.6000493'
client 2025-02-26 14:41:50,699 [INFO] The time difference between the client and the server is within range 83.940 ms..99.025 ms
client 2025-02-26 14:41:50,699 [INFO] Sending command to the server: 'session,2025-02-26_14-36-13,start,testing'
client 2025-02-26 14:42:03,815 [INFO] Got response: 'OK'
client 2025-02-26 14:42:03,816 [INFO] Sending command to the server: 'time'
client 2025-02-26 14:42:03,828 [INFO] Got response: '1740580923.729774'
client 2025-02-26 14:42:03,828 [INFO] The time difference between the client and the server is within range 86.358 ms..98.973 ms
client 2025-02-26 14:42:03,828 [INFO] Running the workload ' MLC_MLPERF_RUN_COUNT=$(cat ${MLC_RUN_DIR}/count.txt); echo ${MLC_MLPERF_RUN_COUNT}; MLC_MLPERF_RUN_COUNT=$((MLC_MLPERF_RUN_COUNT+1)); echo ${MLC_MLPERF_RUN_COUNT} > ${MLC_RUN_DIR}/count.txt; if [ ${MLC_MLPERF_RUN_COUNT} -eq 1 ]; then export MLC_MLPERF_USER_CONF="${MLC_MLPERF_RANGING_USER_CONF}"; else export MLC_MLPERF_USER_CONF="${MLC_MLPERF_TESTING_USER_CONF}"; fi ; /home/arjun/MLC/repos/gateoverflow@mlperf-automations/script/run-all-mlperf-models/run.out'
client 2025-02-26 14:52:04,512 [INFO] Sending command to the server: 'time'
client 2025-02-26 14:52:04,528 [INFO] Got response: '1740581524.4113119'
client 2025-02-26 14:52:04,528 [INFO] The time difference between the client and the server is within range 101.487 ms..117.658 ms
client 2025-02-26 14:52:04,529 [INFO] Sending command to the server: 'session,2025-02-26_14-36-13,stop,testing'
client 2025-02-26 14:52:15,200 [INFO] Got response: 'OK'
client 2025-02-26 14:52:15,200 [INFO] Sending command to the server: 'time'
client 2025-02-26 14:52:15,213 [INFO] Got response: '1740581535.097136'
client 2025-02-26 14:52:15,213 [INFO] The time difference between the client and the server is within range 103.517 ms..116.534 ms
client 2025-02-26 14:52:15,214 [INFO] Copying loadgen logs from '/home/arjun/MLC/repos/local/cache/get-mlperf-inference-results-dir_e3f7a2f6/valid_results/mini-tflite_cpp-cpu-tflite-vmaster-default_config/mobilenet-v1-precision_float-0.75-224/singlestream/performance/run_1' to '/home/arjun/MLC/repos/local/cache/get-mlperf-inference-results-dir_e3f7a2f6/valid_results/mini-tflite_cpp-cpu-tflite-vmaster-default_config/mobilenet-v1-precision_float-0.75-224/singlestream/performance/tmp_power/run_1'
client 2025-02-26 14:52:15,215 [INFO] Done runs
