client 2025-02-26 17:41:26,867 [INFO] Creating output directory '/home/arjun/MLC/repos/local/cache/get-mlperf-inference-results-dir_e3f7a2f6/valid_results/mini-tflite_cpp-cpu-tflite-vmaster-default_config/mobilenet-v1-precision_float-0.25-160/singlestream/performance/tmp_power'
client 2025-02-26 17:41:26,875 [INFO] Sending command to the server: 'mlcommons/power client v3'
client 2025-02-26 17:41:26,886 [INFO] Got response: 'mlcommons/power server v3'
client 2025-02-26 17:41:26,886 [INFO] Synchronizing with the server and with time.google.com...
client 2025-02-26 17:41:26,910 [INFO] NTP:offset = 0.016 s, delay = 0.020 s 
client 2025-02-26 17:41:26,911 [INFO] Sending command to the server: 'time'
client 2025-02-26 17:41:26,923 [INFO] Got response: '1740591686.783132'
client 2025-02-26 17:41:26,923 [INFO] The time difference between the client and the server is within range 127.882 ms..140.423 ms
client 2025-02-26 17:41:26,923 [INFO] Sending command to the server: 'new,,6cc84c71-8f76-4303-aa3e-2b30bc805724'
client 2025-02-26 17:41:26,939 [INFO] Got response: 'OK 2025-02-26_17-41-26,0ba6197e-43a0-45f2-9278-803f8ad4a451'
client 2025-02-26 17:41:26,940 [INFO] Session id is '2025-02-26_17-41-26'
client 2025-02-26 17:41:26,940 [INFO] Sources: {"sources": {"__init__.py": "da39a3ee5e6b4b0d3255bfef95601890afd80709", "client.py": "33ca4f26368777ac06e01f9567b714a4b8063886", "lib/__init__.py": "da39a3ee5e6b4b0d3255bfef95601890afd80709", "lib/client.py": "ac2aa093c8e8bbc9569b9e2a3471bc64e58a2258", "lib/common.py": "611d8b29633d331eb19c9455ea3b5fa3284ed6df", "lib/external/__init__.py": "da39a3ee5e6b4b0d3255bfef95601890afd80709", "lib/external/ntplib.py": "4da8f970656505a40483206ef2b5d3dd5e81711d", "lib/server.py": "9bc9a3b6b9b716520658ac175913bcbbdb354336", "lib/source_hashes.py": "60a2e02193209e8d392803326208d5466342da18", "lib/summary.py": "602a9fedfa503e5544d27ab3b0067f235047efc3", "lib/time_sync.py": "80894ef2389e540781ff78de94db16aa4203a14e", "server.py": "c3f90f2f7eeb4db30727556d0c815ebc89b3d28b", "tests/unit/__init__.py": "da39a3ee5e6b4b0d3255bfef95601890afd80709", "tests/unit/test_server.py": "948c1995d4008bc2aa6c4046a34ffa3858d6d671", "tests/unit/test_source_hashes.py": "00468a2907583c593e6574a1f6b404e4651c221a"}, "modules": {"ptd_client_server.lib.client": "lib/client.py", "ptd_client_server.lib.common": "lib/common.py", "ptd_client_server.lib.external.ntplib": "lib/external/ntplib.py", "ptd_client_server.lib.source_hashes": "lib/source_hashes.py", "ptd_client_server.lib.summary": "lib/summary.py", "ptd_client_server.lib.time_sync": "lib/time_sync.py"}}
client 2025-02-26 17:41:26,940 [INFO] Running workload in ranging mode
client 2025-02-26 17:41:26,940 [INFO] Synchronizing with the server and with time.google.com...
client 2025-02-26 17:41:26,960 [INFO] NTP:offset = 0.015 s, delay = 0.019 s 
client 2025-02-26 17:41:26,960 [INFO] Sending command to the server: 'time'
client 2025-02-26 17:41:26,973 [INFO] Got response: '1740591686.8330874'
client 2025-02-26 17:41:26,973 [INFO] The time difference between the client and the server is within range 127.755 ms..140.691 ms
client 2025-02-26 17:41:26,974 [INFO] Sending command to the server: 'session,2025-02-26_17-41-26,start,ranging'
client 2025-02-26 17:41:51,735 [INFO] Got response: 'OK'
client 2025-02-26 17:41:51,736 [INFO] Sending command to the server: 'time'
client 2025-02-26 17:41:51,748 [INFO] Got response: '1740591711.6073549'
client 2025-02-26 17:41:51,748 [INFO] The time difference between the client and the server is within range 128.736 ms..140.844 ms
client 2025-02-26 17:41:51,748 [INFO] Running the workload ' MLC_MLPERF_RUN_COUNT=$(cat ${MLC_RUN_DIR}/count.txt); echo ${MLC_MLPERF_RUN_COUNT}; MLC_MLPERF_RUN_COUNT=$((MLC_MLPERF_RUN_COUNT+1)); echo ${MLC_MLPERF_RUN_COUNT} > ${MLC_RUN_DIR}/count.txt; if [ ${MLC_MLPERF_RUN_COUNT} -eq 1 ]; then export MLC_MLPERF_USER_CONF="${MLC_MLPERF_RANGING_USER_CONF}"; else export MLC_MLPERF_USER_CONF="${MLC_MLPERF_TESTING_USER_CONF}"; fi ; /home/arjun/MLC/repos/gateoverflow@mlperf-automations/script/run-all-mlperf-models/run.out'
client 2025-02-26 17:46:54,430 [INFO] Sending command to the server: 'time'
client 2025-02-26 17:46:54,445 [INFO] Got response: '1740592014.2960837'
client 2025-02-26 17:46:54,445 [INFO] The time difference between the client and the server is within range 134.220 ms..149.241 ms
client 2025-02-26 17:46:54,445 [INFO] Sending command to the server: 'session,2025-02-26_17-41-26,stop,ranging'
client 2025-02-26 17:47:05,598 [INFO] Got response: 'OK'
client 2025-02-26 17:47:05,598 [INFO] Sending command to the server: 'time'
client 2025-02-26 17:47:05,612 [INFO] Got response: '1740592025.4615717'
client 2025-02-26 17:47:05,612 [INFO] The time difference between the client and the server is within range 137.003 ms..150.962 ms
client 2025-02-26 17:47:05,616 [INFO] Copying loadgen logs from '/home/arjun/MLC/repos/local/cache/get-mlperf-inference-results-dir_e3f7a2f6/valid_results/mini-tflite_cpp-cpu-tflite-vmaster-default_config/mobilenet-v1-precision_float-0.25-160/singlestream/performance/run_1' to '/home/arjun/MLC/repos/local/cache/get-mlperf-inference-results-dir_e3f7a2f6/valid_results/mini-tflite_cpp-cpu-tflite-vmaster-default_config/mobilenet-v1-precision_float-0.25-160/singlestream/performance/tmp_power/ranging'
client 2025-02-26 17:47:05,616 [INFO] Running workload in testing mode
client 2025-02-26 17:47:05,616 [INFO] Synchronizing with the server and with time.google.com...
client 2025-02-26 17:47:05,636 [INFO] NTP:offset = 0.009 s, delay = 0.018 s 
client 2025-02-26 17:47:05,636 [INFO] Sending command to the server: 'time'
client 2025-02-26 17:47:05,649 [INFO] Got response: '1740592025.4991448'
client 2025-02-26 17:47:05,649 [INFO] The time difference between the client and the server is within range 137.422 ms..150.398 ms
client 2025-02-26 17:47:05,649 [INFO] Sending command to the server: 'session,2025-02-26_17-41-26,start,testing'
client 2025-02-26 17:47:18,911 [INFO] Got response: 'OK'
client 2025-02-26 17:47:18,911 [INFO] Sending command to the server: 'time'
client 2025-02-26 17:47:18,923 [INFO] Got response: '1740592038.773269'
client 2025-02-26 17:47:18,924 [INFO] The time difference between the client and the server is within range 138.099 ms..150.862 ms
client 2025-02-26 17:47:18,924 [INFO] Running the workload ' MLC_MLPERF_RUN_COUNT=$(cat ${MLC_RUN_DIR}/count.txt); echo ${MLC_MLPERF_RUN_COUNT}; MLC_MLPERF_RUN_COUNT=$((MLC_MLPERF_RUN_COUNT+1)); echo ${MLC_MLPERF_RUN_COUNT} > ${MLC_RUN_DIR}/count.txt; if [ ${MLC_MLPERF_RUN_COUNT} -eq 1 ]; then export MLC_MLPERF_USER_CONF="${MLC_MLPERF_RANGING_USER_CONF}"; else export MLC_MLPERF_USER_CONF="${MLC_MLPERF_TESTING_USER_CONF}"; fi ; /home/arjun/MLC/repos/gateoverflow@mlperf-automations/script/run-all-mlperf-models/run.out'
client 2025-02-26 17:57:23,521 [INFO] Sending command to the server: 'time'
client 2025-02-26 17:57:23,538 [INFO] Got response: '1740592643.3695035'
client 2025-02-26 17:57:23,538 [INFO] The time difference between the client and the server is within range 152.014 ms..169.090 ms
client 2025-02-26 17:57:23,538 [INFO] Sending command to the server: 'session,2025-02-26_17-41-26,stop,testing'
client 2025-02-26 17:57:34,141 [INFO] Got response: 'OK'
client 2025-02-26 17:57:34,141 [INFO] Sending command to the server: 'time'
client 2025-02-26 17:57:34,154 [INFO] Got response: '1740592653.9849603'
client 2025-02-26 17:57:34,154 [INFO] The time difference between the client and the server is within range 156.647 ms..169.714 ms
client 2025-02-26 17:57:34,155 [INFO] Copying loadgen logs from '/home/arjun/MLC/repos/local/cache/get-mlperf-inference-results-dir_e3f7a2f6/valid_results/mini-tflite_cpp-cpu-tflite-vmaster-default_config/mobilenet-v1-precision_float-0.25-160/singlestream/performance/run_1' to '/home/arjun/MLC/repos/local/cache/get-mlperf-inference-results-dir_e3f7a2f6/valid_results/mini-tflite_cpp-cpu-tflite-vmaster-default_config/mobilenet-v1-precision_float-0.25-160/singlestream/performance/tmp_power/run_1'
client 2025-02-26 17:57:34,156 [INFO] Done runs
