client 2025-02-27 10:37:53,328 [INFO] Creating output directory '/home/arjun/MLC/repos/local/cache/get-mlperf-inference-results-dir_e3f7a2f6/valid_results/mini-tflite_cpp-cpu-tflite-vmaster-default_config/mobilenet-v2-precision_uint8-0.75-160/singlestream/performance/tmp_power'
client 2025-02-27 10:37:53,336 [INFO] Sending command to the server: 'mlcommons/power client v3'
client 2025-02-27 10:37:53,346 [INFO] Got response: 'mlcommons/power server v3'
client 2025-02-27 10:37:53,346 [INFO] Synchronizing with the server and with time.google.com...
client 2025-02-27 10:37:53,371 [INFO] NTP:offset = -0.001 s, delay = 0.021 s 
client 2025-02-27 10:37:53,372 [INFO] Sending command to the server: 'time'
client 2025-02-27 10:37:53,384 [INFO] Got response: '1740652673.2621777'
client 2025-02-27 10:37:53,384 [INFO] The time difference between the client and the server is within range 109.821 ms..122.501 ms
client 2025-02-27 10:37:53,384 [INFO] Sending command to the server: 'new,,00cdb737-4220-4780-b943-c86d43a09b39'
client 2025-02-27 10:37:53,400 [INFO] Got response: 'OK 2025-02-27_10-37-53,5f046455-8b06-4e0f-b4cb-592fd17e00cc'
client 2025-02-27 10:37:53,400 [INFO] Session id is '2025-02-27_10-37-53'
client 2025-02-27 10:37:53,401 [INFO] Sources: {"sources": {"__init__.py": "da39a3ee5e6b4b0d3255bfef95601890afd80709", "client.py": "33ca4f26368777ac06e01f9567b714a4b8063886", "lib/__init__.py": "da39a3ee5e6b4b0d3255bfef95601890afd80709", "lib/client.py": "ac2aa093c8e8bbc9569b9e2a3471bc64e58a2258", "lib/common.py": "611d8b29633d331eb19c9455ea3b5fa3284ed6df", "lib/external/__init__.py": "da39a3ee5e6b4b0d3255bfef95601890afd80709", "lib/external/ntplib.py": "4da8f970656505a40483206ef2b5d3dd5e81711d", "lib/server.py": "9bc9a3b6b9b716520658ac175913bcbbdb354336", "lib/source_hashes.py": "60a2e02193209e8d392803326208d5466342da18", "lib/summary.py": "602a9fedfa503e5544d27ab3b0067f235047efc3", "lib/time_sync.py": "80894ef2389e540781ff78de94db16aa4203a14e", "server.py": "c3f90f2f7eeb4db30727556d0c815ebc89b3d28b", "tests/unit/__init__.py": "da39a3ee5e6b4b0d3255bfef95601890afd80709", "tests/unit/test_server.py": "948c1995d4008bc2aa6c4046a34ffa3858d6d671", "tests/unit/test_source_hashes.py": "00468a2907583c593e6574a1f6b404e4651c221a"}, "modules": {"ptd_client_server.lib.client": "lib/client.py", "ptd_client_server.lib.common": "lib/common.py", "ptd_client_server.lib.external.ntplib": "lib/external/ntplib.py", "ptd_client_server.lib.source_hashes": "lib/source_hashes.py", "ptd_client_server.lib.summary": "lib/summary.py", "ptd_client_server.lib.time_sync": "lib/time_sync.py"}}
client 2025-02-27 10:37:53,401 [INFO] Running workload in ranging mode
client 2025-02-27 10:37:53,401 [INFO] Synchronizing with the server and with time.google.com...
client 2025-02-27 10:37:53,420 [INFO] NTP:offset = -0.002 s, delay = 0.017 s 
client 2025-02-27 10:37:53,420 [INFO] Sending command to the server: 'time'
client 2025-02-27 10:37:53,433 [INFO] Got response: '1740652673.311125'
client 2025-02-27 10:37:53,433 [INFO] The time difference between the client and the server is within range 109.462 ms..122.770 ms
client 2025-02-27 10:37:53,433 [INFO] Sending command to the server: 'session,2025-02-27_10-37-53,start,ranging'
client 2025-02-27 10:38:18,016 [INFO] Got response: 'OK'
client 2025-02-27 10:38:18,016 [INFO] Sending command to the server: 'time'
client 2025-02-27 10:38:18,026 [INFO] Got response: '1740652697.9069488'
client 2025-02-27 10:38:18,026 [INFO] The time difference between the client and the server is within range 109.530 ms..119.659 ms
client 2025-02-27 10:38:18,026 [INFO] Running the workload ' MLC_MLPERF_RUN_COUNT=$(cat ${MLC_RUN_DIR}/count.txt); echo ${MLC_MLPERF_RUN_COUNT}; MLC_MLPERF_RUN_COUNT=$((MLC_MLPERF_RUN_COUNT+1)); echo ${MLC_MLPERF_RUN_COUNT} > ${MLC_RUN_DIR}/count.txt; if [ ${MLC_MLPERF_RUN_COUNT} -eq 1 ]; then export MLC_MLPERF_USER_CONF="${MLC_MLPERF_RANGING_USER_CONF}"; else export MLC_MLPERF_USER_CONF="${MLC_MLPERF_TESTING_USER_CONF}"; fi ; /home/arjun/MLC/repos/gateoverflow@mlperf-automations/script/run-all-mlperf-models/run.out'
client 2025-02-27 10:43:18,611 [INFO] Sending command to the server: 'time'
client 2025-02-27 10:43:18,632 [INFO] Got response: '1740652998.5179572'
client 2025-02-27 10:43:18,632 [INFO] The time difference between the client and the server is within range 93.996 ms..114.495 ms
client 2025-02-27 10:43:18,632 [INFO] Sending command to the server: 'session,2025-02-27_10-37-53,stop,ranging'
client 2025-02-27 10:43:29,414 [INFO] Got response: 'OK'
client 2025-02-27 10:43:29,415 [INFO] Sending command to the server: 'time'
client 2025-02-27 10:43:29,428 [INFO] Got response: '1740653009.3147311'
client 2025-02-27 10:43:29,428 [INFO] The time difference between the client and the server is within range 100.443 ms..114.038 ms
client 2025-02-27 10:43:29,432 [INFO] Copying loadgen logs from '/home/arjun/MLC/repos/local/cache/get-mlperf-inference-results-dir_e3f7a2f6/valid_results/mini-tflite_cpp-cpu-tflite-vmaster-default_config/mobilenet-v2-precision_uint8-0.75-160/singlestream/performance/run_1' to '/home/arjun/MLC/repos/local/cache/get-mlperf-inference-results-dir_e3f7a2f6/valid_results/mini-tflite_cpp-cpu-tflite-vmaster-default_config/mobilenet-v2-precision_uint8-0.75-160/singlestream/performance/tmp_power/ranging'
client 2025-02-27 10:43:29,433 [INFO] Running workload in testing mode
client 2025-02-27 10:43:29,433 [INFO] Synchronizing with the server and with time.google.com...
client 2025-02-27 10:43:29,455 [INFO] NTP:offset = -0.002 s, delay = 0.021 s 
client 2025-02-27 10:43:29,455 [INFO] Sending command to the server: 'time'
client 2025-02-27 10:43:29,471 [INFO] Got response: '1740653009.3545368'
client 2025-02-27 10:43:29,471 [INFO] The time difference between the client and the server is within range 101.316 ms..117.364 ms
client 2025-02-27 10:43:29,472 [INFO] Sending command to the server: 'session,2025-02-27_10-37-53,start,testing'
client 2025-02-27 10:43:42,624 [INFO] Got response: 'OK'
client 2025-02-27 10:43:42,624 [INFO] Sending command to the server: 'time'
client 2025-02-27 10:43:42,634 [INFO] Got response: '1740653022.5242612'
client 2025-02-27 10:43:42,634 [INFO] The time difference between the client and the server is within range 100.359 ms..110.432 ms
client 2025-02-27 10:43:42,634 [INFO] Running the workload ' MLC_MLPERF_RUN_COUNT=$(cat ${MLC_RUN_DIR}/count.txt); echo ${MLC_MLPERF_RUN_COUNT}; MLC_MLPERF_RUN_COUNT=$((MLC_MLPERF_RUN_COUNT+1)); echo ${MLC_MLPERF_RUN_COUNT} > ${MLC_RUN_DIR}/count.txt; if [ ${MLC_MLPERF_RUN_COUNT} -eq 1 ]; then export MLC_MLPERF_USER_CONF="${MLC_MLPERF_RANGING_USER_CONF}"; else export MLC_MLPERF_USER_CONF="${MLC_MLPERF_TESTING_USER_CONF}"; fi ; /home/arjun/MLC/repos/gateoverflow@mlperf-automations/script/run-all-mlperf-models/run.out'
client 2025-02-27 10:53:43,240 [INFO] Sending command to the server: 'time'
client 2025-02-27 10:53:43,255 [INFO] Got response: '1740653623.1473837'
client 2025-02-27 10:53:43,255 [INFO] The time difference between the client and the server is within range 93.215 ms..108.150 ms
client 2025-02-27 10:53:43,255 [INFO] Sending command to the server: 'session,2025-02-27_10-37-53,stop,testing'
client 2025-02-27 10:53:53,854 [INFO] Got response: 'OK'
client 2025-02-27 10:53:53,854 [INFO] Sending command to the server: 'time'
client 2025-02-27 10:53:53,864 [INFO] Got response: '1740653633.757798'
client 2025-02-27 10:53:53,864 [INFO] The time difference between the client and the server is within range 96.830 ms..107.024 ms
client 2025-02-27 10:53:53,865 [INFO] Copying loadgen logs from '/home/arjun/MLC/repos/local/cache/get-mlperf-inference-results-dir_e3f7a2f6/valid_results/mini-tflite_cpp-cpu-tflite-vmaster-default_config/mobilenet-v2-precision_uint8-0.75-160/singlestream/performance/run_1' to '/home/arjun/MLC/repos/local/cache/get-mlperf-inference-results-dir_e3f7a2f6/valid_results/mini-tflite_cpp-cpu-tflite-vmaster-default_config/mobilenet-v2-precision_uint8-0.75-160/singlestream/performance/tmp_power/run_1'
client 2025-02-27 10:53:53,866 [INFO] Done runs
