client 2025-02-27 05:35:51,760 [INFO] Creating output directory '/home/arjun/MLC/repos/local/cache/get-mlperf-inference-results-dir_e3f7a2f6/valid_results/mini-tflite_cpp-cpu-tflite-vmaster-default_config/mobilenet-v1-precision_uint8-0.5-192/singlestream/performance/tmp_power'
client 2025-02-27 05:35:51,768 [INFO] Sending command to the server: 'mlcommons/power client v3'
client 2025-02-27 05:35:51,780 [INFO] Got response: 'mlcommons/power server v3'
client 2025-02-27 05:35:51,780 [INFO] Synchronizing with the server and with time.google.com...
client 2025-02-27 05:35:51,804 [INFO] NTP:offset = -0.004 s, delay = 0.020 s 
client 2025-02-27 05:35:51,805 [INFO] Sending command to the server: 'time'
client 2025-02-27 05:35:51,817 [INFO] Got response: '1740634551.5073695'
client 2025-02-27 05:35:51,817 [INFO] The time difference between the client and the server is within range 297.769 ms..310.026 ms
client 2025-02-27 05:35:51,817 [INFO] Sending command to the server: 'new,,dd997e6c-e7bc-4ba4-8f33-fedd434ca458'
client 2025-02-27 05:35:51,833 [INFO] Got response: 'OK 2025-02-27_05-35-51,661fe275-f129-4b3e-9fc9-db1871f3796c'
client 2025-02-27 05:35:51,833 [INFO] Session id is '2025-02-27_05-35-51'
client 2025-02-27 05:35:51,833 [INFO] Sources: {"sources": {"__init__.py": "da39a3ee5e6b4b0d3255bfef95601890afd80709", "client.py": "33ca4f26368777ac06e01f9567b714a4b8063886", "lib/__init__.py": "da39a3ee5e6b4b0d3255bfef95601890afd80709", "lib/client.py": "ac2aa093c8e8bbc9569b9e2a3471bc64e58a2258", "lib/common.py": "611d8b29633d331eb19c9455ea3b5fa3284ed6df", "lib/external/__init__.py": "da39a3ee5e6b4b0d3255bfef95601890afd80709", "lib/external/ntplib.py": "4da8f970656505a40483206ef2b5d3dd5e81711d", "lib/server.py": "9bc9a3b6b9b716520658ac175913bcbbdb354336", "lib/source_hashes.py": "60a2e02193209e8d392803326208d5466342da18", "lib/summary.py": "602a9fedfa503e5544d27ab3b0067f235047efc3", "lib/time_sync.py": "80894ef2389e540781ff78de94db16aa4203a14e", "server.py": "c3f90f2f7eeb4db30727556d0c815ebc89b3d28b", "tests/unit/__init__.py": "da39a3ee5e6b4b0d3255bfef95601890afd80709", "tests/unit/test_server.py": "948c1995d4008bc2aa6c4046a34ffa3858d6d671", "tests/unit/test_source_hashes.py": "00468a2907583c593e6574a1f6b404e4651c221a"}, "modules": {"ptd_client_server.lib.client": "lib/client.py", "ptd_client_server.lib.common": "lib/common.py", "ptd_client_server.lib.external.ntplib": "lib/external/ntplib.py", "ptd_client_server.lib.source_hashes": "lib/source_hashes.py", "ptd_client_server.lib.summary": "lib/summary.py", "ptd_client_server.lib.time_sync": "lib/time_sync.py"}}
client 2025-02-27 05:35:51,833 [INFO] Running workload in ranging mode
client 2025-02-27 05:35:51,833 [INFO] Synchronizing with the server and with time.google.com...
client 2025-02-27 05:35:51,853 [INFO] NTP:offset = -0.004 s, delay = 0.018 s 
client 2025-02-27 05:35:51,854 [INFO] Sending command to the server: 'time'
client 2025-02-27 05:35:51,866 [INFO] Got response: '1740634551.5564103'
client 2025-02-27 05:35:51,866 [INFO] The time difference between the client and the server is within range 297.630 ms..309.953 ms
client 2025-02-27 05:35:51,866 [INFO] Sending command to the server: 'session,2025-02-27_05-35-51,start,ranging'
client 2025-02-27 05:36:16,401 [INFO] Got response: 'OK'
client 2025-02-27 05:36:16,401 [INFO] Sending command to the server: 'time'
client 2025-02-27 05:36:16,416 [INFO] Got response: '1740634576.1084282'
client 2025-02-27 05:36:16,417 [INFO] The time difference between the client and the server is within range 293.043 ms..308.583 ms
client 2025-02-27 05:36:16,417 [INFO] Running the workload ' MLC_MLPERF_RUN_COUNT=$(cat ${MLC_RUN_DIR}/count.txt); echo ${MLC_MLPERF_RUN_COUNT}; MLC_MLPERF_RUN_COUNT=$((MLC_MLPERF_RUN_COUNT+1)); echo ${MLC_MLPERF_RUN_COUNT} > ${MLC_RUN_DIR}/count.txt; if [ ${MLC_MLPERF_RUN_COUNT} -eq 1 ]; then export MLC_MLPERF_USER_CONF="${MLC_MLPERF_RANGING_USER_CONF}"; else export MLC_MLPERF_USER_CONF="${MLC_MLPERF_TESTING_USER_CONF}"; fi ; /home/arjun/MLC/repos/gateoverflow@mlperf-automations/script/run-all-mlperf-models/run.out'
client 2025-02-27 05:41:17,002 [INFO] Sending command to the server: 'time'
client 2025-02-27 05:41:17,013 [INFO] Got response: '1740634876.6983922'
client 2025-02-27 05:41:17,013 [INFO] The time difference between the client and the server is within range 303.754 ms..314.984 ms
client 2025-02-27 05:41:17,013 [INFO] Sending command to the server: 'session,2025-02-27_05-35-51,stop,ranging'
client 2025-02-27 05:41:27,874 [INFO] Got response: 'OK'
client 2025-02-27 05:41:27,874 [INFO] Sending command to the server: 'time'
client 2025-02-27 05:41:27,885 [INFO] Got response: '1740634887.5701075'
client 2025-02-27 05:41:27,885 [INFO] The time difference between the client and the server is within range 304.454 ms..315.830 ms
client 2025-02-27 05:41:27,889 [INFO] Copying loadgen logs from '/home/arjun/MLC/repos/local/cache/get-mlperf-inference-results-dir_e3f7a2f6/valid_results/mini-tflite_cpp-cpu-tflite-vmaster-default_config/mobilenet-v1-precision_uint8-0.5-192/singlestream/performance/run_1' to '/home/arjun/MLC/repos/local/cache/get-mlperf-inference-results-dir_e3f7a2f6/valid_results/mini-tflite_cpp-cpu-tflite-vmaster-default_config/mobilenet-v1-precision_uint8-0.5-192/singlestream/performance/tmp_power/ranging'
client 2025-02-27 05:41:27,890 [INFO] Running workload in testing mode
client 2025-02-27 05:41:27,890 [INFO] Synchronizing with the server and with time.google.com...
client 2025-02-27 05:41:27,911 [INFO] NTP:offset = -0.004 s, delay = 0.019 s 
client 2025-02-27 05:41:27,911 [INFO] Sending command to the server: 'time'
client 2025-02-27 05:41:27,924 [INFO] Got response: '1740634887.6082718'
client 2025-02-27 05:41:27,925 [INFO] The time difference between the client and the server is within range 303.266 ms..316.759 ms
client 2025-02-27 05:41:27,925 [INFO] Sending command to the server: 'session,2025-02-27_05-35-51,start,testing'
client 2025-02-27 05:41:41,186 [INFO] Got response: 'OK'
client 2025-02-27 05:41:41,187 [INFO] Sending command to the server: 'time'
client 2025-02-27 05:41:41,199 [INFO] Got response: '1740634900.8827796'
client 2025-02-27 05:41:41,199 [INFO] The time difference between the client and the server is within range 304.354 ms..316.765 ms
client 2025-02-27 05:41:41,199 [INFO] Running the workload ' MLC_MLPERF_RUN_COUNT=$(cat ${MLC_RUN_DIR}/count.txt); echo ${MLC_MLPERF_RUN_COUNT}; MLC_MLPERF_RUN_COUNT=$((MLC_MLPERF_RUN_COUNT+1)); echo ${MLC_MLPERF_RUN_COUNT} > ${MLC_RUN_DIR}/count.txt; if [ ${MLC_MLPERF_RUN_COUNT} -eq 1 ]; then export MLC_MLPERF_USER_CONF="${MLC_MLPERF_RANGING_USER_CONF}"; else export MLC_MLPERF_USER_CONF="${MLC_MLPERF_TESTING_USER_CONF}"; fi ; /home/arjun/MLC/repos/gateoverflow@mlperf-automations/script/run-all-mlperf-models/run.out'
client 2025-02-27 05:51:41,838 [INFO] Sending command to the server: 'time'
client 2025-02-27 05:51:41,852 [INFO] Got response: '1740635501.5254984'
client 2025-02-27 05:51:41,852 [INFO] The time difference between the client and the server is within range 312.872 ms..327.260 ms
client 2025-02-27 05:51:41,852 [INFO] Sending command to the server: 'session,2025-02-27_05-35-51,stop,testing'
client 2025-02-27 05:51:52,313 [INFO] Got response: 'OK'
client 2025-02-27 05:51:52,313 [INFO] Sending command to the server: 'time'
client 2025-02-27 05:51:52,325 [INFO] Got response: '1740635511.9984682'
client 2025-02-27 05:51:52,325 [INFO] The time difference between the client and the server is within range 315.200 ms..327.237 ms
client 2025-02-27 05:51:52,326 [INFO] Copying loadgen logs from '/home/arjun/MLC/repos/local/cache/get-mlperf-inference-results-dir_e3f7a2f6/valid_results/mini-tflite_cpp-cpu-tflite-vmaster-default_config/mobilenet-v1-precision_uint8-0.5-192/singlestream/performance/run_1' to '/home/arjun/MLC/repos/local/cache/get-mlperf-inference-results-dir_e3f7a2f6/valid_results/mini-tflite_cpp-cpu-tflite-vmaster-default_config/mobilenet-v1-precision_uint8-0.5-192/singlestream/performance/tmp_power/run_1'
client 2025-02-27 05:51:52,327 [INFO] Done runs
