Graph file: /home/mlcuser/MLC/repos/local/cache/get-ml-model-mobilenet_44f0b028/mobilenet_v1_0.25_224_quant.tflite
Image dir: /home/mlcuser/MLC/repos/local/cache/get-preprocessed-dataset-imagenet_9d8fd9a1
Image list: /home/mlcuser/MLC/repos/local/cache/get-preprocessed-dataset-imagenet_9d8fd9a1/preprocessed_files.txt
Image size: 224
Image channels: 3
Prediction classes: 1000
Result dir: /home/mlcuser/MLC/repos/local/cache/get-mlperf-inference-results-dir_efb60c2c/valid_results/8a15d68f4cec-tflite_cpp-cpu-tflite-vmaster-default_config/mobilenet-v1-precision_uint8-0.25-224/singlestream/performance/run_1
How many images fit in memory buffer: 1024
Normalize: 1
Subtract mean: 0
Run time preprocessing: 1
Number of Threads: 16
Number of available imagefiles: 50000

Loading graph...
INFO: Created TensorFlow Lite XNNPACK delegate for CPU.
Input tensor dimensions (NHWC): 1*224*224*3
Output tensor dimensions: 1*1001
Path to user.conf : /home/mlcuser/MLC/repos/gateoverflow@mlperf-automations/script/generate-mlperf-inference-user-conf/tmp/099adcf800b54df587a14a89a5bdc7c2.conf
Model Name: mobilenet
LoadGen Scenario: SingleStream
LoadGen Mode: performance
