Graph file: /home/ubuntu/MLC/repos/local/cache/get-ml-model-mobilenet_008610e3/v2_160_100/model.tflite
Image dir: /home/ubuntu/MLC/repos/local/cache/get-preprocessed-dataset-imagenet_7e762af4
Image list: /home/ubuntu/MLC/repos/local/cache/get-preprocessed-dataset-imagenet_7e762af4/preprocessed_files.txt
Image size: 160
Image channels: 3
Prediction classes: 1000
Result dir: /home/ubuntu/MLC/repos/local/cache/get-mlperf-inference-results-dir_2b82b9a0/valid_results/i_0f606743f36e7f548-tflite_cpp-cpu-tflite-vmaster-default_config/mobilenet-v2-precision_uint8-1.0-160/singlestream/accuracy
How many images fit in memory buffer: 1024
Normalize: 1
Subtract mean: 0
Run time preprocessing: 1
Number of Threads: 4
Number of available imagefiles: 50000

Loading graph...
INFO: Created TensorFlow Lite XNNPACK delegate for CPU.
Input tensor dimensions (NHWC): 1*160*160*3
Output tensor dimensions: 1*1001
Path to user.conf : /home/ubuntu/MLC/repos/gateoverflow@mlperf-automations/script/generate-mlperf-inference-user-conf/tmp/74e1ff4960a34f469d1476b24c81a097.conf
Model Name: mobilenet
LoadGen Scenario: SingleStream
LoadGen Mode: accuracy
