Graph file: /home/sujithmenon2288/MLC/repos/local/cache/get-ml-model-mobilenet_efa74245/mobilenet_v2_0.75_192.tflite
Image dir: /home/sujithmenon2288/MLC/repos/local/cache/get-preprocessed-dataset-imagenet_9a8f3d0b
Image list: /home/sujithmenon2288/MLC/repos/local/cache/get-preprocessed-dataset-imagenet_9a8f3d0b/preprocessed_files.txt
Image size: 192
Image channels: 3
Prediction classes: 1000
Result dir: /home/sujithmenon2288/MLC/repos/local/cache/get-mlperf-inference-results-dir_8ad0e44f/valid_results/mlpref25_gcp.asia_southeast1_b.c.caramel_vim_451801_a4.internal-tflite_cpp-cpu-tflite-vmaster-default_config/mobilenet-v2-precision_float-0.75-192/singlestream/accuracy
How many images fit in memory buffer: 1024
Normalize: 1
Subtract mean: 0
Run time preprocessing: 0
Number of Threads: 4
Number of available imagefiles: 50000

Loading graph...
INFO: Created TensorFlow Lite XNNPACK delegate for CPU.
Input tensor dimensions (NHWC): 1*192*192*3
Output tensor dimensions: 1*1001
Path to user.conf : /home/sujithmenon2288/MLC/repos/mlcommons@mlperf-automations/script/generate-mlperf-inference-user-conf/tmp/61ed0f7548e54954889b8c016d239a94.conf
Model Name: mobilenet
LoadGen Scenario: SingleStream
LoadGen Mode: accuracy
