Graph file: /home/arjun/MLC/repos/local/cache/get-ml-model-mobilenet_21814edf/mobilenet_v2_0.5_128.tflite
Image dir: /home/arjun/MLC/repos/local/cache/get-preprocessed-dataset-imagenet_cd50c58b
Image list: /home/arjun/MLC/repos/local/cache/get-preprocessed-dataset-imagenet_cd50c58b/preprocessed_files.txt
Image size: 128
Image channels: 3
Prediction classes: 1000
Result dir: /home/arjun/MLC/repos/local/cache/get-mlperf-inference-results-dir_efb60c2c/valid_results/phoenix_Amd_Am5-tflite_cpp-cpu-tflite-vmaster-default_config/mobilenet-v2-precision_float-0.5-128/singlestream/accuracy
How many images fit in memory buffer: 1024
Normalize: 1
Subtract mean: 0
Run time preprocessing: 0
Number of Threads: 16
Number of available imagefiles: 50000

Loading graph...
INFO: Created TensorFlow Lite XNNPACK delegate for CPU.
Input tensor dimensions (NHWC): 1*128*128*3
Output tensor dimensions: 1*1001
Path to user.conf : /home/arjun/MLC/repos/gateoverflow@mlperf-automations/script/generate-mlperf-inference-user-conf/tmp/bd900262934b44589fcb8f5ad06abb45.conf
Model Name: mobilenet
LoadGen Scenario: SingleStream
LoadGen Mode: accuracy
