python3 python/main.py --profile resnet50-tf --model "/home/mlcuser/MLC/repos/local/cache/download-file_fd4a5cd7/resnet50_v1.pb" --dataset-path /home/mlcuser/MLC/repos/local/cache/get-preprocessed-dataset-imagenet_e43cf86d --output "/home/mlcuser/MLC/repos/local/cache/get-mlperf-inference-results-dir_b14e6733/valid_results/8c42efe93456-reference-cpu-tf-v2.18.0-default_config/resnet50/multistream/accuracy" --scenario MultiStream --threads 16 --user_conf /home/mlcuser/MLC/repos/mlcommons@mlperf-automations/script/generate-mlperf-inference-user-conf/tmp/e9febf0ca9d6487cafae70dc316bcc16.conf --accuracy --use_preprocessed_dataset --cache_dir /home/mlcuser/MLC/repos/local/cache/get-preprocessed-dataset-imagenet_e43cf86d --dataset-list /home/mlcuser/MLC/repos/local/cache/extract-file_39ad5476/val.txt
INFO:main:Namespace(dataset='imagenet', dataset_path='/home/mlcuser/MLC/repos/local/cache/get-preprocessed-dataset-imagenet_e43cf86d', dataset_list='/home/mlcuser/MLC/repos/local/cache/extract-file_39ad5476/val.txt', data_format=None, profile='resnet50-tf', scenario='MultiStream', max_batchsize=32, model='/home/mlcuser/MLC/repos/local/cache/download-file_fd4a5cd7/resnet50_v1.pb', output='/home/mlcuser/MLC/repos/local/cache/get-mlperf-inference-results-dir_b14e6733/valid_results/8c42efe93456-reference-cpu-tf-v2.18.0-default_config/resnet50/multistream/accuracy', inputs=['input_tensor:0'], outputs=['ArgMax:0'], backend='tensorflow', device=None, model_name='resnet50', threads=16, qps=None, cache=0, cache_dir='/home/mlcuser/MLC/repos/local/cache/get-preprocessed-dataset-imagenet_e43cf86d', preprocessed_dir=None, use_preprocessed_dataset=True, accuracy=True, find_peak_performance=False, debug=False, user_conf='/home/mlcuser/MLC/repos/mlcommons@mlperf-automations/script/generate-mlperf-inference-user-conf/tmp/e9febf0ca9d6487cafae70dc316bcc16.conf', audit_conf='audit.config', time=None, count=None, performance_sample_count=None, max_latency=None, samples_per_query=8)
2025-02-18 07:10:42.729229: I tensorflow/core/util/port.cc:153] oneDNN custom operations are on. You may see slightly different numerical results due to floating-point round-off errors from different computation orders. To turn them off, set the environment variable `TF_ENABLE_ONEDNN_OPTS=0`.
2025-02-18 07:10:42.732751: I external/local_xla/xla/tsl/cuda/cudart_stub.cc:32] Could not find cuda drivers on your machine, GPU will not be used.
2025-02-18 07:10:42.738844: I external/local_xla/xla/tsl/cuda/cudart_stub.cc:32] Could not find cuda drivers on your machine, GPU will not be used.
2025-02-18 07:10:42.751766: E external/local_xla/xla/stream_executor/cuda/cuda_fft.cc:477] Unable to register cuFFT factory: Attempting to register factory for plugin cuFFT when one has already been registered
WARNING: All log messages before absl::InitializeLog() is called are written to STDERR
E0000 00:00:1739862642.771125    8630 cuda_dnn.cc:8310] Unable to register cuDNN factory: Attempting to register factory for plugin cuDNN when one has already been registered
E0000 00:00:1739862642.777006    8630 cuda_blas.cc:1418] Unable to register cuBLAS factory: Attempting to register factory for plugin cuBLAS when one has already been registered
2025-02-18 07:10:42.796225: I tensorflow/core/platform/cpu_feature_guard.cc:210] This TensorFlow binary is optimized to use available CPU instructions in performance-critical operations.
To enable the following instructions: AVX2 AVX_VNNI FMA, in other operations, rebuild TensorFlow with the appropriate compiler flags.
INFO:imagenet:Loading 50000 preprocessed images using 16 threads
INFO:imagenet:loaded 50000 images, cache=0, already_preprocessed=True, took=1.4sec
WARNING:tensorflow:From /home/mlcuser/MLC/repos/local/cache/get-git-repo_03a942e4/inference/vision/classification_and_detection/python/backend_tf.py:55: FastGFile.__init__ (from tensorflow.python.platform.gfile) is deprecated and will be removed in a future version.
Instructions for updating:
Use tf.gfile.GFile.
WARNING:tensorflow:From /home/mlcuser/venv/mlc/lib/python3.10/site-packages/tensorflow/python/tools/strip_unused_lib.py:84: extract_sub_graph (from tensorflow.python.framework.graph_util_impl) is deprecated and will be removed in a future version.
Instructions for updating:
This API was designed for TensorFlow v1. See https://www.tensorflow.org/guide/migrate for instructions on how to migrate your code to TensorFlow v2.
WARNING:tensorflow:From /home/mlcuser/venv/mlc/lib/python3.10/site-packages/tensorflow/python/tools/optimize_for_inference_lib.py:138: remove_training_nodes (from tensorflow.python.framework.graph_util_impl) is deprecated and will be removed in a future version.
Instructions for updating:
This API was designed for TensorFlow v1. See https://www.tensorflow.org/guide/migrate for instructions on how to migrate your code to TensorFlow v2.
2025-02-18 07:11:28.811472: E external/local_xla/xla/stream_executor/cuda/cuda_driver.cc:152] failed call to cuInit: INTERNAL: CUDA error: Failed call to cuInit: UNKNOWN ERROR (303)
WARNING: All log messages before absl::InitializeLog() is called are written to STDERR
I0000 00:00:1739862688.860198    8630 mlir_graph_optimization_pass.cc:401] MLIR V1 optimization pass is not enabled
INFO:main:starting TestScenario.MultiStream
TestScenario.MultiStream qps=146.54, mean=0.4014, time=42.650, acc=76.456%, queries=6250, tiles=50.0:0.3928,80.0:0.4251,90.0:0.4473,95.0:0.4677,99.0:0.5089,99.9:0.5726
