[2025-02-13 01:33:36,837 main.py:229 INFO] Detected system ID: KnownSystem.c48880270644
[2025-02-13 01:33:37,159 generate_conf_files.py:107 INFO] Generated measurements/ entries for c48880270644_TRT/bert-99.9/SingleStream
[2025-02-13 01:33:37,160 __init__.py:46 INFO] Running command: ./build/bin/harness_bert --logfile_outdir="/mlc-mount/home/arjun/gh_action_results/valid_results/RTX4090x2-nvidia_original-gpu-tensorrt-vdefault-default_config/bert-99.9/singlestream/performance/run_1" --logfile_prefix="mlperf_log_" --performance_sample_count=10833 --test_mode="PerformanceOnly" --gpu_batch_size=1 --mlperf_conf_path="/home/mlcuser/MLC/repos/local/cache/get-git-repo_14157262/inference/mlperf.conf" --tensor_path="build/preprocessed_data/squad_tokenized/input_ids.npy,build/preprocessed_data/squad_tokenized/segment_ids.npy,build/preprocessed_data/squad_tokenized/input_mask.npy" --use_graphs=true --user_conf_path="/home/mlcuser/MLC/repos/mlcommons@mlperf-automations/script/generate-mlperf-inference-user-conf/tmp/173dc2a124d149bdb09f93876aa3bdc5.conf" --gpu_inference_streams=1 --gpu_copy_streams=1 --gpu_engines="./build/engines/c48880270644/bert/SingleStream/bert-SingleStream-gpu-fp16_S_384_B_1_P_1_vs.custom_k_99_9_MaxP.plan" --scenario SingleStream --model bert
[2025-02-13 01:33:37,160 __init__.py:53 INFO] Overriding Environment
benchmark : Benchmark.BERT
buffer_manager_thread_count : 0
coalesced_tensor : True
data_dir : /home/mlcuser/MLC/repos/local/cache/get-mlperf-inference-nvidia-scratch-space_5aab030f/data
gpu_batch_size : 1
gpu_copy_streams : 1
gpu_inference_streams : 1
input_dtype : int32
input_format : linear
log_dir : /home/mlcuser/MLC/repos/local/cache/get-git-repo_0ab377fc/repo/closed/NVIDIA/build/logs/2025.02.13-01.33.35
mlperf_conf_path : /home/mlcuser/MLC/repos/local/cache/get-git-repo_14157262/inference/mlperf.conf
precision : fp16
preprocessed_data_dir : /home/mlcuser/MLC/repos/local/cache/get-mlperf-inference-nvidia-scratch-space_5aab030f/preprocessed_data
scenario : Scenario.SingleStream
single_stream_expected_latency_ns : 0
system : SystemConfiguration(host_cpu_conf=CPUConfiguration(layout={CPU(name='Intel(R) Xeon(R) w7-2495X', architecture=<CPUArchitecture.x86_64: AliasedName(name='x86_64', aliases=(), patterns=())>, core_count=24, threads_per_core=2): 1}), host_mem_conf=MemoryConfiguration(host_memory_capacity=Memory(quantity=197.33452799999998, byte_suffix=<ByteSuffix.GB: (1000, 3)>, _num_bytes=197334528000), comparison_tolerance=0.05), accelerator_conf=AcceleratorConfiguration(layout=defaultdict(<class 'int'>, {GPU(name='NVIDIA GeForce RTX 4090', accelerator_type=<AcceleratorType.Discrete: AliasedName(name='Discrete', aliases=(), patterns=())>, vram=Memory(quantity=23.98828125, byte_suffix=<ByteSuffix.GiB: (1024, 3)>, _num_bytes=25757220864), max_power_limit=450.0, pci_id='0x268410DE', compute_sm=89): 1, GPU(name='NVIDIA GeForce RTX 4090', accelerator_type=<AcceleratorType.Discrete: AliasedName(name='Discrete', aliases=(), patterns=())>, vram=Memory(quantity=23.98828125, byte_suffix=<ByteSuffix.GiB: (1024, 3)>, _num_bytes=25757220864), max_power_limit=500.0, pci_id='0x268410DE', compute_sm=89): 1})), numa_conf=None, system_id='c48880270644')
tensor_path : build/preprocessed_data/squad_tokenized/input_ids.npy,build/preprocessed_data/squad_tokenized/segment_ids.npy,build/preprocessed_data/squad_tokenized/input_mask.npy
test_mode : PerformanceOnly
use_graphs : True
use_small_tile_gemm_plugin : False
user_conf_path : /home/mlcuser/MLC/repos/mlcommons@mlperf-automations/script/generate-mlperf-inference-user-conf/tmp/173dc2a124d149bdb09f93876aa3bdc5.conf
system_id : c48880270644
config_name : c48880270644_bert_SingleStream
workload_setting : WorkloadSetting(HarnessType.Custom, AccuracyTarget.k_99_9, PowerSetting.MaxP)
optimization_level : plugin-enabled
num_profiles : 1
config_ver : custom_k_99_9_MaxP
accuracy_level : 99.9%
inference_server : custom
skip_file_checks : True
power_limit : None
cpu_freq : None
&&&& RUNNING BERT_HARNESS # ./build/bin/harness_bert
I0213 01:33:37.210613  9476 main_bert.cc:164] Found 2 GPUs
I0213 01:33:37.336078  9476 bert_server.cc:147] Engine Path: ./build/engines/c48880270644/bert/SingleStream/bert-SingleStream-gpu-fp16_S_384_B_1_P_1_vs.custom_k_99_9_MaxP.plan
[I] [TRT] Loaded engine size: 638 MiB
[I] [TRT] Loaded engine size: 638 MiB
[W] [TRT] Using an engine plan file across different models of devices is not recommended and is likely to affect performance or even cause errors.
[I] [TRT] [MemUsageChange] Init cuBLAS/cuBLASLt: CPU +68, GPU +10, now: CPU 823, GPU 1459 (MiB)
[I] [TRT] [MemUsageChange] Init cuDNN: CPU +1, GPU +10, now: CPU 824, GPU 1469 (MiB)
[I] [TRT] [MemUsageChange] TensorRT-managed allocation in engine deserialization: CPU +0, GPU +1152, now: CPU 0, GPU 1152 (MiB)
[I] [TRT] [MemUsageChange] Init cuBLAS/cuBLASLt: CPU +6, GPU +10, now: CPU 832, GPU 1316 (MiB)
[I] [TRT] [MemUsageChange] Init cuDNN: CPU +1, GPU +10, now: CPU 833, GPU 1326 (MiB)
[I] [TRT] [MemUsageChange] TensorRT-managed allocation in engine deserialization: CPU +0, GPU +576, now: CPU 0, GPU 1152 (MiB)
I0213 01:33:37.905385  9476 bert_server.cc:208] Engines Creation Completed
I0213 01:33:37.931243  9476 bert_server.cc:213] Use CUDA graphs
I0213 01:33:37.931367  9476 bert_core_vs.cc:385] Engine - Device Memory requirements: 8652288
I0213 01:33:37.931370  9476 bert_core_vs.cc:393] Engine - Number of Optimization Profiles: 1
I0213 01:33:37.931375  9476 bert_core_vs.cc:415] Engine - Profile 0 maxDims 384 Bmax=1 Smax=384
[I] [TRT] [MemUsageChange] Init cuBLAS/cuBLASLt: CPU +0, GPU +8, now: CPU 195, GPU 1471 (MiB)
[I] [TRT] [MemUsageChange] Init cuDNN: CPU +0, GPU +8, now: CPU 195, GPU 1479 (MiB)
I0213 01:33:37.964202  9476 bert_core_vs.cc:426] Setting Opt.Prof. to 0
I0213 01:33:37.964226  9476 bert_core_vs.cc:444] Context creation complete. Max supported batchSize: 1
I0213 01:33:37.964285  9476 bert_core_vs.cc:476] Setup complete
[I] [TRT] [MemUsageChange] TensorRT-managed allocation in IExecutionContext creation: CPU +1, GPU +0, now: CPU 1, GPU 1152 (MiB)
I0213 01:33:37.964424  9476 bert_core_vs.cc:385] Engine - Device Memory requirements: 8652288
I0213 01:33:37.964427  9476 bert_core_vs.cc:393] Engine - Number of Optimization Profiles: 1
I0213 01:33:37.964430  9476 bert_core_vs.cc:415] Engine - Profile 0 maxDims 384 Bmax=1 Smax=384
[I] [TRT] [MemUsageChange] Init cuBLAS/cuBLASLt: CPU +0, GPU +8, now: CPU 257, GPU 1328 (MiB)
[I] [TRT] [MemUsageChange] Init cuDNN: CPU +1, GPU +8, now: CPU 258, GPU 1336 (MiB)
I0213 01:33:37.998342  9476 bert_core_vs.cc:426] Setting Opt.Prof. to 0
I0213 01:33:37.998354  9476 bert_core_vs.cc:444] Context creation complete. Max supported batchSize: 1
I0213 01:33:37.998412  9476 bert_core_vs.cc:476] Setup complete
[I] [TRT] [MemUsageChange] TensorRT-managed allocation in IExecutionContext creation: CPU +1, GPU +0, now: CPU 2, GPU 1152 (MiB)
I0213 01:33:38.236900  9486 bert_core_vs.cc:352] Created 96 CUDA graphs
I0213 01:33:38.264392  9488 bert_core_vs.cc:352] Created 96 CUDA graphs
I0213 01:33:38.269075  9476 main_bert.cc:185] Starting running actual test.
I0213 01:43:39.817723  9476 main_bert.cc:191] Finished running actual test.
================================================
MLPerf Results Summary
================================================
SUT name : BERT SERVER
Scenario : SingleStream
Mode     : PerformanceOnly
90th percentile latency (ns) : 2175041
Result is : VALID
  Min duration satisfied : Yes
  Min queries satisfied : Yes
  Early stopping satisfied: Yes
Early Stopping Result:
 * Processed at least 64 queries (390977).
 * Would discard 38660 highest latency queries.
 * Early stopping 90th percentile estimate: 2176032
 * Early stopping 99th percentile estimate: 2644065

================================================
Additional Stats
================================================
QPS w/ loadgen overhead         : 651.63
QPS w/o loadgen overhead        : 654.09

Min latency (ns)                : 1171771
Max latency (ns)                : 3201627
Mean latency (ns)               : 1528847
50.00 percentile latency (ns)   : 1444381
90.00 percentile latency (ns)   : 2175041
95.00 percentile latency (ns)   : 2342317
97.00 percentile latency (ns)   : 2611929
99.00 percentile latency (ns)   : 2643584
99.90 percentile latency (ns)   : 2666485

================================================
Test Parameters Used
================================================
samples_per_query : 1
target_qps : 2000
target_latency (ns): 0
max_async_queries : 1
min_duration (ms): 600000
max_duration (ms): 660000
min_query_count : 100
max_query_count : 0
qsl_rng_seed : 6023615788873153749
sample_index_rng_seed : 15036839855038426416
schedule_rng_seed : 9933818062894767841
accuracy_log_rng_seed : 0
accuracy_log_probability : 0
accuracy_log_sampling_target : 0
print_timestamps : 0
performance_issue_unique : 0
performance_issue_same : 0
performance_issue_same_index : 0
performance_sample_count : 10833

No warnings encountered during test.

No errors encountered during test.
[2025-02-13 01:43:40,053 run_harness.py:166 INFO] Result: result_90.00_percentile_latency_ns: 2175041, Result is VALID
 
======================== Result summaries: ========================

