client 2025-02-26 23:24:31,598 [INFO] Creating output directory '/home/arjun/MLC/repos/local/cache/get-mlperf-inference-results-dir_e3f7a2f6/valid_results/mini-tflite_cpp-cpu-tflite-vmaster-default_config/mobilenet-v2-precision_float-0.35-128/singlestream/performance/tmp_power'
client 2025-02-26 23:24:31,608 [INFO] Sending command to the server: 'mlcommons/power client v3'
client 2025-02-26 23:24:31,637 [INFO] Got response: 'mlcommons/power server v3'
client 2025-02-26 23:24:31,637 [INFO] Synchronizing with the server and with time.google.com...
client 2025-02-26 23:24:31,661 [INFO] NTP:offset = -0.004 s, delay = 0.019 s 
client 2025-02-26 23:24:31,661 [INFO] Sending command to the server: 'time'
client 2025-02-26 23:24:31,676 [INFO] Got response: '1740612271.5286298'
client 2025-02-26 23:24:31,676 [INFO] The time difference between the client and the server is within range 133.137 ms..147.907 ms
client 2025-02-26 23:24:31,676 [INFO] Sending command to the server: 'new,,94adb03a-24ae-4b66-86c2-c6936088779c'
client 2025-02-26 23:24:31,691 [INFO] Got response: 'OK 2025-02-26_23-24-31,f9aa40f2-5ffa-4a2f-9eec-bb9d2a7365ef'
client 2025-02-26 23:24:31,691 [INFO] Session id is '2025-02-26_23-24-31'
client 2025-02-26 23:24:31,691 [INFO] Sources: {"sources": {"__init__.py": "da39a3ee5e6b4b0d3255bfef95601890afd80709", "client.py": "33ca4f26368777ac06e01f9567b714a4b8063886", "lib/__init__.py": "da39a3ee5e6b4b0d3255bfef95601890afd80709", "lib/client.py": "ac2aa093c8e8bbc9569b9e2a3471bc64e58a2258", "lib/common.py": "611d8b29633d331eb19c9455ea3b5fa3284ed6df", "lib/external/__init__.py": "da39a3ee5e6b4b0d3255bfef95601890afd80709", "lib/external/ntplib.py": "4da8f970656505a40483206ef2b5d3dd5e81711d", "lib/server.py": "9bc9a3b6b9b716520658ac175913bcbbdb354336", "lib/source_hashes.py": "60a2e02193209e8d392803326208d5466342da18", "lib/summary.py": "602a9fedfa503e5544d27ab3b0067f235047efc3", "lib/time_sync.py": "80894ef2389e540781ff78de94db16aa4203a14e", "server.py": "c3f90f2f7eeb4db30727556d0c815ebc89b3d28b", "tests/unit/__init__.py": "da39a3ee5e6b4b0d3255bfef95601890afd80709", "tests/unit/test_server.py": "948c1995d4008bc2aa6c4046a34ffa3858d6d671", "tests/unit/test_source_hashes.py": "00468a2907583c593e6574a1f6b404e4651c221a"}, "modules": {"ptd_client_server.lib.client": "lib/client.py", "ptd_client_server.lib.common": "lib/common.py", "ptd_client_server.lib.external.ntplib": "lib/external/ntplib.py", "ptd_client_server.lib.source_hashes": "lib/source_hashes.py", "ptd_client_server.lib.summary": "lib/summary.py", "ptd_client_server.lib.time_sync": "lib/time_sync.py"}}
client 2025-02-26 23:24:31,692 [INFO] Running workload in ranging mode
client 2025-02-26 23:24:31,692 [INFO] Synchronizing with the server and with time.google.com...
client 2025-02-26 23:24:31,714 [INFO] NTP:offset = -0.006 s, delay = 0.020 s 
client 2025-02-26 23:24:31,714 [INFO] Sending command to the server: 'time'
client 2025-02-26 23:24:31,727 [INFO] Got response: '1740612271.5794961'
client 2025-02-26 23:24:31,728 [INFO] The time difference between the client and the server is within range 134.784 ms..148.535 ms
client 2025-02-26 23:24:31,728 [INFO] Sending command to the server: 'session,2025-02-26_23-24-31,start,ranging'
client 2025-02-26 23:24:56,337 [INFO] Got response: 'OK'
client 2025-02-26 23:24:56,337 [INFO] Sending command to the server: 'time'
client 2025-02-26 23:24:56,348 [INFO] Got response: '1740612296.2016544'
client 2025-02-26 23:24:56,348 [INFO] The time difference between the client and the server is within range 135.736 ms..146.604 ms
client 2025-02-26 23:24:56,348 [INFO] Running the workload ' MLC_MLPERF_RUN_COUNT=$(cat ${MLC_RUN_DIR}/count.txt); echo ${MLC_MLPERF_RUN_COUNT}; MLC_MLPERF_RUN_COUNT=$((MLC_MLPERF_RUN_COUNT+1)); echo ${MLC_MLPERF_RUN_COUNT} > ${MLC_RUN_DIR}/count.txt; if [ ${MLC_MLPERF_RUN_COUNT} -eq 1 ]; then export MLC_MLPERF_USER_CONF="${MLC_MLPERF_RANGING_USER_CONF}"; else export MLC_MLPERF_USER_CONF="${MLC_MLPERF_TESTING_USER_CONF}"; fi ; /home/arjun/MLC/repos/gateoverflow@mlperf-automations/script/run-all-mlperf-models/run.out'
client 2025-02-26 23:29:58,629 [INFO] Sending command to the server: 'time'
client 2025-02-26 23:29:58,643 [INFO] Got response: '1740612598.4895563'
client 2025-02-26 23:29:58,643 [INFO] The time difference between the client and the server is within range 139.557 ms..154.103 ms
client 2025-02-26 23:29:58,643 [INFO] Sending command to the server: 'session,2025-02-26_23-24-31,stop,ranging'
client 2025-02-26 23:30:09,682 [INFO] Got response: 'OK'
client 2025-02-26 23:30:09,682 [INFO] Sending command to the server: 'time'
client 2025-02-26 23:30:09,693 [INFO] Got response: '1740612609.5403464'
client 2025-02-26 23:30:09,694 [INFO] The time difference between the client and the server is within range 142.037 ms..153.754 ms
client 2025-02-26 23:30:09,697 [INFO] Copying loadgen logs from '/home/arjun/MLC/repos/local/cache/get-mlperf-inference-results-dir_e3f7a2f6/valid_results/mini-tflite_cpp-cpu-tflite-vmaster-default_config/mobilenet-v2-precision_float-0.35-128/singlestream/performance/run_1' to '/home/arjun/MLC/repos/local/cache/get-mlperf-inference-results-dir_e3f7a2f6/valid_results/mini-tflite_cpp-cpu-tflite-vmaster-default_config/mobilenet-v2-precision_float-0.35-128/singlestream/performance/tmp_power/ranging'
client 2025-02-26 23:30:09,698 [INFO] Running workload in testing mode
client 2025-02-26 23:30:09,698 [INFO] Synchronizing with the server and with time.google.com...
client 2025-02-26 23:30:09,719 [INFO] NTP:offset = -0.004 s, delay = 0.019 s 
client 2025-02-26 23:30:09,719 [INFO] Sending command to the server: 'time'
client 2025-02-26 23:30:10,277 [INFO] Got response: '1740612609.577133'
client 2025-02-26 23:30:10,277 [INFO] The time difference between the client and the server is within range 142.211 ms..700.468 ms
client 2025-02-26 23:30:10,277 [WARNING] The time difference between the client and the server is more than 400 ms
client 2025-02-26 23:30:10,277 [INFO] Sending command to the server: 'set_ntp'
client 2025-02-26 23:30:11,528 [INFO] Got response: 'OK'
client 2025-02-26 23:30:11,528 [INFO] Synchronizing with time.google.com time using NTP...
client 2025-02-26 23:30:12,754 [INFO] Set system time at 2025-02-26 23:30:12.754323
client 2025-02-26 23:30:12,791 [INFO] NTP:offset = -0.001 s, delay = 0.024 s 
client 2025-02-26 23:30:12,791 [INFO] Sending command to the server: 'time'
client 2025-02-26 23:30:12,803 [INFO] Got response: '1740612612.795339'
client 2025-02-26 23:30:12,804 [INFO] The time difference between the client and the server is within range -4.003 ms..8.713 ms
client 2025-02-26 23:30:12,804 [INFO] Sending command to the server: 'session,2025-02-26_23-24-31,start,testing'
client 2025-02-26 23:30:26,063 [INFO] Got response: 'OK'
client 2025-02-26 23:30:26,063 [INFO] Sending command to the server: 'time'
client 2025-02-26 23:30:26,077 [INFO] Got response: '1740612626.0664186'
client 2025-02-26 23:30:26,078 [INFO] The time difference between the client and the server is within range -3.144 ms..11.703 ms
client 2025-02-26 23:30:26,078 [INFO] Running the workload ' MLC_MLPERF_RUN_COUNT=$(cat ${MLC_RUN_DIR}/count.txt); echo ${MLC_MLPERF_RUN_COUNT}; MLC_MLPERF_RUN_COUNT=$((MLC_MLPERF_RUN_COUNT+1)); echo ${MLC_MLPERF_RUN_COUNT} > ${MLC_RUN_DIR}/count.txt; if [ ${MLC_MLPERF_RUN_COUNT} -eq 1 ]; then export MLC_MLPERF_USER_CONF="${MLC_MLPERF_RANGING_USER_CONF}"; else export MLC_MLPERF_USER_CONF="${MLC_MLPERF_TESTING_USER_CONF}"; fi ; /home/arjun/MLC/repos/gateoverflow@mlperf-automations/script/run-all-mlperf-models/run.out'
client 2025-02-26 23:40:29,885 [INFO] Sending command to the server: 'time'
client 2025-02-26 23:40:29,907 [INFO] Got response: '1740613229.87905'
client 2025-02-26 23:40:29,907 [INFO] The time difference between the client and the server is within range 6.410 ms..28.761 ms
client 2025-02-26 23:40:29,907 [INFO] Sending command to the server: 'session,2025-02-26_23-24-31,stop,testing'
client 2025-02-26 23:40:41,610 [INFO] Got response: 'OK'
client 2025-02-26 23:40:41,610 [INFO] Sending command to the server: 'time'
client 2025-02-26 23:40:41,623 [INFO] Got response: '1740613241.5955663'
client 2025-02-26 23:40:41,623 [INFO] The time difference between the client and the server is within range 14.796 ms..27.753 ms
client 2025-02-26 23:40:41,624 [INFO] Copying loadgen logs from '/home/arjun/MLC/repos/local/cache/get-mlperf-inference-results-dir_e3f7a2f6/valid_results/mini-tflite_cpp-cpu-tflite-vmaster-default_config/mobilenet-v2-precision_float-0.35-128/singlestream/performance/run_1' to '/home/arjun/MLC/repos/local/cache/get-mlperf-inference-results-dir_e3f7a2f6/valid_results/mini-tflite_cpp-cpu-tflite-vmaster-default_config/mobilenet-v2-precision_float-0.35-128/singlestream/performance/tmp_power/run_1'
client 2025-02-26 23:40:41,624 [INFO] Done runs
