client 2025-02-26 19:53:53,763 [INFO] Creating output directory '/home/arjun/MLC/repos/local/cache/get-mlperf-inference-results-dir_e3f7a2f6/valid_results/mini-tflite_cpp-cpu-tflite-vmaster-default_config/mobilenet-v2-precision_float-0.75-192/singlestream/performance/tmp_power'
client 2025-02-26 19:53:53,771 [INFO] Sending command to the server: 'mlcommons/power client v3'
client 2025-02-26 19:53:53,782 [INFO] Got response: 'mlcommons/power server v3'
client 2025-02-26 19:53:53,782 [INFO] Synchronizing with the server and with time.google.com...
client 2025-02-26 19:53:53,806 [INFO] NTP:offset = -0.004 s, delay = 0.020 s 
client 2025-02-26 19:53:53,806 [INFO] Sending command to the server: 'time'
client 2025-02-26 19:53:53,817 [INFO] Got response: '1740599633.520176'
client 2025-02-26 19:53:53,817 [INFO] The time difference between the client and the server is within range 286.707 ms..297.111 ms
client 2025-02-26 19:53:53,817 [INFO] Sending command to the server: 'new,,2a5456cc-3af8-4209-9e00-5614c1acf9a5'
client 2025-02-26 19:53:53,835 [INFO] Got response: 'OK 2025-02-26_19-53-53,ae681fab-9fd0-490c-b96b-a169e5d86853'
client 2025-02-26 19:53:53,835 [INFO] Session id is '2025-02-26_19-53-53'
client 2025-02-26 19:53:53,835 [INFO] Sources: {"sources": {"__init__.py": "da39a3ee5e6b4b0d3255bfef95601890afd80709", "client.py": "33ca4f26368777ac06e01f9567b714a4b8063886", "lib/__init__.py": "da39a3ee5e6b4b0d3255bfef95601890afd80709", "lib/client.py": "ac2aa093c8e8bbc9569b9e2a3471bc64e58a2258", "lib/common.py": "611d8b29633d331eb19c9455ea3b5fa3284ed6df", "lib/external/__init__.py": "da39a3ee5e6b4b0d3255bfef95601890afd80709", "lib/external/ntplib.py": "4da8f970656505a40483206ef2b5d3dd5e81711d", "lib/server.py": "9bc9a3b6b9b716520658ac175913bcbbdb354336", "lib/source_hashes.py": "60a2e02193209e8d392803326208d5466342da18", "lib/summary.py": "602a9fedfa503e5544d27ab3b0067f235047efc3", "lib/time_sync.py": "80894ef2389e540781ff78de94db16aa4203a14e", "server.py": "c3f90f2f7eeb4db30727556d0c815ebc89b3d28b", "tests/unit/__init__.py": "da39a3ee5e6b4b0d3255bfef95601890afd80709", "tests/unit/test_server.py": "948c1995d4008bc2aa6c4046a34ffa3858d6d671", "tests/unit/test_source_hashes.py": "00468a2907583c593e6574a1f6b404e4651c221a"}, "modules": {"ptd_client_server.lib.client": "lib/client.py", "ptd_client_server.lib.common": "lib/common.py", "ptd_client_server.lib.external.ntplib": "lib/external/ntplib.py", "ptd_client_server.lib.source_hashes": "lib/source_hashes.py", "ptd_client_server.lib.summary": "lib/summary.py", "ptd_client_server.lib.time_sync": "lib/time_sync.py"}}
client 2025-02-26 19:53:53,836 [INFO] Running workload in ranging mode
client 2025-02-26 19:53:53,836 [INFO] Synchronizing with the server and with time.google.com...
client 2025-02-26 19:53:53,858 [INFO] NTP:offset = -0.003 s, delay = 0.021 s 
client 2025-02-26 19:53:53,858 [INFO] Sending command to the server: 'time'
client 2025-02-26 19:53:53,873 [INFO] Got response: '1740599633.5710258'
client 2025-02-26 19:53:53,873 [INFO] The time difference between the client and the server is within range 287.598 ms..302.876 ms
client 2025-02-26 19:53:53,874 [INFO] Sending command to the server: 'session,2025-02-26_19-53-53,start,ranging'
client 2025-02-26 19:54:18,472 [INFO] Got response: 'OK'
client 2025-02-26 19:54:18,472 [INFO] Sending command to the server: 'time'
client 2025-02-26 19:54:18,483 [INFO] Got response: '1740599658.1864154'
client 2025-02-26 19:54:18,484 [INFO] The time difference between the client and the server is within range 286.027 ms..297.734 ms
client 2025-02-26 19:54:18,484 [INFO] Running the workload ' MLC_MLPERF_RUN_COUNT=$(cat ${MLC_RUN_DIR}/count.txt); echo ${MLC_MLPERF_RUN_COUNT}; MLC_MLPERF_RUN_COUNT=$((MLC_MLPERF_RUN_COUNT+1)); echo ${MLC_MLPERF_RUN_COUNT} > ${MLC_RUN_DIR}/count.txt; if [ ${MLC_MLPERF_RUN_COUNT} -eq 1 ]; then export MLC_MLPERF_USER_CONF="${MLC_MLPERF_RANGING_USER_CONF}"; else export MLC_MLPERF_USER_CONF="${MLC_MLPERF_TESTING_USER_CONF}"; fi ; /home/arjun/MLC/repos/gateoverflow@mlperf-automations/script/run-all-mlperf-models/run.out'
client 2025-02-26 19:59:19,967 [INFO] Sending command to the server: 'time'
client 2025-02-26 19:59:19,983 [INFO] Got response: '1740599959.6768503'
client 2025-02-26 19:59:19,983 [INFO] The time difference between the client and the server is within range 290.443 ms..306.337 ms
client 2025-02-26 19:59:19,983 [INFO] Sending command to the server: 'session,2025-02-26_19-53-53,stop,ranging'
client 2025-02-26 19:59:31,087 [INFO] Got response: 'OK'
client 2025-02-26 19:59:31,087 [INFO] Sending command to the server: 'time'
client 2025-02-26 19:59:31,100 [INFO] Got response: '1740599970.7940238'
client 2025-02-26 19:59:31,100 [INFO] The time difference between the client and the server is within range 293.467 ms..306.430 ms
client 2025-02-26 19:59:31,104 [INFO] Copying loadgen logs from '/home/arjun/MLC/repos/local/cache/get-mlperf-inference-results-dir_e3f7a2f6/valid_results/mini-tflite_cpp-cpu-tflite-vmaster-default_config/mobilenet-v2-precision_float-0.75-192/singlestream/performance/run_1' to '/home/arjun/MLC/repos/local/cache/get-mlperf-inference-results-dir_e3f7a2f6/valid_results/mini-tflite_cpp-cpu-tflite-vmaster-default_config/mobilenet-v2-precision_float-0.75-192/singlestream/performance/tmp_power/ranging'
client 2025-02-26 19:59:31,105 [INFO] Running workload in testing mode
client 2025-02-26 19:59:31,105 [INFO] Synchronizing with the server and with time.google.com...
client 2025-02-26 19:59:31,128 [INFO] NTP:offset = -0.004 s, delay = 0.022 s 
client 2025-02-26 19:59:31,128 [INFO] Sending command to the server: 'time'
client 2025-02-26 19:59:31,143 [INFO] Got response: '1740599970.8358061'
client 2025-02-26 19:59:31,143 [INFO] The time difference between the client and the server is within range 292.983 ms..307.694 ms
client 2025-02-26 19:59:31,143 [INFO] Sending command to the server: 'session,2025-02-26_19-53-53,start,testing'
client 2025-02-26 19:59:44,400 [INFO] Got response: 'OK'
client 2025-02-26 19:59:44,400 [INFO] Sending command to the server: 'time'
client 2025-02-26 19:59:44,411 [INFO] Got response: '1740599984.1059308'
client 2025-02-26 19:59:44,411 [INFO] The time difference between the client and the server is within range 294.997 ms..305.405 ms
client 2025-02-26 19:59:44,411 [INFO] Running the workload ' MLC_MLPERF_RUN_COUNT=$(cat ${MLC_RUN_DIR}/count.txt); echo ${MLC_MLPERF_RUN_COUNT}; MLC_MLPERF_RUN_COUNT=$((MLC_MLPERF_RUN_COUNT+1)); echo ${MLC_MLPERF_RUN_COUNT} > ${MLC_RUN_DIR}/count.txt; if [ ${MLC_MLPERF_RUN_COUNT} -eq 1 ]; then export MLC_MLPERF_USER_CONF="${MLC_MLPERF_RANGING_USER_CONF}"; else export MLC_MLPERF_USER_CONF="${MLC_MLPERF_TESTING_USER_CONF}"; fi ; /home/arjun/MLC/repos/gateoverflow@mlperf-automations/script/run-all-mlperf-models/run.out'
client 2025-02-26 20:09:45,233 [INFO] Sending command to the server: 'time'
client 2025-02-26 20:09:45,248 [INFO] Got response: '1740600584.9301374'
client 2025-02-26 20:09:45,249 [INFO] The time difference between the client and the server is within range 303.599 ms..318.953 ms
client 2025-02-26 20:09:45,249 [INFO] Sending command to the server: 'session,2025-02-26_19-53-53,stop,testing'
client 2025-02-26 20:09:56,611 [INFO] Got response: 'OK'
client 2025-02-26 20:09:56,611 [INFO] Sending command to the server: 'time'
client 2025-02-26 20:09:56,621 [INFO] Got response: '1740600596.304207'
client 2025-02-26 20:09:56,621 [INFO] The time difference between the client and the server is within range 307.489 ms..317.169 ms
client 2025-02-26 20:09:56,622 [INFO] Copying loadgen logs from '/home/arjun/MLC/repos/local/cache/get-mlperf-inference-results-dir_e3f7a2f6/valid_results/mini-tflite_cpp-cpu-tflite-vmaster-default_config/mobilenet-v2-precision_float-0.75-192/singlestream/performance/run_1' to '/home/arjun/MLC/repos/local/cache/get-mlperf-inference-results-dir_e3f7a2f6/valid_results/mini-tflite_cpp-cpu-tflite-vmaster-default_config/mobilenet-v2-precision_float-0.75-192/singlestream/performance/tmp_power/run_1'
client 2025-02-26 20:09:56,622 [INFO] Done runs
