Couldn't find any of the following OpenCL library: libOpenCL.so libGLES_mali.so libmali.so 
Graph file: /home/ubuntu/MLC/repos/local/cache/get-ml-model-efficientnet-lite_a0414231/efficientnet-lite4/efficientnet-lite4-fp32.tflite
Image dir: /home/ubuntu/MLC/repos/local/cache/get-preprocessed-dataset-imagenet_5ef67435
Image list: /home/ubuntu/MLC/repos/local/cache/get-preprocessed-dataset-imagenet_5ef67435/preprocessed_files.txt
Image size: 300
Image channels: 3
Prediction classes: 1000
Result dir: /home/ubuntu/MLC/repos/local/cache/get-mlperf-inference-results-dir_01f3a574/valid_results/i_052a879cc37a64c97-tflite_armnn_cpp-cpu-armnn_tflite-v23.11-using_neon/efficientnet-fp32-lite4/singlestream/performance/run_1
How many images fit in memory buffer: 1024
Normalize: 1
Subtract mean: 0
Run time preprocessing: 0
Number of Threads: 8
Number of available imagefiles: 50000

Loading graph...
************* Type 1
Output tensor dimensions: 1*1000
Path to mlperf.conf : /home/ubuntu/MLC/repos/local/cache/get-git-repo_64884f69/inference/mlperf.conf
Path to user.conf : /home/ubuntu/MLC/repos/gateoverflow@mlperf-automations/script/generate-mlperf-inference-user-conf/tmp/c51e495b9bb34ca1815c010ebdda8481.conf
Model Name: efficientnet
LoadGen Scenario: SingleStream
LoadGen Mode: performance
