Graph file: /home/mlcuser/MLC/repos/local/cache/get-ml-model-mobilenet_290fc4bf/mobilenet_v2_0.75_128.tflite
Image dir: /home/mlcuser/MLC/repos/local/cache/get-preprocessed-dataset-imagenet_41adb892
Image list: /home/mlcuser/MLC/repos/local/cache/get-preprocessed-dataset-imagenet_41adb892/preprocessed_files.txt
Image size: 128
Image channels: 3
Prediction classes: 1000
Result dir: /home/mlcuser/MLC/repos/local/cache/get-mlperf-inference-results-dir_efb60c2c/valid_results/8a15d68f4cec-tflite_cpp-cpu-tflite-vmaster-default_config/mobilenet-v2-precision_float-0.75-128/singlestream/accuracy
How many images fit in memory buffer: 1024
Normalize: 1
Subtract mean: 0
Run time preprocessing: 0
Number of Threads: 16
Number of available imagefiles: 50000

Loading graph...
INFO: Created TensorFlow Lite XNNPACK delegate for CPU.
Input tensor dimensions (NHWC): 1*128*128*3
Output tensor dimensions: 1*1001
Path to user.conf : /home/mlcuser/MLC/repos/gateoverflow@mlperf-automations/script/generate-mlperf-inference-user-conf/tmp/1fa2b777b3894b3b8bea3c55cb84ac9a.conf
Model Name: mobilenet
LoadGen Scenario: SingleStream
LoadGen Mode: accuracy
