Couldn't find any of the following OpenCL library: libOpenCL.so libGLES_mali.so libmali.so 
Graph file: /home/ubuntu/MLC/repos/local/cache/get-ml-model-mobilenet_4498baea/mobilenet_v1_0.25_128.tflite
Image dir: /home/ubuntu/MLC/repos/local/cache/get-preprocessed-dataset-imagenet_6e1b467d
Image list: /home/ubuntu/MLC/repos/local/cache/get-preprocessed-dataset-imagenet_6e1b467d/preprocessed_files.txt
Image size: 128
Image channels: 3
Prediction classes: 1000
Result dir: /home/ubuntu/MLC/repos/local/cache/get-mlperf-inference-results-dir_12ebf0ce/valid_results/i_0284a2ee9c21c552d-tflite_armnn_cpp-cpu-armnn_tflite-v23.11-using_neon/mobilenet-v1-precision_float-0.25-128/singlestream/accuracy
How many images fit in memory buffer: 1024
Normalize: 1
Subtract mean: 0
Run time preprocessing: 0
Number of Threads: 16
Number of available imagefiles: 50000

Loading graph...
************* Type 1
Output tensor dimensions: 1*1001
Path to mlperf.conf : /home/ubuntu/MLC/repos/local/cache/get-git-repo_345eb6f3/inference/mlperf.conf
Path to user.conf : /home/ubuntu/MLC/repos/gateoverflow@mlperf-automations/script/generate-mlperf-inference-user-conf/tmp/b89e0fa4fed94ec3b8ad612cf7e439b2.conf
Model Name: mobilenet
LoadGen Scenario: SingleStream
LoadGen Mode: accuracy
