Graph file: /home/ubuntu/MLC/repos/local/cache/get-ml-model-mobilenet_b85e0257/mobilenet_v1_0.75_192.tflite
Image dir: /home/ubuntu/MLC/repos/local/cache/get-preprocessed-dataset-imagenet_50158779
Image list: /home/ubuntu/MLC/repos/local/cache/get-preprocessed-dataset-imagenet_50158779/preprocessed_files.txt
Image size: 192
Image channels: 3
Prediction classes: 1000
Result dir: /home/ubuntu/MLC/repos/local/cache/get-mlperf-inference-results-dir_646e40e7/valid_results/i_083f576de692b0df9-tflite_cpp-cpu-tflite-vmaster-default_config/mobilenet-v1-precision_float-0.75-192/singlestream/performance/run_1
How many images fit in memory buffer: 1024
Normalize: 1
Subtract mean: 0
Run time preprocessing: 0
Number of Threads: 8
Number of available imagefiles: 50000

Loading graph...
INFO: Created TensorFlow Lite XNNPACK delegate for CPU.
Input tensor dimensions (NHWC): 1*192*192*3
Output tensor dimensions: 1*1001
Path to user.conf : /home/ubuntu/MLC/repos/gateoverflow@mlperf-automations/script/generate-mlperf-inference-user-conf/tmp/81e636db43b04e6ea5acfaa73d9ae458.conf
Model Name: mobilenet
LoadGen Scenario: SingleStream
LoadGen Mode: performance
