Graph file: /home/ubuntu/MLC/repos/local/cache/get-ml-model-efficientnet-lite_e3c5c7c0/efficientnet-lite0/efficientnet-lite0-fp32.tflite
Image dir: /home/ubuntu/MLC/repos/local/cache/get-preprocessed-dataset-imagenet_f2ac7cc8
Image list: /home/ubuntu/MLC/repos/local/cache/get-preprocessed-dataset-imagenet_f2ac7cc8/preprocessed_files.txt
Image size: 224
Image channels: 3
Prediction classes: 1000
Result dir: /home/ubuntu/MLC/repos/local/cache/get-mlperf-inference-results-dir_190836f5/valid_results/i_0b34e15bb23c33420-tflite_cpp-cpu-tflite-vmaster-with_live_preprocessing/efficientnet-fp32-lite0/singlestream/performance/run_1
How many images fit in memory buffer: 1024
Normalize: 1
Subtract mean: 0
Run time preprocessing: 1
Number of Threads: 8
Number of available imagefiles: 50000

Loading graph...
INFO: Created TensorFlow Lite XNNPACK delegate for CPU.
Input tensor dimensions (NHWC): 1*224*224*3
Output tensor dimensions: 1*1000
Path to user.conf : /home/ubuntu/MLC/repos/gateoverflow@mlperf-automations/script/generate-mlperf-inference-user-conf/tmp/6eb0bd58d05e4a4595df95a2616c9f47.conf
Model Name: efficientnet
LoadGen Scenario: SingleStream
LoadGen Mode: performance
