Graph file: /home/mlcuser/MLC/repos/local/cache/get-ml-model-mobilenet_a0f5be1b/mobilenet_v1_0.25_192.tflite
Image dir: /home/mlcuser/MLC/repos/local/cache/get-preprocessed-dataset-imagenet_5b02ac74
Image list: /home/mlcuser/MLC/repos/local/cache/get-preprocessed-dataset-imagenet_5b02ac74/preprocessed_files.txt
Image size: 192
Image channels: 3
Prediction classes: 1000
Result dir: /home/mlcuser/MLC/repos/local/cache/get-mlperf-inference-results-dir_338d2055/valid_results/640b615ae987-tflite_cpp-cpu-tflite-vmaster-with_live_preprocessing/mobilenet-v1-precision_float-0.25-192/singlestream/performance/run_1
How many images fit in memory buffer: 1024
Normalize: 1
Subtract mean: 0
Run time preprocessing: 1
Number of Threads: 48
Number of available imagefiles: 50000

Loading graph...
INFO: Created TensorFlow Lite XNNPACK delegate for CPU.
Input tensor dimensions (NHWC): 1*192*192*3
Output tensor dimensions: 1*1001
Path to user.conf : /home/mlcuser/MLC/repos/mlcommons@mlperf-automations/script/generate-mlperf-inference-user-conf/tmp/04ce5b4882a94299ae55c768ca077e2b.conf
Model Name: mobilenet
LoadGen Scenario: SingleStream
LoadGen Mode: performance
