Graph file: /home/kingjuno/MLC/repos/local/cache/get-ml-model-efficientnet-lite_396acc35/efficientnet-lite4/efficientnet-lite4-fp32.tflite
Image dir: /home/kingjuno/MLC/repos/local/cache/get-preprocessed-dataset-imagenet_62e2a4f4
Image list: /home/kingjuno/MLC/repos/local/cache/get-preprocessed-dataset-imagenet_62e2a4f4/preprocessed_files.txt
Image size: 300
Image channels: 3
Prediction classes: 1000
Result dir: /home/kingjuno/MLC/repos/local/cache/get-mlperf-inference-results-dir_69aa4cf9/valid_results/MLC-tflite_cpp-cpu-tflite-vmaster-default_config/efficientnet-fp32-lite4/singlestream/performance/run_1
How many images fit in memory buffer: 1024
Normalize: 1
Subtract mean: 0
Run time preprocessing: 0
Number of Threads: 1
Number of available imagefiles: 50000

Loading graph...
INFO: Created TensorFlow Lite XNNPACK delegate for CPU.
Input tensor dimensions (NHWC): 1*300*300*3
Output tensor dimensions: 1*1000
Path to user.conf : /home/kingjuno/MLC/repos/mlcommons@mlperf-automations/script/generate-mlperf-inference-user-conf/tmp/3740d0e4e18f4062b70efcf186356657.conf
Model Name: efficientnet
LoadGen Scenario: SingleStream
LoadGen Mode: performance
