client 2025-02-26 19:34:43,141 [INFO] Creating output directory '/home/arjun/MLC/repos/local/cache/get-mlperf-inference-results-dir_e3f7a2f6/valid_results/mini-tflite_cpp-cpu-tflite-vmaster-default_config/mobilenet-v2-precision_float-0.75-224/singlestream/performance/tmp_power'
client 2025-02-26 19:34:43,150 [INFO] Sending command to the server: 'mlcommons/power client v3'
client 2025-02-26 19:34:43,165 [INFO] Got response: 'mlcommons/power server v3'
client 2025-02-26 19:34:43,166 [INFO] Synchronizing with the server and with time.google.com...
client 2025-02-26 19:34:43,190 [INFO] NTP:offset = -0.002 s, delay = 0.020 s 
client 2025-02-26 19:34:43,190 [INFO] Sending command to the server: 'time'
client 2025-02-26 19:34:43,200 [INFO] Got response: '1740598482.9270804'
client 2025-02-26 19:34:43,200 [INFO] The time difference between the client and the server is within range 263.545 ms..273.171 ms
client 2025-02-26 19:34:43,200 [INFO] Sending command to the server: 'new,,a1b4ed16-dd3a-4b7f-8348-26be4220c76c'
client 2025-02-26 19:34:43,219 [INFO] Got response: 'OK 2025-02-26_19-34-42,e5fd03fd-b810-4900-aa85-cbde342ffcb5'
client 2025-02-26 19:34:43,219 [INFO] Session id is '2025-02-26_19-34-42'
client 2025-02-26 19:34:43,220 [INFO] Sources: {"sources": {"__init__.py": "da39a3ee5e6b4b0d3255bfef95601890afd80709", "client.py": "33ca4f26368777ac06e01f9567b714a4b8063886", "lib/__init__.py": "da39a3ee5e6b4b0d3255bfef95601890afd80709", "lib/client.py": "ac2aa093c8e8bbc9569b9e2a3471bc64e58a2258", "lib/common.py": "611d8b29633d331eb19c9455ea3b5fa3284ed6df", "lib/external/__init__.py": "da39a3ee5e6b4b0d3255bfef95601890afd80709", "lib/external/ntplib.py": "4da8f970656505a40483206ef2b5d3dd5e81711d", "lib/server.py": "9bc9a3b6b9b716520658ac175913bcbbdb354336", "lib/source_hashes.py": "60a2e02193209e8d392803326208d5466342da18", "lib/summary.py": "602a9fedfa503e5544d27ab3b0067f235047efc3", "lib/time_sync.py": "80894ef2389e540781ff78de94db16aa4203a14e", "server.py": "c3f90f2f7eeb4db30727556d0c815ebc89b3d28b", "tests/unit/__init__.py": "da39a3ee5e6b4b0d3255bfef95601890afd80709", "tests/unit/test_server.py": "948c1995d4008bc2aa6c4046a34ffa3858d6d671", "tests/unit/test_source_hashes.py": "00468a2907583c593e6574a1f6b404e4651c221a"}, "modules": {"ptd_client_server.lib.client": "lib/client.py", "ptd_client_server.lib.common": "lib/common.py", "ptd_client_server.lib.external.ntplib": "lib/external/ntplib.py", "ptd_client_server.lib.source_hashes": "lib/source_hashes.py", "ptd_client_server.lib.summary": "lib/summary.py", "ptd_client_server.lib.time_sync": "lib/time_sync.py"}}
client 2025-02-26 19:34:43,220 [INFO] Running workload in ranging mode
client 2025-02-26 19:34:43,220 [INFO] Synchronizing with the server and with time.google.com...
client 2025-02-26 19:34:43,240 [INFO] NTP:offset = -0.002 s, delay = 0.018 s 
client 2025-02-26 19:34:43,240 [INFO] Sending command to the server: 'time'
client 2025-02-26 19:34:43,253 [INFO] Got response: '1740598482.9781017'
client 2025-02-26 19:34:43,253 [INFO] The time difference between the client and the server is within range 262.273 ms..275.136 ms
client 2025-02-26 19:34:43,253 [INFO] Sending command to the server: 'session,2025-02-26_19-34-42,start,ranging'
client 2025-02-26 19:35:08,397 [INFO] Got response: 'OK'
client 2025-02-26 19:35:08,398 [INFO] Sending command to the server: 'time'
client 2025-02-26 19:35:08,413 [INFO] Got response: '1740598508.1367626'
client 2025-02-26 19:35:08,413 [INFO] The time difference between the client and the server is within range 261.296 ms..276.661 ms
client 2025-02-26 19:35:08,413 [INFO] Running the workload ' MLC_MLPERF_RUN_COUNT=$(cat ${MLC_RUN_DIR}/count.txt); echo ${MLC_MLPERF_RUN_COUNT}; MLC_MLPERF_RUN_COUNT=$((MLC_MLPERF_RUN_COUNT+1)); echo ${MLC_MLPERF_RUN_COUNT} > ${MLC_RUN_DIR}/count.txt; if [ ${MLC_MLPERF_RUN_COUNT} -eq 1 ]; then export MLC_MLPERF_USER_CONF="${MLC_MLPERF_RANGING_USER_CONF}"; else export MLC_MLPERF_USER_CONF="${MLC_MLPERF_TESTING_USER_CONF}"; fi ; /home/arjun/MLC/repos/gateoverflow@mlperf-automations/script/run-all-mlperf-models/run.out'
client 2025-02-26 19:40:10,011 [INFO] Sending command to the server: 'time'
client 2025-02-26 19:40:10,026 [INFO] Got response: '1740598809.745594'
client 2025-02-26 19:40:10,026 [INFO] The time difference between the client and the server is within range 266.022 ms..280.574 ms
client 2025-02-26 19:40:10,026 [INFO] Sending command to the server: 'session,2025-02-26_19-34-42,stop,ranging'
client 2025-02-26 19:40:20,616 [INFO] Got response: 'OK'
client 2025-02-26 19:40:20,616 [INFO] Sending command to the server: 'time'
client 2025-02-26 19:40:20,627 [INFO] Got response: '1740598820.346544'
client 2025-02-26 19:40:20,627 [INFO] The time difference between the client and the server is within range 269.677 ms..281.413 ms
client 2025-02-26 19:40:20,631 [INFO] Copying loadgen logs from '/home/arjun/MLC/repos/local/cache/get-mlperf-inference-results-dir_e3f7a2f6/valid_results/mini-tflite_cpp-cpu-tflite-vmaster-default_config/mobilenet-v2-precision_float-0.75-224/singlestream/performance/run_1' to '/home/arjun/MLC/repos/local/cache/get-mlperf-inference-results-dir_e3f7a2f6/valid_results/mini-tflite_cpp-cpu-tflite-vmaster-default_config/mobilenet-v2-precision_float-0.75-224/singlestream/performance/tmp_power/ranging'
client 2025-02-26 19:40:20,632 [INFO] Running workload in testing mode
client 2025-02-26 19:40:20,632 [INFO] Synchronizing with the server and with time.google.com...
client 2025-02-26 19:40:20,665 [INFO] NTP:offset = -0.003 s, delay = 0.021 s 
client 2025-02-26 19:40:20,665 [INFO] Sending command to the server: 'time'
client 2025-02-26 19:40:20,675 [INFO] Got response: '1740598820.3942466'
client 2025-02-26 19:40:20,675 [INFO] The time difference between the client and the server is within range 271.044 ms..281.281 ms
client 2025-02-26 19:40:20,675 [INFO] Sending command to the server: 'session,2025-02-26_19-34-42,start,testing'
client 2025-02-26 19:40:33,827 [INFO] Got response: 'OK'
client 2025-02-26 19:40:33,828 [INFO] Sending command to the server: 'time'
client 2025-02-26 19:40:33,839 [INFO] Got response: '1740598833.557176'
client 2025-02-26 19:40:33,839 [INFO] The time difference between the client and the server is within range 270.881 ms..282.035 ms
client 2025-02-26 19:40:33,839 [INFO] Running the workload ' MLC_MLPERF_RUN_COUNT=$(cat ${MLC_RUN_DIR}/count.txt); echo ${MLC_MLPERF_RUN_COUNT}; MLC_MLPERF_RUN_COUNT=$((MLC_MLPERF_RUN_COUNT+1)); echo ${MLC_MLPERF_RUN_COUNT} > ${MLC_RUN_DIR}/count.txt; if [ ${MLC_MLPERF_RUN_COUNT} -eq 1 ]; then export MLC_MLPERF_USER_CONF="${MLC_MLPERF_RANGING_USER_CONF}"; else export MLC_MLPERF_USER_CONF="${MLC_MLPERF_TESTING_USER_CONF}"; fi ; /home/arjun/MLC/repos/gateoverflow@mlperf-automations/script/run-all-mlperf-models/run.out'
client 2025-02-26 19:50:34,698 [INFO] Sending command to the server: 'time'
client 2025-02-26 19:50:34,714 [INFO] Got response: '1740599434.4186716'
client 2025-02-26 19:50:34,714 [INFO] The time difference between the client and the server is within range 279.953 ms..295.614 ms
client 2025-02-26 19:50:34,714 [INFO] Sending command to the server: 'session,2025-02-26_19-34-42,stop,testing'
client 2025-02-26 19:50:45,567 [INFO] Got response: 'OK'
client 2025-02-26 19:50:45,567 [INFO] Sending command to the server: 'time'
client 2025-02-26 19:50:45,581 [INFO] Got response: '1740599445.2861726'
client 2025-02-26 19:50:45,581 [INFO] The time difference between the client and the server is within range 281.475 ms..295.208 ms
client 2025-02-26 19:50:45,582 [INFO] Copying loadgen logs from '/home/arjun/MLC/repos/local/cache/get-mlperf-inference-results-dir_e3f7a2f6/valid_results/mini-tflite_cpp-cpu-tflite-vmaster-default_config/mobilenet-v2-precision_float-0.75-224/singlestream/performance/run_1' to '/home/arjun/MLC/repos/local/cache/get-mlperf-inference-results-dir_e3f7a2f6/valid_results/mini-tflite_cpp-cpu-tflite-vmaster-default_config/mobilenet-v2-precision_float-0.75-224/singlestream/performance/tmp_power/run_1'
client 2025-02-26 19:50:45,582 [INFO] Done runs
