Graph file: /home/mlcuser/MLC/repos/local/cache/get-ml-model-mobilenet_b8245cdb/mobilenet_v1_0.5_192.tflite
Image dir: /home/mlcuser/MLC/repos/local/cache/get-preprocessed-dataset-imagenet_62ada2db
Image list: /home/mlcuser/MLC/repos/local/cache/get-preprocessed-dataset-imagenet_62ada2db/preprocessed_files.txt
Image size: 192
Image channels: 3
Prediction classes: 1000
Result dir: /home/mlcuser/MLC/repos/local/cache/get-mlperf-inference-results-dir_b14e6733/valid_results/73afac010d7d-tflite_cpp-cpu-tflite-vmaster-default_config/mobilenet-v1-precision_float-0.5-192/singlestream/performance/run_1
How many images fit in memory buffer: 1024
Normalize: 1
Subtract mean: 0
Run time preprocessing: 0
Number of Threads: 8
Number of available imagefiles: 50000

Loading graph...
INFO: Created TensorFlow Lite XNNPACK delegate for CPU.
Input tensor dimensions (NHWC): 1*192*192*3
Output tensor dimensions: 1*1001
Path to user.conf : /home/mlcuser/MLC/repos/mlcommons@mlperf-automations/script/generate-mlperf-inference-user-conf/tmp/b9f9fd6d347a4fc1b89bb80d4c475c93.conf
Model Name: mobilenet
LoadGen Scenario: SingleStream
LoadGen Mode: performance
