Graph file: /home/ubuntu/MLC/repos/local/cache/get-ml-model-mobilenet_bd5ac79d/mobilenet_v2_0.35_160.tflite
Image dir: /home/ubuntu/MLC/repos/local/cache/get-preprocessed-dataset-imagenet_be0d1d8f
Image list: /home/ubuntu/MLC/repos/local/cache/get-preprocessed-dataset-imagenet_be0d1d8f/preprocessed_files.txt
Image size: 160
Image channels: 3
Prediction classes: 1000
Result dir: /home/ubuntu/MLC/repos/local/cache/get-mlperf-inference-results-dir_50b75c1c/valid_results/i_0146cad506db24229-tflite_cpp-cpu-tflite-vmaster-default_config/mobilenet-v2-precision_float-0.35-160/singlestream/performance/run_1
How many images fit in memory buffer: 1024
Normalize: 1
Subtract mean: 0
Run time preprocessing: 0
Number of Threads: 2
Number of available imagefiles: 50000

Loading graph...
INFO: Created TensorFlow Lite XNNPACK delegate for CPU.
Input tensor dimensions (NHWC): 1*160*160*3
Output tensor dimensions: 1*1001
Path to user.conf : /home/ubuntu/MLC/repos/gateoverflow@mlperf-automations/script/generate-mlperf-inference-user-conf/tmp/f84c18068cfa4dee92f3ee5bae02b5e5.conf
Model Name: mobilenet
LoadGen Scenario: SingleStream
LoadGen Mode: performance
