client 2025-02-28 08:27:22,797 [INFO] Creating output directory '/home/arjun/MLC/repos/local/cache/get-mlperf-inference-results-dir_e3f7a2f6/valid_results/mini-tflite_cpp-cpu-tflite-vmaster-with_live_preprocessing/mobilenet-v2-precision_float-0.35-224/singlestream/performance/tmp_power'
client 2025-02-28 08:27:22,807 [INFO] Sending command to the server: 'mlcommons/power client v3'
client 2025-02-28 08:27:22,817 [INFO] Got response: 'mlcommons/power server v3'
client 2025-02-28 08:27:22,817 [INFO] Synchronizing with the server and with time.google.com...
client 2025-02-28 08:27:22,843 [INFO] NTP:offset = -0.008 s, delay = 0.024 s 
client 2025-02-28 08:27:22,843 [INFO] Sending command to the server: 'time'
client 2025-02-28 08:27:22,855 [INFO] Got response: '1740731242.8054953'
client 2025-02-28 08:27:22,855 [INFO] The time difference between the client and the server is within range 37.957 ms..50.092 ms
client 2025-02-28 08:27:22,855 [INFO] Sending command to the server: 'new,,d6c7b874-0c98-4590-8a89-2141e7ae5a2c'
client 2025-02-28 08:27:22,871 [INFO] Got response: 'OK 2025-02-28_08-27-22,eed012b5-0552-43fc-9474-6d8aae619b0a'
client 2025-02-28 08:27:22,871 [INFO] Session id is '2025-02-28_08-27-22'
client 2025-02-28 08:27:22,871 [INFO] Sources: {"sources": {"__init__.py": "da39a3ee5e6b4b0d3255bfef95601890afd80709", "client.py": "33ca4f26368777ac06e01f9567b714a4b8063886", "lib/__init__.py": "da39a3ee5e6b4b0d3255bfef95601890afd80709", "lib/client.py": "ac2aa093c8e8bbc9569b9e2a3471bc64e58a2258", "lib/common.py": "611d8b29633d331eb19c9455ea3b5fa3284ed6df", "lib/external/__init__.py": "da39a3ee5e6b4b0d3255bfef95601890afd80709", "lib/external/ntplib.py": "4da8f970656505a40483206ef2b5d3dd5e81711d", "lib/server.py": "9bc9a3b6b9b716520658ac175913bcbbdb354336", "lib/source_hashes.py": "60a2e02193209e8d392803326208d5466342da18", "lib/summary.py": "602a9fedfa503e5544d27ab3b0067f235047efc3", "lib/time_sync.py": "80894ef2389e540781ff78de94db16aa4203a14e", "server.py": "c3f90f2f7eeb4db30727556d0c815ebc89b3d28b", "tests/unit/__init__.py": "da39a3ee5e6b4b0d3255bfef95601890afd80709", "tests/unit/test_server.py": "948c1995d4008bc2aa6c4046a34ffa3858d6d671", "tests/unit/test_source_hashes.py": "00468a2907583c593e6574a1f6b404e4651c221a"}, "modules": {"ptd_client_server.lib.client": "lib/client.py", "ptd_client_server.lib.common": "lib/common.py", "ptd_client_server.lib.external.ntplib": "lib/external/ntplib.py", "ptd_client_server.lib.source_hashes": "lib/source_hashes.py", "ptd_client_server.lib.summary": "lib/summary.py", "ptd_client_server.lib.time_sync": "lib/time_sync.py"}}
client 2025-02-28 08:27:22,871 [INFO] Running workload in ranging mode
client 2025-02-28 08:27:22,872 [INFO] Synchronizing with the server and with time.google.com...
client 2025-02-28 08:27:22,896 [INFO] NTP:offset = -0.008 s, delay = 0.024 s 
client 2025-02-28 08:27:22,896 [INFO] Sending command to the server: 'time'
client 2025-02-28 08:27:22,909 [INFO] Got response: '1740731242.8592665'
client 2025-02-28 08:27:22,909 [INFO] The time difference between the client and the server is within range 37.606 ms..50.408 ms
client 2025-02-28 08:27:22,909 [INFO] Sending command to the server: 'session,2025-02-28_08-27-22,start,ranging'
client 2025-02-28 08:27:47,576 [INFO] Got response: 'OK'
client 2025-02-28 08:27:47,576 [INFO] Sending command to the server: 'time'
client 2025-02-28 08:27:47,585 [INFO] Got response: '1740731267.536375'
client 2025-02-28 08:27:47,585 [INFO] The time difference between the client and the server is within range 40.159 ms..49.318 ms
client 2025-02-28 08:27:47,585 [INFO] Running the workload ' MLC_MLPERF_RUN_COUNT=$(cat ${MLC_RUN_DIR}/count.txt); echo ${MLC_MLPERF_RUN_COUNT}; MLC_MLPERF_RUN_COUNT=$((MLC_MLPERF_RUN_COUNT+1)); echo ${MLC_MLPERF_RUN_COUNT} > ${MLC_RUN_DIR}/count.txt; if [ ${MLC_MLPERF_RUN_COUNT} -eq 1 ]; then export MLC_MLPERF_USER_CONF="${MLC_MLPERF_RANGING_USER_CONF}"; else export MLC_MLPERF_USER_CONF="${MLC_MLPERF_TESTING_USER_CONF}"; fi ; /home/arjun/MLC/repos/gateoverflow@mlperf-automations/script/run-all-mlperf-models/run.out'
client 2025-02-28 08:32:48,974 [INFO] Sending command to the server: 'time'
client 2025-02-28 08:32:48,989 [INFO] Got response: '1740731568.9343662'
client 2025-02-28 08:32:48,990 [INFO] The time difference between the client and the server is within range 40.248 ms..55.629 ms
client 2025-02-28 08:32:48,990 [INFO] Sending command to the server: 'session,2025-02-28_08-27-22,stop,ranging'
client 2025-02-28 08:33:00,530 [INFO] Got response: 'OK'
client 2025-02-28 08:33:00,531 [INFO] Sending command to the server: 'time'
client 2025-02-28 08:33:00,547 [INFO] Got response: '1740731580.4882529'
client 2025-02-28 08:33:00,547 [INFO] The time difference between the client and the server is within range 42.883 ms..59.617 ms
client 2025-02-28 08:33:00,552 [INFO] Copying loadgen logs from '/home/arjun/MLC/repos/local/cache/get-mlperf-inference-results-dir_e3f7a2f6/valid_results/mini-tflite_cpp-cpu-tflite-vmaster-with_live_preprocessing/mobilenet-v2-precision_float-0.35-224/singlestream/performance/run_1' to '/home/arjun/MLC/repos/local/cache/get-mlperf-inference-results-dir_e3f7a2f6/valid_results/mini-tflite_cpp-cpu-tflite-vmaster-with_live_preprocessing/mobilenet-v2-precision_float-0.35-224/singlestream/performance/tmp_power/ranging'
client 2025-02-28 08:33:00,552 [INFO] Running workload in testing mode
client 2025-02-28 08:33:00,552 [INFO] Synchronizing with the server and with time.google.com...
client 2025-02-28 08:33:00,577 [INFO] NTP:offset = -0.010 s, delay = 0.024 s 
client 2025-02-28 08:33:00,577 [INFO] Sending command to the server: 'time'
client 2025-02-28 08:33:00,590 [INFO] Got response: '1740731580.5345027'
client 2025-02-28 08:33:00,591 [INFO] The time difference between the client and the server is within range 43.411 ms..56.639 ms
client 2025-02-28 08:33:00,591 [INFO] Sending command to the server: 'session,2025-02-28_08-27-22,start,testing'
client 2025-02-28 08:33:13,669 [INFO] Got response: 'OK'
client 2025-02-28 08:33:13,669 [INFO] Sending command to the server: 'time'
client 2025-02-28 08:33:13,678 [INFO] Got response: '1740731593.6243906'
client 2025-02-28 08:33:13,678 [INFO] The time difference between the client and the server is within range 44.874 ms..54.181 ms
client 2025-02-28 08:33:13,678 [INFO] Running the workload ' MLC_MLPERF_RUN_COUNT=$(cat ${MLC_RUN_DIR}/count.txt); echo ${MLC_MLPERF_RUN_COUNT}; MLC_MLPERF_RUN_COUNT=$((MLC_MLPERF_RUN_COUNT+1)); echo ${MLC_MLPERF_RUN_COUNT} > ${MLC_RUN_DIR}/count.txt; if [ ${MLC_MLPERF_RUN_COUNT} -eq 1 ]; then export MLC_MLPERF_USER_CONF="${MLC_MLPERF_RANGING_USER_CONF}"; else export MLC_MLPERF_USER_CONF="${MLC_MLPERF_TESTING_USER_CONF}"; fi ; /home/arjun/MLC/repos/gateoverflow@mlperf-automations/script/run-all-mlperf-models/run.out'
client 2025-02-28 08:43:15,645 [INFO] Sending command to the server: 'time'
client 2025-02-28 08:43:15,671 [INFO] Got response: '1740732195.6025991'
client 2025-02-28 08:43:15,671 [INFO] The time difference between the client and the server is within range 42.519 ms..69.163 ms
client 2025-02-28 08:43:15,671 [INFO] Sending command to the server: 'session,2025-02-28_08-27-22,stop,testing'
client 2025-02-28 08:43:27,111 [INFO] Got response: 'OK'
client 2025-02-28 08:43:27,111 [INFO] Sending command to the server: 'time'
client 2025-02-28 08:43:27,121 [INFO] Got response: '1740732207.063382'
client 2025-02-28 08:43:27,121 [INFO] The time difference between the client and the server is within range 47.972 ms..58.057 ms
client 2025-02-28 08:43:27,122 [INFO] Copying loadgen logs from '/home/arjun/MLC/repos/local/cache/get-mlperf-inference-results-dir_e3f7a2f6/valid_results/mini-tflite_cpp-cpu-tflite-vmaster-with_live_preprocessing/mobilenet-v2-precision_float-0.35-224/singlestream/performance/run_1' to '/home/arjun/MLC/repos/local/cache/get-mlperf-inference-results-dir_e3f7a2f6/valid_results/mini-tflite_cpp-cpu-tflite-vmaster-with_live_preprocessing/mobilenet-v2-precision_float-0.35-224/singlestream/performance/tmp_power/run_1'
client 2025-02-28 08:43:27,122 [INFO] Done runs
