Graph file: /home/ubuntu/MLC/repos/local/cache/get-ml-model-mobilenet_e47d3a02/mobilenet_v1_0.75_192.tflite
Image dir: /home/ubuntu/MLC/repos/local/cache/get-preprocessed-dataset-imagenet_27cd3b9e
Image list: /home/ubuntu/MLC/repos/local/cache/get-preprocessed-dataset-imagenet_27cd3b9e/preprocessed_files.txt
Image size: 192
Image channels: 3
Prediction classes: 1000
Result dir: /home/ubuntu/MLC/repos/local/cache/get-mlperf-inference-results-dir_f4d6bb17/valid_results/i_0b9e300bccc1f9040-tflite_cpp-cpu-tflite-vmaster-with_live_preprocessing/mobilenet-v1-precision_float-0.75-192/singlestream/performance/run_1
How many images fit in memory buffer: 1024
Normalize: 1
Subtract mean: 0
Run time preprocessing: 1
Number of Threads: 8
Number of available imagefiles: 50000

Loading graph...
INFO: Created TensorFlow Lite XNNPACK delegate for CPU.
Input tensor dimensions (NHWC): 1*192*192*3
Output tensor dimensions: 1*1001
Path to user.conf : /home/ubuntu/MLC/repos/gateoverflow@mlperf-automations/script/generate-mlperf-inference-user-conf/tmp/a035790d425a42d99e23fc91e5735b01.conf
Model Name: mobilenet
LoadGen Scenario: SingleStream
LoadGen Mode: performance
