Graph file: /home/ubuntu/MLC/repos/local/cache/get-ml-model-mobilenet_9fab47a6/v3-small_224_1.0_uint8/v3-small_224_1.0_uint8.tflite
Image dir: /home/ubuntu/MLC/repos/local/cache/get-preprocessed-dataset-imagenet_9455018b
Image list: /home/ubuntu/MLC/repos/local/cache/get-preprocessed-dataset-imagenet_9455018b/preprocessed_files.txt
Image size: 224
Image channels: 3
Prediction classes: 1000
Result dir: /home/ubuntu/MLC/repos/local/cache/get-mlperf-inference-results-dir_190836f5/valid_results/i_0b34e15bb23c33420-tflite_cpp-cpu-tflite-vmaster-default_config/mobilenet-v3-precision_uint8-small-224/singlestream/performance/run_1
How many images fit in memory buffer: 1024
Normalize: 1
Subtract mean: 0
Run time preprocessing: 1
Number of Threads: 8
Number of available imagefiles: 50000

Loading graph...
INFO: Created TensorFlow Lite XNNPACK delegate for CPU.
Input tensor dimensions (NHWC): 1*224*224*3
Output tensor dimensions: 1*1001
Path to user.conf : /home/ubuntu/MLC/repos/gateoverflow@mlperf-automations/script/generate-mlperf-inference-user-conf/tmp/dd243f5f317b42f18df758ff5a87af0b.conf
Model Name: mobilenet
LoadGen Scenario: SingleStream
LoadGen Mode: performance
