Graph file: /home/ubuntu/MLC/repos/local/cache/get-ml-model-efficientnet-lite_126d9048/efficientnet-lite3/efficientnet-lite3-fp32.tflite
Image dir: /home/ubuntu/MLC/repos/local/cache/get-preprocessed-dataset-imagenet_8cdd050f
Image list: /home/ubuntu/MLC/repos/local/cache/get-preprocessed-dataset-imagenet_8cdd050f/preprocessed_files.txt
Image size: 280
Image channels: 3
Prediction classes: 1000
Result dir: /home/ubuntu/MLC/repos/local/cache/get-mlperf-inference-results-dir_47cc95f3/valid_results/i_039e1e7592c097660-tflite_cpp-cpu-tflite-vmaster-default_config/efficientnet-fp32-lite3/singlestream/performance/run_1
How many images fit in memory buffer: 1024
Normalize: 1
Subtract mean: 0
Run time preprocessing: 0
Number of Threads: 4
Number of available imagefiles: 50000

Loading graph...
INFO: Created TensorFlow Lite XNNPACK delegate for CPU.
Input tensor dimensions (NHWC): 1*280*280*3
Output tensor dimensions: 1*1000
Path to user.conf : /home/ubuntu/MLC/repos/gateoverflow@mlperf-automations/script/generate-mlperf-inference-user-conf/tmp/b4aacbba16c442d3bbfc1e3da1d532fe.conf
Model Name: efficientnet
LoadGen Scenario: SingleStream
LoadGen Mode: performance
