client 2025-02-27 12:51:26,058 [INFO] Creating output directory '/home/arjun/MLC/repos/local/cache/get-mlperf-inference-results-dir_e3f7a2f6/valid_results/mini-tflite_cpp-cpu-tflite-vmaster-default_config/mobilenet-v2-precision_uint8-0.35-192/singlestream/performance/tmp_power'
client 2025-02-27 12:51:26,066 [INFO] Sending command to the server: 'mlcommons/power client v3'
client 2025-02-27 12:51:26,076 [INFO] Got response: 'mlcommons/power server v3'
client 2025-02-27 12:51:26,076 [INFO] Synchronizing with the server and with time.google.com...
client 2025-02-27 12:51:26,100 [INFO] NTP:offset = -0.003 s, delay = 0.019 s 
client 2025-02-27 12:51:26,100 [INFO] Sending command to the server: 'time'
client 2025-02-27 12:51:26,110 [INFO] Got response: '1740660685.9444504'
client 2025-02-27 12:51:26,111 [INFO] The time difference between the client and the server is within range 155.833 ms..166.711 ms
client 2025-02-27 12:51:26,111 [INFO] Sending command to the server: 'new,,8eeb5627-640c-4826-b313-e668793bb57e'
client 2025-02-27 12:51:26,122 [INFO] Got response: 'OK 2025-02-27_12-51-25,1e406e96-e652-41e2-b755-b612cb6e203b'
client 2025-02-27 12:51:26,122 [INFO] Session id is '2025-02-27_12-51-25'
client 2025-02-27 12:51:26,122 [INFO] Sources: {"sources": {"__init__.py": "da39a3ee5e6b4b0d3255bfef95601890afd80709", "client.py": "33ca4f26368777ac06e01f9567b714a4b8063886", "lib/__init__.py": "da39a3ee5e6b4b0d3255bfef95601890afd80709", "lib/client.py": "ac2aa093c8e8bbc9569b9e2a3471bc64e58a2258", "lib/common.py": "611d8b29633d331eb19c9455ea3b5fa3284ed6df", "lib/external/__init__.py": "da39a3ee5e6b4b0d3255bfef95601890afd80709", "lib/external/ntplib.py": "4da8f970656505a40483206ef2b5d3dd5e81711d", "lib/server.py": "9bc9a3b6b9b716520658ac175913bcbbdb354336", "lib/source_hashes.py": "60a2e02193209e8d392803326208d5466342da18", "lib/summary.py": "602a9fedfa503e5544d27ab3b0067f235047efc3", "lib/time_sync.py": "80894ef2389e540781ff78de94db16aa4203a14e", "server.py": "c3f90f2f7eeb4db30727556d0c815ebc89b3d28b", "tests/unit/__init__.py": "da39a3ee5e6b4b0d3255bfef95601890afd80709", "tests/unit/test_server.py": "948c1995d4008bc2aa6c4046a34ffa3858d6d671", "tests/unit/test_source_hashes.py": "00468a2907583c593e6574a1f6b404e4651c221a"}, "modules": {"ptd_client_server.lib.client": "lib/client.py", "ptd_client_server.lib.common": "lib/common.py", "ptd_client_server.lib.external.ntplib": "lib/external/ntplib.py", "ptd_client_server.lib.source_hashes": "lib/source_hashes.py", "ptd_client_server.lib.summary": "lib/summary.py", "ptd_client_server.lib.time_sync": "lib/time_sync.py"}}
client 2025-02-27 12:51:26,123 [INFO] Running workload in ranging mode
client 2025-02-27 12:51:26,123 [INFO] Synchronizing with the server and with time.google.com...
client 2025-02-27 12:51:26,142 [INFO] NTP:offset = -0.004 s, delay = 0.018 s 
client 2025-02-27 12:51:26,143 [INFO] Sending command to the server: 'time'
client 2025-02-27 12:51:26,155 [INFO] Got response: '1740660685.986655'
client 2025-02-27 12:51:26,155 [INFO] The time difference between the client and the server is within range 156.397 ms..169.000 ms
client 2025-02-27 12:51:26,155 [INFO] Sending command to the server: 'session,2025-02-27_12-51-25,start,ranging'
client 2025-02-27 12:51:50,752 [INFO] Got response: 'OK'
client 2025-02-27 12:51:50,752 [INFO] Sending command to the server: 'time'
client 2025-02-27 12:51:50,812 [INFO] Got response: '1740660710.6434832'
client 2025-02-27 12:51:50,812 [INFO] The time difference between the client and the server is within range 109.308 ms..169.041 ms
client 2025-02-27 12:51:50,812 [INFO] Running the workload ' MLC_MLPERF_RUN_COUNT=$(cat ${MLC_RUN_DIR}/count.txt); echo ${MLC_MLPERF_RUN_COUNT}; MLC_MLPERF_RUN_COUNT=$((MLC_MLPERF_RUN_COUNT+1)); echo ${MLC_MLPERF_RUN_COUNT} > ${MLC_RUN_DIR}/count.txt; if [ ${MLC_MLPERF_RUN_COUNT} -eq 1 ]; then export MLC_MLPERF_USER_CONF="${MLC_MLPERF_RANGING_USER_CONF}"; else export MLC_MLPERF_USER_CONF="${MLC_MLPERF_TESTING_USER_CONF}"; fi ; /home/arjun/MLC/repos/gateoverflow@mlperf-automations/script/run-all-mlperf-models/run.out'
client 2025-02-27 12:56:51,614 [INFO] Sending command to the server: 'time'
client 2025-02-27 12:56:51,629 [INFO] Got response: '1740661011.4557633'
client 2025-02-27 12:56:51,629 [INFO] The time difference between the client and the server is within range 158.980 ms..173.504 ms
client 2025-02-27 12:56:51,629 [INFO] Sending command to the server: 'session,2025-02-27_12-51-25,stop,ranging'
client 2025-02-27 12:57:02,475 [INFO] Got response: 'OK'
client 2025-02-27 12:57:02,475 [INFO] Sending command to the server: 'time'
client 2025-02-27 12:57:02,488 [INFO] Got response: '1740661022.3149855'
client 2025-02-27 12:57:02,488 [INFO] The time difference between the client and the server is within range 160.499 ms..173.756 ms
client 2025-02-27 12:57:02,493 [INFO] Copying loadgen logs from '/home/arjun/MLC/repos/local/cache/get-mlperf-inference-results-dir_e3f7a2f6/valid_results/mini-tflite_cpp-cpu-tflite-vmaster-default_config/mobilenet-v2-precision_uint8-0.35-192/singlestream/performance/run_1' to '/home/arjun/MLC/repos/local/cache/get-mlperf-inference-results-dir_e3f7a2f6/valid_results/mini-tflite_cpp-cpu-tflite-vmaster-default_config/mobilenet-v2-precision_uint8-0.35-192/singlestream/performance/tmp_power/ranging'
client 2025-02-27 12:57:02,493 [INFO] Running workload in testing mode
client 2025-02-27 12:57:02,493 [INFO] Synchronizing with the server and with time.google.com...
client 2025-02-27 12:57:02,513 [INFO] NTP:offset = -0.005 s, delay = 0.018 s 
client 2025-02-27 12:57:02,513 [INFO] Sending command to the server: 'time'
client 2025-02-27 12:57:02,523 [INFO] Got response: '1740661022.352241'
client 2025-02-27 12:57:02,524 [INFO] The time difference between the client and the server is within range 161.184 ms..171.847 ms
client 2025-02-27 12:57:02,524 [INFO] Sending command to the server: 'session,2025-02-27_12-51-25,start,testing'
client 2025-02-27 12:57:15,787 [INFO] Got response: 'OK'
client 2025-02-27 12:57:15,787 [INFO] Sending command to the server: 'time'
client 2025-02-27 12:57:15,801 [INFO] Got response: '1740661035.6279526'
client 2025-02-27 12:57:15,802 [INFO] The time difference between the client and the server is within range 159.768 ms..174.070 ms
client 2025-02-27 12:57:15,802 [INFO] Running the workload ' MLC_MLPERF_RUN_COUNT=$(cat ${MLC_RUN_DIR}/count.txt); echo ${MLC_MLPERF_RUN_COUNT}; MLC_MLPERF_RUN_COUNT=$((MLC_MLPERF_RUN_COUNT+1)); echo ${MLC_MLPERF_RUN_COUNT} > ${MLC_RUN_DIR}/count.txt; if [ ${MLC_MLPERF_RUN_COUNT} -eq 1 ]; then export MLC_MLPERF_USER_CONF="${MLC_MLPERF_RANGING_USER_CONF}"; else export MLC_MLPERF_USER_CONF="${MLC_MLPERF_TESTING_USER_CONF}"; fi ; /home/arjun/MLC/repos/gateoverflow@mlperf-automations/script/run-all-mlperf-models/run.out'
client 2025-02-27 13:07:16,931 [INFO] Sending command to the server: 'time'
client 2025-02-27 13:07:16,948 [INFO] Got response: '1740661636.765882'
client 2025-02-27 13:07:16,948 [INFO] The time difference between the client and the server is within range 166.070 ms..182.791 ms
client 2025-02-27 13:07:16,948 [INFO] Sending command to the server: 'session,2025-02-27_12-51-25,stop,testing'
client 2025-02-27 13:07:28,040 [INFO] Got response: 'OK'
client 2025-02-27 13:07:28,040 [INFO] Sending command to the server: 'time'
client 2025-02-27 13:07:28,051 [INFO] Got response: '1740661647.8690684'
client 2025-02-27 13:07:28,051 [INFO] The time difference between the client and the server is within range 171.650 ms..182.207 ms
client 2025-02-27 13:07:28,052 [INFO] Copying loadgen logs from '/home/arjun/MLC/repos/local/cache/get-mlperf-inference-results-dir_e3f7a2f6/valid_results/mini-tflite_cpp-cpu-tflite-vmaster-default_config/mobilenet-v2-precision_uint8-0.35-192/singlestream/performance/run_1' to '/home/arjun/MLC/repos/local/cache/get-mlperf-inference-results-dir_e3f7a2f6/valid_results/mini-tflite_cpp-cpu-tflite-vmaster-default_config/mobilenet-v2-precision_uint8-0.35-192/singlestream/performance/tmp_power/run_1'
client 2025-02-27 13:07:28,052 [INFO] Done runs
