Graph file: /home/ec2-user/MLC/repos/local/cache/get-ml-model-mobilenet_c2fb369c/mobilenet_v1_0.25_128_quant.tflite
Image dir: /home/ec2-user/MLC/repos/local/cache/get-preprocessed-dataset-imagenet_7ceb65f5
Image list: /home/ec2-user/MLC/repos/local/cache/get-preprocessed-dataset-imagenet_7ceb65f5/preprocessed_files.txt
Image size: 128
Image channels: 3
Prediction classes: 1000
Result dir: /home/ec2-user/MLC/repos/local/cache/get-mlperf-inference-results-dir_9d6f1f88/valid_results/i_02d7c83e498a7d2b9.ec2.internal-tflite_cpp-cpu-tflite-vmaster-default_config/mobilenet-v1-precision_uint8-0.25-128/singlestream/performance/run_1
How many images fit in memory buffer: 1024
Normalize: 1
Subtract mean: 0
Run time preprocessing: 1
Number of Threads: 8
Number of available imagefiles: 50000

Loading graph...
INFO: Created TensorFlow Lite XNNPACK delegate for CPU.
Input tensor dimensions (NHWC): 1*128*128*3
Output tensor dimensions: 1*1001
Path to user.conf : /home/ec2-user/MLC/repos/gateoverflow@mlperf-automations/script/generate-mlperf-inference-user-conf/tmp/ef1134865aa740ec9e1be60440917717.conf
Model Name: mobilenet
LoadGen Scenario: SingleStream
LoadGen Mode: performance
