client 2025-02-27 04:56:43,704 [INFO] Creating output directory '/home/arjun/MLC/repos/local/cache/get-mlperf-inference-results-dir_e3f7a2f6/valid_results/mini-tflite_cpp-cpu-tflite-vmaster-default_config/mobilenet-v1-precision_uint8-0.75-128/singlestream/performance/tmp_power'
client 2025-02-27 04:56:43,713 [INFO] Sending command to the server: 'mlcommons/power client v3'
client 2025-02-27 04:56:43,725 [INFO] Got response: 'mlcommons/power server v3'
client 2025-02-27 04:56:43,726 [INFO] Synchronizing with the server and with time.google.com...
client 2025-02-27 04:56:43,750 [INFO] NTP:offset = -0.002 s, delay = 0.020 s 
client 2025-02-27 04:56:43,750 [INFO] Sending command to the server: 'time'
client 2025-02-27 04:56:43,760 [INFO] Got response: '1740632203.49647'
client 2025-02-27 04:56:43,761 [INFO] The time difference between the client and the server is within range 254.180 ms..264.627 ms
client 2025-02-27 04:56:43,761 [INFO] Sending command to the server: 'new,,6796b259-d38c-448b-83cd-95794fd96341'
client 2025-02-27 04:56:43,775 [INFO] Got response: 'OK 2025-02-27_04-56-43,237d2481-917c-4a8e-9beb-15fff96d4f9f'
client 2025-02-27 04:56:43,775 [INFO] Session id is '2025-02-27_04-56-43'
client 2025-02-27 04:56:43,775 [INFO] Sources: {"sources": {"__init__.py": "da39a3ee5e6b4b0d3255bfef95601890afd80709", "client.py": "33ca4f26368777ac06e01f9567b714a4b8063886", "lib/__init__.py": "da39a3ee5e6b4b0d3255bfef95601890afd80709", "lib/client.py": "ac2aa093c8e8bbc9569b9e2a3471bc64e58a2258", "lib/common.py": "611d8b29633d331eb19c9455ea3b5fa3284ed6df", "lib/external/__init__.py": "da39a3ee5e6b4b0d3255bfef95601890afd80709", "lib/external/ntplib.py": "4da8f970656505a40483206ef2b5d3dd5e81711d", "lib/server.py": "9bc9a3b6b9b716520658ac175913bcbbdb354336", "lib/source_hashes.py": "60a2e02193209e8d392803326208d5466342da18", "lib/summary.py": "602a9fedfa503e5544d27ab3b0067f235047efc3", "lib/time_sync.py": "80894ef2389e540781ff78de94db16aa4203a14e", "server.py": "c3f90f2f7eeb4db30727556d0c815ebc89b3d28b", "tests/unit/__init__.py": "da39a3ee5e6b4b0d3255bfef95601890afd80709", "tests/unit/test_server.py": "948c1995d4008bc2aa6c4046a34ffa3858d6d671", "tests/unit/test_source_hashes.py": "00468a2907583c593e6574a1f6b404e4651c221a"}, "modules": {"ptd_client_server.lib.client": "lib/client.py", "ptd_client_server.lib.common": "lib/common.py", "ptd_client_server.lib.external.ntplib": "lib/external/ntplib.py", "ptd_client_server.lib.source_hashes": "lib/source_hashes.py", "ptd_client_server.lib.summary": "lib/summary.py", "ptd_client_server.lib.time_sync": "lib/time_sync.py"}}
client 2025-02-27 04:56:43,775 [INFO] Running workload in ranging mode
client 2025-02-27 04:56:43,775 [INFO] Synchronizing with the server and with time.google.com...
client 2025-02-27 04:56:43,799 [INFO] NTP:offset = -0.002 s, delay = 0.021 s 
client 2025-02-27 04:56:43,799 [INFO] Sending command to the server: 'time'
client 2025-02-27 04:56:43,811 [INFO] Got response: '1740632203.5441663'
client 2025-02-27 04:56:43,811 [INFO] The time difference between the client and the server is within range 255.062 ms..267.625 ms
client 2025-02-27 04:56:43,811 [INFO] Sending command to the server: 'session,2025-02-27_04-56-43,start,ranging'
client 2025-02-27 04:57:08,385 [INFO] Got response: 'OK'
client 2025-02-27 04:57:08,385 [INFO] Sending command to the server: 'time'
client 2025-02-27 04:57:08,399 [INFO] Got response: '1740632228.13178'
client 2025-02-27 04:57:08,399 [INFO] The time difference between the client and the server is within range 254.168 ms..267.448 ms
client 2025-02-27 04:57:08,399 [INFO] Running the workload ' MLC_MLPERF_RUN_COUNT=$(cat ${MLC_RUN_DIR}/count.txt); echo ${MLC_MLPERF_RUN_COUNT}; MLC_MLPERF_RUN_COUNT=$((MLC_MLPERF_RUN_COUNT+1)); echo ${MLC_MLPERF_RUN_COUNT} > ${MLC_RUN_DIR}/count.txt; if [ ${MLC_MLPERF_RUN_COUNT} -eq 1 ]; then export MLC_MLPERF_USER_CONF="${MLC_MLPERF_RANGING_USER_CONF}"; else export MLC_MLPERF_USER_CONF="${MLC_MLPERF_TESTING_USER_CONF}"; fi ; /home/arjun/MLC/repos/gateoverflow@mlperf-automations/script/run-all-mlperf-models/run.out'
client 2025-02-27 05:02:08,898 [INFO] Sending command to the server: 'time'
client 2025-02-27 05:02:08,921 [INFO] Got response: '1740632528.6490314'
client 2025-02-27 05:02:08,921 [INFO] The time difference between the client and the server is within range 249.543 ms..272.645 ms
client 2025-02-27 05:02:08,921 [INFO] Sending command to the server: 'session,2025-02-27_04-56-43,stop,ranging'
client 2025-02-27 05:02:20,025 [INFO] Got response: 'OK'
client 2025-02-27 05:02:20,025 [INFO] Sending command to the server: 'time'
client 2025-02-27 05:02:20,039 [INFO] Got response: '1740632539.7666922'
client 2025-02-27 05:02:20,039 [INFO] The time difference between the client and the server is within range 258.856 ms..273.042 ms
client 2025-02-27 05:02:20,043 [INFO] Copying loadgen logs from '/home/arjun/MLC/repos/local/cache/get-mlperf-inference-results-dir_e3f7a2f6/valid_results/mini-tflite_cpp-cpu-tflite-vmaster-default_config/mobilenet-v1-precision_uint8-0.75-128/singlestream/performance/run_1' to '/home/arjun/MLC/repos/local/cache/get-mlperf-inference-results-dir_e3f7a2f6/valid_results/mini-tflite_cpp-cpu-tflite-vmaster-default_config/mobilenet-v1-precision_uint8-0.75-128/singlestream/performance/tmp_power/ranging'
client 2025-02-27 05:02:20,044 [INFO] Running workload in testing mode
client 2025-02-27 05:02:20,044 [INFO] Synchronizing with the server and with time.google.com...
client 2025-02-27 05:02:20,065 [INFO] NTP:offset = -0.003 s, delay = 0.020 s 
client 2025-02-27 05:02:20,065 [INFO] Sending command to the server: 'time'
client 2025-02-27 05:02:20,080 [INFO] Got response: '1740632539.8056474'
client 2025-02-27 05:02:20,080 [INFO] The time difference between the client and the server is within range 259.835 ms..275.189 ms
client 2025-02-27 05:02:20,080 [INFO] Sending command to the server: 'session,2025-02-27_04-56-43,start,testing'
client 2025-02-27 05:02:33,337 [INFO] Got response: 'OK'
client 2025-02-27 05:02:33,337 [INFO] Sending command to the server: 'time'
client 2025-02-27 05:02:33,354 [INFO] Got response: '1740632553.081551'
client 2025-02-27 05:02:33,354 [INFO] The time difference between the client and the server is within range 255.948 ms..272.883 ms
client 2025-02-27 05:02:33,354 [INFO] Running the workload ' MLC_MLPERF_RUN_COUNT=$(cat ${MLC_RUN_DIR}/count.txt); echo ${MLC_MLPERF_RUN_COUNT}; MLC_MLPERF_RUN_COUNT=$((MLC_MLPERF_RUN_COUNT+1)); echo ${MLC_MLPERF_RUN_COUNT} > ${MLC_RUN_DIR}/count.txt; if [ ${MLC_MLPERF_RUN_COUNT} -eq 1 ]; then export MLC_MLPERF_USER_CONF="${MLC_MLPERF_RANGING_USER_CONF}"; else export MLC_MLPERF_USER_CONF="${MLC_MLPERF_TESTING_USER_CONF}"; fi ; /home/arjun/MLC/repos/gateoverflow@mlperf-automations/script/run-all-mlperf-models/run.out'
client 2025-02-27 05:12:33,978 [INFO] Sending command to the server: 'time'
client 2025-02-27 05:12:33,992 [INFO] Got response: '1740633153.7096694'
client 2025-02-27 05:12:33,992 [INFO] The time difference between the client and the server is within range 268.479 ms..283.257 ms
client 2025-02-27 05:12:33,993 [INFO] Sending command to the server: 'session,2025-02-27_04-56-43,stop,testing'
client 2025-02-27 05:12:44,885 [INFO] Got response: 'OK'
client 2025-02-27 05:12:44,885 [INFO] Sending command to the server: 'time'
client 2025-02-27 05:12:44,897 [INFO] Got response: '1740633164.61427'
client 2025-02-27 05:12:44,897 [INFO] The time difference between the client and the server is within range 271.329 ms..283.176 ms
client 2025-02-27 05:12:44,898 [INFO] Copying loadgen logs from '/home/arjun/MLC/repos/local/cache/get-mlperf-inference-results-dir_e3f7a2f6/valid_results/mini-tflite_cpp-cpu-tflite-vmaster-default_config/mobilenet-v1-precision_uint8-0.75-128/singlestream/performance/run_1' to '/home/arjun/MLC/repos/local/cache/get-mlperf-inference-results-dir_e3f7a2f6/valid_results/mini-tflite_cpp-cpu-tflite-vmaster-default_config/mobilenet-v1-precision_uint8-0.75-128/singlestream/performance/tmp_power/run_1'
client 2025-02-27 05:12:44,898 [INFO] Done runs
