Graph file: /home/arjun/MLC/repos/local/cache/get-ml-model-efficientnet-lite_4e6e0308/efficientnet-lite1/efficientnet-lite1-int8.tflite
Image dir: /home/arjun/MLC/repos/local/cache/get-preprocessed-dataset-imagenet_8f527b09
Image list: /home/arjun/MLC/repos/local/cache/get-preprocessed-dataset-imagenet_8f527b09/preprocessed_files.txt
Image size: 240
Image channels: 3
Prediction classes: 1000
Result dir: /home/arjun/MLC/repos/local/cache/get-mlperf-inference-results-dir_e3f7a2f6/valid_results/mini-tflite_cpp-cpu-tflite-vmaster-default_config/efficientnet-int8-lite1/singlestream/performance/run_1
How many images fit in memory buffer: 1024
Normalize: 1
Subtract mean: 0
Run time preprocessing: 1
Number of Threads: 6
Number of available imagefiles: 50000

Loading graph...
INFO: Created TensorFlow Lite XNNPACK delegate for CPU.
Input tensor dimensions (NHWC): 1*240*240*3
Output tensor dimensions: 1*1000
Path to user.conf : /home/arjun/MLC/repos/gateoverflow@mlperf-automations/script/generate-mlperf-inference-user-conf/tmp/6adae47514514dcbbce920ce43a609b6.conf
Model Name: efficientnet
LoadGen Scenario: SingleStream
LoadGen Mode: performance
