client 2025-02-27 19:23:43,308 [INFO] Creating output directory '/home/arjun/MLC/repos/local/cache/get-mlperf-inference-results-dir_e3f7a2f6/valid_results/mini-tflite_cpp-cpu-tflite-vmaster-with_live_preprocessing/mobilenet-v1-precision_float-0.75-128/singlestream/performance/tmp_power'
client 2025-02-27 19:23:43,318 [INFO] Sending command to the server: 'mlcommons/power client v3'
client 2025-02-27 19:23:43,329 [INFO] Got response: 'mlcommons/power server v3'
client 2025-02-27 19:23:43,329 [INFO] Synchronizing with the server and with time.google.com...
client 2025-02-27 19:23:43,353 [INFO] NTP:offset = -0.003 s, delay = 0.021 s 
client 2025-02-27 19:23:43,354 [INFO] Sending command to the server: 'time'
client 2025-02-27 19:23:43,366 [INFO] Got response: '1740684223.2303796'
client 2025-02-27 19:23:43,366 [INFO] The time difference between the client and the server is within range 123.646 ms..136.487 ms
client 2025-02-27 19:23:43,367 [INFO] Sending command to the server: 'new,,044400fb-3ab6-40ca-ba47-ea8dedc4c4b8'
client 2025-02-27 19:23:43,383 [INFO] Got response: 'OK 2025-02-27_19-23-43,b27487e9-e347-49f4-ad5a-13a0053980fc'
client 2025-02-27 19:23:43,383 [INFO] Session id is '2025-02-27_19-23-43'
client 2025-02-27 19:23:43,383 [INFO] Sources: {"sources": {"__init__.py": "da39a3ee5e6b4b0d3255bfef95601890afd80709", "client.py": "33ca4f26368777ac06e01f9567b714a4b8063886", "lib/__init__.py": "da39a3ee5e6b4b0d3255bfef95601890afd80709", "lib/client.py": "ac2aa093c8e8bbc9569b9e2a3471bc64e58a2258", "lib/common.py": "611d8b29633d331eb19c9455ea3b5fa3284ed6df", "lib/external/__init__.py": "da39a3ee5e6b4b0d3255bfef95601890afd80709", "lib/external/ntplib.py": "4da8f970656505a40483206ef2b5d3dd5e81711d", "lib/server.py": "9bc9a3b6b9b716520658ac175913bcbbdb354336", "lib/source_hashes.py": "60a2e02193209e8d392803326208d5466342da18", "lib/summary.py": "602a9fedfa503e5544d27ab3b0067f235047efc3", "lib/time_sync.py": "80894ef2389e540781ff78de94db16aa4203a14e", "server.py": "c3f90f2f7eeb4db30727556d0c815ebc89b3d28b", "tests/unit/__init__.py": "da39a3ee5e6b4b0d3255bfef95601890afd80709", "tests/unit/test_server.py": "948c1995d4008bc2aa6c4046a34ffa3858d6d671", "tests/unit/test_source_hashes.py": "00468a2907583c593e6574a1f6b404e4651c221a"}, "modules": {"ptd_client_server.lib.client": "lib/client.py", "ptd_client_server.lib.common": "lib/common.py", "ptd_client_server.lib.external.ntplib": "lib/external/ntplib.py", "ptd_client_server.lib.source_hashes": "lib/source_hashes.py", "ptd_client_server.lib.summary": "lib/summary.py", "ptd_client_server.lib.time_sync": "lib/time_sync.py"}}
client 2025-02-27 19:23:43,384 [INFO] Running workload in ranging mode
client 2025-02-27 19:23:43,384 [INFO] Synchronizing with the server and with time.google.com...
client 2025-02-27 19:23:43,403 [INFO] NTP:offset = -0.004 s, delay = 0.018 s 
client 2025-02-27 19:23:43,404 [INFO] Sending command to the server: 'time'
client 2025-02-27 19:23:43,417 [INFO] Got response: '1740684223.2803926'
client 2025-02-27 19:23:43,417 [INFO] The time difference between the client and the server is within range 123.689 ms..136.915 ms
client 2025-02-27 19:23:43,417 [INFO] Sending command to the server: 'session,2025-02-27_19-23-43,start,ranging'
client 2025-02-27 19:24:07,965 [INFO] Got response: 'OK'
client 2025-02-27 19:24:07,965 [INFO] Sending command to the server: 'time'
client 2025-02-27 19:24:07,977 [INFO] Got response: '1740684247.840135'
client 2025-02-27 19:24:07,977 [INFO] The time difference between the client and the server is within range 125.094 ms..137.243 ms
client 2025-02-27 19:24:07,977 [INFO] Running the workload ' MLC_MLPERF_RUN_COUNT=$(cat ${MLC_RUN_DIR}/count.txt); echo ${MLC_MLPERF_RUN_COUNT}; MLC_MLPERF_RUN_COUNT=$((MLC_MLPERF_RUN_COUNT+1)); echo ${MLC_MLPERF_RUN_COUNT} > ${MLC_RUN_DIR}/count.txt; if [ ${MLC_MLPERF_RUN_COUNT} -eq 1 ]; then export MLC_MLPERF_USER_CONF="${MLC_MLPERF_RANGING_USER_CONF}"; else export MLC_MLPERF_USER_CONF="${MLC_MLPERF_TESTING_USER_CONF}"; fi ; /home/arjun/MLC/repos/gateoverflow@mlperf-automations/script/run-all-mlperf-models/run.out'
client 2025-02-27 19:29:09,111 [INFO] Sending command to the server: 'time'
client 2025-02-27 19:29:09,124 [INFO] Got response: '1740684548.9955792'
client 2025-02-27 19:29:09,124 [INFO] The time difference between the client and the server is within range 115.947 ms..128.987 ms
client 2025-02-27 19:29:09,124 [INFO] Sending command to the server: 'session,2025-02-27_19-23-43,stop,ranging'
client 2025-02-27 19:29:20,793 [INFO] Got response: 'OK'
client 2025-02-27 19:29:20,793 [INFO] Sending command to the server: 'time'
client 2025-02-27 19:29:20,805 [INFO] Got response: '1740684560.6733313'
client 2025-02-27 19:29:20,805 [INFO] The time difference between the client and the server is within range 120.577 ms..132.166 ms
client 2025-02-27 19:29:20,809 [INFO] Copying loadgen logs from '/home/arjun/MLC/repos/local/cache/get-mlperf-inference-results-dir_e3f7a2f6/valid_results/mini-tflite_cpp-cpu-tflite-vmaster-with_live_preprocessing/mobilenet-v1-precision_float-0.75-128/singlestream/performance/run_1' to '/home/arjun/MLC/repos/local/cache/get-mlperf-inference-results-dir_e3f7a2f6/valid_results/mini-tflite_cpp-cpu-tflite-vmaster-with_live_preprocessing/mobilenet-v1-precision_float-0.75-128/singlestream/performance/tmp_power/ranging'
client 2025-02-27 19:29:20,810 [INFO] Running workload in testing mode
client 2025-02-27 19:29:20,810 [INFO] Synchronizing with the server and with time.google.com...
client 2025-02-27 19:29:20,834 [INFO] NTP:offset = -0.003 s, delay = 0.022 s 
client 2025-02-27 19:29:20,834 [INFO] Sending command to the server: 'time'
client 2025-02-27 19:29:20,847 [INFO] Got response: '1740684560.715021'
client 2025-02-27 19:29:20,847 [INFO] The time difference between the client and the server is within range 119.550 ms..132.693 ms
client 2025-02-27 19:29:20,847 [INFO] Sending command to the server: 'session,2025-02-27_19-23-43,start,testing'
client 2025-02-27 19:29:34,105 [INFO] Got response: 'OK'
client 2025-02-27 19:29:34,105 [INFO] Sending command to the server: 'time'
client 2025-02-27 19:29:34,120 [INFO] Got response: '1740684573.9897845'
client 2025-02-27 19:29:34,120 [INFO] The time difference between the client and the server is within range 115.901 ms..130.748 ms
client 2025-02-27 19:29:34,120 [INFO] Running the workload ' MLC_MLPERF_RUN_COUNT=$(cat ${MLC_RUN_DIR}/count.txt); echo ${MLC_MLPERF_RUN_COUNT}; MLC_MLPERF_RUN_COUNT=$((MLC_MLPERF_RUN_COUNT+1)); echo ${MLC_MLPERF_RUN_COUNT} > ${MLC_RUN_DIR}/count.txt; if [ ${MLC_MLPERF_RUN_COUNT} -eq 1 ]; then export MLC_MLPERF_USER_CONF="${MLC_MLPERF_RANGING_USER_CONF}"; else export MLC_MLPERF_USER_CONF="${MLC_MLPERF_TESTING_USER_CONF}"; fi ; /home/arjun/MLC/repos/gateoverflow@mlperf-automations/script/run-all-mlperf-models/run.out'
client 2025-02-27 19:39:36,041 [INFO] Sending command to the server: 'time'
client 2025-02-27 19:39:36,056 [INFO] Got response: '1740685175.9373474'
client 2025-02-27 19:39:36,056 [INFO] The time difference between the client and the server is within range 103.981 ms..118.963 ms
client 2025-02-27 19:39:36,056 [INFO] Sending command to the server: 'session,2025-02-27_19-23-43,stop,testing'
client 2025-02-27 19:39:47,191 [INFO] Got response: 'OK'
client 2025-02-27 19:39:47,191 [INFO] Sending command to the server: 'time'
client 2025-02-27 19:39:47,204 [INFO] Got response: '1740685187.0845687'
client 2025-02-27 19:39:47,204 [INFO] The time difference between the client and the server is within range 106.934 ms..119.862 ms
client 2025-02-27 19:39:47,205 [INFO] Copying loadgen logs from '/home/arjun/MLC/repos/local/cache/get-mlperf-inference-results-dir_e3f7a2f6/valid_results/mini-tflite_cpp-cpu-tflite-vmaster-with_live_preprocessing/mobilenet-v1-precision_float-0.75-128/singlestream/performance/run_1' to '/home/arjun/MLC/repos/local/cache/get-mlperf-inference-results-dir_e3f7a2f6/valid_results/mini-tflite_cpp-cpu-tflite-vmaster-with_live_preprocessing/mobilenet-v1-precision_float-0.75-128/singlestream/performance/tmp_power/run_1'
client 2025-02-27 19:39:47,205 [INFO] Done runs
