Graph file: /Users/arjunsuresh/MLC/repos/local/cache/get-ml-model-efficientnet-lite_d96283d0/efficientnet-lite0/efficientnet-lite0-fp32.tflite
Image dir: /Users/arjunsuresh/MLC/repos/local/cache/get-preprocessed-dataset-imagenet_05f73ca5
Image list: /Users/arjunsuresh/MLC/repos/local/cache/get-preprocessed-dataset-imagenet_05f73ca5/preprocessed_files.txt
Image size: 224
Image channels: 3
Prediction classes: 1000
Result dir: /Users/arjunsuresh/MLC/repos/local/cache/get-mlperf-inference-results-dir_faaa00ec/valid_results/MacBookPro.ultrahub-tflite_cpp-cpu-tflite-vmaster-default_config/efficientnet-fp32-lite0/singlestream/accuracy
How many images fit in memory buffer: 1024
Normalize: 1
Subtract mean: 0
Run time preprocessing: 0
Number of Threads: 10
Number of available imagefiles: 50000

Loading graph...
INFO: Created TensorFlow Lite XNNPACK delegate for CPU.
Input tensor dimensions (NHWC): 1*224*224*3
Output tensor dimensions: 1*1000
Path to user.conf : /Users/arjunsuresh/MLC/repos/gateoverflow@mlperf-automations/script/generate-mlperf-inference-user-conf/tmp/25cb03d6397e4d589579490d9237fdce.conf
Model Name: efficientnet
LoadGen Scenario: SingleStream
LoadGen Mode: accuracy
