client 2025-02-27 05:55:03,569 [INFO] Creating output directory '/home/arjun/MLC/repos/local/cache/get-mlperf-inference-results-dir_e3f7a2f6/valid_results/mini-tflite_cpp-cpu-tflite-vmaster-default_config/mobilenet-v1-precision_uint8-0.5-160/singlestream/performance/tmp_power'
client 2025-02-27 05:55:03,577 [INFO] Sending command to the server: 'mlcommons/power client v3'
client 2025-02-27 05:55:03,600 [INFO] Got response: 'mlcommons/power server v3'
client 2025-02-27 05:55:03,601 [INFO] Synchronizing with the server and with time.google.com...
client 2025-02-27 05:55:03,637 [INFO] NTP:offset = -0.003 s, delay = 0.020 s 
client 2025-02-27 05:55:03,638 [INFO] Sending command to the server: 'time'
client 2025-02-27 05:55:03,651 [INFO] Got response: '1740635703.3197987'
client 2025-02-27 05:55:03,651 [INFO] The time difference between the client and the server is within range 318.251 ms..331.574 ms
client 2025-02-27 05:55:03,651 [INFO] Sending command to the server: 'new,,9ed399b3-4931-445a-aaa8-1e4f6dc44b07'
client 2025-02-27 05:55:03,669 [INFO] Got response: 'OK 2025-02-27_05-55-03,95ea24cd-019d-4546-8bc7-db2927d60991'
client 2025-02-27 05:55:03,669 [INFO] Session id is '2025-02-27_05-55-03'
client 2025-02-27 05:55:03,669 [INFO] Sources: {"sources": {"__init__.py": "da39a3ee5e6b4b0d3255bfef95601890afd80709", "client.py": "33ca4f26368777ac06e01f9567b714a4b8063886", "lib/__init__.py": "da39a3ee5e6b4b0d3255bfef95601890afd80709", "lib/client.py": "ac2aa093c8e8bbc9569b9e2a3471bc64e58a2258", "lib/common.py": "611d8b29633d331eb19c9455ea3b5fa3284ed6df", "lib/external/__init__.py": "da39a3ee5e6b4b0d3255bfef95601890afd80709", "lib/external/ntplib.py": "4da8f970656505a40483206ef2b5d3dd5e81711d", "lib/server.py": "9bc9a3b6b9b716520658ac175913bcbbdb354336", "lib/source_hashes.py": "60a2e02193209e8d392803326208d5466342da18", "lib/summary.py": "602a9fedfa503e5544d27ab3b0067f235047efc3", "lib/time_sync.py": "80894ef2389e540781ff78de94db16aa4203a14e", "server.py": "c3f90f2f7eeb4db30727556d0c815ebc89b3d28b", "tests/unit/__init__.py": "da39a3ee5e6b4b0d3255bfef95601890afd80709", "tests/unit/test_server.py": "948c1995d4008bc2aa6c4046a34ffa3858d6d671", "tests/unit/test_source_hashes.py": "00468a2907583c593e6574a1f6b404e4651c221a"}, "modules": {"ptd_client_server.lib.client": "lib/client.py", "ptd_client_server.lib.common": "lib/common.py", "ptd_client_server.lib.external.ntplib": "lib/external/ntplib.py", "ptd_client_server.lib.source_hashes": "lib/source_hashes.py", "ptd_client_server.lib.summary": "lib/summary.py", "ptd_client_server.lib.time_sync": "lib/time_sync.py"}}
client 2025-02-27 05:55:03,669 [INFO] Running workload in ranging mode
client 2025-02-27 05:55:03,669 [INFO] Synchronizing with the server and with time.google.com...
client 2025-02-27 05:55:03,690 [INFO] NTP:offset = -0.004 s, delay = 0.019 s 
client 2025-02-27 05:55:03,690 [INFO] Sending command to the server: 'time'
client 2025-02-27 05:55:03,703 [INFO] Got response: '1740635703.372913'
client 2025-02-27 05:55:03,703 [INFO] The time difference between the client and the server is within range 318.062 ms..330.907 ms
client 2025-02-27 05:55:03,703 [INFO] Sending command to the server: 'session,2025-02-27_05-55-03,start,ranging'
client 2025-02-27 05:55:28,228 [INFO] Got response: 'OK'
client 2025-02-27 05:55:28,228 [INFO] Sending command to the server: 'time'
client 2025-02-27 05:55:28,241 [INFO] Got response: '1740635727.9100122'
client 2025-02-27 05:55:28,241 [INFO] The time difference between the client and the server is within range 318.761 ms..331.593 ms
client 2025-02-27 05:55:28,241 [INFO] Running the workload ' MLC_MLPERF_RUN_COUNT=$(cat ${MLC_RUN_DIR}/count.txt); echo ${MLC_MLPERF_RUN_COUNT}; MLC_MLPERF_RUN_COUNT=$((MLC_MLPERF_RUN_COUNT+1)); echo ${MLC_MLPERF_RUN_COUNT} > ${MLC_RUN_DIR}/count.txt; if [ ${MLC_MLPERF_RUN_COUNT} -eq 1 ]; then export MLC_MLPERF_USER_CONF="${MLC_MLPERF_RANGING_USER_CONF}"; else export MLC_MLPERF_USER_CONF="${MLC_MLPERF_TESTING_USER_CONF}"; fi ; /home/arjun/MLC/repos/gateoverflow@mlperf-automations/script/run-all-mlperf-models/run.out'
client 2025-02-27 06:00:28,979 [INFO] Sending command to the server: 'time'
client 2025-02-27 06:00:28,995 [INFO] Got response: '1740636028.6581056'
client 2025-02-27 06:00:28,995 [INFO] The time difference between the client and the server is within range 321.708 ms..337.416 ms
client 2025-02-27 06:00:28,995 [INFO] Sending command to the server: 'session,2025-02-27_05-55-03,stop,ranging'
client 2025-02-27 06:00:40,082 [INFO] Got response: 'OK'
client 2025-02-27 06:00:40,082 [INFO] Sending command to the server: 'time'
client 2025-02-27 06:00:40,095 [INFO] Got response: '1740636039.7580955'
client 2025-02-27 06:00:40,095 [INFO] The time difference between the client and the server is within range 324.363 ms..337.746 ms
client 2025-02-27 06:00:40,100 [INFO] Copying loadgen logs from '/home/arjun/MLC/repos/local/cache/get-mlperf-inference-results-dir_e3f7a2f6/valid_results/mini-tflite_cpp-cpu-tflite-vmaster-default_config/mobilenet-v1-precision_uint8-0.5-160/singlestream/performance/run_1' to '/home/arjun/MLC/repos/local/cache/get-mlperf-inference-results-dir_e3f7a2f6/valid_results/mini-tflite_cpp-cpu-tflite-vmaster-default_config/mobilenet-v1-precision_uint8-0.5-160/singlestream/performance/tmp_power/ranging'
client 2025-02-27 06:00:40,100 [INFO] Running workload in testing mode
client 2025-02-27 06:00:40,100 [INFO] Synchronizing with the server and with time.google.com...
client 2025-02-27 06:00:40,121 [INFO] NTP:offset = -0.005 s, delay = 0.019 s 
client 2025-02-27 06:00:40,121 [INFO] Sending command to the server: 'time'
client 2025-02-27 06:00:40,134 [INFO] Got response: '1740636039.7967577'
client 2025-02-27 06:00:40,134 [INFO] The time difference between the client and the server is within range 324.681 ms..337.895 ms
client 2025-02-27 06:00:40,134 [INFO] Sending command to the server: 'session,2025-02-27_05-55-03,start,testing'
client 2025-02-27 06:00:53,291 [INFO] Got response: 'OK'
client 2025-02-27 06:00:53,292 [INFO] Sending command to the server: 'time'
client 2025-02-27 06:00:53,302 [INFO] Got response: '1740636052.9671335'
client 2025-02-27 06:00:53,302 [INFO] The time difference between the client and the server is within range 324.931 ms..335.449 ms
client 2025-02-27 06:00:53,302 [INFO] Running the workload ' MLC_MLPERF_RUN_COUNT=$(cat ${MLC_RUN_DIR}/count.txt); echo ${MLC_MLPERF_RUN_COUNT}; MLC_MLPERF_RUN_COUNT=$((MLC_MLPERF_RUN_COUNT+1)); echo ${MLC_MLPERF_RUN_COUNT} > ${MLC_RUN_DIR}/count.txt; if [ ${MLC_MLPERF_RUN_COUNT} -eq 1 ]; then export MLC_MLPERF_USER_CONF="${MLC_MLPERF_RANGING_USER_CONF}"; else export MLC_MLPERF_USER_CONF="${MLC_MLPERF_TESTING_USER_CONF}"; fi ; /home/arjun/MLC/repos/gateoverflow@mlperf-automations/script/run-all-mlperf-models/run.out'
client 2025-02-27 06:10:54,326 [INFO] Sending command to the server: 'time'
client 2025-02-27 06:10:54,342 [INFO] Got response: '1740636653.9954543'
client 2025-02-27 06:10:54,342 [INFO] The time difference between the client and the server is within range 331.077 ms..347.320 ms
client 2025-02-27 06:10:54,342 [INFO] Sending command to the server: 'session,2025-02-27_05-55-03,stop,testing'
client 2025-02-27 06:11:05,543 [INFO] Got response: 'OK'
client 2025-02-27 06:11:05,543 [INFO] Sending command to the server: 'time'
client 2025-02-27 06:11:05,556 [INFO] Got response: '1740636665.2075624'
client 2025-02-27 06:11:05,556 [INFO] The time difference between the client and the server is within range 336.353 ms..349.283 ms
client 2025-02-27 06:11:05,558 [INFO] Copying loadgen logs from '/home/arjun/MLC/repos/local/cache/get-mlperf-inference-results-dir_e3f7a2f6/valid_results/mini-tflite_cpp-cpu-tflite-vmaster-default_config/mobilenet-v1-precision_uint8-0.5-160/singlestream/performance/run_1' to '/home/arjun/MLC/repos/local/cache/get-mlperf-inference-results-dir_e3f7a2f6/valid_results/mini-tflite_cpp-cpu-tflite-vmaster-default_config/mobilenet-v1-precision_uint8-0.5-160/singlestream/performance/tmp_power/run_1'
client 2025-02-27 06:11:05,559 [INFO] Done runs
