client 2025-02-27 16:27:59,067 [INFO] Creating output directory '/home/arjun/MLC/repos/local/cache/get-mlperf-inference-results-dir_e3f7a2f6/valid_results/mini-tflite_cpp-cpu-tflite-vmaster-with_live_preprocessing/mobilenet-v1-precision_float-1.0-224/singlestream/performance/tmp_power'
client 2025-02-27 16:27:59,074 [INFO] Sending command to the server: 'mlcommons/power client v3'
client 2025-02-27 16:27:59,092 [INFO] Got response: 'mlcommons/power server v3'
client 2025-02-27 16:27:59,092 [INFO] Synchronizing with the server and with time.google.com...
client 2025-02-27 16:27:59,116 [INFO] NTP:offset = -0.001 s, delay = 0.020 s 
client 2025-02-27 16:27:59,116 [INFO] Sending command to the server: 'time'
client 2025-02-27 16:27:59,126 [INFO] Got response: '1740673678.757264'
client 2025-02-27 16:27:59,126 [INFO] The time difference between the client and the server is within range 359.492 ms..369.497 ms
client 2025-02-27 16:27:59,126 [INFO] Sending command to the server: 'new,,5b6baadc-5136-4f74-968a-1a78fc5f5573'
client 2025-02-27 16:27:59,143 [INFO] Got response: 'OK 2025-02-27_16-27-58,9c5097e8-22c7-4838-87f0-4ba71d18c3a3'
client 2025-02-27 16:27:59,143 [INFO] Session id is '2025-02-27_16-27-58'
client 2025-02-27 16:27:59,144 [INFO] Sources: {"sources": {"__init__.py": "da39a3ee5e6b4b0d3255bfef95601890afd80709", "client.py": "33ca4f26368777ac06e01f9567b714a4b8063886", "lib/__init__.py": "da39a3ee5e6b4b0d3255bfef95601890afd80709", "lib/client.py": "ac2aa093c8e8bbc9569b9e2a3471bc64e58a2258", "lib/common.py": "611d8b29633d331eb19c9455ea3b5fa3284ed6df", "lib/external/__init__.py": "da39a3ee5e6b4b0d3255bfef95601890afd80709", "lib/external/ntplib.py": "4da8f970656505a40483206ef2b5d3dd5e81711d", "lib/server.py": "9bc9a3b6b9b716520658ac175913bcbbdb354336", "lib/source_hashes.py": "60a2e02193209e8d392803326208d5466342da18", "lib/summary.py": "602a9fedfa503e5544d27ab3b0067f235047efc3", "lib/time_sync.py": "80894ef2389e540781ff78de94db16aa4203a14e", "server.py": "c3f90f2f7eeb4db30727556d0c815ebc89b3d28b", "tests/unit/__init__.py": "da39a3ee5e6b4b0d3255bfef95601890afd80709", "tests/unit/test_server.py": "948c1995d4008bc2aa6c4046a34ffa3858d6d671", "tests/unit/test_source_hashes.py": "00468a2907583c593e6574a1f6b404e4651c221a"}, "modules": {"ptd_client_server.lib.client": "lib/client.py", "ptd_client_server.lib.common": "lib/common.py", "ptd_client_server.lib.external.ntplib": "lib/external/ntplib.py", "ptd_client_server.lib.source_hashes": "lib/source_hashes.py", "ptd_client_server.lib.summary": "lib/summary.py", "ptd_client_server.lib.time_sync": "lib/time_sync.py"}}
client 2025-02-27 16:27:59,144 [INFO] Running workload in ranging mode
client 2025-02-27 16:27:59,144 [INFO] Synchronizing with the server and with time.google.com...
client 2025-02-27 16:27:59,165 [INFO] NTP:offset = -0.002 s, delay = 0.020 s 
client 2025-02-27 16:27:59,165 [INFO] Sending command to the server: 'time'
client 2025-02-27 16:27:59,178 [INFO] Got response: '1740673678.8066752'
client 2025-02-27 16:27:59,179 [INFO] The time difference between the client and the server is within range 358.976 ms..372.466 ms
client 2025-02-27 16:27:59,179 [INFO] Sending command to the server: 'session,2025-02-27_16-27-58,start,ranging'
client 2025-02-27 16:28:23,775 [INFO] Got response: 'OK'
client 2025-02-27 16:28:23,775 [INFO] Sending command to the server: 'time'
client 2025-02-27 16:28:23,786 [INFO] Got response: '1740673703.415826'
client 2025-02-27 16:28:23,786 [INFO] The time difference between the client and the server is within range 360.070 ms..371.074 ms
client 2025-02-27 16:28:23,787 [INFO] Running the workload ' MLC_MLPERF_RUN_COUNT=$(cat ${MLC_RUN_DIR}/count.txt); echo ${MLC_MLPERF_RUN_COUNT}; MLC_MLPERF_RUN_COUNT=$((MLC_MLPERF_RUN_COUNT+1)); echo ${MLC_MLPERF_RUN_COUNT} > ${MLC_RUN_DIR}/count.txt; if [ ${MLC_MLPERF_RUN_COUNT} -eq 1 ]; then export MLC_MLPERF_USER_CONF="${MLC_MLPERF_RANGING_USER_CONF}"; else export MLC_MLPERF_USER_CONF="${MLC_MLPERF_TESTING_USER_CONF}"; fi ; /home/arjun/MLC/repos/gateoverflow@mlperf-automations/script/run-all-mlperf-models/run.out'
client 2025-02-27 16:33:25,280 [INFO] Sending command to the server: 'time'
client 2025-02-27 16:33:25,299 [INFO] Got response: '1740674004.918688'
client 2025-02-27 16:33:25,299 [INFO] The time difference between the client and the server is within range 362.009 ms..380.533 ms
client 2025-02-27 16:33:25,299 [INFO] Sending command to the server: 'session,2025-02-27_16-27-58,stop,ranging'
client 2025-02-27 16:33:36,194 [INFO] Got response: 'OK'
client 2025-02-27 16:33:36,194 [INFO] Sending command to the server: 'time'
client 2025-02-27 16:33:36,221 [INFO] Got response: '1740674015.829539'
client 2025-02-27 16:33:36,221 [INFO] The time difference between the client and the server is within range 365.033 ms..392.324 ms
client 2025-02-27 16:33:36,225 [INFO] Copying loadgen logs from '/home/arjun/MLC/repos/local/cache/get-mlperf-inference-results-dir_e3f7a2f6/valid_results/mini-tflite_cpp-cpu-tflite-vmaster-with_live_preprocessing/mobilenet-v1-precision_float-1.0-224/singlestream/performance/run_1' to '/home/arjun/MLC/repos/local/cache/get-mlperf-inference-results-dir_e3f7a2f6/valid_results/mini-tflite_cpp-cpu-tflite-vmaster-with_live_preprocessing/mobilenet-v1-precision_float-1.0-224/singlestream/performance/tmp_power/ranging'
client 2025-02-27 16:33:36,226 [INFO] Running workload in testing mode
client 2025-02-27 16:33:36,226 [INFO] Synchronizing with the server and with time.google.com...
client 2025-02-27 16:33:36,252 [INFO] NTP:offset = -0.001 s, delay = 0.025 s 
client 2025-02-27 16:33:36,253 [INFO] Sending command to the server: 'time'
client 2025-02-27 16:33:36,267 [INFO] Got response: '1740674015.8887947'
client 2025-02-27 16:33:36,267 [INFO] The time difference between the client and the server is within range 364.281 ms..378.802 ms
client 2025-02-27 16:33:36,267 [INFO] Sending command to the server: 'session,2025-02-27_16-27-58,start,testing'
client 2025-02-27 16:33:49,508 [INFO] Got response: 'OK'
client 2025-02-27 16:33:49,508 [INFO] Sending command to the server: 'time'
client 2025-02-27 16:33:49,523 [INFO] Got response: '1740674029.1443472'
client 2025-02-27 16:33:49,523 [INFO] The time difference between the client and the server is within range 364.374 ms..379.151 ms
client 2025-02-27 16:33:49,523 [INFO] Running the workload ' MLC_MLPERF_RUN_COUNT=$(cat ${MLC_RUN_DIR}/count.txt); echo ${MLC_MLPERF_RUN_COUNT}; MLC_MLPERF_RUN_COUNT=$((MLC_MLPERF_RUN_COUNT+1)); echo ${MLC_MLPERF_RUN_COUNT} > ${MLC_RUN_DIR}/count.txt; if [ ${MLC_MLPERF_RUN_COUNT} -eq 1 ]; then export MLC_MLPERF_USER_CONF="${MLC_MLPERF_RANGING_USER_CONF}"; else export MLC_MLPERF_USER_CONF="${MLC_MLPERF_TESTING_USER_CONF}"; fi ; /home/arjun/MLC/repos/gateoverflow@mlperf-automations/script/run-all-mlperf-models/run.out'
client 2025-02-27 16:43:51,463 [INFO] Sending command to the server: 'time'
client 2025-02-27 16:43:51,477 [INFO] Got response: '1740674631.0904865'
client 2025-02-27 16:43:51,477 [INFO] The time difference between the client and the server is within range 373.030 ms..387.194 ms
client 2025-02-27 16:43:51,477 [INFO] Sending command to the server: 'session,2025-02-27_16-27-58,stop,testing'
client 2025-02-27 16:44:02,682 [INFO] Got response: 'OK'
client 2025-02-27 16:44:02,682 [INFO] Sending command to the server: 'time'
client 2025-02-27 16:44:02,696 [INFO] Got response: '1740674642.308491'
client 2025-02-27 16:44:02,696 [INFO] The time difference between the client and the server is within range 373.940 ms..388.398 ms
client 2025-02-27 16:44:02,697 [INFO] Copying loadgen logs from '/home/arjun/MLC/repos/local/cache/get-mlperf-inference-results-dir_e3f7a2f6/valid_results/mini-tflite_cpp-cpu-tflite-vmaster-with_live_preprocessing/mobilenet-v1-precision_float-1.0-224/singlestream/performance/run_1' to '/home/arjun/MLC/repos/local/cache/get-mlperf-inference-results-dir_e3f7a2f6/valid_results/mini-tflite_cpp-cpu-tflite-vmaster-with_live_preprocessing/mobilenet-v1-precision_float-1.0-224/singlestream/performance/tmp_power/run_1'
client 2025-02-27 16:44:02,698 [INFO] Done runs
