Couldn't find any of the following OpenCL library: libOpenCL.so libGLES_mali.so libmali.so 
Graph file: /home/ubuntu/MLC/repos/local/cache/get-ml-model-efficientnet-lite_653c02c1/efficientnet-lite2/efficientnet-lite2-fp32.tflite
Image dir: /home/ubuntu/MLC/repos/local/cache/get-preprocessed-dataset-imagenet_0dafadc2
Image list: /home/ubuntu/MLC/repos/local/cache/get-preprocessed-dataset-imagenet_0dafadc2/preprocessed_files.txt
Image size: 260
Image channels: 3
Prediction classes: 1000
Result dir: /home/ubuntu/MLC/repos/local/cache/get-mlperf-inference-results-dir_12ebf0ce/valid_results/i_0284a2ee9c21c552d-tflite_armnn_cpp-cpu-armnn_tflite-v23.11-using_neon/efficientnet-fp32-lite2/singlestream/performance/run_1
How many images fit in memory buffer: 1024
Normalize: 1
Subtract mean: 0
Run time preprocessing: 0
Number of Threads: 16
Number of available imagefiles: 50000

Loading graph...
************* Type 1
Output tensor dimensions: 1*1000
Path to mlperf.conf : /home/ubuntu/MLC/repos/local/cache/get-git-repo_345eb6f3/inference/mlperf.conf
Path to user.conf : /home/ubuntu/MLC/repos/gateoverflow@mlperf-automations/script/generate-mlperf-inference-user-conf/tmp/79f21a505d934befbfbc3cea176b5872.conf
Model Name: efficientnet
LoadGen Scenario: SingleStream
LoadGen Mode: performance
