client 2025-02-27 01:40:55,793 [INFO] Creating output directory '/home/arjun/MLC/repos/local/cache/get-mlperf-inference-results-dir_e3f7a2f6/valid_results/mini-tflite_cpp-cpu-tflite-vmaster-default_config/efficientnet-fp32-lite2/singlestream/performance/tmp_power'
client 2025-02-27 01:40:55,801 [INFO] Sending command to the server: 'mlcommons/power client v3'
client 2025-02-27 01:40:55,813 [INFO] Got response: 'mlcommons/power server v3'
client 2025-02-27 01:40:55,813 [INFO] Synchronizing with the server and with time.google.com...
client 2025-02-27 01:40:55,852 [INFO] NTP:offset = -0.005 s, delay = 0.020 s 
client 2025-02-27 01:40:55,852 [INFO] Sending command to the server: 'time'
client 2025-02-27 01:40:55,865 [INFO] Got response: '1740620455.7565222'
client 2025-02-27 01:40:55,865 [INFO] The time difference between the client and the server is within range 95.824 ms..108.718 ms
client 2025-02-27 01:40:55,865 [INFO] Sending command to the server: 'new,,5411b877-d239-4622-8ed4-79cc88c1ee07'
client 2025-02-27 01:40:55,881 [INFO] Got response: 'OK 2025-02-27_01-40-55,c47d4151-f702-4768-910a-94e6e35bbec1'
client 2025-02-27 01:40:55,881 [INFO] Session id is '2025-02-27_01-40-55'
client 2025-02-27 01:40:55,881 [INFO] Sources: {"sources": {"__init__.py": "da39a3ee5e6b4b0d3255bfef95601890afd80709", "client.py": "33ca4f26368777ac06e01f9567b714a4b8063886", "lib/__init__.py": "da39a3ee5e6b4b0d3255bfef95601890afd80709", "lib/client.py": "ac2aa093c8e8bbc9569b9e2a3471bc64e58a2258", "lib/common.py": "611d8b29633d331eb19c9455ea3b5fa3284ed6df", "lib/external/__init__.py": "da39a3ee5e6b4b0d3255bfef95601890afd80709", "lib/external/ntplib.py": "4da8f970656505a40483206ef2b5d3dd5e81711d", "lib/server.py": "9bc9a3b6b9b716520658ac175913bcbbdb354336", "lib/source_hashes.py": "60a2e02193209e8d392803326208d5466342da18", "lib/summary.py": "602a9fedfa503e5544d27ab3b0067f235047efc3", "lib/time_sync.py": "80894ef2389e540781ff78de94db16aa4203a14e", "server.py": "c3f90f2f7eeb4db30727556d0c815ebc89b3d28b", "tests/unit/__init__.py": "da39a3ee5e6b4b0d3255bfef95601890afd80709", "tests/unit/test_server.py": "948c1995d4008bc2aa6c4046a34ffa3858d6d671", "tests/unit/test_source_hashes.py": "00468a2907583c593e6574a1f6b404e4651c221a"}, "modules": {"ptd_client_server.lib.client": "lib/client.py", "ptd_client_server.lib.common": "lib/common.py", "ptd_client_server.lib.external.ntplib": "lib/external/ntplib.py", "ptd_client_server.lib.source_hashes": "lib/source_hashes.py", "ptd_client_server.lib.summary": "lib/summary.py", "ptd_client_server.lib.time_sync": "lib/time_sync.py"}}
client 2025-02-27 01:40:55,882 [INFO] Running workload in ranging mode
client 2025-02-27 01:40:55,882 [INFO] Synchronizing with the server and with time.google.com...
client 2025-02-27 01:40:55,904 [INFO] NTP:offset = -0.005 s, delay = 0.020 s 
client 2025-02-27 01:40:55,904 [INFO] Sending command to the server: 'time'
client 2025-02-27 01:40:55,916 [INFO] Got response: '1740620455.80799'
client 2025-02-27 01:40:55,916 [INFO] The time difference between the client and the server is within range 96.258 ms..108.863 ms
client 2025-02-27 01:40:55,916 [INFO] Sending command to the server: 'session,2025-02-27_01-40-55,start,ranging'
client 2025-02-27 01:41:20,452 [INFO] Got response: 'OK'
client 2025-02-27 01:41:20,452 [INFO] Sending command to the server: 'time'
client 2025-02-27 01:41:20,463 [INFO] Got response: '1740620480.3561566'
client 2025-02-27 01:41:20,463 [INFO] The time difference between the client and the server is within range 96.294 ms..107.404 ms
client 2025-02-27 01:41:20,463 [INFO] Running the workload ' MLC_MLPERF_RUN_COUNT=$(cat ${MLC_RUN_DIR}/count.txt); echo ${MLC_MLPERF_RUN_COUNT}; MLC_MLPERF_RUN_COUNT=$((MLC_MLPERF_RUN_COUNT+1)); echo ${MLC_MLPERF_RUN_COUNT} > ${MLC_RUN_DIR}/count.txt; if [ ${MLC_MLPERF_RUN_COUNT} -eq 1 ]; then export MLC_MLPERF_USER_CONF="${MLC_MLPERF_RANGING_USER_CONF}"; else export MLC_MLPERF_USER_CONF="${MLC_MLPERF_TESTING_USER_CONF}"; fi ; /home/arjun/MLC/repos/gateoverflow@mlperf-automations/script/run-all-mlperf-models/run.out'
client 2025-02-27 01:46:22,365 [INFO] Sending command to the server: 'time'
client 2025-02-27 01:46:22,382 [INFO] Got response: '1740620782.2719693'
client 2025-02-27 01:46:22,382 [INFO] The time difference between the client and the server is within range 93.961 ms..110.782 ms
client 2025-02-27 01:46:22,382 [INFO] Sending command to the server: 'session,2025-02-27_01-40-55,stop,ranging'
client 2025-02-27 01:46:32,827 [INFO] Got response: 'OK'
client 2025-02-27 01:46:32,827 [INFO] Sending command to the server: 'time'
client 2025-02-27 01:46:32,846 [INFO] Got response: '1740620792.735862'
client 2025-02-27 01:46:32,846 [INFO] The time difference between the client and the server is within range 91.438 ms..110.870 ms
client 2025-02-27 01:46:32,851 [INFO] Copying loadgen logs from '/home/arjun/MLC/repos/local/cache/get-mlperf-inference-results-dir_e3f7a2f6/valid_results/mini-tflite_cpp-cpu-tflite-vmaster-default_config/efficientnet-fp32-lite2/singlestream/performance/run_1' to '/home/arjun/MLC/repos/local/cache/get-mlperf-inference-results-dir_e3f7a2f6/valid_results/mini-tflite_cpp-cpu-tflite-vmaster-default_config/efficientnet-fp32-lite2/singlestream/performance/tmp_power/ranging'
client 2025-02-27 01:46:32,851 [INFO] Running workload in testing mode
client 2025-02-27 01:46:32,851 [INFO] Synchronizing with the server and with time.google.com...
client 2025-02-27 01:46:32,876 [INFO] NTP:offset = -0.003 s, delay = 0.023 s 
client 2025-02-27 01:46:32,876 [INFO] Sending command to the server: 'time'
client 2025-02-27 01:46:32,888 [INFO] Got response: '1740620792.7791557'
client 2025-02-27 01:46:32,888 [INFO] The time difference between the client and the server is within range 97.079 ms..109.512 ms
client 2025-02-27 01:46:32,888 [INFO] Sending command to the server: 'session,2025-02-27_01-40-55,start,testing'
client 2025-02-27 01:46:46,139 [INFO] Got response: 'OK'
client 2025-02-27 01:46:46,139 [INFO] Sending command to the server: 'time'
client 2025-02-27 01:46:46,151 [INFO] Got response: '1740620806.0437038'
client 2025-02-27 01:46:46,151 [INFO] The time difference between the client and the server is within range 96.206 ms..108.203 ms
client 2025-02-27 01:46:46,152 [INFO] Running the workload ' MLC_MLPERF_RUN_COUNT=$(cat ${MLC_RUN_DIR}/count.txt); echo ${MLC_MLPERF_RUN_COUNT}; MLC_MLPERF_RUN_COUNT=$((MLC_MLPERF_RUN_COUNT+1)); echo ${MLC_MLPERF_RUN_COUNT} > ${MLC_RUN_DIR}/count.txt; if [ ${MLC_MLPERF_RUN_COUNT} -eq 1 ]; then export MLC_MLPERF_USER_CONF="${MLC_MLPERF_RANGING_USER_CONF}"; else export MLC_MLPERF_USER_CONF="${MLC_MLPERF_TESTING_USER_CONF}"; fi ; /home/arjun/MLC/repos/gateoverflow@mlperf-automations/script/run-all-mlperf-models/run.out'
client 2025-02-27 01:56:46,810 [INFO] Sending command to the server: 'time'
client 2025-02-27 01:56:46,829 [INFO] Got response: '1740621406.7177446'
client 2025-02-27 01:56:46,829 [INFO] The time difference between the client and the server is within range 92.830 ms..112.180 ms
client 2025-02-27 01:56:46,830 [INFO] Sending command to the server: 'session,2025-02-27_01-40-55,stop,testing'
client 2025-02-27 01:56:57,275 [INFO] Got response: 'OK'
client 2025-02-27 01:56:57,275 [INFO] Sending command to the server: 'time'
client 2025-02-27 01:56:57,288 [INFO] Got response: '1740621417.178534'
client 2025-02-27 01:56:57,288 [INFO] The time difference between the client and the server is within range 97.073 ms..110.057 ms
client 2025-02-27 01:56:57,289 [INFO] Copying loadgen logs from '/home/arjun/MLC/repos/local/cache/get-mlperf-inference-results-dir_e3f7a2f6/valid_results/mini-tflite_cpp-cpu-tflite-vmaster-default_config/efficientnet-fp32-lite2/singlestream/performance/run_1' to '/home/arjun/MLC/repos/local/cache/get-mlperf-inference-results-dir_e3f7a2f6/valid_results/mini-tflite_cpp-cpu-tflite-vmaster-default_config/efficientnet-fp32-lite2/singlestream/performance/tmp_power/run_1'
client 2025-02-27 01:56:57,290 [INFO] Done runs
