Graph file: /home/kingjuno/MLC/repos/local/cache/get-ml-model-mobilenet_ef17b0c8/mobilenet_v1_0.5_128.tflite
Image dir: /home/kingjuno/MLC/repos/local/cache/get-preprocessed-dataset-imagenet_a73219cc
Image list: /home/kingjuno/MLC/repos/local/cache/get-preprocessed-dataset-imagenet_a73219cc/preprocessed_files.txt
Image size: 128
Image channels: 3
Prediction classes: 1000
Result dir: /home/kingjuno/MLC/repos/local/cache/get-mlperf-inference-results-dir_69aa4cf9/valid_results/MLC-tflite_cpp-cpu-tflite-vmaster-default_config/mobilenet-v1-precision_float-0.5-128/singlestream/performance/run_1
How many images fit in memory buffer: 1024
Normalize: 1
Subtract mean: 0
Run time preprocessing: 0
Number of Threads: 1
Number of available imagefiles: 50000

Loading graph...
INFO: Created TensorFlow Lite XNNPACK delegate for CPU.
Input tensor dimensions (NHWC): 1*128*128*3
Output tensor dimensions: 1*1001
Path to user.conf : /home/kingjuno/MLC/repos/mlcommons@mlperf-automations/script/generate-mlperf-inference-user-conf/tmp/6fb3e4fd456845059f6200bb31f81bd5.conf
Model Name: mobilenet
LoadGen Scenario: SingleStream
LoadGen Mode: performance
