Graph file: /home/ec2-user/MLC/repos/local/cache/get-ml-model-efficientnet-lite_a1cd4d26/efficientnet-lite2/efficientnet-lite2-int8.tflite
Image dir: /home/ec2-user/MLC/repos/local/cache/get-preprocessed-dataset-imagenet_301b724a
Image list: /home/ec2-user/MLC/repos/local/cache/get-preprocessed-dataset-imagenet_301b724a/preprocessed_files.txt
Image size: 260
Image channels: 3
Prediction classes: 1000
Result dir: /home/ec2-user/MLC/repos/local/cache/get-mlperf-inference-results-dir_9d6f1f88/valid_results/i_02d7c83e498a7d2b9.ec2.internal-tflite_cpp-cpu-tflite-vmaster-default_config/efficientnet-int8-lite2/singlestream/performance/run_1
How many images fit in memory buffer: 1024
Normalize: 1
Subtract mean: 0
Run time preprocessing: 1
Number of Threads: 8
Number of available imagefiles: 50000

Loading graph...
INFO: Created TensorFlow Lite XNNPACK delegate for CPU.
Input tensor dimensions (NHWC): 1*260*260*3
Output tensor dimensions: 1*1000
Path to user.conf : /home/ec2-user/MLC/repos/gateoverflow@mlperf-automations/script/generate-mlperf-inference-user-conf/tmp/3a1476b50f03414fb0ac039742787b52.conf
Model Name: efficientnet
LoadGen Scenario: SingleStream
LoadGen Mode: performance
