Graph file: /Users/arjunsuresh/MLC/repos/local/cache/get-ml-model-mobilenet_c9c8c8a1/v2_192_75/model.tflite
Image dir: /Users/arjunsuresh/MLC/repos/local/cache/get-preprocessed-dataset-imagenet_7d006610
Image list: /Users/arjunsuresh/MLC/repos/local/cache/get-preprocessed-dataset-imagenet_7d006610/preprocessed_files.txt
Image size: 192
Image channels: 3
Prediction classes: 1000
Result dir: /Users/arjunsuresh/MLC/repos/local/cache/get-mlperf-inference-results-dir_faaa00ec/valid_results/MacBookPro.ultrahub-tflite_cpp-cpu-tflite-vmaster-default_config/mobilenet-v2-precision_uint8-0.75-192/singlestream/accuracy
How many images fit in memory buffer: 1024
Normalize: 1
Subtract mean: 0
Run time preprocessing: 1
Number of Threads: 10
Number of available imagefiles: 50000

Loading graph...
INFO: Created TensorFlow Lite XNNPACK delegate for CPU.
Input tensor dimensions (NHWC): 1*192*192*3
Output tensor dimensions: 1*1001
Path to user.conf : /Users/arjunsuresh/MLC/repos/gateoverflow@mlperf-automations/script/generate-mlperf-inference-user-conf/tmp/5519305af1a94467b7ca80117e6e0b29.conf
Model Name: mobilenet
LoadGen Scenario: SingleStream
LoadGen Mode: accuracy
