client 2025-02-28 10:13:56,767 [INFO] Creating output directory '/home/arjun/MLC/repos/local/cache/get-mlperf-inference-results-dir_e3f7a2f6/valid_results/mini-tflite_cpp-cpu-tflite-vmaster-with_live_preprocessing/mobilenet-v3-precision_float-large-minimalistic-224/singlestream/performance/tmp_power'
client 2025-02-28 10:13:56,775 [INFO] Sending command to the server: 'mlcommons/power client v3'
client 2025-02-28 10:13:56,784 [INFO] Got response: 'mlcommons/power server v3'
client 2025-02-28 10:13:56,784 [INFO] Synchronizing with the server and with time.google.com...
client 2025-02-28 10:13:56,813 [INFO] NTP:offset = -0.004 s, delay = 0.025 s 
client 2025-02-28 10:13:56,813 [INFO] Sending command to the server: 'time'
client 2025-02-28 10:13:56,825 [INFO] Got response: '1740737636.710307'
client 2025-02-28 10:13:56,825 [INFO] The time difference between the client and the server is within range 103.210 ms..114.970 ms
client 2025-02-28 10:13:56,825 [INFO] Sending command to the server: 'new,,6ac440d7-6a06-4028-90c4-ca869cc68dd3'
client 2025-02-28 10:13:56,839 [INFO] Got response: 'OK 2025-02-28_10-13-56,a06156d4-889d-44bd-845d-04165cdfae83'
client 2025-02-28 10:13:56,840 [INFO] Session id is '2025-02-28_10-13-56'
client 2025-02-28 10:13:56,840 [INFO] Sources: {"sources": {"__init__.py": "da39a3ee5e6b4b0d3255bfef95601890afd80709", "client.py": "33ca4f26368777ac06e01f9567b714a4b8063886", "lib/__init__.py": "da39a3ee5e6b4b0d3255bfef95601890afd80709", "lib/client.py": "ac2aa093c8e8bbc9569b9e2a3471bc64e58a2258", "lib/common.py": "611d8b29633d331eb19c9455ea3b5fa3284ed6df", "lib/external/__init__.py": "da39a3ee5e6b4b0d3255bfef95601890afd80709", "lib/external/ntplib.py": "4da8f970656505a40483206ef2b5d3dd5e81711d", "lib/server.py": "9bc9a3b6b9b716520658ac175913bcbbdb354336", "lib/source_hashes.py": "60a2e02193209e8d392803326208d5466342da18", "lib/summary.py": "602a9fedfa503e5544d27ab3b0067f235047efc3", "lib/time_sync.py": "80894ef2389e540781ff78de94db16aa4203a14e", "server.py": "c3f90f2f7eeb4db30727556d0c815ebc89b3d28b", "tests/unit/__init__.py": "da39a3ee5e6b4b0d3255bfef95601890afd80709", "tests/unit/test_server.py": "948c1995d4008bc2aa6c4046a34ffa3858d6d671", "tests/unit/test_source_hashes.py": "00468a2907583c593e6574a1f6b404e4651c221a"}, "modules": {"ptd_client_server.lib.client": "lib/client.py", "ptd_client_server.lib.common": "lib/common.py", "ptd_client_server.lib.external.ntplib": "lib/external/ntplib.py", "ptd_client_server.lib.source_hashes": "lib/source_hashes.py", "ptd_client_server.lib.summary": "lib/summary.py", "ptd_client_server.lib.time_sync": "lib/time_sync.py"}}
client 2025-02-28 10:13:56,840 [INFO] Running workload in ranging mode
client 2025-02-28 10:13:56,840 [INFO] Synchronizing with the server and with time.google.com...
client 2025-02-28 10:13:56,864 [INFO] NTP:offset = -0.005 s, delay = 0.023 s 
client 2025-02-28 10:13:56,864 [INFO] Sending command to the server: 'time'
client 2025-02-28 10:13:56,874 [INFO] Got response: '1740737636.7583163'
client 2025-02-28 10:13:56,874 [INFO] The time difference between the client and the server is within range 106.002 ms..116.301 ms
client 2025-02-28 10:13:56,874 [INFO] Sending command to the server: 'session,2025-02-28_10-13-56,start,ranging'
client 2025-02-28 10:14:21,385 [INFO] Got response: 'OK'
client 2025-02-28 10:14:21,385 [INFO] Sending command to the server: 'time'
client 2025-02-28 10:14:21,403 [INFO] Got response: '1740737661.2870595'
client 2025-02-28 10:14:21,404 [INFO] The time difference between the client and the server is within range 98.576 ms..117.080 ms
client 2025-02-28 10:14:21,404 [INFO] Running the workload ' MLC_MLPERF_RUN_COUNT=$(cat ${MLC_RUN_DIR}/count.txt); echo ${MLC_MLPERF_RUN_COUNT}; MLC_MLPERF_RUN_COUNT=$((MLC_MLPERF_RUN_COUNT+1)); echo ${MLC_MLPERF_RUN_COUNT} > ${MLC_RUN_DIR}/count.txt; if [ ${MLC_MLPERF_RUN_COUNT} -eq 1 ]; then export MLC_MLPERF_USER_CONF="${MLC_MLPERF_RANGING_USER_CONF}"; else export MLC_MLPERF_USER_CONF="${MLC_MLPERF_TESTING_USER_CONF}"; fi ; /home/arjun/MLC/repos/gateoverflow@mlperf-automations/script/run-all-mlperf-models/run.out'
client 2025-02-28 10:19:22,777 [INFO] Sending command to the server: 'time'
client 2025-02-28 10:19:22,792 [INFO] Got response: '1740737962.6718707'
client 2025-02-28 10:19:22,792 [INFO] The time difference between the client and the server is within range 105.133 ms..120.516 ms
client 2025-02-28 10:19:22,792 [INFO] Sending command to the server: 'session,2025-02-28_10-13-56,stop,ranging'
client 2025-02-28 10:19:34,322 [INFO] Got response: 'OK'
client 2025-02-28 10:19:34,323 [INFO] Sending command to the server: 'time'
client 2025-02-28 10:19:34,339 [INFO] Got response: '1740737974.2144692'
client 2025-02-28 10:19:34,340 [INFO] The time difference between the client and the server is within range 108.562 ms..125.585 ms
client 2025-02-28 10:19:34,344 [INFO] Copying loadgen logs from '/home/arjun/MLC/repos/local/cache/get-mlperf-inference-results-dir_e3f7a2f6/valid_results/mini-tflite_cpp-cpu-tflite-vmaster-with_live_preprocessing/mobilenet-v3-precision_float-large-minimalistic-224/singlestream/performance/run_1' to '/home/arjun/MLC/repos/local/cache/get-mlperf-inference-results-dir_e3f7a2f6/valid_results/mini-tflite_cpp-cpu-tflite-vmaster-with_live_preprocessing/mobilenet-v3-precision_float-large-minimalistic-224/singlestream/performance/tmp_power/ranging'
client 2025-02-28 10:19:34,344 [INFO] Running workload in testing mode
client 2025-02-28 10:19:34,344 [INFO] Synchronizing with the server and with time.google.com...
client 2025-02-28 10:19:34,370 [INFO] NTP:offset = -0.005 s, delay = 0.024 s 
client 2025-02-28 10:19:34,370 [INFO] Sending command to the server: 'time'
client 2025-02-28 10:19:34,388 [INFO] Got response: '1740737974.2633867'
client 2025-02-28 10:19:34,388 [INFO] The time difference between the client and the server is within range 107.277 ms..125.202 ms
client 2025-02-28 10:19:34,388 [INFO] Sending command to the server: 'session,2025-02-28_10-13-56,start,testing'
client 2025-02-28 10:19:47,635 [INFO] Got response: 'OK'
client 2025-02-28 10:19:47,635 [INFO] Sending command to the server: 'time'
client 2025-02-28 10:19:47,648 [INFO] Got response: '1740737987.5269556'
client 2025-02-28 10:19:47,649 [INFO] The time difference between the client and the server is within range 108.522 ms..122.061 ms
client 2025-02-28 10:19:47,649 [INFO] Running the workload ' MLC_MLPERF_RUN_COUNT=$(cat ${MLC_RUN_DIR}/count.txt); echo ${MLC_MLPERF_RUN_COUNT}; MLC_MLPERF_RUN_COUNT=$((MLC_MLPERF_RUN_COUNT+1)); echo ${MLC_MLPERF_RUN_COUNT} > ${MLC_RUN_DIR}/count.txt; if [ ${MLC_MLPERF_RUN_COUNT} -eq 1 ]; then export MLC_MLPERF_USER_CONF="${MLC_MLPERF_RANGING_USER_CONF}"; else export MLC_MLPERF_USER_CONF="${MLC_MLPERF_TESTING_USER_CONF}"; fi ; /home/arjun/MLC/repos/gateoverflow@mlperf-automations/script/run-all-mlperf-models/run.out'
client 2025-02-28 10:29:49,562 [INFO] Sending command to the server: 'time'
client 2025-02-28 10:29:49,576 [INFO] Got response: '1740738589.449722'
client 2025-02-28 10:29:49,576 [INFO] The time difference between the client and the server is within range 112.700 ms..126.835 ms
client 2025-02-28 10:29:49,576 [INFO] Sending command to the server: 'session,2025-02-28_10-13-56,stop,testing'
client 2025-02-28 10:30:00,806 [INFO] Got response: 'OK'
client 2025-02-28 10:30:00,807 [INFO] Sending command to the server: 'time'
client 2025-02-28 10:30:00,820 [INFO] Got response: '1740738600.6923013'
client 2025-02-28 10:30:00,820 [INFO] The time difference between the client and the server is within range 114.729 ms..128.491 ms
client 2025-02-28 10:30:00,821 [INFO] Copying loadgen logs from '/home/arjun/MLC/repos/local/cache/get-mlperf-inference-results-dir_e3f7a2f6/valid_results/mini-tflite_cpp-cpu-tflite-vmaster-with_live_preprocessing/mobilenet-v3-precision_float-large-minimalistic-224/singlestream/performance/run_1' to '/home/arjun/MLC/repos/local/cache/get-mlperf-inference-results-dir_e3f7a2f6/valid_results/mini-tflite_cpp-cpu-tflite-vmaster-with_live_preprocessing/mobilenet-v3-precision_float-large-minimalistic-224/singlestream/performance/tmp_power/run_1'
client 2025-02-28 10:30:00,821 [INFO] Done runs
