client 2025-02-27 02:02:01,276 [INFO] Creating output directory '/home/arjun/MLC/repos/local/cache/get-mlperf-inference-results-dir_e3f7a2f6/valid_results/mini-tflite_cpp-cpu-tflite-vmaster-default_config/efficientnet-fp32-lite3/singlestream/performance/tmp_power'
client 2025-02-27 02:02:01,285 [INFO] Sending command to the server: 'mlcommons/power client v3'
client 2025-02-27 02:02:01,297 [INFO] Got response: 'mlcommons/power server v3'
client 2025-02-27 02:02:01,297 [INFO] Synchronizing with the server and with time.google.com...
client 2025-02-27 02:02:01,321 [INFO] NTP:offset = -0.004 s, delay = 0.020 s 
client 2025-02-27 02:02:01,321 [INFO] Sending command to the server: 'time'
client 2025-02-27 02:02:01,332 [INFO] Got response: '1740621721.2229002'
client 2025-02-27 02:02:01,332 [INFO] The time difference between the client and the server is within range 98.869 ms..109.823 ms
client 2025-02-27 02:02:01,332 [INFO] Sending command to the server: 'new,,4a8f9cb0-2549-4621-84b1-06ccc658fac8'
client 2025-02-27 02:02:01,348 [INFO] Got response: 'OK 2025-02-27_02-02-01,4172bfd3-e4e6-48a4-b397-af9f18d86b82'
client 2025-02-27 02:02:01,348 [INFO] Session id is '2025-02-27_02-02-01'
client 2025-02-27 02:02:01,348 [INFO] Sources: {"sources": {"__init__.py": "da39a3ee5e6b4b0d3255bfef95601890afd80709", "client.py": "33ca4f26368777ac06e01f9567b714a4b8063886", "lib/__init__.py": "da39a3ee5e6b4b0d3255bfef95601890afd80709", "lib/client.py": "ac2aa093c8e8bbc9569b9e2a3471bc64e58a2258", "lib/common.py": "611d8b29633d331eb19c9455ea3b5fa3284ed6df", "lib/external/__init__.py": "da39a3ee5e6b4b0d3255bfef95601890afd80709", "lib/external/ntplib.py": "4da8f970656505a40483206ef2b5d3dd5e81711d", "lib/server.py": "9bc9a3b6b9b716520658ac175913bcbbdb354336", "lib/source_hashes.py": "60a2e02193209e8d392803326208d5466342da18", "lib/summary.py": "602a9fedfa503e5544d27ab3b0067f235047efc3", "lib/time_sync.py": "80894ef2389e540781ff78de94db16aa4203a14e", "server.py": "c3f90f2f7eeb4db30727556d0c815ebc89b3d28b", "tests/unit/__init__.py": "da39a3ee5e6b4b0d3255bfef95601890afd80709", "tests/unit/test_server.py": "948c1995d4008bc2aa6c4046a34ffa3858d6d671", "tests/unit/test_source_hashes.py": "00468a2907583c593e6574a1f6b404e4651c221a"}, "modules": {"ptd_client_server.lib.client": "lib/client.py", "ptd_client_server.lib.common": "lib/common.py", "ptd_client_server.lib.external.ntplib": "lib/external/ntplib.py", "ptd_client_server.lib.source_hashes": "lib/source_hashes.py", "ptd_client_server.lib.summary": "lib/summary.py", "ptd_client_server.lib.time_sync": "lib/time_sync.py"}}
client 2025-02-27 02:02:01,349 [INFO] Running workload in ranging mode
client 2025-02-27 02:02:01,349 [INFO] Synchronizing with the server and with time.google.com...
client 2025-02-27 02:02:01,368 [INFO] NTP:offset = -0.005 s, delay = 0.018 s 
client 2025-02-27 02:02:01,368 [INFO] Sending command to the server: 'time'
client 2025-02-27 02:02:01,381 [INFO] Got response: '1740621721.2698457'
client 2025-02-27 02:02:01,381 [INFO] The time difference between the client and the server is within range 98.698 ms..111.500 ms
client 2025-02-27 02:02:01,381 [INFO] Sending command to the server: 'session,2025-02-27_02-02-01,start,ranging'
client 2025-02-27 02:02:25,955 [INFO] Got response: 'OK'
client 2025-02-27 02:02:25,956 [INFO] Sending command to the server: 'time'
client 2025-02-27 02:02:25,983 [INFO] Got response: '1740621745.8554368'
client 2025-02-27 02:02:25,983 [INFO] The time difference between the client and the server is within range 100.776 ms..128.224 ms
client 2025-02-27 02:02:25,983 [INFO] Running the workload ' MLC_MLPERF_RUN_COUNT=$(cat ${MLC_RUN_DIR}/count.txt); echo ${MLC_MLPERF_RUN_COUNT}; MLC_MLPERF_RUN_COUNT=$((MLC_MLPERF_RUN_COUNT+1)); echo ${MLC_MLPERF_RUN_COUNT} > ${MLC_RUN_DIR}/count.txt; if [ ${MLC_MLPERF_RUN_COUNT} -eq 1 ]; then export MLC_MLPERF_USER_CONF="${MLC_MLPERF_RANGING_USER_CONF}"; else export MLC_MLPERF_USER_CONF="${MLC_MLPERF_TESTING_USER_CONF}"; fi ; /home/arjun/MLC/repos/gateoverflow@mlperf-automations/script/run-all-mlperf-models/run.out'
client 2025-02-27 02:07:28,208 [INFO] Sending command to the server: 'time'
client 2025-02-27 02:07:28,223 [INFO] Got response: '1740622048.1097016'
client 2025-02-27 02:07:28,223 [INFO] The time difference between the client and the server is within range 98.709 ms..114.077 ms
client 2025-02-27 02:07:28,223 [INFO] Sending command to the server: 'session,2025-02-27_02-02-01,stop,ranging'
client 2025-02-27 02:07:39,736 [INFO] Got response: 'OK'
client 2025-02-27 02:07:39,737 [INFO] Sending command to the server: 'time'
client 2025-02-27 02:07:39,747 [INFO] Got response: '1740622059.6350656'
client 2025-02-27 02:07:39,748 [INFO] The time difference between the client and the server is within range 102.026 ms..113.031 ms
client 2025-02-27 02:07:39,751 [INFO] Copying loadgen logs from '/home/arjun/MLC/repos/local/cache/get-mlperf-inference-results-dir_e3f7a2f6/valid_results/mini-tflite_cpp-cpu-tflite-vmaster-default_config/efficientnet-fp32-lite3/singlestream/performance/run_1' to '/home/arjun/MLC/repos/local/cache/get-mlperf-inference-results-dir_e3f7a2f6/valid_results/mini-tflite_cpp-cpu-tflite-vmaster-default_config/efficientnet-fp32-lite3/singlestream/performance/tmp_power/ranging'
client 2025-02-27 02:07:39,752 [INFO] Running workload in testing mode
client 2025-02-27 02:07:39,752 [INFO] Synchronizing with the server and with time.google.com...
client 2025-02-27 02:07:39,771 [INFO] NTP:offset = -0.005 s, delay = 0.018 s 
client 2025-02-27 02:07:39,771 [INFO] Sending command to the server: 'time'
client 2025-02-27 02:07:39,784 [INFO] Got response: '1740622059.669743'
client 2025-02-27 02:07:39,784 [INFO] The time difference between the client and the server is within range 102.195 ms..114.616 ms
client 2025-02-27 02:07:39,784 [INFO] Sending command to the server: 'session,2025-02-27_02-02-01,start,testing'
client 2025-02-27 02:07:53,047 [INFO] Got response: 'OK'
client 2025-02-27 02:07:53,047 [INFO] Sending command to the server: 'time'
client 2025-02-27 02:07:53,458 [INFO] Got response: '1740622073.267207'
client 2025-02-27 02:07:53,458 [INFO] The time difference between the client and the server is within range -219.303 ms..191.286 ms
client 2025-02-27 02:07:53,458 [INFO] Running the workload ' MLC_MLPERF_RUN_COUNT=$(cat ${MLC_RUN_DIR}/count.txt); echo ${MLC_MLPERF_RUN_COUNT}; MLC_MLPERF_RUN_COUNT=$((MLC_MLPERF_RUN_COUNT+1)); echo ${MLC_MLPERF_RUN_COUNT} > ${MLC_RUN_DIR}/count.txt; if [ ${MLC_MLPERF_RUN_COUNT} -eq 1 ]; then export MLC_MLPERF_USER_CONF="${MLC_MLPERF_RANGING_USER_CONF}"; else export MLC_MLPERF_USER_CONF="${MLC_MLPERF_TESTING_USER_CONF}"; fi ; /home/arjun/MLC/repos/gateoverflow@mlperf-automations/script/run-all-mlperf-models/run.out'
client 2025-02-27 02:17:54,183 [INFO] Sending command to the server: 'time'
client 2025-02-27 02:17:54,200 [INFO] Got response: '1740622674.0816517'
client 2025-02-27 02:17:54,200 [INFO] The time difference between the client and the server is within range 102.142 ms..118.883 ms
client 2025-02-27 02:17:54,200 [INFO] Sending command to the server: 'session,2025-02-27_02-02-01,stop,testing'
client 2025-02-27 02:18:05,608 [INFO] Got response: 'OK'
client 2025-02-27 02:18:05,608 [INFO] Sending command to the server: 'time'
client 2025-02-27 02:18:05,622 [INFO] Got response: '1740622685.502915'
client 2025-02-27 02:18:05,623 [INFO] The time difference between the client and the server is within range 105.816 ms..120.209 ms
client 2025-02-27 02:18:05,624 [INFO] Copying loadgen logs from '/home/arjun/MLC/repos/local/cache/get-mlperf-inference-results-dir_e3f7a2f6/valid_results/mini-tflite_cpp-cpu-tflite-vmaster-default_config/efficientnet-fp32-lite3/singlestream/performance/run_1' to '/home/arjun/MLC/repos/local/cache/get-mlperf-inference-results-dir_e3f7a2f6/valid_results/mini-tflite_cpp-cpu-tflite-vmaster-default_config/efficientnet-fp32-lite3/singlestream/performance/tmp_power/run_1'
client 2025-02-27 02:18:05,624 [INFO] Done runs
