client 2025-02-27 10:19:08,786 [INFO] Creating output directory '/home/arjun/MLC/repos/local/cache/get-mlperf-inference-results-dir_e3f7a2f6/valid_results/mini-tflite_cpp-cpu-tflite-vmaster-default_config/mobilenet-v2-precision_uint8-0.75-192/singlestream/performance/tmp_power'
client 2025-02-27 10:19:08,808 [INFO] Sending command to the server: 'mlcommons/power client v3'
client 2025-02-27 10:19:08,818 [INFO] Got response: 'mlcommons/power server v3'
client 2025-02-27 10:19:08,818 [INFO] Synchronizing with the server and with time.google.com...
client 2025-02-27 10:19:08,852 [INFO] NTP:offset = -0.003 s, delay = 0.019 s 
client 2025-02-27 10:19:08,853 [INFO] Sending command to the server: 'time'
client 2025-02-27 10:19:08,865 [INFO] Got response: '1740651548.7114112'
client 2025-02-27 10:19:08,865 [INFO] The time difference between the client and the server is within range 141.756 ms..154.084 ms
client 2025-02-27 10:19:08,865 [INFO] Sending command to the server: 'new,,317857d8-141f-4d2a-ada5-704db0fcee27'
client 2025-02-27 10:19:08,882 [INFO] Got response: 'OK 2025-02-27_10-19-08,3c23d6d2-7c6a-48d6-853b-2c1025496296'
client 2025-02-27 10:19:08,883 [INFO] Session id is '2025-02-27_10-19-08'
client 2025-02-27 10:19:08,883 [INFO] Sources: {"sources": {"__init__.py": "da39a3ee5e6b4b0d3255bfef95601890afd80709", "client.py": "33ca4f26368777ac06e01f9567b714a4b8063886", "lib/__init__.py": "da39a3ee5e6b4b0d3255bfef95601890afd80709", "lib/client.py": "ac2aa093c8e8bbc9569b9e2a3471bc64e58a2258", "lib/common.py": "611d8b29633d331eb19c9455ea3b5fa3284ed6df", "lib/external/__init__.py": "da39a3ee5e6b4b0d3255bfef95601890afd80709", "lib/external/ntplib.py": "4da8f970656505a40483206ef2b5d3dd5e81711d", "lib/server.py": "9bc9a3b6b9b716520658ac175913bcbbdb354336", "lib/source_hashes.py": "60a2e02193209e8d392803326208d5466342da18", "lib/summary.py": "602a9fedfa503e5544d27ab3b0067f235047efc3", "lib/time_sync.py": "80894ef2389e540781ff78de94db16aa4203a14e", "server.py": "c3f90f2f7eeb4db30727556d0c815ebc89b3d28b", "tests/unit/__init__.py": "da39a3ee5e6b4b0d3255bfef95601890afd80709", "tests/unit/test_server.py": "948c1995d4008bc2aa6c4046a34ffa3858d6d671", "tests/unit/test_source_hashes.py": "00468a2907583c593e6574a1f6b404e4651c221a"}, "modules": {"ptd_client_server.lib.client": "lib/client.py", "ptd_client_server.lib.common": "lib/common.py", "ptd_client_server.lib.external.ntplib": "lib/external/ntplib.py", "ptd_client_server.lib.source_hashes": "lib/source_hashes.py", "ptd_client_server.lib.summary": "lib/summary.py", "ptd_client_server.lib.time_sync": "lib/time_sync.py"}}
client 2025-02-27 10:19:08,883 [INFO] Running workload in ranging mode
client 2025-02-27 10:19:08,883 [INFO] Synchronizing with the server and with time.google.com...
client 2025-02-27 10:19:08,904 [INFO] NTP:offset = -0.002 s, delay = 0.019 s 
client 2025-02-27 10:19:08,904 [INFO] Sending command to the server: 'time'
client 2025-02-27 10:19:08,916 [INFO] Got response: '1740651548.7618976'
client 2025-02-27 10:19:08,916 [INFO] The time difference between the client and the server is within range 142.256 ms..155.059 ms
client 2025-02-27 10:19:08,917 [INFO] Sending command to the server: 'session,2025-02-27_10-19-08,start,ranging'
client 2025-02-27 10:19:33,472 [INFO] Got response: 'OK'
client 2025-02-27 10:19:33,472 [INFO] Sending command to the server: 'time'
client 2025-02-27 10:19:33,486 [INFO] Got response: '1740651573.331729'
client 2025-02-27 10:19:33,486 [INFO] The time difference between the client and the server is within range 140.805 ms..154.841 ms
client 2025-02-27 10:19:33,486 [INFO] Running the workload ' MLC_MLPERF_RUN_COUNT=$(cat ${MLC_RUN_DIR}/count.txt); echo ${MLC_MLPERF_RUN_COUNT}; MLC_MLPERF_RUN_COUNT=$((MLC_MLPERF_RUN_COUNT+1)); echo ${MLC_MLPERF_RUN_COUNT} > ${MLC_RUN_DIR}/count.txt; if [ ${MLC_MLPERF_RUN_COUNT} -eq 1 ]; then export MLC_MLPERF_USER_CONF="${MLC_MLPERF_RANGING_USER_CONF}"; else export MLC_MLPERF_USER_CONF="${MLC_MLPERF_TESTING_USER_CONF}"; fi ; /home/arjun/MLC/repos/gateoverflow@mlperf-automations/script/run-all-mlperf-models/run.out'
client 2025-02-27 10:24:33,992 [INFO] Sending command to the server: 'time'
client 2025-02-27 10:24:34,008 [INFO] Got response: '1740651873.8616087'
client 2025-02-27 10:24:34,008 [INFO] The time difference between the client and the server is within range 131.124 ms..146.705 ms
client 2025-02-27 10:24:34,008 [INFO] Sending command to the server: 'session,2025-02-27_10-19-08,stop,ranging'
client 2025-02-27 10:24:44,849 [INFO] Got response: 'OK'
client 2025-02-27 10:24:44,849 [INFO] Sending command to the server: 'time'
client 2025-02-27 10:24:44,862 [INFO] Got response: '1740651884.7165942'
client 2025-02-27 10:24:44,862 [INFO] The time difference between the client and the server is within range 132.763 ms..145.965 ms
client 2025-02-27 10:24:44,866 [INFO] Copying loadgen logs from '/home/arjun/MLC/repos/local/cache/get-mlperf-inference-results-dir_e3f7a2f6/valid_results/mini-tflite_cpp-cpu-tflite-vmaster-default_config/mobilenet-v2-precision_uint8-0.75-192/singlestream/performance/run_1' to '/home/arjun/MLC/repos/local/cache/get-mlperf-inference-results-dir_e3f7a2f6/valid_results/mini-tflite_cpp-cpu-tflite-vmaster-default_config/mobilenet-v2-precision_uint8-0.75-192/singlestream/performance/tmp_power/ranging'
client 2025-02-27 10:24:44,867 [INFO] Running workload in testing mode
client 2025-02-27 10:24:44,867 [INFO] Synchronizing with the server and with time.google.com...
client 2025-02-27 10:24:44,885 [INFO] NTP:offset = -0.003 s, delay = 0.017 s 
client 2025-02-27 10:24:44,886 [INFO] Sending command to the server: 'time'
client 2025-02-27 10:24:44,898 [INFO] Got response: '1740651884.753408'
client 2025-02-27 10:24:44,898 [INFO] The time difference between the client and the server is within range 132.663 ms..145.215 ms
client 2025-02-27 10:24:44,898 [INFO] Sending command to the server: 'session,2025-02-27_10-19-08,start,testing'
client 2025-02-27 10:24:58,158 [INFO] Got response: 'OK'
client 2025-02-27 10:24:58,158 [INFO] Sending command to the server: 'time'
client 2025-02-27 10:24:58,175 [INFO] Got response: '1740651898.0267518'
client 2025-02-27 10:24:58,175 [INFO] The time difference between the client and the server is within range 131.963 ms..148.673 ms
client 2025-02-27 10:24:58,175 [INFO] Running the workload ' MLC_MLPERF_RUN_COUNT=$(cat ${MLC_RUN_DIR}/count.txt); echo ${MLC_MLPERF_RUN_COUNT}; MLC_MLPERF_RUN_COUNT=$((MLC_MLPERF_RUN_COUNT+1)); echo ${MLC_MLPERF_RUN_COUNT} > ${MLC_RUN_DIR}/count.txt; if [ ${MLC_MLPERF_RUN_COUNT} -eq 1 ]; then export MLC_MLPERF_USER_CONF="${MLC_MLPERF_RANGING_USER_CONF}"; else export MLC_MLPERF_USER_CONF="${MLC_MLPERF_TESTING_USER_CONF}"; fi ; /home/arjun/MLC/repos/gateoverflow@mlperf-automations/script/run-all-mlperf-models/run.out'
client 2025-02-27 10:34:58,594 [INFO] Sending command to the server: 'time'
client 2025-02-27 10:34:58,611 [INFO] Got response: '1740652498.4819474'
client 2025-02-27 10:34:58,611 [INFO] The time difference between the client and the server is within range 112.509 ms..129.790 ms
client 2025-02-27 10:34:58,611 [INFO] Sending command to the server: 'session,2025-02-27_10-19-08,stop,testing'
client 2025-02-27 10:35:09,487 [INFO] Got response: 'OK'
client 2025-02-27 10:35:09,488 [INFO] Sending command to the server: 'time'
client 2025-02-27 10:35:09,503 [INFO] Got response: '1740652509.3762596'
client 2025-02-27 10:35:09,503 [INFO] The time difference between the client and the server is within range 111.823 ms..127.424 ms
client 2025-02-27 10:35:09,504 [INFO] Copying loadgen logs from '/home/arjun/MLC/repos/local/cache/get-mlperf-inference-results-dir_e3f7a2f6/valid_results/mini-tflite_cpp-cpu-tflite-vmaster-default_config/mobilenet-v2-precision_uint8-0.75-192/singlestream/performance/run_1' to '/home/arjun/MLC/repos/local/cache/get-mlperf-inference-results-dir_e3f7a2f6/valid_results/mini-tflite_cpp-cpu-tflite-vmaster-default_config/mobilenet-v2-precision_uint8-0.75-192/singlestream/performance/tmp_power/run_1'
client 2025-02-27 10:35:09,505 [INFO] Done runs
