client 2025-02-27 03:21:55,261 [INFO] Creating output directory '/home/arjun/MLC/repos/local/cache/get-mlperf-inference-results-dir_e3f7a2f6/valid_results/mini-tflite_cpp-cpu-tflite-vmaster-default_config/mobilenet-v1-precision_uint8-1.0-160/singlestream/performance/tmp_power'
client 2025-02-27 03:21:55,272 [INFO] Sending command to the server: 'mlcommons/power client v3'
client 2025-02-27 03:21:55,298 [INFO] Got response: 'mlcommons/power server v3'
client 2025-02-27 03:21:55,299 [INFO] Synchronizing with the server and with time.google.com...
client 2025-02-27 03:21:55,323 [INFO] NTP:offset = -0.004 s, delay = 0.020 s 
client 2025-02-27 03:21:55,323 [INFO] Sending command to the server: 'time'
client 2025-02-27 03:21:55,336 [INFO] Got response: '1740626515.1675894'
client 2025-02-27 03:21:55,336 [INFO] The time difference between the client and the server is within range 155.960 ms..168.720 ms
client 2025-02-27 03:21:55,336 [INFO] Sending command to the server: 'new,,f5773fd4-1de5-4340-a6ab-963e45111ff5'
client 2025-02-27 03:21:55,357 [INFO] Got response: 'OK 2025-02-27_03-21-55,a91a4e4d-ec0a-4384-a6e6-e82e709db3d5'
client 2025-02-27 03:21:55,358 [INFO] Session id is '2025-02-27_03-21-55'
client 2025-02-27 03:21:55,358 [INFO] Sources: {"sources": {"__init__.py": "da39a3ee5e6b4b0d3255bfef95601890afd80709", "client.py": "33ca4f26368777ac06e01f9567b714a4b8063886", "lib/__init__.py": "da39a3ee5e6b4b0d3255bfef95601890afd80709", "lib/client.py": "ac2aa093c8e8bbc9569b9e2a3471bc64e58a2258", "lib/common.py": "611d8b29633d331eb19c9455ea3b5fa3284ed6df", "lib/external/__init__.py": "da39a3ee5e6b4b0d3255bfef95601890afd80709", "lib/external/ntplib.py": "4da8f970656505a40483206ef2b5d3dd5e81711d", "lib/server.py": "9bc9a3b6b9b716520658ac175913bcbbdb354336", "lib/source_hashes.py": "60a2e02193209e8d392803326208d5466342da18", "lib/summary.py": "602a9fedfa503e5544d27ab3b0067f235047efc3", "lib/time_sync.py": "80894ef2389e540781ff78de94db16aa4203a14e", "server.py": "c3f90f2f7eeb4db30727556d0c815ebc89b3d28b", "tests/unit/__init__.py": "da39a3ee5e6b4b0d3255bfef95601890afd80709", "tests/unit/test_server.py": "948c1995d4008bc2aa6c4046a34ffa3858d6d671", "tests/unit/test_source_hashes.py": "00468a2907583c593e6574a1f6b404e4651c221a"}, "modules": {"ptd_client_server.lib.client": "lib/client.py", "ptd_client_server.lib.common": "lib/common.py", "ptd_client_server.lib.external.ntplib": "lib/external/ntplib.py", "ptd_client_server.lib.source_hashes": "lib/source_hashes.py", "ptd_client_server.lib.summary": "lib/summary.py", "ptd_client_server.lib.time_sync": "lib/time_sync.py"}}
client 2025-02-27 03:21:55,358 [INFO] Running workload in ranging mode
client 2025-02-27 03:21:55,358 [INFO] Synchronizing with the server and with time.google.com...
client 2025-02-27 03:21:55,379 [INFO] NTP:offset = -0.005 s, delay = 0.020 s 
client 2025-02-27 03:21:55,379 [INFO] Sending command to the server: 'time'
client 2025-02-27 03:21:55,404 [INFO] Got response: '1740626515.2315643'
client 2025-02-27 03:21:55,404 [INFO] The time difference between the client and the server is within range 148.351 ms..172.714 ms
client 2025-02-27 03:21:55,404 [INFO] Sending command to the server: 'session,2025-02-27_03-21-55,start,ranging'
client 2025-02-27 03:22:19,937 [INFO] Got response: 'OK'
client 2025-02-27 03:22:19,938 [INFO] Sending command to the server: 'time'
client 2025-02-27 03:22:19,950 [INFO] Got response: '1740626539.7808208'
client 2025-02-27 03:22:19,950 [INFO] The time difference between the client and the server is within range 157.164 ms..169.761 ms
client 2025-02-27 03:22:19,950 [INFO] Running the workload ' MLC_MLPERF_RUN_COUNT=$(cat ${MLC_RUN_DIR}/count.txt); echo ${MLC_MLPERF_RUN_COUNT}; MLC_MLPERF_RUN_COUNT=$((MLC_MLPERF_RUN_COUNT+1)); echo ${MLC_MLPERF_RUN_COUNT} > ${MLC_RUN_DIR}/count.txt; if [ ${MLC_MLPERF_RUN_COUNT} -eq 1 ]; then export MLC_MLPERF_USER_CONF="${MLC_MLPERF_RANGING_USER_CONF}"; else export MLC_MLPERF_USER_CONF="${MLC_MLPERF_TESTING_USER_CONF}"; fi ; /home/arjun/MLC/repos/gateoverflow@mlperf-automations/script/run-all-mlperf-models/run.out'
client 2025-02-27 03:27:20,376 [INFO] Sending command to the server: 'time'
client 2025-02-27 03:27:20,390 [INFO] Got response: '1740626840.2171748'
client 2025-02-27 03:27:20,390 [INFO] The time difference between the client and the server is within range 158.840 ms..173.563 ms
client 2025-02-27 03:27:20,390 [INFO] Sending command to the server: 'session,2025-02-27_03-21-55,stop,ranging'
client 2025-02-27 03:27:31,367 [INFO] Got response: 'OK'
client 2025-02-27 03:27:31,367 [INFO] Sending command to the server: 'time'
client 2025-02-27 03:27:31,377 [INFO] Got response: '1740626851.2038963'
client 2025-02-27 03:27:31,377 [INFO] The time difference between the client and the server is within range 163.559 ms..173.784 ms
client 2025-02-27 03:27:31,381 [INFO] Copying loadgen logs from '/home/arjun/MLC/repos/local/cache/get-mlperf-inference-results-dir_e3f7a2f6/valid_results/mini-tflite_cpp-cpu-tflite-vmaster-default_config/mobilenet-v1-precision_uint8-1.0-160/singlestream/performance/run_1' to '/home/arjun/MLC/repos/local/cache/get-mlperf-inference-results-dir_e3f7a2f6/valid_results/mini-tflite_cpp-cpu-tflite-vmaster-default_config/mobilenet-v1-precision_uint8-1.0-160/singlestream/performance/tmp_power/ranging'
client 2025-02-27 03:27:31,382 [INFO] Running workload in testing mode
client 2025-02-27 03:27:31,382 [INFO] Synchronizing with the server and with time.google.com...
client 2025-02-27 03:27:31,403 [INFO] NTP:offset = -0.004 s, delay = 0.020 s 
client 2025-02-27 03:27:31,403 [INFO] Sending command to the server: 'time'
client 2025-02-27 03:27:31,412 [INFO] Got response: '1740626851.2412674'
client 2025-02-27 03:27:31,412 [INFO] The time difference between the client and the server is within range 162.188 ms..171.564 ms
client 2025-02-27 03:27:31,412 [INFO] Sending command to the server: 'session,2025-02-27_03-21-55,start,testing'
client 2025-02-27 03:27:44,684 [INFO] Got response: 'OK'
client 2025-02-27 03:27:44,685 [INFO] Sending command to the server: 'time'
client 2025-02-27 03:27:44,695 [INFO] Got response: '1740626864.5215213'
client 2025-02-27 03:27:44,695 [INFO] The time difference between the client and the server is within range 163.494 ms..173.990 ms
client 2025-02-27 03:27:44,695 [INFO] Running the workload ' MLC_MLPERF_RUN_COUNT=$(cat ${MLC_RUN_DIR}/count.txt); echo ${MLC_MLPERF_RUN_COUNT}; MLC_MLPERF_RUN_COUNT=$((MLC_MLPERF_RUN_COUNT+1)); echo ${MLC_MLPERF_RUN_COUNT} > ${MLC_RUN_DIR}/count.txt; if [ ${MLC_MLPERF_RUN_COUNT} -eq 1 ]; then export MLC_MLPERF_USER_CONF="${MLC_MLPERF_RANGING_USER_CONF}"; else export MLC_MLPERF_USER_CONF="${MLC_MLPERF_TESTING_USER_CONF}"; fi ; /home/arjun/MLC/repos/gateoverflow@mlperf-automations/script/run-all-mlperf-models/run.out'
client 2025-02-27 03:37:45,063 [INFO] Sending command to the server: 'time'
client 2025-02-27 03:37:45,085 [INFO] Got response: '1740627464.9018385'
client 2025-02-27 03:37:45,085 [INFO] The time difference between the client and the server is within range 161.990 ms..184.011 ms
client 2025-02-27 03:37:45,085 [INFO] Sending command to the server: 'session,2025-02-27_03-21-55,stop,testing'
client 2025-02-27 03:37:55,804 [INFO] Got response: 'OK'
client 2025-02-27 03:37:55,804 [INFO] Sending command to the server: 'time'
client 2025-02-27 03:37:55,818 [INFO] Got response: '1740627475.6339507'
client 2025-02-27 03:37:55,818 [INFO] The time difference between the client and the server is within range 170.477 ms..184.894 ms
client 2025-02-27 03:37:55,819 [INFO] Copying loadgen logs from '/home/arjun/MLC/repos/local/cache/get-mlperf-inference-results-dir_e3f7a2f6/valid_results/mini-tflite_cpp-cpu-tflite-vmaster-default_config/mobilenet-v1-precision_uint8-1.0-160/singlestream/performance/run_1' to '/home/arjun/MLC/repos/local/cache/get-mlperf-inference-results-dir_e3f7a2f6/valid_results/mini-tflite_cpp-cpu-tflite-vmaster-default_config/mobilenet-v1-precision_uint8-1.0-160/singlestream/performance/tmp_power/run_1'
client 2025-02-27 03:37:55,820 [INFO] Done runs
