[2025-02-15 06:39:49,773 main.py:229 INFO] Detected system ID: KnownSystem.Nvidia_88db3b15a5fe
[2025-02-15 06:39:50,257 generate_conf_files.py:107 INFO] Generated measurements/ entries for Nvidia_88db3b15a5fe_TRT/bert-99/Offline
[2025-02-15 06:39:50,257 __init__.py:46 INFO] Running command: ./build/bin/harness_bert --logfile_outdir="/mlc-mount/home/arjun/gh_action_results/valid_results/RTX4090x1-nvidia_original-gpu-tensorrt-vdefault-default_config/bert-99/offline/performance/run_1" --logfile_prefix="mlperf_log_" --performance_sample_count=10833 --test_mode="PerformanceOnly" --gpu_batch_size=256 --mlperf_conf_path="/home/mlcuser/MLC/repos/local/cache/get-git-repo_ce23e08c/inference/mlperf.conf" --tensor_path="build/preprocessed_data/squad_tokenized/input_ids.npy,build/preprocessed_data/squad_tokenized/segment_ids.npy,build/preprocessed_data/squad_tokenized/input_mask.npy" --use_graphs=false --user_conf_path="/home/mlcuser/MLC/repos/mlcommons@mlperf-automations/script/generate-mlperf-inference-user-conf/tmp/4d3f723ccf554bc39d399374555a661c.conf" --gpu_inference_streams=2 --gpu_copy_streams=2 --gpu_engines="./build/engines/Nvidia_88db3b15a5fe/bert/Offline/bert-Offline-gpu-int8_S_384_B_256_P_2_vs.custom_k_99_MaxP.plan" --scenario Offline --model bert
[2025-02-15 06:39:50,257 __init__.py:53 INFO] Overriding Environment
benchmark : Benchmark.BERT
buffer_manager_thread_count : 0
coalesced_tensor : True
data_dir : /home/mlcuser/MLC/repos/local/cache/get-mlperf-inference-nvidia-scratch-space_fe95ede4/data
gpu_batch_size : 256
gpu_copy_streams : 2
gpu_inference_streams : 2
input_dtype : int32
input_format : linear
log_dir : /home/mlcuser/MLC/repos/local/cache/get-git-repo_e7fa5107/repo/closed/NVIDIA/build/logs/2025.02.15-06.39.48
mlperf_conf_path : /home/mlcuser/MLC/repos/local/cache/get-git-repo_ce23e08c/inference/mlperf.conf
offline_expected_qps : 0.0
precision : int8
preprocessed_data_dir : /home/mlcuser/MLC/repos/local/cache/get-mlperf-inference-nvidia-scratch-space_fe95ede4/preprocessed_data
scenario : Scenario.Offline
system : SystemConfiguration(host_cpu_conf=CPUConfiguration(layout={CPU(name='AMD Ryzen 9 7950X 16-Core Processor', architecture=<CPUArchitecture.x86_64: AliasedName(name='x86_64', aliases=(), patterns=())>, core_count=16, threads_per_core=2): 1}), host_mem_conf=MemoryConfiguration(host_memory_capacity=Memory(quantity=131.08007199999997, byte_suffix=<ByteSuffix.GB: (1000, 3)>, _num_bytes=131080072000), comparison_tolerance=0.05), accelerator_conf=AcceleratorConfiguration(layout=defaultdict(<class 'int'>, {GPU(name='NVIDIA GeForce RTX 4090', accelerator_type=<AcceleratorType.Discrete: AliasedName(name='Discrete', aliases=(), patterns=())>, vram=Memory(quantity=23.98828125, byte_suffix=<ByteSuffix.GiB: (1024, 3)>, _num_bytes=25757220864), max_power_limit=450.0, pci_id='0x268410DE', compute_sm=89): 1})), numa_conf=None, system_id='Nvidia_88db3b15a5fe')
tensor_path : build/preprocessed_data/squad_tokenized/input_ids.npy,build/preprocessed_data/squad_tokenized/segment_ids.npy,build/preprocessed_data/squad_tokenized/input_mask.npy
test_mode : PerformanceOnly
use_graphs : False
user_conf_path : /home/mlcuser/MLC/repos/mlcommons@mlperf-automations/script/generate-mlperf-inference-user-conf/tmp/4d3f723ccf554bc39d399374555a661c.conf
system_id : Nvidia_88db3b15a5fe
config_name : Nvidia_88db3b15a5fe_bert_Offline
workload_setting : WorkloadSetting(HarnessType.Custom, AccuracyTarget.k_99, PowerSetting.MaxP)
optimization_level : plugin-enabled
num_profiles : 2
config_ver : custom_k_99_MaxP
accuracy_level : 99%
inference_server : custom
skip_file_checks : True
power_limit : None
cpu_freq : None
&&&& RUNNING BERT_HARNESS # ./build/bin/harness_bert
I0215 06:39:50.315414 17560 main_bert.cc:164] Found 1 GPUs
I0215 06:39:50.713724 17560 bert_server.cc:147] Engine Path: ./build/engines/Nvidia_88db3b15a5fe/bert/Offline/bert-Offline-gpu-int8_S_384_B_256_P_2_vs.custom_k_99_MaxP.plan
[I] [TRT] Loaded engine size: 414 MiB
[I] [TRT] [MemUsageChange] Init cuBLAS/cuBLASLt: CPU +7, GPU +8, now: CPU 582, GPU 1232 (MiB)
[I] [TRT] [MemUsageChange] Init cuDNN: CPU +1, GPU +10, now: CPU 583, GPU 1242 (MiB)
[I] [TRT] [MemUsageChange] TensorRT-managed allocation in engine deserialization: CPU +0, GPU +290, now: CPU 0, GPU 290 (MiB)
I0215 06:39:51.071276 17560 bert_server.cc:208] Engines Creation Completed
I0215 06:39:51.094641 17560 bert_core_vs.cc:385] Engine - Device Memory requirements: 704644608
I0215 06:39:51.094646 17560 bert_core_vs.cc:393] Engine - Number of Optimization Profiles: 2
I0215 06:39:51.094651 17560 bert_core_vs.cc:415] Engine - Profile 0 maxDims 98304 Bmax=256 Smax=384
[I] [TRT] [MemUsageChange] Init cuBLAS/cuBLASLt: CPU +0, GPU +8, now: CPU 169, GPU 1908 (MiB)
[I] [TRT] [MemUsageChange] Init cuDNN: CPU +1, GPU +8, now: CPU 170, GPU 1916 (MiB)
I0215 06:39:51.150530 17560 bert_core_vs.cc:426] Setting Opt.Prof. to 0
I0215 06:39:51.150561 17560 bert_core_vs.cc:444] Context creation complete. Max supported batchSize: 256
[I] [TRT] [MemUsageChange] TensorRT-managed allocation in IExecutionContext creation: CPU +0, GPU +0, now: CPU 0, GPU 290 (MiB)
I0215 06:39:51.151499 17560 bert_core_vs.cc:476] Setup complete
I0215 06:39:51.151739 17560 bert_core_vs.cc:385] Engine - Device Memory requirements: 704644608
I0215 06:39:51.151744 17560 bert_core_vs.cc:393] Engine - Number of Optimization Profiles: 2
I0215 06:39:51.151747 17560 bert_core_vs.cc:415] Engine - Profile 1 maxDims 98304 Bmax=256 Smax=384
[I] [TRT] [MemUsageChange] Init cuBLAS/cuBLASLt: CPU +1, GPU +8, now: CPU 293, GPU 2722 (MiB)
[I] [TRT] [MemUsageChange] Init cuDNN: CPU +0, GPU +10, now: CPU 293, GPU 2732 (MiB)
I0215 06:39:51.209020 17560 bert_core_vs.cc:426] Setting Opt.Prof. to 1
[I] [TRT] Could not set default profile 0 for execution context. Profile index must be set explicitly.
[I] [TRT] [MemUsageChange] TensorRT-managed allocation in IExecutionContext creation: CPU +1, GPU +0, now: CPU 1, GPU 290 (MiB)
I0215 06:39:51.209416 17560 bert_core_vs.cc:444] Context creation complete. Max supported batchSize: 256
I0215 06:39:51.210470 17560 bert_core_vs.cc:476] Setup complete
I0215 06:39:51.436852 17560 main_bert.cc:185] Starting running actual test.
I0215 06:50:37.396064 17560 main_bert.cc:191] Finished running actual test.
================================================
MLPerf Results Summary
================================================
SUT name : BERT SERVER
Scenario : Offline
Mode     : PerformanceOnly
Samples per second: 4130.61
Result is : VALID
  Min duration satisfied : Yes
  Min queries satisfied : Yes
  Early stopping satisfied: Yes

================================================
Additional Stats
================================================
Min latency (ns)                : 625674302
Max latency (ns)                : 645522820885
Mean latency (ns)               : 391274953818
50.00 percentile latency (ns)   : 416602530297
90.00 percentile latency (ns)   : 615562083535
95.00 percentile latency (ns)   : 633272381209
97.00 percentile latency (ns)   : 639104265843
99.00 percentile latency (ns)   : 643770908743
99.90 percentile latency (ns)   : 645381892437

================================================
Test Parameters Used
================================================
samples_per_query : 2666400
target_qps : 4040
target_latency (ns): 0
max_async_queries : 1
min_duration (ms): 600000
max_duration (ms): 0
min_query_count : 1
max_query_count : 0
qsl_rng_seed : 6023615788873153749
sample_index_rng_seed : 15036839855038426416
schedule_rng_seed : 9933818062894767841
accuracy_log_rng_seed : 0
accuracy_log_probability : 0
accuracy_log_sampling_target : 0
print_timestamps : 0
performance_issue_unique : 0
performance_issue_same : 0
performance_issue_same_index : 0
performance_sample_count : 10833

No warnings encountered during test.

No errors encountered during test.
[2025-02-15 06:50:37,675 run_harness.py:166 INFO] Result: result_samples_per_second: 4130.61, Result is VALID
 
======================== Result summaries: ========================

