Graph file: /home/mlcuser/MLC/repos/local/cache/get-ml-model-mobilenet_b524230d/mobilenet_v1_0.5_128.tflite
Image dir: /home/mlcuser/MLC/repos/local/cache/get-preprocessed-dataset-imagenet_11b6c7a9
Image list: /home/mlcuser/MLC/repos/local/cache/get-preprocessed-dataset-imagenet_11b6c7a9/preprocessed_files.txt
Image size: 128
Image channels: 3
Prediction classes: 1000
Result dir: /home/mlcuser/MLC/repos/local/cache/get-mlperf-inference-results-dir_efb60c2c/valid_results/8a15d68f4cec-tflite_cpp-cpu-tflite-vmaster-default_config/mobilenet-v1-precision_float-0.5-128/singlestream/accuracy
How many images fit in memory buffer: 1024
Normalize: 1
Subtract mean: 0
Run time preprocessing: 0
Number of Threads: 16
Number of available imagefiles: 50000

Loading graph...
INFO: Created TensorFlow Lite XNNPACK delegate for CPU.
Input tensor dimensions (NHWC): 1*128*128*3
Output tensor dimensions: 1*1001
Path to user.conf : /home/mlcuser/MLC/repos/gateoverflow@mlperf-automations/script/generate-mlperf-inference-user-conf/tmp/cfe0be1ae5dd4fa997e2255ffac1eaab.conf
Model Name: mobilenet
LoadGen Scenario: SingleStream
LoadGen Mode: accuracy
