Graph file: /home/arjun/MLC/repos/local/cache/get-ml-model-mobilenet_274e5547/mobilenet_v1_0.25_128.tflite
Image dir: /mnt/arjun/MLC/repos/local/cache/get-preprocessed-dataset-imagenet_26f7ddd5
Image list: /mnt/arjun/MLC/repos/local/cache/get-preprocessed-dataset-imagenet_26f7ddd5/preprocessed_files.txt
Image size: 128
Image channels: 3
Prediction classes: 1000
Result dir: /home/arjun/MLC/repos/local/cache/get-mlperf-inference-results-dir_37516274/valid_results/intel_spr_i9-tflite_cpp-cpu-tflite-vmaster-default_config/mobilenet-v1-precision_float-0.25-128/singlestream/performance/run_1
How many images fit in memory buffer: 1024
Normalize: 1
Subtract mean: 0
Run time preprocessing: 0
Number of Threads: 16
Number of available imagefiles: 50000

Loading graph...
INFO: Created TensorFlow Lite XNNPACK delegate for CPU.
Input tensor dimensions (NHWC): 1*128*128*3
Output tensor dimensions: 1*1001
Path to user.conf : /home/arjun/MLC/repos/gateoverflow@mlperf-automations/script/generate-mlperf-inference-user-conf/tmp/2c59be90d94f4ce693a4d63829a84fd7.conf
Model Name: mobilenet
LoadGen Scenario: SingleStream
LoadGen Mode: performance
