Graph file: /home/ec2-user/MLC/repos/local/cache/get-ml-model-mobilenet_e7df0257/v2_128_35/model.tflite
Image dir: /home/ec2-user/MLC/repos/local/cache/get-preprocessed-dataset-imagenet_7ceb65f5
Image list: /home/ec2-user/MLC/repos/local/cache/get-preprocessed-dataset-imagenet_7ceb65f5/preprocessed_files.txt
Image size: 128
Image channels: 3
Prediction classes: 1000
Result dir: /home/ec2-user/MLC/repos/local/cache/get-mlperf-inference-results-dir_9d6f1f88/valid_results/i_02d7c83e498a7d2b9.ec2.internal-tflite_cpp-cpu-tflite-vmaster-default_config/mobilenet-v2-precision_uint8-0.35-128/singlestream/accuracy
How many images fit in memory buffer: 1024
Normalize: 1
Subtract mean: 0
Run time preprocessing: 1
Number of Threads: 8
Number of available imagefiles: 50000

Loading graph...
INFO: Created TensorFlow Lite XNNPACK delegate for CPU.
Input tensor dimensions (NHWC): 1*128*128*3
Output tensor dimensions: 1*1001
Path to user.conf : /home/ec2-user/MLC/repos/gateoverflow@mlperf-automations/script/generate-mlperf-inference-user-conf/tmp/2aa7fb08924149c0a65f96b4906cfb11.conf
Model Name: mobilenet
LoadGen Scenario: SingleStream
LoadGen Mode: accuracy
