client 2025-02-27 18:12:33,864 [INFO] Creating output directory '/home/arjun/MLC/repos/local/cache/get-mlperf-inference-results-dir_e3f7a2f6/valid_results/mini-tflite_cpp-cpu-tflite-vmaster-with_live_preprocessing/mobilenet-v1-precision_float-0.75-224/singlestream/performance/tmp_power'
client 2025-02-27 18:12:33,874 [INFO] Sending command to the server: 'mlcommons/power client v3'
client 2025-02-27 18:12:33,884 [INFO] Got response: 'mlcommons/power server v3'
client 2025-02-27 18:12:33,884 [INFO] Synchronizing with the server and with time.google.com...
client 2025-02-27 18:12:33,920 [INFO] NTP:offset = -0.010 s, delay = 0.020 s 
client 2025-02-27 18:12:33,920 [INFO] Sending command to the server: 'time'
client 2025-02-27 18:12:33,932 [INFO] Got response: '1740679953.8445394'
client 2025-02-27 18:12:33,932 [INFO] The time difference between the client and the server is within range 76.010 ms..88.301 ms
client 2025-02-27 18:12:33,932 [INFO] Sending command to the server: 'new,,29d29693-71c2-4ef7-9290-d22277b83728'
client 2025-02-27 18:12:33,946 [INFO] Got response: 'OK 2025-02-27_18-12-33,e91064ca-b436-410e-bd2f-f804a931949b'
client 2025-02-27 18:12:33,946 [INFO] Session id is '2025-02-27_18-12-33'
client 2025-02-27 18:12:33,947 [INFO] Sources: {"sources": {"__init__.py": "da39a3ee5e6b4b0d3255bfef95601890afd80709", "client.py": "33ca4f26368777ac06e01f9567b714a4b8063886", "lib/__init__.py": "da39a3ee5e6b4b0d3255bfef95601890afd80709", "lib/client.py": "ac2aa093c8e8bbc9569b9e2a3471bc64e58a2258", "lib/common.py": "611d8b29633d331eb19c9455ea3b5fa3284ed6df", "lib/external/__init__.py": "da39a3ee5e6b4b0d3255bfef95601890afd80709", "lib/external/ntplib.py": "4da8f970656505a40483206ef2b5d3dd5e81711d", "lib/server.py": "9bc9a3b6b9b716520658ac175913bcbbdb354336", "lib/source_hashes.py": "60a2e02193209e8d392803326208d5466342da18", "lib/summary.py": "602a9fedfa503e5544d27ab3b0067f235047efc3", "lib/time_sync.py": "80894ef2389e540781ff78de94db16aa4203a14e", "server.py": "c3f90f2f7eeb4db30727556d0c815ebc89b3d28b", "tests/unit/__init__.py": "da39a3ee5e6b4b0d3255bfef95601890afd80709", "tests/unit/test_server.py": "948c1995d4008bc2aa6c4046a34ffa3858d6d671", "tests/unit/test_source_hashes.py": "00468a2907583c593e6574a1f6b404e4651c221a"}, "modules": {"ptd_client_server.lib.client": "lib/client.py", "ptd_client_server.lib.common": "lib/common.py", "ptd_client_server.lib.external.ntplib": "lib/external/ntplib.py", "ptd_client_server.lib.source_hashes": "lib/source_hashes.py", "ptd_client_server.lib.summary": "lib/summary.py", "ptd_client_server.lib.time_sync": "lib/time_sync.py"}}
client 2025-02-27 18:12:33,947 [INFO] Running workload in ranging mode
client 2025-02-27 18:12:33,947 [INFO] Synchronizing with the server and with time.google.com...
client 2025-02-27 18:12:33,966 [INFO] NTP:offset = -0.010 s, delay = 0.018 s 
client 2025-02-27 18:12:33,967 [INFO] Sending command to the server: 'time'
client 2025-02-27 18:12:33,979 [INFO] Got response: '1740679953.891006'
client 2025-02-27 18:12:33,980 [INFO] The time difference between the client and the server is within range 76.105 ms..89.015 ms
client 2025-02-27 18:12:33,980 [INFO] Sending command to the server: 'session,2025-02-27_18-12-33,start,ranging'
client 2025-02-27 18:12:58,524 [INFO] Got response: 'OK'
client 2025-02-27 18:12:58,525 [INFO] Sending command to the server: 'time'
client 2025-02-27 18:12:58,539 [INFO] Got response: '1740679978.4483645'
client 2025-02-27 18:12:58,539 [INFO] The time difference between the client and the server is within range 76.739 ms..91.055 ms
client 2025-02-27 18:12:58,539 [INFO] Running the workload ' MLC_MLPERF_RUN_COUNT=$(cat ${MLC_RUN_DIR}/count.txt); echo ${MLC_MLPERF_RUN_COUNT}; MLC_MLPERF_RUN_COUNT=$((MLC_MLPERF_RUN_COUNT+1)); echo ${MLC_MLPERF_RUN_COUNT} > ${MLC_RUN_DIR}/count.txt; if [ ${MLC_MLPERF_RUN_COUNT} -eq 1 ]; then export MLC_MLPERF_USER_CONF="${MLC_MLPERF_RANGING_USER_CONF}"; else export MLC_MLPERF_USER_CONF="${MLC_MLPERF_TESTING_USER_CONF}"; fi ; /home/arjun/MLC/repos/gateoverflow@mlperf-automations/script/run-all-mlperf-models/run.out'
client 2025-02-27 18:17:59,874 [INFO] Sending command to the server: 'time'
client 2025-02-27 18:17:59,887 [INFO] Got response: '1740680279.795756'
client 2025-02-27 18:17:59,887 [INFO] The time difference between the client and the server is within range 79.126 ms..92.200 ms
client 2025-02-27 18:17:59,888 [INFO] Sending command to the server: 'session,2025-02-27_18-12-33,stop,ranging'
client 2025-02-27 18:18:11,512 [INFO] Got response: 'OK'
client 2025-02-27 18:18:11,513 [INFO] Sending command to the server: 'time'
client 2025-02-27 18:18:11,523 [INFO] Got response: '1740680291.4315393'
client 2025-02-27 18:18:11,523 [INFO] The time difference between the client and the server is within range 81.565 ms..92.207 ms
client 2025-02-27 18:18:11,527 [INFO] Copying loadgen logs from '/home/arjun/MLC/repos/local/cache/get-mlperf-inference-results-dir_e3f7a2f6/valid_results/mini-tflite_cpp-cpu-tflite-vmaster-with_live_preprocessing/mobilenet-v1-precision_float-0.75-224/singlestream/performance/run_1' to '/home/arjun/MLC/repos/local/cache/get-mlperf-inference-results-dir_e3f7a2f6/valid_results/mini-tflite_cpp-cpu-tflite-vmaster-with_live_preprocessing/mobilenet-v1-precision_float-0.75-224/singlestream/performance/tmp_power/ranging'
client 2025-02-27 18:18:11,528 [INFO] Running workload in testing mode
client 2025-02-27 18:18:11,528 [INFO] Synchronizing with the server and with time.google.com...
client 2025-02-27 18:18:11,561 [INFO] NTP:offset = -0.009 s, delay = 0.021 s 
client 2025-02-27 18:18:11,562 [INFO] Sending command to the server: 'time'
client 2025-02-27 18:18:11,573 [INFO] Got response: '1740680291.4812245'
client 2025-02-27 18:18:11,574 [INFO] The time difference between the client and the server is within range 80.778 ms..92.842 ms
client 2025-02-27 18:18:11,574 [INFO] Sending command to the server: 'session,2025-02-27_18-12-33,start,testing'
client 2025-02-27 18:18:24,825 [INFO] Got response: 'OK'
client 2025-02-27 18:18:24,825 [INFO] Sending command to the server: 'time'
client 2025-02-27 18:18:24,839 [INFO] Got response: '1740680304.7464948'
client 2025-02-27 18:18:24,839 [INFO] The time difference between the client and the server is within range 78.907 ms..93.041 ms
client 2025-02-27 18:18:24,839 [INFO] Running the workload ' MLC_MLPERF_RUN_COUNT=$(cat ${MLC_RUN_DIR}/count.txt); echo ${MLC_MLPERF_RUN_COUNT}; MLC_MLPERF_RUN_COUNT=$((MLC_MLPERF_RUN_COUNT+1)); echo ${MLC_MLPERF_RUN_COUNT} > ${MLC_RUN_DIR}/count.txt; if [ ${MLC_MLPERF_RUN_COUNT} -eq 1 ]; then export MLC_MLPERF_USER_CONF="${MLC_MLPERF_RANGING_USER_CONF}"; else export MLC_MLPERF_USER_CONF="${MLC_MLPERF_TESTING_USER_CONF}"; fi ; /home/arjun/MLC/repos/gateoverflow@mlperf-automations/script/run-all-mlperf-models/run.out'
client 2025-02-27 18:28:26,764 [INFO] Sending command to the server: 'time'
client 2025-02-27 18:28:26,794 [INFO] Got response: '1740680906.6765006'
client 2025-02-27 18:28:26,794 [INFO] The time difference between the client and the server is within range 87.881 ms..118.416 ms
client 2025-02-27 18:28:26,795 [INFO] Sending command to the server: 'session,2025-02-27_18-12-33,stop,testing'
client 2025-02-27 18:28:37,904 [INFO] Got response: 'OK'
client 2025-02-27 18:28:37,904 [INFO] Sending command to the server: 'time'
client 2025-02-27 18:28:37,917 [INFO] Got response: '1740680917.8143106'
client 2025-02-27 18:28:37,917 [INFO] The time difference between the client and the server is within range 90.101 ms..103.217 ms
client 2025-02-27 18:28:37,918 [INFO] Copying loadgen logs from '/home/arjun/MLC/repos/local/cache/get-mlperf-inference-results-dir_e3f7a2f6/valid_results/mini-tflite_cpp-cpu-tflite-vmaster-with_live_preprocessing/mobilenet-v1-precision_float-0.75-224/singlestream/performance/run_1' to '/home/arjun/MLC/repos/local/cache/get-mlperf-inference-results-dir_e3f7a2f6/valid_results/mini-tflite_cpp-cpu-tflite-vmaster-with_live_preprocessing/mobilenet-v1-precision_float-0.75-224/singlestream/performance/tmp_power/run_1'
client 2025-02-27 18:28:37,919 [INFO] Done runs
