Graph file: /home/mlcuser/MLC/repos/local/cache/get-ml-model-efficientnet-lite_55474372/efficientnet-lite1/efficientnet-lite1-int8.tflite
Image dir: /home/mlcuser/MLC/repos/local/cache/get-preprocessed-dataset-imagenet_e3f636c1
Image list: /home/mlcuser/MLC/repos/local/cache/get-preprocessed-dataset-imagenet_e3f636c1/preprocessed_files.txt
Image size: 240
Image channels: 3
Prediction classes: 1000
Result dir: /home/mlcuser/MLC/repos/local/cache/get-mlperf-inference-results-dir_338d2055/valid_results/640b615ae987-tflite_cpp-cpu-tflite-vmaster-default_config/efficientnet-int8-lite1/singlestream/performance/run_1
How many images fit in memory buffer: 1024
Normalize: 1
Subtract mean: 0
Run time preprocessing: 1
Number of Threads: 24
Number of available imagefiles: 50000

Loading graph...
INFO: Created TensorFlow Lite XNNPACK delegate for CPU.
Input tensor dimensions (NHWC): 1*240*240*3
Output tensor dimensions: 1*1000
Path to user.conf : /home/mlcuser/MLC/repos/mlcommons@mlperf-automations/script/generate-mlperf-inference-user-conf/tmp/e4bd7bc23e8547c0a59b0c657f7cc6c1.conf
Model Name: efficientnet
LoadGen Scenario: SingleStream
LoadGen Mode: performance
