Graph file: /Users/arjunsuresh/MLC/repos/local/cache/get-ml-model-mobilenet_0851ee43/mobilenet_v1_0.25_128.tflite
Image dir: /Users/arjunsuresh/MLC/repos/local/cache/get-preprocessed-dataset-imagenet_60a111c8
Image list: /Users/arjunsuresh/MLC/repos/local/cache/get-preprocessed-dataset-imagenet_60a111c8/preprocessed_files.txt
Image size: 128
Image channels: 3
Prediction classes: 1000
Result dir: /Users/arjunsuresh/MLC/repos/local/cache/get-mlperf-inference-results-dir_faaa00ec/valid_results/MacBookPro.ultrahub-tflite_cpp-cpu-tflite-vmaster-default_config/mobilenet-v1-precision_float-0.25-128/singlestream/performance/run_1
How many images fit in memory buffer: 1024
Normalize: 1
Subtract mean: 0
Run time preprocessing: 0
Number of Threads: 10
Number of available imagefiles: 50000

Loading graph...
INFO: Created TensorFlow Lite XNNPACK delegate for CPU.
Input tensor dimensions (NHWC): 1*128*128*3
Output tensor dimensions: 1*1001
Path to user.conf : /Users/arjunsuresh/MLC/repos/gateoverflow@mlperf-automations/script/generate-mlperf-inference-user-conf/tmp/e35a4d41d17a4c5ba5242c379f8c070a.conf
Model Name: mobilenet
LoadGen Scenario: SingleStream
LoadGen Mode: performance
