client 2025-02-26 17:22:59,023 [INFO] Creating output directory '/home/arjun/MLC/repos/local/cache/get-mlperf-inference-results-dir_e3f7a2f6/valid_results/mini-tflite_cpp-cpu-tflite-vmaster-default_config/mobilenet-v1-precision_float-0.25-192/singlestream/performance/tmp_power'
client 2025-02-26 17:22:59,032 [INFO] Sending command to the server: 'mlcommons/power client v3'
client 2025-02-26 17:22:59,044 [INFO] Got response: 'mlcommons/power server v3'
client 2025-02-26 17:22:59,045 [INFO] Synchronizing with the server and with time.google.com...
client 2025-02-26 17:22:59,072 [INFO] NTP:offset = 0.007 s, delay = 0.023 s 
client 2025-02-26 17:22:59,072 [INFO] Sending command to the server: 'time'
client 2025-02-26 17:22:59,084 [INFO] Got response: '1740590578.9501936'
client 2025-02-26 17:22:59,085 [INFO] The time difference between the client and the server is within range 122.276 ms..134.884 ms
client 2025-02-26 17:22:59,085 [INFO] Sending command to the server: 'new,,167ba365-e612-45ff-bc14-64c626dd0b82'
client 2025-02-26 17:22:59,099 [INFO] Got response: 'OK 2025-02-26_17-22-58,2c9bf56c-63a6-42d3-8e6d-69d29c3362fd'
client 2025-02-26 17:22:59,099 [INFO] Session id is '2025-02-26_17-22-58'
client 2025-02-26 17:22:59,099 [INFO] Sources: {"sources": {"__init__.py": "da39a3ee5e6b4b0d3255bfef95601890afd80709", "client.py": "33ca4f26368777ac06e01f9567b714a4b8063886", "lib/__init__.py": "da39a3ee5e6b4b0d3255bfef95601890afd80709", "lib/client.py": "ac2aa093c8e8bbc9569b9e2a3471bc64e58a2258", "lib/common.py": "611d8b29633d331eb19c9455ea3b5fa3284ed6df", "lib/external/__init__.py": "da39a3ee5e6b4b0d3255bfef95601890afd80709", "lib/external/ntplib.py": "4da8f970656505a40483206ef2b5d3dd5e81711d", "lib/server.py": "9bc9a3b6b9b716520658ac175913bcbbdb354336", "lib/source_hashes.py": "60a2e02193209e8d392803326208d5466342da18", "lib/summary.py": "602a9fedfa503e5544d27ab3b0067f235047efc3", "lib/time_sync.py": "80894ef2389e540781ff78de94db16aa4203a14e", "server.py": "c3f90f2f7eeb4db30727556d0c815ebc89b3d28b", "tests/unit/__init__.py": "da39a3ee5e6b4b0d3255bfef95601890afd80709", "tests/unit/test_server.py": "948c1995d4008bc2aa6c4046a34ffa3858d6d671", "tests/unit/test_source_hashes.py": "00468a2907583c593e6574a1f6b404e4651c221a"}, "modules": {"ptd_client_server.lib.client": "lib/client.py", "ptd_client_server.lib.common": "lib/common.py", "ptd_client_server.lib.external.ntplib": "lib/external/ntplib.py", "ptd_client_server.lib.source_hashes": "lib/source_hashes.py", "ptd_client_server.lib.summary": "lib/summary.py", "ptd_client_server.lib.time_sync": "lib/time_sync.py"}}
client 2025-02-26 17:22:59,099 [INFO] Running workload in ranging mode
client 2025-02-26 17:22:59,100 [INFO] Synchronizing with the server and with time.google.com...
client 2025-02-26 17:22:59,121 [INFO] NTP:offset = 0.008 s, delay = 0.020 s 
client 2025-02-26 17:22:59,121 [INFO] Sending command to the server: 'time'
client 2025-02-26 17:22:59,133 [INFO] Got response: '1740590578.9980748'
client 2025-02-26 17:22:59,133 [INFO] The time difference between the client and the server is within range 123.489 ms..135.117 ms
client 2025-02-26 17:22:59,133 [INFO] Sending command to the server: 'session,2025-02-26_17-22-58,start,ranging'
client 2025-02-26 17:23:23,624 [INFO] Got response: 'OK'
client 2025-02-26 17:23:23,624 [INFO] Sending command to the server: 'time'
client 2025-02-26 17:23:23,638 [INFO] Got response: '1740590603.5052671'
client 2025-02-26 17:23:23,639 [INFO] The time difference between the client and the server is within range 119.644 ms..133.882 ms
client 2025-02-26 17:23:23,639 [INFO] Running the workload ' MLC_MLPERF_RUN_COUNT=$(cat ${MLC_RUN_DIR}/count.txt); echo ${MLC_MLPERF_RUN_COUNT}; MLC_MLPERF_RUN_COUNT=$((MLC_MLPERF_RUN_COUNT+1)); echo ${MLC_MLPERF_RUN_COUNT} > ${MLC_RUN_DIR}/count.txt; if [ ${MLC_MLPERF_RUN_COUNT} -eq 1 ]; then export MLC_MLPERF_USER_CONF="${MLC_MLPERF_RANGING_USER_CONF}"; else export MLC_MLPERF_USER_CONF="${MLC_MLPERF_TESTING_USER_CONF}"; fi ; /home/arjun/MLC/repos/gateoverflow@mlperf-automations/script/run-all-mlperf-models/run.out'
client 2025-02-26 17:28:25,709 [INFO] Sending command to the server: 'time'
client 2025-02-26 17:28:25,723 [INFO] Got response: '1740590905.5886784'
client 2025-02-26 17:28:25,723 [INFO] The time difference between the client and the server is within range 120.660 ms..134.958 ms
client 2025-02-26 17:28:25,723 [INFO] Sending command to the server: 'session,2025-02-26_17-22-58,stop,ranging'
client 2025-02-26 17:28:37,011 [INFO] Got response: 'OK'
client 2025-02-26 17:28:37,011 [INFO] Sending command to the server: 'time'
client 2025-02-26 17:28:37,025 [INFO] Got response: '1740590916.8886874'
client 2025-02-26 17:28:37,025 [INFO] The time difference between the client and the server is within range 122.728 ms..136.518 ms
client 2025-02-26 17:28:37,029 [INFO] Copying loadgen logs from '/home/arjun/MLC/repos/local/cache/get-mlperf-inference-results-dir_e3f7a2f6/valid_results/mini-tflite_cpp-cpu-tflite-vmaster-default_config/mobilenet-v1-precision_float-0.25-192/singlestream/performance/run_1' to '/home/arjun/MLC/repos/local/cache/get-mlperf-inference-results-dir_e3f7a2f6/valid_results/mini-tflite_cpp-cpu-tflite-vmaster-default_config/mobilenet-v1-precision_float-0.25-192/singlestream/performance/tmp_power/ranging'
client 2025-02-26 17:28:37,029 [INFO] Running workload in testing mode
client 2025-02-26 17:28:37,030 [INFO] Synchronizing with the server and with time.google.com...
client 2025-02-26 17:28:37,052 [INFO] NTP:offset = 0.011 s, delay = 0.021 s 
client 2025-02-26 17:28:37,052 [INFO] Sending command to the server: 'time'
client 2025-02-26 17:28:37,066 [INFO] Got response: '1740590916.92775'
client 2025-02-26 17:28:37,066 [INFO] The time difference between the client and the server is within range 124.514 ms..138.956 ms
client 2025-02-26 17:28:37,066 [INFO] Sending command to the server: 'session,2025-02-26_17-22-58,start,testing'
client 2025-02-26 17:28:50,324 [INFO] Got response: 'OK'
client 2025-02-26 17:28:50,325 [INFO] Sending command to the server: 'time'
client 2025-02-26 17:28:50,338 [INFO] Got response: '1740590930.2016296'
client 2025-02-26 17:28:50,338 [INFO] The time difference between the client and the server is within range 123.522 ms..137.047 ms
client 2025-02-26 17:28:50,338 [INFO] Running the workload ' MLC_MLPERF_RUN_COUNT=$(cat ${MLC_RUN_DIR}/count.txt); echo ${MLC_MLPERF_RUN_COUNT}; MLC_MLPERF_RUN_COUNT=$((MLC_MLPERF_RUN_COUNT+1)); echo ${MLC_MLPERF_RUN_COUNT} > ${MLC_RUN_DIR}/count.txt; if [ ${MLC_MLPERF_RUN_COUNT} -eq 1 ]; then export MLC_MLPERF_USER_CONF="${MLC_MLPERF_RANGING_USER_CONF}"; else export MLC_MLPERF_USER_CONF="${MLC_MLPERF_TESTING_USER_CONF}"; fi ; /home/arjun/MLC/repos/gateoverflow@mlperf-automations/script/run-all-mlperf-models/run.out'
client 2025-02-26 17:38:53,037 [INFO] Sending command to the server: 'time'
client 2025-02-26 17:38:53,052 [INFO] Got response: '1740591532.9127395'
client 2025-02-26 17:38:53,053 [INFO] The time difference between the client and the server is within range 124.326 ms..140.257 ms
client 2025-02-26 17:38:53,053 [INFO] Sending command to the server: 'session,2025-02-26_17-22-58,stop,testing'
client 2025-02-26 17:39:03,903 [INFO] Got response: 'OK'
client 2025-02-26 17:39:03,903 [INFO] Sending command to the server: 'time'
client 2025-02-26 17:39:03,915 [INFO] Got response: '1740591543.7764342'
client 2025-02-26 17:39:03,915 [INFO] The time difference between the client and the server is within range 127.246 ms..139.505 ms
client 2025-02-26 17:39:03,916 [INFO] Copying loadgen logs from '/home/arjun/MLC/repos/local/cache/get-mlperf-inference-results-dir_e3f7a2f6/valid_results/mini-tflite_cpp-cpu-tflite-vmaster-default_config/mobilenet-v1-precision_float-0.25-192/singlestream/performance/run_1' to '/home/arjun/MLC/repos/local/cache/get-mlperf-inference-results-dir_e3f7a2f6/valid_results/mini-tflite_cpp-cpu-tflite-vmaster-default_config/mobilenet-v1-precision_float-0.25-192/singlestream/performance/tmp_power/run_1'
client 2025-02-26 17:39:03,917 [INFO] Done runs
