Graph file: /mnt/arjun/MLC/repos/local/cache/get-ml-model-mobilenet_c7aaade6/mobilenet_v1_1.0_160_quant.tflite
Image dir: /mnt/arjun/MLC/repos/local/cache/get-preprocessed-dataset-imagenet_f4682da7
Image list: /mnt/arjun/MLC/repos/local/cache/get-preprocessed-dataset-imagenet_f4682da7/preprocessed_files.txt
Image size: 160
Image channels: 3
Prediction classes: 1000
Result dir: /home/arjun/MLC/repos/local/cache/get-mlperf-inference-results-dir_338d2055/valid_results/arjun_spr-tflite_cpp-cpu-tflite-vmaster-default_config/mobilenet-v1-precision_uint8-1.0-160/singlestream/performance/run_1
How many images fit in memory buffer: 1024
Normalize: 1
Subtract mean: 0
Run time preprocessing: 1
Number of Threads: 24
Number of available imagefiles: 50000

Loading graph...
INFO: Created TensorFlow Lite XNNPACK delegate for CPU.
Input tensor dimensions (NHWC): 1*160*160*3
Output tensor dimensions: 1*1001
Path to user.conf : /home/arjun/MLC/repos/gateoverflow@mlperf-automations/script/generate-mlperf-inference-user-conf/tmp/359bd324b1964dc98116f0f0dbb2e32a.conf
Model Name: mobilenet
LoadGen Scenario: SingleStream
LoadGen Mode: performance
