Graph file: /home/mlcuser/MLC/repos/local/cache/get-ml-model-mobilenet_f84a7f92/v2_224_75/model.tflite
Image dir: /home/mlcuser/MLC/repos/local/cache/get-preprocessed-dataset-imagenet_58a56a08
Image list: /home/mlcuser/MLC/repos/local/cache/get-preprocessed-dataset-imagenet_58a56a08/preprocessed_files.txt
Image size: 224
Image channels: 3
Prediction classes: 1000
Result dir: /home/mlcuser/MLC/repos/local/cache/get-mlperf-inference-results-dir_37516274/valid_results/intel_spr_i9_ubuntu20.04-tflite_cpp-cpu-tflite-vmaster-default_config/mobilenet-v2-precision_uint8-0.75-224/singlestream/performance/run_1
How many images fit in memory buffer: 1024
Normalize: 1
Subtract mean: 0
Run time preprocessing: 1
Number of Threads: 32
Number of available imagefiles: 50000

Loading graph...
INFO: Created TensorFlow Lite XNNPACK delegate for CPU.
Input tensor dimensions (NHWC): 1*224*224*3
Output tensor dimensions: 1*1001
Path to user.conf : /home/mlcuser/MLC/repos/gateoverflow@mlperf-automations/script/generate-mlperf-inference-user-conf/tmp/54eeec1b0fcb4ed2a7ab45e5f41e8f04.conf
Model Name: mobilenet
LoadGen Scenario: SingleStream
LoadGen Mode: performance
