[2025-02-13 06:45:58,021 main.py:229 INFO] Detected system ID: KnownSystem.Nvidia_28810f0dcc5d
[2025-02-13 06:45:58,120 harness.py:249 INFO] The harness will load 2 plugins: ['build/plugins/NMSOptPlugin/libnmsoptplugin.so', 'build/plugins/retinanetConcatPlugin/libretinanetconcatplugin.so']
[2025-02-13 06:45:58,120 generate_conf_files.py:107 INFO] Generated measurements/ entries for Nvidia_28810f0dcc5d_TRT/retinanet/Server
[2025-02-13 06:45:58,120 harness.py:326 INFO] Updated LD_PRELOAD: /usr/lib/x86_64-linux-gnu/libjemalloc.so.2
[2025-02-13 06:45:58,120 __init__.py:46 INFO] Running command: ./build/bin/harness_default --plugins="build/plugins/NMSOptPlugin/libnmsoptplugin.so,build/plugins/retinanetConcatPlugin/libretinanetconcatplugin.so" --logfile_outdir="/mlc-mount/home/arjun/gh_action_results/valid_results/RTX4090x2-nvidia_original-gpu-tensorrt-vdefault-default_config/retinanet/server/performance/run_1" --logfile_prefix="mlperf_log_" --performance_sample_count=64 --test_mode="PerformanceOnly" --gpu_copy_streams=2 --gpu_inference_streams=2 --use_cuda_thread_per_device=true --use_deque_limit=true --gpu_batch_size=8 --map_path="data_maps/open-images-v6-mlperf/val_map.txt" --mlperf_conf_path="/home/mlcuser/MLC/repos/local/cache/get-git-repo_14157262/inference/mlperf.conf" --tensor_path="build/preprocessed_data/open-images-v6-mlperf/validation/Retinanet/int8_linear" --use_graphs=false --user_conf_path="/home/mlcuser/MLC/repos/mlcommons@mlperf-automations/script/generate-mlperf-inference-user-conf/tmp/e25bb976c0fd44abad443fbec0dc213f.conf" --gpu_engines="./build/engines/Nvidia_28810f0dcc5d/retinanet/Server/retinanet-Server-gpu-b8-int8.lwis_k_99_MaxP.plan" --max_dlas=0 --scenario Server --model retinanet --response_postprocess openimageeffnms
[2025-02-13 06:45:58,120 __init__.py:53 INFO] Overriding Environment
ERROR: ld.so: object '/usr/lib/x86_64-linux-gnu/libjemalloc.so.2' from LD_PRELOAD cannot be preloaded (cannot open shared object file): ignored.
ERROR: ld.so: object '/usr/lib/x86_64-linux-gnu/libjemalloc.so.2' from LD_PRELOAD cannot be preloaded (cannot open shared object file): ignored.
benchmark : Benchmark.Retinanet
buffer_manager_thread_count : 0
data_dir : /home/mlcuser/MLC/repos/local/cache/get-mlperf-inference-nvidia-scratch-space_5aab030f/data
gpu_batch_size : 8
gpu_copy_streams : 2
gpu_inference_streams : 2
input_dtype : int8
input_format : linear
log_dir : /home/mlcuser/MLC/repos/local/cache/get-git-repo_0ab377fc/repo/closed/NVIDIA/build/logs/2025.02.13-06.45.56
map_path : data_maps/open-images-v6-mlperf/val_map.txt
mlperf_conf_path : /home/mlcuser/MLC/repos/local/cache/get-git-repo_14157262/inference/mlperf.conf
precision : int8
preprocessed_data_dir : /home/mlcuser/MLC/repos/local/cache/get-mlperf-inference-nvidia-scratch-space_5aab030f/preprocessed_data
scenario : Scenario.Server
server_target_qps : 0
server_target_qps_adj_factor : 0.0
system : SystemConfiguration(host_cpu_conf=CPUConfiguration(layout={CPU(name='Intel(R) Xeon(R) w7-2495X', architecture=<CPUArchitecture.x86_64: AliasedName(name='x86_64', aliases=(), patterns=())>, core_count=24, threads_per_core=2): 1}), host_mem_conf=MemoryConfiguration(host_memory_capacity=Memory(quantity=197.33452799999998, byte_suffix=<ByteSuffix.GB: (1000, 3)>, _num_bytes=197334528000), comparison_tolerance=0.05), accelerator_conf=AcceleratorConfiguration(layout=defaultdict(<class 'int'>, {GPU(name='NVIDIA GeForce RTX 4090', accelerator_type=<AcceleratorType.Discrete: AliasedName(name='Discrete', aliases=(), patterns=())>, vram=Memory(quantity=23.98828125, byte_suffix=<ByteSuffix.GiB: (1024, 3)>, _num_bytes=25757220864), max_power_limit=450.0, pci_id='0x268410DE', compute_sm=89): 1, GPU(name='NVIDIA GeForce RTX 4090', accelerator_type=<AcceleratorType.Discrete: AliasedName(name='Discrete', aliases=(), patterns=())>, vram=Memory(quantity=23.98828125, byte_suffix=<ByteSuffix.GiB: (1024, 3)>, _num_bytes=25757220864), max_power_limit=500.0, pci_id='0x268410DE', compute_sm=89): 1})), numa_conf=NUMAConfiguration(numa_nodes={}, num_numa_nodes=1), system_id='Nvidia_28810f0dcc5d')
tensor_path : build/preprocessed_data/open-images-v6-mlperf/validation/Retinanet/int8_linear
test_mode : PerformanceOnly
use_cuda_thread_per_device : True
use_deque_limit : True
use_graphs : False
user_conf_path : /home/mlcuser/MLC/repos/mlcommons@mlperf-automations/script/generate-mlperf-inference-user-conf/tmp/e25bb976c0fd44abad443fbec0dc213f.conf
system_id : Nvidia_28810f0dcc5d
config_name : Nvidia_28810f0dcc5d_retinanet_Server
workload_setting : WorkloadSetting(HarnessType.LWIS, AccuracyTarget.k_99, PowerSetting.MaxP)
optimization_level : plugin-enabled
num_profiles : 2
config_ver : lwis_k_99_MaxP
accuracy_level : 99%
inference_server : lwis
skip_file_checks : False
power_limit : None
cpu_freq : None
&&&& RUNNING Default_Harness # ./build/bin/harness_default
[I] mlperf.conf path: /home/mlcuser/MLC/repos/local/cache/get-git-repo_14157262/inference/mlperf.conf
[I] user.conf path: /home/mlcuser/MLC/repos/mlcommons@mlperf-automations/script/generate-mlperf-inference-user-conf/tmp/e25bb976c0fd44abad443fbec0dc213f.conf
Creating QSL.
Finished Creating QSL.
Setting up SUT.
[I] [TRT] Loaded engine size: 74 MiB
[I] [TRT] [MemUsageChange] Init cuBLAS/cuBLASLt: CPU +6, GPU +10, now: CPU 128, GPU 893 (MiB)
[I] [TRT] [MemUsageChange] Init cuDNN: CPU +2, GPU +10, now: CPU 130, GPU 903 (MiB)
[I] [TRT] [MemUsageChange] TensorRT-managed allocation in engine deserialization: CPU +0, GPU +68, now: CPU 0, GPU 68 (MiB)
[I] Device:0.GPU: [0] ./build/engines/Nvidia_28810f0dcc5d/retinanet/Server/retinanet-Server-gpu-b8-int8.lwis_k_99_MaxP.plan has been successfully loaded.
[I] [TRT] Loaded engine size: 74 MiB
[W] [TRT] Using an engine plan file across different models of devices is not recommended and is likely to affect performance or even cause errors.
[I] [TRT] [MemUsageChange] Init cuBLAS/cuBLASLt: CPU +6, GPU +10, now: CPU 164, GPU 750 (MiB)
[I] [TRT] [MemUsageChange] Init cuDNN: CPU +1, GPU +10, now: CPU 165, GPU 760 (MiB)
[I] [TRT] [MemUsageChange] TensorRT-managed allocation in engine deserialization: CPU +1, GPU +69, now: CPU 1, GPU 137 (MiB)
[I] Device:1.GPU: [0] ./build/engines/Nvidia_28810f0dcc5d/retinanet/Server/retinanet-Server-gpu-b8-int8.lwis_k_99_MaxP.plan has been successfully loaded.
[E] [TRT] 3: [runtime.cpp::~Runtime::401] Error Code 3: API Usage Error (Parameter check failed at: runtime/rt/runtime.cpp::~Runtime::401, condition: mEngineCounter.use_count() == 1 Destroying a runtime before destroying deserialized engines created by the runtime leads to undefined behavior.)
[I] [TRT] [MemUsageChange] Init cuBLAS/cuBLASLt: CPU +0, GPU +8, now: CPU 92, GPU 915 (MiB)
[I] [TRT] [MemUsageChange] Init cuDNN: CPU +0, GPU +8, now: CPU 92, GPU 923 (MiB)
[I] [TRT] [MemUsageChange] TensorRT-managed allocation in IExecutionContext creation: CPU +0, GPU +6111, now: CPU 1, GPU 6248 (MiB)
[I] [TRT] [MemUsageChange] Init cuBLAS/cuBLASLt: CPU +0, GPU +8, now: CPU 93, GPU 7043 (MiB)
[I] [TRT] [MemUsageChange] Init cuDNN: CPU +1, GPU +12, now: CPU 94, GPU 7055 (MiB)
[I] [TRT] Could not set default profile 0 for execution context. Profile index must be set explicitly.
[I] [TRT] [MemUsageChange] TensorRT-managed allocation in IExecutionContext creation: CPU +1, GPU +6111, now: CPU 2, GPU 12359 (MiB)
[I] [TRT] [MemUsageChange] Init cuBLAS/cuBLASLt: CPU +0, GPU +8, now: CPU 95, GPU 772 (MiB)
[I] [TRT] [MemUsageChange] Init cuDNN: CPU +0, GPU +8, now: CPU 95, GPU 780 (MiB)
[I] [TRT] [MemUsageChange] TensorRT-managed allocation in IExecutionContext creation: CPU +0, GPU +6111, now: CPU 2, GPU 18470 (MiB)
[I] [TRT] [MemUsageChange] Init cuBLAS/cuBLASLt: CPU +0, GPU +8, now: CPU 96, GPU 6900 (MiB)
[I] [TRT] [MemUsageChange] Init cuDNN: CPU +0, GPU +12, now: CPU 96, GPU 6912 (MiB)
[I] [TRT] Could not set default profile 0 for execution context. Profile index must be set explicitly.
[I] [TRT] [MemUsageChange] TensorRT-managed allocation in IExecutionContext creation: CPU +1, GPU +6111, now: CPU 3, GPU 24581 (MiB)
[I] Creating batcher thread: 0 EnableBatcherThreadPerDevice: false
[I] Creating cuda thread: 0
[I] Creating cuda thread: 1
Finished setting up SUT.
Starting warmup. Running for a minimum of 5 seconds.
Finished warmup. Ran for 5.13498s.
Starting running actual test.
================================================
MLPerf Results Summary
================================================
SUT name : LWIS_Server
Scenario : Server
Mode     : PerformanceOnly
Completed samples per second    : 1414.97
Result is : VALID
  Performance constraints satisfied : Yes
  Min duration satisfied : Yes
  Min queries satisfied : Yes
  Early stopping satisfied: Yes
Early Stopping Result:
 * Run successful.

================================================
Additional Stats
================================================
Scheduled samples per second : 1415.00
Min latency (ns)                : 3418653
Max latency (ns)                : 30685797
Mean latency (ns)               : 13909140
50.00 percentile latency (ns)   : 13672184
90.00 percentile latency (ns)   : 17227829
95.00 percentile latency (ns)   : 18268234
97.00 percentile latency (ns)   : 18950881
99.00 percentile latency (ns)   : 20322314
99.90 percentile latency (ns)   : 23575323

================================================
Test Parameters Used
================================================
samples_per_query : 1
target_qps : 1414
target_latency (ns): 100000000
max_async_queries : 0
min_duration (ms): 600000
max_duration (ms): 0
min_query_count : 100
max_query_count : 0
qsl_rng_seed : 6023615788873153749
sample_index_rng_seed : 15036839855038426416
schedule_rng_seed : 9933818062894767841
accuracy_log_rng_seed : 0
accuracy_log_probability : 0
accuracy_log_sampling_target : 0
print_timestamps : 0
performance_issue_unique : 0
performance_issue_same : 0
performance_issue_same_index : 0
performance_sample_count : 64

No warnings encountered during test.

No errors encountered during test.
Finished running actual test.
Device Device:0.GPU processed:
  3 batches of size 2
  19 batches of size 3
  63 batches of size 4
  156 batches of size 5
  363 batches of size 6
  778 batches of size 7
  51976 batches of size 8
  Memcpy Calls: 0
  PerSampleCudaMemcpy Calls: 424527
  BatchedCudaMemcpy Calls: 0
Device Device:1.GPU processed:
  1 batches of size 1
  7 batches of size 2
  16 batches of size 3
  54 batches of size 4
  143 batches of size 5
  417 batches of size 6
  726 batches of size 7
  51987 batches of size 8
  Memcpy Calls: 0
  PerSampleCudaMemcpy Calls: 424473
  BatchedCudaMemcpy Calls: 1
&&&& PASSED Default_Harness # ./build/bin/harness_default
[2025-02-13 06:56:04,768 run_harness.py:166 INFO] Result: result_scheduled_samples_per_sec: 1415, Result is VALID
 
======================== Result summaries: ========================

