client 2025-02-26 21:50:59,536 [INFO] Creating output directory '/home/arjun/MLC/repos/local/cache/get-mlperf-inference-results-dir_e3f7a2f6/valid_results/mini-tflite_cpp-cpu-tflite-vmaster-default_config/mobilenet-v2-precision_float-0.5-160/singlestream/performance/tmp_power'
client 2025-02-26 21:50:59,545 [INFO] Sending command to the server: 'mlcommons/power client v3'
client 2025-02-26 21:50:59,554 [INFO] Got response: 'mlcommons/power server v3'
client 2025-02-26 21:50:59,555 [INFO] Synchronizing with the server and with time.google.com...
client 2025-02-26 21:50:59,580 [INFO] NTP:offset = -0.011 s, delay = 0.021 s 
client 2025-02-26 21:50:59,580 [INFO] Sending command to the server: 'time'
client 2025-02-26 21:50:59,590 [INFO] Got response: '1740606659.5509014'
client 2025-02-26 21:50:59,590 [INFO] The time difference between the client and the server is within range 30.020 ms..40.044 ms
client 2025-02-26 21:50:59,591 [INFO] Sending command to the server: 'new,,5b76361f-c2b9-4ad6-bcb7-65151229e685'
client 2025-02-26 21:50:59,609 [INFO] Got response: 'OK 2025-02-26_21-50-59,71bd75c4-d476-4924-8edf-82879d9147ae'
client 2025-02-26 21:50:59,609 [INFO] Session id is '2025-02-26_21-50-59'
client 2025-02-26 21:50:59,609 [INFO] Sources: {"sources": {"__init__.py": "da39a3ee5e6b4b0d3255bfef95601890afd80709", "client.py": "33ca4f26368777ac06e01f9567b714a4b8063886", "lib/__init__.py": "da39a3ee5e6b4b0d3255bfef95601890afd80709", "lib/client.py": "ac2aa093c8e8bbc9569b9e2a3471bc64e58a2258", "lib/common.py": "611d8b29633d331eb19c9455ea3b5fa3284ed6df", "lib/external/__init__.py": "da39a3ee5e6b4b0d3255bfef95601890afd80709", "lib/external/ntplib.py": "4da8f970656505a40483206ef2b5d3dd5e81711d", "lib/server.py": "9bc9a3b6b9b716520658ac175913bcbbdb354336", "lib/source_hashes.py": "60a2e02193209e8d392803326208d5466342da18", "lib/summary.py": "602a9fedfa503e5544d27ab3b0067f235047efc3", "lib/time_sync.py": "80894ef2389e540781ff78de94db16aa4203a14e", "server.py": "c3f90f2f7eeb4db30727556d0c815ebc89b3d28b", "tests/unit/__init__.py": "da39a3ee5e6b4b0d3255bfef95601890afd80709", "tests/unit/test_server.py": "948c1995d4008bc2aa6c4046a34ffa3858d6d671", "tests/unit/test_source_hashes.py": "00468a2907583c593e6574a1f6b404e4651c221a"}, "modules": {"ptd_client_server.lib.client": "lib/client.py", "ptd_client_server.lib.common": "lib/common.py", "ptd_client_server.lib.external.ntplib": "lib/external/ntplib.py", "ptd_client_server.lib.source_hashes": "lib/source_hashes.py", "ptd_client_server.lib.summary": "lib/summary.py", "ptd_client_server.lib.time_sync": "lib/time_sync.py"}}
client 2025-02-26 21:50:59,609 [INFO] Running workload in ranging mode
client 2025-02-26 21:50:59,610 [INFO] Synchronizing with the server and with time.google.com...
client 2025-02-26 21:50:59,629 [INFO] NTP:offset = -0.012 s, delay = 0.018 s 
client 2025-02-26 21:50:59,630 [INFO] Sending command to the server: 'time'
client 2025-02-26 21:50:59,641 [INFO] Got response: '1740606659.6005764'
client 2025-02-26 21:50:59,641 [INFO] The time difference between the client and the server is within range 29.414 ms..40.577 ms
client 2025-02-26 21:50:59,641 [INFO] Sending command to the server: 'session,2025-02-26_21-50-59,start,ranging'
client 2025-02-26 21:51:24,144 [INFO] Got response: 'OK'
client 2025-02-26 21:51:24,144 [INFO] Sending command to the server: 'time'
client 2025-02-26 21:51:24,156 [INFO] Got response: '1740606684.1162183'
client 2025-02-26 21:51:24,156 [INFO] The time difference between the client and the server is within range 28.239 ms..40.358 ms
client 2025-02-26 21:51:24,156 [INFO] Running the workload ' MLC_MLPERF_RUN_COUNT=$(cat ${MLC_RUN_DIR}/count.txt); echo ${MLC_MLPERF_RUN_COUNT}; MLC_MLPERF_RUN_COUNT=$((MLC_MLPERF_RUN_COUNT+1)); echo ${MLC_MLPERF_RUN_COUNT} > ${MLC_RUN_DIR}/count.txt; if [ ${MLC_MLPERF_RUN_COUNT} -eq 1 ]; then export MLC_MLPERF_USER_CONF="${MLC_MLPERF_RANGING_USER_CONF}"; else export MLC_MLPERF_USER_CONF="${MLC_MLPERF_TESTING_USER_CONF}"; fi ; /home/arjun/MLC/repos/gateoverflow@mlperf-automations/script/run-all-mlperf-models/run.out'
client 2025-02-26 21:56:25,727 [INFO] Sending command to the server: 'time'
client 2025-02-26 21:56:25,740 [INFO] Got response: '1740606985.694578'
client 2025-02-26 21:56:25,740 [INFO] The time difference between the client and the server is within range 32.761 ms..46.226 ms
client 2025-02-26 21:56:25,740 [INFO] Sending command to the server: 'session,2025-02-26_21-50-59,stop,ranging'
client 2025-02-26 21:56:36,582 [INFO] Got response: 'OK'
client 2025-02-26 21:56:36,582 [INFO] Sending command to the server: 'time'
client 2025-02-26 21:56:36,594 [INFO] Got response: '1740606996.5479977'
client 2025-02-26 21:56:36,594 [INFO] The time difference between the client and the server is within range 34.153 ms..46.477 ms
client 2025-02-26 21:56:36,598 [INFO] Copying loadgen logs from '/home/arjun/MLC/repos/local/cache/get-mlperf-inference-results-dir_e3f7a2f6/valid_results/mini-tflite_cpp-cpu-tflite-vmaster-default_config/mobilenet-v2-precision_float-0.5-160/singlestream/performance/run_1' to '/home/arjun/MLC/repos/local/cache/get-mlperf-inference-results-dir_e3f7a2f6/valid_results/mini-tflite_cpp-cpu-tflite-vmaster-default_config/mobilenet-v2-precision_float-0.5-160/singlestream/performance/tmp_power/ranging'
client 2025-02-26 21:56:36,598 [INFO] Running workload in testing mode
client 2025-02-26 21:56:36,598 [INFO] Synchronizing with the server and with time.google.com...
client 2025-02-26 21:56:36,619 [INFO] NTP:offset = -0.011 s, delay = 0.020 s 
client 2025-02-26 21:56:36,619 [INFO] Sending command to the server: 'time'
client 2025-02-26 21:56:36,632 [INFO] Got response: '1740606996.586161'
client 2025-02-26 21:56:36,632 [INFO] The time difference between the client and the server is within range 33.776 ms..46.721 ms
client 2025-02-26 21:56:36,633 [INFO] Sending command to the server: 'session,2025-02-26_21-50-59,start,testing'
client 2025-02-26 21:56:49,893 [INFO] Got response: 'OK'
client 2025-02-26 21:56:49,893 [INFO] Sending command to the server: 'time'
client 2025-02-26 21:56:49,914 [INFO] Got response: '1740607009.8633368'
client 2025-02-26 21:56:49,914 [INFO] The time difference between the client and the server is within range 29.924 ms..51.200 ms
client 2025-02-26 21:56:49,914 [INFO] Running the workload ' MLC_MLPERF_RUN_COUNT=$(cat ${MLC_RUN_DIR}/count.txt); echo ${MLC_MLPERF_RUN_COUNT}; MLC_MLPERF_RUN_COUNT=$((MLC_MLPERF_RUN_COUNT+1)); echo ${MLC_MLPERF_RUN_COUNT} > ${MLC_RUN_DIR}/count.txt; if [ ${MLC_MLPERF_RUN_COUNT} -eq 1 ]; then export MLC_MLPERF_USER_CONF="${MLC_MLPERF_RANGING_USER_CONF}"; else export MLC_MLPERF_USER_CONF="${MLC_MLPERF_TESTING_USER_CONF}"; fi ; /home/arjun/MLC/repos/gateoverflow@mlperf-automations/script/run-all-mlperf-models/run.out'
client 2025-02-26 22:06:51,953 [INFO] Sending command to the server: 'time'
client 2025-02-26 22:06:51,968 [INFO] Got response: '1740607611.9026372'
client 2025-02-26 22:06:51,968 [INFO] The time difference between the client and the server is within range 51.335 ms..65.639 ms
client 2025-02-26 22:06:51,968 [INFO] Sending command to the server: 'session,2025-02-26_21-50-59,stop,testing'
client 2025-02-26 22:07:03,398 [INFO] Got response: 'OK'
client 2025-02-26 22:07:03,398 [INFO] Sending command to the server: 'time'
client 2025-02-26 22:07:03,413 [INFO] Got response: '1740607623.3463795'
client 2025-02-26 22:07:03,414 [INFO] The time difference between the client and the server is within range 52.388 ms..67.747 ms
client 2025-02-26 22:07:03,415 [INFO] Copying loadgen logs from '/home/arjun/MLC/repos/local/cache/get-mlperf-inference-results-dir_e3f7a2f6/valid_results/mini-tflite_cpp-cpu-tflite-vmaster-default_config/mobilenet-v2-precision_float-0.5-160/singlestream/performance/run_1' to '/home/arjun/MLC/repos/local/cache/get-mlperf-inference-results-dir_e3f7a2f6/valid_results/mini-tflite_cpp-cpu-tflite-vmaster-default_config/mobilenet-v2-precision_float-0.5-160/singlestream/performance/tmp_power/run_1'
client 2025-02-26 22:07:03,415 [INFO] Done runs
