client 2025-02-27 02:22:51,056 [INFO] Creating output directory '/home/arjun/MLC/repos/local/cache/get-mlperf-inference-results-dir_e3f7a2f6/valid_results/mini-tflite_cpp-cpu-tflite-vmaster-default_config/efficientnet-fp32-lite4/singlestream/performance/tmp_power'
client 2025-02-27 02:22:51,065 [INFO] Sending command to the server: 'mlcommons/power client v3'
client 2025-02-27 02:22:51,076 [INFO] Got response: 'mlcommons/power server v3'
client 2025-02-27 02:22:51,076 [INFO] Synchronizing with the server and with time.google.com...
client 2025-02-27 02:22:51,098 [INFO] NTP:offset = -0.004 s, delay = 0.018 s 
client 2025-02-27 02:22:51,099 [INFO] Sending command to the server: 'time'
client 2025-02-27 02:22:51,110 [INFO] Got response: '1740622970.9899466'
client 2025-02-27 02:22:51,110 [INFO] The time difference between the client and the server is within range 109.198 ms..120.525 ms
client 2025-02-27 02:22:51,110 [INFO] Sending command to the server: 'new,,1feba053-36ca-4042-8ef6-93bc3ab59933'
client 2025-02-27 02:22:51,125 [INFO] Got response: 'OK 2025-02-27_02-22-51,ddc590e5-4a29-4086-aa0a-21e4b276a3a9'
client 2025-02-27 02:22:51,125 [INFO] Session id is '2025-02-27_02-22-51'
client 2025-02-27 02:22:51,125 [INFO] Sources: {"sources": {"__init__.py": "da39a3ee5e6b4b0d3255bfef95601890afd80709", "client.py": "33ca4f26368777ac06e01f9567b714a4b8063886", "lib/__init__.py": "da39a3ee5e6b4b0d3255bfef95601890afd80709", "lib/client.py": "ac2aa093c8e8bbc9569b9e2a3471bc64e58a2258", "lib/common.py": "611d8b29633d331eb19c9455ea3b5fa3284ed6df", "lib/external/__init__.py": "da39a3ee5e6b4b0d3255bfef95601890afd80709", "lib/external/ntplib.py": "4da8f970656505a40483206ef2b5d3dd5e81711d", "lib/server.py": "9bc9a3b6b9b716520658ac175913bcbbdb354336", "lib/source_hashes.py": "60a2e02193209e8d392803326208d5466342da18", "lib/summary.py": "602a9fedfa503e5544d27ab3b0067f235047efc3", "lib/time_sync.py": "80894ef2389e540781ff78de94db16aa4203a14e", "server.py": "c3f90f2f7eeb4db30727556d0c815ebc89b3d28b", "tests/unit/__init__.py": "da39a3ee5e6b4b0d3255bfef95601890afd80709", "tests/unit/test_server.py": "948c1995d4008bc2aa6c4046a34ffa3858d6d671", "tests/unit/test_source_hashes.py": "00468a2907583c593e6574a1f6b404e4651c221a"}, "modules": {"ptd_client_server.lib.client": "lib/client.py", "ptd_client_server.lib.common": "lib/common.py", "ptd_client_server.lib.external.ntplib": "lib/external/ntplib.py", "ptd_client_server.lib.source_hashes": "lib/source_hashes.py", "ptd_client_server.lib.summary": "lib/summary.py", "ptd_client_server.lib.time_sync": "lib/time_sync.py"}}
client 2025-02-27 02:22:51,126 [INFO] Running workload in ranging mode
client 2025-02-27 02:22:51,126 [INFO] Synchronizing with the server and with time.google.com...
client 2025-02-27 02:22:51,148 [INFO] NTP:offset = -0.005 s, delay = 0.021 s 
client 2025-02-27 02:22:51,148 [INFO] Sending command to the server: 'time'
client 2025-02-27 02:22:51,161 [INFO] Got response: '1740622971.0397184'
client 2025-02-27 02:22:51,161 [INFO] The time difference between the client and the server is within range 109.220 ms..121.452 ms
client 2025-02-27 02:22:51,161 [INFO] Sending command to the server: 'session,2025-02-27_02-22-51,start,ranging'
client 2025-02-27 02:23:16,903 [INFO] Got response: 'OK'
client 2025-02-27 02:23:16,904 [INFO] Sending command to the server: 'time'
client 2025-02-27 02:23:16,915 [INFO] Got response: '1740622996.794506'
client 2025-02-27 02:23:16,915 [INFO] The time difference between the client and the server is within range 109.599 ms..121.353 ms
client 2025-02-27 02:23:16,915 [INFO] Running the workload ' MLC_MLPERF_RUN_COUNT=$(cat ${MLC_RUN_DIR}/count.txt); echo ${MLC_MLPERF_RUN_COUNT}; MLC_MLPERF_RUN_COUNT=$((MLC_MLPERF_RUN_COUNT+1)); echo ${MLC_MLPERF_RUN_COUNT} > ${MLC_RUN_DIR}/count.txt; if [ ${MLC_MLPERF_RUN_COUNT} -eq 1 ]; then export MLC_MLPERF_USER_CONF="${MLC_MLPERF_RANGING_USER_CONF}"; else export MLC_MLPERF_USER_CONF="${MLC_MLPERF_TESTING_USER_CONF}"; fi ; /home/arjun/MLC/repos/gateoverflow@mlperf-automations/script/run-all-mlperf-models/run.out'
client 2025-02-27 02:28:42,697 [INFO] Sending command to the server: 'time'
client 2025-02-27 02:28:42,715 [INFO] Got response: '1740623322.5896528'
client 2025-02-27 02:28:42,715 [INFO] The time difference between the client and the server is within range 107.491 ms..125.619 ms
client 2025-02-27 02:28:42,715 [INFO] Sending command to the server: 'session,2025-02-27_02-22-51,stop,ranging'
client 2025-02-27 02:28:53,185 [INFO] Got response: 'OK'
client 2025-02-27 02:28:53,185 [INFO] Sending command to the server: 'time'
client 2025-02-27 02:28:53,199 [INFO] Got response: '1740623333.0744193'
client 2025-02-27 02:28:53,199 [INFO] The time difference between the client and the server is within range 111.562 ms..125.406 ms
client 2025-02-27 02:28:53,203 [INFO] Copying loadgen logs from '/home/arjun/MLC/repos/local/cache/get-mlperf-inference-results-dir_e3f7a2f6/valid_results/mini-tflite_cpp-cpu-tflite-vmaster-default_config/efficientnet-fp32-lite4/singlestream/performance/run_1' to '/home/arjun/MLC/repos/local/cache/get-mlperf-inference-results-dir_e3f7a2f6/valid_results/mini-tflite_cpp-cpu-tflite-vmaster-default_config/efficientnet-fp32-lite4/singlestream/performance/tmp_power/ranging'
client 2025-02-27 02:28:53,204 [INFO] Running workload in testing mode
client 2025-02-27 02:28:53,204 [INFO] Synchronizing with the server and with time.google.com...
client 2025-02-27 02:28:53,225 [INFO] NTP:offset = -0.005 s, delay = 0.020 s 
client 2025-02-27 02:28:53,225 [INFO] Sending command to the server: 'time'
client 2025-02-27 02:28:53,238 [INFO] Got response: '1740623333.1132684'
client 2025-02-27 02:28:53,238 [INFO] The time difference between the client and the server is within range 112.616 ms..124.943 ms
client 2025-02-27 02:28:53,238 [INFO] Sending command to the server: 'session,2025-02-27_02-22-51,start,testing'
client 2025-02-27 02:29:06,499 [INFO] Got response: 'OK'
client 2025-02-27 02:29:06,499 [INFO] Sending command to the server: 'time'
client 2025-02-27 02:29:06,513 [INFO] Got response: '1740623346.3872337'
client 2025-02-27 02:29:06,513 [INFO] The time difference between the client and the server is within range 112.630 ms..126.456 ms
client 2025-02-27 02:29:06,513 [INFO] Running the workload ' MLC_MLPERF_RUN_COUNT=$(cat ${MLC_RUN_DIR}/count.txt); echo ${MLC_MLPERF_RUN_COUNT}; MLC_MLPERF_RUN_COUNT=$((MLC_MLPERF_RUN_COUNT+1)); echo ${MLC_MLPERF_RUN_COUNT} > ${MLC_RUN_DIR}/count.txt; if [ ${MLC_MLPERF_RUN_COUNT} -eq 1 ]; then export MLC_MLPERF_USER_CONF="${MLC_MLPERF_RANGING_USER_CONF}"; else export MLC_MLPERF_USER_CONF="${MLC_MLPERF_TESTING_USER_CONF}"; fi ; /home/arjun/MLC/repos/gateoverflow@mlperf-automations/script/run-all-mlperf-models/run.out'
client 2025-02-27 02:39:07,340 [INFO] Sending command to the server: 'time'
client 2025-02-27 02:39:07,356 [INFO] Got response: '1740623947.2236319'
client 2025-02-27 02:39:07,356 [INFO] The time difference between the client and the server is within range 116.740 ms..132.938 ms
client 2025-02-27 02:39:07,356 [INFO] Sending command to the server: 'session,2025-02-27_02-22-51,stop,testing'
client 2025-02-27 02:39:18,646 [INFO] Got response: 'OK'
client 2025-02-27 02:39:18,647 [INFO] Sending command to the server: 'time'
client 2025-02-27 02:39:18,657 [INFO] Got response: '1740623958.5257404'
client 2025-02-27 02:39:18,657 [INFO] The time difference between the client and the server is within range 121.318 ms..132.148 ms
client 2025-02-27 02:39:18,658 [INFO] Copying loadgen logs from '/home/arjun/MLC/repos/local/cache/get-mlperf-inference-results-dir_e3f7a2f6/valid_results/mini-tflite_cpp-cpu-tflite-vmaster-default_config/efficientnet-fp32-lite4/singlestream/performance/run_1' to '/home/arjun/MLC/repos/local/cache/get-mlperf-inference-results-dir_e3f7a2f6/valid_results/mini-tflite_cpp-cpu-tflite-vmaster-default_config/efficientnet-fp32-lite4/singlestream/performance/tmp_power/run_1'
client 2025-02-27 02:39:18,659 [INFO] Done runs
