client 2025-02-27 10:56:20,270 [INFO] Creating output directory '/home/arjun/MLC/repos/local/cache/get-mlperf-inference-results-dir_e3f7a2f6/valid_results/mini-tflite_cpp-cpu-tflite-vmaster-default_config/mobilenet-v2-precision_uint8-0.75-128/singlestream/performance/tmp_power'
client 2025-02-27 10:56:20,335 [INFO] Sending command to the server: 'mlcommons/power client v3'
client 2025-02-27 10:56:20,348 [INFO] Got response: 'mlcommons/power server v3'
client 2025-02-27 10:56:20,349 [INFO] Synchronizing with the server and with time.google.com...
client 2025-02-27 10:56:20,381 [INFO] NTP:offset = -0.002 s, delay = 0.021 s 
client 2025-02-27 10:56:20,381 [INFO] Sending command to the server: 'time'
client 2025-02-27 10:56:20,398 [INFO] Got response: '1740653780.2859597'
client 2025-02-27 10:56:20,398 [INFO] The time difference between the client and the server is within range 95.941 ms..112.876 ms
client 2025-02-27 10:56:20,398 [INFO] Sending command to the server: 'new,,bdb7d1a1-18cf-42f5-8181-b226db6005ba'
client 2025-02-27 10:56:20,416 [INFO] Got response: 'OK 2025-02-27_10-56-20,6b107938-7e67-40ee-a09b-15ea50dbf780'
client 2025-02-27 10:56:20,417 [INFO] Session id is '2025-02-27_10-56-20'
client 2025-02-27 10:56:20,417 [INFO] Sources: {"sources": {"__init__.py": "da39a3ee5e6b4b0d3255bfef95601890afd80709", "client.py": "33ca4f26368777ac06e01f9567b714a4b8063886", "lib/__init__.py": "da39a3ee5e6b4b0d3255bfef95601890afd80709", "lib/client.py": "ac2aa093c8e8bbc9569b9e2a3471bc64e58a2258", "lib/common.py": "611d8b29633d331eb19c9455ea3b5fa3284ed6df", "lib/external/__init__.py": "da39a3ee5e6b4b0d3255bfef95601890afd80709", "lib/external/ntplib.py": "4da8f970656505a40483206ef2b5d3dd5e81711d", "lib/server.py": "9bc9a3b6b9b716520658ac175913bcbbdb354336", "lib/source_hashes.py": "60a2e02193209e8d392803326208d5466342da18", "lib/summary.py": "602a9fedfa503e5544d27ab3b0067f235047efc3", "lib/time_sync.py": "80894ef2389e540781ff78de94db16aa4203a14e", "server.py": "c3f90f2f7eeb4db30727556d0c815ebc89b3d28b", "tests/unit/__init__.py": "da39a3ee5e6b4b0d3255bfef95601890afd80709", "tests/unit/test_server.py": "948c1995d4008bc2aa6c4046a34ffa3858d6d671", "tests/unit/test_source_hashes.py": "00468a2907583c593e6574a1f6b404e4651c221a"}, "modules": {"ptd_client_server.lib.client": "lib/client.py", "ptd_client_server.lib.common": "lib/common.py", "ptd_client_server.lib.external.ntplib": "lib/external/ntplib.py", "ptd_client_server.lib.source_hashes": "lib/source_hashes.py", "ptd_client_server.lib.summary": "lib/summary.py", "ptd_client_server.lib.time_sync": "lib/time_sync.py"}}
client 2025-02-27 10:56:20,417 [INFO] Running workload in ranging mode
client 2025-02-27 10:56:20,417 [INFO] Synchronizing with the server and with time.google.com...
client 2025-02-27 10:56:20,437 [INFO] NTP:offset = -0.003 s, delay = 0.019 s 
client 2025-02-27 10:56:20,437 [INFO] Sending command to the server: 'time'
client 2025-02-27 10:56:20,450 [INFO] Got response: '1740653780.3424873'
client 2025-02-27 10:56:20,450 [INFO] The time difference between the client and the server is within range 95.462 ms..108.206 ms
client 2025-02-27 10:56:20,450 [INFO] Sending command to the server: 'session,2025-02-27_10-56-20,start,ranging'
client 2025-02-27 10:56:45,272 [INFO] Got response: 'OK'
client 2025-02-27 10:56:45,272 [INFO] Sending command to the server: 'time'
client 2025-02-27 10:56:45,286 [INFO] Got response: '1740653805.1767223'
client 2025-02-27 10:56:45,286 [INFO] The time difference between the client and the server is within range 96.032 ms..110.172 ms
client 2025-02-27 10:56:45,287 [INFO] Running the workload ' MLC_MLPERF_RUN_COUNT=$(cat ${MLC_RUN_DIR}/count.txt); echo ${MLC_MLPERF_RUN_COUNT}; MLC_MLPERF_RUN_COUNT=$((MLC_MLPERF_RUN_COUNT+1)); echo ${MLC_MLPERF_RUN_COUNT} > ${MLC_RUN_DIR}/count.txt; if [ ${MLC_MLPERF_RUN_COUNT} -eq 1 ]; then export MLC_MLPERF_USER_CONF="${MLC_MLPERF_RANGING_USER_CONF}"; else export MLC_MLPERF_USER_CONF="${MLC_MLPERF_TESTING_USER_CONF}"; fi ; /home/arjun/MLC/repos/gateoverflow@mlperf-automations/script/run-all-mlperf-models/run.out'
client 2025-02-27 11:01:45,957 [INFO] Sending command to the server: 'time'
client 2025-02-27 11:01:45,978 [INFO] Got response: '1740654105.866359'
client 2025-02-27 11:01:45,978 [INFO] The time difference between the client and the server is within range 90.905 ms..112.360 ms
client 2025-02-27 11:01:45,978 [INFO] Sending command to the server: 'session,2025-02-27_10-56-20,stop,ranging'
client 2025-02-27 11:01:56,672 [INFO] Got response: 'OK'
client 2025-02-27 11:01:56,673 [INFO] Sending command to the server: 'time'
client 2025-02-27 11:01:56,684 [INFO] Got response: '1740654116.5782626'
client 2025-02-27 11:01:56,684 [INFO] The time difference between the client and the server is within range 94.813 ms..106.304 ms
client 2025-02-27 11:01:56,688 [INFO] Copying loadgen logs from '/home/arjun/MLC/repos/local/cache/get-mlperf-inference-results-dir_e3f7a2f6/valid_results/mini-tflite_cpp-cpu-tflite-vmaster-default_config/mobilenet-v2-precision_uint8-0.75-128/singlestream/performance/run_1' to '/home/arjun/MLC/repos/local/cache/get-mlperf-inference-results-dir_e3f7a2f6/valid_results/mini-tflite_cpp-cpu-tflite-vmaster-default_config/mobilenet-v2-precision_uint8-0.75-128/singlestream/performance/tmp_power/ranging'
client 2025-02-27 11:01:56,689 [INFO] Running workload in testing mode
client 2025-02-27 11:01:56,689 [INFO] Synchronizing with the server and with time.google.com...
client 2025-02-27 11:01:56,708 [INFO] NTP:offset = -0.003 s, delay = 0.018 s 
client 2025-02-27 11:01:56,708 [INFO] Sending command to the server: 'time'
client 2025-02-27 11:01:56,718 [INFO] Got response: '1740654116.6140182'
client 2025-02-27 11:01:56,719 [INFO] The time difference between the client and the server is within range 94.679 ms..105.056 ms
client 2025-02-27 11:01:56,719 [INFO] Sending command to the server: 'session,2025-02-27_10-56-20,start,testing'
client 2025-02-27 11:02:09,985 [INFO] Got response: 'OK'
client 2025-02-27 11:02:09,985 [INFO] Sending command to the server: 'time'
client 2025-02-27 11:02:09,999 [INFO] Got response: '1740654129.891804'
client 2025-02-27 11:02:09,999 [INFO] The time difference between the client and the server is within range 93.617 ms..107.650 ms
client 2025-02-27 11:02:09,999 [INFO] Running the workload ' MLC_MLPERF_RUN_COUNT=$(cat ${MLC_RUN_DIR}/count.txt); echo ${MLC_MLPERF_RUN_COUNT}; MLC_MLPERF_RUN_COUNT=$((MLC_MLPERF_RUN_COUNT+1)); echo ${MLC_MLPERF_RUN_COUNT} > ${MLC_RUN_DIR}/count.txt; if [ ${MLC_MLPERF_RUN_COUNT} -eq 1 ]; then export MLC_MLPERF_USER_CONF="${MLC_MLPERF_RANGING_USER_CONF}"; else export MLC_MLPERF_USER_CONF="${MLC_MLPERF_TESTING_USER_CONF}"; fi ; /home/arjun/MLC/repos/gateoverflow@mlperf-automations/script/run-all-mlperf-models/run.out'
client 2025-02-27 11:12:10,983 [INFO] Sending command to the server: 'time'
client 2025-02-27 11:12:11,045 [INFO] Got response: '1740654730.9375868'
client 2025-02-27 11:12:11,045 [INFO] The time difference between the client and the server is within range 46.103 ms..107.981 ms
client 2025-02-27 11:12:11,045 [INFO] Sending command to the server: 'session,2025-02-27_10-56-20,stop,testing'
client 2025-02-27 11:12:22,546 [INFO] Got response: 'OK'
client 2025-02-27 11:12:22,546 [INFO] Sending command to the server: 'time'
client 2025-02-27 11:12:22,559 [INFO] Got response: '1740654742.4540977'
client 2025-02-27 11:12:22,559 [INFO] The time difference between the client and the server is within range 92.238 ms..105.469 ms
client 2025-02-27 11:12:22,560 [INFO] Copying loadgen logs from '/home/arjun/MLC/repos/local/cache/get-mlperf-inference-results-dir_e3f7a2f6/valid_results/mini-tflite_cpp-cpu-tflite-vmaster-default_config/mobilenet-v2-precision_uint8-0.75-128/singlestream/performance/run_1' to '/home/arjun/MLC/repos/local/cache/get-mlperf-inference-results-dir_e3f7a2f6/valid_results/mini-tflite_cpp-cpu-tflite-vmaster-default_config/mobilenet-v2-precision_uint8-0.75-128/singlestream/performance/tmp_power/run_1'
client 2025-02-27 11:12:22,561 [INFO] Done runs
